{1} setUpClass (tempest.api.compute.volumes.test_attach_volume.AttachVolumeMultiAttachTest) ... SKIPPED: Neutron is not available
{0} tempest.api.volume.admin.test_backends_capabilities.BackendsCapabilitiesAdminTestsJSON.test_compare_volume_stats_values [0.083647s] ... ok
{0} tempest.api.volume.admin.test_backends_capabilities.BackendsCapabilitiesAdminTestsJSON.test_get_capabilities_backend [0.055468s] ... ok
{2} tempest.api.compute.volumes.test_volumes_get.VolumesGetTestJSON.test_volume_create_get_delete [2.957196s] ... ok
{1} tempest.api.compute.volumes.test_volume_snapshots.VolumesSnapshotsTestJSON.test_volume_snapshot_create_get_list_delete [6.925142s] ... ok
{2} tempest.api.compute.volumes.test_volumes_negative.VolumesNegativeTest.test_create_volume_with_invalid_size [0.130121s] ... ok
{2} tempest.api.compute.volumes.test_volumes_negative.VolumesNegativeTest.test_create_volume_with_size_zero [0.014798s] ... ok
{2} tempest.api.compute.volumes.test_volumes_negative.VolumesNegativeTest.test_create_volume_without_passing_size [0.013551s] ... ok
{2} tempest.api.compute.volumes.test_volumes_negative.VolumesNegativeTest.test_delete_invalid_volume_id [0.045274s] ... ok
{2} tempest.api.compute.volumes.test_volumes_negative.VolumesNegativeTest.test_delete_volume_without_passing_volume_id [0.010737s] ... ok
{2} tempest.api.compute.volumes.test_volumes_negative.VolumesNegativeTest.test_get_volume_without_passing_volume_id [0.011002s] ... ok
{2} tempest.api.compute.volumes.test_volumes_negative.VolumesNegativeTest.test_volume_delete_nonexistent_volume_id [0.046286s] ... ok
{2} tempest.api.compute.volumes.test_volumes_negative.VolumesNegativeTest.test_volume_get_nonexistent_volume_id [0.045677s] ... ok
{2} setUpClass (tempest.api.volume.admin.test_encrypted_volumes_extend.EncryptedVolumesExtendAttachedTest) ... SKIPPED: EncryptedVolumesExtendAttachedTest skipped as Neutron is not available
{2} tempest.api.volume.admin.test_qos.QosSpecsTestJSON.test_associate_disassociate_qos [0.801376s] ... ok
{2} tempest.api.volume.admin.test_qos.QosSpecsTestJSON.test_create_delete_qos_with_back_end_consumer [0.186489s] ... ok
{2} tempest.api.volume.admin.test_qos.QosSpecsTestJSON.test_create_delete_qos_with_both_consumer [0.180919s] ... ok
{2} tempest.api.volume.admin.test_qos.QosSpecsTestJSON.test_create_delete_qos_with_front_end_consumer [0.175935s] ... ok
{2} tempest.api.volume.admin.test_qos.QosSpecsTestJSON.test_get_qos [0.027755s] ... ok
{2} tempest.api.volume.admin.test_qos.QosSpecsTestJSON.test_list_qos [0.027392s] ... ok
{2} tempest.api.volume.admin.test_qos.QosSpecsTestJSON.test_set_unset_qos_key [0.193138s] ... ok
{1} tempest.api.compute.volumes.test_volumes_list.VolumesTestJSON.test_volume_list [0.072571s] ... ok
{1} tempest.api.compute.volumes.test_volumes_list.VolumesTestJSON.test_volume_list_param_limit [0.073964s] ... ok
{1} tempest.api.compute.volumes.test_volumes_list.VolumesTestJSON.test_volume_list_param_offset_and_limit [0.152170s] ... ok
{1} tempest.api.compute.volumes.test_volumes_list.VolumesTestJSON.test_volume_list_with_detail_param_limit [0.073525s] ... ok
{1} tempest.api.compute.volumes.test_volumes_list.VolumesTestJSON.test_volume_list_with_detail_param_offset_and_limit [0.145874s] ... ok
{1} tempest.api.compute.volumes.test_volumes_list.VolumesTestJSON.test_volume_list_with_details [0.069311s] ... ok
{0} tempest.api.volume.admin.test_group_snapshots.GroupSnapshotsTest.test_create_group_from_group_snapshot [12.597073s] ... ok
{2} tempest.api.volume.admin.test_snapshots_actions.SnapshotsActionsTest.test_reset_snapshot_status [0.420647s] ... ok
{1} tempest.api.volume.admin.test_group_type_specs.GroupTypeSpecsTest.test_group_type_specs_create_show_update_list_delete [0.665771s] ... ok
{2} tempest.api.volume.admin.test_snapshots_actions.SnapshotsActionsTest.test_snapshot_force_delete_when_snapshot_is_creating [3.641846s] ... ok
{1} tempest.api.volume.admin.test_group_types.GroupTypesTest.test_group_type_create_list_update_show_delete [0.358913s] ... ok
{2} tempest.api.volume.admin.test_snapshots_actions.SnapshotsActionsTest.test_snapshot_force_delete_when_snapshot_is_deleting [3.627188s] ... ok
{1} tempest.api.volume.admin.test_group_types.GroupTypesTest.test_group_type_list_by_optional_params [0.310246s] ... ok
{2} tempest.api.volume.admin.test_snapshots_actions.SnapshotsActionsTest.test_snapshot_force_delete_when_snapshot_is_error [3.592102s] ... ok
{0} tempest.api.volume.admin.test_group_snapshots.GroupSnapshotsTest.test_delete_group_snapshots_following_updated_volumes [17.599991s] ... ok
{2} tempest.api.volume.admin.test_snapshots_actions.SnapshotsActionsTest.test_snapshot_force_delete_when_snapshot_is_error_deleting [2.526353s] ... ok
{2} tempest.api.volume.admin.test_snapshots_actions.SnapshotsActionsTest.test_update_snapshot_status [0.274711s] ... ok
{0} tempest.api.volume.admin.test_group_snapshots.GroupSnapshotsTest.test_group_snapshot_create_show_list_delete [9.039177s] ... ok
{1} tempest.api.volume.admin.test_groups.GroupsTest.test_group_create_show_list_delete [8.530388s] ... ok
{2} tempest.api.volume.admin.test_volume_quotas_negative.VolumeQuotasNegativeTestJSON.test_quota_volume_gigabytes [0.440118s] ... ok
{2} tempest.api.volume.admin.test_volume_quotas_negative.VolumeQuotasNegativeTestJSON.test_quota_volumes [0.461780s] ... ok
{2} tempest.api.volume.admin.test_volume_quotas_negative.VolumeQuotasNegativeTestJSON.test_volume_extend_gigabytes_quota_deviation [0.669511s] ... ok
{2} setUpClass (tempest.api.volume.admin.test_volume_retype.VolumeRetypeWithMigrationTest) ... SKIPPED: Cinder multi-backend feature disabled
{1} tempest.api.volume.admin.test_groups.GroupsTest.test_group_update [10.553434s] ... ok
{2} tempest.api.volume.admin.test_volume_services.VolumesServicesTestJSON.test_get_service_by_host_name [0.030062s] ... ok
{2} tempest.api.volume.admin.test_volume_services.VolumesServicesTestJSON.test_get_service_by_service_and_host_name [0.030351s] ... ok
{2} tempest.api.volume.admin.test_volume_services.VolumesServicesTestJSON.test_get_service_by_service_binary_name [0.027179s] ... ok
{0} tempest.api.volume.admin.test_group_snapshots.GroupSnapshotsV319Test.test_reset_group_snapshot_status [9.721108s] ... ok
{2} tempest.api.volume.admin.test_volume_services.VolumesServicesTestJSON.test_get_service_by_volume_host_name [2.933739s] ... ok
{2} tempest.api.volume.admin.test_volume_services.VolumesServicesTestJSON.test_list_services [0.027892s] ... ok
{0} tempest.api.volume.admin.test_groups.GroupsV320Test.test_reset_group_status [3.489480s] ... ok
{2} tempest.api.volume.admin.test_volume_snapshot_quotas_negative.VolumeSnapshotQuotasNegativeTestJSON.test_quota_volume_gigabytes_snapshots [0.516951s] ... ok
{2} tempest.api.volume.admin.test_volume_snapshot_quotas_negative.VolumeSnapshotQuotasNegativeTestJSON.test_quota_volume_snapshots [0.105454s] ... ok
{1} tempest.api.volume.admin.test_groups.GroupsV314Test.test_create_group_from_group [11.002657s] ... ok
{1} setUpClass (tempest.api.volume.admin.test_multi_backend.VolumeMultiBackendTest) ... SKIPPED: Cinder multi-backend feature disabled
{1} setUpClass (tempest.api.volume.admin.test_snapshot_manage.SnapshotManageAdminTest) ... SKIPPED: SnapshotManageAdminTest skipped as Neutron is not available
{0} tempest.api.volume.admin.test_user_messages.UserMessagesTest.test_delete_message [2.248316s] ... ok
{1} tempest.api.volume.admin.test_volume_pools.VolumePoolsAdminTestsJSON.test_get_pools_without_details [0.300803s] ... ok
{0} tempest.api.volume.admin.test_user_messages.UserMessagesTest.test_list_show_messages [1.909877s] ... ok
{2} tempest.api.volume.admin.test_volume_types_extra_specs_negative.ExtraSpecsNegativeTest.test_create_invalid_body [0.016369s] ... ok
{2} tempest.api.volume.admin.test_volume_types_extra_specs_negative.ExtraSpecsNegativeTest.test_create_none_body [0.019100s] ... ok
{2} tempest.api.volume.admin.test_volume_types_extra_specs_negative.ExtraSpecsNegativeTest.test_create_nonexistent_type_id [0.041277s] ... ok
{2} tempest.api.volume.admin.test_volume_types_extra_specs_negative.ExtraSpecsNegativeTest.test_delete_nonexistent_volume_type_id [0.023663s] ... ok
{2} tempest.api.volume.admin.test_volume_types_extra_specs_negative.ExtraSpecsNegativeTest.test_get_nonexistent_extra_spec_name [0.054242s] ... ok
{2} tempest.api.volume.admin.test_volume_types_extra_specs_negative.ExtraSpecsNegativeTest.test_get_nonexistent_volume_type_id [0.025445s] ... ok
{2} tempest.api.volume.admin.test_volume_types_extra_specs_negative.ExtraSpecsNegativeTest.test_list_nonexistent_volume_type_id [0.022606s] ... ok
{2} tempest.api.volume.admin.test_volume_types_extra_specs_negative.ExtraSpecsNegativeTest.test_update_multiple_extra_spec [0.018369s] ... ok
{2} tempest.api.volume.admin.test_volume_types_extra_specs_negative.ExtraSpecsNegativeTest.test_update_no_body [0.017753s] ... ok
{2} tempest.api.volume.admin.test_volume_types_extra_specs_negative.ExtraSpecsNegativeTest.test_update_none_extra_spec_id [0.048018s] ... ok
{2} tempest.api.volume.admin.test_volume_types_extra_specs_negative.ExtraSpecsNegativeTest.test_update_nonexistent_extra_spec_id [0.038544s] ... ok
{2} tempest.api.volume.admin.test_volume_types_extra_specs_negative.ExtraSpecsNegativeTest.test_update_nonexistent_type_id [0.041376s] ... ok
{1} tempest.api.volume.admin.test_volume_quota_classes.VolumeQuotaClassesTest.test_show_default_quota [0.346494s] ... ok
{0} tempest.api.volume.admin.test_volume_hosts.VolumeHostsAdminTestsJSON.test_list_hosts [0.081172s] ... ok
{0} tempest.api.volume.admin.test_volume_hosts.VolumeHostsAdminTestsJSON.test_show_host [0.107039s] ... ok
{0} setUpClass (tempest.api.volume.admin.test_volume_manage.VolumeManageAdminTest) ... SKIPPED: Manage volume tests are disabled
{2} tempest.api.volume.test_availability_zone.AvailabilityZoneTestJSON.test_get_availability_zone_list [0.180455s] ... ok
{1} tempest.api.volume.admin.test_volume_quota_classes.VolumeQuotaClassesTest.test_update_default_quota [1.587487s] ... ok
{1} tempest.api.volume.admin.test_volume_quotas.VolumeQuotasAdminTestJSON.test_delete_quota [0.781826s] ... ok
{1} tempest.api.volume.admin.test_volume_quotas.VolumeQuotasAdminTestJSON.test_list_default_quotas [0.123020s] ... ok
{1} tempest.api.volume.admin.test_volume_quotas.VolumeQuotasAdminTestJSON.test_list_quotas [0.141716s] ... ok
{0} tempest.api.volume.admin.test_volume_retype.VolumeRetypeWithoutMigrationTest.test_available_volume_retype [5.510379s] ... ok
{2} tempest.api.volume.test_volume_delete_cascade.VolumesDeleteCascade.test_volume_delete_cascade [7.724551s] ... ok
{1} tempest.api.volume.admin.test_volume_quotas.VolumeQuotasAdminTestJSON.test_quota_usage [3.394104s] ... ok
{1} tempest.api.volume.admin.test_volume_quotas.VolumeQuotasAdminTestJSON.test_quota_usage_after_volume_transfer [4.253622s] ... ok
{1} tempest.api.volume.admin.test_volume_quotas.VolumeQuotasAdminTestJSON.test_show_quota_usage [0.150761s] ... ok
{1} tempest.api.volume.admin.test_volume_quotas.VolumeQuotasAdminTestJSON.test_update_all_quota_resources_for_tenant [0.552048s] ... ok
{0} tempest.api.volume.admin.test_volume_type_access.VolumeTypesAccessTest.test_volume_type_access_list [0.518309s] ... ok
{2} tempest.api.volume.test_volume_delete_cascade.VolumesDeleteCascade.test_volume_from_snapshot_cascade_delete [8.935199s] ... ok
{1} tempest.api.volume.admin.test_volume_services_negative.VolumeServicesNegativeTest.test_disable_log_reason_with_no_reason [0.018162s] ... ok
{1} tempest.api.volume.admin.test_volume_services_negative.VolumeServicesNegativeTest.test_disable_service_with_invalid_binary [0.020616s] ... ok
{1} tempest.api.volume.admin.test_volume_services_negative.VolumeServicesNegativeTest.test_enable_service_with_invalid_host [0.029175s] ... ok
{1} tempest.api.volume.admin.test_volume_services_negative.VolumeServicesNegativeTest.test_freeze_host_with_invalid_host [0.029090s] ... ok
{1} tempest.api.volume.admin.test_volume_services_negative.VolumeServicesNegativeTest.test_thaw_host_with_invalid_host [0.022543s] ... ok
{0} tempest.api.volume.admin.test_volume_types.VolumeTypesTest.test_volume_type_create_get_delete [0.312713s] ... ok
{0} tempest.api.volume.admin.test_volume_types.VolumeTypesTest.test_volume_type_encryption_create_get_update_delete [0.404434s] ... ok
{0} tempest.api.volume.admin.test_volume_types.VolumeTypesTest.test_volume_type_list [0.032842s] ... ok
{0} tempest.api.volume.admin.test_volume_types.VolumeTypesTest.test_volume_type_update [0.365196s] ... ok
{0} setUpClass (tempest.api.volume.admin.test_volumes_actions.VolumesActionsTest) ... SKIPPED: VolumesActionsTest skipped as Neutron is not available
{2} tempest.api.volume.test_volume_metadata.VolumesMetadataTest.test_crud_volume_metadata [0.294614s] ... ok
{2} tempest.api.volume.test_volume_metadata.VolumesMetadataTest.test_update_show_volume_metadata_item [0.224490s] ... ok
{1} tempest.api.volume.admin.test_volume_types_extra_specs.VolumeTypesExtraSpecsTest.test_volume_type_extra_spec_create_get_delete [0.146967s] ... ok
{1} tempest.api.volume.admin.test_volume_types_extra_specs.VolumeTypesExtraSpecsTest.test_volume_type_extra_specs_list [0.088486s] ... ok
{1} tempest.api.volume.admin.test_volume_types_extra_specs.VolumeTypesExtraSpecsTest.test_volume_type_extra_specs_update [0.217029s] ... ok
{1} tempest.api.volume.admin.test_volume_types_negative.VolumeTypesNegativeTest.test_create_volume_type_encryption_nonexistent_type_id [0.087352s] ... ok
{1} tempest.api.volume.admin.test_volume_types_negative.VolumeTypesNegativeTest.test_create_with_empty_name [0.016693s] ... ok
{1} tempest.api.volume.admin.test_volume_types_negative.VolumeTypesNegativeTest.test_create_with_repeated_name [0.160451s] ... ok
{1} tempest.api.volume.admin.test_volume_types_negative.VolumeTypesNegativeTest.test_delete_nonexistent_type_id [0.021002s] ... ok
{1} tempest.api.volume.admin.test_volume_types_negative.VolumeTypesNegativeTest.test_get_nonexistent_type_id [0.020716s] ... ok
{0} tempest.api.volume.test_image_metadata.VolumesImageMetadata.test_update_show_delete_image_metadata [0.264218s] ... ok
{2} tempest.api.volume.test_volume_transfers.VolumesTransfersTest.test_create_get_list_accept_volume_transfer [5.320669s] ... ok
{2} tempest.api.volume.test_volume_transfers.VolumesTransfersTest.test_create_list_delete_volume_transfer [4.013922s] ... ok
{0} tempest.api.volume.test_snapshot_metadata.SnapshotMetadataTestJSON.test_crud_snapshot_metadata [0.320415s] ... ok
{0} tempest.api.volume.test_snapshot_metadata.SnapshotMetadataTestJSON.test_update_show_snapshot_metadata_item [0.271036s] ... ok
{1} tempest.api.volume.admin.test_volumes_list.VolumesListAdminTestJSON.test_volume_list_param_tenant [2.900555s] ... ok
{2} tempest.api.volume.test_volume_transfers.VolumesTransfersV357Test.test_create_get_list_accept_volume_transfer [5.267718s] ... ok
{1} tempest.api.volume.test_extensions.ExtensionsTestJSON.test_list_extensions [0.155936s] ... ok
{0} tempest.api.volume.test_volume_absolute_limits.AbsoluteLimitsTests.test_get_volume_absolute_limits [0.151806s] ... ok
{1} tempest.api.volume.test_versions.VersionsTest.test_list_versions [0.012829s] ... ok
{1} tempest.api.volume.test_versions.VersionsTest.test_show_version [0.203440s] ... ok
{2} tempest.api.volume.test_volume_transfers.VolumesTransfersV357Test.test_create_list_delete_volume_transfer [3.898530s] ... ok
{1} tempest.api.volume.test_volumes_clone_negative.VolumesCloneNegativeTest.test_create_from_volume_decreasing_size [4.035215s] ... ok
{0} tempest.api.volume.test_volume_transfers.VolumesTransfersV355Test.test_create_get_list_accept_volume_transfer [4.163734s] ... ok
{0} tempest.api.volume.test_volume_transfers.VolumesTransfersV355Test.test_create_list_delete_volume_transfer [2.946715s] ... ok
{0} setUpClass (tempest.api.volume.test_volumes_actions.VolumesActionsTest) ... SKIPPED: VolumesActionsTest skipped as Neutron is not available
{2} tempest.api.volume.test_volumes_clone.VolumesCloneTest.test_create_from_bootable_volume [12.276543s] ... ok
{1} tempest.api.volume.test_volumes_get.VolumesGetTest.test_volume_create_get_update_delete [7.897628s] ... ok
{2} tempest.api.volume.test_volumes_clone.VolumesCloneTest.test_create_from_volume [6.507748s] ... ok
{2} setUpClass (tempest.api.volume.test_volumes_extend.VolumesExtendAttachedTest) ... SKIPPED: VolumesExtendAttachedTest skipped as Neutron is not available
{0} tempest.api.volume.test_volumes_extend.VolumesExtendTest.test_volume_extend [8.749416s] ... ok
{2} tempest.api.volume.test_volumes_get.VolumesSummaryTest.test_show_volume_summary [0.206735s] ... ok
{1} tempest.api.volume.test_volumes_get.VolumesGetTest.test_volume_create_get_update_delete_as_clone [10.399159s] ... ok
{0} tempest.api.volume.test_volumes_extend.VolumesExtendTest.test_volume_extend_when_volume_has_snapshot [8.555176s] ... ok
{2} tempest.api.volume.test_volumes_negative.VolumesNegativeTest.test_attach_volumes_with_nonexistent_volume_id [6.678839s] ... FAILED

Captured traceback:
~~~~~~~~~~~~~~~~~~~
    Traceback (most recent call last):

      File "/usr/local/lib/python3.10/dist-packages/tempest/common/utils/__init__.py", line 70, in wrapper
    return f(*func_args, **func_kwargs)

      File "/usr/local/lib/python3.10/dist-packages/tempest/api/volume/test_volumes_negative.py", line 188, in test_attach_volumes_with_nonexistent_volume_id
    server = self.create_server()

      File "/usr/local/lib/python3.10/dist-packages/tempest/api/volume/base.py", line 270, in create_server
    body, _ = compute.create_test_server(

      File "/usr/local/lib/python3.10/dist-packages/tempest/common/compute.py", line 340, in create_test_server
    with excutils.save_and_reraise_exception():

      File "/usr/local/lib/python3.10/dist-packages/oslo_utils/excutils.py", line 227, in __exit__
    self.force_reraise()

      File "/usr/local/lib/python3.10/dist-packages/oslo_utils/excutils.py", line 200, in force_reraise
    raise self.value

      File "/usr/local/lib/python3.10/dist-packages/tempest/common/compute.py", line 323, in create_test_server
    server = waiters.wait_for_server_status(

      File "/usr/local/lib/python3.10/dist-packages/tempest/common/waiters.py", line 80, in wait_for_server_status
    raise exceptions.BuildErrorException(details, server_id=server_id)

    tempest.exceptions.BuildErrorException: Server 89969d90-cc1e-4290-8ee4-c5c761a854a0 failed to build and is in ERROR status
Details: Fault: {'code': 500, 'created': '2024-06-27T11:15:33Z', 'message': 'Build of instance 89969d90-cc1e-4290-8ee4-c5c761a854a0 aborted: Failure prepping block device.', 'details': 'Traceback (most recent call last):\n  File "/var/lib/kolla/venv/lib/python3.10/site-packages/nova/compute/manager.py", line 2863, in _build_resources\n    self._default_block_device_names(instance, image_meta,\n  File "/var/lib/kolla/venv/lib/python3.10/site-packages/nova/compute/manager.py", line 2176, in _default_block_device_names\n    self._default_device_names_for_instance(instance,\n  File "/var/lib/kolla/venv/lib/python3.10/site-packages/nova/compute/manager.py", line 2095, in _default_device_names_for_instance\n    self.driver.default_device_names_for_instance(instance,\n  File "/var/lib/kolla/venv/lib/python3.10/site-packages/nova/virt/libvirt/driver.py", line 13719, in default_device_names_for_instance\n    block_device_info = driver.get_block_device_info(instance,\n  File "/var/lib/kolla/venv/lib/python3.10/site-packages/nova/virt/driver.py", line 61, in get_block_device_info\n    \'image\': virt_block_device.convert_local_images(\n  File "/var/lib/kolla/venv/lib/python3.10/site-packages/nova/virt/block_device.py", line 891, in _convert_block_devices\n    devices.append(device_type(bdm))\n  File "/var/lib/kolla/venv/lib/python3.10/site-packages/nova/virt/block_device.py", line 123, in __init__\n    self._transform()\n  File "/var/lib/kolla/venv/lib/python3.10/site-packages/nova/virt/block_device.py", line 299, in _transform\n    \'encryption_details\': self._bdm_obj.encryption_details,\n  File "/var/lib/kolla/venv/lib/python3.10/site-packages/oslo_versionedobjects/base.py", line 67, in getter\n    self.obj_load_attr(name)\n  File "/var/lib/kolla/venv/lib/python3.10/site-packages/nova/objects/base.py", line 120, in wrapper\n    return fn(self, attrname)\n  File "/var/lib/kolla/venv/lib/python3.10/site-packages/nova/objects/block_device.py", line 387, in obj_load_attr\n    raise exception.ObjectActionError(\nnova.exception.ObjectActionError: Object action obj_load_attr failed because: attribute encryption_details not lazy-loadable\n\nDuring handling of the above exception, another exception occurred:\n\nTraceback (most recent call last):\n  File "/var/lib/kolla/venv/lib/python3.10/site-packages/nova/compute/manager.py", line 2457, in _do_build_and_run_instance\n    self._build_and_run_instance(context, instance, image,\n  File "/var/lib/kolla/venv/lib/python3.10/site-packages/nova/compute/manager.py", line 2670, in _build_and_run_instance\n    with excutils.save_and_reraise_exception():\n  File "/var/lib/kolla/venv/lib/python3.10/site-packages/oslo_utils/excutils.py", line 227, in __exit__\n    self.force_reraise()\n  File "/var/lib/kolla/venv/lib/python3.10/site-packages/oslo_utils/excutils.py", line 200, in force_reraise\n    raise self.value\n  File "/var/lib/kolla/venv/lib/python3.10/site-packages/nova/compute/manager.py", line 2625, in _build_and_run_instance\n    with self._build_resources(context, instance,\n  File "/usr/lib/python3.10/contextlib.py", line 135, in __enter__\n    return next(self.gen)\n  File "/var/lib/kolla/venv/lib/python3.10/site-packages/nova/compute/manager.py", line 2891, in _build_resources\n    raise exception.BuildAbortException(instance_uuid=instance.uuid,\nnova.exception.BuildAbortException: Build of instance 89969d90-cc1e-4290-8ee4-c5c761a854a0 aborted: Failure prepping block device.\n'}. Request ID of server operation performed before checking the server status req-d4ff07ca-0cc6-4165-b9d4-1f88ef52dbb9.


Captured pythonlogging:
~~~~~~~~~~~~~~~~~~~~~~~
    2024-06-27 11:15:29,261 25503 INFO     [tempest.lib.common.rest_client] Request (VolumesNegativeTest:test_attach_volumes_with_nonexistent_volume_id): 201 POST http://controller:5000/v3/auth/tokens 0.583s
2024-06-27 11:15:29,262 25503 DEBUG    [tempest.lib.common.rest_client] Request - Headers: {'Content-Type': 'application/json', 'Accept': 'application/json'}
        Body: <omitted>
    Response - Headers: {'date': 'Thu, 27 Jun 2024 11:15:28 GMT', 'server': 'Apache', 'content-length': '3317', 'x-subject-token': '<omitted>', 'vary': 'X-Auth-Token', 'x-openstack-request-id': 'req-04c68fac-9cf8-4be8-9536-4d97816ab6da', 'connection': 'close', 'content-type': 'application/json', 'status': '201', 'content-location': 'http://controller:5000/v3/auth/tokens'}
        Body: b'{"token": {"methods": ["password"], "user": {"domain": {"id": "default", "name": "Default"}, "id": "08ae239edcd0444cac9b201926580504", "name": "tempest-VolumesNegativeTest-177306846-project-member", "password_expires_at": null}, "audit_ids": ["Uco1-7oTRNmhR9A6gPXTXg"], "expires_at": "2024-06-28T11:15:29.000000Z", "issued_at": "2024-06-27T11:15:29.000000Z", "project": {"domain": {"id": "default", "name": "Default"}, "id": "25955c3f6d48448a954608c5f1491d39", "name": "tempest-VolumesNegativeTest-177306846"}, "is_domain": false, "roles": [{"id": "ab3a0f28d13544beafe422c9a65edcb5", "name": "admin"}, {"id": "a4abfcc098c84e80b9f74392bf18365a", "name": "manager"}, {"id": "b0f479c4cd354db7bd8e89db4e9f46ee", "name": "reader"}, {"id": "659f402291c342c1806564311d1275f0", "name": "member"}], "catalog": [{"endpoints": [{"id": "739504e9a0114bbb8977cbef466e8c21", "interface": "internal", "region_id": "RegionOne", "url": "http://[LB_IP_ADDRESS]:8774/v2.1", "region": "RegionOne"}, {"id": "f6969022f167421d9db74a0998202ff5", "interface": "public", "region_id": "RegionOne", "url": "http://[LB_IP_ADDRESS]:8774/v2.1", "region": "RegionOne"}], "id": "44a0959127c3454e9786c5749fe1577f", "type": "compute", "name": "nova"}, {"endpoints": [{"id": "108a5ebb729844a5b0d1c50084749a1f", "interface": "internal", "region_id": "RegionOne", "url": "http://[LB_IP_ADDRESS]:8776/v3/25955c3f6d48448a954608c5f1491d39", "region": "RegionOne"}, {"id": "dba6d13e0e7346c0a8ac169a37748b73", "interface": "public", "region_id": "RegionOne", "url": "http://[LB_IP_ADDRESS]:8776/v3/25955c3f6d48448a954608c5f1491d39", "region": "RegionOne"}], "id": "7652603d88034d12a50c180163a105c9", "type": "volumev3", "name": "cinderv3"}, {"endpoints": [{"id": "1fe7141eb3cf4522bf5e904c3dd99e79", "interface": "public", "region_id": "RegionOne", "url": "http://[LB_IP_ADDRESS]:8780", "region": "RegionOne"}, {"id": "cb27d090350745998c239682bf56e2d0", "interface": "internal", "region_id": "RegionOne", "url": "http://[LB_IP_ADDRESS]:8780", "region": "RegionOne"}], "id": "9ebdc30da43944179e332b2df82472de", "type": "placement", "name": "placement"}, {"endpoints": [{"id": "50fa47348d40459f890b2403f74ce00d", "interface": "public", "region_id": "RegionOne", "url": "http://[LB_IP_ADDRESS]:9292", "region": "RegionOne"}, {"id": "8077848c7d8146c2872cd140dafd0e80", "interface": "internal", "region_id": "RegionOne", "url": "http://[LB_IP_ADDRESS]:9292", "region": "RegionOne"}], "id": "ad2631768f6c43d1925be888fe0e299b", "type": "image", "name": "glance"}, {"endpoints": [{"id": "a9072db44187495da1bbd2d9c13151f5", "interface": "internal", "region_id": "RegionOne", "url": "http://[LB_IP_ADDRESS]:5000", "region": "RegionOne"}, {"id": "fa36cbf491b84186840fbde4a043e583", "interface": "public", "region_id": "RegionOne", "url": "http://[LB_IP_ADDRESS]:5000", "region": "RegionOne"}], "id": "e33b9b697b9c47afb9f1c5f1ff34ead3", "type": "identity", "name": "keystone"}, {"endpoints": [{"id": "27419cef3948487a8bd95c468cedbcb8", "interface": "public", "region_id": "RegionOne", "url": "http://[LB_IP_ADDRESS]:9696", "region": "RegionOne"}, {"id": "9624f9cd6e7e4c6894476967f489f70c", "interface": "internal", "region_id": "RegionOne", "url": "http://[LB_IP_ADDRESS]:9696", "region": "RegionOne"}], "id": "e6049fa520674bf5b7fe9f64cbfc6d75", "type": "network", "name": "neutron"}]}}'

    2024-06-27 11:15:29,262 25503 DEBUG    [tempest.lib.common.dynamic_creds] Creating new dynamic creds for scope: None and credential_type: admin
2024-06-27 11:15:29,395 25503 INFO     [tempest.lib.common.rest_client] Request (VolumesNegativeTest:test_attach_volumes_with_nonexistent_volume_id): 201 POST http://[LB_IP_ADDRESS]:5000/v3/projects 0.132s
2024-06-27 11:15:29,396 25503 DEBUG    [tempest.lib.common.rest_client] Request - Headers: {'Content-Type': 'application/json', 'Accept': 'application/json', 'X-Auth-Token': '<omitted>'}
        Body: {"project": {"description": "tempest-VolumesNegativeTest-630544156-desc", "domain_id": "default", "name": "tempest-VolumesNegativeTest-630544156"}}
    Response - Headers: {'date': 'Thu, 27 Jun 2024 11:15:29 GMT', 'server': 'Apache', 'content-length': '372', 'vary': 'X-Auth-Token', 'x-openstack-request-id': 'req-c57d207c-5e5e-4651-aee1-096085e35eb5', 'connection': 'close', 'content-type': 'application/json', 'status': '201', 'content-location': 'http://[LB_IP_ADDRESS]:5000/v3/projects'}
        Body: b'{"project": {"id": "eaf8914e3b324faa9435b597b4a245a3", "name": "tempest-VolumesNegativeTest-630544156", "domain_id": "default", "description": "tempest-VolumesNegativeTest-630544156-desc", "enabled": true, "parent_id": "default", "is_domain": false, "tags": [], "options": {}, "links": {"self": "http://[LB_IP_ADDRESS]:5000/v3/projects/eaf8914e3b324faa9435b597b4a245a3"}}}\n'
2024-06-27 11:15:30,028 25503 INFO     [tempest.lib.common.rest_client] Request (VolumesNegativeTest:test_attach_volumes_with_nonexistent_volume_id): 201 POST http://[LB_IP_ADDRESS]:5000/v3/users 0.631s
2024-06-27 11:15:30,028 25503 DEBUG    [tempest.lib.common.rest_client] Request - Headers: {'Content-Type': 'application/json', 'Accept': 'application/json', 'X-Auth-Token': '<omitted>'}
        Body: {"user": {"name": "tempest-VolumesNegativeTest-630544156-project-admin", "password": "A7&O!r59&6N2On^", "domain_id": "default"}}
    Response - Headers: {'date': 'Thu, 27 Jun 2024 11:15:29 GMT', 'server': 'Apache', 'content-length': '292', 'vary': 'X-Auth-Token', 'x-openstack-request-id': 'req-4041062b-58c3-4b6e-a3be-deeddfd4fef2', 'connection': 'close', 'content-type': 'application/json', 'status': '201', 'content-location': 'http://[LB_IP_ADDRESS]:5000/v3/users'}
        Body: b'{"user": {"id": "d84065884e364faa84b2fcb3c0e22843", "name": "tempest-VolumesNegativeTest-630544156-project-admin", "domain_id": "default", "enabled": true, "password_expires_at": null, "options": {}, "links": {"self": "http://[LB_IP_ADDRESS]:5000/v3/users/d84065884e364faa84b2fcb3c0e22843"}}}\n'
2024-06-27 11:15:30,117 25503 INFO     [tempest.lib.common.rest_client] Request (VolumesNegativeTest:test_attach_volumes_with_nonexistent_volume_id): 200 GET http://[LB_IP_ADDRESS]:5000/v3/roles 0.088s
2024-06-27 11:15:30,117 25503 DEBUG    [tempest.lib.common.rest_client] Request - Headers: {'Content-Type': 'application/json', 'Accept': 'application/json', 'X-Auth-Token': '<omitted>'}
        Body: None
    Response - Headers: {'date': 'Thu, 27 Jun 2024 11:15:30 GMT', 'server': 'Apache', 'content-length': '1438', 'vary': 'X-Auth-Token', 'x-openstack-request-id': 'req-7ec55114-592d-4793-a347-50c36268a191', 'connection': 'close', 'content-type': 'application/json', 'status': '200', 'content-location': 'http://[LB_IP_ADDRESS]:5000/v3/roles'}
        Body: b'{"roles": [{"id": "659f402291c342c1806564311d1275f0", "name": "member", "domain_id": null, "description": null, "options": {"immutable": true}, "links": {"self": "http://[LB_IP_ADDRESS]:5000/v3/roles/659f402291c342c1806564311d1275f0"}}, {"id": "a4abfcc098c84e80b9f74392bf18365a", "name": "manager", "domain_id": null, "description": null, "options": {"immutable": true}, "links": {"self": "http://[LB_IP_ADDRESS]:5000/v3/roles/a4abfcc098c84e80b9f74392bf18365a"}}, {"id": "ab3a0f28d13544beafe422c9a65edcb5", "name": "admin", "domain_id": null, "description": null, "options": {"immutable": true}, "links": {"self": "http://[LB_IP_ADDRESS]:5000/v3/roles/ab3a0f28d13544beafe422c9a65edcb5"}}, {"id": "b0f479c4cd354db7bd8e89d
    b4e9f46ee", "name": "reader", "domain_id": null, "description": null, "options": {"immutable": true}, "links": {"self": "http://[LB_IP_ADDRESS]:5000/v3/roles/b0f479c4cd354db7bd8e89db4e9f46ee"}}, {"id": "bf1368997cb84a39a79ed2cbae917939", "name": "service", "domain_id": null, "description": null, "options": {"immutable": true}, "links": {"self": "http://[LB_IP_ADDRESS]:5000/v3/roles/bf1368997cb84a39a79ed2cbae917939"}}, {"id": "f82a2d99fd5d4767b3af21bd9526d3d8", "name": "_member_", "domain_id": null, "description": null, "options": {}, "links": {"self": "http://[LB_IP_ADDRESS]:5000/v3/roles/f82a2d99fd5d4767b3af21bd9526d3d8"}}], "links": {"next": null, "self": "http://[LB_IP_ADDRESS]:5000/v3/roles", "previous": null}}\n'
2024-06-27 11:15:30,167 25503 INFO     [tempest.lib.common.rest_client] Request (VolumesNegativeTest:test_attach_volumes_with_nonexistent_volume_id): 204 PUT http://[LB_IP_ADDRESS]:5000/v3/projects/eaf8914e3b324faa9435b597b4a245a3/users/d84065884e364faa84b2fcb3c0e22843/roles/ab3a0f28d13544beafe422c9a65edcb5 0.048s
2024-06-27 11:15:30,167 25503 DEBUG    [tempest.lib.common.rest_client] Request - Headers: {'Content-Type': 'application/json', 'Accept': 'application/json', 'X-Auth-Token': '<omitted>'}
        Body: None
    Response - Headers: {'date': 'Thu, 27 Jun 2024 11:15:30 GMT', 'server': 'Apache', 'vary': 'X-Auth-Token', 'x-openstack-request-id': 'req-73cc6d1f-bc19-43e6-820c-9867867b449a', 'connection': 'close', 'status': '204', 'content-location': 'http://[LB_IP_ADDRESS]:5000/v3/projects/eaf8914e3b324faa9435b597b4a245a3/users/d84065884e364faa84b2fcb3c0e22843/roles/ab3a0f28d13544beafe422c9a65edcb5'}
        Body: b''
2024-06-27 11:15:30,253 25503 INFO     [tempest.lib.common.rest_client] Request (VolumesNegativeTest:test_attach_volumes_with_nonexistent_volume_id): 200 GET http://[LB_IP_ADDRESS]:5000/v3/roles 0.085s
2024-06-27 11:15:30,254 25503 DEBUG    [tempest.lib.common.rest_client] Request - Headers: {'Content-Type': 'application/json', 'Accept': 'application/json', 'X-Auth-Token': '<omitted>'}
        Body: None
    Response - Headers: {'date': 'Thu, 27 Jun 2024 11:15:30 GMT', 'server': 'Apache', 'content-length': '1438', 'vary': 'X-Auth-Token', 'x-openstack-request-id': 'req-4bd0fa46-0a2d-44bc-aa6f-a801bfc0cccd', 'connection': 'close', 'content-type': 'application/json', 'status': '200', 'content-location': 'http://[LB_IP_ADDRESS]:5000/v3/roles'}
        Body: b'{"roles": [{"id": "659f402291c342c1806564311d1275f0", "name": "member", "domain_id": null, "description": null, "options": {"immutable": true}, "links": {"self": "http://[LB_IP_ADDRESS]:5000/v3/roles/659f402291c342c1806564311d1275f0"}}, {"id": "a4abfcc098c84e80b9f74392bf18365a", "name": "manager", "domain_id": null, "description": null, "options": {"immutable": true}, "links": {"self": "http://[LB_IP_ADDRESS]:5000/v3/roles/a4abfcc098c84e80b9f74392bf18365a"}}, {"id": "ab3a0f28d13544beafe422c9a65edcb5", "name": "admin", "domain_id": null, "description": null, "options": {"immutable": true}, "links": {"self": "http://[LB_IP_ADDRESS]:5000/v3/roles/ab3a0f28d13544beafe422c9a65edcb5"}}, {"id": "b0f479c4cd354db7bd8e89db4e9f46ee", "name": "reader", "domain_id": null, "description": null, "options": {"immutable": true}, "links": {"self": "http://[LB_IP_ADDRESS]:5000/v3/roles/b0f479c4cd354db7bd8e89db4e9f46ee"}}, {"id": "bf1368997cb84a39a79ed2cbae917939", "name": "service", "domain_id": null, "description": null, "options": {"immutable": true}, "links": {"self": "http://[LB_IP_ADDRESS]:5000/v3/roles/bf1368997cb84a39a79ed2cbae917939"}}, {"id": "f82a2d99fd5d4767b3af21bd9526d3d8", "name": "_member_", "domain_id": null, "description": null, "options": {}, "links": {"self": "http://[LB_IP_ADDRESS]:5000/v3/roles/f82a2d99fd5d4767b3af21bd9526d3d8"}}], "links": {"next": null, "self": "http://[LB_IP_ADDRESS]:5000/v3/roles", "previous": null}}\n'
2024-06-27 11:15:30,293 25503 INFO     [tempest.lib.common.rest_client] Request (VolumesNegativeTest:test_attach_volumes_with_nonexistent_volume_id): 204 PUT http://[LB_IP_ADDRESS]:5000/v3/domains/default/users/d84065884e364faa84b2fcb3c
    0e22843/roles/ab3a0f28d13544beafe422c9a65edcb5 0.038s
2024-06-27 11:15:30,293 25503 DEBUG    [tempest.lib.common.rest_client] Request - Headers: {'Content-Type': 'application/json', 'Accept': 'application/json', 'X-Auth-Token': '<omitted>'}
        Body: None
    Response - Headers: {'date': 'Thu, 27 Jun 2024 11:15:30 GMT', 'server': 'Apache', 'vary': 'X-Auth-Token', 'x-openstack-request-id': 'req-34d3f367-8843-43c7-ab06-a1d78b37f353', 'connection': 'close', 'status': '204', 'content-location': 'http://[LB_IP_ADDRESS]:5000/v3/domains/default/users/d84065884e364faa84b2fcb3c0e22843/roles/ab3a0f28d13544beafe422c9a65edcb5'}
        Body: b''
2024-06-27 11:15:30,385 25503 INFO     [tempest.lib.common.rest_client] Request (VolumesNegativeTest:test_attach_volumes_with_nonexistent_volume_id): 200 GET http://[LB_IP_ADDRESS]:5000/v3/roles 0.092s
2024-06-27 11:15:30,386 25503 DEBUG    [tempest.lib.common.rest_client] Request - Headers: {'Content-Type': 'application/json', 'Accept': 'application/json', 'X-Auth-Token': '<omitted>'}
        Body: None
    Response - Headers: {'date': 'Thu, 27 Jun 2024 11:15:30 GMT', 'server': 'Apache', 'content-length': '1438', 'vary': 'X-Auth-Token', 'x-openstack-request-id': 'req-cfd1123b-c51f-4b2b-893e-c18bc60c8ff3', 'connection': 'close', 'content-type': 'application/json', 'status': '200', 'content-location': 'http://[LB_IP_ADDRESS]:5000/v3/roles'}
        Body: b'{"roles": [{"id": "659f402291c342c1806564311d1275f0", "name": "member", "domain_id": null, "description": null, "options": {"immutable": true}, "links": {"self": "http://[LB_IP_ADDRESS]:5000/v3/roles/659f402291c342c1806564311d1275f0"}}, {"id": "a4abfcc098c84e80b9f74392bf18365a", "name": "manager", "domain_id": null, "description": null, "options": {"immutable": true}, "links": {"self": "http://[LB_IP_ADDRESS]:5000/v3/roles/a4abfcc098c84e80b9f74392bf18365a"}}, {"id": "ab3a0f28d13544beafe422c9a65edcb5", "name": "admin", "domain_id": null, "description": null, "options": {"immutable": true}, "links": {"self": "http://[LB_IP_ADDRESS]:5000/v3/roles/ab3a0f28d13544beafe422c9a65edcb5"}}, {"id": "b0f479c4cd354db7bd8e89db4e9f46ee", "name": "reader", "domain_id": null, "description": null, "options": {"immutable": true}, "links": {"self": "http://[LB_IP_ADDRESS]:5000/v3/roles/b0f479c4cd354db7bd8e89db4e9f46ee"}}, {"id": "bf1368997cb84a39a79ed2cbae917939", "name": "service", "domain_id": null, "description": null, "options": {"immutable": true}, "links": {"self": "http://[LB_IP_ADDRESS]:5000/v3/roles/bf1368997cb84a39a79ed2cbae917939"}}, {"id": "f82a2d99fd5d4767b3af21bd9526d3d8", "name": "_member_", "domain_id": null, "description": null, "options": {}, "links": {"self": "http://[LB_IP_ADDRESS]:5000/v3/roles/f82a2d99fd5d4767b3af21bd9526d3d8"}}], "links": {"next": null, "self": "http://[LB_IP_ADDRESS]:5000/v3/roles", "previous": null}}\n'
2024-06-27 11:15:30,426 25503 INFO     [tempest.lib.common.rest_client] Request (VolumesNegativeTest:test_attach_volumes_with_nonexistent_volume_id): 204 PUT http://[LB_IP_ADDRESS]:5000/v3/projects/eaf8914e3b324faa9435b597b4a245a3/users/d84065884e364faa84b2fcb3c0e22843/roles/ab3a0f28d13544beafe422c9a65edcb5 0.039s
2024-06-27 11:15:30,426 25503 DEBUG    [tempest.lib.common.rest_client] Request - Headers: {'Content-Type': 'application/json', 'Accept': 'application/json', 'X-Auth-Token': '<omitted>'}
        Body: None
    Response - Headers: {'date': 'Thu, 27 Jun 2024 11:15:30 GMT', 'server': 'Apache', 'vary': 'X-Auth-Token', 'x-openstack-request-id': 'req-c1d663c4-b663-4005-b36c-0f00615bdc4e', 'connection': 'close', 'status': '204', 'content-location': 'http://[LB_IP_ADDRESS]:5000/v3/projects/eaf8914e3b324faa9435b597b4a245a3/users/d84065884e364faa84b2fcb3c0e22843/roles/ab3a0f28d13544beafe422c9a65edcb5'}
        Body: b''
2024-06-27 11:15:30,511 25503 INFO     [tempest.lib.common.rest_client] Request (VolumesNegativeTest:test_attach_volumes_with_nonexistent_volume_id): 200 GET http://[LB_IP_ADDRESS]:5000/v3/roles 0.084s
2024-06-27 11:15:30,511 25503 DEBUG    [tempest.lib.common.rest_client] Request - Headers: {'Content-Type': 'appl
    ication/json', 'Accept': 'application/json', 'X-Auth-Token': '<omitted>'}
        Body: None
    Response - Headers: {'date': 'Thu, 27 Jun 2024 11:15:30 GMT', 'server': 'Apache', 'content-length': '1438', 'vary': 'X-Auth-Token', 'x-openstack-request-id': 'req-91a0faf3-6b51-459a-8f99-7a02da3f4786', 'connection': 'close', 'content-type': 'application/json', 'status': '200', 'content-location': 'http://[LB_IP_ADDRESS]:5000/v3/roles'}
        Body: b'{"roles": [{"id": "659f402291c342c1806564311d1275f0", "name": "member", "domain_id": null, "description": null, "options": {"immutable": true}, "links": {"self": "http://[LB_IP_ADDRESS]:5000/v3/roles/659f402291c342c1806564311d1275f0"}}, {"id": "a4abfcc098c84e80b9f74392bf18365a", "name": "manager", "domain_id": null, "description": null, "options": {"immutable": true}, "links": {"self": "http://[LB_IP_ADDRESS]:5000/v3/roles/a4abfcc098c84e80b9f74392bf18365a"}}, {"id": "ab3a0f28d13544beafe422c9a65edcb5", "name": "admin", "domain_id": null, "description": null, "options": {"immutable": true}, "links": {"self": "http://[LB_IP_ADDRESS]:5000/v3/roles/ab3a0f28d13544beafe422c9a65edcb5"}}, {"id": "b0f479c4cd354db7bd8e89db4e9f46ee", "name": "reader", "domain_id": null, "description": null, "options": {"immutable": true}, "links": {"self": "http://[LB_IP_ADDRESS]:5000/v3/roles/b0f479c4cd354db7bd8e89db4e9f46ee"}}, {"id": "bf1368997cb84a39a79ed2cbae917939", "name": "service", "domain_id": null, "description": null, "options": {"immutable": true}, "links": {"self": "http://[LB_IP_ADDRESS]:5000/v3/roles/bf1368997cb84a39a79ed2cbae917939"}}, {"id": "f82a2d99fd5d4767b3af21bd9526d3d8", "name": "_member_", "domain_id": null, "description": null, "options": {}, "links": {"self": "http://[LB_IP_ADDRESS]:5000/v3/roles/f82a2d99fd5d4767b3af21bd9526d3d8"}}], "links": {"next": null, "self": "http://[LB_IP_ADDRESS]:5000/v3/roles", "previous": null}}\n'
2024-06-27 11:15:30,548 25503 INFO     [tempest.lib.common.rest_client] Request (VolumesNegativeTest:test_attach_volumes_with_nonexistent_volume_id): 204 PUT http://[LB_IP_ADDRESS]:5000/v3/projects/eaf8914e3b324faa9435b597b4a245a3/users/d84065884e364faa84b2fcb3c0e22843/roles/ab3a0f28d13544beafe422c9a65edcb5 0.036s
2024-06-27 11:15:30,549 25503 DEBUG    [tempest.lib.common.rest_client] Request - Headers: {'Content-Type': 'application/json', 'Accept': 'application/json', 'X-Auth-Token': '<omitted>'}
        Body: None
    Response - Headers: {'date': 'Thu, 27 Jun 2024 11:15:30 GMT', 'server': 'Apache', 'vary': 'X-Auth-Token', 'x-openstack-request-id': 'req-d3074564-eeab-42cf-bbc6-58bbfd7dfccc', 'connection': 'close', 'status': '204', 'content-location': 'http://[LB_IP_ADDRESS]:5000/v3/projects/eaf8914e3b324faa9435b597b4a245a3/users/d84065884e364faa84b2fcb3c0e22843/roles/ab3a0f28d13544beafe422c9a65edcb5'}
        Body: b''
2024-06-27 11:15:30,549 25503 INFO     [tempest.lib.common.dynamic_creds] Dynamic test user d84065884e364faa84b2fcb3c0e22843 is created with scope project and roles: ['admin', 'admin']
2024-06-27 11:15:30,550 25503 INFO     [tempest.lib.common.dynamic_creds] Acquired dynamic creds:
 credentials: Credentials: {'domain_id': 'default', 'domain_name': 'Default', 'username': 'tempest-VolumesNegativeTest-630544156-project-admin', 'project_domain_id': 'default', 'project_domain_name': 'Default', 'project_id': 'eaf8914e3b324faa9435b597b4a245a3', 'project_name': 'tempest-VolumesNegativeTest-630544156', 'tenant_id': 'eaf8914e3b324faa9435b597b4a245a3', 'tenant_name': 'tempest-VolumesNegativeTest-630544156', 'user_domain_id': 'default', 'user_domain_name': 'Default', 'user_id': 'd84065884e364faa84b2fcb3c0e22843', 'system': None}, Network: None, Subnet: None, Router: None
2024-06-27 11:15:30,556 25503 INFO     [tempest.lib.common.fixed_network] (VolumesNegativeTest:test_attach_volumes_with_nonexistent_volume_id) Found network None available for tenant
2024-06-27 11:15:30,839 25503 INFO     [tempest.lib.common.rest_client] Request (VolumesNegativeTest:test_attach_volumes_with_nonexistent_volume_id): 202 POST http://[LB_IP_ADDRESS]:8774/v2.1/servers 0.283s
2024-06-27 1
    1:15:30,840 25503 DEBUG    [tempest.lib.common.rest_client] Request - Headers: {'Content-Type': 'application/json', 'Accept': 'application/json', 'X-Auth-Token': '<omitted>'}
        Body: {"server": {"name": "tempest-VolumesNegativeTest-instance-865548951", "imageRef": "90fe7e6d-5185-4cd1-b128-6c126844d9da", "flavorRef": "0"}}
    Response - Headers: {'date': 'Thu, 27 Jun 2024 11:15:30 GMT', 'server': 'Apache/2.4.52 (Ubuntu)', 'content-length': '380', 'location': 'http://[LB_IP_ADDRESS]:8774/v2.1/servers/89969d90-cc1e-4290-8ee4-c5c761a854a0', 'openstack-api-version': 'compute 2.1', 'x-openstack-nova-api-version': '2.1', 'vary': 'OpenStack-API-Version,X-OpenStack-Nova-API-Version', 'x-openstack-request-id': 'req-d4ff07ca-0cc6-4165-b9d4-1f88ef52dbb9', 'x-compute-request-id': 'req-d4ff07ca-0cc6-4165-b9d4-1f88ef52dbb9', 'connection': 'close', 'content-type': 'application/json', 'status': '202', 'content-location': 'http://[LB_IP_ADDRESS]:8774/v2.1/servers'}
        Body: b'{"server": {"id": "89969d90-cc1e-4290-8ee4-c5c761a854a0", "links": [{"rel": "self", "href": "http://[LB_IP_ADDRESS]:8774/v2.1/servers/89969d90-cc1e-4290-8ee4-c5c761a854a0"}, {"rel": "bookmark", "href": "http://[LB_IP_ADDRESS]:8774/servers/89969d90-cc1e-4290-8ee4-c5c761a854a0"}], "OS-DCF:diskConfig": "MANUAL", "security_groups": [{"name": "default"}], "adminPass": "UcVr96dSkCpH"}}'
2024-06-27 11:15:30,912 25503 INFO     [tempest.lib.common.rest_client] Request (VolumesNegativeTest:test_attach_volumes_with_nonexistent_volume_id): 200 GET http://[LB_IP_ADDRESS]:8774/v2.1/servers/89969d90-cc1e-4290-8ee4-c5c761a854a0 0.068s
2024-06-27 11:15:30,912 25503 DEBUG    [tempest.lib.common.rest_client] Request - Headers: {'Content-Type': 'application/json', 'Accept': 'application/json', 'X-Auth-Token': '<omitted>'}
        Body: None
    Response - Headers: {'date': 'Thu, 27 Jun 2024 11:15:30 GMT', 'server': 'Apache/2.4.52 (Ubuntu)', 'content-length': '1322', 'openstack-api-version': 'compute 2.1', 'x-openstack-nova-api-version': '2.1', 'vary': 'OpenStack-API-Version,X-OpenStack-Nova-API-Version', 'x-openstack-request-id': 'req-1189c82a-68b2-4420-8c73-e39fff92244f', 'x-compute-request-id': 'req-1189c82a-68b2-4420-8c73-e39fff92244f', 'connection': 'close', 'content-type': 'application/json', 'status': '200', 'content-location': 'http://[LB_IP_ADDRESS]:8774/v2.1/servers/89969d90-cc1e-4290-8ee4-c5c761a854a0'}
        Body: b'{"server": {"id": "89969d90-cc1e-4290-8ee4-c5c761a854a0", "name": "tempest-VolumesNegativeTest-instance-865548951", "status": "BUILD", "tenant_id": "25955c3f6d48448a954608c5f1491d39", "user_id": "08ae239edcd0444cac9b201926580504", "metadata": {}, "hostId": "", "image": {"id": "90fe7e6d-5185-4cd1-b128-6c126844d9da", "links": [{"rel": "bookmark", "href": "http://[LB_IP_ADDRESS]:8774/images/90fe7e6d-5185-4cd1-b128-6c126844d9da"}]}, "flavor": {"id": "0", "links": [{"rel": "bookmark", "href": "http://[LB_IP_ADDRESS]:8774/flavors/0"}]}, "created": "2024-06-27T11:15:30Z", "updated": "2024-06-27T11:15:30Z", "addresses": {}, "accessIPv4": "", "accessIPv6": "", "links": [{"rel": "self", "href": "http://[LB_IP_ADDRESS]:8774/v2.1/servers/89969d90-cc1e-4290-8ee4-c5c761a854a0"}, {"rel": "bookmark", "href": "http://[LB_IP_ADDRESS]:8774/servers/89969d90-cc1e-4290-8ee4-c5c761a854a0"}], "OS-DCF:diskConfig": "MANUAL", "progress": 0, "OS-EXT-AZ:availability_zone": "", "config_drive": "", "key_name": null, "OS-SRV-USG:launched_at": null, "OS-SRV-USG:terminated_at": null, "OS-EXT-SRV-ATTR:host": null, "OS-EXT-SRV-ATTR:instance_name": "", "OS-EXT-SRV-ATTR:hypervisor_hostname": null, "OS-EXT-STS:task_state": "scheduling", "OS-EXT-STS:vm_state": "building", "OS-EXT-STS:power_state": 0, "os-extended-volumes:volumes_attached": []}}'
2024-06-27 11:15:32,014 25503 INFO     [tempest.lib.common.rest_client] Request (VolumesNegativeTest:test_attach_volumes_with_nonexistent_volume_id): 200 GET http://[LB_IP_ADDRESS]:8774/v2.1/servers/89969d90-cc1e-4290-8ee4-c5c761a854a0 0.082s
2024-06-27 11:15:32,014 25503 DEBUG    [tempest.lib.common.rest_client] Request - Headers: {'Content-Type': 'applicati
    on/json', 'Accept': 'application/json', 'X-Auth-Token': '<omitted>'}
        Body: None
    Response - Headers: {'date': 'Thu, 27 Jun 2024 11:15:31 GMT', 'server': 'Apache/2.4.52 (Ubuntu)', 'content-length': '1425', 'openstack-api-version': 'compute 2.1', 'x-openstack-nova-api-version': '2.1', 'vary': 'OpenStack-API-Version,X-OpenStack-Nova-API-Version', 'x-openstack-request-id': 'req-957f2668-7ef0-4636-9178-dabc485d47a7', 'x-compute-request-id': 'req-957f2668-7ef0-4636-9178-dabc485d47a7', 'connection': 'close', 'content-type': 'application/json', 'status': '200', 'content-location': 'http://[LB_IP_ADDRESS]:8774/v2.1/servers/89969d90-cc1e-4290-8ee4-c5c761a854a0'}
        Body: b'{"server": {"id": "89969d90-cc1e-4290-8ee4-c5c761a854a0", "name": "tempest-VolumesNegativeTest-instance-865548951", "status": "BUILD", "tenant_id": "25955c3f6d48448a954608c5f1491d39", "user_id": "08ae239edcd0444cac9b201926580504", "metadata": {}, "hostId": "f8cacf7ffcdb5dde35d425631341c3f9bb3c13564259953be84057d4", "image": {"id": "90fe7e6d-5185-4cd1-b128-6c126844d9da", "links": [{"rel": "bookmark", "href": "http://[LB_IP_ADDRESS]:8774/images/90fe7e6d-5185-4cd1-b128-6c126844d9da"}]}, "flavor": {"id": "0", "links": [{"rel": "bookmark", "href": "http://[LB_IP_ADDRESS]:8774/flavors/0"}]}, "created": "2024-06-27T11:15:30Z", "updated": "2024-06-27T11:15:31Z", "addresses": {}, "accessIPv4": "", "accessIPv6": "", "links": [{"rel": "self", "href": "http://[LB_IP_ADDRESS]:8774/v2.1/servers/89969d90-cc1e-4290-8ee4-c5c761a854a0"}, {"rel": "bookmark", "href": "http://[LB_IP_ADDRESS]:8774/servers/89969d90-cc1e-4290-8ee4-c5c761a854a0"}], "OS-DCF:diskConfig": "MANUAL", "progress": 0, "OS-EXT-AZ:availability_zone": "nova", "config_drive": "", "key_name": null, "OS-SRV-USG:launched_at": null, "OS-SRV-USG:terminated_at": null, "OS-EXT-SRV-ATTR:host": "rack13-server63", "OS-EXT-SRV-ATTR:instance_name": "instance-000000a3", "OS-EXT-SRV-ATTR:hypervisor_hostname": "rack13-server63", "OS-EXT-STS:task_state": "networking", "OS-EXT-STS:vm_state": "building", "OS-EXT-STS:power_state": 0, "os-extended-volumes:volumes_attached": []}}'
2024-06-27 11:15:32,031 25503 INFO     [tempest.common.waiters] State transition "BUILD/scheduling" ==> "BUILD/networking" after 2 second wait
2024-06-27 11:15:33,120 25503 INFO     [tempest.lib.common.rest_client] Request (VolumesNegativeTest:test_attach_volumes_with_nonexistent_volume_id): 200 GET http://[LB_IP_ADDRESS]:8774/v2.1/servers/89969d90-cc1e-4290-8ee4-c5c761a854a0 0.087s
2024-06-27 11:15:33,120 25503 DEBUG    [tempest.lib.common.rest_client] Request - Headers: {'Content-Type': 'application/json', 'Accept': 'application/json', 'X-Auth-Token': '<omitted>'}
        Body: None
    Response - Headers: {'date': 'Thu, 27 Jun 2024 11:15:33 GMT', 'server': 'Apache/2.4.52 (Ubuntu)', 'content-length': '1343', 'openstack-api-version': 'compute 2.1', 'x-openstack-nova-api-version': '2.1', 'vary': 'OpenStack-API-Version,X-OpenStack-Nova-API-Version', 'x-openstack-request-id': 'req-dee10e28-97e2-4d99-9e53-826873001b5b', 'x-compute-request-id': 'req-dee10e28-97e2-4d99-9e53-826873001b5b', 'connection': 'close', 'content-type': 'application/json', 'status': '200', 'content-location': 'http://[LB_IP_ADDRESS]:8774/v2.1/servers/89969d90-cc1e-4290-8ee4-c5c761a854a0'}
        Body: b'{"server": {"id": "89969d90-cc1e-4290-8ee4-c5c761a854a0", "name": "tempest-VolumesNegativeTest-instance-865548951", "status": "BUILD", "tenant_id": "25955c3f6d48448a954608c5f1491d39", "user_id": "08ae239edcd0444cac9b201926580504", "metadata": {}, "hostId": "", "image": {"id": "90fe7e6d-5185-4cd1-b128-6c126844d9da", "links": [{"rel": "bookmark", "href": "http://[LB_IP_ADDRESS]:8774/images/90fe7e6d-5185-4cd1-b128-6c126844d9da"}]}, "flavor": {"id": "0", "links": [{"rel": "bookmark", "href": "http://[LB_IP_ADDRESS]:8774/flavors/0"}]}, "created": "2024-06-27T11:15:30Z", "updated": "2024-06-27T11:15:32Z", "addresses": {}, "accessIPv4": "", "accessIPv6": "", "links": [{"rel": "self", "href": "http://[LB_IP_ADDRESS]:8774/v2.1/servers/89969d90-cc1e-4290-8ee4-c5c761a854a0"}, {"rel": "bookmark",
     "href": "http://[LB_IP_ADDRESS]:8774/servers/89969d90-cc1e-4290-8ee4-c5c761a854a0"}], "OS-DCF:diskConfig": "MANUAL", "progress": 0, "OS-EXT-AZ:availability_zone": "nova", "config_drive": "", "key_name": null, "OS-SRV-USG:launched_at": null, "OS-SRV-USG:terminated_at": null, "OS-EXT-SRV-ATTR:host": null, "OS-EXT-SRV-ATTR:instance_name": "instance-000000a3", "OS-EXT-SRV-ATTR:hypervisor_hostname": null, "OS-EXT-STS:task_state": "networking", "OS-EXT-STS:vm_state": "building", "OS-EXT-STS:power_state": 0, "os-extended-volumes:volumes_attached": []}}'
2024-06-27 11:15:34,251 25503 INFO     [tempest.lib.common.rest_client] Request (VolumesNegativeTest:test_attach_volumes_with_nonexistent_volume_id): 200 GET http://[LB_IP_ADDRESS]:8774/v2.1/servers/89969d90-cc1e-4290-8ee4-c5c761a854a0 0.112s
2024-06-27 11:15:34,252 25503 DEBUG    [tempest.lib.common.rest_client] Request - Headers: {'Content-Type': 'application/json', 'Accept': 'application/json', 'X-Auth-Token': '<omitted>'}
        Body: None
    Response - Headers: {'date': 'Thu, 27 Jun 2024 11:15:34 GMT', 'server': 'Apache/2.4.52 (Ubuntu)', 'content-length': '4816', 'openstack-api-version': 'compute 2.1', 'x-openstack-nova-api-version': '2.1', 'vary': 'OpenStack-API-Version,X-OpenStack-Nova-API-Version', 'x-openstack-request-id': 'req-d0aa06aa-45af-4144-9d83-f76123c2b2cf', 'x-compute-request-id': 'req-d0aa06aa-45af-4144-9d83-f76123c2b2cf', 'connection': 'close', 'content-type': 'application/json', 'status': '200', 'content-location': 'http://[LB_IP_ADDRESS]:8774/v2.1/servers/89969d90-cc1e-4290-8ee4-c5c761a854a0'}
        Body: b'{"server": {"id": "89969d90-cc1e-4290-8ee4-c5c761a854a0", "name": "tempest-VolumesNegativeTest-instance-865548951", "status": "ERROR", "tenant_id": "25955c3f6d48448a954608c5f1491d39", "user_id": "08ae239edcd0444cac9b201926580504", "metadata": {}, "hostId": "", "image": {"id": "90fe7e6d-5185-4cd1-b128-6c126844d9da", "links": [{"rel": "bookmark", "href": "http://[LB_IP_ADDRESS]:8774/images/90fe7e6d-5185-4cd1-b128-6c126844d9da"}]}, "flavor": {"id": "0", "links": [{"rel": "bookmark", "href": "http://[LB_IP_ADDRESS]:8774/flavors/0"}]}, "created": "2024-06-27T11:15:30Z", "updated": "2024-06-27T11:15:33Z", "addresses": {}, "accessIPv4": "", "accessIPv6": "", "links": [{"rel": "self", "href": "http://[LB_IP_ADDRESS]:8774/v2.1/servers/89969d90-cc1e-4290-8ee4-c5c761a854a0"}, {"rel": "bookmark", "href": "http://[LB_IP_ADDRESS]:8774/servers/89969d90-cc1e-4290-8ee4-c5c761a854a0"}], "OS-DCF:diskConfig": "MANUAL", "fault": {"code": 500, "created": "2024-06-27T11:15:33Z", "message": "Build of instance 89969d90-cc1e-4290-8ee4-c5c761a854a0 aborted: Failure prepping block device.", "details": "Traceback (most recent call last):\\n  File \\"/var/lib/kolla/venv/lib/python3.10/site-packages/nova/compute/manager.py\\", line 2863, in _build_resources\\n    self._default_block_device_names(instance, image_meta,\\n  File \\"/var/lib/kolla/venv/lib/python3.10/site-packages/nova/compute/manager.py\\", line 2176, in _default_block_device_names\\n    self._default_device_names_for_instance(instance,\\n  File \\"/var/lib/kolla/venv/lib/python3.10/site-packages/nova/compute/manager.py\\", line 2095, in _default_device_names_for_instance\\n    self.driver.default_device_names_for_instance(instance,\\n  File \\"/var/lib/kolla/venv/lib/python3.10/site-packages/nova/virt/libvirt/driver.py\\", line 13719, in default_device_names_for_instance\\n    block_device_info = driver.get_block_device_info(instance,\\n  File \\"/var/lib/kolla/venv/lib/python3.10/site-packages/nova/virt/driver.py\\", line 61, in get_block_device_info\\n    \'image\': virt_block_device.convert_local_images(\\n  File \\"/var/lib/kolla/venv/lib/python3.10/site-packages/nova/virt/block_device.py\\", line 891, in _convert_block_devices\\n    devices.append(device_type(bdm))\\n  File \\"/var/lib/kolla/venv/lib/python3.10/site-packages/nova/virt/block_device.py\\", line 123, in __init__\\n    self._transform()\\n  File \\"/var/lib/kolla/venv/lib/python3.10/site-packages/nova/virt/block_device.py\\", line 299, in _transform\\n  
      \'encryption_details\': self._bdm_obj.encryption_details,\\n  File \\"/var/lib/kolla/venv/lib/python3.10/site-packages/oslo_versionedobjects/base.py\\", line 67, in getter\\n    self.obj_load_attr(name)\\n  File \\"/var/lib/kolla/venv/lib/python3.10/site-packages/nova/objects/base.py\\", line 120, in wrapper\\n    return fn(self, attrname)\\n  File \\"/var/lib/kolla/venv/lib/python3.10/site-packages/nova/objects/block_device.py\\", line 387, in obj_load_attr\\n    raise exception.ObjectActionError(\\nnova.exception.ObjectActionError: Object action obj_load_attr failed because: attribute encryption_details not lazy-loadable\\n\\nDuring handling of the above exception, another exception occurred:\\n\\nTraceback (most recent call last):\\n  File \\"/var/lib/kolla/venv/lib/python3.10/site-packages/nova/compute/manager.py\\", line 2457, in _do_build_and_run_instance\\n    self._build_and_run_instance(context, instance, image,\\n  File \\"/var/lib/kolla/venv/lib/python3.10/site-packages/nova/compute/manager.py\\", line 2670, in _build_and_run_instance\\n    with excutils.save_and_reraise_exception():\\n  File \\"/var/lib/kolla/venv/lib/python3.10/site-packages/oslo_utils/excutils.py\\", line 227, in __exit__\\n    self.force_reraise()\\n  File \\"/var/lib/kolla/venv/lib/python3.10/site-packages/oslo_utils/excutils.py\\", line 200, in force_reraise\\n    raise self.value\\n  File \\"/var/lib/kolla/venv/lib/python3.10/site-packages/nova/compute/manager.py\\", line 2625, in _build_and_run_instance\\n    with self._build_resources(context, instance,\\n  File \\"/usr/lib/python3.1
2024-06-27 11:15:34,269 25503 INFO     [tempest.common.waiters] State transition "BUILD/networking" ==> "ERROR/None" after 4 second wait
2024-06-27 11:15:35,316 25503 INFO     [tempest.lib.common.rest_client] Request (VolumesNegativeTest:test_attach_volumes_with_nonexistent_volume_id): 204 DELETE http://[LB_IP_ADDRESS]:8774/v2.1/servers/89969d90-cc1e-4290-8ee4-c5c761a854a0 1.047s
2024-06-27 11:15:35,317 25503 DEBUG    [tempest.lib.common.rest_client] Request - Headers: {'Content-Type': 'application/json', 'Accept': 'application/json', 'X-Auth-Token': '<omitted>'}
        Body: None
    Response - Headers: {'date': 'Thu, 27 Jun 2024 11:15:34 GMT', 'server': 'Apache/2.4.52 (Ubuntu)', 'openstack-api-version': 'compute 2.1', 'x-openstack-nova-api-version': '2.1', 'vary': 'OpenStack-API-Version,X-OpenStack-Nova-API-Version', 'x-openstack-request-id': 'req-4d32c779-b7e1-4efa-83f5-38a99e8751c3', 'x-compute-request-id': 'req-4d32c779-b7e1-4efa-83f5-38a99e8751c3', 'connection': 'close', 'status': '204', 'content-location': 'http://[LB_IP_ADDRESS]:8774/v2.1/servers/89969d90-cc1e-4290-8ee4-c5c761a854a0'}
        Body: b''
2024-06-27 11:15:35,346 25503 INFO     [tempest.lib.common.rest_client] Request (VolumesNegativeTest:test_attach_volumes_with_nonexistent_volume_id): 404 GET http://[LB_IP_ADDRESS]:8774/v2.1/servers/89969d90-cc1e-4290-8ee4-c5c761a854a0 0.029s
2024-06-27 11:15:35,347 25503 DEBUG    [tempest.lib.common.rest_client] Request - Headers: {'Content-Type': 'application/json', 'Accept': 'application/json', 'X-Auth-Token': '<omitted>'}
        Body: None
    Response - Headers: {'date': 'Thu, 27 Jun 2024 11:15:35 GMT', 'server': 'Apache/2.4.52 (Ubuntu)', 'content-length': '111', 'openstack-api-version': 'compute 2.1', 'x-openstack-nova-api-version': '2.1', 'vary': 'OpenStack-API-Version,X-OpenStack-Nova-API-Version', 'x-openstack-request-id': 'req-3f543407-4309-4fb4-b330-a12b360e2d0c', 'x-compute-request-id': 'req-3f543407-4309-4fb4-b330-a12b360e2d0c', 'connection': 'close', 'content-type': 'application/json; charset=UTF-8', 'status': '404', 'content-location': 'http://[LB_IP_ADDRESS]:8774/v2.1/servers/89969d90-cc1e-4290-8ee4-c5c761a854a0'}
        Body: b'{"itemNotFound": {"code": 404, "message": "Instance 89969d90-cc1e-4290-8ee4-c5c761a854a0 could not be found."}}'

{2} tempest.api.volume.test_volumes_negative.VolumesNegativeTest.test_create_volume_from_deactivated_image [0.547649s] ... ok
{2} tempest.api.volume.test_volumes_negative.VolumesNegativeTest.test_create_volume_from_image_with_decreasing_size [0.417327s] ... ok
{2} tempest.api.volume.test_volumes_negative.VolumesNegativeTest.test_create_volume_with_invalid_size [0.017834s] ... ok
{2} tempest.api.volume.test_volumes_negative.VolumesNegativeTest.test_create_volume_with_nonexistent_snapshot_id [0.033596s] ... ok
{2} tempest.api.volume.test_volumes_negative.VolumesNegativeTest.test_create_volume_with_nonexistent_source_volid [0.032469s] ... ok
{2} tempest.api.volume.test_volumes_negative.VolumesNegativeTest.test_create_volume_with_nonexistent_volume_type [0.033909s] ... ok
{2} tempest.api.volume.test_volumes_negative.VolumesNegativeTest.test_create_volume_with_size_negative [0.020244s] ... ok
{2} tempest.api.volume.test_volumes_negative.VolumesNegativeTest.test_create_volume_with_size_zero [0.017791s] ... ok
{2} tempest.api.volume.test_volumes_negative.VolumesNegativeTest.test_create_volume_without_passing_size [0.016724s] ... ok
{2} tempest.api.volume.test_volumes_negative.VolumesNegativeTest.test_delete_invalid_volume_id [0.029657s] ... ok
{2} tempest.api.volume.test_volumes_negative.VolumesNegativeTest.test_delete_volume_without_passing_volume_id [0.014059s] ... ok
{2} tempest.api.volume.test_volumes_negative.VolumesNegativeTest.test_detach_volumes_with_invalid_volume_id [0.033052s] ... ok
{2} tempest.api.volume.test_volumes_negative.VolumesNegativeTest.test_get_invalid_volume_id [0.028319s] ... ok
{2} tempest.api.volume.test_volumes_negative.VolumesNegativeTest.test_get_volume_without_passing_volume_id [0.011695s] ... ok
{2} tempest.api.volume.test_volumes_negative.VolumesNegativeTest.test_list_volumes_detail_with_invalid_status [0.054275s] ... ok
{2} tempest.api.volume.test_volumes_negative.VolumesNegativeTest.test_list_volumes_detail_with_nonexistent_name [0.057067s] ... ok
{2} tempest.api.volume.test_volumes_negative.VolumesNegativeTest.test_list_volumes_with_invalid_status [0.084017s] ... ok
{2} tempest.api.volume.test_volumes_negative.VolumesNegativeTest.test_list_volumes_with_nonexistent_name [0.036654s] ... ok
{2} tempest.api.volume.test_volumes_negative.VolumesNegativeTest.test_reserve_volume_with_negative_volume_status [0.157393s] ... ok
{2} tempest.api.volume.test_volumes_negative.VolumesNegativeTest.test_reserve_volume_with_nonexistent_volume_id [0.029280s] ... ok
{2} tempest.api.volume.test_volumes_negative.VolumesNegativeTest.test_unreserve_volume_with_nonexistent_volume_id [0.029647s] ... ok
{2} tempest.api.volume.test_volumes_negative.VolumesNegativeTest.test_update_volume_with_empty_volume_id [0.012718s] ... ok
{2} tempest.api.volume.test_volumes_negative.VolumesNegativeTest.test_update_volume_with_invalid_volume_id [0.031558s] ... ok
{2} tempest.api.volume.test_volumes_negative.VolumesNegativeTest.test_update_volume_with_nonexistent_volume_id [0.034333s] ... ok
{2} tempest.api.volume.test_volumes_negative.VolumesNegativeTest.test_volume_delete_nonexistent_volume_id [0.029889s] ... ok
{2} tempest.api.volume.test_volumes_negative.VolumesNegativeTest.test_volume_extend_with_None_size [0.019951s] ... ok
{2} tempest.api.volume.test_volumes_negative.VolumesNegativeTest.test_volume_extend_with_non_number_size [0.016858s] ... ok
{2} tempest.api.volume.test_volumes_negative.VolumesNegativeTest.test_volume_extend_with_nonexistent_volume_id [0.031918s] ... ok
{2} tempest.api.volume.test_volumes_negative.VolumesNegativeTest.test_volume_extend_with_size_smaller_than_original_size [0.015965s] ... ok
{2} tempest.api.volume.test_volumes_negative.VolumesNegativeTest.test_volume_extend_without_passing_volume_id [0.031666s] ... ok
{2} tempest.api.volume.test_volumes_negative.VolumesNegativeTest.test_volume_get_nonexistent_volume_id [0.028113s] ... ok
{1} tempest.api.volume.test_volumes_get.VolumesGetTest.test_volume_create_get_update_delete_from_image [12.296140s] ... ok
{0} tempest.api.volume.test_volumes_list.VolumesListTestJSON.test_volume_list [0.042584s] ... ok
{0} tempest.api.volume.test_volumes_list.VolumesListTestJSON.test_volume_list_by_name [0.039169s] ... ok
{0} tempest.api.volume.test_volumes_list.VolumesListTestJSON.test_volume_list_details_by_name [0.063242s] ... ok
{0} tempest.api.volume.test_volumes_list.VolumesListTestJSON.test_volume_list_details_pagination [0.271935s] ... ok
{0} tempest.api.volume.test_volumes_list.VolumesListTestJSON.test_volume_list_details_with_multiple_params [0.424983s] ... ok
{0} tempest.api.volume.test_volumes_list.VolumesListTestJSON.test_volume_list_pagination [0.188749s] ... ok
{0} tempest.api.volume.test_volumes_list.VolumesListTestJSON.test_volume_list_param_display_name_and_status [0.039194s] ... ok
{0} tempest.api.volume.test_volumes_list.VolumesListTestJSON.test_volume_list_with_detail_param_display_name_and_status [0.061369s] ... ok
{0} tempest.api.volume.test_volumes_list.VolumesListTestJSON.test_volume_list_with_detail_param_marker [0.065964s] ... ok
{0} tempest.api.volume.test_volumes_list.VolumesListTestJSON.test_volume_list_with_detail_param_metadata [0.069732s] ... ok
{0} tempest.api.volume.test_volumes_list.VolumesListTestJSON.test_volume_list_with_details [0.089104s] ... ok
{0} tempest.api.volume.test_volumes_list.VolumesListTestJSON.test_volume_list_with_param_metadata [0.047920s] ... ok
{0} tempest.api.volume.test_volumes_list.VolumesListTestJSON.test_volumes_list_by_availability_zone [0.084806s] ... ok
{1} tempest.api.volume.test_volumes_snapshots_negative.VolumesSnapshotNegativeTestJSON.test_create_snapshot_with_nonexistent_volume_id [0.243953s] ... ok
{1} tempest.api.volume.test_volumes_snapshots_negative.VolumesSnapshotNegativeTestJSON.test_create_snapshot_without_passing_volume_id [0.034882s] ... ok
{1} tempest.api.volume.test_volumes_snapshots_negative.VolumesSnapshotNegativeTestJSON.test_list_snapshot_invalid_param_limit [0.015107s] ... ok
{0} tempest.api.volume.test_volumes_list.VolumesListTestJSON.test_volumes_list_by_bootable [0.094467s] ... ok
{1} tempest.api.volume.test_volumes_snapshots_negative.VolumesSnapshotNegativeTestJSON.test_list_snapshots_invalid_param_marker [0.027300s] ... ok
{1} tempest.api.volume.test_volumes_snapshots_negative.VolumesSnapshotNegativeTestJSON.test_list_snapshots_invalid_param_sort [0.016782s] ... ok
{0} tempest.api.volume.test_volumes_list.VolumesListTestJSON.test_volumes_list_by_status [0.084121s] ... ok
{0} tempest.api.volume.test_volumes_list.VolumesListTestJSON.test_volumes_list_details_by_availability_zone [0.067723s] ... ok
{0} tempest.api.volume.test_volumes_list.VolumesListTestJSON.test_volumes_list_details_by_bootable [0.067625s] ... ok
{0} tempest.api.volume.test_volumes_list.VolumesListTestJSON.test_volumes_list_details_by_status [0.068256s] ... ok
{0} setUpClass (tempest.api.volume.test_volumes_snapshots.VolumesSnapshotTestJSON) ... SKIPPED: VolumesSnapshotTestJSON skipped as Neutron is not available
{1} tempest.api.volume.test_volumes_snapshots_negative.VolumesSnapshotNegativeTestJSON.test_volume_from_snapshot_decreasing_size [6.219609s] ... ok
{0} tempest.api.volume.test_volumes_snapshots_list.VolumesSnapshotListTestJSON.test_snapshot_list_param_limit [0.032428s] ... ok
{0} tempest.api.volume.test_volumes_snapshots_list.VolumesSnapshotListTestJSON.test_snapshot_list_param_limit_equals_infinite [0.070238s] ... ok
{0} tempest.api.volume.test_volumes_snapshots_list.VolumesSnapshotListTestJSON.test_snapshot_list_param_limit_equals_zero [0.028962s] ... ok
{0} tempest.api.volume.test_volumes_snapshots_list.VolumesSnapshotListTestJSON.test_snapshot_list_param_marker [0.072454s] ... ok
{0} tempest.api.volume.test_volumes_snapshots_list.VolumesSnapshotListTestJSON.test_snapshot_list_param_offset [0.032546s] ... ok
{0} tempest.api.volume.test_volumes_snapshots_list.VolumesSnapshotListTestJSON.test_snapshot_list_param_sort_created_at_asc [0.033965s] ... ok
{0} tempest.api.volume.test_volumes_snapshots_list.VolumesSnapshotListTestJSON.test_snapshot_list_param_sort_created_at_desc [0.032833s] ... ok
{0} tempest.api.volume.test_volumes_snapshots_list.VolumesSnapshotListTestJSON.test_snapshot_list_param_sort_id_asc [0.033248s] ... ok
{0} tempest.api.volume.test_volumes_snapshots_list.VolumesSnapshotListTestJSON.test_snapshot_list_param_sort_id_desc [0.032131s] ... ok
{0} tempest.api.volume.test_volumes_snapshots_list.VolumesSnapshotListTestJSON.test_snapshot_list_param_sort_name_asc [0.031979s] ... ok
{0} tempest.api.volume.test_volumes_snapshots_list.VolumesSnapshotListTestJSON.test_snapshot_list_param_sort_name_desc [0.033559s] ... ok
{0} tempest.api.volume.test_volumes_snapshots_list.VolumesSnapshotListTestJSON.test_snapshots_list_details_with_params [0.144019s] ... ok
{0} tempest.api.volume.test_volumes_snapshots_list.VolumesSnapshotListTestJSON.test_snapshots_list_with_params [0.094788s] ... ok

==============================
Failed 1 tests - output below:
==============================

tempest.api.volume.test_volumes_negative.VolumesNegativeTest.test_attach_volumes_with_nonexistent_volume_id[compute,id-f5e56b0a-5d02-43c1-a2a7-c9b792c2e3f6,negative]
---------------------------------------------------------------------------------------------------------------------------------------------------------------------

Captured traceback:
~~~~~~~~~~~~~~~~~~~
    Traceback (most recent call last):

      File "/usr/local/lib/python3.10/dist-packages/tempest/common/utils/__init__.py", line 70, in wrapper
    return f(*func_args, **func_kwargs)

      File "/usr/local/lib/python3.10/dist-packages/tempest/api/volume/test_volumes_negative.py", line 188, in test_attach_volumes_with_nonexistent_volume_id
    server = self.create_server()

      File "/usr/local/lib/python3.10/dist-packages/tempest/api/volume/base.py", line 270, in create_server
    body, _ = compute.create_test_server(

      File "/usr/local/lib/python3.10/dist-packages/tempest/common/compute.py", line 340, in create_test_server
    with excutils.save_and_reraise_exception():

      File "/usr/local/lib/python3.10/dist-packages/oslo_utils/excutils.py", line 227, in __exit__
    self.force_reraise()

      File "/usr/local/lib/python3.10/dist-packages/oslo_utils/excutils.py", line 200, in force_reraise
    raise self.value

      File "/usr/local/lib/python3.10/dist-packages/tempest/common/compute.py", line 323, in create_test_server
    server = waiters.wait_for_server_status(

      File "/usr/local/lib/python3.10/dist-packages/tempest/common/waiters.py", line 80, in wait_for_server_status
    raise exceptions.BuildErrorException(details, server_id=server_id)

    tempest.exceptions.BuildErrorException: Server 89969d90-cc1e-4290-8ee4-c5c761a854a0 failed to build and is in ERROR status
Details: Fault: {'code': 500, 'created': '2024-06-27T11:15:33Z', 'message': 'Build of instance 89969d90-cc1e-4290-8ee4-c5c761a854a0 aborted: Failure prepping block device.', 'details': 'Traceback (most recent call last):\n  File "/var/lib/kolla/venv/lib/python3.10/site-packages/nova/compute/manager.py", line 2863, in _build_resources\n    self._default_block_device_names(instance, image_meta,\n  File "/var/lib/kolla/venv/lib/python3.10/site-packages/nova/compute/manager.py", line 2176, in _default_block_device_names\n    self._default_device_names_for_instance(instance,\n  File "/var/lib/kolla/venv/lib/python3.10/site-packages/nova/compute/manager.py", line 2095, in _default_device_names_for_instance\n    self.driver.default_device_names_for_instance(instance,\n  File "/var/lib/kolla/venv/lib/python3.10/site-packages/nova/virt/libvirt/driver.py", line 13719, in default_device_names_for_instance\n    block_device_info = driver.get_block_device_info(instance,\n  File "/var/lib/kolla/venv/lib/python3.10/site-packages/nova/virt/driver.py", line 61, in get_block_device_info\n    \'image\': virt_block_device.convert_local_images(\n  File "/var/lib/kolla/venv/lib/python3.10/site-packages/nova/virt/block_device.py", line 891, in _convert_block_devices\n    devices.append(device_type(bdm))\n  File "/var/lib/kolla/venv/lib/python3.10/site-packages/nova/virt/block_device.py", line 123, in __init__\n    self._transform()\n  File "/var/lib/kolla/venv/lib/python3.10/site-packages/nova/virt/block_device.py", line 299, in _transform\n    \'encryption_details\': self._bdm_obj.encryption_details,\n  File "/var/lib/kolla/venv/lib/python3.10/site-packages/oslo_versionedobjects/base.py", line 67, in getter\n    self.obj_load_attr(name)\n  File "/var/lib/kolla/venv/lib/python3.10/site-packages/nova/objects/base.py", line 120, in wrapper\n    return fn(self, attrname)\n  File "/var/lib/kolla/venv/lib/python3.10/site-packages/nova/objects/block_device.py", line 387, in obj_load_attr\n    raise exception.ObjectActionError(\nnova.exception.ObjectActionError: Object action obj_load_attr failed because: attribute encryption_details not lazy-loadable\n\nDuring handling of the above exception, another exception occurred:\n\nTraceback (most recent call last):\n  File "/var/lib/kolla/venv/lib/python3.10/site-packages/nova/compute/manager.py", line 2457, in _do_build_and_run_instance\n    self._build_and_run_instance(context, instance, image,\n  File "/var/lib/kolla/venv/lib/python3.10/site-packages/nova/compute/manager.py", line 2670, in _build_and_run_instance\n    with excutils.save_and_reraise_exception():\n  File "/var/lib/kolla/venv/lib/python3.10/site-packages/oslo_utils/excutils.py", line 227, in __exit__\n    self.force_reraise()\n  File "/var/lib/kolla/venv/lib/python3.10/site-packages/oslo_utils/excutils.py", line 200, in force_reraise\n    raise self.value\n  File "/var/lib/kolla/venv/lib/python3.10/site-packages/nova/compute/manager.py", line 2625, in _build_and_run_instance\n    with self._build_resources(context, instance,\n  File "/usr/lib/python3.10/contextlib.py", line 135, in __enter__\n    return next(self.gen)\n  File "/var/lib/kolla/venv/lib/python3.10/site-packages/nova/compute/manager.py", line 2891, in _build_resources\n    raise exception.BuildAbortException(instance_uuid=instance.uuid,\nnova.exception.BuildAbortException: Build of instance 89969d90-cc1e-4290-8ee4-c5c761a854a0 aborted: Failure prepping block device.\n'}. Request ID of server operation performed before checking the server status req-d4ff07ca-0cc6-4165-b9d4-1f88ef52dbb9.


Captured pythonlogging:
~~~~~~~~~~~~~~~~~~~~~~~
    2024-06-27 11:15:29,261 25503 INFO     [tempest.lib.common.rest_client] Request (VolumesNegativeTest:test_attach_volumes_with_nonexistent_volume_id): 201 POST http://controller:5000/v3/auth/tokens 0.583s
2024-06-27 11:15:29,262 25503 DEBUG    [tempest.lib.common.rest_client] Request - Headers: {'Content-Type': 'application/json', 'Accept': 'application/json'}
        Body: <omitted>
    Response - Headers: {'date': 'Thu, 27 Jun 2024 11:15:28 GMT', 'server': 'Apache', 'content-length': '3317', 'x-subject-token': '<omitted>', 'vary': 'X-Auth-Token', 'x-openstack-request-id': 'req-04c68fac-9cf8-4be8-9536-4d97816ab6da', 'connection': 'close', 'content-type': 'application/json', 'status': '201', 'content-location': 'http://controller:5000/v3/auth/tokens'}
        Body: b'{"token": {"methods": ["password"], "user": {"domain": {"id": "default", "name": "Default"}, "id": "08ae239edcd0444cac9b201926580504", "name": "tempest-VolumesNegativeTest-177306846-project-member", "password_expires_at": null}, "audit_ids": ["Uco1-7oTRNmhR9A6gPXTXg"], "expires_at": "2024-06-28T11:15:29.000000Z", "issued_at": "2024-06-27T11:15:29.000000Z", "project": {"domain": {"id": "default", "name": "Default"}, "id": "25955c3f6d48448a954608c5f1491d39", "name": "tempest-VolumesNegativeTest-177306846"}, "is_domain": false, "roles": [{"id": "ab3a0f28d13544beafe422c9a65edcb5", "name": "admin"}, {"id": "a4abfcc098c84e80b9f74392bf18365a", "name": "manager"}, {"id": "b0f479c4cd354db7bd8e89db4e9f46ee", "name": "reader"}, {"id": "659f402291c342c1806564311d1275f0", "name": "member"}], "catalog": [{"endpoints": [{"id": "739504e9a0114bbb8977cbef466e8c21", "interface": "internal", "region_id": "RegionOne", "url": "http://[LB_IP_ADDRESS]:8774/v2.1", "region": "RegionOne"}, {"id": "f6969022f167421d9db74a0998202ff5", "interface": "public", "region_id": "RegionOne", "url": "http://[LB_IP_ADDRESS]:8774/v2.1", "region": "RegionOne"}], "id": "44a0959127c3454e9786c5749fe1577f", "type": "compute", "name": "nova"}, {"endpoints": [{"id": "108a5ebb729844a5b0d1c50084749a1f", "interface": "internal", "region_id": "RegionOne", "url": "http://[LB_IP_ADDRESS]:8776/v3/25955c3f6d48448a954608c5f1491d39", "region": "RegionOne"}, {"id": "dba6d13e0e7346c0a8ac169a37748b73", "interface": "public", "region_id": "RegionOne", "url": "http://[LB_IP_ADDRESS]:8776/v3/25955c3f6d48448a954608c5f1491d39", "region": "RegionOne"}], "id": "7652603d88034d12a50c180163a105c9", "type": "volumev3", "name": "cinderv3"}, {"endpoints": [{"id": "1fe7141eb3cf4522bf5e904c3dd99e79", "interface": "public", "region_id": "RegionOne", "url": "http://[LB_IP_ADDRESS]:8780", "region": "RegionOne"}, {"id": "cb27d090350745998c239682bf56e2d0", "interface": "internal", "region_id": "RegionOne", "url": "http://[LB_IP_ADDRESS]:8780", "region": "RegionOne"}], "id": "9ebdc30da43944179e332b2df82472de", "type": "placement", "name": "placement"}, {"endpoints": [{"id": "50fa47348d40459f890b2403f74ce00d", "interface": "public", "region_id": "RegionOne", "url": "http://[LB_IP_ADDRESS]:9292", "region": "RegionOne"}, {"id": "8077848c7d8146c2872cd140dafd0e80", "interface": "internal", "region_id": "RegionOne", "url": "http://[LB_IP_ADDRESS]:9292", "region": "RegionOne"}], "id": "ad2631768f6c43d1925be888fe0e299b", "type": "image", "name": "glance"}, {"endpoints": [{"id": "a9072db44187495da1bbd2d9c13151f5", "interface": "internal", "region_id": "RegionOne", "url": "http://[LB_IP_ADDRESS]:5000", "region": "RegionOne"}, {"id": "fa36cbf491b84186840fbde4a043e583", "interface": "public", "region_id": "RegionOne", "url": "http://[LB_IP_ADDRESS]:5000", "region": "RegionOne"}], "id": "e33b9b697b9c47afb9f1c5f1ff34ead3", "type": "identity", "name": "keystone"}, {"endpoints": [{"id": "27419cef3948487a8bd95c468cedbcb8", "interface": "public", "region_id": "RegionOne", "url": "http://[LB_IP_ADDRESS]:9696", "region": "RegionOne"}, {"id": "9624f9cd6e7e4c6894476967f489f70c", "interface": "internal", "region_id": "RegionOne", "url": "http://[LB_IP_ADDRESS]:9696", "region": "RegionOne"}], "id": "e6049fa520674bf5b7fe9f64cbfc6d75", "type": "network", "name": "neutron"}]}}'

    2024-06-27 11:15:29,262 25503 DEBUG    [tempest.lib.common.dynamic_creds] Creating new dynamic creds for scope: None and credential_type: admin
2024-06-27 11:15:29,395 25503 INFO     [tempest.lib.common.rest_client] Request (VolumesNegativeTest:test_attach_volumes_with_nonexistent_volume_id): 201 POST http://[LB_IP_ADDRESS]:5000/v3/projects 0.132s
2024-06-27 11:15:29,396 25503 DEBUG    [tempest.lib.common.rest_client] Request - Headers: {'Content-Type': 'application/json', 'Accept': 'application/json', 'X-Auth-Token': '<omitted>'}
        Body: {"project": {"description": "tempest-VolumesNegativeTest-630544156-desc", "domain_id": "default", "name": "tempest-VolumesNegativeTest-630544156"}}
    Response - Headers: {'date': 'Thu, 27 Jun 2024 11:15:29 GMT', 'server': 'Apache', 'content-length': '372', 'vary': 'X-Auth-Token', 'x-openstack-request-id': 'req-c57d207c-5e5e-4651-aee1-096085e35eb5', 'connection': 'close', 'content-type': 'application/json', 'status': '201', 'content-location': 'http://[LB_IP_ADDRESS]:5000/v3/projects'}
        Body: b'{"project": {"id": "eaf8914e3b324faa9435b597b4a245a3", "name": "tempest-VolumesNegativeTest-630544156", "domain_id": "default", "description": "tempest-VolumesNegativeTest-630544156-desc", "enabled": true, "parent_id": "default", "is_domain": false, "tags": [], "options": {}, "links": {"self": "http://[LB_IP_ADDRESS]:5000/v3/projects/eaf8914e3b324faa9435b597b4a245a3"}}}\n'
2024-06-27 11:15:30,028 25503 INFO     [tempest.lib.common.rest_client] Request (VolumesNegativeTest:test_attach_volumes_with_nonexistent_volume_id): 201 POST http://[LB_IP_ADDRESS]:5000/v3/users 0.631s
2024-06-27 11:15:30,028 25503 DEBUG    [tempest.lib.common.rest_client] Request - Headers: {'Content-Type': 'application/json', 'Accept': 'application/json', 'X-Auth-Token': '<omitted>'}
        Body: {"user": {"name": "tempest-VolumesNegativeTest-630544156-project-admin", "password": "A7&O!r59&6N2On^", "domain_id": "default"}}
    Response - Headers: {'date': 'Thu, 27 Jun 2024 11:15:29 GMT', 'server': 'Apache', 'content-length': '292', 'vary': 'X-Auth-Token', 'x-openstack-request-id': 'req-4041062b-58c3-4b6e-a3be-deeddfd4fef2', 'connection': 'close', 'content-type': 'application/json', 'status': '201', 'content-location': 'http://[LB_IP_ADDRESS]:5000/v3/users'}
        Body: b'{"user": {"id": "d84065884e364faa84b2fcb3c0e22843", "name": "tempest-VolumesNegativeTest-630544156-project-admin", "domain_id": "default", "enabled": true, "password_expires_at": null, "options": {}, "links": {"self": "http://[LB_IP_ADDRESS]:5000/v3/users/d84065884e364faa84b2fcb3c0e22843"}}}\n'
2024-06-27 11:15:30,117 25503 INFO     [tempest.lib.common.rest_client] Request (VolumesNegativeTest:test_attach_volumes_with_nonexistent_volume_id): 200 GET http://[LB_IP_ADDRESS]:5000/v3/roles 0.088s
2024-06-27 11:15:30,117 25503 DEBUG    [tempest.lib.common.rest_client] Request - Headers: {'Content-Type': 'application/json', 'Accept': 'application/json', 'X-Auth-Token': '<omitted>'}
        Body: None
    Response - Headers: {'date': 'Thu, 27 Jun 2024 11:15:30 GMT', 'server': 'Apache', 'content-length': '1438', 'vary': 'X-Auth-Token', 'x-openstack-request-id': 'req-7ec55114-592d-4793-a347-50c36268a191', 'connection': 'close', 'content-type': 'application/json', 'status': '200', 'content-location': 'http://[LB_IP_ADDRESS]:5000/v3/roles'}
        Body: b'{"roles": [{"id": "659f402291c342c1806564311d1275f0", "name": "member", "domain_id": null, "description": null, "options": {"immutable": true}, "links": {"self": "http://[LB_IP_ADDRESS]:5000/v3/roles/659f402291c342c1806564311d1275f0"}}, {"id": "a4abfcc098c84e80b9f74392bf18365a", "name": "manager", "domain_id": null, "description": null, "options": {"immutable": true}, "links": {"self": "http://[LB_IP_ADDRESS]:5000/v3/roles/a4abfcc098c84e80b9f74392bf18365a"}}, {"id": "ab3a0f28d13544beafe422c9a65edcb5", "name": "admin", "domain_id": null, "description": null, "options": {"immutable": true}, "links": {"self": "http://[LB_IP_ADDRESS]:5000/v3/roles/ab3a0f28d13544beafe422c9a65edcb5"}}, {"id": "b0f479c4cd354db7bd8e89d
    b4e9f46ee", "name": "reader", "domain_id": null, "description": null, "options": {"immutable": true}, "links": {"self": "http://[LB_IP_ADDRESS]:5000/v3/roles/b0f479c4cd354db7bd8e89db4e9f46ee"}}, {"id": "bf1368997cb84a39a79ed2cbae917939", "name": "service", "domain_id": null, "description": null, "options": {"immutable": true}, "links": {"self": "http://[LB_IP_ADDRESS]:5000/v3/roles/bf1368997cb84a39a79ed2cbae917939"}}, {"id": "f82a2d99fd5d4767b3af21bd9526d3d8", "name": "_member_", "domain_id": null, "description": null, "options": {}, "links": {"self": "http://[LB_IP_ADDRESS]:5000/v3/roles/f82a2d99fd5d4767b3af21bd9526d3d8"}}], "links": {"next": null, "self": "http://[LB_IP_ADDRESS]:5000/v3/roles", "previous": null}}\n'
2024-06-27 11:15:30,167 25503 INFO     [tempest.lib.common.rest_client] Request (VolumesNegativeTest:test_attach_volumes_with_nonexistent_volume_id): 204 PUT http://[LB_IP_ADDRESS]:5000/v3/projects/eaf8914e3b324faa9435b597b4a245a3/users/d84065884e364faa84b2fcb3c0e22843/roles/ab3a0f28d13544beafe422c9a65edcb5 0.048s
2024-06-27 11:15:30,167 25503 DEBUG    [tempest.lib.common.rest_client] Request - Headers: {'Content-Type': 'application/json', 'Accept': 'application/json', 'X-Auth-Token': '<omitted>'}
        Body: None
    Response - Headers: {'date': 'Thu, 27 Jun 2024 11:15:30 GMT', 'server': 'Apache', 'vary': 'X-Auth-Token', 'x-openstack-request-id': 'req-73cc6d1f-bc19-43e6-820c-9867867b449a', 'connection': 'close', 'status': '204', 'content-location': 'http://[LB_IP_ADDRESS]:5000/v3/projects/eaf8914e3b324faa9435b597b4a245a3/users/d84065884e364faa84b2fcb3c0e22843/roles/ab3a0f28d13544beafe422c9a65edcb5'}
        Body: b''
2024-06-27 11:15:30,253 25503 INFO     [tempest.lib.common.rest_client] Request (VolumesNegativeTest:test_attach_volumes_with_nonexistent_volume_id): 200 GET http://[LB_IP_ADDRESS]:5000/v3/roles 0.085s
2024-06-27 11:15:30,254 25503 DEBUG    [tempest.lib.common.rest_client] Request - Headers: {'Content-Type': 'application/json', 'Accept': 'application/json', 'X-Auth-Token': '<omitted>'}
        Body: None
    Response - Headers: {'date': 'Thu, 27 Jun 2024 11:15:30 GMT', 'server': 'Apache', 'content-length': '1438', 'vary': 'X-Auth-Token', 'x-openstack-request-id': 'req-4bd0fa46-0a2d-44bc-aa6f-a801bfc0cccd', 'connection': 'close', 'content-type': 'application/json', 'status': '200', 'content-location': 'http://[LB_IP_ADDRESS]:5000/v3/roles'}
        Body: b'{"roles": [{"id": "659f402291c342c1806564311d1275f0", "name": "member", "domain_id": null, "description": null, "options": {"immutable": true}, "links": {"self": "http://[LB_IP_ADDRESS]:5000/v3/roles/659f402291c342c1806564311d1275f0"}}, {"id": "a4abfcc098c84e80b9f74392bf18365a", "name": "manager", "domain_id": null, "description": null, "options": {"immutable": true}, "links": {"self": "http://[LB_IP_ADDRESS]:5000/v3/roles/a4abfcc098c84e80b9f74392bf18365a"}}, {"id": "ab3a0f28d13544beafe422c9a65edcb5", "name": "admin", "domain_id": null, "description": null, "options": {"immutable": true}, "links": {"self": "http://[LB_IP_ADDRESS]:5000/v3/roles/ab3a0f28d13544beafe422c9a65edcb5"}}, {"id": "b0f479c4cd354db7bd8e89db4e9f46ee", "name": "reader", "domain_id": null, "description": null, "options": {"immutable": true}, "links": {"self": "http://[LB_IP_ADDRESS]:5000/v3/roles/b0f479c4cd354db7bd8e89db4e9f46ee"}}, {"id": "bf1368997cb84a39a79ed2cbae917939", "name": "service", "domain_id": null, "description": null, "options": {"immutable": true}, "links": {"self": "http://[LB_IP_ADDRESS]:5000/v3/roles/bf1368997cb84a39a79ed2cbae917939"}}, {"id": "f82a2d99fd5d4767b3af21bd9526d3d8", "name": "_member_", "domain_id": null, "description": null, "options": {}, "links": {"self": "http://[LB_IP_ADDRESS]:5000/v3/roles/f82a2d99fd5d4767b3af21bd9526d3d8"}}], "links": {"next": null, "self": "http://[LB_IP_ADDRESS]:5000/v3/roles", "previous": null}}\n'
2024-06-27 11:15:30,293 25503 INFO     [tempest.lib.common.rest_client] Request (VolumesNegativeTest:test_attach_volumes_with_nonexistent_volume_id): 204 PUT http://[LB_IP_ADDRESS]:5000/v3/domains/default/users/d84065884e364faa84b2fcb3c
    0e22843/roles/ab3a0f28d13544beafe422c9a65edcb5 0.038s
2024-06-27 11:15:30,293 25503 DEBUG    [tempest.lib.common.rest_client] Request - Headers: {'Content-Type': 'application/json', 'Accept': 'application/json', 'X-Auth-Token': '<omitted>'}
        Body: None
    Response - Headers: {'date': 'Thu, 27 Jun 2024 11:15:30 GMT', 'server': 'Apache', 'vary': 'X-Auth-Token', 'x-openstack-request-id': 'req-34d3f367-8843-43c7-ab06-a1d78b37f353', 'connection': 'close', 'status': '204', 'content-location': 'http://[LB_IP_ADDRESS]:5000/v3/domains/default/users/d84065884e364faa84b2fcb3c0e22843/roles/ab3a0f28d13544beafe422c9a65edcb5'}
        Body: b''
2024-06-27 11:15:30,385 25503 INFO     [tempest.lib.common.rest_client] Request (VolumesNegativeTest:test_attach_volumes_with_nonexistent_volume_id): 200 GET http://[LB_IP_ADDRESS]:5000/v3/roles 0.092s
2024-06-27 11:15:30,386 25503 DEBUG    [tempest.lib.common.rest_client] Request - Headers: {'Content-Type': 'application/json', 'Accept': 'application/json', 'X-Auth-Token': '<omitted>'}
        Body: None
    Response - Headers: {'date': 'Thu, 27 Jun 2024 11:15:30 GMT', 'server': 'Apache', 'content-length': '1438', 'vary': 'X-Auth-Token', 'x-openstack-request-id': 'req-cfd1123b-c51f-4b2b-893e-c18bc60c8ff3', 'connection': 'close', 'content-type': 'application/json', 'status': '200', 'content-location': 'http://[LB_IP_ADDRESS]:5000/v3/roles'}
        Body: b'{"roles": [{"id": "659f402291c342c1806564311d1275f0", "name": "member", "domain_id": null, "description": null, "options": {"immutable": true}, "links": {"self": "http://[LB_IP_ADDRESS]:5000/v3/roles/659f402291c342c1806564311d1275f0"}}, {"id": "a4abfcc098c84e80b9f74392bf18365a", "name": "manager", "domain_id": null, "description": null, "options": {"immutable": true}, "links": {"self": "http://[LB_IP_ADDRESS]:5000/v3/roles/a4abfcc098c84e80b9f74392bf18365a"}}, {"id": "ab3a0f28d13544beafe422c9a65edcb5", "name": "admin", "domain_id": null, "description": null, "options": {"immutable": true}, "links": {"self": "http://[LB_IP_ADDRESS]:5000/v3/roles/ab3a0f28d13544beafe422c9a65edcb5"}}, {"id": "b0f479c4cd354db7bd8e89db4e9f46ee", "name": "reader", "domain_id": null, "description": null, "options": {"immutable": true}, "links": {"self": "http://[LB_IP_ADDRESS]:5000/v3/roles/b0f479c4cd354db7bd8e89db4e9f46ee"}}, {"id": "bf1368997cb84a39a79ed2cbae917939", "name": "service", "domain_id": null, "description": null, "options": {"immutable": true}, "links": {"self": "http://[LB_IP_ADDRESS]:5000/v3/roles/bf1368997cb84a39a79ed2cbae917939"}}, {"id": "f82a2d99fd5d4767b3af21bd9526d3d8", "name": "_member_", "domain_id": null, "description": null, "options": {}, "links": {"self": "http://[LB_IP_ADDRESS]:5000/v3/roles/f82a2d99fd5d4767b3af21bd9526d3d8"}}], "links": {"next": null, "self": "http://[LB_IP_ADDRESS]:5000/v3/roles", "previous": null}}\n'
2024-06-27 11:15:30,426 25503 INFO     [tempest.lib.common.rest_client] Request (VolumesNegativeTest:test_attach_volumes_with_nonexistent_volume_id): 204 PUT http://[LB_IP_ADDRESS]:5000/v3/projects/eaf8914e3b324faa9435b597b4a245a3/users/d84065884e364faa84b2fcb3c0e22843/roles/ab3a0f28d13544beafe422c9a65edcb5 0.039s
2024-06-27 11:15:30,426 25503 DEBUG    [tempest.lib.common.rest_client] Request - Headers: {'Content-Type': 'application/json', 'Accept': 'application/json', 'X-Auth-Token': '<omitted>'}
        Body: None
    Response - Headers: {'date': 'Thu, 27 Jun 2024 11:15:30 GMT', 'server': 'Apache', 'vary': 'X-Auth-Token', 'x-openstack-request-id': 'req-c1d663c4-b663-4005-b36c-0f00615bdc4e', 'connection': 'close', 'status': '204', 'content-location': 'http://[LB_IP_ADDRESS]:5000/v3/projects/eaf8914e3b324faa9435b597b4a245a3/users/d84065884e364faa84b2fcb3c0e22843/roles/ab3a0f28d13544beafe422c9a65edcb5'}
        Body: b''
2024-06-27 11:15:30,511 25503 INFO     [tempest.lib.common.rest_client] Request (VolumesNegativeTest:test_attach_volumes_with_nonexistent_volume_id): 200 GET http://[LB_IP_ADDRESS]:5000/v3/roles 0.084s
2024-06-27 11:15:30,511 25503 DEBUG    [tempest.lib.common.rest_client] Request - Headers: {'Content-Type': 'appl
    ication/json', 'Accept': 'application/json', 'X-Auth-Token': '<omitted>'}
        Body: None
    Response - Headers: {'date': 'Thu, 27 Jun 2024 11:15:30 GMT', 'server': 'Apache', 'content-length': '1438', 'vary': 'X-Auth-Token', 'x-openstack-request-id': 'req-91a0faf3-6b51-459a-8f99-7a02da3f4786', 'connection': 'close', 'content-type': 'application/json', 'status': '200', 'content-location': 'http://[LB_IP_ADDRESS]:5000/v3/roles'}
        Body: b'{"roles": [{"id": "659f402291c342c1806564311d1275f0", "name": "member", "domain_id": null, "description": null, "options": {"immutable": true}, "links": {"self": "http://[LB_IP_ADDRESS]:5000/v3/roles/659f402291c342c1806564311d1275f0"}}, {"id": "a4abfcc098c84e80b9f74392bf18365a", "name": "manager", "domain_id": null, "description": null, "options": {"immutable": true}, "links": {"self": "http://[LB_IP_ADDRESS]:5000/v3/roles/a4abfcc098c84e80b9f74392bf18365a"}}, {"id": "ab3a0f28d13544beafe422c9a65edcb5", "name": "admin", "domain_id": null, "description": null, "options": {"immutable": true}, "links": {"self": "http://[LB_IP_ADDRESS]:5000/v3/roles/ab3a0f28d13544beafe422c9a65edcb5"}}, {"id": "b0f479c4cd354db7bd8e89db4e9f46ee", "name": "reader", "domain_id": null, "description": null, "options": {"immutable": true}, "links": {"self": "http://[LB_IP_ADDRESS]:5000/v3/roles/b0f479c4cd354db7bd8e89db4e9f46ee"}}, {"id": "bf1368997cb84a39a79ed2cbae917939", "name": "service", "domain_id": null, "description": null, "options": {"immutable": true}, "links": {"self": "http://[LB_IP_ADDRESS]:5000/v3/roles/bf1368997cb84a39a79ed2cbae917939"}}, {"id": "f82a2d99fd5d4767b3af21bd9526d3d8", "name": "_member_", "domain_id": null, "description": null, "options": {}, "links": {"self": "http://[LB_IP_ADDRESS]:5000/v3/roles/f82a2d99fd5d4767b3af21bd9526d3d8"}}], "links": {"next": null, "self": "http://[LB_IP_ADDRESS]:5000/v3/roles", "previous": null}}\n'
2024-06-27 11:15:30,548 25503 INFO     [tempest.lib.common.rest_client] Request (VolumesNegativeTest:test_attach_volumes_with_nonexistent_volume_id): 204 PUT http://[LB_IP_ADDRESS]:5000/v3/projects/eaf8914e3b324faa9435b597b4a245a3/users/d84065884e364faa84b2fcb3c0e22843/roles/ab3a0f28d13544beafe422c9a65edcb5 0.036s
2024-06-27 11:15:30,549 25503 DEBUG    [tempest.lib.common.rest_client] Request - Headers: {'Content-Type': 'application/json', 'Accept': 'application/json', 'X-Auth-Token': '<omitted>'}
        Body: None
    Response - Headers: {'date': 'Thu, 27 Jun 2024 11:15:30 GMT', 'server': 'Apache', 'vary': 'X-Auth-Token', 'x-openstack-request-id': 'req-d3074564-eeab-42cf-bbc6-58bbfd7dfccc', 'connection': 'close', 'status': '204', 'content-location': 'http://[LB_IP_ADDRESS]:5000/v3/projects/eaf8914e3b324faa9435b597b4a245a3/users/d84065884e364faa84b2fcb3c0e22843/roles/ab3a0f28d13544beafe422c9a65edcb5'}
        Body: b''
2024-06-27 11:15:30,549 25503 INFO     [tempest.lib.common.dynamic_creds] Dynamic test user d84065884e364faa84b2fcb3c0e22843 is created with scope project and roles: ['admin', 'admin']
2024-06-27 11:15:30,550 25503 INFO     [tempest.lib.common.dynamic_creds] Acquired dynamic creds:
 credentials: Credentials: {'domain_id': 'default', 'domain_name': 'Default', 'username': 'tempest-VolumesNegativeTest-630544156-project-admin', 'project_domain_id': 'default', 'project_domain_name': 'Default', 'project_id': 'eaf8914e3b324faa9435b597b4a245a3', 'project_name': 'tempest-VolumesNegativeTest-630544156', 'tenant_id': 'eaf8914e3b324faa9435b597b4a245a3', 'tenant_name': 'tempest-VolumesNegativeTest-630544156', 'user_domain_id': 'default', 'user_domain_name': 'Default', 'user_id': 'd84065884e364faa84b2fcb3c0e22843', 'system': None}, Network: None, Subnet: None, Router: None
2024-06-27 11:15:30,556 25503 INFO     [tempest.lib.common.fixed_network] (VolumesNegativeTest:test_attach_volumes_with_nonexistent_volume_id) Found network None available for tenant
2024-06-27 11:15:30,839 25503 INFO     [tempest.lib.common.rest_client] Request (VolumesNegativeTest:test_attach_volumes_with_nonexistent_volume_id): 202 POST http://[LB_IP_ADDRESS]:8774/v2.1/servers 0.283s
2024-06-27 1
    1:15:30,840 25503 DEBUG    [tempest.lib.common.rest_client] Request - Headers: {'Content-Type': 'application/json', 'Accept': 'application/json', 'X-Auth-Token': '<omitted>'}
        Body: {"server": {"name": "tempest-VolumesNegativeTest-instance-865548951", "imageRef": "90fe7e6d-5185-4cd1-b128-6c126844d9da", "flavorRef": "0"}}
    Response - Headers: {'date': 'Thu, 27 Jun 2024 11:15:30 GMT', 'server': 'Apache/2.4.52 (Ubuntu)', 'content-length': '380', 'location': 'http://[LB_IP_ADDRESS]:8774/v2.1/servers/89969d90-cc1e-4290-8ee4-c5c761a854a0', 'openstack-api-version': 'compute 2.1', 'x-openstack-nova-api-version': '2.1', 'vary': 'OpenStack-API-Version,X-OpenStack-Nova-API-Version', 'x-openstack-request-id': 'req-d4ff07ca-0cc6-4165-b9d4-1f88ef52dbb9', 'x-compute-request-id': 'req-d4ff07ca-0cc6-4165-b9d4-1f88ef52dbb9', 'connection': 'close', 'content-type': 'application/json', 'status': '202', 'content-location': 'http://[LB_IP_ADDRESS]:8774/v2.1/servers'}
        Body: b'{"server": {"id": "89969d90-cc1e-4290-8ee4-c5c761a854a0", "links": [{"rel": "self", "href": "http://[LB_IP_ADDRESS]:8774/v2.1/servers/89969d90-cc1e-4290-8ee4-c5c761a854a0"}, {"rel": "bookmark", "href": "http://[LB_IP_ADDRESS]:8774/servers/89969d90-cc1e-4290-8ee4-c5c761a854a0"}], "OS-DCF:diskConfig": "MANUAL", "security_groups": [{"name": "default"}], "adminPass": "UcVr96dSkCpH"}}'
2024-06-27 11:15:30,912 25503 INFO     [tempest.lib.common.rest_client] Request (VolumesNegativeTest:test_attach_volumes_with_nonexistent_volume_id): 200 GET http://[LB_IP_ADDRESS]:8774/v2.1/servers/89969d90-cc1e-4290-8ee4-c5c761a854a0 0.068s
2024-06-27 11:15:30,912 25503 DEBUG    [tempest.lib.common.rest_client] Request - Headers: {'Content-Type': 'application/json', 'Accept': 'application/json', 'X-Auth-Token': '<omitted>'}
        Body: None
    Response - Headers: {'date': 'Thu, 27 Jun 2024 11:15:30 GMT', 'server': 'Apache/2.4.52 (Ubuntu)', 'content-length': '1322', 'openstack-api-version': 'compute 2.1', 'x-openstack-nova-api-version': '2.1', 'vary': 'OpenStack-API-Version,X-OpenStack-Nova-API-Version', 'x-openstack-request-id': 'req-1189c82a-68b2-4420-8c73-e39fff92244f', 'x-compute-request-id': 'req-1189c82a-68b2-4420-8c73-e39fff92244f', 'connection': 'close', 'content-type': 'application/json', 'status': '200', 'content-location': 'http://[LB_IP_ADDRESS]:8774/v2.1/servers/89969d90-cc1e-4290-8ee4-c5c761a854a0'}
        Body: b'{"server": {"id": "89969d90-cc1e-4290-8ee4-c5c761a854a0", "name": "tempest-VolumesNegativeTest-instance-865548951", "status": "BUILD", "tenant_id": "25955c3f6d48448a954608c5f1491d39", "user_id": "08ae239edcd0444cac9b201926580504", "metadata": {}, "hostId": "", "image": {"id": "90fe7e6d-5185-4cd1-b128-6c126844d9da", "links": [{"rel": "bookmark", "href": "http://[LB_IP_ADDRESS]:8774/images/90fe7e6d-5185-4cd1-b128-6c126844d9da"}]}, "flavor": {"id": "0", "links": [{"rel": "bookmark", "href": "http://[LB_IP_ADDRESS]:8774/flavors/0"}]}, "created": "2024-06-27T11:15:30Z", "updated": "2024-06-27T11:15:30Z", "addresses": {}, "accessIPv4": "", "accessIPv6": "", "links": [{"rel": "self", "href": "http://[LB_IP_ADDRESS]:8774/v2.1/servers/89969d90-cc1e-4290-8ee4-c5c761a854a0"}, {"rel": "bookmark", "href": "http://[LB_IP_ADDRESS]:8774/servers/89969d90-cc1e-4290-8ee4-c5c761a854a0"}], "OS-DCF:diskConfig": "MANUAL", "progress": 0, "OS-EXT-AZ:availability_zone": "", "config_drive": "", "key_name": null, "OS-SRV-USG:launched_at": null, "OS-SRV-USG:terminated_at": null, "OS-EXT-SRV-ATTR:host": null, "OS-EXT-SRV-ATTR:instance_name": "", "OS-EXT-SRV-ATTR:hypervisor_hostname": null, "OS-EXT-STS:task_state": "scheduling", "OS-EXT-STS:vm_state": "building", "OS-EXT-STS:power_state": 0, "os-extended-volumes:volumes_attached": []}}'
2024-06-27 11:15:32,014 25503 INFO     [tempest.lib.common.rest_client] Request (VolumesNegativeTest:test_attach_volumes_with_nonexistent_volume_id): 200 GET http://[LB_IP_ADDRESS]:8774/v2.1/servers/89969d90-cc1e-4290-8ee4-c5c761a854a0 0.082s
2024-06-27 11:15:32,014 25503 DEBUG    [tempest.lib.common.rest_client] Request - Headers: {'Content-Type': 'applicati
    on/json', 'Accept': 'application/json', 'X-Auth-Token': '<omitted>'}
        Body: None
    Response - Headers: {'date': 'Thu, 27 Jun 2024 11:15:31 GMT', 'server': 'Apache/2.4.52 (Ubuntu)', 'content-length': '1425', 'openstack-api-version': 'compute 2.1', 'x-openstack-nova-api-version': '2.1', 'vary': 'OpenStack-API-Version,X-OpenStack-Nova-API-Version', 'x-openstack-request-id': 'req-957f2668-7ef0-4636-9178-dabc485d47a7', 'x-compute-request-id': 'req-957f2668-7ef0-4636-9178-dabc485d47a7', 'connection': 'close', 'content-type': 'application/json', 'status': '200', 'content-location': 'http://[LB_IP_ADDRESS]:8774/v2.1/servers/89969d90-cc1e-4290-8ee4-c5c761a854a0'}
        Body: b'{"server": {"id": "89969d90-cc1e-4290-8ee4-c5c761a854a0", "name": "tempest-VolumesNegativeTest-instance-865548951", "status": "BUILD", "tenant_id": "25955c3f6d48448a954608c5f1491d39", "user_id": "08ae239edcd0444cac9b201926580504", "metadata": {}, "hostId": "f8cacf7ffcdb5dde35d425631341c3f9bb3c13564259953be84057d4", "image": {"id": "90fe7e6d-5185-4cd1-b128-6c126844d9da", "links": [{"rel": "bookmark", "href": "http://[LB_IP_ADDRESS]:8774/images/90fe7e6d-5185-4cd1-b128-6c126844d9da"}]}, "flavor": {"id": "0", "links": [{"rel": "bookmark", "href": "http://[LB_IP_ADDRESS]:8774/flavors/0"}]}, "created": "2024-06-27T11:15:30Z", "updated": "2024-06-27T11:15:31Z", "addresses": {}, "accessIPv4": "", "accessIPv6": "", "links": [{"rel": "self", "href": "http://[LB_IP_ADDRESS]:8774/v2.1/servers/89969d90-cc1e-4290-8ee4-c5c761a854a0"}, {"rel": "bookmark", "href": "http://[LB_IP_ADDRESS]:8774/servers/89969d90-cc1e-4290-8ee4-c5c761a854a0"}], "OS-DCF:diskConfig": "MANUAL", "progress": 0, "OS-EXT-AZ:availability_zone": "nova", "config_drive": "", "key_name": null, "OS-SRV-USG:launched_at": null, "OS-SRV-USG:terminated_at": null, "OS-EXT-SRV-ATTR:host": "rack13-server63", "OS-EXT-SRV-ATTR:instance_name": "instance-000000a3", "OS-EXT-SRV-ATTR:hypervisor_hostname": "rack13-server63", "OS-EXT-STS:task_state": "networking", "OS-EXT-STS:vm_state": "building", "OS-EXT-STS:power_state": 0, "os-extended-volumes:volumes_attached": []}}'
2024-06-27 11:15:32,031 25503 INFO     [tempest.common.waiters] State transition "BUILD/scheduling" ==> "BUILD/networking" after 2 second wait
2024-06-27 11:15:33,120 25503 INFO     [tempest.lib.common.rest_client] Request (VolumesNegativeTest:test_attach_volumes_with_nonexistent_volume_id): 200 GET http://[LB_IP_ADDRESS]:8774/v2.1/servers/89969d90-cc1e-4290-8ee4-c5c761a854a0 0.087s
2024-06-27 11:15:33,120 25503 DEBUG    [tempest.lib.common.rest_client] Request - Headers: {'Content-Type': 'application/json', 'Accept': 'application/json', 'X-Auth-Token': '<omitted>'}
        Body: None
    Response - Headers: {'date': 'Thu, 27 Jun 2024 11:15:33 GMT', 'server': 'Apache/2.4.52 (Ubuntu)', 'content-length': '1343', 'openstack-api-version': 'compute 2.1', 'x-openstack-nova-api-version': '2.1', 'vary': 'OpenStack-API-Version,X-OpenStack-Nova-API-Version', 'x-openstack-request-id': 'req-dee10e28-97e2-4d99-9e53-826873001b5b', 'x-compute-request-id': 'req-dee10e28-97e2-4d99-9e53-826873001b5b', 'connection': 'close', 'content-type': 'application/json', 'status': '200', 'content-location': 'http://[LB_IP_ADDRESS]:8774/v2.1/servers/89969d90-cc1e-4290-8ee4-c5c761a854a0'}
        Body: b'{"server": {"id": "89969d90-cc1e-4290-8ee4-c5c761a854a0", "name": "tempest-VolumesNegativeTest-instance-865548951", "status": "BUILD", "tenant_id": "25955c3f6d48448a954608c5f1491d39", "user_id": "08ae239edcd0444cac9b201926580504", "metadata": {}, "hostId": "", "image": {"id": "90fe7e6d-5185-4cd1-b128-6c126844d9da", "links": [{"rel": "bookmark", "href": "http://[LB_IP_ADDRESS]:8774/images/90fe7e6d-5185-4cd1-b128-6c126844d9da"}]}, "flavor": {"id": "0", "links": [{"rel": "bookmark", "href": "http://[LB_IP_ADDRESS]:8774/flavors/0"}]}, "created": "2024-06-27T11:15:30Z", "updated": "2024-06-27T11:15:32Z", "addresses": {}, "accessIPv4": "", "accessIPv6": "", "links": [{"rel": "self", "href": "http://[LB_IP_ADDRESS]:8774/v2.1/servers/89969d90-cc1e-4290-8ee4-c5c761a854a0"}, {"rel": "bookmark",
     "href": "http://[LB_IP_ADDRESS]:8774/servers/89969d90-cc1e-4290-8ee4-c5c761a854a0"}], "OS-DCF:diskConfig": "MANUAL", "progress": 0, "OS-EXT-AZ:availability_zone": "nova", "config_drive": "", "key_name": null, "OS-SRV-USG:launched_at": null, "OS-SRV-USG:terminated_at": null, "OS-EXT-SRV-ATTR:host": null, "OS-EXT-SRV-ATTR:instance_name": "instance-000000a3", "OS-EXT-SRV-ATTR:hypervisor_hostname": null, "OS-EXT-STS:task_state": "networking", "OS-EXT-STS:vm_state": "building", "OS-EXT-STS:power_state": 0, "os-extended-volumes:volumes_attached": []}}'
2024-06-27 11:15:34,251 25503 INFO     [tempest.lib.common.rest_client] Request (VolumesNegativeTest:test_attach_volumes_with_nonexistent_volume_id): 200 GET http://[LB_IP_ADDRESS]:8774/v2.1/servers/89969d90-cc1e-4290-8ee4-c5c761a854a0 0.112s
2024-06-27 11:15:34,252 25503 DEBUG    [tempest.lib.common.rest_client] Request - Headers: {'Content-Type': 'application/json', 'Accept': 'application/json', 'X-Auth-Token': '<omitted>'}
        Body: None
    Response - Headers: {'date': 'Thu, 27 Jun 2024 11:15:34 GMT', 'server': 'Apache/2.4.52 (Ubuntu)', 'content-length': '4816', 'openstack-api-version': 'compute 2.1', 'x-openstack-nova-api-version': '2.1', 'vary': 'OpenStack-API-Version,X-OpenStack-Nova-API-Version', 'x-openstack-request-id': 'req-d0aa06aa-45af-4144-9d83-f76123c2b2cf', 'x-compute-request-id': 'req-d0aa06aa-45af-4144-9d83-f76123c2b2cf', 'connection': 'close', 'content-type': 'application/json', 'status': '200', 'content-location': 'http://[LB_IP_ADDRESS]:8774/v2.1/servers/89969d90-cc1e-4290-8ee4-c5c761a854a0'}
        Body: b'{"server": {"id": "89969d90-cc1e-4290-8ee4-c5c761a854a0", "name": "tempest-VolumesNegativeTest-instance-865548951", "status": "ERROR", "tenant_id": "25955c3f6d48448a954608c5f1491d39", "user_id": "08ae239edcd0444cac9b201926580504", "metadata": {}, "hostId": "", "image": {"id": "90fe7e6d-5185-4cd1-b128-6c126844d9da", "links": [{"rel": "bookmark", "href": "http://[LB_IP_ADDRESS]:8774/images/90fe7e6d-5185-4cd1-b128-6c126844d9da"}]}, "flavor": {"id": "0", "links": [{"rel": "bookmark", "href": "http://[LB_IP_ADDRESS]:8774/flavors/0"}]}, "created": "2024-06-27T11:15:30Z", "updated": "2024-06-27T11:15:33Z", "addresses": {}, "accessIPv4": "", "accessIPv6": "", "links": [{"rel": "self", "href": "http://[LB_IP_ADDRESS]:8774/v2.1/servers/89969d90-cc1e-4290-8ee4-c5c761a854a0"}, {"rel": "bookmark", "href": "http://[LB_IP_ADDRESS]:8774/servers/89969d90-cc1e-4290-8ee4-c5c761a854a0"}], "OS-DCF:diskConfig": "MANUAL", "fault": {"code": 500, "created": "2024-06-27T11:15:33Z", "message": "Build of instance 89969d90-cc1e-4290-8ee4-c5c761a854a0 aborted: Failure prepping block device.", "details": "Traceback (most recent call last):\\n  File \\"/var/lib/kolla/venv/lib/python3.10/site-packages/nova/compute/manager.py\\", line 2863, in _build_resources\\n    self._default_block_device_names(instance, image_meta,\\n  File \\"/var/lib/kolla/venv/lib/python3.10/site-packages/nova/compute/manager.py\\", line 2176, in _default_block_device_names\\n    self._default_device_names_for_instance(instance,\\n  File \\"/var/lib/kolla/venv/lib/python3.10/site-packages/nova/compute/manager.py\\", line 2095, in _default_device_names_for_instance\\n    self.driver.default_device_names_for_instance(instance,\\n  File \\"/var/lib/kolla/venv/lib/python3.10/site-packages/nova/virt/libvirt/driver.py\\", line 13719, in default_device_names_for_instance\\n    block_device_info = driver.get_block_device_info(instance,\\n  File \\"/var/lib/kolla/venv/lib/python3.10/site-packages/nova/virt/driver.py\\", line 61, in get_block_device_info\\n    \'image\': virt_block_device.convert_local_images(\\n  File \\"/var/lib/kolla/venv/lib/python3.10/site-packages/nova/virt/block_device.py\\", line 891, in _convert_block_devices\\n    devices.append(device_type(bdm))\\n  File \\"/var/lib/kolla/venv/lib/python3.10/site-packages/nova/virt/block_device.py\\", line 123, in __init__\\n    self._transform()\\n  File \\"/var/lib/kolla/venv/lib/python3.10/site-packages/nova/virt/block_device.py\\", line 299, in _transform\\n  
      \'encryption_details\': self._bdm_obj.encryption_details,\\n  File \\"/var/lib/kolla/venv/lib/python3.10/site-packages/oslo_versionedobjects/base.py\\", line 67, in getter\\n    self.obj_load_attr(name)\\n  File \\"/var/lib/kolla/venv/lib/python3.10/site-packages/nova/objects/base.py\\", line 120, in wrapper\\n    return fn(self, attrname)\\n  File \\"/var/lib/kolla/venv/lib/python3.10/site-packages/nova/objects/block_device.py\\", line 387, in obj_load_attr\\n    raise exception.ObjectActionError(\\nnova.exception.ObjectActionError: Object action obj_load_attr failed because: attribute encryption_details not lazy-loadable\\n\\nDuring handling of the above exception, another exception occurred:\\n\\nTraceback (most recent call last):\\n  File \\"/var/lib/kolla/venv/lib/python3.10/site-packages/nova/compute/manager.py\\", line 2457, in _do_build_and_run_instance\\n    self._build_and_run_instance(context, instance, image,\\n  File \\"/var/lib/kolla/venv/lib/python3.10/site-packages/nova/compute/manager.py\\", line 2670, in _build_and_run_instance\\n    with excutils.save_and_reraise_exception():\\n  File \\"/var/lib/kolla/venv/lib/python3.10/site-packages/oslo_utils/excutils.py\\", line 227, in __exit__\\n    self.force_reraise()\\n  File \\"/var/lib/kolla/venv/lib/python3.10/site-packages/oslo_utils/excutils.py\\", line 200, in force_reraise\\n    raise self.value\\n  File \\"/var/lib/kolla/venv/lib/python3.10/site-packages/nova/compute/manager.py\\", line 2625, in _build_and_run_instance\\n    with self._build_resources(context, instance,\\n  File \\"/usr/lib/python3.1
2024-06-27 11:15:34,269 25503 INFO     [tempest.common.waiters] State transition "BUILD/networking" ==> "ERROR/None" after 4 second wait
2024-06-27 11:15:35,316 25503 INFO     [tempest.lib.common.rest_client] Request (VolumesNegativeTest:test_attach_volumes_with_nonexistent_volume_id): 204 DELETE http://[LB_IP_ADDRESS]:8774/v2.1/servers/89969d90-cc1e-4290-8ee4-c5c761a854a0 1.047s
2024-06-27 11:15:35,317 25503 DEBUG    [tempest.lib.common.rest_client] Request - Headers: {'Content-Type': 'application/json', 'Accept': 'application/json', 'X-Auth-Token': '<omitted>'}
        Body: None
    Response - Headers: {'date': 'Thu, 27 Jun 2024 11:15:34 GMT', 'server': 'Apache/2.4.52 (Ubuntu)', 'openstack-api-version': 'compute 2.1', 'x-openstack-nova-api-version': '2.1', 'vary': 'OpenStack-API-Version,X-OpenStack-Nova-API-Version', 'x-openstack-request-id': 'req-4d32c779-b7e1-4efa-83f5-38a99e8751c3', 'x-compute-request-id': 'req-4d32c779-b7e1-4efa-83f5-38a99e8751c3', 'connection': 'close', 'status': '204', 'content-location': 'http://[LB_IP_ADDRESS]:8774/v2.1/servers/89969d90-cc1e-4290-8ee4-c5c761a854a0'}
        Body: b''
2024-06-27 11:15:35,346 25503 INFO     [tempest.lib.common.rest_client] Request (VolumesNegativeTest:test_attach_volumes_with_nonexistent_volume_id): 404 GET http://[LB_IP_ADDRESS]:8774/v2.1/servers/89969d90-cc1e-4290-8ee4-c5c761a854a0 0.029s
2024-06-27 11:15:35,347 25503 DEBUG    [tempest.lib.common.rest_client] Request - Headers: {'Content-Type': 'application/json', 'Accept': 'application/json', 'X-Auth-Token': '<omitted>'}
        Body: None
    Response - Headers: {'date': 'Thu, 27 Jun 2024 11:15:35 GMT', 'server': 'Apache/2.4.52 (Ubuntu)', 'content-length': '111', 'openstack-api-version': 'compute 2.1', 'x-openstack-nova-api-version': '2.1', 'vary': 'OpenStack-API-Version,X-OpenStack-Nova-API-Version', 'x-openstack-request-id': 'req-3f543407-4309-4fb4-b330-a12b360e2d0c', 'x-compute-request-id': 'req-3f543407-4309-4fb4-b330-a12b360e2d0c', 'connection': 'close', 'content-type': 'application/json; charset=UTF-8', 'status': '404', 'content-location': 'http://[LB_IP_ADDRESS]:8774/v2.1/servers/89969d90-cc1e-4290-8ee4-c5c761a854a0'}
        Body: b'{"itemNotFound": {"code": 404, "message": "Instance 89969d90-cc1e-4290-8ee4-c5c761a854a0 could not be found."}}'



======
Totals
======
Ran: 204 tests in 209.5991 sec.
 - Passed: 193
 - Skipped: 10
 - Expected Fail: 0
 - Unexpected Success: 0
 - Failed: 1
Sum of execute time for each test: 275.9914 sec.

==============
Worker Balance
==============
 - Worker 0 (60 tests) => 0:03:24.959684
 - Worker 1 (53 tests) => 0:03:20.203096
 - Worker 2 (91 tests) => 0:03:07.056273
