{2} tempest.api.compute.volumes.test_attach_volume_negative.AttachVolumeNegativeTest.test_attach_attached_volume_to_different_server [0.676266s] ... FAILED

Captured traceback:
~~~~~~~~~~~~~~~~~~~
    Traceback (most recent call last):

      File "/usr/local/lib/python3.6/site-packages/fixtures/fixture.py", line 197, in setUp
    self._setUp()

      File "/usr/local/lib/python3.6/site-packages/tempest/lib/common/validation_resources.py", line 445, in _setUp
    floating_network_name=self._floating_network_name)

      File "/usr/local/lib/python3.6/site-packages/tempest/lib/common/validation_resources.py", line 245, in create_validation_resources
    LOG.exception(msg, prov_exc, cleanup_exc)

      File "/usr/local/lib/python3.6/site-packages/oslo_utils/excutils.py", line 227, in __exit__
    self.force_reraise()

      File "/usr/local/lib/python3.6/site-packages/oslo_utils/excutils.py", line 200, in force_reraise
    raise self.value

      File "/usr/local/lib/python3.6/site-packages/tempest/lib/common/validation_resources.py", line 217, in create_validation_resources
    pool=floating_network_name))

      File "/usr/local/lib/python3.6/site-packages/tempest/lib/services/compute/floating_ips_client.py", line 66, in create_floating_ip
    resp, body = self.post(url, post_body)

      File "/usr/local/lib/python3.6/site-packages/tempest/lib/common/rest_client.py", line 299, in post
    return self.request('POST', url, extra_headers, headers, body, chunked)

      File "/usr/local/lib/python3.6/site-packages/tempest/lib/services/compute/base_compute_client.py", line 48, in request
    method, url, extra_headers, headers, body, chunked)

      File "/usr/local/lib/python3.6/site-packages/tempest/lib/common/rest_client.py", line 703, in request
    self._error_checker(resp, resp_body)

      File "/usr/local/lib/python3.6/site-packages/tempest/lib/common/rest_client.py", line 809, in _error_checker
    raise exceptions.NotFound(resp_body, resp=resp)

    tempest.lib.exceptions.NotFound: Object not found
Details: {'code': 404, 'message': 'Floating IP pool not found.'}


Captured traceback-1:
~~~~~~~~~~~~~~~~~~~~~
    Traceback (most recent call last):

      File "/usr/local/lib/python3.6/site-packages/fixtures/fixture.py", line 197, in setUp
    self._setUp()

      File "/usr/local/lib/python3.6/site-packages/tempest/lib/common/validation_resources.py", line 445, in _setUp
    floating_network_name=self._floating_network_name)

      File "/usr/local/lib/python3.6/site-packages/tempest/lib/common/validation_resources.py", line 245, in create_validation_resources
    LOG.exception(msg, prov_exc, cleanup_exc)

      File "/usr/local/lib/python3.6/site-packages/oslo_utils/excutils.py", line 227, in __exit__
    self.force_reraise()

      File "/usr/local/lib/python3.6/site-packages/oslo_utils/excutils.py", line 200, in force_reraise
    raise self.value

      File "/usr/local/lib/python3.6/site-packages/tempest/lib/common/validation_resources.py", line 217, in create_validation_resources
    pool=floating_network_name))

      File "/usr/local/lib/python3.6/site-packages/tempest/lib/services/compute/floating_ips_client.py", line 66, in create_floating_ip
    resp, body = self.post(url, post_body)

      File "/usr/local/lib/python3.6/site-packages/tempest/lib/common/rest_client.py", line 299, in post
    return self.request('POST', url, extra_headers, headers, body, chunked)

      File "/usr/local/lib/python3.6/site-packages/tempest/lib/services/compute/base_compute_client.py", line 48, in request
    method, url, extra_headers, headers, body, chunked)

      File "/usr/local/lib/python3.6/site-packages/tempest/lib/common/rest_client.py", line 703, in request
    self._error_checker(resp, resp_body)

      File "/usr/local/lib/python3.6/site-packages/tempest/lib/common/rest_client.py", line 809, in _error_checker
    raise exceptions.NotFound(resp_body, resp=resp)

    tempest.lib.exceptions.NotFound: Object not found
Details: {'code': 404, 'message': 'Floating IP pool not found.'}

    
During handling of the above exception, another exception occurred:


    Traceback (most recent call last):

      File "/usr/local/lib/python3.6/site-packages/fixtures/fixture.py", line 208, in setUp
    raise SetupError(details)

    fixtures.fixture.SetupError: {}


Captured pythonlogging:
~~~~~~~~~~~~~~~~~~~~~~~
    2022-07-21 13:34:37,218 29066 DEBUG    [tempest.lib.common.validation_resources] Requested setup of ValidationResources keypair True, floating IP True, security group False
2022-07-21 13:34:37,218 29066 DEBUG    [tempest.lib.common.validation_resources] Requested validation resources keypair True, floating IP True, security group False
2022-07-21 13:34:37,655 29066 INFO     [tempest.lib.common.rest_client] Request (ValidationResourcesFixture:setUp): 200 POST http://[LB_IP_ADDRESS]:8774/v2.1/os-keypairs 0.436s
2022-07-21 13:34:37,656 29066 DEBUG    [tempest.lib.common.rest_client] Request - Headers: {'Content-Type': 'application/json', 'Accept': 'application/json', 'X-Auth-Token': '<omitted>'}
        Body: {"keypair": {"name": "tempest-keypair-638867315"}}
    Response - Headers: {'date': 'Thu, 21 Jul 2022 10:34:37 GMT', 'server': 'Apache/2.4.41 (Ubuntu)', 'content-length': '2304', 'openstack-api-version': 'compute 2.1', 'x-openstack-nova-api-version': '2.1', 'vary': 'OpenStack-API-Version,X-OpenStack-Nova-API-Version', 'x-openstack-request-id': 'req-7585384d-dc63-4165-b854-5e068d3c310e', 'x-compute-request-id': 'req-7585384d-dc63-4165-b854-5e068d3c310e', 'connection': 'close', 'content-type': 'application/json', 'status': '200', 'content-location': 'http://[LB_IP_ADDRESS]:8774/v2.1/os-keypairs'}
        Body: b'{"keypair": {"private_key": "-----BEGIN RSA PRIVATE KEY-----\\nMIIEpAIBAAKCAQEAzfgoEGe6fDNrHQWfVCPWqX22EsQyy+3zpwHBGegydVND7+uX\\n7/Gyw6FXA9+xHrpnCkGYXZZkzokdlkKELGItTR7HyuezHbaJAcNgcdhWA3h7kJLo\\ncHPBp4YYWckg8JNBIANRjD3vpoDr2OsWjkUmmUYcnMI37wIIwkT1KEEp5TF5fWGB\\nVUpmP5XD7UWhIbGaCF3yXlDX6zTtFU9xTt9OoxSHazbL87Ew9d/gpfTsevNmfCfJ\\nJTRX/AiL9QEGb4J3f/Ee6w6XLU8riHJGy1alPPg/A5j9T7UrkWFUHLQnQrXqPfEQ\\nOGiXORd0zkVlspTLb7KciNNPtHEIEnRQuNJiswIDAQABAoIBAQDF/82734t1BBTv\\nRE1jHESqkK+sILHYOrokjNot5npDMTU4+ZkIz6eSypGUpsBlErolMOOg7AeiSEuJ\\n/A2FgSedYH6d/tjAMo5IhKI9LsOY+ISIecE7APxj59OW1HN28YgEl0wYbh3oSTzw\\nPSZkw/MUG0M8KrSMbb8vygyGkwYMTSYoCDXGnzuvFSe35q9auzuUxomhBhn3awhE\\niiZSQdj0E0z6fHcPm+yFXuEks8yz9ofh4cKWrHVlol3Da3XzqI+IpVtEt7w9LR//\\nH48VMrezvtxUVVRd8bkTeQJnO7zd7OL9wlo3gxg2yAbHcv8vblp9Hb5bgc8EXn8q\\n5KEa2woRAoGBAPI5jUwAazKyeQpVFzrYUTA/KPPzUvgm791cjffyqKdqclvmr09c\\nDIWWWqJcgFOl4+atX09uuGpMi9I6+BM5X8rci8bBocuYsJmdXkJGXh7a1BoEssjx\\n8eay0L8W25orHly1k/PX4m9etcAQyb/U9wTnwvGhVvtgQlvuHyGBRkU7AoGBANmu\\nxuCDIUFVROi1rRBNhNg62jtA18V4Wk5o8bxntU80IVKSeR7IpOicof+DQxMJaKKe\\nEXDEeGBxxuKv2eHBJr7BmYskKrldU64pgrA2YHWuSJGbNFVS2A6z/vczz5IQJyJo\\n87fDWGgavtEyz7KEeHxa8/9N/0RlOe8fM5NqQiDpAoGBAI/QqdrpGLyWCJWg5dTz\\nYGjz5x3IZ4ecnqfgbw47DfWwlsuH0Kier3SVS6TApRSFFyX74+3mgCnk3tNoXagU\\nVZK9lWPhzW1zb88VB0T0QKezJ2F3TqtOM2DU5GnAaYxEc5d526lYkUGsit7JWO/D\\nwxIvhKgwMdO4WE36uJMNDSrHAoGAfwgcrQY5EOxW00q6HQpv3NOzaOK1SFqssJdT\\ngrQuvXLZg1tQ7WL/wXMuonKSYPibpFKEMP+mk/mxq7Ydez4Bg05tcSKBAD1zSO6W\\ngoipD+POG5KsHqLCzQnDX7VPi5h7jfwbRgDshYweEO0LAc2GlmNpgnKc5egAwAfA\\nTGW1A4kCgYBMsFKGHrBOXiMfQiIBoPIrVj07mJ5T0Y50ETrxDxVUL1ntNIPW7fb+\\n5abOFfFQc0CgLxSwKBVsiMz8szQXgXLpxk9bAxebTy4C82L1u5/6BdCkqRycjRZR\\ntbLr7p9IkRxNEFsySS66axnz9+FxB2BSq/gRf5aFkPKFSinLJhGqhQ==\\n-----END RSA PRIVATE KEY-----\\n", "name": "tempest-keypair-638867315", "public_key": "ssh-rsa AAAAB3NzaC1yc2EAAAADAQABAAABAQDN+CgQZ7p8M2sdBZ9UI9apfbYSxDLL7fOnAcEZ6DJ1U0Pv65fv8bLDoVcD37EeumcKQZhdlmTOiR2WQoQsYi1NHsfK57MdtokBw2Bx2FYDeHuQkuhwc8GnhhhZySDwk0EgA1GMPe+mgOvY6xaORSaZRhycwjfvAgjCRPUoQSnlMXl9YYFVSmY/lcPtRaEhsZoIXfJeUNfrNO0VT3FO306jFIdrNsvzsTD13+Cl9Ox682Z8J8klNFf8CIv1AQZvgnd/8R7rDpctTyuIckbLVqU8+D8DmP1PtSuRYVQctCdCteo98RA4aJc5F3TORWWylMtvspyI00+0cQgSdFC40mKz Generated-by-Nova", "fingerprint": "7e:36:03:dc:fa:cf:cc:be:e8:c6:ee:b4:f8:a9:25:23", "user_id": "8bc1c538d2b1414ab6baceb33cfda792"}}'
2022-07-21 13:34:37,662 29066 DEBUG    [tempest.lib.common.validation_resources] Validation resource key tempest-keypair-638867315 created
2022-07-21 13:34:37,853 29066 INFO     [tempest.lib.common.rest_client] Request (ValidationResourcesFixture:setUp): 404 POST http://[LB_IP_ADDRESS]:8774/v2.1/os-floating-ips 0.189s
2022-07-21 13:34:37,853 29066 DEBUG    [tempest.lib.common.rest_client] Request - Headers: {'Content-Type': 'app
    lication/json', 'Accept': 'application/json', 'X-Auth-Token': '<omitted>'}
        Body: {"pool": null}
    Response - Headers: {'date': 'Thu, 21 Jul 2022 10:34:37 GMT', 'server': 'Apache/2.4.41 (Ubuntu)', 'content-length': '73', 'openstack-api-version': 'compute 2.1', 'x-openstack-nova-api-version': '2.1', 'vary': 'OpenStack-API-Version,X-OpenStack-Nova-API-Version', 'x-openstack-request-id': 'req-3f96fb74-aa23-4ed0-8fbc-e22b005b75ab', 'x-compute-request-id': 'req-3f96fb74-aa23-4ed0-8fbc-e22b005b75ab', 'connection': 'close', 'content-type': 'application/json; charset=UTF-8', 'status': '404', 'content-location': 'http://[LB_IP_ADDRESS]:8774/v2.1/os-floating-ips'}
        Body: b'{"itemNotFound": {"code": 404, "message": "Floating IP pool not found."}}'
2022-07-21 13:34:37,854 29066 DEBUG    [tempest.lib.common.validation_resources] Error while provisioning validation resources Object not found
Details: {'code': 404, 'message': 'Floating IP pool not found.'}. Trying to cleanup what we provisioned so far: {'keypair': {'private_key': '-----BEGIN RSA PRIVATE KEY-----\nMIIEpAIBAAKCAQEAzfgoEGe6fDNrHQWfVCPWqX22EsQyy+3zpwHBGegydVND7+uX\n7/Gyw6FXA9+xHrpnCkGYXZZkzokdlkKELGItTR7HyuezHbaJAcNgcdhWA3h7kJLo\ncHPBp4YYWckg8JNBIANRjD3vpoDr2OsWjkUmmUYcnMI37wIIwkT1KEEp5TF5fWGB\nVUpmP5XD7UWhIbGaCF3yXlDX6zTtFU9xTt9OoxSHazbL87Ew9d/gpfTsevNmfCfJ\nJTRX/AiL9QEGb4J3f/Ee6w6XLU8riHJGy1alPPg/A5j9T7UrkWFUHLQnQrXqPfEQ\nOGiXORd0zkVlspTLb7KciNNPtHEIEnRQuNJiswIDAQABAoIBAQDF/82734t1BBTv\nRE1jHESqkK+sILHYOrokjNot5npDMTU4+ZkIz6eSypGUpsBlErolMOOg7AeiSEuJ\n/A2FgSedYH6d/tjAMo5IhKI9LsOY+ISIecE7APxj59OW1HN28YgEl0wYbh3oSTzw\nPSZkw/MUG0M8KrSMbb8vygyGkwYMTSYoCDXGnzuvFSe35q9auzuUxomhBhn3awhE\niiZSQdj0E0z6fHcPm+yFXuEks8yz9ofh4cKWrHVlol3Da3XzqI+IpVtEt7w9LR//\nH48VMrezvtxUVVRd8bkTeQJnO7zd7OL9wlo3gxg2yAbHcv8vblp9Hb5bgc8EXn8q\n5KEa2woRAoGBAPI5jUwAazKyeQpVFzrYUTA/KPPzUvgm791cjffyqKdqclvmr09c\nDIWWWqJcgFOl4+atX09uuGpMi9I6+BM5X8rci8bBocuYsJmdXkJGXh7a1BoEssjx\n8eay0L8W25orHly1k/PX4m9etcAQyb/U9wTnwvGhVvtgQlvuHyGBRkU7AoGBANmu\nxuCDIUFVROi1rRBNhNg62jtA18V4Wk5o8bxntU80IVKSeR7IpOicof+DQxMJaKKe\nEXDEeGBxxuKv2eHBJr7BmYskKrldU64pgrA2YHWuSJGbNFVS2A6z/vczz5IQJyJo\n87fDWGgavtEyz7KEeHxa8/9N/0RlOe8fM5NqQiDpAoGBAI/QqdrpGLyWCJWg5dTz\nYGjz5x3IZ4ecnqfgbw47DfWwlsuH0Kier3SVS6TApRSFFyX74+3mgCnk3tNoXagU\nVZK9lWPhzW1zb88VB0T0QKezJ2F3TqtOM2DU5GnAaYxEc5d526lYkUGsit7JWO/D\nwxIvhKgwMdO4WE36uJMNDSrHAoGAfwgcrQY5EOxW00q6HQpv3NOzaOK1SFqssJdT\ngrQuvXLZg1tQ7WL/wXMuonKSYPibpFKEMP+mk/mxq7Ydez4Bg05tcSKBAD1zSO6W\ngoipD+POG5KsHqLCzQnDX7VPi5h7jfwbRgDshYweEO0LAc2GlmNpgnKc5egAwAfA\nTGW1A4kCgYBMsFKGHrBOXiMfQiIBoPIrVj07mJ5T0Y50ETrxDxVUL1ntNIPW7fb+\n5abOFfFQc0CgLxSwKBVsiMz8szQXgXLpxk9bAxebTy4C82L1u5/6BdCkqRycjRZR\ntbLr7p9IkRxNEFsySS66axnz9+FxB2BSq/gRf5aFkPKFSinLJhGqhQ==\n-----END RSA PRIVATE KEY-----\n', 'name': 'tempest-keypair-638867315', 'public_key': 'ssh-rsa AAAAB3NzaC1yc2EAAAADAQABAAABAQDN+CgQZ7p8M2sdBZ9UI9apfbYSxDLL7fOnAcEZ6DJ1U0Pv65fv8bLDoVcD37EeumcKQZhdlmTOiR2WQoQsYi1NHsfK57MdtokBw2Bx2FYDeHuQkuhwc8GnhhhZySDwk0EgA1GMPe+mgOvY6xaORSaZRhycwjfvAgjCRPUoQSnlMXl9YYFVSmY/lcPtRaEhsZoIXfJeUNfrNO0VT3FO306jFIdrNsvzsTD13+Cl9Ox682Z8J8klNFf8CIv1AQZvgnd/8R7rDpctTyuIckbLVqU8+D8DmP1PtSuRYVQctCdCteo98RA4aJc5F3TORWWylMtvspyI00+0cQgSdFC40mKz Generated-by-Nova', 'fingerprint': '7e:36:03:dc:fa:cf:cc:be:e8:c6:ee:b4:f8:a9:25:23', 'user_id': '8bc1c538d2b1414ab6baceb33cfda792'}}
2022-07-21 13:34:37,888 29066 INFO     [tempest.lib.common.rest_client] Request (ValidationResourcesFixture:setUp): 202 DELETE http://[LB_IP_ADDRESS]:8774/v2.1/os-keypairs/tempest-keypair-638867315 0.033s
2022-07-21 13:34:37,889 29066 DEBUG    [tempest.lib.common.rest_client] Request - Headers: {'Content-Type': 'application/json', 'Accept': 'application/json', 'X-Auth-Token': '<omitted>'}
        Body: None
    Response - Headers: {'date': 'Thu, 21 Jul 2022 10:34:37 GMT', 'server': 'Apache/2.4.41 (Ubuntu)', 'content-length': '0', 'openstack-api-version': 'compute 2.1', 'x-openstack-nova-api-version': '2.1', 'vary': 'OpenStack-API-Version,X-OpenStack-Nova-API-Version', 'x-openstack-request-id': 'req-49457d7a-3d85-4df7-ab0b-4e9e765a40ee', 'x-compute-request-id': 're
    q-49457d7a-3d85-4df7-ab0b-4e9e765a40ee', 'connection': 'close', 'content-type': 'application/json', 'status': '202', 'content-location': 'http://[LB_IP_ADDRESS]:8774/v2.1/os-keypairs/tempest-keypair-638867315'}
        Body: b''

{2} tempest.api.compute.volumes.test_attach_volume_negative.AttachVolumeNegativeTest.test_attach_attached_volume_to_same_server [0.237374s] ... FAILED

Captured traceback:
~~~~~~~~~~~~~~~~~~~
    Traceback (most recent call last):

      File "/usr/local/lib/python3.6/site-packages/fixtures/fixture.py", line 197, in setUp
    self._setUp()

      File "/usr/local/lib/python3.6/site-packages/tempest/lib/common/validation_resources.py", line 445, in _setUp
    floating_network_name=self._floating_network_name)

      File "/usr/local/lib/python3.6/site-packages/tempest/lib/common/validation_resources.py", line 245, in create_validation_resources
    LOG.exception(msg, prov_exc, cleanup_exc)

      File "/usr/local/lib/python3.6/site-packages/oslo_utils/excutils.py", line 227, in __exit__
    self.force_reraise()

      File "/usr/local/lib/python3.6/site-packages/oslo_utils/excutils.py", line 200, in force_reraise
    raise self.value

      File "/usr/local/lib/python3.6/site-packages/tempest/lib/common/validation_resources.py", line 217, in create_validation_resources
    pool=floating_network_name))

      File "/usr/local/lib/python3.6/site-packages/tempest/lib/services/compute/floating_ips_client.py", line 66, in create_floating_ip
    resp, body = self.post(url, post_body)

      File "/usr/local/lib/python3.6/site-packages/tempest/lib/common/rest_client.py", line 299, in post
    return self.request('POST', url, extra_headers, headers, body, chunked)

      File "/usr/local/lib/python3.6/site-packages/tempest/lib/services/compute/base_compute_client.py", line 48, in request
    method, url, extra_headers, headers, body, chunked)

      File "/usr/local/lib/python3.6/site-packages/tempest/lib/common/rest_client.py", line 703, in request
    self._error_checker(resp, resp_body)

      File "/usr/local/lib/python3.6/site-packages/tempest/lib/common/rest_client.py", line 809, in _error_checker
    raise exceptions.NotFound(resp_body, resp=resp)

    tempest.lib.exceptions.NotFound: Object not found
Details: {'code': 404, 'message': 'Floating IP pool not found.'}


Captured traceback-1:
~~~~~~~~~~~~~~~~~~~~~
    Traceback (most recent call last):

      File "/usr/local/lib/python3.6/site-packages/fixtures/fixture.py", line 197, in setUp
    self._setUp()

      File "/usr/local/lib/python3.6/site-packages/tempest/lib/common/validation_resources.py", line 445, in _setUp
    floating_network_name=self._floating_network_name)

      File "/usr/local/lib/python3.6/site-packages/tempest/lib/common/validation_resources.py", line 245, in create_validation_resources
    LOG.exception(msg, prov_exc, cleanup_exc)

      File "/usr/local/lib/python3.6/site-packages/oslo_utils/excutils.py", line 227, in __exit__
    self.force_reraise()

      File "/usr/local/lib/python3.6/site-packages/oslo_utils/excutils.py", line 200, in force_reraise
    raise self.value

      File "/usr/local/lib/python3.6/site-packages/tempest/lib/common/validation_resources.py", line 217, in create_validation_resources
    pool=floating_network_name))

      File "/usr/local/lib/python3.6/site-packages/tempest/lib/services/compute/floating_ips_client.py", line 66, in create_floating_ip
    resp, body = self.post(url, post_body)

      File "/usr/local/lib/python3.6/site-packages/tempest/lib/common/rest_client.py", line 299, in post
    return self.request('POST', url, extra_headers, headers, body, chunked)

      File "/usr/local/lib/python3.6/site-packages/tempest/lib/services/compute/base_compute_client.py", line 48, in request
    method, url, extra_headers, headers, body, chunked)

      File "/usr/local/lib/python3.6/site-packages/tempest/lib/common/rest_client.py", line 703, in request
    self._error_checker(resp, resp_body)

      File "/usr/local/lib/python3.6/site-packages/tempest/lib/common/rest_client.py", line 809, in _error_checker
    raise exceptions.NotFound(resp_body, resp=resp)

    tempest.lib.exceptions.NotFound: Object not found
Details: {'code': 404, 'message': 'Floating IP pool not found.'}

    
During handling of the above exception, another exception occurred:


    Traceback (most recent call last):

      File "/usr/local/lib/python3.6/site-packages/fixtures/fixture.py", line 208, in setUp
    raise SetupError(details)

    fixtures.fixture.SetupError: {}


Captured pythonlogging:
~~~~~~~~~~~~~~~~~~~~~~~
    2022-07-21 13:34:37,897 29066 DEBUG    [tempest.lib.common.validation_resources] Requested setup of ValidationResources keypair True, floating IP True, security group False
2022-07-21 13:34:37,897 29066 DEBUG    [tempest.lib.common.validation_resources] Requested validation resources keypair True, floating IP True, security group False
2022-07-21 13:34:38,044 29066 INFO     [tempest.lib.common.rest_client] Request (ValidationResourcesFixture:setUp): 200 POST http://[LB_IP_ADDRESS]:8774/v2.1/os-keypairs 0.146s
2022-07-21 13:34:38,045 29066 DEBUG    [tempest.lib.common.rest_client] Request - Headers: {'Content-Type': 'application/json', 'Accept': 'application/json', 'X-Auth-Token': '<omitted>'}
        Body: {"keypair": {"name": "tempest-keypair-597815894"}}
    Response - Headers: {'date': 'Thu, 21 Jul 2022 10:34:37 GMT', 'server': 'Apache/2.4.41 (Ubuntu)', 'content-length': '2300', 'openstack-api-version': 'compute 2.1', 'x-openstack-nova-api-version': '2.1', 'vary': 'OpenStack-API-Version,X-OpenStack-Nova-API-Version', 'x-openstack-request-id': 'req-4eaeca66-168d-4219-b222-7750851b4d54', 'x-compute-request-id': 'req-4eaeca66-168d-4219-b222-7750851b4d54', 'connection': 'close', 'content-type': 'application/json', 'status': '200', 'content-location': 'http://[LB_IP_ADDRESS]:8774/v2.1/os-keypairs'}
        Body: b'{"keypair": {"private_key": "-----BEGIN RSA PRIVATE KEY-----\\nMIIEowIBAAKCAQEAxyzk9ig+hRGomQaB4lfjlQD5Pm659yS9pwGNwhvjL8/5Jw3y\\nrIhliWNkpd5z4QkV0gC8AmzaACx/zwecmy/acLciXV9fP/ayd2qyqHc9lnEbBgbi\\nZT1Odp1Xpl5Zc694bNgX+JglEi1Urgg5Kil3zBhqKUq1SCwEYPHSG7aXwyWdk0Zq\\nnTKxqD6Zsh/uRCK+2FSlO8jztvaf5kVpbTPLO1bBT81hRaO0N51oyoM9Jfhh7JT9\\nFzZvJpGZsnsX0t2Yswd2l0iyFLH5nCsukYdbm0uWzV6vjg8Gsg4+1zddZoC0++fc\\nTwBfdzFROSxlqfsNAXq7Zk3Xqr++fht8TniErwIDAQABAoIBAQC5t9Xi5ZGuWNHh\\nplyz5gnSZW8C1RJYLY0dzWgWSBSl/4Gt9eaDFEfBPMmblHpuqh8Lix3EESWRJe0i\\n6VEQryU7FrhXYleZd/nfOcFPLqhhwCNXklHF3s1r8rjI647zPPnIXBK1/YALm/Mq\\nt4Y+Fx6aU2WiDQROQKTwlGu65Z5LGgF3sC6jGypYGOSwOiuqaRGNCTqCEMWlHk4D\\nWqaB4SMknnUxYhFetBuXjaJmr6KoK2ILcCFwlR6O/f10PP2INZQSmu8SETal4JQN\\n2GTvpx7UGFiNL2xydtrZy+MxcPhWDcAU2FpKv+BZ1uxf/3ybsXZTYDfTc48uRCFj\\n319xr3ZhAoGBAOwM3S62BLobICmHyr6gSdiNUfuxHQY+d1g4Ft1j43bkosE1EFsb\\n4J29V70nKc5hZLEImNLPIDzeWZFWzhQkjV720sUq8rpeeh0C8CMBLC3TlNRrQ8sX\\n177cK1/3qdr5KoUDKknvzF7Qj3g6M29u6d4YJ2MRioDcfTlrT5rjMwY/AoGBANgC\\nNnv2sF4dfdUGX3mtmuhNq+ai4lr6TyqEMLnbJDqxddy9VYaeXhAqdkp5zfaVblwc\\nDH/fgRjD10a0nqzzSNSRjQ7WxUGAJ7md3cKbsBR+NXbXOCwrXZgSyUY/6KBUazIi\\njj7SQ5PkIy5W5H/DOJ7hyoHLGVVDyZyN1/gnXUWRAoGAChL+eZjhGMRBmiQmff4/\\nSJO3dQN5FqQh2c0DBM3XjmJxo8dM/GZzLqg/D16VhS5Y6slQJGccnBxtPCu1PdzV\\nf8EO+8U6eMPBeG2ArC3HoekOyAYP7aIF3iptW3opcKQDsYuSCXfHhCBojxwEx/O2\\n3XiwbaT5AUjnu0SeMCEUM2cCgYBDbQVm0o0hA6GoojGhQLCO/NfAyW1QqruVcOfo\\ny9/WNlitC6irublw4GBGRRkmdGSbeeHo9HJOsar8FhtFrzc3qytVy3KNTJyZ0w5K\\n1eAztWWo7+tH1k2Dz7FmLULG8TL41lKCh42yl07oAxWWT/DXn3Ff7G6+78b6CEi2\\n3ErAEQKBgHNCcFM+pmHWvGDcocHXqGjrxPtH+rD7BL4Q78M0Mjoe7T4c3C2cD/O4\\n6NWhaCv3/6E9s6nULKdeaEYQh8aQhlYcr7RUA4O0cT/I8yx9Gpj47MQL1wYkbfJ+\\njGYZjEGff5VBWO/Ewm3zguYq4jqEgB+Tkc0FEmy36o+FXje0PYRf\\n-----END RSA PRIVATE KEY-----\\n", "name": "tempest-keypair-597815894", "public_key": "ssh-rsa AAAAB3NzaC1yc2EAAAADAQABAAABAQDHLOT2KD6FEaiZBoHiV+OVAPk+brn3JL2nAY3CG+Mvz/knDfKsiGWJY2Sl3nPhCRXSALwCbNoALH/PB5ybL9pwtyJdX18/9rJ3arKodz2WcRsGBuJlPU52nVemXllzr3hs2Bf4mCUSLVSuCDkqKXfMGGopSrVILARg8dIbtpfDJZ2TRmqdMrGoPpmyH+5EIr7YVKU7yPO29p/mRWltM8s7VsFPzWFFo7Q3nWjKgz0l+GHslP0XNm8mkZmyexfS3ZizB3aXSLIUsfmcKy6Rh1ubS5bNXq+ODwayDj7XN11mgLT759xPAF93MVE5LGWp+w0BertmTdeqv75+G3xOeISv Generated-by-Nova", "fingerprint": "1e:b0:c6:33:d7:8f:24:1d:b8:f1:cb:47:a4:c0:30:78", "user_id": "8bc1c538d2b1414ab6baceb33cfda792"}}'
2022-07-21 13:34:38,052 29066 DEBUG    [tempest.lib.common.validation_resources] Validation resource key tempest-keypair-597815894 created
2022-07-21 13:34:38,097 29066 INFO     [tempest.lib.common.rest_client] Request (ValidationResourcesFixture:setUp): 404 POST http://[LB_IP_ADDRESS]:8774/v2.1/os-floating-ips 0.043s
2022-07-21 13:34:38,097 29066 DEBUG    [tempest.lib.common.rest_client] Request - Headers: {'Content-Type': 'applica
    tion/json', 'Accept': 'application/json', 'X-Auth-Token': '<omitted>'}
        Body: {"pool": null}
    Response - Headers: {'date': 'Thu, 21 Jul 2022 10:34:38 GMT', 'server': 'Apache/2.4.41 (Ubuntu)', 'content-length': '73', 'openstack-api-version': 'compute 2.1', 'x-openstack-nova-api-version': '2.1', 'vary': 'OpenStack-API-Version,X-OpenStack-Nova-API-Version', 'x-openstack-request-id': 'req-4ae8c18f-2e85-46d6-9bbf-9449ad8d4fbd', 'x-compute-request-id': 'req-4ae8c18f-2e85-46d6-9bbf-9449ad8d4fbd', 'connection': 'close', 'content-type': 'application/json; charset=UTF-8', 'status': '404', 'content-location': 'http://[LB_IP_ADDRESS]:8774/v2.1/os-floating-ips'}
        Body: b'{"itemNotFound": {"code": 404, "message": "Floating IP pool not found."}}'
2022-07-21 13:34:38,098 29066 DEBUG    [tempest.lib.common.validation_resources] Error while provisioning validation resources Object not found
Details: {'code': 404, 'message': 'Floating IP pool not found.'}. Trying to cleanup what we provisioned so far: {'keypair': {'private_key': '-----BEGIN RSA PRIVATE KEY-----\nMIIEowIBAAKCAQEAxyzk9ig+hRGomQaB4lfjlQD5Pm659yS9pwGNwhvjL8/5Jw3y\nrIhliWNkpd5z4QkV0gC8AmzaACx/zwecmy/acLciXV9fP/ayd2qyqHc9lnEbBgbi\nZT1Odp1Xpl5Zc694bNgX+JglEi1Urgg5Kil3zBhqKUq1SCwEYPHSG7aXwyWdk0Zq\nnTKxqD6Zsh/uRCK+2FSlO8jztvaf5kVpbTPLO1bBT81hRaO0N51oyoM9Jfhh7JT9\nFzZvJpGZsnsX0t2Yswd2l0iyFLH5nCsukYdbm0uWzV6vjg8Gsg4+1zddZoC0++fc\nTwBfdzFROSxlqfsNAXq7Zk3Xqr++fht8TniErwIDAQABAoIBAQC5t9Xi5ZGuWNHh\nplyz5gnSZW8C1RJYLY0dzWgWSBSl/4Gt9eaDFEfBPMmblHpuqh8Lix3EESWRJe0i\n6VEQryU7FrhXYleZd/nfOcFPLqhhwCNXklHF3s1r8rjI647zPPnIXBK1/YALm/Mq\nt4Y+Fx6aU2WiDQROQKTwlGu65Z5LGgF3sC6jGypYGOSwOiuqaRGNCTqCEMWlHk4D\nWqaB4SMknnUxYhFetBuXjaJmr6KoK2ILcCFwlR6O/f10PP2INZQSmu8SETal4JQN\n2GTvpx7UGFiNL2xydtrZy+MxcPhWDcAU2FpKv+BZ1uxf/3ybsXZTYDfTc48uRCFj\n319xr3ZhAoGBAOwM3S62BLobICmHyr6gSdiNUfuxHQY+d1g4Ft1j43bkosE1EFsb\n4J29V70nKc5hZLEImNLPIDzeWZFWzhQkjV720sUq8rpeeh0C8CMBLC3TlNRrQ8sX\n177cK1/3qdr5KoUDKknvzF7Qj3g6M29u6d4YJ2MRioDcfTlrT5rjMwY/AoGBANgC\nNnv2sF4dfdUGX3mtmuhNq+ai4lr6TyqEMLnbJDqxddy9VYaeXhAqdkp5zfaVblwc\nDH/fgRjD10a0nqzzSNSRjQ7WxUGAJ7md3cKbsBR+NXbXOCwrXZgSyUY/6KBUazIi\njj7SQ5PkIy5W5H/DOJ7hyoHLGVVDyZyN1/gnXUWRAoGAChL+eZjhGMRBmiQmff4/\nSJO3dQN5FqQh2c0DBM3XjmJxo8dM/GZzLqg/D16VhS5Y6slQJGccnBxtPCu1PdzV\nf8EO+8U6eMPBeG2ArC3HoekOyAYP7aIF3iptW3opcKQDsYuSCXfHhCBojxwEx/O2\n3XiwbaT5AUjnu0SeMCEUM2cCgYBDbQVm0o0hA6GoojGhQLCO/NfAyW1QqruVcOfo\ny9/WNlitC6irublw4GBGRRkmdGSbeeHo9HJOsar8FhtFrzc3qytVy3KNTJyZ0w5K\n1eAztWWo7+tH1k2Dz7FmLULG8TL41lKCh42yl07oAxWWT/DXn3Ff7G6+78b6CEi2\n3ErAEQKBgHNCcFM+pmHWvGDcocHXqGjrxPtH+rD7BL4Q78M0Mjoe7T4c3C2cD/O4\n6NWhaCv3/6E9s6nULKdeaEYQh8aQhlYcr7RUA4O0cT/I8yx9Gpj47MQL1wYkbfJ+\njGYZjEGff5VBWO/Ewm3zguYq4jqEgB+Tkc0FEmy36o+FXje0PYRf\n-----END RSA PRIVATE KEY-----\n', 'name': 'tempest-keypair-597815894', 'public_key': 'ssh-rsa AAAAB3NzaC1yc2EAAAADAQABAAABAQDHLOT2KD6FEaiZBoHiV+OVAPk+brn3JL2nAY3CG+Mvz/knDfKsiGWJY2Sl3nPhCRXSALwCbNoALH/PB5ybL9pwtyJdX18/9rJ3arKodz2WcRsGBuJlPU52nVemXllzr3hs2Bf4mCUSLVSuCDkqKXfMGGopSrVILARg8dIbtpfDJZ2TRmqdMrGoPpmyH+5EIr7YVKU7yPO29p/mRWltM8s7VsFPzWFFo7Q3nWjKgz0l+GHslP0XNm8mkZmyexfS3ZizB3aXSLIUsfmcKy6Rh1ubS5bNXq+ODwayDj7XN11mgLT759xPAF93MVE5LGWp+w0BertmTdeqv75+G3xOeISv Generated-by-Nova', 'fingerprint': '1e:b0:c6:33:d7:8f:24:1d:b8:f1:cb:47:a4:c0:30:78', 'user_id': '8bc1c538d2b1414ab6baceb33cfda792'}}
2022-07-21 13:34:38,131 29066 INFO     [tempest.lib.common.rest_client] Request (ValidationResourcesFixture:setUp): 202 DELETE http://[LB_IP_ADDRESS]:8774/v2.1/os-keypairs/tempest-keypair-597815894 0.032s
2022-07-21 13:34:38,132 29066 DEBUG    [tempest.lib.common.rest_client] Request - Headers: {'Content-Type': 'application/json', 'Accept': 'application/json', 'X-Auth-Token': '<omitted>'}
        Body: None
    Response - Headers: {'date': 'Thu, 21 Jul 2022 10:34:38 GMT', 'server': 'Apache/2.4.41 (Ubuntu)', 'content-length': '0', 'openstack-api-version': 'compute 2.1', 'x-openstack-nova-api-version': '2.1', 'vary': 'OpenStack-API-Version,X-OpenStack-Nova-API-Version', 'x-openstack-request-id': 'req-c66dcc76-ec2b-46da-b6ca-eb105a8cc299', 'x-compute-request-id': 'req-c66dcc
    76-ec2b-46da-b6ca-eb105a8cc299', 'connection': 'close', 'content-type': 'application/json', 'status': '202', 'content-location': 'http://[LB_IP_ADDRESS]:8774/v2.1/os-keypairs/tempest-keypair-597815894'}
        Body: b''

{2} tempest.api.compute.volumes.test_attach_volume_negative.AttachVolumeNegativeTest.test_delete_attached_volume [0.542613s] ... FAILED

Captured traceback:
~~~~~~~~~~~~~~~~~~~
    Traceback (most recent call last):

      File "/usr/local/lib/python3.6/site-packages/fixtures/fixture.py", line 197, in setUp
    self._setUp()

      File "/usr/local/lib/python3.6/site-packages/tempest/lib/common/validation_resources.py", line 445, in _setUp
    floating_network_name=self._floating_network_name)

      File "/usr/local/lib/python3.6/site-packages/tempest/lib/common/validation_resources.py", line 245, in create_validation_resources
    LOG.exception(msg, prov_exc, cleanup_exc)

      File "/usr/local/lib/python3.6/site-packages/oslo_utils/excutils.py", line 227, in __exit__
    self.force_reraise()

      File "/usr/local/lib/python3.6/site-packages/oslo_utils/excutils.py", line 200, in force_reraise
    raise self.value

      File "/usr/local/lib/python3.6/site-packages/tempest/lib/common/validation_resources.py", line 217, in create_validation_resources
    pool=floating_network_name))

      File "/usr/local/lib/python3.6/site-packages/tempest/lib/services/compute/floating_ips_client.py", line 66, in create_floating_ip
    resp, body = self.post(url, post_body)

      File "/usr/local/lib/python3.6/site-packages/tempest/lib/common/rest_client.py", line 299, in post
    return self.request('POST', url, extra_headers, headers, body, chunked)

      File "/usr/local/lib/python3.6/site-packages/tempest/lib/services/compute/base_compute_client.py", line 48, in request
    method, url, extra_headers, headers, body, chunked)

      File "/usr/local/lib/python3.6/site-packages/tempest/lib/common/rest_client.py", line 703, in request
    self._error_checker(resp, resp_body)

      File "/usr/local/lib/python3.6/site-packages/tempest/lib/common/rest_client.py", line 809, in _error_checker
    raise exceptions.NotFound(resp_body, resp=resp)

    tempest.lib.exceptions.NotFound: Object not found
Details: {'code': 404, 'message': 'Floating IP pool not found.'}


Captured traceback-1:
~~~~~~~~~~~~~~~~~~~~~
    Traceback (most recent call last):

      File "/usr/local/lib/python3.6/site-packages/fixtures/fixture.py", line 197, in setUp
    self._setUp()

      File "/usr/local/lib/python3.6/site-packages/tempest/lib/common/validation_resources.py", line 445, in _setUp
    floating_network_name=self._floating_network_name)

      File "/usr/local/lib/python3.6/site-packages/tempest/lib/common/validation_resources.py", line 245, in create_validation_resources
    LOG.exception(msg, prov_exc, cleanup_exc)

      File "/usr/local/lib/python3.6/site-packages/oslo_utils/excutils.py", line 227, in __exit__
    self.force_reraise()

      File "/usr/local/lib/python3.6/site-packages/oslo_utils/excutils.py", line 200, in force_reraise
    raise self.value

      File "/usr/local/lib/python3.6/site-packages/tempest/lib/common/validation_resources.py", line 217, in create_validation_resources
    pool=floating_network_name))

      File "/usr/local/lib/python3.6/site-packages/tempest/lib/services/compute/floating_ips_client.py", line 66, in create_floating_ip
    resp, body = self.post(url, post_body)

      File "/usr/local/lib/python3.6/site-packages/tempest/lib/common/rest_client.py", line 299, in post
    return self.request('POST', url, extra_headers, headers, body, chunked)

      File "/usr/local/lib/python3.6/site-packages/tempest/lib/services/compute/base_compute_client.py", line 48, in request
    method, url, extra_headers, headers, body, chunked)

      File "/usr/local/lib/python3.6/site-packages/tempest/lib/common/rest_client.py", line 703, in request
    self._error_checker(resp, resp_body)

      File "/usr/local/lib/python3.6/site-packages/tempest/lib/common/rest_client.py", line 809, in _error_checker
    raise exceptions.NotFound(resp_body, resp=resp)

    tempest.lib.exceptions.NotFound: Object not found
Details: {'code': 404, 'message': 'Floating IP pool not found.'}

    
During handling of the above exception, another exception occurred:


    Traceback (most recent call last):

      File "/usr/local/lib/python3.6/site-packages/fixtures/fixture.py", line 208, in setUp
    raise SetupError(details)

    fixtures.fixture.SetupError: {}


Captured pythonlogging:
~~~~~~~~~~~~~~~~~~~~~~~
    2022-07-21 13:34:38,138 29066 DEBUG    [tempest.lib.common.validation_resources] Requested setup of ValidationResources keypair True, floating IP True, security group False
2022-07-21 13:34:38,138 29066 DEBUG    [tempest.lib.common.validation_resources] Requested validation resources keypair True, floating IP True, security group False
2022-07-21 13:34:38,516 29066 INFO     [tempest.lib.common.rest_client] Request (ValidationResourcesFixture:setUp): 200 POST http://[LB_IP_ADDRESS]:8774/v2.1/os-keypairs 0.377s
2022-07-21 13:34:38,516 29066 DEBUG    [tempest.lib.common.rest_client] Request - Headers: {'Content-Type': 'application/json', 'Accept': 'application/json', 'X-Auth-Token': '<omitted>'}
        Body: {"keypair": {"name": "tempest-keypair-2090424640"}}
    Response - Headers: {'date': 'Thu, 21 Jul 2022 10:34:38 GMT', 'server': 'Apache/2.4.41 (Ubuntu)', 'content-length': '2305', 'openstack-api-version': 'compute 2.1', 'x-openstack-nova-api-version': '2.1', 'vary': 'OpenStack-API-Version,X-OpenStack-Nova-API-Version', 'x-openstack-request-id': 'req-f0b2507d-8868-4efc-ac51-8a7ccfe3c801', 'x-compute-request-id': 'req-f0b2507d-8868-4efc-ac51-8a7ccfe3c801', 'connection': 'close', 'content-type': 'application/json', 'status': '200', 'content-location': 'http://[LB_IP_ADDRESS]:8774/v2.1/os-keypairs'}
        Body: b'{"keypair": {"private_key": "-----BEGIN RSA PRIVATE KEY-----\\nMIIEpAIBAAKCAQEAwM+4tRwf2Gloi1jIkux+XNn8Hg4KgmqlDNX1LRW/IHvEOGvX\\nUl2ZazavatnN6cQm0zmu7cvMpks0Fv1X21s27x7LXaTmeMEHUvfCFQc1sacGLuXT\\njSwGHkHdFFpaTqIq1bMgVb7bBLG2l4eMEEfRtfcBQP1d2eCS7G5kUumIQcqqIjLf\\n/IkFjZYmSEKtlL0IcrmEiGqEY14JTW+tWlGUavh5UJN++MarlxK5GZTiuop4agzr\\n8ptSgLIbFUdaoByXKAnpXZt1rXhteIPldv3i31OonvuR7uMkpu6LCHC8wb5h/88x\\nGDNOSZh842iMtBWjhxZ9ZXt5VQ652VlS9h9v2QIDAQABAoIBAHyS+Q0S8cRaPnCh\\n2V2MLQyCzrEAc2vVyXPknTcW8Njk/l9R1dninag2udm4haD+2fLpNwtu/HeI6Uvd\\nPbF9Wp3ecJi9XScx2DCT4TLC6L8yYf1VAn0Yr49HELcAtY5Omoxd4otj95At3gJD\\nUoyGSold4NKDoOqPfX4CyREEz8NpM9C7OeEOFe7vnyfYqlZzOdaTCvevj8t5q/v5\\nIOuR6hi96aR/y1uwkt2ZFHcrwan2QGEwYcqA3ockIRPXamjUzaNq71b74xbUs1VA\\n5eMBwWiHOCWt8g8EaqW5oTMzp+O9SlAUlgBRZmuhMPsNjJI7t60nZZJoagP2y2Yv\\n5hhXZG0CgYEA+RmLra17c4D29rRDH5BP5uoUj3I+N4DgmDWZYuRUepy2tDIK1+10\\nsPxn8rDfRp3F+nnmMCyqVTbZwlRABKSoV6MV/BJThWe6S6Cv6TSUZovVKfP3agNc\\n+27x9QjKnjQSBshDZRaHDbR2bzS/tbohbg96XMiFHgGGG0jB3FMMA0cCgYEAxicD\\n41R58t+pUv99HsRDoWSU3bV6dVZeRcbSYskEfB0PAzzvkOnWscGrVkAtNcgjV+tG\\nE0s361aV98Q2O2vYbNyrNvzSjTf9WMUgdveDE0WBmSlfzPwCHYZvpSy9ZTcPI61s\\nQtzc+8fLLT8Jn8wO3Ay3873uNd0lDEFJSFxLQ98CgYEAhj92P8vXVJCUiLDt2/zy\\nkwhkvEpdrZwPbvi0Cc/0l4AOF19A6M5YrWnau7kHHA+7uxonLJ9lzTcadNjjB52V\\n/GUwXAGkcalNhaS8KXrk379MyqdpGAFoAznvvJdYW5rEfFNBvyE89+3iRlyvVUlS\\n6vX8hDStSVaY5+t2Tz+SodECgYAJMQYdJW4Cth1EnFVReAkrE19UaXakurzkv7RC\\noNB0cWSg4dK7Bh3PYQxxk8iFFiONkHxPqM2PPRT3yUI6v2XqptHKWy/pHQ/DbmFz\\nI0gRPMgmMqUe/RGcDQBgyRJ//23UWdcLwvL9OudR0frATtbhnjVqOQUzum5dgynD\\nEYTsQQKBgQCAnqtCCDO66vm503f/I+A8fTexYpu/l+00ceEyHnHDbo6TgodUfnqE\\nfivHGWLULPqaL6mWPYABUuAIqyJkwoBF/58Hgh9lNdZQfugkKABTV6vFoizqItgy\\nt/24/AcisCz5j+7VYqqfGMUi4EXxhVONMVHlJRFl5HayX1AWE8hrnw==\\n-----END RSA PRIVATE KEY-----\\n", "name": "tempest-keypair-2090424640", "public_key": "ssh-rsa AAAAB3NzaC1yc2EAAAADAQABAAABAQDAz7i1HB/YaWiLWMiS7H5c2fweDgqCaqUM1fUtFb8ge8Q4a9dSXZlrNq9q2c3pxCbTOa7ty8ymSzQW/VfbWzbvHstdpOZ4wQdS98IVBzWxpwYu5dONLAYeQd0UWlpOoirVsyBVvtsEsbaXh4wQR9G19wFA/V3Z4JLsbmRS6YhByqoiMt/8iQWNliZIQq2UvQhyuYSIaoRjXglNb61aUZRq+HlQk374xquXErkZlOK6inhqDOvym1KAshsVR1qgHJcoCeldm3WteG14g+V2/eLfU6ie+5Hu4ySm7osIcLzBvmH/zzEYM05JmHzjaIy0FaOHFn1le3lVDrnZWVL2H2/Z Generated-by-Nova", "fingerprint": "27:57:d7:db:ef:c7:e6:72:c6:a8:2f:67:0e:17:04:14", "user_id": "8bc1c538d2b1414ab6baceb33cfda792"}}'
2022-07-21 13:34:38,520 29066 DEBUG    [tempest.lib.common.validation_resources] Validation resource key tempest-keypair-2090424640 created
2022-07-21 13:34:38,646 29066 INFO     [tempest.lib.common.rest_client] Request (ValidationResourcesFixture:setUp): 404 POST http://[LB_IP_ADDRESS]:8774/v2.1/os-floating-ips 0.125s
2022-07-21 13:34:38,647 29066 DEBUG    [tempest.lib.common.rest_client] Request - Headers: {'Content-Type': '
    application/json', 'Accept': 'application/json', 'X-Auth-Token': '<omitted>'}
        Body: {"pool": null}
    Response - Headers: {'date': 'Thu, 21 Jul 2022 10:34:38 GMT', 'server': 'Apache/2.4.41 (Ubuntu)', 'content-length': '73', 'openstack-api-version': 'compute 2.1', 'x-openstack-nova-api-version': '2.1', 'vary': 'OpenStack-API-Version,X-OpenStack-Nova-API-Version', 'x-openstack-request-id': 'req-ced75e73-e55d-4534-b403-c4dc141f232e', 'x-compute-request-id': 'req-ced75e73-e55d-4534-b403-c4dc141f232e', 'connection': 'close', 'content-type': 'application/json; charset=UTF-8', 'status': '404', 'content-location': 'http://[LB_IP_ADDRESS]:8774/v2.1/os-floating-ips'}
        Body: b'{"itemNotFound": {"code": 404, "message": "Floating IP pool not found."}}'
2022-07-21 13:34:38,648 29066 DEBUG    [tempest.lib.common.validation_resources] Error while provisioning validation resources Object not found
Details: {'code': 404, 'message': 'Floating IP pool not found.'}. Trying to cleanup what we provisioned so far: {'keypair': {'private_key': '-----BEGIN RSA PRIVATE KEY-----\nMIIEpAIBAAKCAQEAwM+4tRwf2Gloi1jIkux+XNn8Hg4KgmqlDNX1LRW/IHvEOGvX\nUl2ZazavatnN6cQm0zmu7cvMpks0Fv1X21s27x7LXaTmeMEHUvfCFQc1sacGLuXT\njSwGHkHdFFpaTqIq1bMgVb7bBLG2l4eMEEfRtfcBQP1d2eCS7G5kUumIQcqqIjLf\n/IkFjZYmSEKtlL0IcrmEiGqEY14JTW+tWlGUavh5UJN++MarlxK5GZTiuop4agzr\n8ptSgLIbFUdaoByXKAnpXZt1rXhteIPldv3i31OonvuR7uMkpu6LCHC8wb5h/88x\nGDNOSZh842iMtBWjhxZ9ZXt5VQ652VlS9h9v2QIDAQABAoIBAHyS+Q0S8cRaPnCh\n2V2MLQyCzrEAc2vVyXPknTcW8Njk/l9R1dninag2udm4haD+2fLpNwtu/HeI6Uvd\nPbF9Wp3ecJi9XScx2DCT4TLC6L8yYf1VAn0Yr49HELcAtY5Omoxd4otj95At3gJD\nUoyGSold4NKDoOqPfX4CyREEz8NpM9C7OeEOFe7vnyfYqlZzOdaTCvevj8t5q/v5\nIOuR6hi96aR/y1uwkt2ZFHcrwan2QGEwYcqA3ockIRPXamjUzaNq71b74xbUs1VA\n5eMBwWiHOCWt8g8EaqW5oTMzp+O9SlAUlgBRZmuhMPsNjJI7t60nZZJoagP2y2Yv\n5hhXZG0CgYEA+RmLra17c4D29rRDH5BP5uoUj3I+N4DgmDWZYuRUepy2tDIK1+10\nsPxn8rDfRp3F+nnmMCyqVTbZwlRABKSoV6MV/BJThWe6S6Cv6TSUZovVKfP3agNc\n+27x9QjKnjQSBshDZRaHDbR2bzS/tbohbg96XMiFHgGGG0jB3FMMA0cCgYEAxicD\n41R58t+pUv99HsRDoWSU3bV6dVZeRcbSYskEfB0PAzzvkOnWscGrVkAtNcgjV+tG\nE0s361aV98Q2O2vYbNyrNvzSjTf9WMUgdveDE0WBmSlfzPwCHYZvpSy9ZTcPI61s\nQtzc+8fLLT8Jn8wO3Ay3873uNd0lDEFJSFxLQ98CgYEAhj92P8vXVJCUiLDt2/zy\nkwhkvEpdrZwPbvi0Cc/0l4AOF19A6M5YrWnau7kHHA+7uxonLJ9lzTcadNjjB52V\n/GUwXAGkcalNhaS8KXrk379MyqdpGAFoAznvvJdYW5rEfFNBvyE89+3iRlyvVUlS\n6vX8hDStSVaY5+t2Tz+SodECgYAJMQYdJW4Cth1EnFVReAkrE19UaXakurzkv7RC\noNB0cWSg4dK7Bh3PYQxxk8iFFiONkHxPqM2PPRT3yUI6v2XqptHKWy/pHQ/DbmFz\nI0gRPMgmMqUe/RGcDQBgyRJ//23UWdcLwvL9OudR0frATtbhnjVqOQUzum5dgynD\nEYTsQQKBgQCAnqtCCDO66vm503f/I+A8fTexYpu/l+00ceEyHnHDbo6TgodUfnqE\nfivHGWLULPqaL6mWPYABUuAIqyJkwoBF/58Hgh9lNdZQfugkKABTV6vFoizqItgy\nt/24/AcisCz5j+7VYqqfGMUi4EXxhVONMVHlJRFl5HayX1AWE8hrnw==\n-----END RSA PRIVATE KEY-----\n', 'name': 'tempest-keypair-2090424640', 'public_key': 'ssh-rsa AAAAB3NzaC1yc2EAAAADAQABAAABAQDAz7i1HB/YaWiLWMiS7H5c2fweDgqCaqUM1fUtFb8ge8Q4a9dSXZlrNq9q2c3pxCbTOa7ty8ymSzQW/VfbWzbvHstdpOZ4wQdS98IVBzWxpwYu5dONLAYeQd0UWlpOoirVsyBVvtsEsbaXh4wQR9G19wFA/V3Z4JLsbmRS6YhByqoiMt/8iQWNliZIQq2UvQhyuYSIaoRjXglNb61aUZRq+HlQk374xquXErkZlOK6inhqDOvym1KAshsVR1qgHJcoCeldm3WteG14g+V2/eLfU6ie+5Hu4ySm7osIcLzBvmH/zzEYM05JmHzjaIy0FaOHFn1le3lVDrnZWVL2H2/Z Generated-by-Nova', 'fingerprint': '27:57:d7:db:ef:c7:e6:72:c6:a8:2f:67:0e:17:04:14', 'user_id': '8bc1c538d2b1414ab6baceb33cfda792'}}
2022-07-21 13:34:38,677 29066 INFO     [tempest.lib.common.rest_client] Request (ValidationResourcesFixture:setUp): 202 DELETE http://[LB_IP_ADDRESS]:8774/v2.1/os-keypairs/tempest-keypair-2090424640 0.029s
2022-07-21 13:34:38,678 29066 DEBUG    [tempest.lib.common.rest_client] Request - Headers: {'Content-Type': 'application/json', 'Accept': 'application/json', 'X-Auth-Token': '<omitted>'}
        Body: None
    Response - Headers: {'date': 'Thu, 21 Jul 2022 10:34:38 GMT', 'server': 'Apache/2.4.41 (Ubuntu)', 'content-length': '0', 'openstack-api-version': 'compute 2.1', 'x-openstack-nova-api-version': '2.1', 'vary': 'OpenStack-API-Version,X-OpenStack-Nova-API-Version', 'x-openstack-request-id': 'req-cb744344-7b45-4530-b34b-ed6c01004641', 'x-compute-request-id'
    : 'req-cb744344-7b45-4530-b34b-ed6c01004641', 'connection': 'close', 'content-type': 'application/json', 'status': '202', 'content-location': 'http://[LB_IP_ADDRESS]:8774/v2.1/os-keypairs/tempest-keypair-2090424640'}
        Body: b''

{1} tempest.api.compute.volumes.test_volumes_get.VolumesGetTestJSON.test_volume_create_get_delete [1.863843s] ... ok
{1} tempest.api.volume.admin.test_backends_capabilities.BackendsCapabilitiesAdminTestsJSON.test_compare_volume_stats_values [0.090394s] ... ok
{1} tempest.api.volume.admin.test_backends_capabilities.BackendsCapabilitiesAdminTestsJSON.test_get_capabilities_backend [0.045975s] ... ok
{2} tempest.api.compute.volumes.test_volume_snapshots.VolumesSnapshotsTestJSON.test_volume_snapshot_create_get_list_delete [7.452492s] ... ok
{1} tempest.api.volume.admin.test_group_type_specs.GroupTypeSpecsTest.test_group_type_specs_create_show_update_list_delete [0.610850s] ... ok
{2} tempest.api.compute.volumes.test_volumes_negative.VolumesNegativeTest.test_create_volume_with_invalid_size [0.186688s] ... ok
{2} tempest.api.compute.volumes.test_volumes_negative.VolumesNegativeTest.test_create_volume_with_size_zero [0.015713s] ... ok
{2} tempest.api.compute.volumes.test_volumes_negative.VolumesNegativeTest.test_create_volume_without_passing_size [0.014648s] ... ok
{2} tempest.api.compute.volumes.test_volumes_negative.VolumesNegativeTest.test_delete_invalid_volume_id [0.044135s] ... ok
{2} tempest.api.compute.volumes.test_volumes_negative.VolumesNegativeTest.test_delete_volume_without_passing_volume_id [0.012604s] ... ok
{2} tempest.api.compute.volumes.test_volumes_negative.VolumesNegativeTest.test_get_volume_without_passing_volume_id [0.016568s] ... ok
{2} tempest.api.compute.volumes.test_volumes_negative.VolumesNegativeTest.test_volume_delete_nonexistent_volume_id [0.044614s] ... ok
{2} tempest.api.compute.volumes.test_volumes_negative.VolumesNegativeTest.test_volume_get_nonexistent_volume_id [0.046469s] ... ok
{0} tempest.api.compute.volumes.test_attach_volume.AttachVolumeMultiAttachTest.test_boot_from_multiattach_volume [25.414118s] ... ok
{1} tempest.api.volume.admin.test_groups.GroupsV314Test.test_create_group_from_group [9.592821s] ... ok
{2} tempest.api.volume.admin.test_group_snapshots.GroupSnapshotsTest.test_create_group_from_group_snapshot [10.907056s] ... ok
{1} tempest.api.volume.admin.test_qos.QosSpecsTestJSON.test_associate_disassociate_qos [0.415673s] ... ok
{1} tempest.api.volume.admin.test_qos.QosSpecsTestJSON.test_create_delete_qos_with_back_end_consumer [0.123984s] ... ok
{1} tempest.api.volume.admin.test_qos.QosSpecsTestJSON.test_create_delete_qos_with_both_consumer [0.130524s] ... ok
{1} tempest.api.volume.admin.test_qos.QosSpecsTestJSON.test_create_delete_qos_with_front_end_consumer [0.129063s] ... ok
{1} tempest.api.volume.admin.test_qos.QosSpecsTestJSON.test_get_qos [0.027798s] ... ok
{1} tempest.api.volume.admin.test_qos.QosSpecsTestJSON.test_list_qos [0.030503s] ... ok
{1} tempest.api.volume.admin.test_qos.QosSpecsTestJSON.test_set_unset_qos_key [0.167893s] ... ok
{1} tempest.api.volume.admin.test_volume_hosts.VolumeHostsAdminTestsJSON.test_list_hosts [0.139540s] ... ok
{1} tempest.api.volume.admin.test_volume_hosts.VolumeHostsAdminTestsJSON.test_show_host [0.224156s] ... ok
{1} setUpClass (tempest.api.volume.admin.test_volume_retype.VolumeRetypeWithMigrationTest) ... SKIPPED: Cinder multi-backend feature disabled
{2} tempest.api.volume.admin.test_group_snapshots.GroupSnapshotsTest.test_delete_group_snapshots_following_updated_volumes [17.049614s] ... ok
{1} tempest.api.volume.admin.test_volume_retype.VolumeRetypeWithoutMigrationTest.test_available_volume_retype [3.027266s] ... ok
{2} tempest.api.volume.admin.test_group_snapshots.GroupSnapshotsTest.test_group_snapshot_create_show_list_delete [7.667518s] ... ok
{1} tempest.api.volume.admin.test_volumes_actions.VolumesActionsTest.test_force_detach_volume [10.073363s] ... ok
{1} tempest.api.volume.admin.test_volumes_actions.VolumesActionsTest.test_volume_force_delete_when_volume_is_attaching [3.664332s] ... ok
{2} tempest.api.volume.admin.test_group_snapshots.GroupSnapshotsV319Test.test_reset_group_snapshot_status [9.290507s] ... ok
{1} tempest.api.volume.admin.test_volumes_actions.VolumesActionsTest.test_volume_force_delete_when_volume_is_creating [3.651868s] ... ok
{1} tempest.api.volume.admin.test_volumes_actions.VolumesActionsTest.test_volume_force_delete_when_volume_is_error [3.641738s] ... ok
{1} tempest.api.volume.admin.test_volumes_actions.VolumesActionsTest.test_volume_force_delete_when_volume_is_maintenance [2.635457s] ... ok
{1} tempest.api.volume.admin.test_volumes_actions.VolumesActionsTest.test_volume_reset_status [2.922600s] ... ok
{2} tempest.api.volume.admin.test_groups.GroupsTest.test_group_create_show_list_delete [7.043826s] ... ok
{1} tempest.api.volume.test_availability_zone.AvailabilityZoneTestJSON.test_get_availability_zone_list [0.132658s] ... ok
{2} tempest.api.volume.admin.test_groups.GroupsTest.test_group_update [8.012112s] ... ok
{2} setUpClass (tempest.api.volume.admin.test_multi_backend.VolumeMultiBackendTest) ... SKIPPED: Cinder multi-backend feature disabled
{2} tempest.api.volume.admin.test_user_messages.UserMessagesTest.test_delete_message [1.811676s] ... ok
{2} tempest.api.volume.admin.test_user_messages.UserMessagesTest.test_list_show_messages [1.526725s] ... ok
{2} tempest.api.volume.admin.test_volume_pools.VolumePoolsAdminTestsJSON.test_get_pools_without_details [0.156656s] ... ok
{0} tempest.api.compute.volumes.test_attach_volume.AttachVolumeMultiAttachTest.test_list_get_volume_attachments_multiattach [79.329812s] ... ok
{0} tempest.api.compute.volumes.test_attach_volume.AttachVolumeMultiAttachTest.test_resize_server_with_multiattached_volume ... SKIPPED: Resize not available.
{1} tempest.api.volume.test_image_metadata.VolumesImageMetadata.test_update_show_delete_image_metadata [0.242093s] ... ok
{2} tempest.api.volume.admin.test_volume_quotas_negative.VolumeQuotasNegativeTestJSON.test_quota_volume_gigabytes [0.241552s] ... ok
{2} tempest.api.volume.admin.test_volume_quotas_negative.VolumeQuotasNegativeTestJSON.test_quota_volumes [0.236738s] ... ok
{2} tempest.api.volume.admin.test_volume_quotas_negative.VolumeQuotasNegativeTestJSON.test_volume_extend_gigabytes_quota_deviation [0.218219s] ... ok
{1} tempest.api.volume.test_snapshot_metadata.SnapshotMetadataTestJSON.test_crud_snapshot_metadata [0.312060s] ... ok
{1} tempest.api.volume.test_snapshot_metadata.SnapshotMetadataTestJSON.test_update_show_snapshot_metadata_item [0.270133s] ... ok
{1} tempest.api.volume.test_versions.VersionsTest.test_list_versions [0.016148s] ... ok
{1} tempest.api.volume.test_versions.VersionsTest.test_show_version [0.189622s] ... ok
{2} tempest.api.volume.admin.test_volume_snapshot_quotas_negative.VolumeSnapshotQuotasNegativeTestJSON.test_quota_volume_gigabytes_snapshots [0.304371s] ... ok
{2} tempest.api.volume.admin.test_volume_snapshot_quotas_negative.VolumeSnapshotQuotasNegativeTestJSON.test_quota_volume_snapshots [0.069578s] ... ok
{0} tempest.api.compute.volumes.test_attach_volume.AttachVolumeMultiAttachTest.test_snapshot_volume_backed_multiattach [25.514741s] ... ok
{2} tempest.api.volume.admin.test_volume_type_access.VolumeTypesAccessTest.test_volume_type_access_list [0.343520s] ... ok
{1} tempest.api.volume.test_volume_delete_cascade.VolumesDeleteCascade.test_volume_delete_cascade [8.308578s] ... ok
{2} tempest.api.volume.admin.test_volume_types.VolumeTypesTest.test_volume_type_create_get_delete [0.180145s] ... ok
{2} tempest.api.volume.admin.test_volume_types.VolumeTypesTest.test_volume_type_encryption_create_get_update_delete [0.365955s] ... ok
{2} tempest.api.volume.admin.test_volume_types.VolumeTypesTest.test_volume_type_list [0.050317s] ... ok
{2} tempest.api.volume.admin.test_volume_types.VolumeTypesTest.test_volume_type_update [0.200584s] ... ok
{1} tempest.api.volume.test_volume_delete_cascade.VolumesDeleteCascade.test_volume_from_snapshot_cascade_delete [7.287294s] ... ok
{2} tempest.api.volume.admin.test_volume_types_extra_specs.VolumeTypesExtraSpecsTest.test_volume_type_extra_spec_create_get_delete [0.175992s] ... ok
{2} tempest.api.volume.admin.test_volume_types_extra_specs.VolumeTypesExtraSpecsTest.test_volume_type_extra_specs_list [0.092041s] ... ok
{2} tempest.api.volume.admin.test_volume_types_extra_specs.VolumeTypesExtraSpecsTest.test_volume_type_extra_specs_update [0.237843s] ... ok
{0} tempest.api.compute.volumes.test_volumes_list.VolumesTestJSON.test_volume_list [0.073894s] ... ok
{0} tempest.api.compute.volumes.test_volumes_list.VolumesTestJSON.test_volume_list_param_limit [0.067181s] ... ok
{0} tempest.api.compute.volumes.test_volumes_list.VolumesTestJSON.test_volume_list_param_offset_and_limit [0.157782s] ... ok
{0} tempest.api.compute.volumes.test_volumes_list.VolumesTestJSON.test_volume_list_with_detail_param_limit [0.072836s] ... ok
{0} tempest.api.compute.volumes.test_volumes_list.VolumesTestJSON.test_volume_list_with_detail_param_offset_and_limit [0.138655s] ... ok
{0} tempest.api.compute.volumes.test_volumes_list.VolumesTestJSON.test_volume_list_with_details [0.073336s] ... ok
{1} tempest.api.volume.test_volume_transfers.VolumesTransfersTest.test_create_get_list_accept_volume_transfer [4.821751s] ... ok
{2} tempest.api.volume.admin.test_volumes_list.VolumesListAdminTestJSON.test_volume_list_param_tenant [2.689575s] ... ok
{1} tempest.api.volume.test_volume_transfers.VolumesTransfersTest.test_create_list_delete_volume_transfer [3.779962s] ... ok
{0} tempest.api.volume.admin.test_encrypted_volumes_extend.EncryptedVolumesExtendAttachedTest.test_extend_attached_encrypted_volume_luksv1 ... SKIPPED: Attached encrypted volume extend is disabled.
{0} tempest.api.volume.admin.test_group_types.GroupTypesTest.test_group_type_create_list_update_show_delete [0.431161s] ... ok
{2} tempest.api.volume.test_extensions.ExtensionsTestJSON.test_list_extensions [0.173993s] ... ok
{0} tempest.api.volume.admin.test_group_types.GroupTypesTest.test_group_type_list_by_optional_params [0.257280s] ... ok
{1} tempest.api.volume.test_volume_transfers.VolumesTransfersV355Test.test_create_get_list_accept_volume_transfer [4.908117s] ... ok
{2} tempest.api.volume.test_volume_absolute_limits.AbsoluteLimitsTests.test_get_volume_absolute_limits [0.071626s] ... ok
{0} tempest.api.volume.admin.test_groups.GroupsV320Test.test_reset_group_status [2.945479s] ... ok
{0} setUpClass (tempest.api.volume.admin.test_snapshot_manage.SnapshotManageAdminTest) ... SKIPPED: Manage snapshot tests are disabled
{1} tempest.api.volume.test_volume_transfers.VolumesTransfersV355Test.test_create_list_delete_volume_transfer [3.860426s] ... ok
{1} tempest.api.volume.test_volumes_clone_negative.VolumesCloneNegativeTest.test_create_from_volume_decreasing_size [2.780067s] ... ok
{0} tempest.api.volume.admin.test_snapshots_actions.SnapshotsActionsTest.test_reset_snapshot_status [0.349970s] ... ok
{0} tempest.api.volume.admin.test_snapshots_actions.SnapshotsActionsTest.test_snapshot_force_delete_when_snapshot_is_creating [3.519929s] ... ok
{2} tempest.api.volume.test_volumes_actions.VolumesActionsTest.test_attach_detach_volume_to_instance [6.920686s] ... ok
{0} tempest.api.volume.admin.test_snapshots_actions.SnapshotsActionsTest.test_snapshot_force_delete_when_snapshot_is_deleting [3.535350s] ... ok
{2} tempest.api.volume.test_volumes_actions.VolumesActionsTest.test_get_volume_attachment [5.916876s] ... ok
{2} tempest.api.volume.test_volumes_actions.VolumesActionsTest.test_reserve_unreserve_volume [0.218304s] ... ok
{2} tempest.api.volume.test_volumes_actions.VolumesActionsTest.test_volume_bootable [0.581822s] ... ok
{0} tempest.api.volume.admin.test_snapshots_actions.SnapshotsActionsTest.test_snapshot_force_delete_when_snapshot_is_error [3.548584s] ... ok
{2} tempest.api.volume.test_volumes_actions.VolumesActionsTest.test_volume_readonly_update [0.203046s] ... ok
{0} tempest.api.volume.admin.test_snapshots_actions.SnapshotsActionsTest.test_snapshot_force_delete_when_snapshot_is_error_deleting [3.532708s] ... ok
{0} tempest.api.volume.admin.test_snapshots_actions.SnapshotsActionsTest.test_update_snapshot_status [0.240409s] ... ok
{0} setUpClass (tempest.api.volume.admin.test_volume_manage.VolumeManageAdminTest) ... SKIPPED: Manage volume tests are disabled
{1} tempest.api.volume.test_volumes_extend.VolumesExtendTest.test_volume_extend [17.808092s] ... ok
{0} tempest.api.volume.admin.test_volume_quota_classes.VolumeQuotaClassesTest.test_show_default_quota [0.222422s] ... ok
{0} tempest.api.volume.admin.test_volume_quota_classes.VolumeQuotaClassesTest.test_update_default_quota [2.182536s] ... ok
{1} tempest.api.volume.test_volumes_extend.VolumesExtendTest.test_volume_extend_when_volume_has_snapshot [5.305036s] ... ok
{2} tempest.api.volume.test_volumes_actions.VolumesActionsTest.test_volume_upload [16.932026s] ... ok
{0} tempest.api.volume.admin.test_volume_quotas.VolumeQuotasAdminTestJSON.test_delete_quota [0.383595s] ... ok
{0} tempest.api.volume.admin.test_volume_quotas.VolumeQuotasAdminTestJSON.test_list_default_quotas [0.050268s] ... ok
{0} tempest.api.volume.admin.test_volume_quotas.VolumeQuotasAdminTestJSON.test_list_quotas [0.068335s] ... ok
{0} tempest.api.volume.admin.test_volume_quotas.VolumeQuotasAdminTestJSON.test_quota_usage [2.784533s] ... ok
{0} tempest.api.volume.admin.test_volume_quotas.VolumeQuotasAdminTestJSON.test_quota_usage_after_volume_transfer [3.477769s] ... ok
{0} tempest.api.volume.admin.test_volume_quotas.VolumeQuotasAdminTestJSON.test_show_quota_usage [0.084670s] ... ok
{0} tempest.api.volume.admin.test_volume_quotas.VolumeQuotasAdminTestJSON.test_update_all_quota_resources_for_tenant [0.348763s] ... ok
{0} tempest.api.volume.admin.test_volume_services.VolumesServicesTestJSON.test_get_service_by_host_name [0.032077s] ... ok
{0} tempest.api.volume.admin.test_volume_services.VolumesServicesTestJSON.test_get_service_by_service_and_host_name [0.032201s] ... ok
{0} tempest.api.volume.admin.test_volume_services.VolumesServicesTestJSON.test_get_service_by_service_binary_name [0.026404s] ... ok
{0} tempest.api.volume.admin.test_volume_services.VolumesServicesTestJSON.test_get_service_by_volume_host_name [1.654786s] ... ok
{0} tempest.api.volume.admin.test_volume_services.VolumesServicesTestJSON.test_list_services [0.025442s] ... ok
{2} tempest.api.volume.test_volumes_clone.VolumesCloneTest.test_create_from_bootable_volume [17.903218s] ... ok
{0} tempest.api.volume.admin.test_volume_services_negative.VolumeServicesNegativeTest.test_disable_log_reason_with_no_reason [0.019244s] ... ok
{0} tempest.api.volume.admin.test_volume_services_negative.VolumeServicesNegativeTest.test_disable_service_with_invalid_binary [0.028093s] ... ok
{0} tempest.api.volume.admin.test_volume_services_negative.VolumeServicesNegativeTest.test_enable_service_with_invalid_host [0.030285s] ... ok
{0} tempest.api.volume.admin.test_volume_services_negative.VolumeServicesNegativeTest.test_freeze_host_with_invalid_host [0.032522s] ... ok
{0} tempest.api.volume.admin.test_volume_services_negative.VolumeServicesNegativeTest.test_thaw_host_with_invalid_host [0.026490s] ... ok
{2} tempest.api.volume.test_volumes_clone.VolumesCloneTest.test_create_from_volume [4.879298s] ... ok
{0} tempest.api.volume.admin.test_volume_types_extra_specs_negative.ExtraSpecsNegativeTest.test_create_invalid_body [0.019055s] ... ok
{0} tempest.api.volume.admin.test_volume_types_extra_specs_negative.ExtraSpecsNegativeTest.test_create_none_body [0.018771s] ... ok
{0} tempest.api.volume.admin.test_volume_types_extra_specs_negative.ExtraSpecsNegativeTest.test_create_nonexistent_type_id [0.046090s] ... ok
{0} tempest.api.volume.admin.test_volume_types_extra_specs_negative.ExtraSpecsNegativeTest.test_delete_nonexistent_volume_type_id [0.023780s] ... ok
{0} tempest.api.volume.admin.test_volume_types_extra_specs_negative.ExtraSpecsNegativeTest.test_get_nonexistent_extra_spec_name [0.030226s] ... ok
{0} tempest.api.volume.admin.test_volume_types_extra_specs_negative.ExtraSpecsNegativeTest.test_get_nonexistent_volume_type_id [0.025857s] ... ok
{0} tempest.api.volume.admin.test_volume_types_extra_specs_negative.ExtraSpecsNegativeTest.test_list_nonexistent_volume_type_id [0.025640s] ... ok
{0} tempest.api.volume.admin.test_volume_types_extra_specs_negative.ExtraSpecsNegativeTest.test_update_multiple_extra_spec [0.019154s] ... ok
{0} tempest.api.volume.admin.test_volume_types_extra_specs_negative.ExtraSpecsNegativeTest.test_update_no_body [0.017520s] ... ok
{0} tempest.api.volume.admin.test_volume_types_extra_specs_negative.ExtraSpecsNegativeTest.test_update_none_extra_spec_id [0.045493s] ... ok
{0} tempest.api.volume.admin.test_volume_types_extra_specs_negative.ExtraSpecsNegativeTest.test_update_nonexistent_extra_spec_id [0.045527s] ... ok
{0} tempest.api.volume.admin.test_volume_types_extra_specs_negative.ExtraSpecsNegativeTest.test_update_nonexistent_type_id [0.040948s] ... ok
{0} tempest.api.volume.admin.test_volume_types_negative.VolumeTypesNegativeTest.test_create_volume_type_encryption_nonexistent_type_id [0.202343s] ... ok
{0} tempest.api.volume.admin.test_volume_types_negative.VolumeTypesNegativeTest.test_create_with_empty_name [0.016069s] ... ok
{0} tempest.api.volume.admin.test_volume_types_negative.VolumeTypesNegativeTest.test_create_with_repeated_name [0.063038s] ... ok
{0} tempest.api.volume.admin.test_volume_types_negative.VolumeTypesNegativeTest.test_delete_nonexistent_type_id [0.022023s] ... ok
{0} tempest.api.volume.admin.test_volume_types_negative.VolumeTypesNegativeTest.test_get_nonexistent_type_id [0.020808s] ... ok
{0} tempest.api.volume.test_volume_metadata.VolumesMetadataTest.test_crud_volume_metadata [0.333970s] ... ok
{0} tempest.api.volume.test_volume_metadata.VolumesMetadataTest.test_update_show_volume_metadata_item [0.241620s] ... ok
{1} tempest.api.volume.test_volumes_snapshots.VolumesSnapshotTestJSON.test_snapshot_create_delete_with_volume_in_use [34.768695s] ... ok
{2} tempest.api.volume.test_volumes_get.VolumesGetTest.test_volume_create_get_update_delete [7.451276s] ... ok
{1} tempest.api.volume.test_volumes_snapshots.VolumesSnapshotTestJSON.test_snapshot_create_get_list_update_delete [3.546596s] ... ok
{2} tempest.api.volume.test_volumes_get.VolumesGetTest.test_volume_create_get_update_delete_as_clone [10.869387s] ... ok
{0} tempest.api.volume.test_volumes_extend.VolumesExtendAttachedTest.test_extend_attached_volume [14.365210s] ... ok
{1} tempest.api.volume.test_volumes_snapshots.VolumesSnapshotTestJSON.test_snapshot_create_offline_delete_online [20.762548s] ... ok
{0} tempest.api.volume.test_volumes_get.VolumesSummaryTest.test_show_volume_summary [0.155500s] ... ok
{1} tempest.api.volume.test_volumes_snapshots.VolumesSnapshotTestJSON.test_volume_from_snapshot [6.162125s] ... ok
{2} tempest.api.volume.test_volumes_get.VolumesGetTest.test_volume_create_get_update_delete_from_image [19.762773s] ... ok
{0} tempest.api.volume.test_volumes_list.VolumesListTestJSON.test_volume_list [0.044470s] ... ok
{0} tempest.api.volume.test_volumes_list.VolumesListTestJSON.test_volume_list_by_name [0.041345s] ... ok
{0} tempest.api.volume.test_volumes_list.VolumesListTestJSON.test_volume_list_details_by_name [0.060081s] ... ok
{0} tempest.api.volume.test_volumes_list.VolumesListTestJSON.test_volume_list_details_pagination [0.245825s] ... ok
{0} tempest.api.volume.test_volumes_list.VolumesListTestJSON.test_volume_list_details_with_multiple_params [0.116198s] ... ok
{0} tempest.api.volume.test_volumes_list.VolumesListTestJSON.test_volume_list_pagination [0.184935s] ... ok
{0} tempest.api.volume.test_volumes_list.VolumesListTestJSON.test_volume_list_param_display_name_and_status [0.041337s] ... ok
{0} tempest.api.volume.test_volumes_list.VolumesListTestJSON.test_volume_list_with_detail_param_display_name_and_status [0.058676s] ... ok
{0} tempest.api.volume.test_volumes_list.VolumesListTestJSON.test_volume_list_with_detail_param_marker [0.056146s] ... ok
{0} tempest.api.volume.test_volumes_list.VolumesListTestJSON.test_volume_list_with_detail_param_metadata [0.071789s] ... ok
{0} tempest.api.volume.test_volumes_list.VolumesListTestJSON.test_volume_list_with_details [0.058381s] ... ok
{0} tempest.api.volume.test_volumes_list.VolumesListTestJSON.test_volume_list_with_param_metadata [0.043812s] ... ok
{0} tempest.api.volume.test_volumes_list.VolumesListTestJSON.test_volumes_list_by_availability_zone [0.097883s] ... ok
{0} tempest.api.volume.test_volumes_list.VolumesListTestJSON.test_volumes_list_by_bootable [0.087080s] ... ok
{0} tempest.api.volume.test_volumes_list.VolumesListTestJSON.test_volumes_list_by_status [0.091188s] ... ok
{0} tempest.api.volume.test_volumes_list.VolumesListTestJSON.test_volumes_list_details_by_availability_zone [0.064306s] ... ok
{0} tempest.api.volume.test_volumes_list.VolumesListTestJSON.test_volumes_list_details_by_bootable [0.061758s] ... ok
{0} tempest.api.volume.test_volumes_list.VolumesListTestJSON.test_volumes_list_details_by_status [0.062953s] ... ok
{1} tempest.api.volume.test_volumes_snapshots.VolumesSnapshotTestJSON.test_volume_from_snapshot_no_size [8.264442s] ... ok
{0} tempest.api.volume.test_volumes_snapshots_negative.VolumesSnapshotNegativeTestJSON.test_create_snapshot_with_nonexistent_volume_id [0.143391s] ... ok
{0} tempest.api.volume.test_volumes_snapshots_negative.VolumesSnapshotNegativeTestJSON.test_create_snapshot_without_passing_volume_id [0.037215s] ... ok
{0} tempest.api.volume.test_volumes_snapshots_negative.VolumesSnapshotNegativeTestJSON.test_list_snapshot_invalid_param_limit [0.017209s] ... ok
{0} tempest.api.volume.test_volumes_snapshots_negative.VolumesSnapshotNegativeTestJSON.test_list_snapshots_invalid_param_marker [0.028335s] ... ok
{0} tempest.api.volume.test_volumes_snapshots_negative.VolumesSnapshotNegativeTestJSON.test_list_snapshots_invalid_param_sort [0.018730s] ... ok
{2} tempest.api.volume.test_volumes_negative.VolumesNegativeTest.test_attach_volumes_with_nonexistent_volume_id [6.608460s] ... ok
{2} tempest.api.volume.test_volumes_negative.VolumesNegativeTest.test_create_volume_from_deactivated_image [0.505205s] ... ok
{2} tempest.api.volume.test_volumes_negative.VolumesNegativeTest.test_create_volume_from_image_with_decreasing_size [0.339469s] ... ok
{2} tempest.api.volume.test_volumes_negative.VolumesNegativeTest.test_create_volume_with_invalid_size [0.016990s] ... ok
{2} tempest.api.volume.test_volumes_negative.VolumesNegativeTest.test_create_volume_with_nonexistent_snapshot_id [0.028838s] ... ok
{2} tempest.api.volume.test_volumes_negative.VolumesNegativeTest.test_create_volume_with_nonexistent_source_volid [0.030052s] ... ok
{2} tempest.api.volume.test_volumes_negative.VolumesNegativeTest.test_create_volume_with_nonexistent_volume_type [0.026814s] ... ok
{2} tempest.api.volume.test_volumes_negative.VolumesNegativeTest.test_create_volume_with_size_negative [0.016692s] ... ok
{2} tempest.api.volume.test_volumes_negative.VolumesNegativeTest.test_create_volume_with_size_zero [0.016293s] ... ok
{2} tempest.api.volume.test_volumes_negative.VolumesNegativeTest.test_create_volume_without_passing_size [0.017199s] ... ok
{2} tempest.api.volume.test_volumes_negative.VolumesNegativeTest.test_delete_invalid_volume_id [0.029036s] ... ok
{2} tempest.api.volume.test_volumes_negative.VolumesNegativeTest.test_delete_volume_without_passing_volume_id [0.014132s] ... ok
{2} tempest.api.volume.test_volumes_negative.VolumesNegativeTest.test_detach_volumes_with_invalid_volume_id [0.028582s] ... ok
{2} tempest.api.volume.test_volumes_negative.VolumesNegativeTest.test_get_invalid_volume_id [0.032010s] ... ok
{2} tempest.api.volume.test_volumes_negative.VolumesNegativeTest.test_get_volume_without_passing_volume_id [0.015246s] ... ok
{2} tempest.api.volume.test_volumes_negative.VolumesNegativeTest.test_list_volumes_detail_with_invalid_status [0.048845s] ... ok
{2} tempest.api.volume.test_volumes_negative.VolumesNegativeTest.test_list_volumes_detail_with_nonexistent_name [0.046796s] ... ok
{2} tempest.api.volume.test_volumes_negative.VolumesNegativeTest.test_list_volumes_with_invalid_status [0.039056s] ... ok
{2} tempest.api.volume.test_volumes_negative.VolumesNegativeTest.test_list_volumes_with_nonexistent_name [0.037708s] ... ok
{2} tempest.api.volume.test_volumes_negative.VolumesNegativeTest.test_reserve_volume_with_negative_volume_status [0.127067s] ... ok
{2} tempest.api.volume.test_volumes_negative.VolumesNegativeTest.test_reserve_volume_with_nonexistent_volume_id [0.029918s] ... ok
{2} tempest.api.volume.test_volumes_negative.VolumesNegativeTest.test_unreserve_volume_with_nonexistent_volume_id [0.029131s] ... ok
{2} tempest.api.volume.test_volumes_negative.VolumesNegativeTest.test_update_volume_with_empty_volume_id [0.012835s] ... ok
{2} tempest.api.volume.test_volumes_negative.VolumesNegativeTest.test_update_volume_with_invalid_volume_id [0.027212s] ... ok
{2} tempest.api.volume.test_volumes_negative.VolumesNegativeTest.test_update_volume_with_nonexistent_volume_id [0.028834s] ... ok
{2} tempest.api.volume.test_volumes_negative.VolumesNegativeTest.test_volume_delete_nonexistent_volume_id [0.029297s] ... ok
{2} tempest.api.volume.test_volumes_negative.VolumesNegativeTest.test_volume_extend_with_None_size [0.016007s] ... ok
{2} tempest.api.volume.test_volumes_negative.VolumesNegativeTest.test_volume_extend_with_non_number_size [0.015567s] ... ok
{2} tempest.api.volume.test_volumes_negative.VolumesNegativeTest.test_volume_extend_with_nonexistent_volume_id [0.027745s] ... ok
{2} tempest.api.volume.test_volumes_negative.VolumesNegativeTest.test_volume_extend_with_size_smaller_than_original_size [0.015501s] ... ok
{2} tempest.api.volume.test_volumes_negative.VolumesNegativeTest.test_volume_extend_without_passing_volume_id [0.029093s] ... ok
{2} tempest.api.volume.test_volumes_negative.VolumesNegativeTest.test_volume_get_nonexistent_volume_id [0.028702s] ... ok
{0} tempest.api.volume.test_volumes_snapshots_negative.VolumesSnapshotNegativeTestJSON.test_volume_from_snapshot_decreasing_size [4.755444s] ... ok
{1} tempest.api.volume.test_volumes_snapshots_list.VolumesSnapshotListTestJSON.test_snapshot_list_param_limit [0.035120s] ... ok
{1} tempest.api.volume.test_volumes_snapshots_list.VolumesSnapshotListTestJSON.test_snapshot_list_param_limit_equals_infinite [0.073365s] ... ok
{1} tempest.api.volume.test_volumes_snapshots_list.VolumesSnapshotListTestJSON.test_snapshot_list_param_limit_equals_zero [0.028330s] ... ok
{1} tempest.api.volume.test_volumes_snapshots_list.VolumesSnapshotListTestJSON.test_snapshot_list_param_marker [0.069220s] ... ok
{1} tempest.api.volume.test_volumes_snapshots_list.VolumesSnapshotListTestJSON.test_snapshot_list_param_offset [0.034144s] ... ok
{1} tempest.api.volume.test_volumes_snapshots_list.VolumesSnapshotListTestJSON.test_snapshot_list_param_sort_created_at_asc [0.034319s] ... ok
{1} tempest.api.volume.test_volumes_snapshots_list.VolumesSnapshotListTestJSON.test_snapshot_list_param_sort_created_at_desc [0.033084s] ... ok
{1} tempest.api.volume.test_volumes_snapshots_list.VolumesSnapshotListTestJSON.test_snapshot_list_param_sort_id_asc [0.030759s] ... ok
{1} tempest.api.volume.test_volumes_snapshots_list.VolumesSnapshotListTestJSON.test_snapshot_list_param_sort_id_desc [0.033412s] ... ok
{1} tempest.api.volume.test_volumes_snapshots_list.VolumesSnapshotListTestJSON.test_snapshot_list_param_sort_name_asc [0.031984s] ... ok
{1} tempest.api.volume.test_volumes_snapshots_list.VolumesSnapshotListTestJSON.test_snapshot_list_param_sort_name_desc [0.033900s] ... ok
{1} tempest.api.volume.test_volumes_snapshots_list.VolumesSnapshotListTestJSON.test_snapshots_list_details_with_params [0.098016s] ... ok
{1} tempest.api.volume.test_volumes_snapshots_list.VolumesSnapshotListTestJSON.test_snapshots_list_with_params [0.096394s] ... ok

==============================
Failed 3 tests - output below:
==============================

tempest.api.compute.volumes.test_attach_volume_negative.AttachVolumeNegativeTest.test_attach_attached_volume_to_different_server[id-ee37a796-2afb-11e7-bc0f-fa163e65f5ce,negative]
----------------------------------------------------------------------------------------------------------------------------------------------------------------------------------

Captured traceback:
~~~~~~~~~~~~~~~~~~~
    Traceback (most recent call last):

      File "/usr/local/lib/python3.6/site-packages/fixtures/fixture.py", line 197, in setUp
    self._setUp()

      File "/usr/local/lib/python3.6/site-packages/tempest/lib/common/validation_resources.py", line 445, in _setUp
    floating_network_name=self._floating_network_name)

      File "/usr/local/lib/python3.6/site-packages/tempest/lib/common/validation_resources.py", line 245, in create_validation_resources
    LOG.exception(msg, prov_exc, cleanup_exc)

      File "/usr/local/lib/python3.6/site-packages/oslo_utils/excutils.py", line 227, in __exit__
    self.force_reraise()

      File "/usr/local/lib/python3.6/site-packages/oslo_utils/excutils.py", line 200, in force_reraise
    raise self.value

      File "/usr/local/lib/python3.6/site-packages/tempest/lib/common/validation_resources.py", line 217, in create_validation_resources
    pool=floating_network_name))

      File "/usr/local/lib/python3.6/site-packages/tempest/lib/services/compute/floating_ips_client.py", line 66, in create_floating_ip
    resp, body = self.post(url, post_body)

      File "/usr/local/lib/python3.6/site-packages/tempest/lib/common/rest_client.py", line 299, in post
    return self.request('POST', url, extra_headers, headers, body, chunked)

      File "/usr/local/lib/python3.6/site-packages/tempest/lib/services/compute/base_compute_client.py", line 48, in request
    method, url, extra_headers, headers, body, chunked)

      File "/usr/local/lib/python3.6/site-packages/tempest/lib/common/rest_client.py", line 703, in request
    self._error_checker(resp, resp_body)

      File "/usr/local/lib/python3.6/site-packages/tempest/lib/common/rest_client.py", line 809, in _error_checker
    raise exceptions.NotFound(resp_body, resp=resp)

    tempest.lib.exceptions.NotFound: Object not found
Details: {'code': 404, 'message': 'Floating IP pool not found.'}


Captured traceback-1:
~~~~~~~~~~~~~~~~~~~~~
    Traceback (most recent call last):

      File "/usr/local/lib/python3.6/site-packages/fixtures/fixture.py", line 197, in setUp
    self._setUp()

      File "/usr/local/lib/python3.6/site-packages/tempest/lib/common/validation_resources.py", line 445, in _setUp
    floating_network_name=self._floating_network_name)

      File "/usr/local/lib/python3.6/site-packages/tempest/lib/common/validation_resources.py", line 245, in create_validation_resources
    LOG.exception(msg, prov_exc, cleanup_exc)

      File "/usr/local/lib/python3.6/site-packages/oslo_utils/excutils.py", line 227, in __exit__
    self.force_reraise()

      File "/usr/local/lib/python3.6/site-packages/oslo_utils/excutils.py", line 200, in force_reraise
    raise self.value

      File "/usr/local/lib/python3.6/site-packages/tempest/lib/common/validation_resources.py", line 217, in create_validation_resources
    pool=floating_network_name))

      File "/usr/local/lib/python3.6/site-packages/tempest/lib/services/compute/floating_ips_client.py", line 66, in create_floating_ip
    resp, body = self.post(url, post_body)

      File "/usr/local/lib/python3.6/site-packages/tempest/lib/common/rest_client.py", line 299, in post
    return self.request('POST', url, extra_headers, headers, body, chunked)

      File "/usr/local/lib/python3.6/site-packages/tempest/lib/services/compute/base_compute_client.py", line 48, in request
    method, url, extra_headers, headers, body, chunked)

      File "/usr/local/lib/python3.6/site-packages/tempest/lib/common/rest_client.py", line 703, in request
    self._error_checker(resp, resp_body)

      File "/usr/local/lib/python3.6/site-packages/tempest/lib/common/rest_client.py", line 809, in _error_checker
    raise exceptions.NotFound(resp_body, resp=resp)

    tempest.lib.exceptions.NotFound: Object not found
Details: {'code': 404, 'message': 'Floating IP pool not found.'}

    
During handling of the above exception, another exception occurred:


    Traceback (most recent call last):

      File "/usr/local/lib/python3.6/site-packages/fixtures/fixture.py", line 208, in setUp
    raise SetupError(details)

    fixtures.fixture.SetupError: {}


Captured pythonlogging:
~~~~~~~~~~~~~~~~~~~~~~~
    2022-07-21 13:34:37,218 29066 DEBUG    [tempest.lib.common.validation_resources] Requested setup of ValidationResources keypair True, floating IP True, security group False
2022-07-21 13:34:37,218 29066 DEBUG    [tempest.lib.common.validation_resources] Requested validation resources keypair True, floating IP True, security group False
2022-07-21 13:34:37,655 29066 INFO     [tempest.lib.common.rest_client] Request (ValidationResourcesFixture:setUp): 200 POST http://[LB_IP_ADDRESS]:8774/v2.1/os-keypairs 0.436s
2022-07-21 13:34:37,656 29066 DEBUG    [tempest.lib.common.rest_client] Request - Headers: {'Content-Type': 'application/json', 'Accept': 'application/json', 'X-Auth-Token': '<omitted>'}
        Body: {"keypair": {"name": "tempest-keypair-638867315"}}
    Response - Headers: {'date': 'Thu, 21 Jul 2022 10:34:37 GMT', 'server': 'Apache/2.4.41 (Ubuntu)', 'content-length': '2304', 'openstack-api-version': 'compute 2.1', 'x-openstack-nova-api-version': '2.1', 'vary': 'OpenStack-API-Version,X-OpenStack-Nova-API-Version', 'x-openstack-request-id': 'req-7585384d-dc63-4165-b854-5e068d3c310e', 'x-compute-request-id': 'req-7585384d-dc63-4165-b854-5e068d3c310e', 'connection': 'close', 'content-type': 'application/json', 'status': '200', 'content-location': 'http://[LB_IP_ADDRESS]:8774/v2.1/os-keypairs'}
        Body: b'{"keypair": {"private_key": "-----BEGIN RSA PRIVATE KEY-----\\nMIIEpAIBAAKCAQEAzfgoEGe6fDNrHQWfVCPWqX22EsQyy+3zpwHBGegydVND7+uX\\n7/Gyw6FXA9+xHrpnCkGYXZZkzokdlkKELGItTR7HyuezHbaJAcNgcdhWA3h7kJLo\\ncHPBp4YYWckg8JNBIANRjD3vpoDr2OsWjkUmmUYcnMI37wIIwkT1KEEp5TF5fWGB\\nVUpmP5XD7UWhIbGaCF3yXlDX6zTtFU9xTt9OoxSHazbL87Ew9d/gpfTsevNmfCfJ\\nJTRX/AiL9QEGb4J3f/Ee6w6XLU8riHJGy1alPPg/A5j9T7UrkWFUHLQnQrXqPfEQ\\nOGiXORd0zkVlspTLb7KciNNPtHEIEnRQuNJiswIDAQABAoIBAQDF/82734t1BBTv\\nRE1jHESqkK+sILHYOrokjNot5npDMTU4+ZkIz6eSypGUpsBlErolMOOg7AeiSEuJ\\n/A2FgSedYH6d/tjAMo5IhKI9LsOY+ISIecE7APxj59OW1HN28YgEl0wYbh3oSTzw\\nPSZkw/MUG0M8KrSMbb8vygyGkwYMTSYoCDXGnzuvFSe35q9auzuUxomhBhn3awhE\\niiZSQdj0E0z6fHcPm+yFXuEks8yz9ofh4cKWrHVlol3Da3XzqI+IpVtEt7w9LR//\\nH48VMrezvtxUVVRd8bkTeQJnO7zd7OL9wlo3gxg2yAbHcv8vblp9Hb5bgc8EXn8q\\n5KEa2woRAoGBAPI5jUwAazKyeQpVFzrYUTA/KPPzUvgm791cjffyqKdqclvmr09c\\nDIWWWqJcgFOl4+atX09uuGpMi9I6+BM5X8rci8bBocuYsJmdXkJGXh7a1BoEssjx\\n8eay0L8W25orHly1k/PX4m9etcAQyb/U9wTnwvGhVvtgQlvuHyGBRkU7AoGBANmu\\nxuCDIUFVROi1rRBNhNg62jtA18V4Wk5o8bxntU80IVKSeR7IpOicof+DQxMJaKKe\\nEXDEeGBxxuKv2eHBJr7BmYskKrldU64pgrA2YHWuSJGbNFVS2A6z/vczz5IQJyJo\\n87fDWGgavtEyz7KEeHxa8/9N/0RlOe8fM5NqQiDpAoGBAI/QqdrpGLyWCJWg5dTz\\nYGjz5x3IZ4ecnqfgbw47DfWwlsuH0Kier3SVS6TApRSFFyX74+3mgCnk3tNoXagU\\nVZK9lWPhzW1zb88VB0T0QKezJ2F3TqtOM2DU5GnAaYxEc5d526lYkUGsit7JWO/D\\nwxIvhKgwMdO4WE36uJMNDSrHAoGAfwgcrQY5EOxW00q6HQpv3NOzaOK1SFqssJdT\\ngrQuvXLZg1tQ7WL/wXMuonKSYPibpFKEMP+mk/mxq7Ydez4Bg05tcSKBAD1zSO6W\\ngoipD+POG5KsHqLCzQnDX7VPi5h7jfwbRgDshYweEO0LAc2GlmNpgnKc5egAwAfA\\nTGW1A4kCgYBMsFKGHrBOXiMfQiIBoPIrVj07mJ5T0Y50ETrxDxVUL1ntNIPW7fb+\\n5abOFfFQc0CgLxSwKBVsiMz8szQXgXLpxk9bAxebTy4C82L1u5/6BdCkqRycjRZR\\ntbLr7p9IkRxNEFsySS66axnz9+FxB2BSq/gRf5aFkPKFSinLJhGqhQ==\\n-----END RSA PRIVATE KEY-----\\n", "name": "tempest-keypair-638867315", "public_key": "ssh-rsa AAAAB3NzaC1yc2EAAAADAQABAAABAQDN+CgQZ7p8M2sdBZ9UI9apfbYSxDLL7fOnAcEZ6DJ1U0Pv65fv8bLDoVcD37EeumcKQZhdlmTOiR2WQoQsYi1NHsfK57MdtokBw2Bx2FYDeHuQkuhwc8GnhhhZySDwk0EgA1GMPe+mgOvY6xaORSaZRhycwjfvAgjCRPUoQSnlMXl9YYFVSmY/lcPtRaEhsZoIXfJeUNfrNO0VT3FO306jFIdrNsvzsTD13+Cl9Ox682Z8J8klNFf8CIv1AQZvgnd/8R7rDpctTyuIckbLVqU8+D8DmP1PtSuRYVQctCdCteo98RA4aJc5F3TORWWylMtvspyI00+0cQgSdFC40mKz Generated-by-Nova", "fingerprint": "7e:36:03:dc:fa:cf:cc:be:e8:c6:ee:b4:f8:a9:25:23", "user_id": "8bc1c538d2b1414ab6baceb33cfda792"}}'
2022-07-21 13:34:37,662 29066 DEBUG    [tempest.lib.common.validation_resources] Validation resource key tempest-keypair-638867315 created
2022-07-21 13:34:37,853 29066 INFO     [tempest.lib.common.rest_client] Request (ValidationResourcesFixture:setUp): 404 POST http://[LB_IP_ADDRESS]:8774/v2.1/os-floating-ips 0.189s
2022-07-21 13:34:37,853 29066 DEBUG    [tempest.lib.common.rest_client] Request - Headers: {'Content-Type': 'app
    lication/json', 'Accept': 'application/json', 'X-Auth-Token': '<omitted>'}
        Body: {"pool": null}
    Response - Headers: {'date': 'Thu, 21 Jul 2022 10:34:37 GMT', 'server': 'Apache/2.4.41 (Ubuntu)', 'content-length': '73', 'openstack-api-version': 'compute 2.1', 'x-openstack-nova-api-version': '2.1', 'vary': 'OpenStack-API-Version,X-OpenStack-Nova-API-Version', 'x-openstack-request-id': 'req-3f96fb74-aa23-4ed0-8fbc-e22b005b75ab', 'x-compute-request-id': 'req-3f96fb74-aa23-4ed0-8fbc-e22b005b75ab', 'connection': 'close', 'content-type': 'application/json; charset=UTF-8', 'status': '404', 'content-location': 'http://[LB_IP_ADDRESS]:8774/v2.1/os-floating-ips'}
        Body: b'{"itemNotFound": {"code": 404, "message": "Floating IP pool not found."}}'
2022-07-21 13:34:37,854 29066 DEBUG    [tempest.lib.common.validation_resources] Error while provisioning validation resources Object not found
Details: {'code': 404, 'message': 'Floating IP pool not found.'}. Trying to cleanup what we provisioned so far: {'keypair': {'private_key': '-----BEGIN RSA PRIVATE KEY-----\nMIIEpAIBAAKCAQEAzfgoEGe6fDNrHQWfVCPWqX22EsQyy+3zpwHBGegydVND7+uX\n7/Gyw6FXA9+xHrpnCkGYXZZkzokdlkKELGItTR7HyuezHbaJAcNgcdhWA3h7kJLo\ncHPBp4YYWckg8JNBIANRjD3vpoDr2OsWjkUmmUYcnMI37wIIwkT1KEEp5TF5fWGB\nVUpmP5XD7UWhIbGaCF3yXlDX6zTtFU9xTt9OoxSHazbL87Ew9d/gpfTsevNmfCfJ\nJTRX/AiL9QEGb4J3f/Ee6w6XLU8riHJGy1alPPg/A5j9T7UrkWFUHLQnQrXqPfEQ\nOGiXORd0zkVlspTLb7KciNNPtHEIEnRQuNJiswIDAQABAoIBAQDF/82734t1BBTv\nRE1jHESqkK+sILHYOrokjNot5npDMTU4+ZkIz6eSypGUpsBlErolMOOg7AeiSEuJ\n/A2FgSedYH6d/tjAMo5IhKI9LsOY+ISIecE7APxj59OW1HN28YgEl0wYbh3oSTzw\nPSZkw/MUG0M8KrSMbb8vygyGkwYMTSYoCDXGnzuvFSe35q9auzuUxomhBhn3awhE\niiZSQdj0E0z6fHcPm+yFXuEks8yz9ofh4cKWrHVlol3Da3XzqI+IpVtEt7w9LR//\nH48VMrezvtxUVVRd8bkTeQJnO7zd7OL9wlo3gxg2yAbHcv8vblp9Hb5bgc8EXn8q\n5KEa2woRAoGBAPI5jUwAazKyeQpVFzrYUTA/KPPzUvgm791cjffyqKdqclvmr09c\nDIWWWqJcgFOl4+atX09uuGpMi9I6+BM5X8rci8bBocuYsJmdXkJGXh7a1BoEssjx\n8eay0L8W25orHly1k/PX4m9etcAQyb/U9wTnwvGhVvtgQlvuHyGBRkU7AoGBANmu\nxuCDIUFVROi1rRBNhNg62jtA18V4Wk5o8bxntU80IVKSeR7IpOicof+DQxMJaKKe\nEXDEeGBxxuKv2eHBJr7BmYskKrldU64pgrA2YHWuSJGbNFVS2A6z/vczz5IQJyJo\n87fDWGgavtEyz7KEeHxa8/9N/0RlOe8fM5NqQiDpAoGBAI/QqdrpGLyWCJWg5dTz\nYGjz5x3IZ4ecnqfgbw47DfWwlsuH0Kier3SVS6TApRSFFyX74+3mgCnk3tNoXagU\nVZK9lWPhzW1zb88VB0T0QKezJ2F3TqtOM2DU5GnAaYxEc5d526lYkUGsit7JWO/D\nwxIvhKgwMdO4WE36uJMNDSrHAoGAfwgcrQY5EOxW00q6HQpv3NOzaOK1SFqssJdT\ngrQuvXLZg1tQ7WL/wXMuonKSYPibpFKEMP+mk/mxq7Ydez4Bg05tcSKBAD1zSO6W\ngoipD+POG5KsHqLCzQnDX7VPi5h7jfwbRgDshYweEO0LAc2GlmNpgnKc5egAwAfA\nTGW1A4kCgYBMsFKGHrBOXiMfQiIBoPIrVj07mJ5T0Y50ETrxDxVUL1ntNIPW7fb+\n5abOFfFQc0CgLxSwKBVsiMz8szQXgXLpxk9bAxebTy4C82L1u5/6BdCkqRycjRZR\ntbLr7p9IkRxNEFsySS66axnz9+FxB2BSq/gRf5aFkPKFSinLJhGqhQ==\n-----END RSA PRIVATE KEY-----\n', 'name': 'tempest-keypair-638867315', 'public_key': 'ssh-rsa AAAAB3NzaC1yc2EAAAADAQABAAABAQDN+CgQZ7p8M2sdBZ9UI9apfbYSxDLL7fOnAcEZ6DJ1U0Pv65fv8bLDoVcD37EeumcKQZhdlmTOiR2WQoQsYi1NHsfK57MdtokBw2Bx2FYDeHuQkuhwc8GnhhhZySDwk0EgA1GMPe+mgOvY6xaORSaZRhycwjfvAgjCRPUoQSnlMXl9YYFVSmY/lcPtRaEhsZoIXfJeUNfrNO0VT3FO306jFIdrNsvzsTD13+Cl9Ox682Z8J8klNFf8CIv1AQZvgnd/8R7rDpctTyuIckbLVqU8+D8DmP1PtSuRYVQctCdCteo98RA4aJc5F3TORWWylMtvspyI00+0cQgSdFC40mKz Generated-by-Nova', 'fingerprint': '7e:36:03:dc:fa:cf:cc:be:e8:c6:ee:b4:f8:a9:25:23', 'user_id': '8bc1c538d2b1414ab6baceb33cfda792'}}
2022-07-21 13:34:37,888 29066 INFO     [tempest.lib.common.rest_client] Request (ValidationResourcesFixture:setUp): 202 DELETE http://[LB_IP_ADDRESS]:8774/v2.1/os-keypairs/tempest-keypair-638867315 0.033s
2022-07-21 13:34:37,889 29066 DEBUG    [tempest.lib.common.rest_client] Request - Headers: {'Content-Type': 'application/json', 'Accept': 'application/json', 'X-Auth-Token': '<omitted>'}
        Body: None
    Response - Headers: {'date': 'Thu, 21 Jul 2022 10:34:37 GMT', 'server': 'Apache/2.4.41 (Ubuntu)', 'content-length': '0', 'openstack-api-version': 'compute 2.1', 'x-openstack-nova-api-version': '2.1', 'vary': 'OpenStack-API-Version,X-OpenStack-Nova-API-Version', 'x-openstack-request-id': 'req-49457d7a-3d85-4df7-ab0b-4e9e765a40ee', 'x-compute-request-id': 're
    q-49457d7a-3d85-4df7-ab0b-4e9e765a40ee', 'connection': 'close', 'content-type': 'application/json', 'status': '202', 'content-location': 'http://[LB_IP_ADDRESS]:8774/v2.1/os-keypairs/tempest-keypair-638867315'}
        Body: b''


tempest.api.compute.volumes.test_attach_volume_negative.AttachVolumeNegativeTest.test_attach_attached_volume_to_same_server[id-aab919e2-d992-4cbb-a4ed-745c2475398c,negative]
-----------------------------------------------------------------------------------------------------------------------------------------------------------------------------

Captured traceback:
~~~~~~~~~~~~~~~~~~~
    Traceback (most recent call last):

      File "/usr/local/lib/python3.6/site-packages/fixtures/fixture.py", line 197, in setUp
    self._setUp()

      File "/usr/local/lib/python3.6/site-packages/tempest/lib/common/validation_resources.py", line 445, in _setUp
    floating_network_name=self._floating_network_name)

      File "/usr/local/lib/python3.6/site-packages/tempest/lib/common/validation_resources.py", line 245, in create_validation_resources
    LOG.exception(msg, prov_exc, cleanup_exc)

      File "/usr/local/lib/python3.6/site-packages/oslo_utils/excutils.py", line 227, in __exit__
    self.force_reraise()

      File "/usr/local/lib/python3.6/site-packages/oslo_utils/excutils.py", line 200, in force_reraise
    raise self.value

      File "/usr/local/lib/python3.6/site-packages/tempest/lib/common/validation_resources.py", line 217, in create_validation_resources
    pool=floating_network_name))

      File "/usr/local/lib/python3.6/site-packages/tempest/lib/services/compute/floating_ips_client.py", line 66, in create_floating_ip
    resp, body = self.post(url, post_body)

      File "/usr/local/lib/python3.6/site-packages/tempest/lib/common/rest_client.py", line 299, in post
    return self.request('POST', url, extra_headers, headers, body, chunked)

      File "/usr/local/lib/python3.6/site-packages/tempest/lib/services/compute/base_compute_client.py", line 48, in request
    method, url, extra_headers, headers, body, chunked)

      File "/usr/local/lib/python3.6/site-packages/tempest/lib/common/rest_client.py", line 703, in request
    self._error_checker(resp, resp_body)

      File "/usr/local/lib/python3.6/site-packages/tempest/lib/common/rest_client.py", line 809, in _error_checker
    raise exceptions.NotFound(resp_body, resp=resp)

    tempest.lib.exceptions.NotFound: Object not found
Details: {'code': 404, 'message': 'Floating IP pool not found.'}


Captured traceback-1:
~~~~~~~~~~~~~~~~~~~~~
    Traceback (most recent call last):

      File "/usr/local/lib/python3.6/site-packages/fixtures/fixture.py", line 197, in setUp
    self._setUp()

      File "/usr/local/lib/python3.6/site-packages/tempest/lib/common/validation_resources.py", line 445, in _setUp
    floating_network_name=self._floating_network_name)

      File "/usr/local/lib/python3.6/site-packages/tempest/lib/common/validation_resources.py", line 245, in create_validation_resources
    LOG.exception(msg, prov_exc, cleanup_exc)

      File "/usr/local/lib/python3.6/site-packages/oslo_utils/excutils.py", line 227, in __exit__
    self.force_reraise()

      File "/usr/local/lib/python3.6/site-packages/oslo_utils/excutils.py", line 200, in force_reraise
    raise self.value

      File "/usr/local/lib/python3.6/site-packages/tempest/lib/common/validation_resources.py", line 217, in create_validation_resources
    pool=floating_network_name))

      File "/usr/local/lib/python3.6/site-packages/tempest/lib/services/compute/floating_ips_client.py", line 66, in create_floating_ip
    resp, body = self.post(url, post_body)

      File "/usr/local/lib/python3.6/site-packages/tempest/lib/common/rest_client.py", line 299, in post
    return self.request('POST', url, extra_headers, headers, body, chunked)

      File "/usr/local/lib/python3.6/site-packages/tempest/lib/services/compute/base_compute_client.py", line 48, in request
    method, url, extra_headers, headers, body, chunked)

      File "/usr/local/lib/python3.6/site-packages/tempest/lib/common/rest_client.py", line 703, in request
    self._error_checker(resp, resp_body)

      File "/usr/local/lib/python3.6/site-packages/tempest/lib/common/rest_client.py", line 809, in _error_checker
    raise exceptions.NotFound(resp_body, resp=resp)

    tempest.lib.exceptions.NotFound: Object not found
Details: {'code': 404, 'message': 'Floating IP pool not found.'}

    
During handling of the above exception, another exception occurred:


    Traceback (most recent call last):

      File "/usr/local/lib/python3.6/site-packages/fixtures/fixture.py", line 208, in setUp
    raise SetupError(details)

    fixtures.fixture.SetupError: {}


Captured pythonlogging:
~~~~~~~~~~~~~~~~~~~~~~~
    2022-07-21 13:34:37,897 29066 DEBUG    [tempest.lib.common.validation_resources] Requested setup of ValidationResources keypair True, floating IP True, security group False
2022-07-21 13:34:37,897 29066 DEBUG    [tempest.lib.common.validation_resources] Requested validation resources keypair True, floating IP True, security group False
2022-07-21 13:34:38,044 29066 INFO     [tempest.lib.common.rest_client] Request (ValidationResourcesFixture:setUp): 200 POST http://[LB_IP_ADDRESS]:8774/v2.1/os-keypairs 0.146s
2022-07-21 13:34:38,045 29066 DEBUG    [tempest.lib.common.rest_client] Request - Headers: {'Content-Type': 'application/json', 'Accept': 'application/json', 'X-Auth-Token': '<omitted>'}
        Body: {"keypair": {"name": "tempest-keypair-597815894"}}
    Response - Headers: {'date': 'Thu, 21 Jul 2022 10:34:37 GMT', 'server': 'Apache/2.4.41 (Ubuntu)', 'content-length': '2300', 'openstack-api-version': 'compute 2.1', 'x-openstack-nova-api-version': '2.1', 'vary': 'OpenStack-API-Version,X-OpenStack-Nova-API-Version', 'x-openstack-request-id': 'req-4eaeca66-168d-4219-b222-7750851b4d54', 'x-compute-request-id': 'req-4eaeca66-168d-4219-b222-7750851b4d54', 'connection': 'close', 'content-type': 'application/json', 'status': '200', 'content-location': 'http://[LB_IP_ADDRESS]:8774/v2.1/os-keypairs'}
        Body: b'{"keypair": {"private_key": "-----BEGIN RSA PRIVATE KEY-----\\nMIIEowIBAAKCAQEAxyzk9ig+hRGomQaB4lfjlQD5Pm659yS9pwGNwhvjL8/5Jw3y\\nrIhliWNkpd5z4QkV0gC8AmzaACx/zwecmy/acLciXV9fP/ayd2qyqHc9lnEbBgbi\\nZT1Odp1Xpl5Zc694bNgX+JglEi1Urgg5Kil3zBhqKUq1SCwEYPHSG7aXwyWdk0Zq\\nnTKxqD6Zsh/uRCK+2FSlO8jztvaf5kVpbTPLO1bBT81hRaO0N51oyoM9Jfhh7JT9\\nFzZvJpGZsnsX0t2Yswd2l0iyFLH5nCsukYdbm0uWzV6vjg8Gsg4+1zddZoC0++fc\\nTwBfdzFROSxlqfsNAXq7Zk3Xqr++fht8TniErwIDAQABAoIBAQC5t9Xi5ZGuWNHh\\nplyz5gnSZW8C1RJYLY0dzWgWSBSl/4Gt9eaDFEfBPMmblHpuqh8Lix3EESWRJe0i\\n6VEQryU7FrhXYleZd/nfOcFPLqhhwCNXklHF3s1r8rjI647zPPnIXBK1/YALm/Mq\\nt4Y+Fx6aU2WiDQROQKTwlGu65Z5LGgF3sC6jGypYGOSwOiuqaRGNCTqCEMWlHk4D\\nWqaB4SMknnUxYhFetBuXjaJmr6KoK2ILcCFwlR6O/f10PP2INZQSmu8SETal4JQN\\n2GTvpx7UGFiNL2xydtrZy+MxcPhWDcAU2FpKv+BZ1uxf/3ybsXZTYDfTc48uRCFj\\n319xr3ZhAoGBAOwM3S62BLobICmHyr6gSdiNUfuxHQY+d1g4Ft1j43bkosE1EFsb\\n4J29V70nKc5hZLEImNLPIDzeWZFWzhQkjV720sUq8rpeeh0C8CMBLC3TlNRrQ8sX\\n177cK1/3qdr5KoUDKknvzF7Qj3g6M29u6d4YJ2MRioDcfTlrT5rjMwY/AoGBANgC\\nNnv2sF4dfdUGX3mtmuhNq+ai4lr6TyqEMLnbJDqxddy9VYaeXhAqdkp5zfaVblwc\\nDH/fgRjD10a0nqzzSNSRjQ7WxUGAJ7md3cKbsBR+NXbXOCwrXZgSyUY/6KBUazIi\\njj7SQ5PkIy5W5H/DOJ7hyoHLGVVDyZyN1/gnXUWRAoGAChL+eZjhGMRBmiQmff4/\\nSJO3dQN5FqQh2c0DBM3XjmJxo8dM/GZzLqg/D16VhS5Y6slQJGccnBxtPCu1PdzV\\nf8EO+8U6eMPBeG2ArC3HoekOyAYP7aIF3iptW3opcKQDsYuSCXfHhCBojxwEx/O2\\n3XiwbaT5AUjnu0SeMCEUM2cCgYBDbQVm0o0hA6GoojGhQLCO/NfAyW1QqruVcOfo\\ny9/WNlitC6irublw4GBGRRkmdGSbeeHo9HJOsar8FhtFrzc3qytVy3KNTJyZ0w5K\\n1eAztWWo7+tH1k2Dz7FmLULG8TL41lKCh42yl07oAxWWT/DXn3Ff7G6+78b6CEi2\\n3ErAEQKBgHNCcFM+pmHWvGDcocHXqGjrxPtH+rD7BL4Q78M0Mjoe7T4c3C2cD/O4\\n6NWhaCv3/6E9s6nULKdeaEYQh8aQhlYcr7RUA4O0cT/I8yx9Gpj47MQL1wYkbfJ+\\njGYZjEGff5VBWO/Ewm3zguYq4jqEgB+Tkc0FEmy36o+FXje0PYRf\\n-----END RSA PRIVATE KEY-----\\n", "name": "tempest-keypair-597815894", "public_key": "ssh-rsa AAAAB3NzaC1yc2EAAAADAQABAAABAQDHLOT2KD6FEaiZBoHiV+OVAPk+brn3JL2nAY3CG+Mvz/knDfKsiGWJY2Sl3nPhCRXSALwCbNoALH/PB5ybL9pwtyJdX18/9rJ3arKodz2WcRsGBuJlPU52nVemXllzr3hs2Bf4mCUSLVSuCDkqKXfMGGopSrVILARg8dIbtpfDJZ2TRmqdMrGoPpmyH+5EIr7YVKU7yPO29p/mRWltM8s7VsFPzWFFo7Q3nWjKgz0l+GHslP0XNm8mkZmyexfS3ZizB3aXSLIUsfmcKy6Rh1ubS5bNXq+ODwayDj7XN11mgLT759xPAF93MVE5LGWp+w0BertmTdeqv75+G3xOeISv Generated-by-Nova", "fingerprint": "1e:b0:c6:33:d7:8f:24:1d:b8:f1:cb:47:a4:c0:30:78", "user_id": "8bc1c538d2b1414ab6baceb33cfda792"}}'
2022-07-21 13:34:38,052 29066 DEBUG    [tempest.lib.common.validation_resources] Validation resource key tempest-keypair-597815894 created
2022-07-21 13:34:38,097 29066 INFO     [tempest.lib.common.rest_client] Request (ValidationResourcesFixture:setUp): 404 POST http://[LB_IP_ADDRESS]:8774/v2.1/os-floating-ips 0.043s
2022-07-21 13:34:38,097 29066 DEBUG    [tempest.lib.common.rest_client] Request - Headers: {'Content-Type': 'applica
    tion/json', 'Accept': 'application/json', 'X-Auth-Token': '<omitted>'}
        Body: {"pool": null}
    Response - Headers: {'date': 'Thu, 21 Jul 2022 10:34:38 GMT', 'server': 'Apache/2.4.41 (Ubuntu)', 'content-length': '73', 'openstack-api-version': 'compute 2.1', 'x-openstack-nova-api-version': '2.1', 'vary': 'OpenStack-API-Version,X-OpenStack-Nova-API-Version', 'x-openstack-request-id': 'req-4ae8c18f-2e85-46d6-9bbf-9449ad8d4fbd', 'x-compute-request-id': 'req-4ae8c18f-2e85-46d6-9bbf-9449ad8d4fbd', 'connection': 'close', 'content-type': 'application/json; charset=UTF-8', 'status': '404', 'content-location': 'http://[LB_IP_ADDRESS]:8774/v2.1/os-floating-ips'}
        Body: b'{"itemNotFound": {"code": 404, "message": "Floating IP pool not found."}}'
2022-07-21 13:34:38,098 29066 DEBUG    [tempest.lib.common.validation_resources] Error while provisioning validation resources Object not found
Details: {'code': 404, 'message': 'Floating IP pool not found.'}. Trying to cleanup what we provisioned so far: {'keypair': {'private_key': '-----BEGIN RSA PRIVATE KEY-----\nMIIEowIBAAKCAQEAxyzk9ig+hRGomQaB4lfjlQD5Pm659yS9pwGNwhvjL8/5Jw3y\nrIhliWNkpd5z4QkV0gC8AmzaACx/zwecmy/acLciXV9fP/ayd2qyqHc9lnEbBgbi\nZT1Odp1Xpl5Zc694bNgX+JglEi1Urgg5Kil3zBhqKUq1SCwEYPHSG7aXwyWdk0Zq\nnTKxqD6Zsh/uRCK+2FSlO8jztvaf5kVpbTPLO1bBT81hRaO0N51oyoM9Jfhh7JT9\nFzZvJpGZsnsX0t2Yswd2l0iyFLH5nCsukYdbm0uWzV6vjg8Gsg4+1zddZoC0++fc\nTwBfdzFROSxlqfsNAXq7Zk3Xqr++fht8TniErwIDAQABAoIBAQC5t9Xi5ZGuWNHh\nplyz5gnSZW8C1RJYLY0dzWgWSBSl/4Gt9eaDFEfBPMmblHpuqh8Lix3EESWRJe0i\n6VEQryU7FrhXYleZd/nfOcFPLqhhwCNXklHF3s1r8rjI647zPPnIXBK1/YALm/Mq\nt4Y+Fx6aU2WiDQROQKTwlGu65Z5LGgF3sC6jGypYGOSwOiuqaRGNCTqCEMWlHk4D\nWqaB4SMknnUxYhFetBuXjaJmr6KoK2ILcCFwlR6O/f10PP2INZQSmu8SETal4JQN\n2GTvpx7UGFiNL2xydtrZy+MxcPhWDcAU2FpKv+BZ1uxf/3ybsXZTYDfTc48uRCFj\n319xr3ZhAoGBAOwM3S62BLobICmHyr6gSdiNUfuxHQY+d1g4Ft1j43bkosE1EFsb\n4J29V70nKc5hZLEImNLPIDzeWZFWzhQkjV720sUq8rpeeh0C8CMBLC3TlNRrQ8sX\n177cK1/3qdr5KoUDKknvzF7Qj3g6M29u6d4YJ2MRioDcfTlrT5rjMwY/AoGBANgC\nNnv2sF4dfdUGX3mtmuhNq+ai4lr6TyqEMLnbJDqxddy9VYaeXhAqdkp5zfaVblwc\nDH/fgRjD10a0nqzzSNSRjQ7WxUGAJ7md3cKbsBR+NXbXOCwrXZgSyUY/6KBUazIi\njj7SQ5PkIy5W5H/DOJ7hyoHLGVVDyZyN1/gnXUWRAoGAChL+eZjhGMRBmiQmff4/\nSJO3dQN5FqQh2c0DBM3XjmJxo8dM/GZzLqg/D16VhS5Y6slQJGccnBxtPCu1PdzV\nf8EO+8U6eMPBeG2ArC3HoekOyAYP7aIF3iptW3opcKQDsYuSCXfHhCBojxwEx/O2\n3XiwbaT5AUjnu0SeMCEUM2cCgYBDbQVm0o0hA6GoojGhQLCO/NfAyW1QqruVcOfo\ny9/WNlitC6irublw4GBGRRkmdGSbeeHo9HJOsar8FhtFrzc3qytVy3KNTJyZ0w5K\n1eAztWWo7+tH1k2Dz7FmLULG8TL41lKCh42yl07oAxWWT/DXn3Ff7G6+78b6CEi2\n3ErAEQKBgHNCcFM+pmHWvGDcocHXqGjrxPtH+rD7BL4Q78M0Mjoe7T4c3C2cD/O4\n6NWhaCv3/6E9s6nULKdeaEYQh8aQhlYcr7RUA4O0cT/I8yx9Gpj47MQL1wYkbfJ+\njGYZjEGff5VBWO/Ewm3zguYq4jqEgB+Tkc0FEmy36o+FXje0PYRf\n-----END RSA PRIVATE KEY-----\n', 'name': 'tempest-keypair-597815894', 'public_key': 'ssh-rsa AAAAB3NzaC1yc2EAAAADAQABAAABAQDHLOT2KD6FEaiZBoHiV+OVAPk+brn3JL2nAY3CG+Mvz/knDfKsiGWJY2Sl3nPhCRXSALwCbNoALH/PB5ybL9pwtyJdX18/9rJ3arKodz2WcRsGBuJlPU52nVemXllzr3hs2Bf4mCUSLVSuCDkqKXfMGGopSrVILARg8dIbtpfDJZ2TRmqdMrGoPpmyH+5EIr7YVKU7yPO29p/mRWltM8s7VsFPzWFFo7Q3nWjKgz0l+GHslP0XNm8mkZmyexfS3ZizB3aXSLIUsfmcKy6Rh1ubS5bNXq+ODwayDj7XN11mgLT759xPAF93MVE5LGWp+w0BertmTdeqv75+G3xOeISv Generated-by-Nova', 'fingerprint': '1e:b0:c6:33:d7:8f:24:1d:b8:f1:cb:47:a4:c0:30:78', 'user_id': '8bc1c538d2b1414ab6baceb33cfda792'}}
2022-07-21 13:34:38,131 29066 INFO     [tempest.lib.common.rest_client] Request (ValidationResourcesFixture:setUp): 202 DELETE http://[LB_IP_ADDRESS]:8774/v2.1/os-keypairs/tempest-keypair-597815894 0.032s
2022-07-21 13:34:38,132 29066 DEBUG    [tempest.lib.common.rest_client] Request - Headers: {'Content-Type': 'application/json', 'Accept': 'application/json', 'X-Auth-Token': '<omitted>'}
        Body: None
    Response - Headers: {'date': 'Thu, 21 Jul 2022 10:34:38 GMT', 'server': 'Apache/2.4.41 (Ubuntu)', 'content-length': '0', 'openstack-api-version': 'compute 2.1', 'x-openstack-nova-api-version': '2.1', 'vary': 'OpenStack-API-Version,X-OpenStack-Nova-API-Version', 'x-openstack-request-id': 'req-c66dcc76-ec2b-46da-b6ca-eb105a8cc299', 'x-compute-request-id': 'req-c66dcc
    76-ec2b-46da-b6ca-eb105a8cc299', 'connection': 'close', 'content-type': 'application/json', 'status': '202', 'content-location': 'http://[LB_IP_ADDRESS]:8774/v2.1/os-keypairs/tempest-keypair-597815894'}
        Body: b''


tempest.api.compute.volumes.test_attach_volume_negative.AttachVolumeNegativeTest.test_delete_attached_volume[id-a313b5cd-fbd0-49cc-94de-870e99f763c7,negative]
--------------------------------------------------------------------------------------------------------------------------------------------------------------

Captured traceback:
~~~~~~~~~~~~~~~~~~~
    Traceback (most recent call last):

      File "/usr/local/lib/python3.6/site-packages/fixtures/fixture.py", line 197, in setUp
    self._setUp()

      File "/usr/local/lib/python3.6/site-packages/tempest/lib/common/validation_resources.py", line 445, in _setUp
    floating_network_name=self._floating_network_name)

      File "/usr/local/lib/python3.6/site-packages/tempest/lib/common/validation_resources.py", line 245, in create_validation_resources
    LOG.exception(msg, prov_exc, cleanup_exc)

      File "/usr/local/lib/python3.6/site-packages/oslo_utils/excutils.py", line 227, in __exit__
    self.force_reraise()

      File "/usr/local/lib/python3.6/site-packages/oslo_utils/excutils.py", line 200, in force_reraise
    raise self.value

      File "/usr/local/lib/python3.6/site-packages/tempest/lib/common/validation_resources.py", line 217, in create_validation_resources
    pool=floating_network_name))

      File "/usr/local/lib/python3.6/site-packages/tempest/lib/services/compute/floating_ips_client.py", line 66, in create_floating_ip
    resp, body = self.post(url, post_body)

      File "/usr/local/lib/python3.6/site-packages/tempest/lib/common/rest_client.py", line 299, in post
    return self.request('POST', url, extra_headers, headers, body, chunked)

      File "/usr/local/lib/python3.6/site-packages/tempest/lib/services/compute/base_compute_client.py", line 48, in request
    method, url, extra_headers, headers, body, chunked)

      File "/usr/local/lib/python3.6/site-packages/tempest/lib/common/rest_client.py", line 703, in request
    self._error_checker(resp, resp_body)

      File "/usr/local/lib/python3.6/site-packages/tempest/lib/common/rest_client.py", line 809, in _error_checker
    raise exceptions.NotFound(resp_body, resp=resp)

    tempest.lib.exceptions.NotFound: Object not found
Details: {'code': 404, 'message': 'Floating IP pool not found.'}


Captured traceback-1:
~~~~~~~~~~~~~~~~~~~~~
    Traceback (most recent call last):

      File "/usr/local/lib/python3.6/site-packages/fixtures/fixture.py", line 197, in setUp
    self._setUp()

      File "/usr/local/lib/python3.6/site-packages/tempest/lib/common/validation_resources.py", line 445, in _setUp
    floating_network_name=self._floating_network_name)

      File "/usr/local/lib/python3.6/site-packages/tempest/lib/common/validation_resources.py", line 245, in create_validation_resources
    LOG.exception(msg, prov_exc, cleanup_exc)

      File "/usr/local/lib/python3.6/site-packages/oslo_utils/excutils.py", line 227, in __exit__
    self.force_reraise()

      File "/usr/local/lib/python3.6/site-packages/oslo_utils/excutils.py", line 200, in force_reraise
    raise self.value

      File "/usr/local/lib/python3.6/site-packages/tempest/lib/common/validation_resources.py", line 217, in create_validation_resources
    pool=floating_network_name))

      File "/usr/local/lib/python3.6/site-packages/tempest/lib/services/compute/floating_ips_client.py", line 66, in create_floating_ip
    resp, body = self.post(url, post_body)

      File "/usr/local/lib/python3.6/site-packages/tempest/lib/common/rest_client.py", line 299, in post
    return self.request('POST', url, extra_headers, headers, body, chunked)

      File "/usr/local/lib/python3.6/site-packages/tempest/lib/services/compute/base_compute_client.py", line 48, in request
    method, url, extra_headers, headers, body, chunked)

      File "/usr/local/lib/python3.6/site-packages/tempest/lib/common/rest_client.py", line 703, in request
    self._error_checker(resp, resp_body)

      File "/usr/local/lib/python3.6/site-packages/tempest/lib/common/rest_client.py", line 809, in _error_checker
    raise exceptions.NotFound(resp_body, resp=resp)

    tempest.lib.exceptions.NotFound: Object not found
Details: {'code': 404, 'message': 'Floating IP pool not found.'}

    
During handling of the above exception, another exception occurred:


    Traceback (most recent call last):

      File "/usr/local/lib/python3.6/site-packages/fixtures/fixture.py", line 208, in setUp
    raise SetupError(details)

    fixtures.fixture.SetupError: {}


Captured pythonlogging:
~~~~~~~~~~~~~~~~~~~~~~~
    2022-07-21 13:34:38,138 29066 DEBUG    [tempest.lib.common.validation_resources] Requested setup of ValidationResources keypair True, floating IP True, security group False
2022-07-21 13:34:38,138 29066 DEBUG    [tempest.lib.common.validation_resources] Requested validation resources keypair True, floating IP True, security group False
2022-07-21 13:34:38,516 29066 INFO     [tempest.lib.common.rest_client] Request (ValidationResourcesFixture:setUp): 200 POST http://[LB_IP_ADDRESS]:8774/v2.1/os-keypairs 0.377s
2022-07-21 13:34:38,516 29066 DEBUG    [tempest.lib.common.rest_client] Request - Headers: {'Content-Type': 'application/json', 'Accept': 'application/json', 'X-Auth-Token': '<omitted>'}
        Body: {"keypair": {"name": "tempest-keypair-2090424640"}}
    Response - Headers: {'date': 'Thu, 21 Jul 2022 10:34:38 GMT', 'server': 'Apache/2.4.41 (Ubuntu)', 'content-length': '2305', 'openstack-api-version': 'compute 2.1', 'x-openstack-nova-api-version': '2.1', 'vary': 'OpenStack-API-Version,X-OpenStack-Nova-API-Version', 'x-openstack-request-id': 'req-f0b2507d-8868-4efc-ac51-8a7ccfe3c801', 'x-compute-request-id': 'req-f0b2507d-8868-4efc-ac51-8a7ccfe3c801', 'connection': 'close', 'content-type': 'application/json', 'status': '200', 'content-location': 'http://[LB_IP_ADDRESS]:8774/v2.1/os-keypairs'}
        Body: b'{"keypair": {"private_key": "-----BEGIN RSA PRIVATE KEY-----\\nMIIEpAIBAAKCAQEAwM+4tRwf2Gloi1jIkux+XNn8Hg4KgmqlDNX1LRW/IHvEOGvX\\nUl2ZazavatnN6cQm0zmu7cvMpks0Fv1X21s27x7LXaTmeMEHUvfCFQc1sacGLuXT\\njSwGHkHdFFpaTqIq1bMgVb7bBLG2l4eMEEfRtfcBQP1d2eCS7G5kUumIQcqqIjLf\\n/IkFjZYmSEKtlL0IcrmEiGqEY14JTW+tWlGUavh5UJN++MarlxK5GZTiuop4agzr\\n8ptSgLIbFUdaoByXKAnpXZt1rXhteIPldv3i31OonvuR7uMkpu6LCHC8wb5h/88x\\nGDNOSZh842iMtBWjhxZ9ZXt5VQ652VlS9h9v2QIDAQABAoIBAHyS+Q0S8cRaPnCh\\n2V2MLQyCzrEAc2vVyXPknTcW8Njk/l9R1dninag2udm4haD+2fLpNwtu/HeI6Uvd\\nPbF9Wp3ecJi9XScx2DCT4TLC6L8yYf1VAn0Yr49HELcAtY5Omoxd4otj95At3gJD\\nUoyGSold4NKDoOqPfX4CyREEz8NpM9C7OeEOFe7vnyfYqlZzOdaTCvevj8t5q/v5\\nIOuR6hi96aR/y1uwkt2ZFHcrwan2QGEwYcqA3ockIRPXamjUzaNq71b74xbUs1VA\\n5eMBwWiHOCWt8g8EaqW5oTMzp+O9SlAUlgBRZmuhMPsNjJI7t60nZZJoagP2y2Yv\\n5hhXZG0CgYEA+RmLra17c4D29rRDH5BP5uoUj3I+N4DgmDWZYuRUepy2tDIK1+10\\nsPxn8rDfRp3F+nnmMCyqVTbZwlRABKSoV6MV/BJThWe6S6Cv6TSUZovVKfP3agNc\\n+27x9QjKnjQSBshDZRaHDbR2bzS/tbohbg96XMiFHgGGG0jB3FMMA0cCgYEAxicD\\n41R58t+pUv99HsRDoWSU3bV6dVZeRcbSYskEfB0PAzzvkOnWscGrVkAtNcgjV+tG\\nE0s361aV98Q2O2vYbNyrNvzSjTf9WMUgdveDE0WBmSlfzPwCHYZvpSy9ZTcPI61s\\nQtzc+8fLLT8Jn8wO3Ay3873uNd0lDEFJSFxLQ98CgYEAhj92P8vXVJCUiLDt2/zy\\nkwhkvEpdrZwPbvi0Cc/0l4AOF19A6M5YrWnau7kHHA+7uxonLJ9lzTcadNjjB52V\\n/GUwXAGkcalNhaS8KXrk379MyqdpGAFoAznvvJdYW5rEfFNBvyE89+3iRlyvVUlS\\n6vX8hDStSVaY5+t2Tz+SodECgYAJMQYdJW4Cth1EnFVReAkrE19UaXakurzkv7RC\\noNB0cWSg4dK7Bh3PYQxxk8iFFiONkHxPqM2PPRT3yUI6v2XqptHKWy/pHQ/DbmFz\\nI0gRPMgmMqUe/RGcDQBgyRJ//23UWdcLwvL9OudR0frATtbhnjVqOQUzum5dgynD\\nEYTsQQKBgQCAnqtCCDO66vm503f/I+A8fTexYpu/l+00ceEyHnHDbo6TgodUfnqE\\nfivHGWLULPqaL6mWPYABUuAIqyJkwoBF/58Hgh9lNdZQfugkKABTV6vFoizqItgy\\nt/24/AcisCz5j+7VYqqfGMUi4EXxhVONMVHlJRFl5HayX1AWE8hrnw==\\n-----END RSA PRIVATE KEY-----\\n", "name": "tempest-keypair-2090424640", "public_key": "ssh-rsa AAAAB3NzaC1yc2EAAAADAQABAAABAQDAz7i1HB/YaWiLWMiS7H5c2fweDgqCaqUM1fUtFb8ge8Q4a9dSXZlrNq9q2c3pxCbTOa7ty8ymSzQW/VfbWzbvHstdpOZ4wQdS98IVBzWxpwYu5dONLAYeQd0UWlpOoirVsyBVvtsEsbaXh4wQR9G19wFA/V3Z4JLsbmRS6YhByqoiMt/8iQWNliZIQq2UvQhyuYSIaoRjXglNb61aUZRq+HlQk374xquXErkZlOK6inhqDOvym1KAshsVR1qgHJcoCeldm3WteG14g+V2/eLfU6ie+5Hu4ySm7osIcLzBvmH/zzEYM05JmHzjaIy0FaOHFn1le3lVDrnZWVL2H2/Z Generated-by-Nova", "fingerprint": "27:57:d7:db:ef:c7:e6:72:c6:a8:2f:67:0e:17:04:14", "user_id": "8bc1c538d2b1414ab6baceb33cfda792"}}'
2022-07-21 13:34:38,520 29066 DEBUG    [tempest.lib.common.validation_resources] Validation resource key tempest-keypair-2090424640 created
2022-07-21 13:34:38,646 29066 INFO     [tempest.lib.common.rest_client] Request (ValidationResourcesFixture:setUp): 404 POST http://[LB_IP_ADDRESS]:8774/v2.1/os-floating-ips 0.125s
2022-07-21 13:34:38,647 29066 DEBUG    [tempest.lib.common.rest_client] Request - Headers: {'Content-Type': '
    application/json', 'Accept': 'application/json', 'X-Auth-Token': '<omitted>'}
        Body: {"pool": null}
    Response - Headers: {'date': 'Thu, 21 Jul 2022 10:34:38 GMT', 'server': 'Apache/2.4.41 (Ubuntu)', 'content-length': '73', 'openstack-api-version': 'compute 2.1', 'x-openstack-nova-api-version': '2.1', 'vary': 'OpenStack-API-Version,X-OpenStack-Nova-API-Version', 'x-openstack-request-id': 'req-ced75e73-e55d-4534-b403-c4dc141f232e', 'x-compute-request-id': 'req-ced75e73-e55d-4534-b403-c4dc141f232e', 'connection': 'close', 'content-type': 'application/json; charset=UTF-8', 'status': '404', 'content-location': 'http://[LB_IP_ADDRESS]:8774/v2.1/os-floating-ips'}
        Body: b'{"itemNotFound": {"code": 404, "message": "Floating IP pool not found."}}'
2022-07-21 13:34:38,648 29066 DEBUG    [tempest.lib.common.validation_resources] Error while provisioning validation resources Object not found
Details: {'code': 404, 'message': 'Floating IP pool not found.'}. Trying to cleanup what we provisioned so far: {'keypair': {'private_key': '-----BEGIN RSA PRIVATE KEY-----\nMIIEpAIBAAKCAQEAwM+4tRwf2Gloi1jIkux+XNn8Hg4KgmqlDNX1LRW/IHvEOGvX\nUl2ZazavatnN6cQm0zmu7cvMpks0Fv1X21s27x7LXaTmeMEHUvfCFQc1sacGLuXT\njSwGHkHdFFpaTqIq1bMgVb7bBLG2l4eMEEfRtfcBQP1d2eCS7G5kUumIQcqqIjLf\n/IkFjZYmSEKtlL0IcrmEiGqEY14JTW+tWlGUavh5UJN++MarlxK5GZTiuop4agzr\n8ptSgLIbFUdaoByXKAnpXZt1rXhteIPldv3i31OonvuR7uMkpu6LCHC8wb5h/88x\nGDNOSZh842iMtBWjhxZ9ZXt5VQ652VlS9h9v2QIDAQABAoIBAHyS+Q0S8cRaPnCh\n2V2MLQyCzrEAc2vVyXPknTcW8Njk/l9R1dninag2udm4haD+2fLpNwtu/HeI6Uvd\nPbF9Wp3ecJi9XScx2DCT4TLC6L8yYf1VAn0Yr49HELcAtY5Omoxd4otj95At3gJD\nUoyGSold4NKDoOqPfX4CyREEz8NpM9C7OeEOFe7vnyfYqlZzOdaTCvevj8t5q/v5\nIOuR6hi96aR/y1uwkt2ZFHcrwan2QGEwYcqA3ockIRPXamjUzaNq71b74xbUs1VA\n5eMBwWiHOCWt8g8EaqW5oTMzp+O9SlAUlgBRZmuhMPsNjJI7t60nZZJoagP2y2Yv\n5hhXZG0CgYEA+RmLra17c4D29rRDH5BP5uoUj3I+N4DgmDWZYuRUepy2tDIK1+10\nsPxn8rDfRp3F+nnmMCyqVTbZwlRABKSoV6MV/BJThWe6S6Cv6TSUZovVKfP3agNc\n+27x9QjKnjQSBshDZRaHDbR2bzS/tbohbg96XMiFHgGGG0jB3FMMA0cCgYEAxicD\n41R58t+pUv99HsRDoWSU3bV6dVZeRcbSYskEfB0PAzzvkOnWscGrVkAtNcgjV+tG\nE0s361aV98Q2O2vYbNyrNvzSjTf9WMUgdveDE0WBmSlfzPwCHYZvpSy9ZTcPI61s\nQtzc+8fLLT8Jn8wO3Ay3873uNd0lDEFJSFxLQ98CgYEAhj92P8vXVJCUiLDt2/zy\nkwhkvEpdrZwPbvi0Cc/0l4AOF19A6M5YrWnau7kHHA+7uxonLJ9lzTcadNjjB52V\n/GUwXAGkcalNhaS8KXrk379MyqdpGAFoAznvvJdYW5rEfFNBvyE89+3iRlyvVUlS\n6vX8hDStSVaY5+t2Tz+SodECgYAJMQYdJW4Cth1EnFVReAkrE19UaXakurzkv7RC\noNB0cWSg4dK7Bh3PYQxxk8iFFiONkHxPqM2PPRT3yUI6v2XqptHKWy/pHQ/DbmFz\nI0gRPMgmMqUe/RGcDQBgyRJ//23UWdcLwvL9OudR0frATtbhnjVqOQUzum5dgynD\nEYTsQQKBgQCAnqtCCDO66vm503f/I+A8fTexYpu/l+00ceEyHnHDbo6TgodUfnqE\nfivHGWLULPqaL6mWPYABUuAIqyJkwoBF/58Hgh9lNdZQfugkKABTV6vFoizqItgy\nt/24/AcisCz5j+7VYqqfGMUi4EXxhVONMVHlJRFl5HayX1AWE8hrnw==\n-----END RSA PRIVATE KEY-----\n', 'name': 'tempest-keypair-2090424640', 'public_key': 'ssh-rsa AAAAB3NzaC1yc2EAAAADAQABAAABAQDAz7i1HB/YaWiLWMiS7H5c2fweDgqCaqUM1fUtFb8ge8Q4a9dSXZlrNq9q2c3pxCbTOa7ty8ymSzQW/VfbWzbvHstdpOZ4wQdS98IVBzWxpwYu5dONLAYeQd0UWlpOoirVsyBVvtsEsbaXh4wQR9G19wFA/V3Z4JLsbmRS6YhByqoiMt/8iQWNliZIQq2UvQhyuYSIaoRjXglNb61aUZRq+HlQk374xquXErkZlOK6inhqDOvym1KAshsVR1qgHJcoCeldm3WteG14g+V2/eLfU6ie+5Hu4ySm7osIcLzBvmH/zzEYM05JmHzjaIy0FaOHFn1le3lVDrnZWVL2H2/Z Generated-by-Nova', 'fingerprint': '27:57:d7:db:ef:c7:e6:72:c6:a8:2f:67:0e:17:04:14', 'user_id': '8bc1c538d2b1414ab6baceb33cfda792'}}
2022-07-21 13:34:38,677 29066 INFO     [tempest.lib.common.rest_client] Request (ValidationResourcesFixture:setUp): 202 DELETE http://[LB_IP_ADDRESS]:8774/v2.1/os-keypairs/tempest-keypair-2090424640 0.029s
2022-07-21 13:34:38,678 29066 DEBUG    [tempest.lib.common.rest_client] Request - Headers: {'Content-Type': 'application/json', 'Accept': 'application/json', 'X-Auth-Token': '<omitted>'}
        Body: None
    Response - Headers: {'date': 'Thu, 21 Jul 2022 10:34:38 GMT', 'server': 'Apache/2.4.41 (Ubuntu)', 'content-length': '0', 'openstack-api-version': 'compute 2.1', 'x-openstack-nova-api-version': '2.1', 'vary': 'OpenStack-API-Version,X-OpenStack-Nova-API-Version', 'x-openstack-request-id': 'req-cb744344-7b45-4530-b34b-ed6c01004641', 'x-compute-request-id'
    : 'req-cb744344-7b45-4530-b34b-ed6c01004641', 'connection': 'close', 'content-type': 'application/json', 'status': '202', 'content-location': 'http://[LB_IP_ADDRESS]:8774/v2.1/os-keypairs/tempest-keypair-2090424640'}
        Body: b''



======
Totals
======
Ran: 222 tests in 307.5589 sec.
 - Passed: 213
 - Skipped: 6
 - Expected Fail: 0
 - Unexpected Success: 0
 - Failed: 3
Sum of execute time for each test: 538.7104 sec.

==============
Worker Balance
==============
 - Worker 0 (86 tests) => 0:04:56.058421
 - Worker 1 (55 tests) => 0:05:07.558897
 - Worker 2 (81 tests) => 0:04:54.836577
