{2} setUpClass (tempest.api.compute.volumes.test_attach_volume.AttachVolumeMultiAttachTest) ... SKIPPED: Neutron is not available
{2} tempest.api.compute.volumes.test_volumes_negative.VolumesNegativeTest.test_create_volume_with_invalid_size [0.181218s] ... ok
{2} tempest.api.compute.volumes.test_volumes_negative.VolumesNegativeTest.test_create_volume_with_size_zero [0.014766s] ... ok
{2} tempest.api.compute.volumes.test_volumes_negative.VolumesNegativeTest.test_create_volume_without_passing_size [0.014809s] ... ok
{2} tempest.api.compute.volumes.test_volumes_negative.VolumesNegativeTest.test_delete_invalid_volume_id [0.047156s] ... ok
{2} tempest.api.compute.volumes.test_volumes_negative.VolumesNegativeTest.test_delete_volume_without_passing_volume_id [0.012434s] ... ok
{2} tempest.api.compute.volumes.test_volumes_negative.VolumesNegativeTest.test_get_volume_without_passing_volume_id [0.010784s] ... ok
{2} tempest.api.compute.volumes.test_volumes_negative.VolumesNegativeTest.test_volume_delete_nonexistent_volume_id [0.042712s] ... ok
{2} tempest.api.compute.volumes.test_volumes_negative.VolumesNegativeTest.test_volume_get_nonexistent_volume_id [0.045667s] ... ok
{1} tempest.api.compute.volumes.test_volumes_get.VolumesGetTestJSON.test_volume_create_get_delete [3.105003s] ... ok
{0} tempest.api.compute.volumes.test_volume_snapshots.VolumesSnapshotsTestJSON.test_volume_snapshot_create_get_list_delete [6.938372s] ... ok
{2} tempest.api.volume.admin.test_backends_capabilities.BackendsCapabilitiesAdminTestsJSON.test_compare_volume_stats_values [1.066776s] ... ok
{2} tempest.api.volume.admin.test_backends_capabilities.BackendsCapabilitiesAdminTestsJSON.test_get_capabilities_backend [0.538923s] ... ok
{2} setUpClass (tempest.api.volume.admin.test_encrypted_volumes_extend.EncryptedVolumesExtendAttachedTest) ... SKIPPED: EncryptedVolumesExtendAttachedTest skipped as Neutron is not available
{2} tempest.api.volume.admin.test_group_type_specs.GroupTypeSpecsTest.test_group_type_specs_create_show_update_list_delete [0.492930s] ... ok
{1} tempest.api.compute.volumes.test_volumes_list.VolumesTestJSON.test_volume_list [0.073694s] ... ok
{1} tempest.api.compute.volumes.test_volumes_list.VolumesTestJSON.test_volume_list_param_limit [0.073243s] ... ok
{1} tempest.api.compute.volumes.test_volumes_list.VolumesTestJSON.test_volume_list_param_offset_and_limit [0.140685s] ... ok
{1} tempest.api.compute.volumes.test_volumes_list.VolumesTestJSON.test_volume_list_with_detail_param_limit [0.071915s] ... ok
{1} tempest.api.compute.volumes.test_volumes_list.VolumesTestJSON.test_volume_list_with_detail_param_offset_and_limit [0.135960s] ... ok
{1} tempest.api.compute.volumes.test_volumes_list.VolumesTestJSON.test_volume_list_with_details [0.067860s] ... ok
{1} tempest.api.volume.admin.test_group_types.GroupTypesTest.test_group_type_create_list_update_show_delete [0.361567s] ... ok
{1} tempest.api.volume.admin.test_group_types.GroupTypesTest.test_group_type_list_by_optional_params [0.272450s] ... ok
{0} tempest.api.volume.admin.test_group_snapshots.GroupSnapshotsTest.test_create_group_from_group_snapshot [14.471920s] ... ok
{2} tempest.api.volume.admin.test_groups.GroupsTest.test_group_create_show_list_delete [8.400764s] ... ok
{2} tempest.api.volume.admin.test_groups.GroupsTest.test_group_update [10.311028s] ... ok
{1} tempest.api.volume.admin.test_groups.GroupsV314Test.test_create_group_from_group [11.281009s] ... ok
{1} setUpClass (tempest.api.volume.admin.test_multi_backend.VolumeMultiBackendTest) ... SKIPPED: Cinder multi-backend feature disabled
{2} tempest.api.volume.admin.test_qos.QosSpecsTestJSON.test_associate_disassociate_qos [0.676945s] ... ok
{2} tempest.api.volume.admin.test_qos.QosSpecsTestJSON.test_create_delete_qos_with_back_end_consumer [0.175095s] ... ok
{2} tempest.api.volume.admin.test_qos.QosSpecsTestJSON.test_create_delete_qos_with_both_consumer [0.172290s] ... ok
{0} tempest.api.volume.admin.test_group_snapshots.GroupSnapshotsTest.test_delete_group_snapshots_following_updated_volumes [17.380998s] ... ok
{2} tempest.api.volume.admin.test_qos.QosSpecsTestJSON.test_create_delete_qos_with_front_end_consumer [0.157576s] ... ok
{2} tempest.api.volume.admin.test_qos.QosSpecsTestJSON.test_get_qos [0.025722s] ... ok
{2} tempest.api.volume.admin.test_qos.QosSpecsTestJSON.test_list_qos [0.068583s] ... ok
{2} tempest.api.volume.admin.test_qos.QosSpecsTestJSON.test_set_unset_qos_key [0.138889s] ... ok
{2} tempest.api.volume.admin.test_volume_hosts.VolumeHostsAdminTestsJSON.test_list_hosts [0.221125s] ... ok
{2} tempest.api.volume.admin.test_volume_hosts.VolumeHostsAdminTestsJSON.test_show_host [0.097534s] ... ok
{1} tempest.api.volume.admin.test_snapshots_actions.SnapshotsActionsTest.test_reset_snapshot_status [0.367908s] ... ok
{2} setUpClass (tempest.api.volume.admin.test_volume_manage.VolumeManageAdminTest) ... SKIPPED: Manage volume tests are disabled
{0} tempest.api.volume.admin.test_group_snapshots.GroupSnapshotsTest.test_group_snapshot_create_show_list_delete [9.072440s] ... ok
{1} tempest.api.volume.admin.test_snapshots_actions.SnapshotsActionsTest.test_snapshot_force_delete_when_snapshot_is_creating [3.565969s] ... ok
{1} tempest.api.volume.admin.test_snapshots_actions.SnapshotsActionsTest.test_snapshot_force_delete_when_snapshot_is_deleting [3.596670s] ... ok
{2} tempest.api.volume.admin.test_volume_quotas.VolumeQuotasAdminTestJSON.test_delete_quota [0.592590s] ... ok
{2} tempest.api.volume.admin.test_volume_quotas.VolumeQuotasAdminTestJSON.test_list_default_quotas [0.078442s] ... ok
{2} tempest.api.volume.admin.test_volume_quotas.VolumeQuotasAdminTestJSON.test_list_quotas [0.100246s] ... ok
{1} tempest.api.volume.admin.test_snapshots_actions.SnapshotsActionsTest.test_snapshot_force_delete_when_snapshot_is_error [3.586629s] ... ok
{2} tempest.api.volume.admin.test_volume_quotas.VolumeQuotasAdminTestJSON.test_quota_usage [4.190820s] ... ok
{1} tempest.api.volume.admin.test_snapshots_actions.SnapshotsActionsTest.test_snapshot_force_delete_when_snapshot_is_error_deleting [3.580727s] ... ok
{1} tempest.api.volume.admin.test_snapshots_actions.SnapshotsActionsTest.test_update_snapshot_status [0.188864s] ... ok
{2} tempest.api.volume.admin.test_volume_quotas.VolumeQuotasAdminTestJSON.test_quota_usage_after_volume_transfer [5.157195s] ... ok
{2} tempest.api.volume.admin.test_volume_quotas.VolumeQuotasAdminTestJSON.test_show_quota_usage [0.113827s] ... ok
{0} tempest.api.volume.admin.test_group_snapshots.GroupSnapshotsV319Test.test_reset_group_snapshot_status [9.342008s] ... ok
{2} tempest.api.volume.admin.test_volume_quotas.VolumeQuotasAdminTestJSON.test_update_all_quota_resources_for_tenant [0.351431s] ... ok
{2} tempest.api.volume.admin.test_volume_services.VolumesServicesTestJSON.test_get_service_by_host_name [0.027850s] ... ok
{2} tempest.api.volume.admin.test_volume_services.VolumesServicesTestJSON.test_get_service_by_service_and_host_name [0.026760s] ... ok
{2} tempest.api.volume.admin.test_volume_services.VolumesServicesTestJSON.test_get_service_by_service_binary_name [0.025962s] ... ok
{1} tempest.api.volume.admin.test_user_messages.UserMessagesTest.test_delete_message [2.058062s] ... ok
{0} tempest.api.volume.admin.test_groups.GroupsV320Test.test_reset_group_status [3.213916s] ... ok
{0} setUpClass (tempest.api.volume.admin.test_snapshot_manage.SnapshotManageAdminTest) ... SKIPPED: SnapshotManageAdminTest skipped as Neutron is not available
{1} tempest.api.volume.admin.test_user_messages.UserMessagesTest.test_list_show_messages [1.922921s] ... ok
{2} tempest.api.volume.admin.test_volume_services.VolumesServicesTestJSON.test_get_service_by_volume_host_name [3.934344s] ... ok
{2} tempest.api.volume.admin.test_volume_services.VolumesServicesTestJSON.test_list_services [0.027101s] ... ok
{0} tempest.api.volume.admin.test_volume_pools.VolumePoolsAdminTestsJSON.test_get_pools_without_details [0.714585s] ... ok
{2} tempest.api.volume.admin.test_volume_types_extra_specs.VolumeTypesExtraSpecsTest.test_volume_type_extra_spec_create_get_delete [0.145587s] ... ok
{2} tempest.api.volume.admin.test_volume_types_extra_specs.VolumeTypesExtraSpecsTest.test_volume_type_extra_specs_list [0.086708s] ... ok
{2} tempest.api.volume.admin.test_volume_types_extra_specs.VolumeTypesExtraSpecsTest.test_volume_type_extra_specs_update [0.236322s] ... ok
{1} tempest.api.volume.admin.test_volume_quotas_negative.VolumeQuotasNegativeTestJSON.test_quota_volume_gigabytes [0.348339s] ... ok
{1} tempest.api.volume.admin.test_volume_quotas_negative.VolumeQuotasNegativeTestJSON.test_quota_volumes [0.287571s] ... ok
{1} tempest.api.volume.admin.test_volume_quotas_negative.VolumeQuotasNegativeTestJSON.test_volume_extend_gigabytes_quota_deviation [0.298596s] ... ok
{0} tempest.api.volume.admin.test_volume_quota_classes.VolumeQuotaClassesTest.test_show_default_quota [0.372144s] ... ok
{0} tempest.api.volume.admin.test_volume_quota_classes.VolumeQuotaClassesTest.test_update_default_quota [1.293143s] ... ok
{0} setUpClass (tempest.api.volume.admin.test_volume_retype.VolumeRetypeWithMigrationTest) ... SKIPPED: Cinder multi-backend feature disabled
{1} tempest.api.volume.admin.test_volume_retype.VolumeRetypeWithoutMigrationTest.test_available_volume_retype [5.374759s] ... ok
{2} tempest.api.volume.admin.test_volumes_list.VolumesListAdminTestJSON.test_volume_list_param_tenant [2.695844s] ... ok
{0} tempest.api.volume.admin.test_volume_snapshot_quotas_negative.VolumeSnapshotQuotasNegativeTestJSON.test_quota_volume_gigabytes_snapshots [0.449290s] ... ok
{0} tempest.api.volume.admin.test_volume_snapshot_quotas_negative.VolumeSnapshotQuotasNegativeTestJSON.test_quota_volume_snapshots [0.094671s] ... ok
{1} tempest.api.volume.admin.test_volume_services_negative.VolumeServicesNegativeTest.test_disable_log_reason_with_no_reason [0.041581s] ... ok
{1} tempest.api.volume.admin.test_volume_services_negative.VolumeServicesNegativeTest.test_disable_service_with_invalid_binary [0.022903s] ... ok
{1} tempest.api.volume.admin.test_volume_services_negative.VolumeServicesNegativeTest.test_enable_service_with_invalid_host [0.025768s] ... ok
{1} tempest.api.volume.admin.test_volume_services_negative.VolumeServicesNegativeTest.test_freeze_host_with_invalid_host [0.023254s] ... ok
{1} tempest.api.volume.admin.test_volume_services_negative.VolumeServicesNegativeTest.test_thaw_host_with_invalid_host [0.022065s] ... ok
{0} tempest.api.volume.admin.test_volume_types.VolumeTypesTest.test_volume_type_create_get_delete [0.333501s] ... ok
{0} tempest.api.volume.admin.test_volume_types.VolumeTypesTest.test_volume_type_encryption_create_get_update_delete [0.397268s] ... ok
{0} tempest.api.volume.admin.test_volume_types.VolumeTypesTest.test_volume_type_list [0.034474s] ... ok
{0} tempest.api.volume.admin.test_volume_types.VolumeTypesTest.test_volume_type_update [0.334532s] ... ok
{2} tempest.api.volume.test_snapshot_metadata.SnapshotMetadataTestJSON.test_crud_snapshot_metadata [0.314590s] ... ok
{2} tempest.api.volume.test_snapshot_metadata.SnapshotMetadataTestJSON.test_update_show_snapshot_metadata_item [0.290581s] ... ok
{1} tempest.api.volume.admin.test_volume_type_access.VolumeTypesAccessTest.test_volume_type_access_list [0.448527s] ... ok
{0} tempest.api.volume.admin.test_volume_types_negative.VolumeTypesNegativeTest.test_create_volume_type_encryption_nonexistent_type_id [0.220765s] ... ok
{0} tempest.api.volume.admin.test_volume_types_negative.VolumeTypesNegativeTest.test_create_with_empty_name [0.017211s] ... ok
{0} tempest.api.volume.admin.test_volume_types_negative.VolumeTypesNegativeTest.test_create_with_repeated_name [0.144249s] ... ok
{0} tempest.api.volume.admin.test_volume_types_negative.VolumeTypesNegativeTest.test_delete_nonexistent_type_id [0.017733s] ... ok
{0} tempest.api.volume.admin.test_volume_types_negative.VolumeTypesNegativeTest.test_get_nonexistent_type_id [0.019878s] ... ok
{2} tempest.api.volume.test_versions.VersionsTest.test_list_versions [0.012735s] ... ok
{2} tempest.api.volume.test_versions.VersionsTest.test_show_version [0.232541s] ... ok
{1} tempest.api.volume.admin.test_volume_types_extra_specs_negative.ExtraSpecsNegativeTest.test_create_invalid_body [0.019792s] ... ok
{1} tempest.api.volume.admin.test_volume_types_extra_specs_negative.ExtraSpecsNegativeTest.test_create_none_body [0.018906s] ... ok
{1} tempest.api.volume.admin.test_volume_types_extra_specs_negative.ExtraSpecsNegativeTest.test_create_nonexistent_type_id [0.042040s] ... ok
{1} tempest.api.volume.admin.test_volume_types_extra_specs_negative.ExtraSpecsNegativeTest.test_delete_nonexistent_volume_type_id [0.022892s] ... ok
{1} tempest.api.volume.admin.test_volume_types_extra_specs_negative.ExtraSpecsNegativeTest.test_get_nonexistent_extra_spec_name [0.033060s] ... ok
{1} tempest.api.volume.admin.test_volume_types_extra_specs_negative.ExtraSpecsNegativeTest.test_get_nonexistent_volume_type_id [0.016871s] ... ok
{1} tempest.api.volume.admin.test_volume_types_extra_specs_negative.ExtraSpecsNegativeTest.test_list_nonexistent_volume_type_id [0.021988s] ... ok
{1} tempest.api.volume.admin.test_volume_types_extra_specs_negative.ExtraSpecsNegativeTest.test_update_multiple_extra_spec [0.018692s] ... ok
{1} tempest.api.volume.admin.test_volume_types_extra_specs_negative.ExtraSpecsNegativeTest.test_update_no_body [0.015166s] ... ok
{1} tempest.api.volume.admin.test_volume_types_extra_specs_negative.ExtraSpecsNegativeTest.test_update_none_extra_spec_id [0.037116s] ... ok
{0} tempest.api.volume.test_availability_zone.AvailabilityZoneTestJSON.test_get_availability_zone_list [0.181718s] ... ok
{1} tempest.api.volume.admin.test_volume_types_extra_specs_negative.ExtraSpecsNegativeTest.test_update_nonexistent_extra_spec_id [0.039580s] ... ok
{1} tempest.api.volume.admin.test_volume_types_extra_specs_negative.ExtraSpecsNegativeTest.test_update_nonexistent_type_id [0.040925s] ... ok
{1} setUpClass (tempest.api.volume.admin.test_volumes_actions.VolumesActionsTest) ... SKIPPED: VolumesActionsTest skipped as Neutron is not available
{0} setUpClass (tempest.api.volume.test_image_metadata.VolumesImageMetadata) [0.000000s] ... FAILED

Captured traceback:
~~~~~~~~~~~~~~~~~~~
    Traceback (most recent call last):

      File "/usr/local/lib/python3.10/dist-packages/tempest/test.py", line 185, in setUpClass
    raise value.with_traceback(trace)

      File "/usr/local/lib/python3.10/dist-packages/tempest/test.py", line 178, in setUpClass
    cls.resource_setup()

      File "/usr/local/lib/python3.10/dist-packages/tempest/api/volume/test_image_metadata.py", line 40, in resource_setup
    cls.volume = cls.create_volume(imageRef=CONF.compute.image_ref)

      File "/usr/local/lib/python3.10/dist-packages/tempest/api/volume/base.py", line 118, in create_volume
    image = self.images_client.show_image(kwargs['imageRef'])

      File "/usr/local/lib/python3.10/dist-packages/tempest/lib/services/image/v2/images_client.py", line 119, in show_image
    resp, body = self.get(url)

      File "/usr/local/lib/python3.10/dist-packages/tempest/lib/common/rest_client.py", line 342, in get
    return self.request('GET', url, extra_headers, headers,

      File "/usr/local/lib/python3.10/dist-packages/tempest/lib/common/rest_client.py", line 762, in request
    self._error_checker(resp, resp_body)

      File "/usr/local/lib/python3.10/dist-packages/tempest/lib/common/rest_client.py", line 872, in _error_checker
    raise exceptions.NotFound(resp_body, resp=resp)

    tempest.lib.exceptions.NotFound: Object not found
Details: {'message': 'No image found with ID 5e42eec9-e25c-4a12-b50f-7c3845d9c222<br /><br />\n\n\n', 'code': '404 Not Found', 'title': 'Not Found'}

{1} tempest.api.volume.test_extensions.ExtensionsTestJSON.test_list_extensions [0.254780s] ... ok
{1} tempest.api.volume.test_volume_metadata.VolumesMetadataTest.test_crud_volume_metadata [0.369190s] ... ok
{1} tempest.api.volume.test_volume_metadata.VolumesMetadataTest.test_update_show_volume_metadata_item [0.266221s] ... ok
{0} tempest.api.volume.test_volume_absolute_limits.AbsoluteLimitsTests.test_get_volume_absolute_limits [0.106703s] ... ok
{2} tempest.api.volume.test_volume_delete_cascade.VolumesDeleteCascade.test_volume_delete_cascade [8.547781s] ... ok
{2} tempest.api.volume.test_volume_delete_cascade.VolumesDeleteCascade.test_volume_from_snapshot_cascade_delete [8.695285s] ... ok
{1} tempest.api.volume.test_volume_transfers.VolumesTransfersV355Test.test_create_get_list_accept_volume_transfer [4.127749s] ... ok
{0} tempest.api.volume.test_volume_transfers.VolumesTransfersV357Test.test_create_get_list_accept_volume_transfer [4.343336s] ... ok
{1} tempest.api.volume.test_volume_transfers.VolumesTransfersV355Test.test_create_list_delete_volume_transfer [3.974718s] ... ok
{1} setUpClass (tempest.api.volume.test_volumes_actions.VolumesActionsTest) ... SKIPPED: VolumesActionsTest skipped as Neutron is not available
{0} tempest.api.volume.test_volume_transfers.VolumesTransfersV357Test.test_create_list_delete_volume_transfer [3.932097s] ... ok
{0} setUpClass (tempest.api.volume.test_volumes_extend.VolumesExtendAttachedTest) ... SKIPPED: VolumesExtendAttachedTest skipped as Neutron is not available
{1} tempest.api.volume.test_volumes_clone.VolumesCloneTest.test_create_from_bootable_volume [0.166666s] ... FAILED

Captured traceback:
~~~~~~~~~~~~~~~~~~~
    Traceback (most recent call last):

      File "/usr/local/lib/python3.10/dist-packages/tempest/common/utils/__init__.py", line 65, in wrapper
    return f(*func_args, **func_kwargs)

      File "/usr/local/lib/python3.10/dist-packages/tempest/api/volume/test_volumes_clone.py", line 67, in test_create_from_bootable_volume
    src_vol = self.create_volume(imageRef=img_uuid)

      File "/usr/local/lib/python3.10/dist-packages/tempest/api/volume/base.py", line 118, in create_volume
    image = self.images_client.show_image(kwargs['imageRef'])

      File "/usr/local/lib/python3.10/dist-packages/tempest/lib/services/image/v2/images_client.py", line 119, in show_image
    resp, body = self.get(url)

      File "/usr/local/lib/python3.10/dist-packages/tempest/lib/common/rest_client.py", line 342, in get
    return self.request('GET', url, extra_headers, headers,

      File "/usr/local/lib/python3.10/dist-packages/tempest/lib/common/rest_client.py", line 762, in request
    self._error_checker(resp, resp_body)

      File "/usr/local/lib/python3.10/dist-packages/tempest/lib/common/rest_client.py", line 872, in _error_checker
    raise exceptions.NotFound(resp_body, resp=resp)

    tempest.lib.exceptions.NotFound: Object not found
Details: {'message': 'No image found with ID 5e42eec9-e25c-4a12-b50f-7c3845d9c222<br /><br />\n\n\n', 'code': '404 Not Found', 'title': 'Not Found'}


Captured pythonlogging:
~~~~~~~~~~~~~~~~~~~~~~~
    2025-02-18 15:01:27,144 51975 INFO     [tempest.lib.common.rest_client] Request (VolumesCloneTest:test_create_from_bootable_volume): 404 GET http://[LB_IP_ADDRESS]:9292/v2/images/5e42eec9-e25c-4a12-b50f-7c3845d9c222 0.163s
2025-02-18 15:01:27,145 51975 DEBUG    [tempest.lib.common.rest_client] Request - Headers: {'Content-Type': 'application/json', 'Accept': 'application/json', 'X-Auth-Token': '<omitted>'}
        Body: None
    Response - Headers: {'content-length': '139', 'content-type': 'application/json', 'x-openstack-request-id': 'req-2dfc77db-a445-4166-8077-0436a5adc83c', 'date': 'Tue, 18 Feb 2025 15:01:27 GMT', 'connection': 'close', 'status': '404', 'content-location': 'http://[LB_IP_ADDRESS]:9292/v2/images/5e42eec9-e25c-4a12-b50f-7c3845d9c222'}
        Body: b'{"message": "No image found with ID 5e42eec9-e25c-4a12-b50f-7c3845d9c222<br /><br />\\n\\n\\n", "code": "404 Not Found", "title": "Not Found"}'

{2} tempest.api.volume.test_volume_transfers.VolumesTransfersTest.test_create_get_list_accept_volume_transfer [5.706984s] ... ok
{0} tempest.api.volume.test_volumes_negative.VolumesNegativeTest.test_create_volume_from_deactivated_image [0.587453s] ... ok
{2} tempest.api.volume.test_volume_transfers.VolumesTransfersTest.test_create_list_delete_volume_transfer [2.913571s] ... ok
{0} tempest.api.volume.test_volumes_negative.VolumesNegativeTest.test_create_volume_from_image_with_decreasing_size [0.400450s] ... ok
{0} tempest.api.volume.test_volumes_negative.VolumesNegativeTest.test_create_volume_with_invalid_size [0.017756s] ... ok
{0} tempest.api.volume.test_volumes_negative.VolumesNegativeTest.test_create_volume_with_nonexistent_snapshot_id [0.023704s] ... ok
{0} tempest.api.volume.test_volumes_negative.VolumesNegativeTest.test_create_volume_with_nonexistent_source_volid [0.031001s] ... ok
{0} tempest.api.volume.test_volumes_negative.VolumesNegativeTest.test_create_volume_with_nonexistent_volume_type [0.029992s] ... ok
{0} tempest.api.volume.test_volumes_negative.VolumesNegativeTest.test_create_volume_with_size_negative [0.015962s] ... ok
{0} tempest.api.volume.test_volumes_negative.VolumesNegativeTest.test_create_volume_with_size_zero [0.018280s] ... ok
{0} tempest.api.volume.test_volumes_negative.VolumesNegativeTest.test_create_volume_without_passing_size [0.015911s] ... ok
{0} tempest.api.volume.test_volumes_negative.VolumesNegativeTest.test_delete_invalid_volume_id [0.026686s] ... ok
{0} tempest.api.volume.test_volumes_negative.VolumesNegativeTest.test_delete_volume_without_passing_volume_id [0.011591s] ... ok
{0} tempest.api.volume.test_volumes_negative.VolumesNegativeTest.test_detach_volumes_with_invalid_volume_id [0.030325s] ... ok
{0} tempest.api.volume.test_volumes_negative.VolumesNegativeTest.test_get_invalid_volume_id [0.027237s] ... ok
{0} tempest.api.volume.test_volumes_negative.VolumesNegativeTest.test_get_volume_without_passing_volume_id [0.018613s] ... ok
{0} tempest.api.volume.test_volumes_negative.VolumesNegativeTest.test_list_volumes_detail_with_invalid_status [0.053017s] ... ok
{0} tempest.api.volume.test_volumes_negative.VolumesNegativeTest.test_list_volumes_detail_with_nonexistent_name [0.050481s] ... ok
{0} tempest.api.volume.test_volumes_negative.VolumesNegativeTest.test_list_volumes_with_invalid_status [0.035534s] ... ok
{0} tempest.api.volume.test_volumes_negative.VolumesNegativeTest.test_list_volumes_with_nonexistent_name [0.053704s] ... ok
{0} tempest.api.volume.test_volumes_negative.VolumesNegativeTest.test_reserve_volume_with_negative_volume_status [0.136241s] ... ok
{0} tempest.api.volume.test_volumes_negative.VolumesNegativeTest.test_reserve_volume_with_nonexistent_volume_id [0.027399s] ... ok
{0} tempest.api.volume.test_volumes_negative.VolumesNegativeTest.test_unreserve_volume_with_nonexistent_volume_id [0.028151s] ... ok
{0} tempest.api.volume.test_volumes_negative.VolumesNegativeTest.test_update_volume_with_empty_volume_id [0.011219s] ... ok
{0} tempest.api.volume.test_volumes_negative.VolumesNegativeTest.test_update_volume_with_invalid_volume_id [0.031473s] ... ok
{0} tempest.api.volume.test_volumes_negative.VolumesNegativeTest.test_update_volume_with_nonexistent_volume_id [0.029192s] ... ok
{0} tempest.api.volume.test_volumes_negative.VolumesNegativeTest.test_volume_delete_nonexistent_volume_id [0.027455s] ... ok
{0} tempest.api.volume.test_volumes_negative.VolumesNegativeTest.test_volume_extend_with_None_size [0.017810s] ... ok
{0} tempest.api.volume.test_volumes_negative.VolumesNegativeTest.test_volume_extend_with_non_number_size [0.015781s] ... ok
{0} tempest.api.volume.test_volumes_negative.VolumesNegativeTest.test_volume_extend_with_nonexistent_volume_id [0.030152s] ... ok
{0} tempest.api.volume.test_volumes_negative.VolumesNegativeTest.test_volume_extend_with_size_smaller_than_original_size [0.016063s] ... ok
{0} tempest.api.volume.test_volumes_negative.VolumesNegativeTest.test_volume_extend_without_passing_volume_id [0.029168s] ... ok
{0} tempest.api.volume.test_volumes_negative.VolumesNegativeTest.test_volume_get_nonexistent_volume_id [0.026505s] ... ok
{0} setUpClass (tempest.api.volume.test_volumes_snapshots.VolumesSnapshotTestJSON) ... SKIPPED: VolumesSnapshotTestJSON skipped as Neutron is not available
{1} tempest.api.volume.test_volumes_clone.VolumesCloneTest.test_create_from_volume [8.476625s] ... ok
{2} tempest.api.volume.test_volumes_clone_negative.VolumesCloneNegativeTest.test_create_from_volume_decreasing_size [3.953905s] ... ok
{2} tempest.api.volume.test_volumes_extend.VolumesExtendTest.test_volume_extend [0.175509s] ... FAILED

Captured traceback:
~~~~~~~~~~~~~~~~~~~
    Traceback (most recent call last):

      File "/usr/local/lib/python3.10/dist-packages/tempest/api/volume/test_volumes_extend.py", line 36, in test_volume_extend
    volume = self.create_volume(imageRef=self.image_ref)

      File "/usr/local/lib/python3.10/dist-packages/tempest/api/volume/base.py", line 118, in create_volume
    image = self.images_client.show_image(kwargs['imageRef'])

      File "/usr/local/lib/python3.10/dist-packages/tempest/lib/services/image/v2/images_client.py", line 119, in show_image
    resp, body = self.get(url)

      File "/usr/local/lib/python3.10/dist-packages/tempest/lib/common/rest_client.py", line 342, in get
    return self.request('GET', url, extra_headers, headers,

      File "/usr/local/lib/python3.10/dist-packages/tempest/lib/common/rest_client.py", line 762, in request
    self._error_checker(resp, resp_body)

      File "/usr/local/lib/python3.10/dist-packages/tempest/lib/common/rest_client.py", line 872, in _error_checker
    raise exceptions.NotFound(resp_body, resp=resp)

    tempest.lib.exceptions.NotFound: Object not found
Details: {'message': 'No image found with ID 5e42eec9-e25c-4a12-b50f-7c3845d9c222<br /><br />\n\n\n', 'code': '404 Not Found', 'title': 'Not Found'}


Captured pythonlogging:
~~~~~~~~~~~~~~~~~~~~~~~
    2025-02-18 15:01:42,683 51977 INFO     [tempest.lib.common.rest_client] Request (VolumesExtendTest:test_volume_extend): 404 GET http://[LB_IP_ADDRESS]:9292/v2/images/5e42eec9-e25c-4a12-b50f-7c3845d9c222 0.172s
2025-02-18 15:01:42,683 51977 DEBUG    [tempest.lib.common.rest_client] Request - Headers: {'Content-Type': 'application/json', 'Accept': 'application/json', 'X-Auth-Token': '<omitted>'}
        Body: None
    Response - Headers: {'content-length': '139', 'content-type': 'application/json', 'x-openstack-request-id': 'req-eaf4e5f6-fb70-4719-ad1a-4e8d4b3b0454', 'date': 'Tue, 18 Feb 2025 15:01:42 GMT', 'connection': 'close', 'status': '404', 'content-location': 'http://[LB_IP_ADDRESS]:9292/v2/images/5e42eec9-e25c-4a12-b50f-7c3845d9c222'}
        Body: b'{"message": "No image found with ID 5e42eec9-e25c-4a12-b50f-7c3845d9c222<br /><br />\\n\\n\\n", "code": "404 Not Found", "title": "Not Found"}'

{0} tempest.api.volume.test_volumes_snapshots_list.VolumesSnapshotListTestJSON.test_snapshot_list_param_limit [0.032559s] ... ok
{1} tempest.api.volume.test_volumes_get.VolumesGetTest.test_volume_create_get_update_delete [6.734772s] ... ok
{0} tempest.api.volume.test_volumes_snapshots_list.VolumesSnapshotListTestJSON.test_snapshot_list_param_limit_equals_infinite [0.064357s] ... ok
{0} tempest.api.volume.test_volumes_snapshots_list.VolumesSnapshotListTestJSON.test_snapshot_list_param_limit_equals_zero [0.027594s] ... ok
{0} tempest.api.volume.test_volumes_snapshots_list.VolumesSnapshotListTestJSON.test_snapshot_list_param_marker [0.066893s] ... ok
{0} tempest.api.volume.test_volumes_snapshots_list.VolumesSnapshotListTestJSON.test_snapshot_list_param_offset [0.029335s] ... ok
{0} tempest.api.volume.test_volumes_snapshots_list.VolumesSnapshotListTestJSON.test_snapshot_list_param_sort_created_at_asc [0.029295s] ... ok
{0} tempest.api.volume.test_volumes_snapshots_list.VolumesSnapshotListTestJSON.test_snapshot_list_param_sort_created_at_desc [0.031318s] ... ok
{0} tempest.api.volume.test_volumes_snapshots_list.VolumesSnapshotListTestJSON.test_snapshot_list_param_sort_id_asc [0.030016s] ... ok
{0} tempest.api.volume.test_volumes_snapshots_list.VolumesSnapshotListTestJSON.test_snapshot_list_param_sort_id_desc [0.031088s] ... ok
{0} tempest.api.volume.test_volumes_snapshots_list.VolumesSnapshotListTestJSON.test_snapshot_list_param_sort_name_asc [0.030109s] ... ok
{0} tempest.api.volume.test_volumes_snapshots_list.VolumesSnapshotListTestJSON.test_snapshot_list_param_sort_name_desc [0.029549s] ... ok
{0} tempest.api.volume.test_volumes_snapshots_list.VolumesSnapshotListTestJSON.test_snapshots_list_details_with_params [0.095545s] ... ok
{0} tempest.api.volume.test_volumes_snapshots_list.VolumesSnapshotListTestJSON.test_snapshots_list_with_params [0.088461s] ... ok
{2} tempest.api.volume.test_volumes_extend.VolumesExtendTest.test_volume_extend_when_volume_has_snapshot [7.752925s] ... ok
{2} tempest.api.volume.test_volumes_get.VolumesSummaryTest.test_show_volume_summary [0.172543s] ... ok
{0} tempest.api.volume.test_volumes_snapshots_negative.VolumesSnapshotNegativeTestJSON.test_create_snapshot_with_nonexistent_volume_id [0.069286s] ... ok
{0} tempest.api.volume.test_volumes_snapshots_negative.VolumesSnapshotNegativeTestJSON.test_create_snapshot_without_passing_volume_id [0.025665s] ... ok
{0} tempest.api.volume.test_volumes_snapshots_negative.VolumesSnapshotNegativeTestJSON.test_list_snapshot_invalid_param_limit [0.011565s] ... ok
{0} tempest.api.volume.test_volumes_snapshots_negative.VolumesSnapshotNegativeTestJSON.test_list_snapshots_invalid_param_marker [0.018447s] ... ok
{0} tempest.api.volume.test_volumes_snapshots_negative.VolumesSnapshotNegativeTestJSON.test_list_snapshots_invalid_param_sort [0.012459s] ... ok
{1} tempest.api.volume.test_volumes_get.VolumesGetTest.test_volume_create_get_update_delete_as_clone [9.087109s] ... ok
{1} tempest.api.volume.test_volumes_get.VolumesGetTest.test_volume_create_get_update_delete_from_image [0.020435s] ... FAILED

Captured traceback:
~~~~~~~~~~~~~~~~~~~
    Traceback (most recent call last):

      File "/usr/local/lib/python3.10/dist-packages/tempest/common/utils/__init__.py", line 65, in wrapper
    return f(*func_args, **func_kwargs)

      File "/usr/local/lib/python3.10/dist-packages/tempest/api/volume/test_volumes_get.py", line 132, in test_volume_create_get_update_delete_from_image
    image = self.images_client.show_image(CONF.compute.image_ref)

      File "/usr/local/lib/python3.10/dist-packages/tempest/lib/services/image/v2/images_client.py", line 119, in show_image
    resp, body = self.get(url)

      File "/usr/local/lib/python3.10/dist-packages/tempest/lib/common/rest_client.py", line 342, in get
    return self.request('GET', url, extra_headers, headers,

      File "/usr/local/lib/python3.10/dist-packages/tempest/lib/common/rest_client.py", line 762, in request
    self._error_checker(resp, resp_body)

      File "/usr/local/lib/python3.10/dist-packages/tempest/lib/common/rest_client.py", line 872, in _error_checker
    raise exceptions.NotFound(resp_body, resp=resp)

    tempest.lib.exceptions.NotFound: Object not found
Details: {'message': 'No image found with ID 5e42eec9-e25c-4a12-b50f-7c3845d9c222<br /><br />\n\n\n', 'code': '404 Not Found', 'title': 'Not Found'}


Captured pythonlogging:
~~~~~~~~~~~~~~~~~~~~~~~
    2025-02-18 15:01:54,480 51975 INFO     [tempest.lib.common.rest_client] Request (VolumesGetTest:test_volume_create_get_update_delete_from_image): 404 GET http://[LB_IP_ADDRESS]:9292/v2/images/5e42eec9-e25c-4a12-b50f-7c3845d9c222 0.018s
2025-02-18 15:01:54,480 51975 DEBUG    [tempest.lib.common.rest_client] Request - Headers: {'Content-Type': 'application/json', 'Accept': 'application/json', 'X-Auth-Token': '<omitted>'}
        Body: None
    Response - Headers: {'content-length': '139', 'content-type': 'application/json', 'x-openstack-request-id': 'req-3a4a758d-69af-46bc-a640-37501de33c23', 'date': 'Tue, 18 Feb 2025 15:01:54 GMT', 'connection': 'close', 'status': '404', 'content-location': 'http://[LB_IP_ADDRESS]:9292/v2/images/5e42eec9-e25c-4a12-b50f-7c3845d9c222'}
        Body: b'{"message": "No image found with ID 5e42eec9-e25c-4a12-b50f-7c3845d9c222<br /><br />\\n\\n\\n", "code": "404 Not Found", "title": "Not Found"}'

{0} tempest.api.volume.test_volumes_snapshots_negative.VolumesSnapshotNegativeTestJSON.test_volume_from_snapshot_decreasing_size [6.082377s] ... ok
{1} tempest.api.volume.test_volumes_list.VolumesListTestJSON.test_volume_list [0.040759s] ... ok
{1} tempest.api.volume.test_volumes_list.VolumesListTestJSON.test_volume_list_by_name [0.039027s] ... ok
{1} tempest.api.volume.test_volumes_list.VolumesListTestJSON.test_volume_list_details_by_name [0.058515s] ... ok
{1} tempest.api.volume.test_volumes_list.VolumesListTestJSON.test_volume_list_details_pagination [0.267702s] ... ok
{1} tempest.api.volume.test_volumes_list.VolumesListTestJSON.test_volume_list_details_with_multiple_params [0.124879s] ... ok
{1} tempest.api.volume.test_volumes_list.VolumesListTestJSON.test_volume_list_pagination [0.181208s] ... ok
{1} tempest.api.volume.test_volumes_list.VolumesListTestJSON.test_volume_list_param_display_name_and_status [0.039069s] ... ok
{1} tempest.api.volume.test_volumes_list.VolumesListTestJSON.test_volume_list_with_detail_param_display_name_and_status [0.059276s] ... ok
{1} tempest.api.volume.test_volumes_list.VolumesListTestJSON.test_volume_list_with_detail_param_marker [0.063005s] ... ok
{1} tempest.api.volume.test_volumes_list.VolumesListTestJSON.test_volume_list_with_detail_param_metadata [0.072266s] ... ok
{1} tempest.api.volume.test_volumes_list.VolumesListTestJSON.test_volume_list_with_details [0.062832s] ... ok
{1} tempest.api.volume.test_volumes_list.VolumesListTestJSON.test_volume_list_with_param_metadata [0.045697s] ... ok
{1} tempest.api.volume.test_volumes_list.VolumesListTestJSON.test_volumes_list_by_availability_zone [0.079913s] ... ok
{1} tempest.api.volume.test_volumes_list.VolumesListTestJSON.test_volumes_list_by_bootable [0.081350s] ... ok
{1} tempest.api.volume.test_volumes_list.VolumesListTestJSON.test_volumes_list_by_status [0.082119s] ... ok
{1} tempest.api.volume.test_volumes_list.VolumesListTestJSON.test_volumes_list_details_by_availability_zone [0.062577s] ... ok
{1} tempest.api.volume.test_volumes_list.VolumesListTestJSON.test_volumes_list_details_by_bootable [0.064541s] ... ok
{1} tempest.api.volume.test_volumes_list.VolumesListTestJSON.test_volumes_list_details_by_status [0.064746s] ... ok

==============================
Failed 4 tests - output below:
==============================

setUpClass (tempest.api.volume.test_image_metadata.VolumesImageMetadata)
------------------------------------------------------------------------

Captured traceback:
~~~~~~~~~~~~~~~~~~~
    Traceback (most recent call last):

      File "/usr/local/lib/python3.10/dist-packages/tempest/test.py", line 185, in setUpClass
    raise value.with_traceback(trace)

      File "/usr/local/lib/python3.10/dist-packages/tempest/test.py", line 178, in setUpClass
    cls.resource_setup()

      File "/usr/local/lib/python3.10/dist-packages/tempest/api/volume/test_image_metadata.py", line 40, in resource_setup
    cls.volume = cls.create_volume(imageRef=CONF.compute.image_ref)

      File "/usr/local/lib/python3.10/dist-packages/tempest/api/volume/base.py", line 118, in create_volume
    image = self.images_client.show_image(kwargs['imageRef'])

      File "/usr/local/lib/python3.10/dist-packages/tempest/lib/services/image/v2/images_client.py", line 119, in show_image
    resp, body = self.get(url)

      File "/usr/local/lib/python3.10/dist-packages/tempest/lib/common/rest_client.py", line 342, in get
    return self.request('GET', url, extra_headers, headers,

      File "/usr/local/lib/python3.10/dist-packages/tempest/lib/common/rest_client.py", line 762, in request
    self._error_checker(resp, resp_body)

      File "/usr/local/lib/python3.10/dist-packages/tempest/lib/common/rest_client.py", line 872, in _error_checker
    raise exceptions.NotFound(resp_body, resp=resp)

    tempest.lib.exceptions.NotFound: Object not found
Details: {'message': 'No image found with ID 5e42eec9-e25c-4a12-b50f-7c3845d9c222<br /><br />\n\n\n', 'code': '404 Not Found', 'title': 'Not Found'}


tempest.api.volume.test_volumes_clone.VolumesCloneTest.test_create_from_bootable_volume[id-cbbcd7c6-5a6c-481a-97ac-ca55ab715d16,image]
--------------------------------------------------------------------------------------------------------------------------------------

Captured traceback:
~~~~~~~~~~~~~~~~~~~
    Traceback (most recent call last):

      File "/usr/local/lib/python3.10/dist-packages/tempest/common/utils/__init__.py", line 65, in wrapper
    return f(*func_args, **func_kwargs)

      File "/usr/local/lib/python3.10/dist-packages/tempest/api/volume/test_volumes_clone.py", line 67, in test_create_from_bootable_volume
    src_vol = self.create_volume(imageRef=img_uuid)

      File "/usr/local/lib/python3.10/dist-packages/tempest/api/volume/base.py", line 118, in create_volume
    image = self.images_client.show_image(kwargs['imageRef'])

      File "/usr/local/lib/python3.10/dist-packages/tempest/lib/services/image/v2/images_client.py", line 119, in show_image
    resp, body = self.get(url)

      File "/usr/local/lib/python3.10/dist-packages/tempest/lib/common/rest_client.py", line 342, in get
    return self.request('GET', url, extra_headers, headers,

      File "/usr/local/lib/python3.10/dist-packages/tempest/lib/common/rest_client.py", line 762, in request
    self._error_checker(resp, resp_body)

      File "/usr/local/lib/python3.10/dist-packages/tempest/lib/common/rest_client.py", line 872, in _error_checker
    raise exceptions.NotFound(resp_body, resp=resp)

    tempest.lib.exceptions.NotFound: Object not found
Details: {'message': 'No image found with ID 5e42eec9-e25c-4a12-b50f-7c3845d9c222<br /><br />\n\n\n', 'code': '404 Not Found', 'title': 'Not Found'}


Captured pythonlogging:
~~~~~~~~~~~~~~~~~~~~~~~
    2025-02-18 15:01:27,144 51975 INFO     [tempest.lib.common.rest_client] Request (VolumesCloneTest:test_create_from_bootable_volume): 404 GET http://[LB_IP_ADDRESS]:9292/v2/images/5e42eec9-e25c-4a12-b50f-7c3845d9c222 0.163s
2025-02-18 15:01:27,145 51975 DEBUG    [tempest.lib.common.rest_client] Request - Headers: {'Content-Type': 'application/json', 'Accept': 'application/json', 'X-Auth-Token': '<omitted>'}
        Body: None
    Response - Headers: {'content-length': '139', 'content-type': 'application/json', 'x-openstack-request-id': 'req-2dfc77db-a445-4166-8077-0436a5adc83c', 'date': 'Tue, 18 Feb 2025 15:01:27 GMT', 'connection': 'close', 'status': '404', 'content-location': 'http://[LB_IP_ADDRESS]:9292/v2/images/5e42eec9-e25c-4a12-b50f-7c3845d9c222'}
        Body: b'{"message": "No image found with ID 5e42eec9-e25c-4a12-b50f-7c3845d9c222<br /><br />\\n\\n\\n", "code": "404 Not Found", "title": "Not Found"}'


tempest.api.volume.test_volumes_extend.VolumesExtendTest.test_volume_extend[id-9a36df71-a257-43a5-9555-dc7c88e66e0e]
--------------------------------------------------------------------------------------------------------------------

Captured traceback:
~~~~~~~~~~~~~~~~~~~
    Traceback (most recent call last):

      File "/usr/local/lib/python3.10/dist-packages/tempest/api/volume/test_volumes_extend.py", line 36, in test_volume_extend
    volume = self.create_volume(imageRef=self.image_ref)

      File "/usr/local/lib/python3.10/dist-packages/tempest/api/volume/base.py", line 118, in create_volume
    image = self.images_client.show_image(kwargs['imageRef'])

      File "/usr/local/lib/python3.10/dist-packages/tempest/lib/services/image/v2/images_client.py", line 119, in show_image
    resp, body = self.get(url)

      File "/usr/local/lib/python3.10/dist-packages/tempest/lib/common/rest_client.py", line 342, in get
    return self.request('GET', url, extra_headers, headers,

      File "/usr/local/lib/python3.10/dist-packages/tempest/lib/common/rest_client.py", line 762, in request
    self._error_checker(resp, resp_body)

      File "/usr/local/lib/python3.10/dist-packages/tempest/lib/common/rest_client.py", line 872, in _error_checker
    raise exceptions.NotFound(resp_body, resp=resp)

    tempest.lib.exceptions.NotFound: Object not found
Details: {'message': 'No image found with ID 5e42eec9-e25c-4a12-b50f-7c3845d9c222<br /><br />\n\n\n', 'code': '404 Not Found', 'title': 'Not Found'}


Captured pythonlogging:
~~~~~~~~~~~~~~~~~~~~~~~
    2025-02-18 15:01:42,683 51977 INFO     [tempest.lib.common.rest_client] Request (VolumesExtendTest:test_volume_extend): 404 GET http://[LB_IP_ADDRESS]:9292/v2/images/5e42eec9-e25c-4a12-b50f-7c3845d9c222 0.172s
2025-02-18 15:01:42,683 51977 DEBUG    [tempest.lib.common.rest_client] Request - Headers: {'Content-Type': 'application/json', 'Accept': 'application/json', 'X-Auth-Token': '<omitted>'}
        Body: None
    Response - Headers: {'content-length': '139', 'content-type': 'application/json', 'x-openstack-request-id': 'req-eaf4e5f6-fb70-4719-ad1a-4e8d4b3b0454', 'date': 'Tue, 18 Feb 2025 15:01:42 GMT', 'connection': 'close', 'status': '404', 'content-location': 'http://[LB_IP_ADDRESS]:9292/v2/images/5e42eec9-e25c-4a12-b50f-7c3845d9c222'}
        Body: b'{"message": "No image found with ID 5e42eec9-e25c-4a12-b50f-7c3845d9c222<br /><br />\\n\\n\\n", "code": "404 Not Found", "title": "Not Found"}'


tempest.api.volume.test_volumes_get.VolumesGetTest.test_volume_create_get_update_delete_from_image[id-54a01030-c7fc-447c-86ee-c1182beae638,image,smoke]
-------------------------------------------------------------------------------------------------------------------------------------------------------

Captured traceback:
~~~~~~~~~~~~~~~~~~~
    Traceback (most recent call last):

      File "/usr/local/lib/python3.10/dist-packages/tempest/common/utils/__init__.py", line 65, in wrapper
    return f(*func_args, **func_kwargs)

      File "/usr/local/lib/python3.10/dist-packages/tempest/api/volume/test_volumes_get.py", line 132, in test_volume_create_get_update_delete_from_image
    image = self.images_client.show_image(CONF.compute.image_ref)

      File "/usr/local/lib/python3.10/dist-packages/tempest/lib/services/image/v2/images_client.py", line 119, in show_image
    resp, body = self.get(url)

      File "/usr/local/lib/python3.10/dist-packages/tempest/lib/common/rest_client.py", line 342, in get
    return self.request('GET', url, extra_headers, headers,

      File "/usr/local/lib/python3.10/dist-packages/tempest/lib/common/rest_client.py", line 762, in request
    self._error_checker(resp, resp_body)

      File "/usr/local/lib/python3.10/dist-packages/tempest/lib/common/rest_client.py", line 872, in _error_checker
    raise exceptions.NotFound(resp_body, resp=resp)

    tempest.lib.exceptions.NotFound: Object not found
Details: {'message': 'No image found with ID 5e42eec9-e25c-4a12-b50f-7c3845d9c222<br /><br />\n\n\n', 'code': '404 Not Found', 'title': 'Not Found'}


Captured pythonlogging:
~~~~~~~~~~~~~~~~~~~~~~~
    2025-02-18 15:01:54,480 51975 INFO     [tempest.lib.common.rest_client] Request (VolumesGetTest:test_volume_create_get_update_delete_from_image): 404 GET http://[LB_IP_ADDRESS]:9292/v2/images/5e42eec9-e25c-4a12-b50f-7c3845d9c222 0.018s
2025-02-18 15:01:54,480 51975 DEBUG    [tempest.lib.common.rest_client] Request - Headers: {'Content-Type': 'application/json', 'Accept': 'application/json', 'X-Auth-Token': '<omitted>'}
        Body: None
    Response - Headers: {'content-length': '139', 'content-type': 'application/json', 'x-openstack-request-id': 'req-3a4a758d-69af-46bc-a640-37501de33c23', 'date': 'Tue, 18 Feb 2025 15:01:54 GMT', 'connection': 'close', 'status': '404', 'content-location': 'http://[LB_IP_ADDRESS]:9292/v2/images/5e42eec9-e25c-4a12-b50f-7c3845d9c222'}
        Body: b'{"message": "No image found with ID 5e42eec9-e25c-4a12-b50f-7c3845d9c222<br /><br />\\n\\n\\n", "code": "404 Not Found", "title": "Not Found"}'



======
Totals
======
Ran: 203 tests in 188.7166 sec.
 - Passed: 189
 - Skipped: 10
 - Expected Fail: 0
 - Unexpected Success: 0
 - Failed: 4
Sum of execute time for each test: 238.2202 sec.

==============
Worker Balance
==============
 - Worker 0 (79 tests) => 0:03:00.044430
 - Worker 1 (71 tests) => 0:03:05.844592
 - Worker 2 (53 tests) => 0:02:56.585150
