{0} setUpClass (tempest.api.compute.volumes.test_attach_volume.AttachVolumeMultiAttachTest) ... SKIPPED: Neutron is not available
{2} tempest.api.compute.volumes.test_volumes_negative.VolumesNegativeTest.test_create_volume_with_invalid_size [0.130573s] ... ok
{2} tempest.api.compute.volumes.test_volumes_negative.VolumesNegativeTest.test_create_volume_with_size_zero [0.012565s] ... ok
{2} tempest.api.compute.volumes.test_volumes_negative.VolumesNegativeTest.test_create_volume_without_passing_size [0.015654s] ... ok
{2} tempest.api.compute.volumes.test_volumes_negative.VolumesNegativeTest.test_delete_invalid_volume_id [0.114289s] ... ok
{2} tempest.api.compute.volumes.test_volumes_negative.VolumesNegativeTest.test_delete_volume_without_passing_volume_id [0.009815s] ... ok
{2} tempest.api.compute.volumes.test_volumes_negative.VolumesNegativeTest.test_get_volume_without_passing_volume_id [0.011177s] ... ok
{2} tempest.api.compute.volumes.test_volumes_negative.VolumesNegativeTest.test_volume_delete_nonexistent_volume_id [0.069633s] ... ok
{2} tempest.api.compute.volumes.test_volumes_negative.VolumesNegativeTest.test_volume_get_nonexistent_volume_id [0.120650s] ... ok
{0} tempest.api.compute.volumes.test_volumes_get.VolumesGetTestJSON.test_volume_create_get_delete [2.793769s] ... ok
{2} tempest.api.volume.admin.test_backends_capabilities.BackendsCapabilitiesAdminTestsJSON.test_compare_volume_stats_values [0.072114s] ... ok
{2} tempest.api.volume.admin.test_backends_capabilities.BackendsCapabilitiesAdminTestsJSON.test_get_capabilities_backend [0.039203s] ... ok
{2} setUpClass (tempest.api.volume.admin.test_encrypted_volumes_extend.EncryptedVolumesExtendAttachedTest) ... SKIPPED: EncryptedVolumesExtendAttachedTest skipped as Neutron is not available
{1} tempest.api.compute.volumes.test_volume_snapshots.VolumesSnapshotsTestJSON.test_volume_snapshot_create_get_list_delete [7.716130s] ... ok
{2} tempest.api.volume.admin.test_group_types.GroupTypesTest.test_group_type_create_list_update_show_delete [0.261602s] ... ok
{2} tempest.api.volume.admin.test_group_types.GroupTypesTest.test_group_type_list_by_optional_params [0.271962s] ... ok
{1} tempest.api.compute.volumes.test_volumes_list.VolumesTestJSON.test_volume_list [0.059142s] ... ok
{1} tempest.api.compute.volumes.test_volumes_list.VolumesTestJSON.test_volume_list_param_limit [0.071044s] ... ok
{1} tempest.api.compute.volumes.test_volumes_list.VolumesTestJSON.test_volume_list_param_offset_and_limit [0.152585s] ... ok
{1} tempest.api.compute.volumes.test_volumes_list.VolumesTestJSON.test_volume_list_with_detail_param_limit [0.072243s] ... ok
{1} tempest.api.compute.volumes.test_volumes_list.VolumesTestJSON.test_volume_list_with_detail_param_offset_and_limit [0.144761s] ... ok
{1} tempest.api.compute.volumes.test_volumes_list.VolumesTestJSON.test_volume_list_with_details [0.075323s] ... ok
{2} tempest.api.volume.admin.test_groups.GroupsV320Test.test_reset_group_status [3.293324s] ... ok
{2} setUpClass (tempest.api.volume.admin.test_multi_backend.VolumeMultiBackendTest) ... SKIPPED: Cinder multi-backend feature disabled
{0} tempest.api.volume.admin.test_group_snapshots.GroupSnapshotsTest.test_create_group_from_group_snapshot [12.219247s] ... ok
{2} tempest.api.volume.admin.test_volume_hosts.VolumeHostsAdminTestsJSON.test_list_hosts [0.272764s] ... ok
{2} tempest.api.volume.admin.test_volume_hosts.VolumeHostsAdminTestsJSON.test_show_host [0.130412s] ... ok
{2} tempest.api.volume.admin.test_volume_quota_classes.VolumeQuotaClassesTest.test_show_default_quota [0.293588s] ... ok
{2} tempest.api.volume.admin.test_volume_quota_classes.VolumeQuotaClassesTest.test_update_default_quota [1.197826s] ... ok
{1} tempest.api.volume.admin.test_group_snapshots.GroupSnapshotsV319Test.test_reset_group_snapshot_status [9.560431s] ... ok
{0} tempest.api.volume.admin.test_group_snapshots.GroupSnapshotsTest.test_delete_group_snapshots_following_updated_volumes [17.301869s] ... ok
{2} tempest.api.volume.admin.test_volume_quotas.VolumeQuotasAdminTestJSON.test_delete_quota [0.388275s] ... ok
{2} tempest.api.volume.admin.test_volume_quotas.VolumeQuotasAdminTestJSON.test_list_default_quotas [0.049026s] ... ok
{2} tempest.api.volume.admin.test_volume_quotas.VolumeQuotasAdminTestJSON.test_list_quotas [0.073269s] ... ok
{2} tempest.api.volume.admin.test_volume_quotas.VolumeQuotasAdminTestJSON.test_quota_usage [3.991763s] ... ok
{0} tempest.api.volume.admin.test_group_snapshots.GroupSnapshotsTest.test_group_snapshot_create_show_list_delete [8.899845s] ... ok
{2} tempest.api.volume.admin.test_volume_quotas.VolumeQuotasAdminTestJSON.test_quota_usage_after_volume_transfer [3.691699s] ... ok
{2} tempest.api.volume.admin.test_volume_quotas.VolumeQuotasAdminTestJSON.test_show_quota_usage [0.091672s] ... ok
{2} tempest.api.volume.admin.test_volume_quotas.VolumeQuotasAdminTestJSON.test_update_all_quota_resources_for_tenant [0.385864s] ... ok
{1} tempest.api.volume.admin.test_groups.GroupsTest.test_group_create_show_list_delete [8.180129s] ... ok
{2} setUpClass (tempest.api.volume.admin.test_volume_retype.VolumeRetypeWithMigrationTest) ... SKIPPED: Cinder multi-backend feature disabled
{0} tempest.api.volume.admin.test_group_type_specs.GroupTypeSpecsTest.test_group_type_specs_create_show_update_list_delete [0.597295s] ... ok
{2} tempest.api.volume.admin.test_volume_services.VolumesServicesTestJSON.test_get_service_by_host_name [0.028658s] ... ok
{2} tempest.api.volume.admin.test_volume_services.VolumesServicesTestJSON.test_get_service_by_service_and_host_name [0.026823s] ... ok
{2} tempest.api.volume.admin.test_volume_services.VolumesServicesTestJSON.test_get_service_by_service_binary_name [0.026143s] ... ok
{2} tempest.api.volume.admin.test_volume_services.VolumesServicesTestJSON.test_get_service_by_volume_host_name [3.958387s] ... ok
{2} tempest.api.volume.admin.test_volume_services.VolumesServicesTestJSON.test_list_services [0.028957s] ... ok
{1} tempest.api.volume.admin.test_groups.GroupsTest.test_group_update [10.374349s] ... ok
{2} tempest.api.volume.admin.test_volume_types_negative.VolumeTypesNegativeTest.test_create_volume_type_encryption_nonexistent_type_id [0.301963s] ... ok
{2} tempest.api.volume.admin.test_volume_types_negative.VolumeTypesNegativeTest.test_create_with_empty_name [0.032304s] ... ok
{2} tempest.api.volume.admin.test_volume_types_negative.VolumeTypesNegativeTest.test_create_with_repeated_name [0.162410s] ... ok
{2} tempest.api.volume.admin.test_volume_types_negative.VolumeTypesNegativeTest.test_delete_nonexistent_type_id [0.022748s] ... ok
{2} tempest.api.volume.admin.test_volume_types_negative.VolumeTypesNegativeTest.test_get_nonexistent_type_id [0.055462s] ... ok
{1} tempest.api.volume.admin.test_volume_quotas_negative.VolumeQuotasNegativeTestJSON.test_quota_volume_gigabytes [0.314873s] ... ok
{1} tempest.api.volume.admin.test_volume_quotas_negative.VolumeQuotasNegativeTestJSON.test_quota_volumes [0.309084s] ... ok
{1} tempest.api.volume.admin.test_volume_quotas_negative.VolumeQuotasNegativeTestJSON.test_volume_extend_gigabytes_quota_deviation [0.241530s] ... ok
{2} tempest.api.volume.test_availability_zone.AvailabilityZoneTestJSON.test_get_availability_zone_list [0.215209s] ... ok
{0} tempest.api.volume.admin.test_groups.GroupsV314Test.test_create_group_from_group [10.984872s] ... ok
{0} tempest.api.volume.admin.test_qos.QosSpecsTestJSON.test_associate_disassociate_qos [0.626198s] ... ok
{0} tempest.api.volume.admin.test_qos.QosSpecsTestJSON.test_create_delete_qos_with_back_end_consumer [0.153850s] ... ok
{0} tempest.api.volume.admin.test_qos.QosSpecsTestJSON.test_create_delete_qos_with_both_consumer [0.163771s] ... ok
{2} tempest.api.volume.test_snapshot_metadata.SnapshotMetadataTestJSON.test_crud_snapshot_metadata [0.250558s] ... ok
{0} tempest.api.volume.admin.test_qos.QosSpecsTestJSON.test_create_delete_qos_with_front_end_consumer [0.136825s] ... ok
{0} tempest.api.volume.admin.test_qos.QosSpecsTestJSON.test_get_qos [0.021551s] ... ok
{0} tempest.api.volume.admin.test_qos.QosSpecsTestJSON.test_list_qos [0.021535s] ... ok
{2} tempest.api.volume.test_snapshot_metadata.SnapshotMetadataTestJSON.test_update_show_snapshot_metadata_item [0.217405s] ... ok
{0} tempest.api.volume.admin.test_qos.QosSpecsTestJSON.test_set_unset_qos_key [0.132415s] ... ok
{0} setUpClass (tempest.api.volume.admin.test_snapshot_manage.SnapshotManageAdminTest) ... SKIPPED: SnapshotManageAdminTest skipped as Neutron is not available
{1} tempest.api.volume.admin.test_volume_retype.VolumeRetypeWithoutMigrationTest.test_available_volume_retype [5.228717s] ... ok
{2} tempest.api.volume.test_versions.VersionsTest.test_list_versions [0.011482s] ... ok
{2} tempest.api.volume.test_versions.VersionsTest.test_show_version [0.209303s] ... ok
{1} tempest.api.volume.admin.test_volume_services_negative.VolumeServicesNegativeTest.test_disable_log_reason_with_no_reason [0.022579s] ... ok
{1} tempest.api.volume.admin.test_volume_services_negative.VolumeServicesNegativeTest.test_disable_service_with_invalid_binary [0.039501s] ... ok
{1} tempest.api.volume.admin.test_volume_services_negative.VolumeServicesNegativeTest.test_enable_service_with_invalid_host [0.027655s] ... ok
{1} tempest.api.volume.admin.test_volume_services_negative.VolumeServicesNegativeTest.test_freeze_host_with_invalid_host [0.029324s] ... ok
{1} tempest.api.volume.admin.test_volume_services_negative.VolumeServicesNegativeTest.test_thaw_host_with_invalid_host [0.029441s] ... ok
{0} tempest.api.volume.admin.test_snapshots_actions.SnapshotsActionsTest.test_reset_snapshot_status [0.419539s] ... ok
{0} tempest.api.volume.admin.test_snapshots_actions.SnapshotsActionsTest.test_snapshot_force_delete_when_snapshot_is_creating [3.585838s] ... ok
{1} tempest.api.volume.admin.test_volume_type_access.VolumeTypesAccessTest.test_volume_type_access_list [0.461778s] ... ok
{2} tempest.api.volume.test_volume_delete_cascade.VolumesDeleteCascade.test_volume_delete_cascade [8.453586s] ... ok
{0} tempest.api.volume.admin.test_snapshots_actions.SnapshotsActionsTest.test_snapshot_force_delete_when_snapshot_is_deleting [3.575273s] ... ok
{0} tempest.api.volume.admin.test_snapshots_actions.SnapshotsActionsTest.test_snapshot_force_delete_when_snapshot_is_error [3.590375s] ... ok
{1} tempest.api.volume.admin.test_volume_types.VolumeTypesTest.test_volume_type_create_get_delete [0.367485s] ... ok
{1} tempest.api.volume.admin.test_volume_types.VolumeTypesTest.test_volume_type_encryption_create_get_update_delete [0.400525s] ... ok
{1} tempest.api.volume.admin.test_volume_types.VolumeTypesTest.test_volume_type_list [0.027275s] ... ok
{1} tempest.api.volume.admin.test_volume_types.VolumeTypesTest.test_volume_type_update [0.296235s] ... ok
{0} tempest.api.volume.admin.test_snapshots_actions.SnapshotsActionsTest.test_snapshot_force_delete_when_snapshot_is_error_deleting [3.595961s] ... ok
{0} tempest.api.volume.admin.test_snapshots_actions.SnapshotsActionsTest.test_update_snapshot_status [0.257375s] ... ok
{2} tempest.api.volume.test_volume_delete_cascade.VolumesDeleteCascade.test_volume_from_snapshot_cascade_delete [9.830392s] ... ok
{1} tempest.api.volume.admin.test_volume_types_extra_specs.VolumeTypesExtraSpecsTest.test_volume_type_extra_spec_create_get_delete [0.175512s] ... ok
{1} tempest.api.volume.admin.test_volume_types_extra_specs.VolumeTypesExtraSpecsTest.test_volume_type_extra_specs_list [0.092334s] ... ok
{1} tempest.api.volume.admin.test_volume_types_extra_specs.VolumeTypesExtraSpecsTest.test_volume_type_extra_specs_update [0.244488s] ... ok
{0} tempest.api.volume.admin.test_user_messages.UserMessagesTest.test_delete_message [2.063592s] ... ok
{1} tempest.api.volume.admin.test_volume_types_extra_specs_negative.ExtraSpecsNegativeTest.test_create_invalid_body [0.016165s] ... ok
{1} tempest.api.volume.admin.test_volume_types_extra_specs_negative.ExtraSpecsNegativeTest.test_create_none_body [0.016258s] ... ok
{1} tempest.api.volume.admin.test_volume_types_extra_specs_negative.ExtraSpecsNegativeTest.test_create_nonexistent_type_id [0.032291s] ... ok
{1} tempest.api.volume.admin.test_volume_types_extra_specs_negative.ExtraSpecsNegativeTest.test_delete_nonexistent_volume_type_id [0.020694s] ... ok
{1} tempest.api.volume.admin.test_volume_types_extra_specs_negative.ExtraSpecsNegativeTest.test_get_nonexistent_extra_spec_name [0.091664s] ... ok
{1} tempest.api.volume.admin.test_volume_types_extra_specs_negative.ExtraSpecsNegativeTest.test_get_nonexistent_volume_type_id [0.022915s] ... ok
{1} tempest.api.volume.admin.test_volume_types_extra_specs_negative.ExtraSpecsNegativeTest.test_list_nonexistent_volume_type_id [0.023891s] ... ok
{1} tempest.api.volume.admin.test_volume_types_extra_specs_negative.ExtraSpecsNegativeTest.test_update_multiple_extra_spec [0.017846s] ... ok
{1} tempest.api.volume.admin.test_volume_types_extra_specs_negative.ExtraSpecsNegativeTest.test_update_no_body [0.017399s] ... ok
{1} tempest.api.volume.admin.test_volume_types_extra_specs_negative.ExtraSpecsNegativeTest.test_update_none_extra_spec_id [0.042066s] ... ok
{1} tempest.api.volume.admin.test_volume_types_extra_specs_negative.ExtraSpecsNegativeTest.test_update_nonexistent_extra_spec_id [0.034168s] ... ok
{1} tempest.api.volume.admin.test_volume_types_extra_specs_negative.ExtraSpecsNegativeTest.test_update_nonexistent_type_id [0.037393s] ... ok
{1} setUpClass (tempest.api.volume.admin.test_volumes_actions.VolumesActionsTest) ... SKIPPED: VolumesActionsTest skipped as Neutron is not available
{0} tempest.api.volume.admin.test_user_messages.UserMessagesTest.test_list_show_messages [1.702130s] ... ok
{0} setUpClass (tempest.api.volume.admin.test_volume_manage.VolumeManageAdminTest) ... SKIPPED: Manage volume tests are disabled
{2} tempest.api.volume.test_volume_transfers.VolumesTransfersV355Test.test_create_get_list_accept_volume_transfer [4.853390s] ... ok
{0} tempest.api.volume.admin.test_volume_pools.VolumePoolsAdminTestsJSON.test_get_pools_without_details [0.092619s] ... ok
{2} tempest.api.volume.test_volume_transfers.VolumesTransfersV355Test.test_create_list_delete_volume_transfer [3.892999s] ... ok
{1} tempest.api.volume.admin.test_volumes_list.VolumesListAdminTestJSON.test_volume_list_param_tenant [2.802199s] ... ok
{0} tempest.api.volume.admin.test_volume_snapshot_quotas_negative.VolumeSnapshotQuotasNegativeTestJSON.test_quota_volume_gigabytes_snapshots [0.395019s] ... ok
{0} tempest.api.volume.admin.test_volume_snapshot_quotas_negative.VolumeSnapshotQuotasNegativeTestJSON.test_quota_volume_snapshots [0.076548s] ... ok
{1} tempest.api.volume.test_extensions.ExtensionsTestJSON.test_list_extensions [0.206025s] ... ok
{2} tempest.api.volume.test_volumes_clone.VolumesCloneTest.test_create_from_bootable_volume [14.242786s] ... ok
{1} tempest.api.volume.test_volumes_clone_negative.VolumesCloneNegativeTest.test_create_from_volume_decreasing_size [2.913826s] ... ok
{1} setUpClass (tempest.api.volume.test_volumes_extend.VolumesExtendAttachedTest) ... SKIPPED: VolumesExtendAttachedTest skipped as Neutron is not available
{0} tempest.api.volume.test_image_metadata.VolumesImageMetadata.test_update_show_delete_image_metadata [0.260744s] ... ok
{2} tempest.api.volume.test_volumes_clone.VolumesCloneTest.test_create_from_volume [8.507284s] ... ok
{1} tempest.api.volume.test_volumes_get.VolumesGetTest.test_volume_create_get_update_delete [7.604342s] ... ok
{0} tempest.api.volume.test_volume_absolute_limits.AbsoluteLimitsTests.test_get_volume_absolute_limits [0.090679s] ... ok
{2} tempest.api.volume.test_volumes_extend.VolumesExtendTest.test_volume_extend [9.604568s] ... ok
{0} tempest.api.volume.test_volume_metadata.VolumesMetadataTest.test_crud_volume_metadata [0.399302s] ... ok
{0} tempest.api.volume.test_volume_metadata.VolumesMetadataTest.test_update_show_volume_metadata_item [0.258969s] ... ok
{1} tempest.api.volume.test_volumes_get.VolumesGetTest.test_volume_create_get_update_delete_as_clone [12.360411s] ... ok
{2} tempest.api.volume.test_volumes_extend.VolumesExtendTest.test_volume_extend_when_volume_has_snapshot [8.418007s] ... ok
{2} tempest.api.volume.test_volumes_snapshots_negative.VolumesSnapshotNegativeTestJSON.test_create_snapshot_with_nonexistent_volume_id [0.077704s] ... ok
{2} tempest.api.volume.test_volumes_snapshots_negative.VolumesSnapshotNegativeTestJSON.test_create_snapshot_without_passing_volume_id [0.034600s] ... ok
{2} tempest.api.volume.test_volumes_snapshots_negative.VolumesSnapshotNegativeTestJSON.test_list_snapshot_invalid_param_limit [0.015018s] ... ok
{2} tempest.api.volume.test_volumes_snapshots_negative.VolumesSnapshotNegativeTestJSON.test_list_snapshots_invalid_param_marker [0.026032s] ... ok
{2} tempest.api.volume.test_volumes_snapshots_negative.VolumesSnapshotNegativeTestJSON.test_list_snapshots_invalid_param_sort [0.016632s] ... ok
{0} tempest.api.volume.test_volume_transfers.VolumesTransfersTest.test_create_get_list_accept_volume_transfer [4.967816s] ... ok
{1} tempest.api.volume.test_volumes_get.VolumesGetTest.test_volume_create_get_update_delete_from_image [11.973512s] ... ok
{2} tempest.api.volume.test_volumes_snapshots_negative.VolumesSnapshotNegativeTestJSON.test_volume_from_snapshot_decreasing_size [7.223059s] ... ok
{0} tempest.api.volume.test_volume_transfers.VolumesTransfersTest.test_create_list_delete_volume_transfer [3.962099s] ... ok
{1} tempest.api.volume.test_volumes_list.VolumesListTestJSON.test_volume_list [0.043310s] ... ok
{1} tempest.api.volume.test_volumes_list.VolumesListTestJSON.test_volume_list_by_name [0.039218s] ... ok
{1} tempest.api.volume.test_volumes_list.VolumesListTestJSON.test_volume_list_details_by_name [0.061687s] ... ok
{1} tempest.api.volume.test_volumes_list.VolumesListTestJSON.test_volume_list_details_pagination [0.278302s] ... ok
{1} tempest.api.volume.test_volumes_list.VolumesListTestJSON.test_volume_list_details_with_multiple_params [0.129888s] ... ok
{1} tempest.api.volume.test_volumes_list.VolumesListTestJSON.test_volume_list_pagination [0.187529s] ... ok
{1} tempest.api.volume.test_volumes_list.VolumesListTestJSON.test_volume_list_param_display_name_and_status [0.039250s] ... ok
{1} tempest.api.volume.test_volumes_list.VolumesListTestJSON.test_volume_list_with_detail_param_display_name_and_status [0.060897s] ... ok
{1} tempest.api.volume.test_volumes_list.VolumesListTestJSON.test_volume_list_with_detail_param_marker [0.074654s] ... ok
{1} tempest.api.volume.test_volumes_list.VolumesListTestJSON.test_volume_list_with_detail_param_metadata [0.070143s] ... ok
{1} tempest.api.volume.test_volumes_list.VolumesListTestJSON.test_volume_list_with_details [0.065904s] ... ok
{1} tempest.api.volume.test_volumes_list.VolumesListTestJSON.test_volume_list_with_param_metadata [0.047297s] ... ok
{1} tempest.api.volume.test_volumes_list.VolumesListTestJSON.test_volumes_list_by_availability_zone [0.084413s] ... ok
{1} tempest.api.volume.test_volumes_list.VolumesListTestJSON.test_volumes_list_by_bootable [0.085516s] ... ok
{1} tempest.api.volume.test_volumes_list.VolumesListTestJSON.test_volumes_list_by_status [0.082091s] ... ok
{1} tempest.api.volume.test_volumes_list.VolumesListTestJSON.test_volumes_list_details_by_availability_zone [0.061899s] ... ok
{1} tempest.api.volume.test_volumes_list.VolumesListTestJSON.test_volumes_list_details_by_bootable [0.058309s] ... ok
{1} tempest.api.volume.test_volumes_list.VolumesListTestJSON.test_volumes_list_details_by_status [0.055754s] ... ok
{0} tempest.api.volume.test_volume_transfers.VolumesTransfersV357Test.test_create_get_list_accept_volume_transfer [4.954058s] ... ok
{0} tempest.api.volume.test_volume_transfers.VolumesTransfersV357Test.test_create_list_delete_volume_transfer [3.951017s] ... ok
{0} setUpClass (tempest.api.volume.test_volumes_actions.VolumesActionsTest) ... SKIPPED: VolumesActionsTest skipped as Neutron is not available
{0} tempest.api.volume.test_volumes_get.VolumesSummaryTest.test_show_volume_summary [0.220912s] ... ok
{1} tempest.api.volume.test_volumes_negative.VolumesNegativeTest.test_attach_volumes_with_nonexistent_volume_id [7.863453s] ... FAILED

Captured traceback:
~~~~~~~~~~~~~~~~~~~
    Traceback (most recent call last):

      File "/usr/local/lib/python3.10/dist-packages/tempest/common/utils/__init__.py", line 70, in wrapper
    return f(*func_args, **func_kwargs)

      File "/usr/local/lib/python3.10/dist-packages/tempest/api/volume/test_volumes_negative.py", line 188, in test_attach_volumes_with_nonexistent_volume_id
    server = self.create_server()

      File "/usr/local/lib/python3.10/dist-packages/tempest/api/volume/base.py", line 270, in create_server
    body, _ = compute.create_test_server(

      File "/usr/local/lib/python3.10/dist-packages/tempest/common/compute.py", line 340, in create_test_server
    with excutils.save_and_reraise_exception():

      File "/usr/local/lib/python3.10/dist-packages/oslo_utils/excutils.py", line 227, in __exit__
    self.force_reraise()

      File "/usr/local/lib/python3.10/dist-packages/oslo_utils/excutils.py", line 200, in force_reraise
    raise self.value

      File "/usr/local/lib/python3.10/dist-packages/tempest/common/compute.py", line 323, in create_test_server
    server = waiters.wait_for_server_status(

      File "/usr/local/lib/python3.10/dist-packages/tempest/common/waiters.py", line 80, in wait_for_server_status
    raise exceptions.BuildErrorException(details, server_id=server_id)

    tempest.exceptions.BuildErrorException: Server 3dff2a64-84dc-412b-996d-03c08f9bc469 failed to build and is in ERROR status
Details: Fault: {'code': 500, 'created': '2024-06-10T06:13:11Z', 'message': 'Build of instance 3dff2a64-84dc-412b-996d-03c08f9bc469 aborted: Failure prepping block device.', 'details': 'Traceback (most recent call last):\n  File "/var/lib/kolla/venv/lib/python3.10/site-packages/nova/compute/manager.py", line 2863, in _build_resources\n    self._default_block_device_names(instance, image_meta,\n  File "/var/lib/kolla/venv/lib/python3.10/site-packages/nova/compute/manager.py", line 2176, in _default_block_device_names\n    self._default_device_names_for_instance(instance,\n  File "/var/lib/kolla/venv/lib/python3.10/site-packages/nova/compute/manager.py", line 2095, in _default_device_names_for_instance\n    self.driver.default_device_names_for_instance(instance,\n  File "/var/lib/kolla/venv/lib/python3.10/site-packages/nova/virt/libvirt/driver.py", line 13163, in default_device_names_for_instance\n    block_device_info = driver.get_block_device_info(instance,\n  File "/var/lib/kolla/venv/lib/python3.10/site-packages/nova/virt/driver.py", line 61, in get_block_device_info\n    \'image\': virt_block_device.convert_local_images(\n  File "/var/lib/kolla/venv/lib/python3.10/site-packages/nova/virt/block_device.py", line 887, in _convert_block_devices\n    devices.append(device_type(bdm))\n  File "/var/lib/kolla/venv/lib/python3.10/site-packages/nova/virt/block_device.py", line 123, in __init__\n    self._transform()\n  File "/var/lib/kolla/venv/lib/python3.10/site-packages/nova/virt/block_device.py", line 297, in _transform\n    \'encryption_details\': self._bdm_obj.encryption_details\n  File "/var/lib/kolla/venv/lib/python3.10/site-packages/oslo_versionedobjects/base.py", line 67, in getter\n    self.obj_load_attr(name)\n  File "/var/lib/kolla/venv/lib/python3.10/site-packages/nova/objects/base.py", line 120, in wrapper\n    return fn(self, attrname)\n  File "/var/lib/kolla/venv/lib/python3.10/site-packages/nova/objects/block_device.py", line 383, in obj_load_attr\n    raise exception.ObjectActionError(\nnova.exception.ObjectActionError: Object action obj_load_attr failed because: attribute encryption_details not lazy-loadable\n\nDuring handling of the above exception, another exception occurred:\n\nTraceback (most recent call last):\n  File "/var/lib/kolla/venv/lib/python3.10/site-packages/nova/compute/manager.py", line 2457, in _do_build_and_run_instance\n    self._build_and_run_instance(context, instance, image,\n  File "/var/lib/kolla/venv/lib/python3.10/site-packages/nova/compute/manager.py", line 2670, in _build_and_run_instance\n    with excutils.save_and_reraise_exception():\n  File "/var/lib/kolla/venv/lib/python3.10/site-packages/oslo_utils/excutils.py", line 227, in __exit__\n    self.force_reraise()\n  File "/var/lib/kolla/venv/lib/python3.10/site-packages/oslo_utils/excutils.py", line 200, in force_reraise\n    raise self.value\n  File "/var/lib/kolla/venv/lib/python3.10/site-packages/nova/compute/manager.py", line 2625, in _build_and_run_instance\n    with self._build_resources(context, instance,\n  File "/usr/lib/python3.10/contextlib.py", line 135, in __enter__\n    return next(self.gen)\n  File "/var/lib/kolla/venv/lib/python3.10/site-packages/nova/compute/manager.py", line 2891, in _build_resources\n    raise exception.BuildAbortException(instance_uuid=instance.uuid,\nnova.exception.BuildAbortException: Build of instance 3dff2a64-84dc-412b-996d-03c08f9bc469 aborted: Failure prepping block device.\n'}. Request ID of server operation performed before checking the server status req-408b5afe-6326-4b2d-a0b0-fb88a3267f7e.


Captured pythonlogging:
~~~~~~~~~~~~~~~~~~~~~~~
    2024-06-10 06:13:05,506 21620 INFO     [tempest.lib.common.rest_client] Request (VolumesNegativeTest:test_attach_volumes_with_nonexistent_volume_id): 201 POST http://controller:5000/v3/auth/tokens 0.644s
2024-06-10 06:13:05,507 21620 DEBUG    [tempest.lib.common.rest_client] Request - Headers: {'Content-Type': 'application/json', 'Accept': 'application/json'}
        Body: <omitted>
    Response - Headers: {'date': 'Mon, 10 Jun 2024 06:13:04 GMT', 'server': 'Apache', 'content-length': '3315', 'x-subject-token': '<omitted>', 'vary': 'X-Auth-Token', 'x-openstack-request-id': 'req-7af58e96-7ac2-40d6-bba6-4370d4c40df5', 'connection': 'close', 'content-type': 'application/json', 'status': '201', 'content-location': 'http://controller:5000/v3/auth/tokens'}
        Body: b'{"token": {"methods": ["password"], "user": {"domain": {"id": "default", "name": "Default"}, "id": "9a7795b9a42c47b596c858515d401264", "name": "tempest-VolumesNegativeTest-69499072-project-member", "password_expires_at": null}, "audit_ids": ["Rkw5SBSMThuOt9BdwdxOzw"], "expires_at": "2024-06-11T06:13:05.000000Z", "issued_at": "2024-06-10T06:13:05.000000Z", "project": {"domain": {"id": "default", "name": "Default"}, "id": "7f88ffcdf41748278da30d49af507912", "name": "tempest-VolumesNegativeTest-69499072"}, "is_domain": false, "roles": [{"id": "a4abfcc098c84e80b9f74392bf18365a", "name": "manager"}, {"id": "ab3a0f28d13544beafe422c9a65edcb5", "name": "admin"}, {"id": "b0f479c4cd354db7bd8e89db4e9f46ee", "name": "reader"}, {"id": "659f402291c342c1806564311d1275f0", "name": "member"}], "catalog": [{"endpoints": [{"id": "739504e9a0114bbb8977cbef466e8c21", "interface": "internal", "region_id": "RegionOne", "url": "http://[LB_IP_ADDRESS]:8774/v2.1", "region": "RegionOne"}, {"id": "f6969022f167421d9db74a0998202ff5", "interface": "public", "region_id": "RegionOne", "url": "http://[LB_IP_ADDRESS]:8774/v2.1", "region": "RegionOne"}], "id": "44a0959127c3454e9786c5749fe1577f", "type": "compute", "name": "nova"}, {"endpoints": [{"id": "108a5ebb729844a5b0d1c50084749a1f", "interface": "internal", "region_id": "RegionOne", "url": "http://[LB_IP_ADDRESS]:8776/v3/7f88ffcdf41748278da30d49af507912", "region": "RegionOne"}, {"id": "dba6d13e0e7346c0a8ac169a37748b73", "interface": "public", "region_id": "RegionOne", "url": "http://[LB_IP_ADDRESS]:8776/v3/7f88ffcdf41748278da30d49af507912", "region": "RegionOne"}], "id": "7652603d88034d12a50c180163a105c9", "type": "volumev3", "name": "cinderv3"}, {"endpoints": [{"id": "1fe7141eb3cf4522bf5e904c3dd99e79", "interface": "public", "region_id": "RegionOne", "url": "http://[LB_IP_ADDRESS]:8780", "region": "RegionOne"}, {"id": "cb27d090350745998c239682bf56e2d0", "interface": "internal", "region_id": "RegionOne", "url": "http://[LB_IP_ADDRESS]:8780", "region": "RegionOne"}], "id": "9ebdc30da43944179e332b2df82472de", "type": "placement", "name": "placement"}, {"endpoints": [{"id": "50fa47348d40459f890b2403f74ce00d", "interface": "public", "region_id": "RegionOne", "url": "http://[LB_IP_ADDRESS]:9292", "region": "RegionOne"}, {"id": "8077848c7d8146c2872cd140dafd0e80", "interface": "internal", "region_id": "RegionOne", "url": "http://[LB_IP_ADDRESS]:9292", "region": "RegionOne"}], "id": "ad2631768f6c43d1925be888fe0e299b", "type": "image", "name": "glance"}, {"endpoints": [{"id": "a9072db44187495da1bbd2d9c13151f5", "interface": "internal", "region_id": "RegionOne", "url": "http://[LB_IP_ADDRESS]:5000", "region": "RegionOne"}, {"id": "fa36cbf491b84186840fbde4a043e583", "interface": "public", "region_id": "RegionOne", "url": "http://[LB_IP_ADDRESS]:5000", "region": "RegionOne"}], "id": "e33b9b697b9c47afb9f1c5f1ff34ead3", "type": "identity", "name": "keystone"}, {"endpoints": [{"id": "27419cef3948487a8bd95c468cedbcb8", "interface": "public", "region_id": "RegionOne", "url": "http://[LB_IP_ADDRESS]:9696", "region": "RegionOne"}, {"id": "9624f9cd6e7e4c6894476967f489f70c", "interface": "internal", "region_id": "RegionOne", "url": "http://[LB_IP_ADDRESS]:9696", "region": "RegionOne"}], "id": "e6049fa520674bf5b7fe9f64cbfc6d75", "type": "network", "name": "neutron"}]}}'
20
    24-06-10 06:13:05,507 21620 DEBUG    [tempest.lib.common.dynamic_creds] Creating new dynamic creds for scope: None and credential_type: admin
2024-06-10 06:13:05,633 21620 INFO     [tempest.lib.common.rest_client] Request (VolumesNegativeTest:test_attach_volumes_with_nonexistent_volume_id): 201 POST http://[LB_IP_ADDRESS]:5000/v3/projects 0.125s
2024-06-10 06:13:05,633 21620 DEBUG    [tempest.lib.common.rest_client] Request - Headers: {'Content-Type': 'application/json', 'Accept': 'application/json', 'X-Auth-Token': '<omitted>'}
        Body: {"project": {"description": "tempest-VolumesNegativeTest-1039796657-desc", "domain_id": "default", "name": "tempest-VolumesNegativeTest-1039796657"}}
    Response - Headers: {'date': 'Mon, 10 Jun 2024 06:13:05 GMT', 'server': 'Apache', 'content-length': '374', 'vary': 'X-Auth-Token', 'x-openstack-request-id': 'req-25e7c491-22de-4d2e-954b-aeefd96a423e', 'connection': 'close', 'content-type': 'application/json', 'status': '201', 'content-location': 'http://[LB_IP_ADDRESS]:5000/v3/projects'}
        Body: b'{"project": {"id": "60cbd36dbd7c4bc9957d255664bc5acf", "name": "tempest-VolumesNegativeTest-1039796657", "domain_id": "default", "description": "tempest-VolumesNegativeTest-1039796657-desc", "enabled": true, "parent_id": "default", "is_domain": false, "tags": [], "options": {}, "links": {"self": "http://[LB_IP_ADDRESS]:5000/v3/projects/60cbd36dbd7c4bc9957d255664bc5acf"}}}\n'
2024-06-10 06:13:06,259 21620 INFO     [tempest.lib.common.rest_client] Request (VolumesNegativeTest:test_attach_volumes_with_nonexistent_volume_id): 201 POST http://[LB_IP_ADDRESS]:5000/v3/users 0.625s
2024-06-10 06:13:06,259 21620 DEBUG    [tempest.lib.common.rest_client] Request - Headers: {'Content-Type': 'application/json', 'Accept': 'application/json', 'X-Auth-Token': '<omitted>'}
        Body: {"user": {"name": "tempest-VolumesNegativeTest-1039796657-project-admin", "password": "N3&oIyN#o@!F_FM", "domain_id": "default"}}
    Response - Headers: {'date': 'Mon, 10 Jun 2024 06:13:05 GMT', 'server': 'Apache', 'content-length': '293', 'vary': 'X-Auth-Token', 'x-openstack-request-id': 'req-36944467-0ba8-4cc3-a225-02a18dc9e1aa', 'connection': 'close', 'content-type': 'application/json', 'status': '201', 'content-location': 'http://[LB_IP_ADDRESS]:5000/v3/users'}
        Body: b'{"user": {"id": "23992527c3ea4d049221f6546ae573d2", "name": "tempest-VolumesNegativeTest-1039796657-project-admin", "domain_id": "default", "enabled": true, "password_expires_at": null, "options": {}, "links": {"self": "http://[LB_IP_ADDRESS]:5000/v3/users/23992527c3ea4d049221f6546ae573d2"}}}\n'
2024-06-10 06:13:06,296 21620 INFO     [tempest.lib.common.rest_client] Request (VolumesNegativeTest:test_attach_volumes_with_nonexistent_volume_id): 200 GET http://[LB_IP_ADDRESS]:5000/v3/roles 0.036s
2024-06-10 06:13:06,296 21620 DEBUG    [tempest.lib.common.rest_client] Request - Headers: {'Content-Type': 'application/json', 'Accept': 'application/json', 'X-Auth-Token': '<omitted>'}
        Body: None
    Response - Headers: {'date': 'Mon, 10 Jun 2024 06:13:06 GMT', 'server': 'Apache', 'content-length': '1438', 'vary': 'X-Auth-Token', 'x-openstack-request-id': 'req-d7153fcd-c303-4678-b12c-2e4ffd08d89a', 'connection': 'close', 'content-type': 'application/json', 'status': '200', 'content-location': 'http://[LB_IP_ADDRESS]:5000/v3/roles'}
        Body: b'{"roles": [{"id": "659f402291c342c1806564311d1275f0", "name": "member", "domain_id": null, "description": null, "options": {"immutable": true}, "links": {"self": "http://[LB_IP_ADDRESS]:5000/v3/roles/659f402291c342c1806564311d1275f0"}}, {"id": "a4abfcc098c84e80b9f74392bf18365a", "name": "manager", "domain_id": null, "description": null, "options": {"immutable": true}, "links": {"self": "http://[LB_IP_ADDRESS]:5000/v3/roles/a4abfcc098c84e80b9f74392bf18365a"}}, {"id": "ab3a0f28d13544beafe422c9a65edcb5", "name": "admin", "domain_id": null, "description": null, "options": {"immutable": true}, "links": {"self": "http://[LB_IP_ADDRESS]:5000/v3/roles/ab3a0f28d13544beafe422c9a65edcb5"}}, {"id": "b0f479c4cd354db7bd8
    e89db4e9f46ee", "name": "reader", "domain_id": null, "description": null, "options": {"immutable": true}, "links": {"self": "http://[LB_IP_ADDRESS]:5000/v3/roles/b0f479c4cd354db7bd8e89db4e9f46ee"}}, {"id": "bf1368997cb84a39a79ed2cbae917939", "name": "service", "domain_id": null, "description": null, "options": {"immutable": true}, "links": {"self": "http://[LB_IP_ADDRESS]:5000/v3/roles/bf1368997cb84a39a79ed2cbae917939"}}, {"id": "f82a2d99fd5d4767b3af21bd9526d3d8", "name": "_member_", "domain_id": null, "description": null, "options": {}, "links": {"self": "http://[LB_IP_ADDRESS]:5000/v3/roles/f82a2d99fd5d4767b3af21bd9526d3d8"}}], "links": {"next": null, "self": "http://[LB_IP_ADDRESS]:5000/v3/roles", "previous": null}}\n'
2024-06-10 06:13:06,413 21620 INFO     [tempest.lib.common.rest_client] Request (VolumesNegativeTest:test_attach_volumes_with_nonexistent_volume_id): 204 PUT http://[LB_IP_ADDRESS]:5000/v3/projects/60cbd36dbd7c4bc9957d255664bc5acf/users/23992527c3ea4d049221f6546ae573d2/roles/ab3a0f28d13544beafe422c9a65edcb5 0.116s
2024-06-10 06:13:06,413 21620 DEBUG    [tempest.lib.common.rest_client] Request - Headers: {'Content-Type': 'application/json', 'Accept': 'application/json', 'X-Auth-Token': '<omitted>'}
        Body: None
    Response - Headers: {'date': 'Mon, 10 Jun 2024 06:13:06 GMT', 'server': 'Apache', 'vary': 'X-Auth-Token', 'x-openstack-request-id': 'req-51b24967-76f1-47b8-b535-99a2e96b73f1', 'connection': 'close', 'status': '204', 'content-location': 'http://[LB_IP_ADDRESS]:5000/v3/projects/60cbd36dbd7c4bc9957d255664bc5acf/users/23992527c3ea4d049221f6546ae573d2/roles/ab3a0f28d13544beafe422c9a65edcb5'}
        Body: b''
2024-06-10 06:13:06,507 21620 INFO     [tempest.lib.common.rest_client] Request (VolumesNegativeTest:test_attach_volumes_with_nonexistent_volume_id): 200 GET http://[LB_IP_ADDRESS]:5000/v3/roles 0.093s
2024-06-10 06:13:06,507 21620 DEBUG    [tempest.lib.common.rest_client] Request - Headers: {'Content-Type': 'application/json', 'Accept': 'application/json', 'X-Auth-Token': '<omitted>'}
        Body: None
    Response - Headers: {'date': 'Mon, 10 Jun 2024 06:13:06 GMT', 'server': 'Apache', 'content-length': '1438', 'vary': 'X-Auth-Token', 'x-openstack-request-id': 'req-e07ed57b-2845-4686-99e7-cd72a8ae25bd', 'connection': 'close', 'content-type': 'application/json', 'status': '200', 'content-location': 'http://[LB_IP_ADDRESS]:5000/v3/roles'}
        Body: b'{"roles": [{"id": "659f402291c342c1806564311d1275f0", "name": "member", "domain_id": null, "description": null, "options": {"immutable": true}, "links": {"self": "http://[LB_IP_ADDRESS]:5000/v3/roles/659f402291c342c1806564311d1275f0"}}, {"id": "a4abfcc098c84e80b9f74392bf18365a", "name": "manager", "domain_id": null, "description": null, "options": {"immutable": true}, "links": {"self": "http://[LB_IP_ADDRESS]:5000/v3/roles/a4abfcc098c84e80b9f74392bf18365a"}}, {"id": "ab3a0f28d13544beafe422c9a65edcb5", "name": "admin", "domain_id": null, "description": null, "options": {"immutable": true}, "links": {"self": "http://[LB_IP_ADDRESS]:5000/v3/roles/ab3a0f28d13544beafe422c9a65edcb5"}}, {"id": "b0f479c4cd354db7bd8e89db4e9f46ee", "name": "reader", "domain_id": null, "description": null, "options": {"immutable": true}, "links": {"self": "http://[LB_IP_ADDRESS]:5000/v3/roles/b0f479c4cd354db7bd8e89db4e9f46ee"}}, {"id": "bf1368997cb84a39a79ed2cbae917939", "name": "service", "domain_id": null, "description": null, "options": {"immutable": true}, "links": {"self": "http://[LB_IP_ADDRESS]:5000/v3/roles/bf1368997cb84a39a79ed2cbae917939"}}, {"id": "f82a2d99fd5d4767b3af21bd9526d3d8", "name": "_member_", "domain_id": null, "description": null, "options": {}, "links": {"self": "http://[LB_IP_ADDRESS]:5000/v3/roles/f82a2d99fd5d4767b3af21bd9526d3d8"}}], "links": {"next": null, "self": "http://[LB_IP_ADDRESS]:5000/v3/roles", "previous": null}}\n'
2024-06-10 06:13:06,542 21620 INFO     [tempest.lib.common.rest_client] Request (VolumesNegativeTest:test_attach_volumes_with_nonexistent_volume_id): 204 PUT http://[LB_IP_ADDRESS]:5000/v3/domains/default/users/23992527c3ea4d049221f
    6546ae573d2/roles/ab3a0f28d13544beafe422c9a65edcb5 0.034s
2024-06-10 06:13:06,542 21620 DEBUG    [tempest.lib.common.rest_client] Request - Headers: {'Content-Type': 'application/json', 'Accept': 'application/json', 'X-Auth-Token': '<omitted>'}
        Body: None
    Response - Headers: {'date': 'Mon, 10 Jun 2024 06:13:06 GMT', 'server': 'Apache', 'vary': 'X-Auth-Token', 'x-openstack-request-id': 'req-5f10c377-d3fb-4066-8ba8-4dd405a2bfff', 'connection': 'close', 'status': '204', 'content-location': 'http://[LB_IP_ADDRESS]:5000/v3/domains/default/users/23992527c3ea4d049221f6546ae573d2/roles/ab3a0f28d13544beafe422c9a65edcb5'}
        Body: b''
2024-06-10 06:13:06,641 21620 INFO     [tempest.lib.common.rest_client] Request (VolumesNegativeTest:test_attach_volumes_with_nonexistent_volume_id): 200 GET http://[LB_IP_ADDRESS]:5000/v3/roles 0.098s
2024-06-10 06:13:06,641 21620 DEBUG    [tempest.lib.common.rest_client] Request - Headers: {'Content-Type': 'application/json', 'Accept': 'application/json', 'X-Auth-Token': '<omitted>'}
        Body: None
    Response - Headers: {'date': 'Mon, 10 Jun 2024 06:13:06 GMT', 'server': 'Apache', 'content-length': '1438', 'vary': 'X-Auth-Token', 'x-openstack-request-id': 'req-19f15182-0ab7-4297-9d33-9635c51747b8', 'connection': 'close', 'content-type': 'application/json', 'status': '200', 'content-location': 'http://[LB_IP_ADDRESS]:5000/v3/roles'}
        Body: b'{"roles": [{"id": "659f402291c342c1806564311d1275f0", "name": "member", "domain_id": null, "description": null, "options": {"immutable": true}, "links": {"self": "http://[LB_IP_ADDRESS]:5000/v3/roles/659f402291c342c1806564311d1275f0"}}, {"id": "a4abfcc098c84e80b9f74392bf18365a", "name": "manager", "domain_id": null, "description": null, "options": {"immutable": true}, "links": {"self": "http://[LB_IP_ADDRESS]:5000/v3/roles/a4abfcc098c84e80b9f74392bf18365a"}}, {"id": "ab3a0f28d13544beafe422c9a65edcb5", "name": "admin", "domain_id": null, "description": null, "options": {"immutable": true}, "links": {"self": "http://[LB_IP_ADDRESS]:5000/v3/roles/ab3a0f28d13544beafe422c9a65edcb5"}}, {"id": "b0f479c4cd354db7bd8e89db4e9f46ee", "name": "reader", "domain_id": null, "description": null, "options": {"immutable": true}, "links": {"self": "http://[LB_IP_ADDRESS]:5000/v3/roles/b0f479c4cd354db7bd8e89db4e9f46ee"}}, {"id": "bf1368997cb84a39a79ed2cbae917939", "name": "service", "domain_id": null, "description": null, "options": {"immutable": true}, "links": {"self": "http://[LB_IP_ADDRESS]:5000/v3/roles/bf1368997cb84a39a79ed2cbae917939"}}, {"id": "f82a2d99fd5d4767b3af21bd9526d3d8", "name": "_member_", "domain_id": null, "description": null, "options": {}, "links": {"self": "http://[LB_IP_ADDRESS]:5000/v3/roles/f82a2d99fd5d4767b3af21bd9526d3d8"}}], "links": {"next": null, "self": "http://[LB_IP_ADDRESS]:5000/v3/roles", "previous": null}}\n'
2024-06-10 06:13:06,675 21620 INFO     [tempest.lib.common.rest_client] Request (VolumesNegativeTest:test_attach_volumes_with_nonexistent_volume_id): 204 PUT http://[LB_IP_ADDRESS]:5000/v3/projects/60cbd36dbd7c4bc9957d255664bc5acf/users/23992527c3ea4d049221f6546ae573d2/roles/ab3a0f28d13544beafe422c9a65edcb5 0.033s
2024-06-10 06:13:06,676 21620 DEBUG    [tempest.lib.common.rest_client] Request - Headers: {'Content-Type': 'application/json', 'Accept': 'application/json', 'X-Auth-Token': '<omitted>'}
        Body: None
    Response - Headers: {'date': 'Mon, 10 Jun 2024 06:13:06 GMT', 'server': 'Apache', 'vary': 'X-Auth-Token', 'x-openstack-request-id': 'req-6bea9efb-d4b9-406b-a057-7768334b61c0', 'connection': 'close', 'status': '204', 'content-location': 'http://[LB_IP_ADDRESS]:5000/v3/projects/60cbd36dbd7c4bc9957d255664bc5acf/users/23992527c3ea4d049221f6546ae573d2/roles/ab3a0f28d13544beafe422c9a65edcb5'}
        Body: b''
2024-06-10 06:13:06,771 21620 INFO     [tempest.lib.common.rest_client] Request (VolumesNegativeTest:test_attach_volumes_with_nonexistent_volume_id): 200 GET http://[LB_IP_ADDRESS]:5000/v3/roles 0.095s
2024-06-10 06:13:06,772 21620 DEBUG    [tempest.lib.common.rest_client] Request - Headers: {'Content-Type': '
    application/json', 'Accept': 'application/json', 'X-Auth-Token': '<omitted>'}
        Body: None
    Response - Headers: {'date': 'Mon, 10 Jun 2024 06:13:06 GMT', 'server': 'Apache', 'content-length': '1438', 'vary': 'X-Auth-Token', 'x-openstack-request-id': 'req-a55defeb-0405-4701-b0f5-12cd16590e5e', 'connection': 'close', 'content-type': 'application/json', 'status': '200', 'content-location': 'http://[LB_IP_ADDRESS]:5000/v3/roles'}
        Body: b'{"roles": [{"id": "659f402291c342c1806564311d1275f0", "name": "member", "domain_id": null, "description": null, "options": {"immutable": true}, "links": {"self": "http://[LB_IP_ADDRESS]:5000/v3/roles/659f402291c342c1806564311d1275f0"}}, {"id": "a4abfcc098c84e80b9f74392bf18365a", "name": "manager", "domain_id": null, "description": null, "options": {"immutable": true}, "links": {"self": "http://[LB_IP_ADDRESS]:5000/v3/roles/a4abfcc098c84e80b9f74392bf18365a"}}, {"id": "ab3a0f28d13544beafe422c9a65edcb5", "name": "admin", "domain_id": null, "description": null, "options": {"immutable": true}, "links": {"self": "http://[LB_IP_ADDRESS]:5000/v3/roles/ab3a0f28d13544beafe422c9a65edcb5"}}, {"id": "b0f479c4cd354db7bd8e89db4e9f46ee", "name": "reader", "domain_id": null, "description": null, "options": {"immutable": true}, "links": {"self": "http://[LB_IP_ADDRESS]:5000/v3/roles/b0f479c4cd354db7bd8e89db4e9f46ee"}}, {"id": "bf1368997cb84a39a79ed2cbae917939", "name": "service", "domain_id": null, "description": null, "options": {"immutable": true}, "links": {"self": "http://[LB_IP_ADDRESS]:5000/v3/roles/bf1368997cb84a39a79ed2cbae917939"}}, {"id": "f82a2d99fd5d4767b3af21bd9526d3d8", "name": "_member_", "domain_id": null, "description": null, "options": {}, "links": {"self": "http://[LB_IP_ADDRESS]:5000/v3/roles/f82a2d99fd5d4767b3af21bd9526d3d8"}}], "links": {"next": null, "self": "http://[LB_IP_ADDRESS]:5000/v3/roles", "previous": null}}\n'
2024-06-10 06:13:06,813 21620 INFO     [tempest.lib.common.rest_client] Request (VolumesNegativeTest:test_attach_volumes_with_nonexistent_volume_id): 204 PUT http://[LB_IP_ADDRESS]:5000/v3/projects/60cbd36dbd7c4bc9957d255664bc5acf/users/23992527c3ea4d049221f6546ae573d2/roles/ab3a0f28d13544beafe422c9a65edcb5 0.040s
2024-06-10 06:13:06,813 21620 DEBUG    [tempest.lib.common.rest_client] Request - Headers: {'Content-Type': 'application/json', 'Accept': 'application/json', 'X-Auth-Token': '<omitted>'}
        Body: None
    Response - Headers: {'date': 'Mon, 10 Jun 2024 06:13:06 GMT', 'server': 'Apache', 'vary': 'X-Auth-Token', 'x-openstack-request-id': 'req-0c5061df-0a4f-406d-8ddf-2ce812b6fd39', 'connection': 'close', 'status': '204', 'content-location': 'http://[LB_IP_ADDRESS]:5000/v3/projects/60cbd36dbd7c4bc9957d255664bc5acf/users/23992527c3ea4d049221f6546ae573d2/roles/ab3a0f28d13544beafe422c9a65edcb5'}
        Body: b''
2024-06-10 06:13:06,813 21620 INFO     [tempest.lib.common.dynamic_creds] Dynamic test user 23992527c3ea4d049221f6546ae573d2 is created with scope project and roles: ['admin', 'admin']
2024-06-10 06:13:06,814 21620 INFO     [tempest.lib.common.dynamic_creds] Acquired dynamic creds:
 credentials: Credentials: {'domain_id': 'default', 'domain_name': 'Default', 'username': 'tempest-VolumesNegativeTest-1039796657-project-admin', 'project_domain_id': 'default', 'project_domain_name': 'Default', 'project_id': '60cbd36dbd7c4bc9957d255664bc5acf', 'project_name': 'tempest-VolumesNegativeTest-1039796657', 'tenant_id': '60cbd36dbd7c4bc9957d255664bc5acf', 'tenant_name': 'tempest-VolumesNegativeTest-1039796657', 'user_domain_id': 'default', 'user_domain_name': 'Default', 'user_id': '23992527c3ea4d049221f6546ae573d2', 'system': None}, Network: None, Subnet: None, Router: None
2024-06-10 06:13:06,820 21620 INFO     [tempest.lib.common.fixed_network] (VolumesNegativeTest:test_attach_volumes_with_nonexistent_volume_id) Found network None available for tenant
2024-06-10 06:13:07,119 21620 INFO     [tempest.lib.common.rest_client] Request (VolumesNegativeTest:test_attach_volumes_with_nonexistent_volume_id): 202 POST http://[LB_IP_ADDRESS]:8774/v2.1/servers 0.298s
2024-
    06-10 06:13:07,119 21620 DEBUG    [tempest.lib.common.rest_client] Request - Headers: {'Content-Type': 'application/json', 'Accept': 'application/json', 'X-Auth-Token': '<omitted>'}
        Body: {"server": {"name": "tempest-VolumesNegativeTest-instance-783446972", "imageRef": "90fe7e6d-5185-4cd1-b128-6c126844d9da", "flavorRef": "0"}}
    Response - Headers: {'date': 'Mon, 10 Jun 2024 06:13:06 GMT', 'server': 'Apache/2.4.52 (Ubuntu)', 'content-length': '380', 'location': 'http://[LB_IP_ADDRESS]:8774/v2.1/servers/3dff2a64-84dc-412b-996d-03c08f9bc469', 'openstack-api-version': 'compute 2.1', 'x-openstack-nova-api-version': '2.1', 'vary': 'OpenStack-API-Version,X-OpenStack-Nova-API-Version', 'x-openstack-request-id': 'req-408b5afe-6326-4b2d-a0b0-fb88a3267f7e', 'x-compute-request-id': 'req-408b5afe-6326-4b2d-a0b0-fb88a3267f7e', 'connection': 'close', 'content-type': 'application/json', 'status': '202', 'content-location': 'http://[LB_IP_ADDRESS]:8774/v2.1/servers'}
        Body: b'{"server": {"id": "3dff2a64-84dc-412b-996d-03c08f9bc469", "links": [{"rel": "self", "href": "http://[LB_IP_ADDRESS]:8774/v2.1/servers/3dff2a64-84dc-412b-996d-03c08f9bc469"}, {"rel": "bookmark", "href": "http://[LB_IP_ADDRESS]:8774/servers/3dff2a64-84dc-412b-996d-03c08f9bc469"}], "OS-DCF:diskConfig": "MANUAL", "security_groups": [{"name": "default"}], "adminPass": "vUp6ubm6nLUS"}}'
2024-06-10 06:13:07,211 21620 INFO     [tempest.lib.common.rest_client] Request (VolumesNegativeTest:test_attach_volumes_with_nonexistent_volume_id): 200 GET http://[LB_IP_ADDRESS]:8774/v2.1/servers/3dff2a64-84dc-412b-996d-03c08f9bc469 0.088s
2024-06-10 06:13:07,212 21620 DEBUG    [tempest.lib.common.rest_client] Request - Headers: {'Content-Type': 'application/json', 'Accept': 'application/json', 'X-Auth-Token': '<omitted>'}
        Body: None
    Response - Headers: {'date': 'Mon, 10 Jun 2024 06:13:07 GMT', 'server': 'Apache/2.4.52 (Ubuntu)', 'content-length': '1322', 'openstack-api-version': 'compute 2.1', 'x-openstack-nova-api-version': '2.1', 'vary': 'OpenStack-API-Version,X-OpenStack-Nova-API-Version', 'x-openstack-request-id': 'req-1e7215f7-720a-4496-97b3-83635c3a6cb2', 'x-compute-request-id': 'req-1e7215f7-720a-4496-97b3-83635c3a6cb2', 'connection': 'close', 'content-type': 'application/json', 'status': '200', 'content-location': 'http://[LB_IP_ADDRESS]:8774/v2.1/servers/3dff2a64-84dc-412b-996d-03c08f9bc469'}
        Body: b'{"server": {"id": "3dff2a64-84dc-412b-996d-03c08f9bc469", "name": "tempest-VolumesNegativeTest-instance-783446972", "status": "BUILD", "tenant_id": "7f88ffcdf41748278da30d49af507912", "user_id": "9a7795b9a42c47b596c858515d401264", "metadata": {}, "hostId": "", "image": {"id": "90fe7e6d-5185-4cd1-b128-6c126844d9da", "links": [{"rel": "bookmark", "href": "http://[LB_IP_ADDRESS]:8774/images/90fe7e6d-5185-4cd1-b128-6c126844d9da"}]}, "flavor": {"id": "0", "links": [{"rel": "bookmark", "href": "http://[LB_IP_ADDRESS]:8774/flavors/0"}]}, "created": "2024-06-10T06:13:07Z", "updated": "2024-06-10T06:13:07Z", "addresses": {}, "accessIPv4": "", "accessIPv6": "", "links": [{"rel": "self", "href": "http://[LB_IP_ADDRESS]:8774/v2.1/servers/3dff2a64-84dc-412b-996d-03c08f9bc469"}, {"rel": "bookmark", "href": "http://[LB_IP_ADDRESS]:8774/servers/3dff2a64-84dc-412b-996d-03c08f9bc469"}], "OS-DCF:diskConfig": "MANUAL", "progress": 0, "OS-EXT-AZ:availability_zone": "", "config_drive": "", "key_name": null, "OS-SRV-USG:launched_at": null, "OS-SRV-USG:terminated_at": null, "OS-EXT-SRV-ATTR:host": null, "OS-EXT-SRV-ATTR:instance_name": "", "OS-EXT-SRV-ATTR:hypervisor_hostname": null, "OS-EXT-STS:task_state": "scheduling", "OS-EXT-STS:vm_state": "building", "OS-EXT-STS:power_state": 0, "os-extended-volumes:volumes_attached": []}}'
2024-06-10 06:13:08,307 21620 INFO     [tempest.lib.common.rest_client] Request (VolumesNegativeTest:test_attach_volumes_with_nonexistent_volume_id): 200 GET http://[LB_IP_ADDRESS]:8774/v2.1/servers/3dff2a64-84dc-412b-996d-03c08f9bc469 0.076s
2024-06-10 06:13:08,308 21620 DEBUG    [tempest.lib.common.rest_client] Request - Headers: {'Content-Type': 'ap
    plication/json', 'Accept': 'application/json', 'X-Auth-Token': '<omitted>'}
        Body: None
    Response - Headers: {'date': 'Mon, 10 Jun 2024 06:13:08 GMT', 'server': 'Apache/2.4.52 (Ubuntu)', 'content-length': '1322', 'openstack-api-version': 'compute 2.1', 'x-openstack-nova-api-version': '2.1', 'vary': 'OpenStack-API-Version,X-OpenStack-Nova-API-Version', 'x-openstack-request-id': 'req-3916177a-bdef-4023-aec3-fb819e0c88ea', 'x-compute-request-id': 'req-3916177a-bdef-4023-aec3-fb819e0c88ea', 'connection': 'close', 'content-type': 'application/json', 'status': '200', 'content-location': 'http://[LB_IP_ADDRESS]:8774/v2.1/servers/3dff2a64-84dc-412b-996d-03c08f9bc469'}
        Body: b'{"server": {"id": "3dff2a64-84dc-412b-996d-03c08f9bc469", "name": "tempest-VolumesNegativeTest-instance-783446972", "status": "BUILD", "tenant_id": "7f88ffcdf41748278da30d49af507912", "user_id": "9a7795b9a42c47b596c858515d401264", "metadata": {}, "hostId": "", "image": {"id": "90fe7e6d-5185-4cd1-b128-6c126844d9da", "links": [{"rel": "bookmark", "href": "http://[LB_IP_ADDRESS]:8774/images/90fe7e6d-5185-4cd1-b128-6c126844d9da"}]}, "flavor": {"id": "0", "links": [{"rel": "bookmark", "href": "http://[LB_IP_ADDRESS]:8774/flavors/0"}]}, "created": "2024-06-10T06:13:07Z", "updated": "2024-06-10T06:13:08Z", "addresses": {}, "accessIPv4": "", "accessIPv6": "", "links": [{"rel": "self", "href": "http://[LB_IP_ADDRESS]:8774/v2.1/servers/3dff2a64-84dc-412b-996d-03c08f9bc469"}, {"rel": "bookmark", "href": "http://[LB_IP_ADDRESS]:8774/servers/3dff2a64-84dc-412b-996d-03c08f9bc469"}], "OS-DCF:diskConfig": "MANUAL", "progress": 0, "OS-EXT-AZ:availability_zone": "", "config_drive": "", "key_name": null, "OS-SRV-USG:launched_at": null, "OS-SRV-USG:terminated_at": null, "OS-EXT-SRV-ATTR:host": null, "OS-EXT-SRV-ATTR:instance_name": "", "OS-EXT-SRV-ATTR:hypervisor_hostname": null, "OS-EXT-STS:task_state": "scheduling", "OS-EXT-STS:vm_state": "building", "OS-EXT-STS:power_state": 0, "os-extended-volumes:volumes_attached": []}}'
2024-06-10 06:13:09,428 21620 INFO     [tempest.lib.common.rest_client] Request (VolumesNegativeTest:test_attach_volumes_with_nonexistent_volume_id): 200 GET http://[LB_IP_ADDRESS]:8774/v2.1/servers/3dff2a64-84dc-412b-996d-03c08f9bc469 0.102s
2024-06-10 06:13:09,428 21620 DEBUG    [tempest.lib.common.rest_client] Request - Headers: {'Content-Type': 'application/json', 'Accept': 'application/json', 'X-Auth-Token': '<omitted>'}
        Body: None
    Response - Headers: {'date': 'Mon, 10 Jun 2024 06:13:09 GMT', 'server': 'Apache/2.4.52 (Ubuntu)', 'content-length': '1425', 'openstack-api-version': 'compute 2.1', 'x-openstack-nova-api-version': '2.1', 'vary': 'OpenStack-API-Version,X-OpenStack-Nova-API-Version', 'x-openstack-request-id': 'req-7b67da5a-4963-49bc-9d62-b8ae11ac1ceb', 'x-compute-request-id': 'req-7b67da5a-4963-49bc-9d62-b8ae11ac1ceb', 'connection': 'close', 'content-type': 'application/json', 'status': '200', 'content-location': 'http://[LB_IP_ADDRESS]:8774/v2.1/servers/3dff2a64-84dc-412b-996d-03c08f9bc469'}
        Body: b'{"server": {"id": "3dff2a64-84dc-412b-996d-03c08f9bc469", "name": "tempest-VolumesNegativeTest-instance-783446972", "status": "BUILD", "tenant_id": "7f88ffcdf41748278da30d49af507912", "user_id": "9a7795b9a42c47b596c858515d401264", "metadata": {}, "hostId": "35a9c1be6e6d2507fd69d30cb3f608029fdb617db48b6c0c5cb75a5f", "image": {"id": "90fe7e6d-5185-4cd1-b128-6c126844d9da", "links": [{"rel": "bookmark", "href": "http://[LB_IP_ADDRESS]:8774/images/90fe7e6d-5185-4cd1-b128-6c126844d9da"}]}, "flavor": {"id": "0", "links": [{"rel": "bookmark", "href": "http://[LB_IP_ADDRESS]:8774/flavors/0"}]}, "created": "2024-06-10T06:13:07Z", "updated": "2024-06-10T06:13:08Z", "addresses": {}, "accessIPv4": "", "accessIPv6": "", "links": [{"rel": "self", "href": "http://[LB_IP_ADDRESS]:8774/v2.1/servers/3dff2a64-84dc-412b-996d-03c08f9bc469"}, {"rel": "bookmark", "href": "http://[LB_IP_ADDRESS]:8774/servers/3dff2a64-84dc-412b-996d-03c08f9bc469"}], "OS-DCF:diskConfig": "MANUAL", "progress": 0, "OS-EXT-AZ:availability_zone": "nova", "config_driv
    e": "", "key_name": null, "OS-SRV-USG:launched_at": null, "OS-SRV-USG:terminated_at": null, "OS-EXT-SRV-ATTR:host": "rack13-server63", "OS-EXT-SRV-ATTR:instance_name": "instance-0000002a", "OS-EXT-SRV-ATTR:hypervisor_hostname": "rack13-server63", "OS-EXT-STS:task_state": "networking", "OS-EXT-STS:vm_state": "building", "OS-EXT-STS:power_state": 0, "os-extended-volumes:volumes_attached": []}}'
2024-06-10 06:13:09,446 21620 INFO     [tempest.common.waiters] State transition "BUILD/scheduling" ==> "BUILD/networking" after 2 second wait
2024-06-10 06:13:10,549 21620 INFO     [tempest.lib.common.rest_client] Request (VolumesNegativeTest:test_attach_volumes_with_nonexistent_volume_id): 200 GET http://[LB_IP_ADDRESS]:8774/v2.1/servers/3dff2a64-84dc-412b-996d-03c08f9bc469 0.101s
2024-06-10 06:13:10,549 21620 DEBUG    [tempest.lib.common.rest_client] Request - Headers: {'Content-Type': 'application/json', 'Accept': 'application/json', 'X-Auth-Token': '<omitted>'}
        Body: None
    Response - Headers: {'date': 'Mon, 10 Jun 2024 06:13:10 GMT', 'server': 'Apache/2.4.52 (Ubuntu)', 'content-length': '1343', 'openstack-api-version': 'compute 2.1', 'x-openstack-nova-api-version': '2.1', 'vary': 'OpenStack-API-Version,X-OpenStack-Nova-API-Version', 'x-openstack-request-id': 'req-44c62308-7960-4011-a082-cfa244ea58c7', 'x-compute-request-id': 'req-44c62308-7960-4011-a082-cfa244ea58c7', 'connection': 'close', 'content-type': 'application/json', 'status': '200', 'content-location': 'http://[LB_IP_ADDRESS]:8774/v2.1/servers/3dff2a64-84dc-412b-996d-03c08f9bc469'}
        Body: b'{"server": {"id": "3dff2a64-84dc-412b-996d-03c08f9bc469", "name": "tempest-VolumesNegativeTest-instance-783446972", "status": "BUILD", "tenant_id": "7f88ffcdf41748278da30d49af507912", "user_id": "9a7795b9a42c47b596c858515d401264", "metadata": {}, "hostId": "", "image": {"id": "90fe7e6d-5185-4cd1-b128-6c126844d9da", "links": [{"rel": "bookmark", "href": "http://[LB_IP_ADDRESS]:8774/images/90fe7e6d-5185-4cd1-b128-6c126844d9da"}]}, "flavor": {"id": "0", "links": [{"rel": "bookmark", "href": "http://[LB_IP_ADDRESS]:8774/flavors/0"}]}, "created": "2024-06-10T06:13:07Z", "updated": "2024-06-10T06:13:10Z", "addresses": {}, "accessIPv4": "", "accessIPv6": "", "links": [{"rel": "self", "href": "http://[LB_IP_ADDRESS]:8774/v2.1/servers/3dff2a64-84dc-412b-996d-03c08f9bc469"}, {"rel": "bookmark", "href": "http://[LB_IP_ADDRESS]:8774/servers/3dff2a64-84dc-412b-996d-03c08f9bc469"}], "OS-DCF:diskConfig": "MANUAL", "progress": 0, "OS-EXT-AZ:availability_zone": "nova", "config_drive": "", "key_name": null, "OS-SRV-USG:launched_at": null, "OS-SRV-USG:terminated_at": null, "OS-EXT-SRV-ATTR:host": null, "OS-EXT-SRV-ATTR:instance_name": "instance-0000002a", "OS-EXT-SRV-ATTR:hypervisor_hostname": null, "OS-EXT-STS:task_state": "networking", "OS-EXT-STS:vm_state": "building", "OS-EXT-STS:power_state": 0, "os-extended-volumes:volumes_attached": []}}'
2024-06-10 06:13:11,683 21620 INFO     [tempest.lib.common.rest_client] Request (VolumesNegativeTest:test_attach_volumes_with_nonexistent_volume_id): 200 GET http://[LB_IP_ADDRESS]:8774/v2.1/servers/3dff2a64-84dc-412b-996d-03c08f9bc469 0.115s
2024-06-10 06:13:11,684 21620 DEBUG    [tempest.lib.common.rest_client] Request - Headers: {'Content-Type': 'application/json', 'Accept': 'application/json', 'X-Auth-Token': '<omitted>'}
        Body: None
    Response - Headers: {'date': 'Mon, 10 Jun 2024 06:13:11 GMT', 'server': 'Apache/2.4.52 (Ubuntu)', 'content-length': '4815', 'openstack-api-version': 'compute 2.1', 'x-openstack-nova-api-version': '2.1', 'vary': 'OpenStack-API-Version,X-OpenStack-Nova-API-Version', 'x-openstack-request-id': 'req-5d021d9f-0b35-40ef-920a-808d0d54e4bc', 'x-compute-request-id': 'req-5d021d9f-0b35-40ef-920a-808d0d54e4bc', 'connection': 'close', 'content-type': 'application/json', 'status': '200', 'content-location': 'http://[LB_IP_ADDRESS]:8774/v2.1/servers/3dff2a64-84dc-412b-996d-03c08f9bc469'}
        Body: b'{"server": {"id": "3dff2a64-84dc-412b-996d-03c08f9bc469", "name": "tempest-VolumesNegativeTest-instance-783446972", "s
    tatus": "ERROR", "tenant_id": "7f88ffcdf41748278da30d49af507912", "user_id": "9a7795b9a42c47b596c858515d401264", "metadata": {}, "hostId": "", "image": {"id": "90fe7e6d-5185-4cd1-b128-6c126844d9da", "links": [{"rel": "bookmark", "href": "http://[LB_IP_ADDRESS]:8774/images/90fe7e6d-5185-4cd1-b128-6c126844d9da"}]}, "flavor": {"id": "0", "links": [{"rel": "bookmark", "href": "http://[LB_IP_ADDRESS]:8774/flavors/0"}]}, "created": "2024-06-10T06:13:07Z", "updated": "2024-06-10T06:13:11Z", "addresses": {}, "accessIPv4": "", "accessIPv6": "", "links": [{"rel": "self", "href": "http://[LB_IP_ADDRESS]:8774/v2.1/servers/3dff2a64-84dc-412b-996d-03c08f9bc469"}, {"rel": "bookmark", "href": "http://[LB_IP_ADDRESS]:8774/servers/3dff2a64-84dc-412b-996d-03c08f9bc469"}], "OS-DCF:diskConfig": "MANUAL", "fault": {"code": 500, "created": "2024-06-10T06:13:11Z", "message": "Build of instance 3dff2a64-84dc-412b-996d-03c08f9bc469 aborted: Failure prepping block device.", "details": "Traceback (most recent call last):\\n  File \\"/var/lib/kolla/venv/lib/python3.10/site-packages/nova/compute/manager.py\\", line 2863, in _build_resources\\n    self._default_block_device_names(instance, image_meta,\\n  File \\"/var/lib/kolla/venv/lib/python3.10/site-packages/nova/compute/manager.py\\", line 2176, in _default_block_device_names\\n    self._default_device_names_for_instance(instance,\\n  File \\"/var/lib/kolla/venv/lib/python3.10/site-packages/nova/compute/manager.py\\", line 2095, in _default_device_names_for_instance\\n    self.driver.default_device_names_for_instance(instance,\\n  File \\"/var/lib/kolla/venv/lib/python3.10/site-packages/nova/virt/libvirt/driver.py\\", line 13163, in default_device_names_for_instance\\n    block_device_info = driver.get_block_device_info(instance,\\n  File \\"/var/lib/kolla/venv/lib/python3.10/site-packages/nova/virt/driver.py\\", line 61, in get_block_device_info\\n    \'image\': virt_block_device.convert_local_images(\\n  File \\"/var/lib/kolla/venv/lib/python3.10/site-packages/nova/virt/block_device.py\\", line 887, in _convert_block_devices\\n    devices.append(device_type(bdm))\\n  File \\"/var/lib/kolla/venv/lib/python3.10/site-packages/nova/virt/block_device.py\\", line 123, in __init__\\n    self._transform()\\n  File \\"/var/lib/kolla/venv/lib/python3.10/site-packages/nova/virt/block_device.py\\", line 297, in _transform\\n    \'encryption_details\': self._bdm_obj.encryption_details\\n  File \\"/var/lib/kolla/venv/lib/python3.10/site-packages/oslo_versionedobjects/base.py\\", line 67, in getter\\n    self.obj_load_attr(name)\\n  File \\"/var/lib/kolla/venv/lib/python3.10/site-packages/nova/objects/base.py\\", line 120, in wrapper\\n    return fn(self, attrname)\\n  File \\"/var/lib/kolla/venv/lib/python3.10/site-packages/nova/objects/block_device.py\\", line 383, in obj_load_attr\\n    raise exception.ObjectActionError(\\nnova.exception.ObjectActionError: Object action obj_load_attr failed because: attribute encryption_details not lazy-loadable\\n\\nDuring handling of the above exception, another exception occurred:\\n\\nTraceback (most recent call last):\\n  File \\"/var/lib/kolla/venv/lib/python3.10/site-packages/nova/compute/manager.py\\", line 2457, in _do_build_and_run_instance\\n    self._build_and_run_instance(context, instance, image,\\n  File \\"/var/lib/kolla/venv/lib/python3.10/site-packages/nova/compute/manager.py\\", line 2670, in _build_and_run_instance\\n    with excutils.save_and_reraise_exception():\\n  File \\"/var/lib/kolla/venv/lib/python3.10/site-packages/oslo_utils/excutils.py\\", line 227, in __exit__\\n    self.force_reraise()\\n  File \\"/var/lib/kolla/venv/lib/python3.10/site-packages/oslo_utils/excutils.py\\", line 200, in force_reraise\\n    raise self.value\\n  File \\"/var/lib/kolla/venv/lib/python3.10/site-packages/nova/compute/manager.py\\", line 2625, in _build_and_run_instance\\n    with self._build_resources(context, instance,\\n  File \\"/usr/lib/python3.10
2024-06-10 06:13:11,701 21620 INFO     [tempest.common.waiters] State transition "BUILD/networking" ==> "ERROR/None" af
    ter 4 second wait
2024-06-10 06:13:12,672 21620 INFO     [tempest.lib.common.rest_client] Request (VolumesNegativeTest:test_attach_volumes_with_nonexistent_volume_id): 204 DELETE http://[LB_IP_ADDRESS]:8774/v2.1/servers/3dff2a64-84dc-412b-996d-03c08f9bc469 0.970s
2024-06-10 06:13:12,672 21620 DEBUG    [tempest.lib.common.rest_client] Request - Headers: {'Content-Type': 'application/json', 'Accept': 'application/json', 'X-Auth-Token': '<omitted>'}
        Body: None
    Response - Headers: {'date': 'Mon, 10 Jun 2024 06:13:11 GMT', 'server': 'Apache/2.4.52 (Ubuntu)', 'openstack-api-version': 'compute 2.1', 'x-openstack-nova-api-version': '2.1', 'vary': 'OpenStack-API-Version,X-OpenStack-Nova-API-Version', 'x-openstack-request-id': 'req-4234fe67-afae-4363-91b3-8a2b149cea01', 'x-compute-request-id': 'req-4234fe67-afae-4363-91b3-8a2b149cea01', 'connection': 'close', 'status': '204', 'content-location': 'http://[LB_IP_ADDRESS]:8774/v2.1/servers/3dff2a64-84dc-412b-996d-03c08f9bc469'}
        Body: b''
2024-06-10 06:13:12,715 21620 INFO     [tempest.lib.common.rest_client] Request (VolumesNegativeTest:test_attach_volumes_with_nonexistent_volume_id): 404 GET http://[LB_IP_ADDRESS]:8774/v2.1/servers/3dff2a64-84dc-412b-996d-03c08f9bc469 0.042s
2024-06-10 06:13:12,715 21620 DEBUG    [tempest.lib.common.rest_client] Request - Headers: {'Content-Type': 'application/json', 'Accept': 'application/json', 'X-Auth-Token': '<omitted>'}
        Body: None
    Response - Headers: {'date': 'Mon, 10 Jun 2024 06:13:12 GMT', 'server': 'Apache/2.4.52 (Ubuntu)', 'content-length': '111', 'openstack-api-version': 'compute 2.1', 'x-openstack-nova-api-version': '2.1', 'vary': 'OpenStack-API-Version,X-OpenStack-Nova-API-Version', 'x-openstack-request-id': 'req-f52f4bf2-c299-4822-8a28-1ec800347039', 'x-compute-request-id': 'req-f52f4bf2-c299-4822-8a28-1ec800347039', 'connection': 'close', 'content-type': 'application/json; charset=UTF-8', 'status': '404', 'content-location': 'http://[LB_IP_ADDRESS]:8774/v2.1/servers/3dff2a64-84dc-412b-996d-03c08f9bc469'}
        Body: b'{"itemNotFound": {"code": 404, "message": "Instance 3dff2a64-84dc-412b-996d-03c08f9bc469 could not be found."}}'

{1} tempest.api.volume.test_volumes_negative.VolumesNegativeTest.test_create_volume_from_deactivated_image [0.594292s] ... ok
{1} tempest.api.volume.test_volumes_negative.VolumesNegativeTest.test_create_volume_from_image_with_decreasing_size [0.376374s] ... ok
{1} tempest.api.volume.test_volumes_negative.VolumesNegativeTest.test_create_volume_with_invalid_size [0.019449s] ... ok
{1} tempest.api.volume.test_volumes_negative.VolumesNegativeTest.test_create_volume_with_nonexistent_snapshot_id [0.027878s] ... ok
{1} tempest.api.volume.test_volumes_negative.VolumesNegativeTest.test_create_volume_with_nonexistent_source_volid [0.033401s] ... ok
{1} tempest.api.volume.test_volumes_negative.VolumesNegativeTest.test_create_volume_with_nonexistent_volume_type [0.030609s] ... ok
{1} tempest.api.volume.test_volumes_negative.VolumesNegativeTest.test_create_volume_with_size_negative [0.017768s] ... ok
{1} tempest.api.volume.test_volumes_negative.VolumesNegativeTest.test_create_volume_with_size_zero [0.017274s] ... ok
{1} tempest.api.volume.test_volumes_negative.VolumesNegativeTest.test_create_volume_without_passing_size [0.016909s] ... ok
{1} tempest.api.volume.test_volumes_negative.VolumesNegativeTest.test_delete_invalid_volume_id [0.028671s] ... ok
{1} tempest.api.volume.test_volumes_negative.VolumesNegativeTest.test_delete_volume_without_passing_volume_id [0.011567s] ... ok
{1} tempest.api.volume.test_volumes_negative.VolumesNegativeTest.test_detach_volumes_with_invalid_volume_id [0.033712s] ... ok
{1} tempest.api.volume.test_volumes_negative.VolumesNegativeTest.test_get_invalid_volume_id [0.027721s] ... ok
{1} tempest.api.volume.test_volumes_negative.VolumesNegativeTest.test_get_volume_without_passing_volume_id [0.011663s] ... ok
{1} tempest.api.volume.test_volumes_negative.VolumesNegativeTest.test_list_volumes_detail_with_invalid_status [0.055901s] ... ok
{1} tempest.api.volume.test_volumes_negative.VolumesNegativeTest.test_list_volumes_detail_with_nonexistent_name [0.053129s] ... ok
{1} tempest.api.volume.test_volumes_negative.VolumesNegativeTest.test_list_volumes_with_invalid_status [0.035154s] ... ok
{1} tempest.api.volume.test_volumes_negative.VolumesNegativeTest.test_list_volumes_with_nonexistent_name [0.036467s] ... ok
{1} tempest.api.volume.test_volumes_negative.VolumesNegativeTest.test_reserve_volume_with_negative_volume_status [0.147157s] ... ok
{1} tempest.api.volume.test_volumes_negative.VolumesNegativeTest.test_reserve_volume_with_nonexistent_volume_id [0.027892s] ... ok
{1} tempest.api.volume.test_volumes_negative.VolumesNegativeTest.test_unreserve_volume_with_nonexistent_volume_id [0.028367s] ... ok
{1} tempest.api.volume.test_volumes_negative.VolumesNegativeTest.test_update_volume_with_empty_volume_id [0.011760s] ... ok
{1} tempest.api.volume.test_volumes_negative.VolumesNegativeTest.test_update_volume_with_invalid_volume_id [0.031083s] ... ok
{1} tempest.api.volume.test_volumes_negative.VolumesNegativeTest.test_update_volume_with_nonexistent_volume_id [0.031647s] ... ok
{1} tempest.api.volume.test_volumes_negative.VolumesNegativeTest.test_volume_delete_nonexistent_volume_id [0.027934s] ... ok
{1} tempest.api.volume.test_volumes_negative.VolumesNegativeTest.test_volume_extend_with_None_size [0.016547s] ... ok
{1} tempest.api.volume.test_volumes_negative.VolumesNegativeTest.test_volume_extend_with_non_number_size [0.016770s] ... ok
{1} tempest.api.volume.test_volumes_negative.VolumesNegativeTest.test_volume_extend_with_nonexistent_volume_id [0.031056s] ... ok
{1} tempest.api.volume.test_volumes_negative.VolumesNegativeTest.test_volume_extend_with_size_smaller_than_original_size [0.017519s] ... ok
{1} tempest.api.volume.test_volumes_negative.VolumesNegativeTest.test_volume_extend_without_passing_volume_id [0.030874s] ... ok
{1} tempest.api.volume.test_volumes_negative.VolumesNegativeTest.test_volume_get_nonexistent_volume_id [0.027664s] ... ok
{1} setUpClass (tempest.api.volume.test_volumes_snapshots.VolumesSnapshotTestJSON) ... SKIPPED: VolumesSnapshotTestJSON skipped as Neutron is not available
{0} tempest.api.volume.test_volumes_snapshots_list.VolumesSnapshotListTestJSON.test_snapshot_list_param_limit [0.031793s] ... ok
{0} tempest.api.volume.test_volumes_snapshots_list.VolumesSnapshotListTestJSON.test_snapshot_list_param_limit_equals_infinite [0.063534s] ... ok
{0} tempest.api.volume.test_volumes_snapshots_list.VolumesSnapshotListTestJSON.test_snapshot_list_param_limit_equals_zero [0.029653s] ... ok
{0} tempest.api.volume.test_volumes_snapshots_list.VolumesSnapshotListTestJSON.test_snapshot_list_param_marker [0.071966s] ... ok
{0} tempest.api.volume.test_volumes_snapshots_list.VolumesSnapshotListTestJSON.test_snapshot_list_param_offset [0.030060s] ... ok
{0} tempest.api.volume.test_volumes_snapshots_list.VolumesSnapshotListTestJSON.test_snapshot_list_param_sort_created_at_asc [0.032089s] ... ok
{0} tempest.api.volume.test_volumes_snapshots_list.VolumesSnapshotListTestJSON.test_snapshot_list_param_sort_created_at_desc [0.033339s] ... ok
{0} tempest.api.volume.test_volumes_snapshots_list.VolumesSnapshotListTestJSON.test_snapshot_list_param_sort_id_asc [0.032049s] ... ok
{0} tempest.api.volume.test_volumes_snapshots_list.VolumesSnapshotListTestJSON.test_snapshot_list_param_sort_id_desc [0.031193s] ... ok
{0} tempest.api.volume.test_volumes_snapshots_list.VolumesSnapshotListTestJSON.test_snapshot_list_param_sort_name_asc [0.033943s] ... ok
{0} tempest.api.volume.test_volumes_snapshots_list.VolumesSnapshotListTestJSON.test_snapshot_list_param_sort_name_desc [0.031721s] ... ok
{0} tempest.api.volume.test_volumes_snapshots_list.VolumesSnapshotListTestJSON.test_snapshots_list_details_with_params [0.097935s] ... ok
{0} tempest.api.volume.test_volumes_snapshots_list.VolumesSnapshotListTestJSON.test_snapshots_list_with_params [0.092488s] ... ok

==============================
Failed 1 tests - output below:
==============================

tempest.api.volume.test_volumes_negative.VolumesNegativeTest.test_attach_volumes_with_nonexistent_volume_id[compute,id-f5e56b0a-5d02-43c1-a2a7-c9b792c2e3f6,negative]
---------------------------------------------------------------------------------------------------------------------------------------------------------------------

Captured traceback:
~~~~~~~~~~~~~~~~~~~
    Traceback (most recent call last):

      File "/usr/local/lib/python3.10/dist-packages/tempest/common/utils/__init__.py", line 70, in wrapper
    return f(*func_args, **func_kwargs)

      File "/usr/local/lib/python3.10/dist-packages/tempest/api/volume/test_volumes_negative.py", line 188, in test_attach_volumes_with_nonexistent_volume_id
    server = self.create_server()

      File "/usr/local/lib/python3.10/dist-packages/tempest/api/volume/base.py", line 270, in create_server
    body, _ = compute.create_test_server(

      File "/usr/local/lib/python3.10/dist-packages/tempest/common/compute.py", line 340, in create_test_server
    with excutils.save_and_reraise_exception():

      File "/usr/local/lib/python3.10/dist-packages/oslo_utils/excutils.py", line 227, in __exit__
    self.force_reraise()

      File "/usr/local/lib/python3.10/dist-packages/oslo_utils/excutils.py", line 200, in force_reraise
    raise self.value

      File "/usr/local/lib/python3.10/dist-packages/tempest/common/compute.py", line 323, in create_test_server
    server = waiters.wait_for_server_status(

      File "/usr/local/lib/python3.10/dist-packages/tempest/common/waiters.py", line 80, in wait_for_server_status
    raise exceptions.BuildErrorException(details, server_id=server_id)

    tempest.exceptions.BuildErrorException: Server 3dff2a64-84dc-412b-996d-03c08f9bc469 failed to build and is in ERROR status
Details: Fault: {'code': 500, 'created': '2024-06-10T06:13:11Z', 'message': 'Build of instance 3dff2a64-84dc-412b-996d-03c08f9bc469 aborted: Failure prepping block device.', 'details': 'Traceback (most recent call last):\n  File "/var/lib/kolla/venv/lib/python3.10/site-packages/nova/compute/manager.py", line 2863, in _build_resources\n    self._default_block_device_names(instance, image_meta,\n  File "/var/lib/kolla/venv/lib/python3.10/site-packages/nova/compute/manager.py", line 2176, in _default_block_device_names\n    self._default_device_names_for_instance(instance,\n  File "/var/lib/kolla/venv/lib/python3.10/site-packages/nova/compute/manager.py", line 2095, in _default_device_names_for_instance\n    self.driver.default_device_names_for_instance(instance,\n  File "/var/lib/kolla/venv/lib/python3.10/site-packages/nova/virt/libvirt/driver.py", line 13163, in default_device_names_for_instance\n    block_device_info = driver.get_block_device_info(instance,\n  File "/var/lib/kolla/venv/lib/python3.10/site-packages/nova/virt/driver.py", line 61, in get_block_device_info\n    \'image\': virt_block_device.convert_local_images(\n  File "/var/lib/kolla/venv/lib/python3.10/site-packages/nova/virt/block_device.py", line 887, in _convert_block_devices\n    devices.append(device_type(bdm))\n  File "/var/lib/kolla/venv/lib/python3.10/site-packages/nova/virt/block_device.py", line 123, in __init__\n    self._transform()\n  File "/var/lib/kolla/venv/lib/python3.10/site-packages/nova/virt/block_device.py", line 297, in _transform\n    \'encryption_details\': self._bdm_obj.encryption_details\n  File "/var/lib/kolla/venv/lib/python3.10/site-packages/oslo_versionedobjects/base.py", line 67, in getter\n    self.obj_load_attr(name)\n  File "/var/lib/kolla/venv/lib/python3.10/site-packages/nova/objects/base.py", line 120, in wrapper\n    return fn(self, attrname)\n  File "/var/lib/kolla/venv/lib/python3.10/site-packages/nova/objects/block_device.py", line 383, in obj_load_attr\n    raise exception.ObjectActionError(\nnova.exception.ObjectActionError: Object action obj_load_attr failed because: attribute encryption_details not lazy-loadable\n\nDuring handling of the above exception, another exception occurred:\n\nTraceback (most recent call last):\n  File "/var/lib/kolla/venv/lib/python3.10/site-packages/nova/compute/manager.py", line 2457, in _do_build_and_run_instance\n    self._build_and_run_instance(context, instance, image,\n  File "/var/lib/kolla/venv/lib/python3.10/site-packages/nova/compute/manager.py", line 2670, in _build_and_run_instance\n    with excutils.save_and_reraise_exception():\n  File "/var/lib/kolla/venv/lib/python3.10/site-packages/oslo_utils/excutils.py", line 227, in __exit__\n    self.force_reraise()\n  File "/var/lib/kolla/venv/lib/python3.10/site-packages/oslo_utils/excutils.py", line 200, in force_reraise\n    raise self.value\n  File "/var/lib/kolla/venv/lib/python3.10/site-packages/nova/compute/manager.py", line 2625, in _build_and_run_instance\n    with self._build_resources(context, instance,\n  File "/usr/lib/python3.10/contextlib.py", line 135, in __enter__\n    return next(self.gen)\n  File "/var/lib/kolla/venv/lib/python3.10/site-packages/nova/compute/manager.py", line 2891, in _build_resources\n    raise exception.BuildAbortException(instance_uuid=instance.uuid,\nnova.exception.BuildAbortException: Build of instance 3dff2a64-84dc-412b-996d-03c08f9bc469 aborted: Failure prepping block device.\n'}. Request ID of server operation performed before checking the server status req-408b5afe-6326-4b2d-a0b0-fb88a3267f7e.


Captured pythonlogging:
~~~~~~~~~~~~~~~~~~~~~~~
    2024-06-10 06:13:05,506 21620 INFO     [tempest.lib.common.rest_client] Request (VolumesNegativeTest:test_attach_volumes_with_nonexistent_volume_id): 201 POST http://controller:5000/v3/auth/tokens 0.644s
2024-06-10 06:13:05,507 21620 DEBUG    [tempest.lib.common.rest_client] Request - Headers: {'Content-Type': 'application/json', 'Accept': 'application/json'}
        Body: <omitted>
    Response - Headers: {'date': 'Mon, 10 Jun 2024 06:13:04 GMT', 'server': 'Apache', 'content-length': '3315', 'x-subject-token': '<omitted>', 'vary': 'X-Auth-Token', 'x-openstack-request-id': 'req-7af58e96-7ac2-40d6-bba6-4370d4c40df5', 'connection': 'close', 'content-type': 'application/json', 'status': '201', 'content-location': 'http://controller:5000/v3/auth/tokens'}
        Body: b'{"token": {"methods": ["password"], "user": {"domain": {"id": "default", "name": "Default"}, "id": "9a7795b9a42c47b596c858515d401264", "name": "tempest-VolumesNegativeTest-69499072-project-member", "password_expires_at": null}, "audit_ids": ["Rkw5SBSMThuOt9BdwdxOzw"], "expires_at": "2024-06-11T06:13:05.000000Z", "issued_at": "2024-06-10T06:13:05.000000Z", "project": {"domain": {"id": "default", "name": "Default"}, "id": "7f88ffcdf41748278da30d49af507912", "name": "tempest-VolumesNegativeTest-69499072"}, "is_domain": false, "roles": [{"id": "a4abfcc098c84e80b9f74392bf18365a", "name": "manager"}, {"id": "ab3a0f28d13544beafe422c9a65edcb5", "name": "admin"}, {"id": "b0f479c4cd354db7bd8e89db4e9f46ee", "name": "reader"}, {"id": "659f402291c342c1806564311d1275f0", "name": "member"}], "catalog": [{"endpoints": [{"id": "739504e9a0114bbb8977cbef466e8c21", "interface": "internal", "region_id": "RegionOne", "url": "http://[LB_IP_ADDRESS]:8774/v2.1", "region": "RegionOne"}, {"id": "f6969022f167421d9db74a0998202ff5", "interface": "public", "region_id": "RegionOne", "url": "http://[LB_IP_ADDRESS]:8774/v2.1", "region": "RegionOne"}], "id": "44a0959127c3454e9786c5749fe1577f", "type": "compute", "name": "nova"}, {"endpoints": [{"id": "108a5ebb729844a5b0d1c50084749a1f", "interface": "internal", "region_id": "RegionOne", "url": "http://[LB_IP_ADDRESS]:8776/v3/7f88ffcdf41748278da30d49af507912", "region": "RegionOne"}, {"id": "dba6d13e0e7346c0a8ac169a37748b73", "interface": "public", "region_id": "RegionOne", "url": "http://[LB_IP_ADDRESS]:8776/v3/7f88ffcdf41748278da30d49af507912", "region": "RegionOne"}], "id": "7652603d88034d12a50c180163a105c9", "type": "volumev3", "name": "cinderv3"}, {"endpoints": [{"id": "1fe7141eb3cf4522bf5e904c3dd99e79", "interface": "public", "region_id": "RegionOne", "url": "http://[LB_IP_ADDRESS]:8780", "region": "RegionOne"}, {"id": "cb27d090350745998c239682bf56e2d0", "interface": "internal", "region_id": "RegionOne", "url": "http://[LB_IP_ADDRESS]:8780", "region": "RegionOne"}], "id": "9ebdc30da43944179e332b2df82472de", "type": "placement", "name": "placement"}, {"endpoints": [{"id": "50fa47348d40459f890b2403f74ce00d", "interface": "public", "region_id": "RegionOne", "url": "http://[LB_IP_ADDRESS]:9292", "region": "RegionOne"}, {"id": "8077848c7d8146c2872cd140dafd0e80", "interface": "internal", "region_id": "RegionOne", "url": "http://[LB_IP_ADDRESS]:9292", "region": "RegionOne"}], "id": "ad2631768f6c43d1925be888fe0e299b", "type": "image", "name": "glance"}, {"endpoints": [{"id": "a9072db44187495da1bbd2d9c13151f5", "interface": "internal", "region_id": "RegionOne", "url": "http://[LB_IP_ADDRESS]:5000", "region": "RegionOne"}, {"id": "fa36cbf491b84186840fbde4a043e583", "interface": "public", "region_id": "RegionOne", "url": "http://[LB_IP_ADDRESS]:5000", "region": "RegionOne"}], "id": "e33b9b697b9c47afb9f1c5f1ff34ead3", "type": "identity", "name": "keystone"}, {"endpoints": [{"id": "27419cef3948487a8bd95c468cedbcb8", "interface": "public", "region_id": "RegionOne", "url": "http://[LB_IP_ADDRESS]:9696", "region": "RegionOne"}, {"id": "9624f9cd6e7e4c6894476967f489f70c", "interface": "internal", "region_id": "RegionOne", "url": "http://[LB_IP_ADDRESS]:9696", "region": "RegionOne"}], "id": "e6049fa520674bf5b7fe9f64cbfc6d75", "type": "network", "name": "neutron"}]}}'
20
    24-06-10 06:13:05,507 21620 DEBUG    [tempest.lib.common.dynamic_creds] Creating new dynamic creds for scope: None and credential_type: admin
2024-06-10 06:13:05,633 21620 INFO     [tempest.lib.common.rest_client] Request (VolumesNegativeTest:test_attach_volumes_with_nonexistent_volume_id): 201 POST http://[LB_IP_ADDRESS]:5000/v3/projects 0.125s
2024-06-10 06:13:05,633 21620 DEBUG    [tempest.lib.common.rest_client] Request - Headers: {'Content-Type': 'application/json', 'Accept': 'application/json', 'X-Auth-Token': '<omitted>'}
        Body: {"project": {"description": "tempest-VolumesNegativeTest-1039796657-desc", "domain_id": "default", "name": "tempest-VolumesNegativeTest-1039796657"}}
    Response - Headers: {'date': 'Mon, 10 Jun 2024 06:13:05 GMT', 'server': 'Apache', 'content-length': '374', 'vary': 'X-Auth-Token', 'x-openstack-request-id': 'req-25e7c491-22de-4d2e-954b-aeefd96a423e', 'connection': 'close', 'content-type': 'application/json', 'status': '201', 'content-location': 'http://[LB_IP_ADDRESS]:5000/v3/projects'}
        Body: b'{"project": {"id": "60cbd36dbd7c4bc9957d255664bc5acf", "name": "tempest-VolumesNegativeTest-1039796657", "domain_id": "default", "description": "tempest-VolumesNegativeTest-1039796657-desc", "enabled": true, "parent_id": "default", "is_domain": false, "tags": [], "options": {}, "links": {"self": "http://[LB_IP_ADDRESS]:5000/v3/projects/60cbd36dbd7c4bc9957d255664bc5acf"}}}\n'
2024-06-10 06:13:06,259 21620 INFO     [tempest.lib.common.rest_client] Request (VolumesNegativeTest:test_attach_volumes_with_nonexistent_volume_id): 201 POST http://[LB_IP_ADDRESS]:5000/v3/users 0.625s
2024-06-10 06:13:06,259 21620 DEBUG    [tempest.lib.common.rest_client] Request - Headers: {'Content-Type': 'application/json', 'Accept': 'application/json', 'X-Auth-Token': '<omitted>'}
        Body: {"user": {"name": "tempest-VolumesNegativeTest-1039796657-project-admin", "password": "N3&oIyN#o@!F_FM", "domain_id": "default"}}
    Response - Headers: {'date': 'Mon, 10 Jun 2024 06:13:05 GMT', 'server': 'Apache', 'content-length': '293', 'vary': 'X-Auth-Token', 'x-openstack-request-id': 'req-36944467-0ba8-4cc3-a225-02a18dc9e1aa', 'connection': 'close', 'content-type': 'application/json', 'status': '201', 'content-location': 'http://[LB_IP_ADDRESS]:5000/v3/users'}
        Body: b'{"user": {"id": "23992527c3ea4d049221f6546ae573d2", "name": "tempest-VolumesNegativeTest-1039796657-project-admin", "domain_id": "default", "enabled": true, "password_expires_at": null, "options": {}, "links": {"self": "http://[LB_IP_ADDRESS]:5000/v3/users/23992527c3ea4d049221f6546ae573d2"}}}\n'
2024-06-10 06:13:06,296 21620 INFO     [tempest.lib.common.rest_client] Request (VolumesNegativeTest:test_attach_volumes_with_nonexistent_volume_id): 200 GET http://[LB_IP_ADDRESS]:5000/v3/roles 0.036s
2024-06-10 06:13:06,296 21620 DEBUG    [tempest.lib.common.rest_client] Request - Headers: {'Content-Type': 'application/json', 'Accept': 'application/json', 'X-Auth-Token': '<omitted>'}
        Body: None
    Response - Headers: {'date': 'Mon, 10 Jun 2024 06:13:06 GMT', 'server': 'Apache', 'content-length': '1438', 'vary': 'X-Auth-Token', 'x-openstack-request-id': 'req-d7153fcd-c303-4678-b12c-2e4ffd08d89a', 'connection': 'close', 'content-type': 'application/json', 'status': '200', 'content-location': 'http://[LB_IP_ADDRESS]:5000/v3/roles'}
        Body: b'{"roles": [{"id": "659f402291c342c1806564311d1275f0", "name": "member", "domain_id": null, "description": null, "options": {"immutable": true}, "links": {"self": "http://[LB_IP_ADDRESS]:5000/v3/roles/659f402291c342c1806564311d1275f0"}}, {"id": "a4abfcc098c84e80b9f74392bf18365a", "name": "manager", "domain_id": null, "description": null, "options": {"immutable": true}, "links": {"self": "http://[LB_IP_ADDRESS]:5000/v3/roles/a4abfcc098c84e80b9f74392bf18365a"}}, {"id": "ab3a0f28d13544beafe422c9a65edcb5", "name": "admin", "domain_id": null, "description": null, "options": {"immutable": true}, "links": {"self": "http://[LB_IP_ADDRESS]:5000/v3/roles/ab3a0f28d13544beafe422c9a65edcb5"}}, {"id": "b0f479c4cd354db7bd8
    e89db4e9f46ee", "name": "reader", "domain_id": null, "description": null, "options": {"immutable": true}, "links": {"self": "http://[LB_IP_ADDRESS]:5000/v3/roles/b0f479c4cd354db7bd8e89db4e9f46ee"}}, {"id": "bf1368997cb84a39a79ed2cbae917939", "name": "service", "domain_id": null, "description": null, "options": {"immutable": true}, "links": {"self": "http://[LB_IP_ADDRESS]:5000/v3/roles/bf1368997cb84a39a79ed2cbae917939"}}, {"id": "f82a2d99fd5d4767b3af21bd9526d3d8", "name": "_member_", "domain_id": null, "description": null, "options": {}, "links": {"self": "http://[LB_IP_ADDRESS]:5000/v3/roles/f82a2d99fd5d4767b3af21bd9526d3d8"}}], "links": {"next": null, "self": "http://[LB_IP_ADDRESS]:5000/v3/roles", "previous": null}}\n'
2024-06-10 06:13:06,413 21620 INFO     [tempest.lib.common.rest_client] Request (VolumesNegativeTest:test_attach_volumes_with_nonexistent_volume_id): 204 PUT http://[LB_IP_ADDRESS]:5000/v3/projects/60cbd36dbd7c4bc9957d255664bc5acf/users/23992527c3ea4d049221f6546ae573d2/roles/ab3a0f28d13544beafe422c9a65edcb5 0.116s
2024-06-10 06:13:06,413 21620 DEBUG    [tempest.lib.common.rest_client] Request - Headers: {'Content-Type': 'application/json', 'Accept': 'application/json', 'X-Auth-Token': '<omitted>'}
        Body: None
    Response - Headers: {'date': 'Mon, 10 Jun 2024 06:13:06 GMT', 'server': 'Apache', 'vary': 'X-Auth-Token', 'x-openstack-request-id': 'req-51b24967-76f1-47b8-b535-99a2e96b73f1', 'connection': 'close', 'status': '204', 'content-location': 'http://[LB_IP_ADDRESS]:5000/v3/projects/60cbd36dbd7c4bc9957d255664bc5acf/users/23992527c3ea4d049221f6546ae573d2/roles/ab3a0f28d13544beafe422c9a65edcb5'}
        Body: b''
2024-06-10 06:13:06,507 21620 INFO     [tempest.lib.common.rest_client] Request (VolumesNegativeTest:test_attach_volumes_with_nonexistent_volume_id): 200 GET http://[LB_IP_ADDRESS]:5000/v3/roles 0.093s
2024-06-10 06:13:06,507 21620 DEBUG    [tempest.lib.common.rest_client] Request - Headers: {'Content-Type': 'application/json', 'Accept': 'application/json', 'X-Auth-Token': '<omitted>'}
        Body: None
    Response - Headers: {'date': 'Mon, 10 Jun 2024 06:13:06 GMT', 'server': 'Apache', 'content-length': '1438', 'vary': 'X-Auth-Token', 'x-openstack-request-id': 'req-e07ed57b-2845-4686-99e7-cd72a8ae25bd', 'connection': 'close', 'content-type': 'application/json', 'status': '200', 'content-location': 'http://[LB_IP_ADDRESS]:5000/v3/roles'}
        Body: b'{"roles": [{"id": "659f402291c342c1806564311d1275f0", "name": "member", "domain_id": null, "description": null, "options": {"immutable": true}, "links": {"self": "http://[LB_IP_ADDRESS]:5000/v3/roles/659f402291c342c1806564311d1275f0"}}, {"id": "a4abfcc098c84e80b9f74392bf18365a", "name": "manager", "domain_id": null, "description": null, "options": {"immutable": true}, "links": {"self": "http://[LB_IP_ADDRESS]:5000/v3/roles/a4abfcc098c84e80b9f74392bf18365a"}}, {"id": "ab3a0f28d13544beafe422c9a65edcb5", "name": "admin", "domain_id": null, "description": null, "options": {"immutable": true}, "links": {"self": "http://[LB_IP_ADDRESS]:5000/v3/roles/ab3a0f28d13544beafe422c9a65edcb5"}}, {"id": "b0f479c4cd354db7bd8e89db4e9f46ee", "name": "reader", "domain_id": null, "description": null, "options": {"immutable": true}, "links": {"self": "http://[LB_IP_ADDRESS]:5000/v3/roles/b0f479c4cd354db7bd8e89db4e9f46ee"}}, {"id": "bf1368997cb84a39a79ed2cbae917939", "name": "service", "domain_id": null, "description": null, "options": {"immutable": true}, "links": {"self": "http://[LB_IP_ADDRESS]:5000/v3/roles/bf1368997cb84a39a79ed2cbae917939"}}, {"id": "f82a2d99fd5d4767b3af21bd9526d3d8", "name": "_member_", "domain_id": null, "description": null, "options": {}, "links": {"self": "http://[LB_IP_ADDRESS]:5000/v3/roles/f82a2d99fd5d4767b3af21bd9526d3d8"}}], "links": {"next": null, "self": "http://[LB_IP_ADDRESS]:5000/v3/roles", "previous": null}}\n'
2024-06-10 06:13:06,542 21620 INFO     [tempest.lib.common.rest_client] Request (VolumesNegativeTest:test_attach_volumes_with_nonexistent_volume_id): 204 PUT http://[LB_IP_ADDRESS]:5000/v3/domains/default/users/23992527c3ea4d049221f
    6546ae573d2/roles/ab3a0f28d13544beafe422c9a65edcb5 0.034s
2024-06-10 06:13:06,542 21620 DEBUG    [tempest.lib.common.rest_client] Request - Headers: {'Content-Type': 'application/json', 'Accept': 'application/json', 'X-Auth-Token': '<omitted>'}
        Body: None
    Response - Headers: {'date': 'Mon, 10 Jun 2024 06:13:06 GMT', 'server': 'Apache', 'vary': 'X-Auth-Token', 'x-openstack-request-id': 'req-5f10c377-d3fb-4066-8ba8-4dd405a2bfff', 'connection': 'close', 'status': '204', 'content-location': 'http://[LB_IP_ADDRESS]:5000/v3/domains/default/users/23992527c3ea4d049221f6546ae573d2/roles/ab3a0f28d13544beafe422c9a65edcb5'}
        Body: b''
2024-06-10 06:13:06,641 21620 INFO     [tempest.lib.common.rest_client] Request (VolumesNegativeTest:test_attach_volumes_with_nonexistent_volume_id): 200 GET http://[LB_IP_ADDRESS]:5000/v3/roles 0.098s
2024-06-10 06:13:06,641 21620 DEBUG    [tempest.lib.common.rest_client] Request - Headers: {'Content-Type': 'application/json', 'Accept': 'application/json', 'X-Auth-Token': '<omitted>'}
        Body: None
    Response - Headers: {'date': 'Mon, 10 Jun 2024 06:13:06 GMT', 'server': 'Apache', 'content-length': '1438', 'vary': 'X-Auth-Token', 'x-openstack-request-id': 'req-19f15182-0ab7-4297-9d33-9635c51747b8', 'connection': 'close', 'content-type': 'application/json', 'status': '200', 'content-location': 'http://[LB_IP_ADDRESS]:5000/v3/roles'}
        Body: b'{"roles": [{"id": "659f402291c342c1806564311d1275f0", "name": "member", "domain_id": null, "description": null, "options": {"immutable": true}, "links": {"self": "http://[LB_IP_ADDRESS]:5000/v3/roles/659f402291c342c1806564311d1275f0"}}, {"id": "a4abfcc098c84e80b9f74392bf18365a", "name": "manager", "domain_id": null, "description": null, "options": {"immutable": true}, "links": {"self": "http://[LB_IP_ADDRESS]:5000/v3/roles/a4abfcc098c84e80b9f74392bf18365a"}}, {"id": "ab3a0f28d13544beafe422c9a65edcb5", "name": "admin", "domain_id": null, "description": null, "options": {"immutable": true}, "links": {"self": "http://[LB_IP_ADDRESS]:5000/v3/roles/ab3a0f28d13544beafe422c9a65edcb5"}}, {"id": "b0f479c4cd354db7bd8e89db4e9f46ee", "name": "reader", "domain_id": null, "description": null, "options": {"immutable": true}, "links": {"self": "http://[LB_IP_ADDRESS]:5000/v3/roles/b0f479c4cd354db7bd8e89db4e9f46ee"}}, {"id": "bf1368997cb84a39a79ed2cbae917939", "name": "service", "domain_id": null, "description": null, "options": {"immutable": true}, "links": {"self": "http://[LB_IP_ADDRESS]:5000/v3/roles/bf1368997cb84a39a79ed2cbae917939"}}, {"id": "f82a2d99fd5d4767b3af21bd9526d3d8", "name": "_member_", "domain_id": null, "description": null, "options": {}, "links": {"self": "http://[LB_IP_ADDRESS]:5000/v3/roles/f82a2d99fd5d4767b3af21bd9526d3d8"}}], "links": {"next": null, "self": "http://[LB_IP_ADDRESS]:5000/v3/roles", "previous": null}}\n'
2024-06-10 06:13:06,675 21620 INFO     [tempest.lib.common.rest_client] Request (VolumesNegativeTest:test_attach_volumes_with_nonexistent_volume_id): 204 PUT http://[LB_IP_ADDRESS]:5000/v3/projects/60cbd36dbd7c4bc9957d255664bc5acf/users/23992527c3ea4d049221f6546ae573d2/roles/ab3a0f28d13544beafe422c9a65edcb5 0.033s
2024-06-10 06:13:06,676 21620 DEBUG    [tempest.lib.common.rest_client] Request - Headers: {'Content-Type': 'application/json', 'Accept': 'application/json', 'X-Auth-Token': '<omitted>'}
        Body: None
    Response - Headers: {'date': 'Mon, 10 Jun 2024 06:13:06 GMT', 'server': 'Apache', 'vary': 'X-Auth-Token', 'x-openstack-request-id': 'req-6bea9efb-d4b9-406b-a057-7768334b61c0', 'connection': 'close', 'status': '204', 'content-location': 'http://[LB_IP_ADDRESS]:5000/v3/projects/60cbd36dbd7c4bc9957d255664bc5acf/users/23992527c3ea4d049221f6546ae573d2/roles/ab3a0f28d13544beafe422c9a65edcb5'}
        Body: b''
2024-06-10 06:13:06,771 21620 INFO     [tempest.lib.common.rest_client] Request (VolumesNegativeTest:test_attach_volumes_with_nonexistent_volume_id): 200 GET http://[LB_IP_ADDRESS]:5000/v3/roles 0.095s
2024-06-10 06:13:06,772 21620 DEBUG    [tempest.lib.common.rest_client] Request - Headers: {'Content-Type': '
    application/json', 'Accept': 'application/json', 'X-Auth-Token': '<omitted>'}
        Body: None
    Response - Headers: {'date': 'Mon, 10 Jun 2024 06:13:06 GMT', 'server': 'Apache', 'content-length': '1438', 'vary': 'X-Auth-Token', 'x-openstack-request-id': 'req-a55defeb-0405-4701-b0f5-12cd16590e5e', 'connection': 'close', 'content-type': 'application/json', 'status': '200', 'content-location': 'http://[LB_IP_ADDRESS]:5000/v3/roles'}
        Body: b'{"roles": [{"id": "659f402291c342c1806564311d1275f0", "name": "member", "domain_id": null, "description": null, "options": {"immutable": true}, "links": {"self": "http://[LB_IP_ADDRESS]:5000/v3/roles/659f402291c342c1806564311d1275f0"}}, {"id": "a4abfcc098c84e80b9f74392bf18365a", "name": "manager", "domain_id": null, "description": null, "options": {"immutable": true}, "links": {"self": "http://[LB_IP_ADDRESS]:5000/v3/roles/a4abfcc098c84e80b9f74392bf18365a"}}, {"id": "ab3a0f28d13544beafe422c9a65edcb5", "name": "admin", "domain_id": null, "description": null, "options": {"immutable": true}, "links": {"self": "http://[LB_IP_ADDRESS]:5000/v3/roles/ab3a0f28d13544beafe422c9a65edcb5"}}, {"id": "b0f479c4cd354db7bd8e89db4e9f46ee", "name": "reader", "domain_id": null, "description": null, "options": {"immutable": true}, "links": {"self": "http://[LB_IP_ADDRESS]:5000/v3/roles/b0f479c4cd354db7bd8e89db4e9f46ee"}}, {"id": "bf1368997cb84a39a79ed2cbae917939", "name": "service", "domain_id": null, "description": null, "options": {"immutable": true}, "links": {"self": "http://[LB_IP_ADDRESS]:5000/v3/roles/bf1368997cb84a39a79ed2cbae917939"}}, {"id": "f82a2d99fd5d4767b3af21bd9526d3d8", "name": "_member_", "domain_id": null, "description": null, "options": {}, "links": {"self": "http://[LB_IP_ADDRESS]:5000/v3/roles/f82a2d99fd5d4767b3af21bd9526d3d8"}}], "links": {"next": null, "self": "http://[LB_IP_ADDRESS]:5000/v3/roles", "previous": null}}\n'
2024-06-10 06:13:06,813 21620 INFO     [tempest.lib.common.rest_client] Request (VolumesNegativeTest:test_attach_volumes_with_nonexistent_volume_id): 204 PUT http://[LB_IP_ADDRESS]:5000/v3/projects/60cbd36dbd7c4bc9957d255664bc5acf/users/23992527c3ea4d049221f6546ae573d2/roles/ab3a0f28d13544beafe422c9a65edcb5 0.040s
2024-06-10 06:13:06,813 21620 DEBUG    [tempest.lib.common.rest_client] Request - Headers: {'Content-Type': 'application/json', 'Accept': 'application/json', 'X-Auth-Token': '<omitted>'}
        Body: None
    Response - Headers: {'date': 'Mon, 10 Jun 2024 06:13:06 GMT', 'server': 'Apache', 'vary': 'X-Auth-Token', 'x-openstack-request-id': 'req-0c5061df-0a4f-406d-8ddf-2ce812b6fd39', 'connection': 'close', 'status': '204', 'content-location': 'http://[LB_IP_ADDRESS]:5000/v3/projects/60cbd36dbd7c4bc9957d255664bc5acf/users/23992527c3ea4d049221f6546ae573d2/roles/ab3a0f28d13544beafe422c9a65edcb5'}
        Body: b''
2024-06-10 06:13:06,813 21620 INFO     [tempest.lib.common.dynamic_creds] Dynamic test user 23992527c3ea4d049221f6546ae573d2 is created with scope project and roles: ['admin', 'admin']
2024-06-10 06:13:06,814 21620 INFO     [tempest.lib.common.dynamic_creds] Acquired dynamic creds:
 credentials: Credentials: {'domain_id': 'default', 'domain_name': 'Default', 'username': 'tempest-VolumesNegativeTest-1039796657-project-admin', 'project_domain_id': 'default', 'project_domain_name': 'Default', 'project_id': '60cbd36dbd7c4bc9957d255664bc5acf', 'project_name': 'tempest-VolumesNegativeTest-1039796657', 'tenant_id': '60cbd36dbd7c4bc9957d255664bc5acf', 'tenant_name': 'tempest-VolumesNegativeTest-1039796657', 'user_domain_id': 'default', 'user_domain_name': 'Default', 'user_id': '23992527c3ea4d049221f6546ae573d2', 'system': None}, Network: None, Subnet: None, Router: None
2024-06-10 06:13:06,820 21620 INFO     [tempest.lib.common.fixed_network] (VolumesNegativeTest:test_attach_volumes_with_nonexistent_volume_id) Found network None available for tenant
2024-06-10 06:13:07,119 21620 INFO     [tempest.lib.common.rest_client] Request (VolumesNegativeTest:test_attach_volumes_with_nonexistent_volume_id): 202 POST http://[LB_IP_ADDRESS]:8774/v2.1/servers 0.298s
2024-
    06-10 06:13:07,119 21620 DEBUG    [tempest.lib.common.rest_client] Request - Headers: {'Content-Type': 'application/json', 'Accept': 'application/json', 'X-Auth-Token': '<omitted>'}
        Body: {"server": {"name": "tempest-VolumesNegativeTest-instance-783446972", "imageRef": "90fe7e6d-5185-4cd1-b128-6c126844d9da", "flavorRef": "0"}}
    Response - Headers: {'date': 'Mon, 10 Jun 2024 06:13:06 GMT', 'server': 'Apache/2.4.52 (Ubuntu)', 'content-length': '380', 'location': 'http://[LB_IP_ADDRESS]:8774/v2.1/servers/3dff2a64-84dc-412b-996d-03c08f9bc469', 'openstack-api-version': 'compute 2.1', 'x-openstack-nova-api-version': '2.1', 'vary': 'OpenStack-API-Version,X-OpenStack-Nova-API-Version', 'x-openstack-request-id': 'req-408b5afe-6326-4b2d-a0b0-fb88a3267f7e', 'x-compute-request-id': 'req-408b5afe-6326-4b2d-a0b0-fb88a3267f7e', 'connection': 'close', 'content-type': 'application/json', 'status': '202', 'content-location': 'http://[LB_IP_ADDRESS]:8774/v2.1/servers'}
        Body: b'{"server": {"id": "3dff2a64-84dc-412b-996d-03c08f9bc469", "links": [{"rel": "self", "href": "http://[LB_IP_ADDRESS]:8774/v2.1/servers/3dff2a64-84dc-412b-996d-03c08f9bc469"}, {"rel": "bookmark", "href": "http://[LB_IP_ADDRESS]:8774/servers/3dff2a64-84dc-412b-996d-03c08f9bc469"}], "OS-DCF:diskConfig": "MANUAL", "security_groups": [{"name": "default"}], "adminPass": "vUp6ubm6nLUS"}}'
2024-06-10 06:13:07,211 21620 INFO     [tempest.lib.common.rest_client] Request (VolumesNegativeTest:test_attach_volumes_with_nonexistent_volume_id): 200 GET http://[LB_IP_ADDRESS]:8774/v2.1/servers/3dff2a64-84dc-412b-996d-03c08f9bc469 0.088s
2024-06-10 06:13:07,212 21620 DEBUG    [tempest.lib.common.rest_client] Request - Headers: {'Content-Type': 'application/json', 'Accept': 'application/json', 'X-Auth-Token': '<omitted>'}
        Body: None
    Response - Headers: {'date': 'Mon, 10 Jun 2024 06:13:07 GMT', 'server': 'Apache/2.4.52 (Ubuntu)', 'content-length': '1322', 'openstack-api-version': 'compute 2.1', 'x-openstack-nova-api-version': '2.1', 'vary': 'OpenStack-API-Version,X-OpenStack-Nova-API-Version', 'x-openstack-request-id': 'req-1e7215f7-720a-4496-97b3-83635c3a6cb2', 'x-compute-request-id': 'req-1e7215f7-720a-4496-97b3-83635c3a6cb2', 'connection': 'close', 'content-type': 'application/json', 'status': '200', 'content-location': 'http://[LB_IP_ADDRESS]:8774/v2.1/servers/3dff2a64-84dc-412b-996d-03c08f9bc469'}
        Body: b'{"server": {"id": "3dff2a64-84dc-412b-996d-03c08f9bc469", "name": "tempest-VolumesNegativeTest-instance-783446972", "status": "BUILD", "tenant_id": "7f88ffcdf41748278da30d49af507912", "user_id": "9a7795b9a42c47b596c858515d401264", "metadata": {}, "hostId": "", "image": {"id": "90fe7e6d-5185-4cd1-b128-6c126844d9da", "links": [{"rel": "bookmark", "href": "http://[LB_IP_ADDRESS]:8774/images/90fe7e6d-5185-4cd1-b128-6c126844d9da"}]}, "flavor": {"id": "0", "links": [{"rel": "bookmark", "href": "http://[LB_IP_ADDRESS]:8774/flavors/0"}]}, "created": "2024-06-10T06:13:07Z", "updated": "2024-06-10T06:13:07Z", "addresses": {}, "accessIPv4": "", "accessIPv6": "", "links": [{"rel": "self", "href": "http://[LB_IP_ADDRESS]:8774/v2.1/servers/3dff2a64-84dc-412b-996d-03c08f9bc469"}, {"rel": "bookmark", "href": "http://[LB_IP_ADDRESS]:8774/servers/3dff2a64-84dc-412b-996d-03c08f9bc469"}], "OS-DCF:diskConfig": "MANUAL", "progress": 0, "OS-EXT-AZ:availability_zone": "", "config_drive": "", "key_name": null, "OS-SRV-USG:launched_at": null, "OS-SRV-USG:terminated_at": null, "OS-EXT-SRV-ATTR:host": null, "OS-EXT-SRV-ATTR:instance_name": "", "OS-EXT-SRV-ATTR:hypervisor_hostname": null, "OS-EXT-STS:task_state": "scheduling", "OS-EXT-STS:vm_state": "building", "OS-EXT-STS:power_state": 0, "os-extended-volumes:volumes_attached": []}}'
2024-06-10 06:13:08,307 21620 INFO     [tempest.lib.common.rest_client] Request (VolumesNegativeTest:test_attach_volumes_with_nonexistent_volume_id): 200 GET http://[LB_IP_ADDRESS]:8774/v2.1/servers/3dff2a64-84dc-412b-996d-03c08f9bc469 0.076s
2024-06-10 06:13:08,308 21620 DEBUG    [tempest.lib.common.rest_client] Request - Headers: {'Content-Type': 'ap
    plication/json', 'Accept': 'application/json', 'X-Auth-Token': '<omitted>'}
        Body: None
    Response - Headers: {'date': 'Mon, 10 Jun 2024 06:13:08 GMT', 'server': 'Apache/2.4.52 (Ubuntu)', 'content-length': '1322', 'openstack-api-version': 'compute 2.1', 'x-openstack-nova-api-version': '2.1', 'vary': 'OpenStack-API-Version,X-OpenStack-Nova-API-Version', 'x-openstack-request-id': 'req-3916177a-bdef-4023-aec3-fb819e0c88ea', 'x-compute-request-id': 'req-3916177a-bdef-4023-aec3-fb819e0c88ea', 'connection': 'close', 'content-type': 'application/json', 'status': '200', 'content-location': 'http://[LB_IP_ADDRESS]:8774/v2.1/servers/3dff2a64-84dc-412b-996d-03c08f9bc469'}
        Body: b'{"server": {"id": "3dff2a64-84dc-412b-996d-03c08f9bc469", "name": "tempest-VolumesNegativeTest-instance-783446972", "status": "BUILD", "tenant_id": "7f88ffcdf41748278da30d49af507912", "user_id": "9a7795b9a42c47b596c858515d401264", "metadata": {}, "hostId": "", "image": {"id": "90fe7e6d-5185-4cd1-b128-6c126844d9da", "links": [{"rel": "bookmark", "href": "http://[LB_IP_ADDRESS]:8774/images/90fe7e6d-5185-4cd1-b128-6c126844d9da"}]}, "flavor": {"id": "0", "links": [{"rel": "bookmark", "href": "http://[LB_IP_ADDRESS]:8774/flavors/0"}]}, "created": "2024-06-10T06:13:07Z", "updated": "2024-06-10T06:13:08Z", "addresses": {}, "accessIPv4": "", "accessIPv6": "", "links": [{"rel": "self", "href": "http://[LB_IP_ADDRESS]:8774/v2.1/servers/3dff2a64-84dc-412b-996d-03c08f9bc469"}, {"rel": "bookmark", "href": "http://[LB_IP_ADDRESS]:8774/servers/3dff2a64-84dc-412b-996d-03c08f9bc469"}], "OS-DCF:diskConfig": "MANUAL", "progress": 0, "OS-EXT-AZ:availability_zone": "", "config_drive": "", "key_name": null, "OS-SRV-USG:launched_at": null, "OS-SRV-USG:terminated_at": null, "OS-EXT-SRV-ATTR:host": null, "OS-EXT-SRV-ATTR:instance_name": "", "OS-EXT-SRV-ATTR:hypervisor_hostname": null, "OS-EXT-STS:task_state": "scheduling", "OS-EXT-STS:vm_state": "building", "OS-EXT-STS:power_state": 0, "os-extended-volumes:volumes_attached": []}}'
2024-06-10 06:13:09,428 21620 INFO     [tempest.lib.common.rest_client] Request (VolumesNegativeTest:test_attach_volumes_with_nonexistent_volume_id): 200 GET http://[LB_IP_ADDRESS]:8774/v2.1/servers/3dff2a64-84dc-412b-996d-03c08f9bc469 0.102s
2024-06-10 06:13:09,428 21620 DEBUG    [tempest.lib.common.rest_client] Request - Headers: {'Content-Type': 'application/json', 'Accept': 'application/json', 'X-Auth-Token': '<omitted>'}
        Body: None
    Response - Headers: {'date': 'Mon, 10 Jun 2024 06:13:09 GMT', 'server': 'Apache/2.4.52 (Ubuntu)', 'content-length': '1425', 'openstack-api-version': 'compute 2.1', 'x-openstack-nova-api-version': '2.1', 'vary': 'OpenStack-API-Version,X-OpenStack-Nova-API-Version', 'x-openstack-request-id': 'req-7b67da5a-4963-49bc-9d62-b8ae11ac1ceb', 'x-compute-request-id': 'req-7b67da5a-4963-49bc-9d62-b8ae11ac1ceb', 'connection': 'close', 'content-type': 'application/json', 'status': '200', 'content-location': 'http://[LB_IP_ADDRESS]:8774/v2.1/servers/3dff2a64-84dc-412b-996d-03c08f9bc469'}
        Body: b'{"server": {"id": "3dff2a64-84dc-412b-996d-03c08f9bc469", "name": "tempest-VolumesNegativeTest-instance-783446972", "status": "BUILD", "tenant_id": "7f88ffcdf41748278da30d49af507912", "user_id": "9a7795b9a42c47b596c858515d401264", "metadata": {}, "hostId": "35a9c1be6e6d2507fd69d30cb3f608029fdb617db48b6c0c5cb75a5f", "image": {"id": "90fe7e6d-5185-4cd1-b128-6c126844d9da", "links": [{"rel": "bookmark", "href": "http://[LB_IP_ADDRESS]:8774/images/90fe7e6d-5185-4cd1-b128-6c126844d9da"}]}, "flavor": {"id": "0", "links": [{"rel": "bookmark", "href": "http://[LB_IP_ADDRESS]:8774/flavors/0"}]}, "created": "2024-06-10T06:13:07Z", "updated": "2024-06-10T06:13:08Z", "addresses": {}, "accessIPv4": "", "accessIPv6": "", "links": [{"rel": "self", "href": "http://[LB_IP_ADDRESS]:8774/v2.1/servers/3dff2a64-84dc-412b-996d-03c08f9bc469"}, {"rel": "bookmark", "href": "http://[LB_IP_ADDRESS]:8774/servers/3dff2a64-84dc-412b-996d-03c08f9bc469"}], "OS-DCF:diskConfig": "MANUAL", "progress": 0, "OS-EXT-AZ:availability_zone": "nova", "config_driv
    e": "", "key_name": null, "OS-SRV-USG:launched_at": null, "OS-SRV-USG:terminated_at": null, "OS-EXT-SRV-ATTR:host": "rack13-server63", "OS-EXT-SRV-ATTR:instance_name": "instance-0000002a", "OS-EXT-SRV-ATTR:hypervisor_hostname": "rack13-server63", "OS-EXT-STS:task_state": "networking", "OS-EXT-STS:vm_state": "building", "OS-EXT-STS:power_state": 0, "os-extended-volumes:volumes_attached": []}}'
2024-06-10 06:13:09,446 21620 INFO     [tempest.common.waiters] State transition "BUILD/scheduling" ==> "BUILD/networking" after 2 second wait
2024-06-10 06:13:10,549 21620 INFO     [tempest.lib.common.rest_client] Request (VolumesNegativeTest:test_attach_volumes_with_nonexistent_volume_id): 200 GET http://[LB_IP_ADDRESS]:8774/v2.1/servers/3dff2a64-84dc-412b-996d-03c08f9bc469 0.101s
2024-06-10 06:13:10,549 21620 DEBUG    [tempest.lib.common.rest_client] Request - Headers: {'Content-Type': 'application/json', 'Accept': 'application/json', 'X-Auth-Token': '<omitted>'}
        Body: None
    Response - Headers: {'date': 'Mon, 10 Jun 2024 06:13:10 GMT', 'server': 'Apache/2.4.52 (Ubuntu)', 'content-length': '1343', 'openstack-api-version': 'compute 2.1', 'x-openstack-nova-api-version': '2.1', 'vary': 'OpenStack-API-Version,X-OpenStack-Nova-API-Version', 'x-openstack-request-id': 'req-44c62308-7960-4011-a082-cfa244ea58c7', 'x-compute-request-id': 'req-44c62308-7960-4011-a082-cfa244ea58c7', 'connection': 'close', 'content-type': 'application/json', 'status': '200', 'content-location': 'http://[LB_IP_ADDRESS]:8774/v2.1/servers/3dff2a64-84dc-412b-996d-03c08f9bc469'}
        Body: b'{"server": {"id": "3dff2a64-84dc-412b-996d-03c08f9bc469", "name": "tempest-VolumesNegativeTest-instance-783446972", "status": "BUILD", "tenant_id": "7f88ffcdf41748278da30d49af507912", "user_id": "9a7795b9a42c47b596c858515d401264", "metadata": {}, "hostId": "", "image": {"id": "90fe7e6d-5185-4cd1-b128-6c126844d9da", "links": [{"rel": "bookmark", "href": "http://[LB_IP_ADDRESS]:8774/images/90fe7e6d-5185-4cd1-b128-6c126844d9da"}]}, "flavor": {"id": "0", "links": [{"rel": "bookmark", "href": "http://[LB_IP_ADDRESS]:8774/flavors/0"}]}, "created": "2024-06-10T06:13:07Z", "updated": "2024-06-10T06:13:10Z", "addresses": {}, "accessIPv4": "", "accessIPv6": "", "links": [{"rel": "self", "href": "http://[LB_IP_ADDRESS]:8774/v2.1/servers/3dff2a64-84dc-412b-996d-03c08f9bc469"}, {"rel": "bookmark", "href": "http://[LB_IP_ADDRESS]:8774/servers/3dff2a64-84dc-412b-996d-03c08f9bc469"}], "OS-DCF:diskConfig": "MANUAL", "progress": 0, "OS-EXT-AZ:availability_zone": "nova", "config_drive": "", "key_name": null, "OS-SRV-USG:launched_at": null, "OS-SRV-USG:terminated_at": null, "OS-EXT-SRV-ATTR:host": null, "OS-EXT-SRV-ATTR:instance_name": "instance-0000002a", "OS-EXT-SRV-ATTR:hypervisor_hostname": null, "OS-EXT-STS:task_state": "networking", "OS-EXT-STS:vm_state": "building", "OS-EXT-STS:power_state": 0, "os-extended-volumes:volumes_attached": []}}'
2024-06-10 06:13:11,683 21620 INFO     [tempest.lib.common.rest_client] Request (VolumesNegativeTest:test_attach_volumes_with_nonexistent_volume_id): 200 GET http://[LB_IP_ADDRESS]:8774/v2.1/servers/3dff2a64-84dc-412b-996d-03c08f9bc469 0.115s
2024-06-10 06:13:11,684 21620 DEBUG    [tempest.lib.common.rest_client] Request - Headers: {'Content-Type': 'application/json', 'Accept': 'application/json', 'X-Auth-Token': '<omitted>'}
        Body: None
    Response - Headers: {'date': 'Mon, 10 Jun 2024 06:13:11 GMT', 'server': 'Apache/2.4.52 (Ubuntu)', 'content-length': '4815', 'openstack-api-version': 'compute 2.1', 'x-openstack-nova-api-version': '2.1', 'vary': 'OpenStack-API-Version,X-OpenStack-Nova-API-Version', 'x-openstack-request-id': 'req-5d021d9f-0b35-40ef-920a-808d0d54e4bc', 'x-compute-request-id': 'req-5d021d9f-0b35-40ef-920a-808d0d54e4bc', 'connection': 'close', 'content-type': 'application/json', 'status': '200', 'content-location': 'http://[LB_IP_ADDRESS]:8774/v2.1/servers/3dff2a64-84dc-412b-996d-03c08f9bc469'}
        Body: b'{"server": {"id": "3dff2a64-84dc-412b-996d-03c08f9bc469", "name": "tempest-VolumesNegativeTest-instance-783446972", "s
    tatus": "ERROR", "tenant_id": "7f88ffcdf41748278da30d49af507912", "user_id": "9a7795b9a42c47b596c858515d401264", "metadata": {}, "hostId": "", "image": {"id": "90fe7e6d-5185-4cd1-b128-6c126844d9da", "links": [{"rel": "bookmark", "href": "http://[LB_IP_ADDRESS]:8774/images/90fe7e6d-5185-4cd1-b128-6c126844d9da"}]}, "flavor": {"id": "0", "links": [{"rel": "bookmark", "href": "http://[LB_IP_ADDRESS]:8774/flavors/0"}]}, "created": "2024-06-10T06:13:07Z", "updated": "2024-06-10T06:13:11Z", "addresses": {}, "accessIPv4": "", "accessIPv6": "", "links": [{"rel": "self", "href": "http://[LB_IP_ADDRESS]:8774/v2.1/servers/3dff2a64-84dc-412b-996d-03c08f9bc469"}, {"rel": "bookmark", "href": "http://[LB_IP_ADDRESS]:8774/servers/3dff2a64-84dc-412b-996d-03c08f9bc469"}], "OS-DCF:diskConfig": "MANUAL", "fault": {"code": 500, "created": "2024-06-10T06:13:11Z", "message": "Build of instance 3dff2a64-84dc-412b-996d-03c08f9bc469 aborted: Failure prepping block device.", "details": "Traceback (most recent call last):\\n  File \\"/var/lib/kolla/venv/lib/python3.10/site-packages/nova/compute/manager.py\\", line 2863, in _build_resources\\n    self._default_block_device_names(instance, image_meta,\\n  File \\"/var/lib/kolla/venv/lib/python3.10/site-packages/nova/compute/manager.py\\", line 2176, in _default_block_device_names\\n    self._default_device_names_for_instance(instance,\\n  File \\"/var/lib/kolla/venv/lib/python3.10/site-packages/nova/compute/manager.py\\", line 2095, in _default_device_names_for_instance\\n    self.driver.default_device_names_for_instance(instance,\\n  File \\"/var/lib/kolla/venv/lib/python3.10/site-packages/nova/virt/libvirt/driver.py\\", line 13163, in default_device_names_for_instance\\n    block_device_info = driver.get_block_device_info(instance,\\n  File \\"/var/lib/kolla/venv/lib/python3.10/site-packages/nova/virt/driver.py\\", line 61, in get_block_device_info\\n    \'image\': virt_block_device.convert_local_images(\\n  File \\"/var/lib/kolla/venv/lib/python3.10/site-packages/nova/virt/block_device.py\\", line 887, in _convert_block_devices\\n    devices.append(device_type(bdm))\\n  File \\"/var/lib/kolla/venv/lib/python3.10/site-packages/nova/virt/block_device.py\\", line 123, in __init__\\n    self._transform()\\n  File \\"/var/lib/kolla/venv/lib/python3.10/site-packages/nova/virt/block_device.py\\", line 297, in _transform\\n    \'encryption_details\': self._bdm_obj.encryption_details\\n  File \\"/var/lib/kolla/venv/lib/python3.10/site-packages/oslo_versionedobjects/base.py\\", line 67, in getter\\n    self.obj_load_attr(name)\\n  File \\"/var/lib/kolla/venv/lib/python3.10/site-packages/nova/objects/base.py\\", line 120, in wrapper\\n    return fn(self, attrname)\\n  File \\"/var/lib/kolla/venv/lib/python3.10/site-packages/nova/objects/block_device.py\\", line 383, in obj_load_attr\\n    raise exception.ObjectActionError(\\nnova.exception.ObjectActionError: Object action obj_load_attr failed because: attribute encryption_details not lazy-loadable\\n\\nDuring handling of the above exception, another exception occurred:\\n\\nTraceback (most recent call last):\\n  File \\"/var/lib/kolla/venv/lib/python3.10/site-packages/nova/compute/manager.py\\", line 2457, in _do_build_and_run_instance\\n    self._build_and_run_instance(context, instance, image,\\n  File \\"/var/lib/kolla/venv/lib/python3.10/site-packages/nova/compute/manager.py\\", line 2670, in _build_and_run_instance\\n    with excutils.save_and_reraise_exception():\\n  File \\"/var/lib/kolla/venv/lib/python3.10/site-packages/oslo_utils/excutils.py\\", line 227, in __exit__\\n    self.force_reraise()\\n  File \\"/var/lib/kolla/venv/lib/python3.10/site-packages/oslo_utils/excutils.py\\", line 200, in force_reraise\\n    raise self.value\\n  File \\"/var/lib/kolla/venv/lib/python3.10/site-packages/nova/compute/manager.py\\", line 2625, in _build_and_run_instance\\n    with self._build_resources(context, instance,\\n  File \\"/usr/lib/python3.10
2024-06-10 06:13:11,701 21620 INFO     [tempest.common.waiters] State transition "BUILD/networking" ==> "ERROR/None" af
    ter 4 second wait
2024-06-10 06:13:12,672 21620 INFO     [tempest.lib.common.rest_client] Request (VolumesNegativeTest:test_attach_volumes_with_nonexistent_volume_id): 204 DELETE http://[LB_IP_ADDRESS]:8774/v2.1/servers/3dff2a64-84dc-412b-996d-03c08f9bc469 0.970s
2024-06-10 06:13:12,672 21620 DEBUG    [tempest.lib.common.rest_client] Request - Headers: {'Content-Type': 'application/json', 'Accept': 'application/json', 'X-Auth-Token': '<omitted>'}
        Body: None
    Response - Headers: {'date': 'Mon, 10 Jun 2024 06:13:11 GMT', 'server': 'Apache/2.4.52 (Ubuntu)', 'openstack-api-version': 'compute 2.1', 'x-openstack-nova-api-version': '2.1', 'vary': 'OpenStack-API-Version,X-OpenStack-Nova-API-Version', 'x-openstack-request-id': 'req-4234fe67-afae-4363-91b3-8a2b149cea01', 'x-compute-request-id': 'req-4234fe67-afae-4363-91b3-8a2b149cea01', 'connection': 'close', 'status': '204', 'content-location': 'http://[LB_IP_ADDRESS]:8774/v2.1/servers/3dff2a64-84dc-412b-996d-03c08f9bc469'}
        Body: b''
2024-06-10 06:13:12,715 21620 INFO     [tempest.lib.common.rest_client] Request (VolumesNegativeTest:test_attach_volumes_with_nonexistent_volume_id): 404 GET http://[LB_IP_ADDRESS]:8774/v2.1/servers/3dff2a64-84dc-412b-996d-03c08f9bc469 0.042s
2024-06-10 06:13:12,715 21620 DEBUG    [tempest.lib.common.rest_client] Request - Headers: {'Content-Type': 'application/json', 'Accept': 'application/json', 'X-Auth-Token': '<omitted>'}
        Body: None
    Response - Headers: {'date': 'Mon, 10 Jun 2024 06:13:12 GMT', 'server': 'Apache/2.4.52 (Ubuntu)', 'content-length': '111', 'openstack-api-version': 'compute 2.1', 'x-openstack-nova-api-version': '2.1', 'vary': 'OpenStack-API-Version,X-OpenStack-Nova-API-Version', 'x-openstack-request-id': 'req-f52f4bf2-c299-4822-8a28-1ec800347039', 'x-compute-request-id': 'req-f52f4bf2-c299-4822-8a28-1ec800347039', 'connection': 'close', 'content-type': 'application/json; charset=UTF-8', 'status': '404', 'content-location': 'http://[LB_IP_ADDRESS]:8774/v2.1/servers/3dff2a64-84dc-412b-996d-03c08f9bc469'}
        Body: b'{"itemNotFound": {"code": 404, "message": "Instance 3dff2a64-84dc-412b-996d-03c08f9bc469 could not be found."}}'



======
Totals
======
Ran: 204 tests in 215.5059 sec.
 - Passed: 193
 - Skipped: 10
 - Expected Fail: 0
 - Unexpected Success: 0
 - Failed: 1
Sum of execute time for each test: 283.0285 sec.

==============
Worker Balance
==============
 - Worker 0 (50 tests) => 0:03:35.505883
 - Worker 1 (98 tests) => 0:03:31.400964
 - Worker 2 (56 tests) => 0:02:58.284844
