{1} tempest.api.compute.volumes.test_volumes_get.VolumesGetTestJSON.test_volume_create_get_delete [1.857123s] ... ok
{2} tempest.api.compute.volumes.test_volume_snapshots.VolumesSnapshotsTestJSON.test_volume_snapshot_create_get_list_delete [6.858182s] ... ok
{2} tempest.api.compute.volumes.test_volumes_negative.VolumesNegativeTest.test_create_volume_with_invalid_size [0.165874s] ... ok
{2} tempest.api.compute.volumes.test_volumes_negative.VolumesNegativeTest.test_create_volume_with_size_zero [0.014736s] ... ok
{2} tempest.api.compute.volumes.test_volumes_negative.VolumesNegativeTest.test_create_volume_without_passing_size [0.015659s] ... ok
{2} tempest.api.compute.volumes.test_volumes_negative.VolumesNegativeTest.test_delete_invalid_volume_id [0.044011s] ... ok
{2} tempest.api.compute.volumes.test_volumes_negative.VolumesNegativeTest.test_delete_volume_without_passing_volume_id [0.010112s] ... ok
{2} tempest.api.compute.volumes.test_volumes_negative.VolumesNegativeTest.test_get_volume_without_passing_volume_id [0.010499s] ... ok
{2} tempest.api.compute.volumes.test_volumes_negative.VolumesNegativeTest.test_volume_delete_nonexistent_volume_id [0.042118s] ... ok
{2} tempest.api.compute.volumes.test_volumes_negative.VolumesNegativeTest.test_volume_get_nonexistent_volume_id [0.042337s] ... ok
{1} tempest.api.compute.volumes.test_volumes_list.VolumesTestJSON.test_volume_list [0.071466s] ... ok
{1} tempest.api.compute.volumes.test_volumes_list.VolumesTestJSON.test_volume_list_param_limit [0.073123s] ... ok
{1} tempest.api.compute.volumes.test_volumes_list.VolumesTestJSON.test_volume_list_param_offset_and_limit [0.154710s] ... ok
{1} tempest.api.compute.volumes.test_volumes_list.VolumesTestJSON.test_volume_list_with_detail_param_limit [0.067916s] ... ok
{1} tempest.api.compute.volumes.test_volumes_list.VolumesTestJSON.test_volume_list_with_detail_param_offset_and_limit [0.150245s] ... ok
{1} tempest.api.compute.volumes.test_volumes_list.VolumesTestJSON.test_volume_list_with_details [0.066128s] ... ok
{1} tempest.api.volume.admin.test_backends_capabilities.BackendsCapabilitiesAdminTestsJSON.test_compare_volume_stats_values [0.071351s] ... ok
{1} tempest.api.volume.admin.test_backends_capabilities.BackendsCapabilitiesAdminTestsJSON.test_get_capabilities_backend [0.033663s] ... ok
{0} tempest.api.compute.volumes.test_attach_volume.AttachVolumeMultiAttachTest.test_boot_from_multiattach_volume [22.379165s] ... ok
{1} tempest.api.volume.admin.test_encrypted_volumes_extend.EncryptedVolumesExtendAttachedTest.test_extend_attached_encrypted_volume_luksv1 ... SKIPPED: Attached encrypted volume extend is disabled.
{2} tempest.api.volume.admin.test_group_snapshots.GroupSnapshotsTest.test_create_group_from_group_snapshot [10.881420s] ... ok
{1} tempest.api.volume.admin.test_group_snapshots.GroupSnapshotsV319Test.test_reset_group_snapshot_status ... SKIPPED: Skipped until bug: https://launchpad.net/bugs/1770179 is resolved.
{1} tempest.api.volume.admin.test_group_type_specs.GroupTypeSpecsTest.test_group_type_specs_create_show_update_list_delete [0.468538s] ... ok
{1} tempest.api.volume.admin.test_group_types.GroupTypesTest.test_group_type_create_list_update_show [0.289368s] ... ok
{2} tempest.api.volume.admin.test_group_snapshots.GroupSnapshotsTest.test_delete_group_snapshots_following_updated_volumes [15.900903s] ... ok
{2} tempest.api.volume.admin.test_group_snapshots.GroupSnapshotsTest.test_group_snapshot_create_show_list_delete [7.642662s] ... ok
{1} tempest.api.volume.admin.test_groups.GroupsTest.test_group_create_show_list_delete [7.977326s] ... ok
{2} tempest.api.volume.admin.test_groups.GroupsV320Test.test_reset_group_status [2.989677s] ... ok
{2} setUpClass (tempest.api.volume.admin.test_volume_manage.VolumeManageAdminTest) ... SKIPPED: Manage volume tests are disabled
{1} tempest.api.volume.admin.test_groups.GroupsTest.test_group_update [8.974137s] ... ok
{2} tempest.api.volume.admin.test_volume_pools.VolumePoolsAdminTestsJSON.test_get_pools_without_details [0.199441s] ... ok
{1} setUpClass (tempest.api.volume.admin.test_multi_backend.VolumeMultiBackendTest) ... SKIPPED: Cinder multi-backend feature disabled
{2} tempest.api.volume.admin.test_volume_quota_classes.VolumeQuotaClassesTest.test_show_default_quota [0.134344s] ... ok
{1} tempest.api.volume.admin.test_qos.QosSpecsTestJSON.test_associate_disassociate_qos [0.395715s] ... ok
{1} tempest.api.volume.admin.test_qos.QosSpecsTestJSON.test_create_delete_qos_with_back_end_consumer [0.116682s] ... ok
{1} tempest.api.volume.admin.test_qos.QosSpecsTestJSON.test_create_delete_qos_with_both_consumer [0.114206s] ... ok
{1} tempest.api.volume.admin.test_qos.QosSpecsTestJSON.test_create_delete_qos_with_front_end_consumer [0.114731s] ... ok
{1} tempest.api.volume.admin.test_qos.QosSpecsTestJSON.test_get_qos [0.021238s] ... ok
{1} tempest.api.volume.admin.test_qos.QosSpecsTestJSON.test_list_qos [0.025698s] ... ok
{1} tempest.api.volume.admin.test_qos.QosSpecsTestJSON.test_set_unset_qos_key [0.142316s] ... ok
{2} tempest.api.volume.admin.test_volume_quota_classes.VolumeQuotaClassesTest.test_update_default_quota [0.901874s] ... ok
{2} tempest.api.volume.admin.test_volume_quotas.VolumeQuotasAdminTestJSON.test_delete_quota [0.464531s] ... ok
{2} tempest.api.volume.admin.test_volume_quotas.VolumeQuotasAdminTestJSON.test_list_default_quotas [0.059256s] ... ok
{2} tempest.api.volume.admin.test_volume_quotas.VolumeQuotasAdminTestJSON.test_list_quotas [0.067597s] ... ok
{1} tempest.api.volume.admin.test_volume_retype.VolumeRetypeWithoutMigrationTest.test_available_volume_retype [2.983355s] ... ok
{2} tempest.api.volume.admin.test_volume_quotas.VolumeQuotasAdminTestJSON.test_quota_usage [3.868294s] ... ok
{2} tempest.api.volume.admin.test_volume_quotas.VolumeQuotasAdminTestJSON.test_quota_usage_after_volume_transfer [3.567899s] ... ok
{2} tempest.api.volume.admin.test_volume_quotas.VolumeQuotasAdminTestJSON.test_show_quota_usage [0.080660s] ... ok
{1} tempest.api.volume.admin.test_volume_services.VolumesServicesTestJSON.test_get_service_by_host_name [0.026782s] ... ok
{1} tempest.api.volume.admin.test_volume_services.VolumesServicesTestJSON.test_get_service_by_service_and_host_name [0.027526s] ... ok
{1} tempest.api.volume.admin.test_volume_services.VolumesServicesTestJSON.test_get_service_by_service_binary_name [0.021882s] ... ok
{2} tempest.api.volume.admin.test_volume_quotas.VolumeQuotasAdminTestJSON.test_update_all_quota_resources_for_tenant [0.355761s] ... ok
{1} tempest.api.volume.admin.test_volume_services.VolumesServicesTestJSON.test_get_service_by_volume_host_name [2.647972s] ... ok
{1} tempest.api.volume.admin.test_volume_services.VolumesServicesTestJSON.test_list_services [0.024607s] ... ok
{2} tempest.api.volume.admin.test_volume_quotas_negative.VolumeQuotasNegativeTestJSON.test_quota_volume_gigabytes [0.306957s] ... ok
{2} tempest.api.volume.admin.test_volume_quotas_negative.VolumeQuotasNegativeTestJSON.test_quota_volumes [0.277471s] ... ok
{2} tempest.api.volume.admin.test_volume_quotas_negative.VolumeQuotasNegativeTestJSON.test_volume_extend_gigabytes_quota_deviation [0.257753s] ... ok
{1} tempest.api.volume.admin.test_volume_snapshot_quotas_negative.VolumeSnapshotQuotasNegativeTestJSON.test_quota_volume_gigabytes_snapshots [0.355626s] ... ok
{1} tempest.api.volume.admin.test_volume_snapshot_quotas_negative.VolumeSnapshotQuotasNegativeTestJSON.test_quota_volume_snapshots [0.076569s] ... ok
{2} tempest.api.volume.admin.test_volume_services_negative.VolumeServicesNegativeTest.test_disable_log_reason_with_no_reason [0.018262s] ... ok
{2} tempest.api.volume.admin.test_volume_services_negative.VolumeServicesNegativeTest.test_disable_service_with_invalid_binary [0.030160s] ... ok
{2} tempest.api.volume.admin.test_volume_services_negative.VolumeServicesNegativeTest.test_enable_service_with_invalid_host [0.029458s] ... ok
{2} tempest.api.volume.admin.test_volume_services_negative.VolumeServicesNegativeTest.test_freeze_host_with_invalid_host [0.028895s] ... ok
{2} tempest.api.volume.admin.test_volume_services_negative.VolumeServicesNegativeTest.test_thaw_host_with_invalid_host [0.028766s] ... ok
{0} tempest.api.compute.volumes.test_attach_volume.AttachVolumeMultiAttachTest.test_list_get_volume_attachments_multiattach [78.958148s] ... ok
{0} tempest.api.compute.volumes.test_attach_volume.AttachVolumeMultiAttachTest.test_resize_server_with_multiattached_volume ... SKIPPED: Resize not available.
{2} tempest.api.volume.admin.test_volume_types_extra_specs_negative.ExtraSpecsNegativeTest.test_create_invalid_body [0.020861s] ... ok
{2} tempest.api.volume.admin.test_volume_types_extra_specs_negative.ExtraSpecsNegativeTest.test_create_none_body [0.017712s] ... ok
{2} tempest.api.volume.admin.test_volume_types_extra_specs_negative.ExtraSpecsNegativeTest.test_create_nonexistent_type_id [0.043030s] ... ok
{2} tempest.api.volume.admin.test_volume_types_extra_specs_negative.ExtraSpecsNegativeTest.test_delete_nonexistent_volume_type_id [0.035139s] ... ok
{2} tempest.api.volume.admin.test_volume_types_extra_specs_negative.ExtraSpecsNegativeTest.test_get_nonexistent_extra_spec_name [0.026116s] ... ok
{2} tempest.api.volume.admin.test_volume_types_extra_specs_negative.ExtraSpecsNegativeTest.test_get_nonexistent_volume_type_id [0.032309s] ... ok
{2} tempest.api.volume.admin.test_volume_types_extra_specs_negative.ExtraSpecsNegativeTest.test_list_nonexistent_volume_type_id [0.020549s] ... ok
{2} tempest.api.volume.admin.test_volume_types_extra_specs_negative.ExtraSpecsNegativeTest.test_update_multiple_extra_spec [0.018276s] ... ok
{2} tempest.api.volume.admin.test_volume_types_extra_specs_negative.ExtraSpecsNegativeTest.test_update_no_body [0.020369s] ... ok
{2} tempest.api.volume.admin.test_volume_types_extra_specs_negative.ExtraSpecsNegativeTest.test_update_none_extra_spec_id [0.041453s] ... ok
{2} tempest.api.volume.admin.test_volume_types_extra_specs_negative.ExtraSpecsNegativeTest.test_update_nonexistent_extra_spec_id [0.051433s] ... ok
{2} tempest.api.volume.admin.test_volume_types_extra_specs_negative.ExtraSpecsNegativeTest.test_update_nonexistent_type_id [0.038811s] ... ok
{2} tempest.api.volume.admin.test_volume_types_negative.VolumeTypesNegativeTest.test_create_volume_type_encryption_nonexistent_type_id [0.209116s] ... ok
{2} tempest.api.volume.admin.test_volume_types_negative.VolumeTypesNegativeTest.test_create_with_empty_name [0.012719s] ... ok
{2} tempest.api.volume.admin.test_volume_types_negative.VolumeTypesNegativeTest.test_create_with_repeated_name [0.065916s] ... ok
{2} tempest.api.volume.admin.test_volume_types_negative.VolumeTypesNegativeTest.test_delete_nonexistent_type_id [0.020622s] ... ok
{2} tempest.api.volume.admin.test_volume_types_negative.VolumeTypesNegativeTest.test_get_nonexistent_type_id [0.018305s] ... ok
{2} tempest.api.volume.test_versions.VersionsTest.test_list_versions [0.010901s] ... ok
{2} tempest.api.volume.test_versions.VersionsTest.test_show_version [0.167243s] ... ok
{1} tempest.api.volume.admin.test_volumes_actions.VolumesActionsTest.test_force_detach_volume [8.993220s] ... ok
{1} tempest.api.volume.admin.test_volumes_actions.VolumesActionsTest.test_volume_force_delete_when_volume_is_attaching [2.563736s] ... ok
{1} tempest.api.volume.admin.test_volumes_actions.VolumesActionsTest.test_volume_force_delete_when_volume_is_creating [2.562297s] ... ok
{1} tempest.api.volume.admin.test_volumes_actions.VolumesActionsTest.test_volume_force_delete_when_volume_is_error [3.650764s] ... ok
{2} tempest.api.volume.test_volume_delete_cascade.VolumesDeleteCascade.test_volume_delete_cascade [7.244593s] ... ok
{0} tempest.api.compute.volumes.test_attach_volume.AttachVolumeMultiAttachTest.test_snapshot_volume_backed_multiattach [22.932406s] ... ok
{1} tempest.api.volume.admin.test_volumes_actions.VolumesActionsTest.test_volume_force_delete_when_volume_is_maintenance [3.622947s] ... ok
{1} tempest.api.volume.admin.test_volumes_actions.VolumesActionsTest.test_volume_reset_status [1.811847s] ... ok
{2} tempest.api.volume.test_volume_delete_cascade.VolumesDeleteCascade.test_volume_from_snapshot_cascade_delete [6.223340s] ... ok
{1} tempest.api.volume.test_availability_zone.AvailabilityZoneTestJSON.test_get_availability_zone_list [0.118843s] ... ok
{1} tempest.api.volume.test_volume_metadata.VolumesMetadataTest.test_crud_volume_metadata [0.310991s] ... ok
{1} tempest.api.volume.test_volume_metadata.VolumesMetadataTest.test_update_show_volume_metadata_item [0.225625s] ... ok
{2} tempest.api.volume.test_volume_transfers.VolumesTransfersTest.test_create_get_list_accept_volume_transfer [3.541362s] ... ok
{2} tempest.api.volume.test_volume_transfers.VolumesTransfersTest.test_create_list_delete_volume_transfer [3.701096s] ... ok
{0} tempest.api.volume.admin.test_groups.GroupsV314Test.test_create_group_from_group [8.251917s] ... ok
{0} setUpClass (tempest.api.volume.admin.test_snapshot_manage.SnapshotManageAdminTest) ... SKIPPED: Manage snapshot tests are disabled
{0} tempest.api.volume.admin.test_snapshots_actions.SnapshotsActionsTest.test_reset_snapshot_status [0.364036s] ... ok
{2} tempest.api.volume.test_volumes_actions.VolumesActionsTest.test_attach_detach_volume_to_instance [6.982512s] ... ok
{1} tempest.api.volume.test_volumes_clone.VolumesCloneTest.test_create_from_bootable_volume [15.698933s] ... ok
{0} tempest.api.volume.admin.test_snapshots_actions.SnapshotsActionsTest.test_snapshot_force_delete_when_snapshot_is_creating [3.512814s] ... ok
{0} tempest.api.volume.admin.test_snapshots_actions.SnapshotsActionsTest.test_snapshot_force_delete_when_snapshot_is_deleting [3.505870s] ... ok
{2} tempest.api.volume.test_volumes_actions.VolumesActionsTest.test_get_volume_attachment [5.832751s] ... ok
{1} tempest.api.volume.test_volumes_clone.VolumesCloneTest.test_create_from_volume [4.828194s] ... ok
{2} tempest.api.volume.test_volumes_actions.VolumesActionsTest.test_reserve_unreserve_volume [0.192031s] ... ok
{2} tempest.api.volume.test_volumes_actions.VolumesActionsTest.test_volume_bootable [0.172078s] ... ok
{2} tempest.api.volume.test_volumes_actions.VolumesActionsTest.test_volume_readonly_update [0.196726s] ... ok
{0} tempest.api.volume.admin.test_snapshots_actions.SnapshotsActionsTest.test_snapshot_force_delete_when_snapshot_is_error [3.514382s] ... ok
{0} tempest.api.volume.admin.test_snapshots_actions.SnapshotsActionsTest.test_snapshot_force_delete_when_snapshot_is_error_deleting [3.614742s] ... ok
{0} tempest.api.volume.admin.test_snapshots_actions.SnapshotsActionsTest.test_update_snapshot_status [0.207052s] ... ok
{0} tempest.api.volume.admin.test_user_messages.UserMessagesTest.test_delete_message [1.814791s] ... ok
{2} tempest.api.volume.test_volumes_actions.VolumesActionsTest.test_volume_upload [15.867430s] ... ok
{0} tempest.api.volume.admin.test_user_messages.UserMessagesTest.test_list_show_messages [1.462452s] ... ok
{0} tempest.api.volume.admin.test_volume_hosts.VolumeHostsAdminTestsJSON.test_list_hosts [0.193297s] ... ok
{2} tempest.api.volume.test_volumes_clone_negative.VolumesCloneNegativeTest.test_create_from_volume_decreasing_size [1.589663s] ... ok
{0} tempest.api.volume.admin.test_volume_hosts.VolumeHostsAdminTestsJSON.test_show_host [0.246535s] ... ok
{1} tempest.api.volume.test_volumes_extend.VolumesExtendAttachedTest.test_extend_attached_volume [13.389055s] ... ok
{0} setUpClass (tempest.api.volume.admin.test_volume_retype.VolumeRetypeWithMigrationTest) ... SKIPPED: Cinder multi-backend feature disabled
{0} tempest.api.volume.admin.test_volume_type_access.VolumeTypesAccessTest.test_volume_type_access_list [0.348715s] ... ok
{0} tempest.api.volume.admin.test_volume_types.VolumeTypesTest.test_volume_type_create_get_delete [0.230625s] ... ok
{0} tempest.api.volume.admin.test_volume_types.VolumeTypesTest.test_volume_type_encryption_create_get_update_delete [0.370971s] ... ok
{0} tempest.api.volume.admin.test_volume_types.VolumeTypesTest.test_volume_type_list [0.033383s] ... ok
{0} tempest.api.volume.admin.test_volume_types.VolumeTypesTest.test_volume_type_update [0.201023s] ... ok
{1} tempest.api.volume.test_volumes_negative.VolumesNegativeTest.test_attach_volumes_with_nonexistent_volume_id [6.645954s] ... ok
{1} tempest.api.volume.test_volumes_negative.VolumesNegativeTest.test_create_volume_from_deactivated_image [0.482957s] ... ok
{1} tempest.api.volume.test_volumes_negative.VolumesNegativeTest.test_create_volume_from_image_with_decreasing_size [0.352115s] ... ok
{1} tempest.api.volume.test_volumes_negative.VolumesNegativeTest.test_create_volume_with_invalid_size [0.014857s] ... ok
{1} tempest.api.volume.test_volumes_negative.VolumesNegativeTest.test_create_volume_with_nonexistent_snapshot_id [0.035172s] ... ok
{1} tempest.api.volume.test_volumes_negative.VolumesNegativeTest.test_create_volume_with_nonexistent_source_volid [0.534387s] ... ok
{1} tempest.api.volume.test_volumes_negative.VolumesNegativeTest.test_create_volume_with_nonexistent_volume_type [0.027338s] ... ok
{1} tempest.api.volume.test_volumes_negative.VolumesNegativeTest.test_create_volume_with_size_negative [0.014211s] ... ok
{1} tempest.api.volume.test_volumes_negative.VolumesNegativeTest.test_create_volume_with_size_zero [0.014952s] ... ok
{1} tempest.api.volume.test_volumes_negative.VolumesNegativeTest.test_create_volume_without_passing_size [0.015773s] ... ok
{1} tempest.api.volume.test_volumes_negative.VolumesNegativeTest.test_delete_invalid_volume_id [0.028376s] ... ok
{1} tempest.api.volume.test_volumes_negative.VolumesNegativeTest.test_delete_volume_without_passing_volume_id [0.011195s] ... ok
{1} tempest.api.volume.test_volumes_negative.VolumesNegativeTest.test_detach_volumes_with_invalid_volume_id [0.032296s] ... ok
{1} tempest.api.volume.test_volumes_negative.VolumesNegativeTest.test_get_invalid_volume_id [0.025424s] ... ok
{1} tempest.api.volume.test_volumes_negative.VolumesNegativeTest.test_get_volume_without_passing_volume_id [0.010691s] ... ok
{1} tempest.api.volume.test_volumes_negative.VolumesNegativeTest.test_list_volumes_detail_with_invalid_status [0.042277s] ... ok
{1} tempest.api.volume.test_volumes_negative.VolumesNegativeTest.test_list_volumes_detail_with_nonexistent_name [0.045778s] ... ok
{1} tempest.api.volume.test_volumes_negative.VolumesNegativeTest.test_list_volumes_with_invalid_status [0.037127s] ... ok
{1} tempest.api.volume.test_volumes_negative.VolumesNegativeTest.test_list_volumes_with_nonexistent_name [0.036879s] ... ok
{1} tempest.api.volume.test_volumes_negative.VolumesNegativeTest.test_reserve_volume_with_negative_volume_status [0.125289s] ... ok
{1} tempest.api.volume.test_volumes_negative.VolumesNegativeTest.test_reserve_volume_with_nonexistent_volume_id [0.025043s] ... ok
{1} tempest.api.volume.test_volumes_negative.VolumesNegativeTest.test_unreserve_volume_with_nonexistent_volume_id [0.024466s] ... ok
{1} tempest.api.volume.test_volumes_negative.VolumesNegativeTest.test_update_volume_with_empty_volume_id [0.066289s] ... ok
{1} tempest.api.volume.test_volumes_negative.VolumesNegativeTest.test_update_volume_with_invalid_volume_id [0.026768s] ... ok
{1} tempest.api.volume.test_volumes_negative.VolumesNegativeTest.test_update_volume_with_nonexistent_volume_id [0.025659s] ... ok
{1} tempest.api.volume.test_volumes_negative.VolumesNegativeTest.test_volume_delete_nonexistent_volume_id [0.024329s] ... ok
{1} tempest.api.volume.test_volumes_negative.VolumesNegativeTest.test_volume_extend_with_None_size [0.014725s] ... ok
{1} tempest.api.volume.test_volumes_negative.VolumesNegativeTest.test_volume_extend_with_non_number_size [0.014745s] ... ok
{1} tempest.api.volume.test_volumes_negative.VolumesNegativeTest.test_volume_extend_with_nonexistent_volume_id [0.026947s] ... ok
{1} tempest.api.volume.test_volumes_negative.VolumesNegativeTest.test_volume_extend_with_size_smaller_than_original_size [0.014523s] ... ok
{1} tempest.api.volume.test_volumes_negative.VolumesNegativeTest.test_volume_extend_without_passing_volume_id [0.025852s] ... ok
{1} tempest.api.volume.test_volumes_negative.VolumesNegativeTest.test_volume_get_nonexistent_volume_id [0.026104s] ... ok
{2} tempest.api.volume.test_volumes_extend.VolumesExtendTest.test_volume_extend [13.476065s] ... ok
{0} tempest.api.volume.admin.test_volume_types_extra_specs.VolumeTypesExtraSpecsTest.test_volume_type_extra_spec_create_get_delete [0.172309s] ... ok
{0} tempest.api.volume.admin.test_volume_types_extra_specs.VolumeTypesExtraSpecsTest.test_volume_type_extra_specs_list [0.082948s] ... ok
{0} tempest.api.volume.admin.test_volume_types_extra_specs.VolumeTypesExtraSpecsTest.test_volume_type_extra_specs_update [0.229437s] ... ok
{2} tempest.api.volume.test_volumes_extend.VolumesExtendTest.test_volume_extend_when_volume_has_snapshot [4.868891s] ... ok
{0} tempest.api.volume.admin.test_volumes_list.VolumesListAdminTestJSON.test_volume_list_param_tenant [2.667449s] ... ok
{2} tempest.api.volume.test_volumes_get.VolumesGetTest.test_volume_create_get_update_delete [7.499197s] ... ok
{0} tempest.api.volume.test_extensions.ExtensionsTestJSON.test_list_extensions [0.179451s] ... ok
{2} tempest.api.volume.test_volumes_get.VolumesGetTest.test_volume_create_get_update_delete_as_clone [8.610429s] ... ok
{0} tempest.api.volume.test_image_metadata.VolumesImageMetadata.test_update_show_delete_image_metadata [0.221920s] ... ok
{1} tempest.api.volume.test_volumes_snapshots.VolumesSnapshotTestJSON.test_snapshot_create_delete_with_volume_in_use [33.488210s] ... ok
{1} tempest.api.volume.test_volumes_snapshots.VolumesSnapshotTestJSON.test_snapshot_create_get_list_update_delete [3.449768s] ... ok
{2} tempest.api.volume.test_volumes_get.VolumesGetTest.test_volume_create_get_update_delete_from_image [17.262064s] ... ok
{0} tempest.api.volume.test_snapshot_metadata.SnapshotMetadataTestJSON.test_crud_snapshot_metadata [0.278166s] ... ok
{0} tempest.api.volume.test_snapshot_metadata.SnapshotMetadataTestJSON.test_update_show_snapshot_metadata_item [0.232850s] ... ok
{0} tempest.api.volume.test_volume_absolute_limits.AbsoluteLimitsTests.test_get_volume_absolute_limits [0.090417s] ... ok
{2} tempest.api.volume.test_volumes_snapshots_list.VolumesSnapshotListTestJSON.test_snapshot_list_param_limit [0.028602s] ... ok
{2} tempest.api.volume.test_volumes_snapshots_list.VolumesSnapshotListTestJSON.test_snapshot_list_param_limit_equals_infinite [0.058925s] ... ok
{2} tempest.api.volume.test_volumes_snapshots_list.VolumesSnapshotListTestJSON.test_snapshot_list_param_limit_equals_zero [0.024674s] ... ok
{2} tempest.api.volume.test_volumes_snapshots_list.VolumesSnapshotListTestJSON.test_snapshot_list_param_marker [0.063250s] ... ok
{2} tempest.api.volume.test_volumes_snapshots_list.VolumesSnapshotListTestJSON.test_snapshot_list_param_offset [0.024949s] ... ok
{2} tempest.api.volume.test_volumes_snapshots_list.VolumesSnapshotListTestJSON.test_snapshot_list_param_sort_created_at_asc [0.027048s] ... ok
{2} tempest.api.volume.test_volumes_snapshots_list.VolumesSnapshotListTestJSON.test_snapshot_list_param_sort_created_at_desc [0.029935s] ... ok
{2} tempest.api.volume.test_volumes_snapshots_list.VolumesSnapshotListTestJSON.test_snapshot_list_param_sort_id_asc [0.031349s] ... ok
{2} tempest.api.volume.test_volumes_snapshots_list.VolumesSnapshotListTestJSON.test_snapshot_list_param_sort_id_desc [0.026852s] ... ok
{2} tempest.api.volume.test_volumes_snapshots_list.VolumesSnapshotListTestJSON.test_snapshot_list_param_sort_name_asc [0.030548s] ... ok
{2} tempest.api.volume.test_volumes_snapshots_list.VolumesSnapshotListTestJSON.test_snapshot_list_param_sort_name_desc [0.027977s] ... ok
{2} tempest.api.volume.test_volumes_snapshots_list.VolumesSnapshotListTestJSON.test_snapshots_list_details_with_params [0.087658s] ... ok
{2} tempest.api.volume.test_volumes_snapshots_list.VolumesSnapshotListTestJSON.test_snapshots_list_with_params [0.079453s] ... ok
{0} tempest.api.volume.test_volume_transfers.VolumesTransfersV355Test.test_create_get_list_accept_volume_transfer [4.794753s] ... ok
{0} tempest.api.volume.test_volume_transfers.VolumesTransfersV355Test.test_create_list_delete_volume_transfer [2.727157s] ... ok
{0} tempest.api.volume.test_volumes_get.VolumesSummaryTest.test_show_volume_summary [0.168599s] ... ok
{0} tempest.api.volume.test_volumes_list.VolumesListTestJSON.test_volume_list [0.061223s] ... ok
{0} tempest.api.volume.test_volumes_list.VolumesListTestJSON.test_volume_list_by_name [0.037794s] ... ok
{0} tempest.api.volume.test_volumes_list.VolumesListTestJSON.test_volume_list_details_by_name [0.055154s] ... ok
{0} tempest.api.volume.test_volumes_list.VolumesListTestJSON.test_volume_list_details_pagination [0.230143s] ... ok
{0} tempest.api.volume.test_volumes_list.VolumesListTestJSON.test_volume_list_details_with_multiple_params [0.108149s] ... ok
{0} tempest.api.volume.test_volumes_list.VolumesListTestJSON.test_volume_list_pagination [0.178512s] ... ok
{0} tempest.api.volume.test_volumes_list.VolumesListTestJSON.test_volume_list_param_display_name_and_status [0.039051s] ... ok
{0} tempest.api.volume.test_volumes_list.VolumesListTestJSON.test_volume_list_with_detail_param_display_name_and_status [0.057617s] ... ok
{0} tempest.api.volume.test_volumes_list.VolumesListTestJSON.test_volume_list_with_detail_param_marker [0.054970s] ... ok
{0} tempest.api.volume.test_volumes_list.VolumesListTestJSON.test_volume_list_with_detail_param_metadata [0.058750s] ... ok
{0} tempest.api.volume.test_volumes_list.VolumesListTestJSON.test_volume_list_with_details [0.054613s] ... ok
{0} tempest.api.volume.test_volumes_list.VolumesListTestJSON.test_volume_list_with_param_metadata [0.046399s] ... ok
{0} tempest.api.volume.test_volumes_list.VolumesListTestJSON.test_volumes_list_by_availability_zone [0.083850s] ... ok
{0} tempest.api.volume.test_volumes_list.VolumesListTestJSON.test_volumes_list_by_bootable [0.083185s] ... ok
{0} tempest.api.volume.test_volumes_list.VolumesListTestJSON.test_volumes_list_by_status [0.085691s] ... ok
{0} tempest.api.volume.test_volumes_list.VolumesListTestJSON.test_volumes_list_details_by_availability_zone [0.053027s] ... ok
{0} tempest.api.volume.test_volumes_list.VolumesListTestJSON.test_volumes_list_details_by_bootable [0.054531s] ... ok
{0} tempest.api.volume.test_volumes_list.VolumesListTestJSON.test_volumes_list_details_by_status [0.055579s] ... ok
{0} tempest.api.volume.test_volumes_snapshots_negative.VolumesSnapshotNegativeTestJSON.test_create_snapshot_with_nonexistent_volume_id [0.185911s] ... ok
{0} tempest.api.volume.test_volumes_snapshots_negative.VolumesSnapshotNegativeTestJSON.test_create_snapshot_without_passing_volume_id [0.030264s] ... ok
{0} tempest.api.volume.test_volumes_snapshots_negative.VolumesSnapshotNegativeTestJSON.test_list_snapshot_invalid_param_limit [0.014541s] ... ok
{0} tempest.api.volume.test_volumes_snapshots_negative.VolumesSnapshotNegativeTestJSON.test_list_snapshots_invalid_param_marker [0.026093s] ... ok
{0} tempest.api.volume.test_volumes_snapshots_negative.VolumesSnapshotNegativeTestJSON.test_list_snapshots_invalid_param_sort [0.013745s] ... ok
{0} tempest.api.volume.test_volumes_snapshots_negative.VolumesSnapshotNegativeTestJSON.test_volume_from_snapshot_decreasing_size [3.776747s] ... ok
{1} tempest.api.volume.test_volumes_snapshots.VolumesSnapshotTestJSON.test_snapshot_create_offline_delete_online [62.926230s] ... FAILED

Captured traceback:
~~~~~~~~~~~~~~~~~~~
    Traceback (most recent call last):

      File "/usr/local/lib/python3.6/site-packages/urllib3/connectionpool.py", line 445, in _make_request
    six.raise_from(e, None)

      File "<string>", line 3, in raise_from

      File "/usr/local/lib/python3.6/site-packages/urllib3/connectionpool.py", line 440, in _make_request
    httplib_response = conn.getresponse()

      File "/usr/lib64/python3.6/http/client.py", line 1346, in getresponse
    response.begin()

      File "/usr/lib64/python3.6/http/client.py", line 307, in begin
    version, status, reason = self._read_status()

      File "/usr/lib64/python3.6/http/client.py", line 268, in _read_status
    line = str(self.fp.readline(_MAXLINE + 1), "iso-8859-1")

      File "/usr/lib64/python3.6/socket.py", line 586, in readinto
    return self._sock.recv_into(b)

    socket.timeout: timed out

    
During handling of the above exception, another exception occurred:


    Traceback (most recent call last):

      File "/usr/local/lib/python3.6/site-packages/tempest/common/utils/__init__.py", line 70, in wrapper
    return f(*func_args, **func_kwargs)

      File "/usr/local/lib/python3.6/site-packages/tempest/api/volume/test_volumes_snapshots.py", line 83, in test_snapshot_create_offline_delete_online
    server = self.create_server()

      File "/usr/local/lib/python3.6/site-packages/tempest/api/volume/base.py", line 212, in create_server
    **kwargs)

      File "/usr/local/lib/python3.6/site-packages/tempest/common/compute.py", line 199, in create_test_server
    **kwargs)

      File "/usr/local/lib/python3.6/site-packages/tempest/lib/services/compute/servers_client.py", line 105, in create_server
    resp, body = self.post('servers', post_body)

      File "/usr/local/lib/python3.6/site-packages/tempest/lib/common/rest_client.py", line 299, in post
    return self.request('POST', url, extra_headers, headers, body, chunked)

      File "/usr/local/lib/python3.6/site-packages/tempest/lib/services/compute/base_compute_client.py", line 48, in request
    method, url, extra_headers, headers, body, chunked)

      File "/usr/local/lib/python3.6/site-packages/tempest/lib/common/rest_client.py", line 688, in request
    body=body, chunked=chunked)

      File "/usr/local/lib/python3.6/site-packages/tempest/lib/common/rest_client.py", line 568, in _request
    chunked=chunked

      File "/usr/local/lib/python3.6/site-packages/tempest/lib/common/rest_client.py", line 608, in raw_request
    body=body, chunked=chunked)

      File "/usr/local/lib/python3.6/site-packages/tempest/lib/common/http.py", line 111, in request
    *args, **new_kwargs)

      File "/usr/local/lib/python3.6/site-packages/urllib3/request.py", line 79, in request
    method, url, fields=fields, headers=headers, **urlopen_kw

      File "/usr/local/lib/python3.6/site-packages/urllib3/request.py", line 170, in request_encode_body
    return self.urlopen(method, url, **extra_kw)

      File "/usr/local/lib/python3.6/site-packages/urllib3/poolmanager.py", line 375, in urlopen
    response = conn.urlopen(method, u.request_uri, **kw)

      File "/usr/local/lib/python3.6/site-packages/urllib3/connectionpool.py", line 756, in urlopen
    method, url, error=e, _pool=self, _stacktrace=sys.exc_info()[2]

      File "/usr/local/lib/python3.6/site-packages/urllib3/util/retry.py", line 532, in increment
    raise six.reraise(type(error), error, _stacktrace)

      File "/usr/local/lib/python3.6/site-packages/urllib3/packages/six.py", line 770, in reraise
    raise value

      File "/usr/local/lib/python3.6/site-packages/urllib3/connectionpool.py", line 706, in urlopen
    chunked=chunked,

      File "/usr/local/lib/python3.6/site-packages/urllib3/connectionpool.py", line 447, in _make_request
    self._raise_timeout(err=e, url=url, timeout_value=read_timeout)

      File "/usr/local/lib/python3.6/site-packages/urllib3/connectionpool.py", line 337, in _raise_timeout
    self, url, "Read timed out. (read timeout=%s)" % timeout_value

    urllib3.exceptions.ReadTimeoutError: HTTPConnectionPool(host='[LB_IP_ADDRESS]', port=8774): Read timed out. (read timeout=60)


Captured pythonlogging:
~~~~~~~~~~~~~~~~~~~~~~~
    2022-09-16 12:27:05,421 8373 INFO     [tempest.lib.common.rest_client] Request (VolumesSnapshotTestJSON:test_snapshot_create_offline_delete_online): 202 POST http://[LB_IP_ADDRESS]:8776/v3/3661a82b6fb2425284192ff43f9ecc5c/snapshots 0.158s
2022-09-16 12:27:05,421 8373 DEBUG    [tempest.lib.common.rest_client] Request - Headers: {'Content-Type': 'application/json', 'Accept': 'application/json', 'X-Auth-Token': '<omitted>'}
        Body: {"snapshot": {"volume_id": "1fd3ef1b-6d09-4f74-bc0b-f978803da94c", "name": "tempest-VolumesSnapshotTestJSON-Snapshot-1432318255"}}
    Response - Headers: {'date': 'Fri, 16 Sep 2022 09:27:05 GMT', 'server': 'Apache/2.4.52 (Ubuntu)', 'content-length': '310', 'x-compute-request-id': 'req-ebc67453-19c1-4b22-985d-df9043dd7761', 'openstack-api-version': 'volume 3.0', 'vary': 'OpenStack-API-Version', 'x-openstack-request-id': 'req-ebc67453-19c1-4b22-985d-df9043dd7761', 'connection': 'close', 'content-type': 'application/json', 'status': '202', 'content-location': 'http://[LB_IP_ADDRESS]:8776/v3/3661a82b6fb2425284192ff43f9ecc5c/snapshots'}
        Body: b'{"snapshot": {"id": "09c9b86e-26c9-40b7-8808-44e5dafdcb46", "created_at": "2022-09-16T09:27:05.367486", "updated_at": null, "name": "tempest-VolumesSnapshotTestJSON-Snapshot-1432318255", "description": null, "volume_id": "1fd3ef1b-6d09-4f74-bc0b-f978803da94c", "status": "creating", "size": 1, "metadata": {}}}'
2022-09-16 12:27:05,447 8373 INFO     [tempest.lib.common.rest_client] Request (VolumesSnapshotTestJSON:test_snapshot_create_offline_delete_online): 200 GET http://[LB_IP_ADDRESS]:8776/v3/3661a82b6fb2425284192ff43f9ecc5c/snapshots/09c9b86e-26c9-40b7-8808-44e5dafdcb46 0.023s
2022-09-16 12:27:05,447 8373 DEBUG    [tempest.lib.common.rest_client] Request - Headers: {'Content-Type': 'application/json', 'Accept': 'application/json', 'X-Auth-Token': '<omitted>'}
        Body: None
    Response - Headers: {'date': 'Fri, 16 Sep 2022 09:27:05 GMT', 'server': 'Apache/2.4.52 (Ubuntu)', 'content-length': '442', 'x-compute-request-id': 'req-aed98bee-74e5-48ec-b068-6c9d438dbced', 'openstack-api-version': 'volume 3.0', 'vary': 'OpenStack-API-Version', 'x-openstack-request-id': 'req-aed98bee-74e5-48ec-b068-6c9d438dbced', 'connection': 'close', 'content-type': 'application/json', 'status': '200', 'content-location': 'http://[LB_IP_ADDRESS]:8776/v3/3661a82b6fb2425284192ff43f9ecc5c/snapshots/09c9b86e-26c9-40b7-8808-44e5dafdcb46'}
        Body: b'{"snapshot": {"id": "09c9b86e-26c9-40b7-8808-44e5dafdcb46", "created_at": "2022-09-16T09:27:05.000000", "updated_at": null, "name": "tempest-VolumesSnapshotTestJSON-Snapshot-1432318255", "description": null, "volume_id": "1fd3ef1b-6d09-4f74-bc0b-f978803da94c", "status": "creating", "size": 1, "metadata": {}, "os-extended-snapshot-attributes:project_id": "3661a82b6fb2425284192ff43f9ecc5c", "os-extended-snapshot-attributes:progress": "0%"}}'
2022-09-16 12:27:06,475 8373 INFO     [tempest.lib.common.rest_client] Request (VolumesSnapshotTestJSON:test_snapshot_create_offline_delete_online): 200 GET http://[LB_IP_ADDRESS]:8776/v3/3661a82b6fb2425284192ff43f9ecc5c/snapshots/09c9b86e-26c9-40b7-8808-44e5dafdcb46 0.024s
2022-09-16 12:27:06,476 8373 DEBUG    [tempest.lib.common.rest_client] Request - Headers: {'Content-Type': 'application/json', 'Accept': 'application/json', 'X-Auth-Token': '<omitted>'}
        Body: None
    Response - Headers: {'date': 'Fri, 16 Sep 2022 09:27:06 GMT', 'server': 'Apache/2.4.52 (Ubuntu)', 'content-length': '442', 'x-compute-request-id': 'req-c23d22ed-adeb-4826-a674-b12a6134cddc', 'openstack-api-version': 'volume 3.0', 'vary': 'OpenStack-API-Version', 'x-openstack-request-id': 'req-c23d22ed-adeb-4826-a674-b12a6134cddc', 'connection': 'close', 'content-type': 'application/json', 'status': '200', 'content-location': 'http://[LB_IP_ADDRESS]:8776/v3/3661a82b6fb2425284192ff43f9ecc5c/snapshots/09c9b86e-26c9-40b7-8808-44e5dafdcb46'}
        Body: b'{"snapshot": {"id": "09c9b86e-26c9-40b7-8808-44e5dafdcb46", "created_at": "2022-09-16T09:27:05.000000", "updated_at": null, "name": "tempest-VolumesSnapshotTestJSON
    -Snapshot-1432318255", "description": null, "volume_id": "1fd3ef1b-6d09-4f74-bc0b-f978803da94c", "status": "creating", "size": 1, "metadata": {}, "os-extended-snapshot-attributes:project_id": "3661a82b6fb2425284192ff43f9ecc5c", "os-extended-snapshot-attributes:progress": "0%"}}'
2022-09-16 12:27:07,510 8373 INFO     [tempest.lib.common.rest_client] Request (VolumesSnapshotTestJSON:test_snapshot_create_offline_delete_online): 200 GET http://[LB_IP_ADDRESS]:8776/v3/3661a82b6fb2425284192ff43f9ecc5c/snapshots/09c9b86e-26c9-40b7-8808-44e5dafdcb46 0.031s
2022-09-16 12:27:07,511 8373 DEBUG    [tempest.lib.common.rest_client] Request - Headers: {'Content-Type': 'application/json', 'Accept': 'application/json', 'X-Auth-Token': '<omitted>'}
        Body: None
    Response - Headers: {'date': 'Fri, 16 Sep 2022 09:27:07 GMT', 'server': 'Apache/2.4.52 (Ubuntu)', 'content-length': '469', 'x-compute-request-id': 'req-2c464799-bf66-4270-984c-ae072b1090b9', 'openstack-api-version': 'volume 3.0', 'vary': 'OpenStack-API-Version', 'x-openstack-request-id': 'req-2c464799-bf66-4270-984c-ae072b1090b9', 'connection': 'close', 'content-type': 'application/json', 'status': '200', 'content-location': 'http://[LB_IP_ADDRESS]:8776/v3/3661a82b6fb2425284192ff43f9ecc5c/snapshots/09c9b86e-26c9-40b7-8808-44e5dafdcb46'}
        Body: b'{"snapshot": {"id": "09c9b86e-26c9-40b7-8808-44e5dafdcb46", "created_at": "2022-09-16T09:27:05.000000", "updated_at": "2022-09-16T09:27:06.000000", "name": "tempest-VolumesSnapshotTestJSON-Snapshot-1432318255", "description": null, "volume_id": "1fd3ef1b-6d09-4f74-bc0b-f978803da94c", "status": "available", "size": 1, "metadata": {}, "os-extended-snapshot-attributes:project_id": "3661a82b6fb2425284192ff43f9ecc5c", "os-extended-snapshot-attributes:progress": "100%"}}'
2022-09-16 12:27:07,513 8373 INFO     [tempest.common.waiters] snapshot 09c9b86e-26c9-40b7-8808-44e5dafdcb46 reached available after waiting for 2.513597 seconds
2022-09-16 12:27:08,117 8373 INFO     [tempest.lib.common.rest_client] Request (VolumesSnapshotTestJSON:test_snapshot_create_offline_delete_online): 201 POST http://controller:5000/v3/auth/tokens 0.598s
2022-09-16 12:27:08,117 8373 DEBUG    [tempest.lib.common.rest_client] Request - Headers: {'Content-Type': 'application/json', 'Accept': 'application/json'}
        Body: <omitted>
    Response - Headers: {'date': 'Fri, 16 Sep 2022 09:27:07 GMT', 'server': 'Apache', 'content-length': '3897', 'x-subject-token': '<omitted>', 'vary': 'X-Auth-Token', 'x-openstack-request-id': 'req-e8fb9e70-cd68-4516-bf16-cefc66988857', 'connection': 'close', 'content-type': 'application/json', 'status': '201', 'content-location': 'http://controller:5000/v3/auth/tokens'}
        Body: b'{"token": {"methods": ["password"], "user": {"domain": {"id": "default", "name": "Default"}, "id": "adc98d5898db4909813da635ae36a9e6", "name": "tempest-VolumesSnapshotTestJSON-1940232244-project", "password_expires_at": null}, "audit_ids": ["Y90TD-ENTcuEtrUY2gl-uQ"], "expires_at": "2022-09-17T09:27:08.000000Z", "issued_at": "2022-09-16T09:27:08.000000Z", "project": {"domain": {"id": "default", "name": "Default"}, "id": "3661a82b6fb2425284192ff43f9ecc5c", "name": "tempest-VolumesSnapshotTestJSON-1940232244"}, "is_domain": false, "roles": [{"id": "7b6ea7dc2eb141f29a3a9e23a4c2c824", "name": "reader"}, {"id": "0507dcac97cf4b1287a868fb6c1659cd", "name": "admin"}, {"id": "2913e7a7c2a847878dc9cdb675d7c7ed", "name": "member"}], "catalog": [{"endpoints": [{"id": "292c8ce0e8094e22ba8e5405d7bc379b", "interface": "internal", "region_id": "RegionOne", "url": "http://[LB_IP_ADDRESS]:9696", "region": "RegionOne"}, {"id": "d89f5ccde5984d98a252e2dbf650877d", "interface": "public", "region_id": "RegionOne", "url": "http://[LB_IP_ADDRESS]:9696", "region": "RegionOne"}], "id": "416349347dab4d3fa9649c7b26302ae7", "type": "network", "name": "neutron"}, {"endpoints": [{"id": "4d71245733f34633873481b0ca448768", "interface": "public", "region_id": "RegionOne", "url": "http://[LB_IP_ADDRESS]:9292", "region": "RegionOne"}, {"id": "fda7c03bac7f48efb5983a640d15bff7", "interfac
    e": "internal", "region_id": "RegionOne", "url": "http://[LB_IP_ADDRESS]:9292", "region": "RegionOne"}], "id": "67181080dbf54dc2a639a3631808daaf", "type": "image", "name": "glance"}, {"endpoints": [{"id": "1651053e0e424388aec5c9c3370c8545", "interface": "public", "region_id": "RegionOne", "url": "http://[LB_IP_ADDRESS]:8776/v3/3661a82b6fb2425284192ff43f9ecc5c", "region": "RegionOne"}, {"id": "93cf7f5cb1374d96b2c64753bdacb2f5", "interface": "internal", "region_id": "RegionOne", "url": "http://[LB_IP_ADDRESS]:8776/v3/3661a82b6fb2425284192ff43f9ecc5c", "region": "RegionOne"}], "id": "90191eeb330b45eab56126bb51c0e3f5", "type": "volumev3", "name": "cinderv3"}, {"endpoints": [{"id": "8fae4d8a9b564fa89c8a1fbf33d2322c", "interface": "internal", "region_id": "RegionOne", "url": "http://[LB_IP_ADDRESS]:8774/v2/3661a82b6fb2425284192ff43f9ecc5c", "region": "RegionOne"}, {"id": "c0f6eab20a2f49f79be66cb0c536de96", "interface": "public", "region_id": "RegionOne", "url": "http://[LB_IP_ADDRESS]:8774/v2/3661a82b6fb2425284192ff43f9ecc5c", "region": "RegionOne"}], "id": "9c25b6b4b43945a4a53adb3aefecfef8", "type": "compute_legacy", "name": "nova_legacy"}, {"endpoints": [{"id": "0081edae054a4970916d8154f7bb18c9", "interface": "internal", "region_id": "RegionOne", "url": "http://[LB_IP_ADDRESS]:8780", "region": "RegionOne"}, {"id": "1aba555cd1a049a09ae5ab00b5bdb764", "interface": "public", "region_id": "RegionOne", "url": "http://[LB_IP_ADDRESS]:8780", "region": "RegionOne"}], "id": "c07845382f1c494a835e95d74d769a78", "type": "placement", "name": "placement"}, {"endpoints": [{"id": "2e613532d8564f3cadd59261281a185d", "interface": "admin", "region_id": "RegionOne", "url": "http://[LB_IP_ADDRESS]:5000", "region": "RegionOne"}, {"id": "a7d6aeb22e244b94b115ec3fc48710a5", "interface": "public", "region_id": "RegionOne", "url": "http://[LB_IP_ADDRESS]:5000", "region": "RegionOne"}, {"id": "bfc8907a4b79449391c9cb39c8eddee8", "interface": "internal", "region_id": "RegionOne", "url": "http://[LB_IP_ADDRESS]:5000", "region": "RegionOne"}], "id": "d520daa803314f0098fbfb35b858059e", "type": "identity", "name": "keystone"}, {"endpoints": [{"id": "90f90d53a57f499fa595957a139835eb", "interface": "public", "region_id": "RegionOne", "url": "http://[LB_IP_ADDRESS]:8774/v2.1", "region": "RegionOne"}, {"id": "df9c89a86e1b40e9b1b7ff9707e83338", "interface": "internal", "region_id": "RegionOne", "url": "http://[LB_IP_ADDRESS]:8774/v2.1", "region": "RegionOne"}], "id": "f4c234d8f46e486d9cdbdb20fd97053b", "type": "compute", "name": "nova"}]}}'
2022-09-16 12:27:08,122 8373 INFO     [tempest.lib.common.fixed_network] (VolumesSnapshotTestJSON:test_snapshot_create_offline_delete_online) Found network None available for tenant

{1} tempest.api.volume.test_volumes_snapshots.VolumesSnapshotTestJSON.test_volume_from_snapshot [7.240439s] ... ok
{1} tempest.api.volume.test_volumes_snapshots.VolumesSnapshotTestJSON.test_volume_from_snapshot_no_size [6.125917s] ... ok

==============================
Failed 1 tests - output below:
==============================

tempest.api.volume.test_volumes_snapshots.VolumesSnapshotTestJSON.test_snapshot_create_offline_delete_online[compute,id-5210a1de-85a0-11e6-bb21-641c676a5d61]
-------------------------------------------------------------------------------------------------------------------------------------------------------------

Captured traceback:
~~~~~~~~~~~~~~~~~~~
    Traceback (most recent call last):

      File "/usr/local/lib/python3.6/site-packages/urllib3/connectionpool.py", line 445, in _make_request
    six.raise_from(e, None)

      File "<string>", line 3, in raise_from

      File "/usr/local/lib/python3.6/site-packages/urllib3/connectionpool.py", line 440, in _make_request
    httplib_response = conn.getresponse()

      File "/usr/lib64/python3.6/http/client.py", line 1346, in getresponse
    response.begin()

      File "/usr/lib64/python3.6/http/client.py", line 307, in begin
    version, status, reason = self._read_status()

      File "/usr/lib64/python3.6/http/client.py", line 268, in _read_status
    line = str(self.fp.readline(_MAXLINE + 1), "iso-8859-1")

      File "/usr/lib64/python3.6/socket.py", line 586, in readinto
    return self._sock.recv_into(b)

    socket.timeout: timed out

    
During handling of the above exception, another exception occurred:


    Traceback (most recent call last):

      File "/usr/local/lib/python3.6/site-packages/tempest/common/utils/__init__.py", line 70, in wrapper
    return f(*func_args, **func_kwargs)

      File "/usr/local/lib/python3.6/site-packages/tempest/api/volume/test_volumes_snapshots.py", line 83, in test_snapshot_create_offline_delete_online
    server = self.create_server()

      File "/usr/local/lib/python3.6/site-packages/tempest/api/volume/base.py", line 212, in create_server
    **kwargs)

      File "/usr/local/lib/python3.6/site-packages/tempest/common/compute.py", line 199, in create_test_server
    **kwargs)

      File "/usr/local/lib/python3.6/site-packages/tempest/lib/services/compute/servers_client.py", line 105, in create_server
    resp, body = self.post('servers', post_body)

      File "/usr/local/lib/python3.6/site-packages/tempest/lib/common/rest_client.py", line 299, in post
    return self.request('POST', url, extra_headers, headers, body, chunked)

      File "/usr/local/lib/python3.6/site-packages/tempest/lib/services/compute/base_compute_client.py", line 48, in request
    method, url, extra_headers, headers, body, chunked)

      File "/usr/local/lib/python3.6/site-packages/tempest/lib/common/rest_client.py", line 688, in request
    body=body, chunked=chunked)

      File "/usr/local/lib/python3.6/site-packages/tempest/lib/common/rest_client.py", line 568, in _request
    chunked=chunked

      File "/usr/local/lib/python3.6/site-packages/tempest/lib/common/rest_client.py", line 608, in raw_request
    body=body, chunked=chunked)

      File "/usr/local/lib/python3.6/site-packages/tempest/lib/common/http.py", line 111, in request
    *args, **new_kwargs)

      File "/usr/local/lib/python3.6/site-packages/urllib3/request.py", line 79, in request
    method, url, fields=fields, headers=headers, **urlopen_kw

      File "/usr/local/lib/python3.6/site-packages/urllib3/request.py", line 170, in request_encode_body
    return self.urlopen(method, url, **extra_kw)

      File "/usr/local/lib/python3.6/site-packages/urllib3/poolmanager.py", line 375, in urlopen
    response = conn.urlopen(method, u.request_uri, **kw)

      File "/usr/local/lib/python3.6/site-packages/urllib3/connectionpool.py", line 756, in urlopen
    method, url, error=e, _pool=self, _stacktrace=sys.exc_info()[2]

      File "/usr/local/lib/python3.6/site-packages/urllib3/util/retry.py", line 532, in increment
    raise six.reraise(type(error), error, _stacktrace)

      File "/usr/local/lib/python3.6/site-packages/urllib3/packages/six.py", line 770, in reraise
    raise value

      File "/usr/local/lib/python3.6/site-packages/urllib3/connectionpool.py", line 706, in urlopen
    chunked=chunked,

      File "/usr/local/lib/python3.6/site-packages/urllib3/connectionpool.py", line 447, in _make_request
    self._raise_timeout(err=e, url=url, timeout_value=read_timeout)

      File "/usr/local/lib/python3.6/site-packages/urllib3/connectionpool.py", line 337, in _raise_timeout
    self, url, "Read timed out. (read timeout=%s)" % timeout_value

    urllib3.exceptions.ReadTimeoutError: HTTPConnectionPool(host='[LB_IP_ADDRESS]', port=8774): Read timed out. (read timeout=60)


Captured pythonlogging:
~~~~~~~~~~~~~~~~~~~~~~~
    2022-09-16 12:27:05,421 8373 INFO     [tempest.lib.common.rest_client] Request (VolumesSnapshotTestJSON:test_snapshot_create_offline_delete_online): 202 POST http://[LB_IP_ADDRESS]:8776/v3/3661a82b6fb2425284192ff43f9ecc5c/snapshots 0.158s
2022-09-16 12:27:05,421 8373 DEBUG    [tempest.lib.common.rest_client] Request - Headers: {'Content-Type': 'application/json', 'Accept': 'application/json', 'X-Auth-Token': '<omitted>'}
        Body: {"snapshot": {"volume_id": "1fd3ef1b-6d09-4f74-bc0b-f978803da94c", "name": "tempest-VolumesSnapshotTestJSON-Snapshot-1432318255"}}
    Response - Headers: {'date': 'Fri, 16 Sep 2022 09:27:05 GMT', 'server': 'Apache/2.4.52 (Ubuntu)', 'content-length': '310', 'x-compute-request-id': 'req-ebc67453-19c1-4b22-985d-df9043dd7761', 'openstack-api-version': 'volume 3.0', 'vary': 'OpenStack-API-Version', 'x-openstack-request-id': 'req-ebc67453-19c1-4b22-985d-df9043dd7761', 'connection': 'close', 'content-type': 'application/json', 'status': '202', 'content-location': 'http://[LB_IP_ADDRESS]:8776/v3/3661a82b6fb2425284192ff43f9ecc5c/snapshots'}
        Body: b'{"snapshot": {"id": "09c9b86e-26c9-40b7-8808-44e5dafdcb46", "created_at": "2022-09-16T09:27:05.367486", "updated_at": null, "name": "tempest-VolumesSnapshotTestJSON-Snapshot-1432318255", "description": null, "volume_id": "1fd3ef1b-6d09-4f74-bc0b-f978803da94c", "status": "creating", "size": 1, "metadata": {}}}'
2022-09-16 12:27:05,447 8373 INFO     [tempest.lib.common.rest_client] Request (VolumesSnapshotTestJSON:test_snapshot_create_offline_delete_online): 200 GET http://[LB_IP_ADDRESS]:8776/v3/3661a82b6fb2425284192ff43f9ecc5c/snapshots/09c9b86e-26c9-40b7-8808-44e5dafdcb46 0.023s
2022-09-16 12:27:05,447 8373 DEBUG    [tempest.lib.common.rest_client] Request - Headers: {'Content-Type': 'application/json', 'Accept': 'application/json', 'X-Auth-Token': '<omitted>'}
        Body: None
    Response - Headers: {'date': 'Fri, 16 Sep 2022 09:27:05 GMT', 'server': 'Apache/2.4.52 (Ubuntu)', 'content-length': '442', 'x-compute-request-id': 'req-aed98bee-74e5-48ec-b068-6c9d438dbced', 'openstack-api-version': 'volume 3.0', 'vary': 'OpenStack-API-Version', 'x-openstack-request-id': 'req-aed98bee-74e5-48ec-b068-6c9d438dbced', 'connection': 'close', 'content-type': 'application/json', 'status': '200', 'content-location': 'http://[LB_IP_ADDRESS]:8776/v3/3661a82b6fb2425284192ff43f9ecc5c/snapshots/09c9b86e-26c9-40b7-8808-44e5dafdcb46'}
        Body: b'{"snapshot": {"id": "09c9b86e-26c9-40b7-8808-44e5dafdcb46", "created_at": "2022-09-16T09:27:05.000000", "updated_at": null, "name": "tempest-VolumesSnapshotTestJSON-Snapshot-1432318255", "description": null, "volume_id": "1fd3ef1b-6d09-4f74-bc0b-f978803da94c", "status": "creating", "size": 1, "metadata": {}, "os-extended-snapshot-attributes:project_id": "3661a82b6fb2425284192ff43f9ecc5c", "os-extended-snapshot-attributes:progress": "0%"}}'
2022-09-16 12:27:06,475 8373 INFO     [tempest.lib.common.rest_client] Request (VolumesSnapshotTestJSON:test_snapshot_create_offline_delete_online): 200 GET http://[LB_IP_ADDRESS]:8776/v3/3661a82b6fb2425284192ff43f9ecc5c/snapshots/09c9b86e-26c9-40b7-8808-44e5dafdcb46 0.024s
2022-09-16 12:27:06,476 8373 DEBUG    [tempest.lib.common.rest_client] Request - Headers: {'Content-Type': 'application/json', 'Accept': 'application/json', 'X-Auth-Token': '<omitted>'}
        Body: None
    Response - Headers: {'date': 'Fri, 16 Sep 2022 09:27:06 GMT', 'server': 'Apache/2.4.52 (Ubuntu)', 'content-length': '442', 'x-compute-request-id': 'req-c23d22ed-adeb-4826-a674-b12a6134cddc', 'openstack-api-version': 'volume 3.0', 'vary': 'OpenStack-API-Version', 'x-openstack-request-id': 'req-c23d22ed-adeb-4826-a674-b12a6134cddc', 'connection': 'close', 'content-type': 'application/json', 'status': '200', 'content-location': 'http://[LB_IP_ADDRESS]:8776/v3/3661a82b6fb2425284192ff43f9ecc5c/snapshots/09c9b86e-26c9-40b7-8808-44e5dafdcb46'}
        Body: b'{"snapshot": {"id": "09c9b86e-26c9-40b7-8808-44e5dafdcb46", "created_at": "2022-09-16T09:27:05.000000", "updated_at": null, "name": "tempest-VolumesSnapshotTestJSON
    -Snapshot-1432318255", "description": null, "volume_id": "1fd3ef1b-6d09-4f74-bc0b-f978803da94c", "status": "creating", "size": 1, "metadata": {}, "os-extended-snapshot-attributes:project_id": "3661a82b6fb2425284192ff43f9ecc5c", "os-extended-snapshot-attributes:progress": "0%"}}'
2022-09-16 12:27:07,510 8373 INFO     [tempest.lib.common.rest_client] Request (VolumesSnapshotTestJSON:test_snapshot_create_offline_delete_online): 200 GET http://[LB_IP_ADDRESS]:8776/v3/3661a82b6fb2425284192ff43f9ecc5c/snapshots/09c9b86e-26c9-40b7-8808-44e5dafdcb46 0.031s
2022-09-16 12:27:07,511 8373 DEBUG    [tempest.lib.common.rest_client] Request - Headers: {'Content-Type': 'application/json', 'Accept': 'application/json', 'X-Auth-Token': '<omitted>'}
        Body: None
    Response - Headers: {'date': 'Fri, 16 Sep 2022 09:27:07 GMT', 'server': 'Apache/2.4.52 (Ubuntu)', 'content-length': '469', 'x-compute-request-id': 'req-2c464799-bf66-4270-984c-ae072b1090b9', 'openstack-api-version': 'volume 3.0', 'vary': 'OpenStack-API-Version', 'x-openstack-request-id': 'req-2c464799-bf66-4270-984c-ae072b1090b9', 'connection': 'close', 'content-type': 'application/json', 'status': '200', 'content-location': 'http://[LB_IP_ADDRESS]:8776/v3/3661a82b6fb2425284192ff43f9ecc5c/snapshots/09c9b86e-26c9-40b7-8808-44e5dafdcb46'}
        Body: b'{"snapshot": {"id": "09c9b86e-26c9-40b7-8808-44e5dafdcb46", "created_at": "2022-09-16T09:27:05.000000", "updated_at": "2022-09-16T09:27:06.000000", "name": "tempest-VolumesSnapshotTestJSON-Snapshot-1432318255", "description": null, "volume_id": "1fd3ef1b-6d09-4f74-bc0b-f978803da94c", "status": "available", "size": 1, "metadata": {}, "os-extended-snapshot-attributes:project_id": "3661a82b6fb2425284192ff43f9ecc5c", "os-extended-snapshot-attributes:progress": "100%"}}'
2022-09-16 12:27:07,513 8373 INFO     [tempest.common.waiters] snapshot 09c9b86e-26c9-40b7-8808-44e5dafdcb46 reached available after waiting for 2.513597 seconds
2022-09-16 12:27:08,117 8373 INFO     [tempest.lib.common.rest_client] Request (VolumesSnapshotTestJSON:test_snapshot_create_offline_delete_online): 201 POST http://controller:5000/v3/auth/tokens 0.598s
2022-09-16 12:27:08,117 8373 DEBUG    [tempest.lib.common.rest_client] Request - Headers: {'Content-Type': 'application/json', 'Accept': 'application/json'}
        Body: <omitted>
    Response - Headers: {'date': 'Fri, 16 Sep 2022 09:27:07 GMT', 'server': 'Apache', 'content-length': '3897', 'x-subject-token': '<omitted>', 'vary': 'X-Auth-Token', 'x-openstack-request-id': 'req-e8fb9e70-cd68-4516-bf16-cefc66988857', 'connection': 'close', 'content-type': 'application/json', 'status': '201', 'content-location': 'http://controller:5000/v3/auth/tokens'}
        Body: b'{"token": {"methods": ["password"], "user": {"domain": {"id": "default", "name": "Default"}, "id": "adc98d5898db4909813da635ae36a9e6", "name": "tempest-VolumesSnapshotTestJSON-1940232244-project", "password_expires_at": null}, "audit_ids": ["Y90TD-ENTcuEtrUY2gl-uQ"], "expires_at": "2022-09-17T09:27:08.000000Z", "issued_at": "2022-09-16T09:27:08.000000Z", "project": {"domain": {"id": "default", "name": "Default"}, "id": "3661a82b6fb2425284192ff43f9ecc5c", "name": "tempest-VolumesSnapshotTestJSON-1940232244"}, "is_domain": false, "roles": [{"id": "7b6ea7dc2eb141f29a3a9e23a4c2c824", "name": "reader"}, {"id": "0507dcac97cf4b1287a868fb6c1659cd", "name": "admin"}, {"id": "2913e7a7c2a847878dc9cdb675d7c7ed", "name": "member"}], "catalog": [{"endpoints": [{"id": "292c8ce0e8094e22ba8e5405d7bc379b", "interface": "internal", "region_id": "RegionOne", "url": "http://[LB_IP_ADDRESS]:9696", "region": "RegionOne"}, {"id": "d89f5ccde5984d98a252e2dbf650877d", "interface": "public", "region_id": "RegionOne", "url": "http://[LB_IP_ADDRESS]:9696", "region": "RegionOne"}], "id": "416349347dab4d3fa9649c7b26302ae7", "type": "network", "name": "neutron"}, {"endpoints": [{"id": "4d71245733f34633873481b0ca448768", "interface": "public", "region_id": "RegionOne", "url": "http://[LB_IP_ADDRESS]:9292", "region": "RegionOne"}, {"id": "fda7c03bac7f48efb5983a640d15bff7", "interfac
    e": "internal", "region_id": "RegionOne", "url": "http://[LB_IP_ADDRESS]:9292", "region": "RegionOne"}], "id": "67181080dbf54dc2a639a3631808daaf", "type": "image", "name": "glance"}, {"endpoints": [{"id": "1651053e0e424388aec5c9c3370c8545", "interface": "public", "region_id": "RegionOne", "url": "http://[LB_IP_ADDRESS]:8776/v3/3661a82b6fb2425284192ff43f9ecc5c", "region": "RegionOne"}, {"id": "93cf7f5cb1374d96b2c64753bdacb2f5", "interface": "internal", "region_id": "RegionOne", "url": "http://[LB_IP_ADDRESS]:8776/v3/3661a82b6fb2425284192ff43f9ecc5c", "region": "RegionOne"}], "id": "90191eeb330b45eab56126bb51c0e3f5", "type": "volumev3", "name": "cinderv3"}, {"endpoints": [{"id": "8fae4d8a9b564fa89c8a1fbf33d2322c", "interface": "internal", "region_id": "RegionOne", "url": "http://[LB_IP_ADDRESS]:8774/v2/3661a82b6fb2425284192ff43f9ecc5c", "region": "RegionOne"}, {"id": "c0f6eab20a2f49f79be66cb0c536de96", "interface": "public", "region_id": "RegionOne", "url": "http://[LB_IP_ADDRESS]:8774/v2/3661a82b6fb2425284192ff43f9ecc5c", "region": "RegionOne"}], "id": "9c25b6b4b43945a4a53adb3aefecfef8", "type": "compute_legacy", "name": "nova_legacy"}, {"endpoints": [{"id": "0081edae054a4970916d8154f7bb18c9", "interface": "internal", "region_id": "RegionOne", "url": "http://[LB_IP_ADDRESS]:8780", "region": "RegionOne"}, {"id": "1aba555cd1a049a09ae5ab00b5bdb764", "interface": "public", "region_id": "RegionOne", "url": "http://[LB_IP_ADDRESS]:8780", "region": "RegionOne"}], "id": "c07845382f1c494a835e95d74d769a78", "type": "placement", "name": "placement"}, {"endpoints": [{"id": "2e613532d8564f3cadd59261281a185d", "interface": "admin", "region_id": "RegionOne", "url": "http://[LB_IP_ADDRESS]:5000", "region": "RegionOne"}, {"id": "a7d6aeb22e244b94b115ec3fc48710a5", "interface": "public", "region_id": "RegionOne", "url": "http://[LB_IP_ADDRESS]:5000", "region": "RegionOne"}, {"id": "bfc8907a4b79449391c9cb39c8eddee8", "interface": "internal", "region_id": "RegionOne", "url": "http://[LB_IP_ADDRESS]:5000", "region": "RegionOne"}], "id": "d520daa803314f0098fbfb35b858059e", "type": "identity", "name": "keystone"}, {"endpoints": [{"id": "90f90d53a57f499fa595957a139835eb", "interface": "public", "region_id": "RegionOne", "url": "http://[LB_IP_ADDRESS]:8774/v2.1", "region": "RegionOne"}, {"id": "df9c89a86e1b40e9b1b7ff9707e83338", "interface": "internal", "region_id": "RegionOne", "url": "http://[LB_IP_ADDRESS]:8774/v2.1", "region": "RegionOne"}], "id": "f4c234d8f46e486d9cdbdb20fd97053b", "type": "compute", "name": "nova"}]}}'
2022-09-16 12:27:08,122 8373 INFO     [tempest.lib.common.fixed_network] (VolumesSnapshotTestJSON:test_snapshot_create_offline_delete_online) Found network None available for tenant



======
Totals
======
Ran: 218 tests in 319.5870 sec.
 - Passed: 210
 - Skipped: 7
 - Expected Fail: 0
 - Unexpected Success: 0
 - Failed: 1
Sum of execute time for each test: 536.6089 sec.

==============
Worker Balance
==============
 - Worker 0 (58 tests) => 0:04:52.468179
 - Worker 1 (80 tests) => 0:05:19.495686
 - Worker 2 (80 tests) => 0:04:19.112919
