{2} tempest.api.compute.volumes.test_attach_volume_negative.AttachVolumeNegativeTest.test_attach_attached_volume_to_different_server [0.471815s] ... FAILED

Captured traceback:
~~~~~~~~~~~~~~~~~~~
    Traceback (most recent call last):

      File "/usr/local/lib/python3.6/site-packages/fixtures/fixture.py", line 197, in setUp
    self._setUp()

      File "/usr/local/lib/python3.6/site-packages/tempest/lib/common/validation_resources.py", line 445, in _setUp
    floating_network_name=self._floating_network_name)

      File "/usr/local/lib/python3.6/site-packages/tempest/lib/common/validation_resources.py", line 245, in create_validation_resources
    LOG.exception(msg, prov_exc, cleanup_exc)

      File "/usr/local/lib/python3.6/site-packages/oslo_utils/excutils.py", line 227, in __exit__
    self.force_reraise()

      File "/usr/local/lib/python3.6/site-packages/oslo_utils/excutils.py", line 200, in force_reraise
    raise self.value

      File "/usr/local/lib/python3.6/site-packages/tempest/lib/common/validation_resources.py", line 217, in create_validation_resources
    pool=floating_network_name))

      File "/usr/local/lib/python3.6/site-packages/tempest/lib/services/compute/floating_ips_client.py", line 66, in create_floating_ip
    resp, body = self.post(url, post_body)

      File "/usr/local/lib/python3.6/site-packages/tempest/lib/common/rest_client.py", line 299, in post
    return self.request('POST', url, extra_headers, headers, body, chunked)

      File "/usr/local/lib/python3.6/site-packages/tempest/lib/services/compute/base_compute_client.py", line 48, in request
    method, url, extra_headers, headers, body, chunked)

      File "/usr/local/lib/python3.6/site-packages/tempest/lib/common/rest_client.py", line 703, in request
    self._error_checker(resp, resp_body)

      File "/usr/local/lib/python3.6/site-packages/tempest/lib/common/rest_client.py", line 809, in _error_checker
    raise exceptions.NotFound(resp_body, resp=resp)

    tempest.lib.exceptions.NotFound: Object not found
Details: {'code': 404, 'message': 'Floating IP pool not found.'}


Captured traceback-1:
~~~~~~~~~~~~~~~~~~~~~
    Traceback (most recent call last):

      File "/usr/local/lib/python3.6/site-packages/fixtures/fixture.py", line 197, in setUp
    self._setUp()

      File "/usr/local/lib/python3.6/site-packages/tempest/lib/common/validation_resources.py", line 445, in _setUp
    floating_network_name=self._floating_network_name)

      File "/usr/local/lib/python3.6/site-packages/tempest/lib/common/validation_resources.py", line 245, in create_validation_resources
    LOG.exception(msg, prov_exc, cleanup_exc)

      File "/usr/local/lib/python3.6/site-packages/oslo_utils/excutils.py", line 227, in __exit__
    self.force_reraise()

      File "/usr/local/lib/python3.6/site-packages/oslo_utils/excutils.py", line 200, in force_reraise
    raise self.value

      File "/usr/local/lib/python3.6/site-packages/tempest/lib/common/validation_resources.py", line 217, in create_validation_resources
    pool=floating_network_name))

      File "/usr/local/lib/python3.6/site-packages/tempest/lib/services/compute/floating_ips_client.py", line 66, in create_floating_ip
    resp, body = self.post(url, post_body)

      File "/usr/local/lib/python3.6/site-packages/tempest/lib/common/rest_client.py", line 299, in post
    return self.request('POST', url, extra_headers, headers, body, chunked)

      File "/usr/local/lib/python3.6/site-packages/tempest/lib/services/compute/base_compute_client.py", line 48, in request
    method, url, extra_headers, headers, body, chunked)

      File "/usr/local/lib/python3.6/site-packages/tempest/lib/common/rest_client.py", line 703, in request
    self._error_checker(resp, resp_body)

      File "/usr/local/lib/python3.6/site-packages/tempest/lib/common/rest_client.py", line 809, in _error_checker
    raise exceptions.NotFound(resp_body, resp=resp)

    tempest.lib.exceptions.NotFound: Object not found
Details: {'code': 404, 'message': 'Floating IP pool not found.'}

    
During handling of the above exception, another exception occurred:


    Traceback (most recent call last):

      File "/usr/local/lib/python3.6/site-packages/fixtures/fixture.py", line 208, in setUp
    raise SetupError(details)

    fixtures.fixture.SetupError: {}


Captured pythonlogging:
~~~~~~~~~~~~~~~~~~~~~~~
    2022-07-20 22:03:30,997 16233 DEBUG    [tempest.lib.common.validation_resources] Requested setup of ValidationResources keypair True, floating IP True, security group False
2022-07-20 22:03:30,998 16233 DEBUG    [tempest.lib.common.validation_resources] Requested validation resources keypair True, floating IP True, security group False
2022-07-20 22:03:31,228 16233 INFO     [tempest.lib.common.rest_client] Request (ValidationResourcesFixture:setUp): 200 POST http://[LB_IP_ADDRESS]:8774/v2.1/os-keypairs 0.229s
2022-07-20 22:03:31,229 16233 DEBUG    [tempest.lib.common.rest_client] Request - Headers: {'Content-Type': 'application/json', 'Accept': 'application/json', 'X-Auth-Token': '<omitted>'}
        Body: {"keypair": {"name": "tempest-keypair-1082246701"}}
    Response - Headers: {'date': 'Wed, 20 Jul 2022 19:03:31 GMT', 'server': 'Apache/2.4.41 (Ubuntu)', 'content-length': '2301', 'openstack-api-version': 'compute 2.1', 'x-openstack-nova-api-version': '2.1', 'vary': 'OpenStack-API-Version,X-OpenStack-Nova-API-Version', 'x-openstack-request-id': 'req-a148cfec-2b46-4dce-bb6d-41992d356ebe', 'x-compute-request-id': 'req-a148cfec-2b46-4dce-bb6d-41992d356ebe', 'connection': 'close', 'content-type': 'application/json', 'status': '200', 'content-location': 'http://[LB_IP_ADDRESS]:8774/v2.1/os-keypairs'}
        Body: b'{"keypair": {"private_key": "-----BEGIN RSA PRIVATE KEY-----\\nMIIEowIBAAKCAQEAoyZzKQ4M0uBjPxKN3IyDiQNMtoNg6x2zQgGBvvAeJUEUdb6J\\nAe669Irsbl5vZAR+dp9hojDSD246HmGVwUeN+ThpCT7i7/yAnWiwo4LFXRT6Oyvo\\nj76IwLfiFGsuDChZS7l+jnuhRtXqkC6XHPkGLJl3OV2CwT+tczgkoosUn8XPe9Qm\\nj4Q8yxilqnVJZO7cAeD7zLwe+PetyHOKEL55DdiOnODDI5gRbEf8bfPrDZG7HB4y\\nwcv5ROCDvzQSxWmwxC0aTrntSuUO1YDZ3ITc+oNb+O/0R3v3OzkkjjgbFRi7Qjck\\naZLoQjkSD9oMikfjVdMoxA3SZ1+JLqD6xvGC9wIDAQABAoIBAE3rWyzMbQt552yE\\nLASdh2S0krrIXE1uTeLEXXcXrw4T2vWxHjYyElAg2XKM355hFxUIYdTYhDqiZleE\\nO8WnqwLQEjo8Mp5zdem3ykUNe71M+4WvHs8oLJ/+MpeV6NQdoSgtW2gpW4k9OV3L\\nIpjPxkcetHZNVtl81BYnRjfrPNphF8ug2hjXDnazkKk03En0IuRfkq98KxD6pz3E\\nZ/sEomPE21gSYBuF0ATNFF5XttQdv60PmE1DXBIkC0H9RB8qRyW61MBSalY0oUq4\\niPtaX8ZAGqTI/krr3nEqQM2QMsWMRE9DTQAhDZfOUTME/59PrB+oPH/oMyumgwxa\\nOVySgmECgYEA0EVIxQP8Pd75FXHQ+lcj1ooDpiNWnl+rvxztCERpgalXyC8mPNjV\\nW4bAXDlb4z9O5fFOIZ0rFGMKo75JePdnf7GPBDwyRzD1Bb7LpuvJU/CKRxXnpwCn\\nCnmVdKlRQutn/igOwmVP6rFFpKZpUYkOvi7/MaMInQZNB/g0arsVAu0CgYEAyIoP\\n7kYhw9sxVUtG/dSipLDu6R5uBS+caTgsQ1DkBTpfFdJp0EeBi3FpttESecF26u7R\\ndmx5jxbmOK3Y2gWjZUEOvRe9DT+q0DOUrptAd1WtkQkVbap3SA6t2HaLLCExMqdD\\neCMYgvDfuW6fyWWqgm3y6b9Cn5NPTRK4jBCbLPMCgYABzHdibDRjfGd+TetWHiaL\\nFcoOR0PaPk1Ha0KIzb5zhjjh27Zi1CSTk8hZg41NmyBdUAYyuB7FIE3ZOC1+Q/S6\\n35eym6p7fuq+z/UGTgcBGJS5JHFJufG3X3Fw/n1bLJlLUqE+AI3+IuXNFDrYn2xn\\nLBS8IwJSCNnldblOKqt1yQKBgHHrI+OaSWIGKT8ntRtKaF4f+IfK9nrRsgt/kn1m\\n/TEPGKa/0cY0aJ26/m+Q0usBgLkykyCvvFoRixSVhUNMwqYpT+MREh7tlO4S7xpF\\nLVjc/e0O+PJETOBNHmqB5Mtby6PXqpcbcLgpdx3SfsicjUDsjnpEYOdfekPxJ47B\\nfDULAoGBAJmMOtdumbTcFZEyBcRmD5Cf0F+3QZFy7iOOg/iQtMiHfJPkfgadnmTH\\nhQaFgwIykOip3hYnD/mI+90aIwU3K8guwO5bBUsYqbnQZuCcFs/e+OfRxtC0BVtf\\nxqdbkmgq5aHtN97egn0Q0l+xz51k2P/E4hYwENxxfs8ExhBeoxFP\\n-----END RSA PRIVATE KEY-----\\n", "name": "tempest-keypair-1082246701", "public_key": "ssh-rsa AAAAB3NzaC1yc2EAAAADAQABAAABAQCjJnMpDgzS4GM/Eo3cjIOJA0y2g2DrHbNCAYG+8B4lQRR1vokB7rr0iuxuXm9kBH52n2GiMNIPbjoeYZXBR435OGkJPuLv/ICdaLCjgsVdFPo7K+iPvojAt+IUay4MKFlLuX6Oe6FG1eqQLpcc+QYsmXc5XYLBP61zOCSiixSfxc971CaPhDzLGKWqdUlk7twB4PvMvB74963Ic4oQvnkN2I6c4MMjmBFsR/xt8+sNkbscHjLBy/lE4IO/NBLFabDELRpOue1K5Q7VgNnchNz6g1v47/RHe/c7OSSOOBsVGLtCNyRpkuhCORIP2gyKR+NV0yjEDdJnX4kuoPrG8YL3 Generated-by-Nova", "fingerprint": "89:94:e6:a4:26:72:41:55:ab:66:94:c9:c2:14:5e:1a", "user_id": "73a855d0ca6d4441b081401e42fcf1f8"}}'
2022-07-20 22:03:31,234 16233 DEBUG    [tempest.lib.common.validation_resources] Validation resource key tempest-keypair-1082246701 created
2022-07-20 22:03:31,433 16233 INFO     [tempest.lib.common.rest_client] Request (ValidationResourcesFixture:setUp): 404 POST http://[LB_IP_ADDRESS]:8774/v2.1/os-floating-ips 0.197s
2022-07-20 22:03:31,433 16233 DEBUG    [tempest.lib.common.rest_client] Request - Headers: {'Content-Type': 'appl
    ication/json', 'Accept': 'application/json', 'X-Auth-Token': '<omitted>'}
        Body: {"pool": null}
    Response - Headers: {'date': 'Wed, 20 Jul 2022 19:03:31 GMT', 'server': 'Apache/2.4.41 (Ubuntu)', 'content-length': '73', 'openstack-api-version': 'compute 2.1', 'x-openstack-nova-api-version': '2.1', 'vary': 'OpenStack-API-Version,X-OpenStack-Nova-API-Version', 'x-openstack-request-id': 'req-f2cac4e5-4424-4154-ae7f-aebac6e35688', 'x-compute-request-id': 'req-f2cac4e5-4424-4154-ae7f-aebac6e35688', 'connection': 'close', 'content-type': 'application/json; charset=UTF-8', 'status': '404', 'content-location': 'http://[LB_IP_ADDRESS]:8774/v2.1/os-floating-ips'}
        Body: b'{"itemNotFound": {"code": 404, "message": "Floating IP pool not found."}}'
2022-07-20 22:03:31,434 16233 DEBUG    [tempest.lib.common.validation_resources] Error while provisioning validation resources Object not found
Details: {'code': 404, 'message': 'Floating IP pool not found.'}. Trying to cleanup what we provisioned so far: {'keypair': {'private_key': '-----BEGIN RSA PRIVATE KEY-----\nMIIEowIBAAKCAQEAoyZzKQ4M0uBjPxKN3IyDiQNMtoNg6x2zQgGBvvAeJUEUdb6J\nAe669Irsbl5vZAR+dp9hojDSD246HmGVwUeN+ThpCT7i7/yAnWiwo4LFXRT6Oyvo\nj76IwLfiFGsuDChZS7l+jnuhRtXqkC6XHPkGLJl3OV2CwT+tczgkoosUn8XPe9Qm\nj4Q8yxilqnVJZO7cAeD7zLwe+PetyHOKEL55DdiOnODDI5gRbEf8bfPrDZG7HB4y\nwcv5ROCDvzQSxWmwxC0aTrntSuUO1YDZ3ITc+oNb+O/0R3v3OzkkjjgbFRi7Qjck\naZLoQjkSD9oMikfjVdMoxA3SZ1+JLqD6xvGC9wIDAQABAoIBAE3rWyzMbQt552yE\nLASdh2S0krrIXE1uTeLEXXcXrw4T2vWxHjYyElAg2XKM355hFxUIYdTYhDqiZleE\nO8WnqwLQEjo8Mp5zdem3ykUNe71M+4WvHs8oLJ/+MpeV6NQdoSgtW2gpW4k9OV3L\nIpjPxkcetHZNVtl81BYnRjfrPNphF8ug2hjXDnazkKk03En0IuRfkq98KxD6pz3E\nZ/sEomPE21gSYBuF0ATNFF5XttQdv60PmE1DXBIkC0H9RB8qRyW61MBSalY0oUq4\niPtaX8ZAGqTI/krr3nEqQM2QMsWMRE9DTQAhDZfOUTME/59PrB+oPH/oMyumgwxa\nOVySgmECgYEA0EVIxQP8Pd75FXHQ+lcj1ooDpiNWnl+rvxztCERpgalXyC8mPNjV\nW4bAXDlb4z9O5fFOIZ0rFGMKo75JePdnf7GPBDwyRzD1Bb7LpuvJU/CKRxXnpwCn\nCnmVdKlRQutn/igOwmVP6rFFpKZpUYkOvi7/MaMInQZNB/g0arsVAu0CgYEAyIoP\n7kYhw9sxVUtG/dSipLDu6R5uBS+caTgsQ1DkBTpfFdJp0EeBi3FpttESecF26u7R\ndmx5jxbmOK3Y2gWjZUEOvRe9DT+q0DOUrptAd1WtkQkVbap3SA6t2HaLLCExMqdD\neCMYgvDfuW6fyWWqgm3y6b9Cn5NPTRK4jBCbLPMCgYABzHdibDRjfGd+TetWHiaL\nFcoOR0PaPk1Ha0KIzb5zhjjh27Zi1CSTk8hZg41NmyBdUAYyuB7FIE3ZOC1+Q/S6\n35eym6p7fuq+z/UGTgcBGJS5JHFJufG3X3Fw/n1bLJlLUqE+AI3+IuXNFDrYn2xn\nLBS8IwJSCNnldblOKqt1yQKBgHHrI+OaSWIGKT8ntRtKaF4f+IfK9nrRsgt/kn1m\n/TEPGKa/0cY0aJ26/m+Q0usBgLkykyCvvFoRixSVhUNMwqYpT+MREh7tlO4S7xpF\nLVjc/e0O+PJETOBNHmqB5Mtby6PXqpcbcLgpdx3SfsicjUDsjnpEYOdfekPxJ47B\nfDULAoGBAJmMOtdumbTcFZEyBcRmD5Cf0F+3QZFy7iOOg/iQtMiHfJPkfgadnmTH\nhQaFgwIykOip3hYnD/mI+90aIwU3K8guwO5bBUsYqbnQZuCcFs/e+OfRxtC0BVtf\nxqdbkmgq5aHtN97egn0Q0l+xz51k2P/E4hYwENxxfs8ExhBeoxFP\n-----END RSA PRIVATE KEY-----\n', 'name': 'tempest-keypair-1082246701', 'public_key': 'ssh-rsa AAAAB3NzaC1yc2EAAAADAQABAAABAQCjJnMpDgzS4GM/Eo3cjIOJA0y2g2DrHbNCAYG+8B4lQRR1vokB7rr0iuxuXm9kBH52n2GiMNIPbjoeYZXBR435OGkJPuLv/ICdaLCjgsVdFPo7K+iPvojAt+IUay4MKFlLuX6Oe6FG1eqQLpcc+QYsmXc5XYLBP61zOCSiixSfxc971CaPhDzLGKWqdUlk7twB4PvMvB74963Ic4oQvnkN2I6c4MMjmBFsR/xt8+sNkbscHjLBy/lE4IO/NBLFabDELRpOue1K5Q7VgNnchNz6g1v47/RHe/c7OSSOOBsVGLtCNyRpkuhCORIP2gyKR+NV0yjEDdJnX4kuoPrG8YL3 Generated-by-Nova', 'fingerprint': '89:94:e6:a4:26:72:41:55:ab:66:94:c9:c2:14:5e:1a', 'user_id': '73a855d0ca6d4441b081401e42fcf1f8'}}
2022-07-20 22:03:31,463 16233 INFO     [tempest.lib.common.rest_client] Request (ValidationResourcesFixture:setUp): 202 DELETE http://[LB_IP_ADDRESS]:8774/v2.1/os-keypairs/tempest-keypair-1082246701 0.028s
2022-07-20 22:03:31,464 16233 DEBUG    [tempest.lib.common.rest_client] Request - Headers: {'Content-Type': 'application/json', 'Accept': 'application/json', 'X-Auth-Token': '<omitted>'}
        Body: None
    Response - Headers: {'date': 'Wed, 20 Jul 2022 19:03:31 GMT', 'server': 'Apache/2.4.41 (Ubuntu)', 'content-length': '0', 'openstack-api-version': 'compute 2.1', 'x-openstack-nova-api-version': '2.1', 'vary': 'OpenStack-API-Version,X-OpenStack-Nova-API-Version', 'x-openstack-request-id': 'req-c5bab4ea-97dc-4734-bd38-ef4284331671', 'x-compute-request-id': 'req-c
    5bab4ea-97dc-4734-bd38-ef4284331671', 'connection': 'close', 'content-type': 'application/json', 'status': '202', 'content-location': 'http://[LB_IP_ADDRESS]:8774/v2.1/os-keypairs/tempest-keypair-1082246701'}
        Body: b''

{2} tempest.api.compute.volumes.test_attach_volume_negative.AttachVolumeNegativeTest.test_attach_attached_volume_to_same_server [0.307545s] ... FAILED

Captured traceback:
~~~~~~~~~~~~~~~~~~~
    Traceback (most recent call last):

      File "/usr/local/lib/python3.6/site-packages/fixtures/fixture.py", line 197, in setUp
    self._setUp()

      File "/usr/local/lib/python3.6/site-packages/tempest/lib/common/validation_resources.py", line 445, in _setUp
    floating_network_name=self._floating_network_name)

      File "/usr/local/lib/python3.6/site-packages/tempest/lib/common/validation_resources.py", line 245, in create_validation_resources
    LOG.exception(msg, prov_exc, cleanup_exc)

      File "/usr/local/lib/python3.6/site-packages/oslo_utils/excutils.py", line 227, in __exit__
    self.force_reraise()

      File "/usr/local/lib/python3.6/site-packages/oslo_utils/excutils.py", line 200, in force_reraise
    raise self.value

      File "/usr/local/lib/python3.6/site-packages/tempest/lib/common/validation_resources.py", line 217, in create_validation_resources
    pool=floating_network_name))

      File "/usr/local/lib/python3.6/site-packages/tempest/lib/services/compute/floating_ips_client.py", line 66, in create_floating_ip
    resp, body = self.post(url, post_body)

      File "/usr/local/lib/python3.6/site-packages/tempest/lib/common/rest_client.py", line 299, in post
    return self.request('POST', url, extra_headers, headers, body, chunked)

      File "/usr/local/lib/python3.6/site-packages/tempest/lib/services/compute/base_compute_client.py", line 48, in request
    method, url, extra_headers, headers, body, chunked)

      File "/usr/local/lib/python3.6/site-packages/tempest/lib/common/rest_client.py", line 703, in request
    self._error_checker(resp, resp_body)

      File "/usr/local/lib/python3.6/site-packages/tempest/lib/common/rest_client.py", line 809, in _error_checker
    raise exceptions.NotFound(resp_body, resp=resp)

    tempest.lib.exceptions.NotFound: Object not found
Details: {'code': 404, 'message': 'Floating IP pool not found.'}


Captured traceback-1:
~~~~~~~~~~~~~~~~~~~~~
    Traceback (most recent call last):

      File "/usr/local/lib/python3.6/site-packages/fixtures/fixture.py", line 197, in setUp
    self._setUp()

      File "/usr/local/lib/python3.6/site-packages/tempest/lib/common/validation_resources.py", line 445, in _setUp
    floating_network_name=self._floating_network_name)

      File "/usr/local/lib/python3.6/site-packages/tempest/lib/common/validation_resources.py", line 245, in create_validation_resources
    LOG.exception(msg, prov_exc, cleanup_exc)

      File "/usr/local/lib/python3.6/site-packages/oslo_utils/excutils.py", line 227, in __exit__
    self.force_reraise()

      File "/usr/local/lib/python3.6/site-packages/oslo_utils/excutils.py", line 200, in force_reraise
    raise self.value

      File "/usr/local/lib/python3.6/site-packages/tempest/lib/common/validation_resources.py", line 217, in create_validation_resources
    pool=floating_network_name))

      File "/usr/local/lib/python3.6/site-packages/tempest/lib/services/compute/floating_ips_client.py", line 66, in create_floating_ip
    resp, body = self.post(url, post_body)

      File "/usr/local/lib/python3.6/site-packages/tempest/lib/common/rest_client.py", line 299, in post
    return self.request('POST', url, extra_headers, headers, body, chunked)

      File "/usr/local/lib/python3.6/site-packages/tempest/lib/services/compute/base_compute_client.py", line 48, in request
    method, url, extra_headers, headers, body, chunked)

      File "/usr/local/lib/python3.6/site-packages/tempest/lib/common/rest_client.py", line 703, in request
    self._error_checker(resp, resp_body)

      File "/usr/local/lib/python3.6/site-packages/tempest/lib/common/rest_client.py", line 809, in _error_checker
    raise exceptions.NotFound(resp_body, resp=resp)

    tempest.lib.exceptions.NotFound: Object not found
Details: {'code': 404, 'message': 'Floating IP pool not found.'}

    
During handling of the above exception, another exception occurred:


    Traceback (most recent call last):

      File "/usr/local/lib/python3.6/site-packages/fixtures/fixture.py", line 208, in setUp
    raise SetupError(details)

    fixtures.fixture.SetupError: {}


Captured pythonlogging:
~~~~~~~~~~~~~~~~~~~~~~~
    2022-07-20 22:03:31,473 16233 DEBUG    [tempest.lib.common.validation_resources] Requested setup of ValidationResources keypair True, floating IP True, security group False
2022-07-20 22:03:31,474 16233 DEBUG    [tempest.lib.common.validation_resources] Requested validation resources keypair True, floating IP True, security group False
2022-07-20 22:03:31,689 16233 INFO     [tempest.lib.common.rest_client] Request (ValidationResourcesFixture:setUp): 200 POST http://[LB_IP_ADDRESS]:8774/v2.1/os-keypairs 0.214s
2022-07-20 22:03:31,690 16233 DEBUG    [tempest.lib.common.rest_client] Request - Headers: {'Content-Type': 'application/json', 'Accept': 'application/json', 'X-Auth-Token': '<omitted>'}
        Body: {"keypair": {"name": "tempest-keypair-177399520"}}
    Response - Headers: {'date': 'Wed, 20 Jul 2022 19:03:31 GMT', 'server': 'Apache/2.4.41 (Ubuntu)', 'content-length': '2304', 'openstack-api-version': 'compute 2.1', 'x-openstack-nova-api-version': '2.1', 'vary': 'OpenStack-API-Version,X-OpenStack-Nova-API-Version', 'x-openstack-request-id': 'req-3143508e-20cb-4593-a6d8-63c9ac037fe9', 'x-compute-request-id': 'req-3143508e-20cb-4593-a6d8-63c9ac037fe9', 'connection': 'close', 'content-type': 'application/json', 'status': '200', 'content-location': 'http://[LB_IP_ADDRESS]:8774/v2.1/os-keypairs'}
        Body: b'{"keypair": {"private_key": "-----BEGIN RSA PRIVATE KEY-----\\nMIIEpAIBAAKCAQEA6WhiE9p5GvZHJGJb1SFo4RVPv8GX0JE4apzL668U40HtOb/0\\nQupp5KFrgbc86A2oUsjJGV80aBkgX3GHnm/CsLeXrvdnQTTzl/v+nBMzvHDVNNbx\\nJCjFew64cdV4nFmg2Pbl3iIcW/vy39KS8V8WvbNqml8dVxWsYTR49e8AAbQmxgrp\\nlQPSm/FhBPdQnN/qlJRZkljOnq4sh1ehR3e8RW3D584LsQt9Rm/FKlldalIzs7Ox\\nPgeNnmre2NKZZf2hu5ayA6vggxwTkoC6UCP19f/47ErCBC4gt6h5tgjRCsl77+UM\\nlamQKpTuS/v1bfOGr1Nhbaep/c1P0wnpVISfKwIDAQABAoIBAQCyakgORQItyfO3\\nrDfmQxOYemHrgmA53cfyNsjp73tX/B0J9+EPBYDMc1dqYFb+SvJP1YtjCZNVv18v\\nlejFA0kfLDeWVydmgMNzefy18Teq49UV/vd1XHUYC7iRy0vWt+xr7M7pbcmfxodw\\n79XDC5ymhW8HcY1L9BVAeIu98mNe6JDBmfcNzQAOprw9slHtdOE8j0adGH+X7isF\\nj7KKswxVvL8Xk2hmYrXZABFDnC5xlH2gkE9mIzinFf+r0qqCgAE+I7H8Exqm/2fw\\nQ4guGOqAa0uy+PgT1BTWLU+frW0s60bm1j4uG598OkzIzNfNI20rVUfxWi/enIWd\\nocp6GoIBAoGBAPbQrCBI8iH3W/+xSG/A9Y0F9zvo4Ly8G5iscEZSuuQVd3KYbOvP\\nHdI//xSWsHn/8pAl7CAXb98/EwF14OXc+hXXkQ1gfTdc5/v6qXzMQJ5nOJ4ykMKf\\n8uYSIyp4X8TBn3va3VR6Jw9v37fbLmw3uo9Q4NaTNBwrenkAU/3PX9bbAoGBAPIX\\n+6UzMULwbMUjCp5OGofSOqgv5FdMtl/qoRRXZaYvbNlsZHoZTpOUwmZ7D+Y096Pv\\n0u6nmeUZ2f86Iei8jXYmtyZlgceDcZVYqT8Pc7EKX/GrOwuCQg2K79EtfIDTtYze\\nBKsVvHwxNte+Q9gP5morqPrVssAkg4xd6knlRYHxAoGBAIV9u3sCuSMx3GphAmKf\\nJLAPh/a5L8QkoXBj453FZRuzmJU8Z7zqmqB6yIXkMrLpgdIBEMMSqgk+3hKuJONu\\nLzzdCLEJfPASqc4Zds3u0wxZm7/EbZM2W3OgX7C6xmFur8mXSJpGLxYkVgXk4Cjb\\nw2V8Qv8LQuXxhh4n1UWzgYx9AoGAPtEERbhDxve1cW2HOs5PSgC9oZhTqmdIRxkN\\nVMbcpENX/g6G/7uDTP3jd03lMTl7LDl1ROGOKAkOLJB77fTGy+p9yWO7SfaMSVEp\\nESjEPyLPBFkGyBSzaOotEdy4moDUccnF8lKAhsUKUu6WkgCGK/RKM1OxvvN6grh3\\nq1bnMzECgYA+13p4m4RmI4VVHk8PRD/Z0ckZyMlgvuHAMmX9WDbwl+CNi+YPKWcz\\n8Gl8koCDYWTgZDEHDkCAk/72uDvWEQ7t+vxI8WcX8UtpJLWLvj+t+gZF67J2Jtyl\\nNU/S5oTjlUh8eKi0+jgZdhAcn4goGA6qwSQoghDZ0IvAMdXCw/PB/w==\\n-----END RSA PRIVATE KEY-----\\n", "name": "tempest-keypair-177399520", "public_key": "ssh-rsa AAAAB3NzaC1yc2EAAAADAQABAAABAQDpaGIT2nka9kckYlvVIWjhFU+/wZfQkThqnMvrrxTjQe05v/RC6mnkoWuBtzzoDahSyMkZXzRoGSBfcYeeb8Kwt5eu92dBNPOX+/6cEzO8cNU01vEkKMV7Drhx1XicWaDY9uXeIhxb+/Lf0pLxXxa9s2qaXx1XFaxhNHj17wABtCbGCumVA9Kb8WEE91Cc3+qUlFmSWM6eriyHV6FHd7xFbcPnzguxC31Gb8UqWV1qUjOzs7E+B42eat7Y0pll/aG7lrIDq+CDHBOSgLpQI/X1//jsSsIELiC3qHm2CNEKyXvv5QyVqZAqlO5L+/Vt84avU2Ftp6n9zU/TCelUhJ8r Generated-by-Nova", "fingerprint": "ec:f5:e6:9a:5b:5b:95:27:f8:0a:7f:b6:b9:81:82:fb", "user_id": "73a855d0ca6d4441b081401e42fcf1f8"}}'
2022-07-20 22:03:31,693 16233 DEBUG    [tempest.lib.common.validation_resources] Validation resource key tempest-keypair-177399520 created
2022-07-20 22:03:31,739 16233 INFO     [tempest.lib.common.rest_client] Request (ValidationResourcesFixture:setUp): 404 POST http://[LB_IP_ADDRESS]:8774/v2.1/os-floating-ips 0.044s
2022-07-20 22:03:31,740 16233 DEBUG    [tempest.lib.common.rest_client] Request - Headers: {'Content-Type': 'app
    lication/json', 'Accept': 'application/json', 'X-Auth-Token': '<omitted>'}
        Body: {"pool": null}
    Response - Headers: {'date': 'Wed, 20 Jul 2022 19:03:31 GMT', 'server': 'Apache/2.4.41 (Ubuntu)', 'content-length': '73', 'openstack-api-version': 'compute 2.1', 'x-openstack-nova-api-version': '2.1', 'vary': 'OpenStack-API-Version,X-OpenStack-Nova-API-Version', 'x-openstack-request-id': 'req-dc3db36b-3aea-41df-a562-27bc9650e379', 'x-compute-request-id': 'req-dc3db36b-3aea-41df-a562-27bc9650e379', 'connection': 'close', 'content-type': 'application/json; charset=UTF-8', 'status': '404', 'content-location': 'http://[LB_IP_ADDRESS]:8774/v2.1/os-floating-ips'}
        Body: b'{"itemNotFound": {"code": 404, "message": "Floating IP pool not found."}}'
2022-07-20 22:03:31,740 16233 DEBUG    [tempest.lib.common.validation_resources] Error while provisioning validation resources Object not found
Details: {'code': 404, 'message': 'Floating IP pool not found.'}. Trying to cleanup what we provisioned so far: {'keypair': {'private_key': '-----BEGIN RSA PRIVATE KEY-----\nMIIEpAIBAAKCAQEA6WhiE9p5GvZHJGJb1SFo4RVPv8GX0JE4apzL668U40HtOb/0\nQupp5KFrgbc86A2oUsjJGV80aBkgX3GHnm/CsLeXrvdnQTTzl/v+nBMzvHDVNNbx\nJCjFew64cdV4nFmg2Pbl3iIcW/vy39KS8V8WvbNqml8dVxWsYTR49e8AAbQmxgrp\nlQPSm/FhBPdQnN/qlJRZkljOnq4sh1ehR3e8RW3D584LsQt9Rm/FKlldalIzs7Ox\nPgeNnmre2NKZZf2hu5ayA6vggxwTkoC6UCP19f/47ErCBC4gt6h5tgjRCsl77+UM\nlamQKpTuS/v1bfOGr1Nhbaep/c1P0wnpVISfKwIDAQABAoIBAQCyakgORQItyfO3\nrDfmQxOYemHrgmA53cfyNsjp73tX/B0J9+EPBYDMc1dqYFb+SvJP1YtjCZNVv18v\nlejFA0kfLDeWVydmgMNzefy18Teq49UV/vd1XHUYC7iRy0vWt+xr7M7pbcmfxodw\n79XDC5ymhW8HcY1L9BVAeIu98mNe6JDBmfcNzQAOprw9slHtdOE8j0adGH+X7isF\nj7KKswxVvL8Xk2hmYrXZABFDnC5xlH2gkE9mIzinFf+r0qqCgAE+I7H8Exqm/2fw\nQ4guGOqAa0uy+PgT1BTWLU+frW0s60bm1j4uG598OkzIzNfNI20rVUfxWi/enIWd\nocp6GoIBAoGBAPbQrCBI8iH3W/+xSG/A9Y0F9zvo4Ly8G5iscEZSuuQVd3KYbOvP\nHdI//xSWsHn/8pAl7CAXb98/EwF14OXc+hXXkQ1gfTdc5/v6qXzMQJ5nOJ4ykMKf\n8uYSIyp4X8TBn3va3VR6Jw9v37fbLmw3uo9Q4NaTNBwrenkAU/3PX9bbAoGBAPIX\n+6UzMULwbMUjCp5OGofSOqgv5FdMtl/qoRRXZaYvbNlsZHoZTpOUwmZ7D+Y096Pv\n0u6nmeUZ2f86Iei8jXYmtyZlgceDcZVYqT8Pc7EKX/GrOwuCQg2K79EtfIDTtYze\nBKsVvHwxNte+Q9gP5morqPrVssAkg4xd6knlRYHxAoGBAIV9u3sCuSMx3GphAmKf\nJLAPh/a5L8QkoXBj453FZRuzmJU8Z7zqmqB6yIXkMrLpgdIBEMMSqgk+3hKuJONu\nLzzdCLEJfPASqc4Zds3u0wxZm7/EbZM2W3OgX7C6xmFur8mXSJpGLxYkVgXk4Cjb\nw2V8Qv8LQuXxhh4n1UWzgYx9AoGAPtEERbhDxve1cW2HOs5PSgC9oZhTqmdIRxkN\nVMbcpENX/g6G/7uDTP3jd03lMTl7LDl1ROGOKAkOLJB77fTGy+p9yWO7SfaMSVEp\nESjEPyLPBFkGyBSzaOotEdy4moDUccnF8lKAhsUKUu6WkgCGK/RKM1OxvvN6grh3\nq1bnMzECgYA+13p4m4RmI4VVHk8PRD/Z0ckZyMlgvuHAMmX9WDbwl+CNi+YPKWcz\n8Gl8koCDYWTgZDEHDkCAk/72uDvWEQ7t+vxI8WcX8UtpJLWLvj+t+gZF67J2Jtyl\nNU/S5oTjlUh8eKi0+jgZdhAcn4goGA6qwSQoghDZ0IvAMdXCw/PB/w==\n-----END RSA PRIVATE KEY-----\n', 'name': 'tempest-keypair-177399520', 'public_key': 'ssh-rsa AAAAB3NzaC1yc2EAAAADAQABAAABAQDpaGIT2nka9kckYlvVIWjhFU+/wZfQkThqnMvrrxTjQe05v/RC6mnkoWuBtzzoDahSyMkZXzRoGSBfcYeeb8Kwt5eu92dBNPOX+/6cEzO8cNU01vEkKMV7Drhx1XicWaDY9uXeIhxb+/Lf0pLxXxa9s2qaXx1XFaxhNHj17wABtCbGCumVA9Kb8WEE91Cc3+qUlFmSWM6eriyHV6FHd7xFbcPnzguxC31Gb8UqWV1qUjOzs7E+B42eat7Y0pll/aG7lrIDq+CDHBOSgLpQI/X1//jsSsIELiC3qHm2CNEKyXvv5QyVqZAqlO5L+/Vt84avU2Ftp6n9zU/TCelUhJ8r Generated-by-Nova', 'fingerprint': 'ec:f5:e6:9a:5b:5b:95:27:f8:0a:7f:b6:b9:81:82:fb', 'user_id': '73a855d0ca6d4441b081401e42fcf1f8'}}
2022-07-20 22:03:31,778 16233 INFO     [tempest.lib.common.rest_client] Request (ValidationResourcesFixture:setUp): 202 DELETE http://[LB_IP_ADDRESS]:8774/v2.1/os-keypairs/tempest-keypair-177399520 0.036s
2022-07-20 22:03:31,778 16233 DEBUG    [tempest.lib.common.rest_client] Request - Headers: {'Content-Type': 'application/json', 'Accept': 'application/json', 'X-Auth-Token': '<omitted>'}
        Body: None
    Response - Headers: {'date': 'Wed, 20 Jul 2022 19:03:31 GMT', 'server': 'Apache/2.4.41 (Ubuntu)', 'content-length': '0', 'openstack-api-version': 'compute 2.1', 'x-openstack-nova-api-version': '2.1', 'vary': 'OpenStack-API-Version,X-OpenStack-Nova-API-Version', 'x-openstack-request-id': 'req-9b252d15-09fc-48a1-a3b4-baed7df229ec', 'x-compute-request-id': 're
    q-9b252d15-09fc-48a1-a3b4-baed7df229ec', 'connection': 'close', 'content-type': 'application/json', 'status': '202', 'content-location': 'http://[LB_IP_ADDRESS]:8774/v2.1/os-keypairs/tempest-keypair-177399520'}
        Body: b''

{2} tempest.api.compute.volumes.test_attach_volume_negative.AttachVolumeNegativeTest.test_delete_attached_volume [0.584451s] ... FAILED

Captured traceback:
~~~~~~~~~~~~~~~~~~~
    Traceback (most recent call last):

      File "/usr/local/lib/python3.6/site-packages/fixtures/fixture.py", line 197, in setUp
    self._setUp()

      File "/usr/local/lib/python3.6/site-packages/tempest/lib/common/validation_resources.py", line 445, in _setUp
    floating_network_name=self._floating_network_name)

      File "/usr/local/lib/python3.6/site-packages/tempest/lib/common/validation_resources.py", line 245, in create_validation_resources
    LOG.exception(msg, prov_exc, cleanup_exc)

      File "/usr/local/lib/python3.6/site-packages/oslo_utils/excutils.py", line 227, in __exit__
    self.force_reraise()

      File "/usr/local/lib/python3.6/site-packages/oslo_utils/excutils.py", line 200, in force_reraise
    raise self.value

      File "/usr/local/lib/python3.6/site-packages/tempest/lib/common/validation_resources.py", line 217, in create_validation_resources
    pool=floating_network_name))

      File "/usr/local/lib/python3.6/site-packages/tempest/lib/services/compute/floating_ips_client.py", line 66, in create_floating_ip
    resp, body = self.post(url, post_body)

      File "/usr/local/lib/python3.6/site-packages/tempest/lib/common/rest_client.py", line 299, in post
    return self.request('POST', url, extra_headers, headers, body, chunked)

      File "/usr/local/lib/python3.6/site-packages/tempest/lib/services/compute/base_compute_client.py", line 48, in request
    method, url, extra_headers, headers, body, chunked)

      File "/usr/local/lib/python3.6/site-packages/tempest/lib/common/rest_client.py", line 703, in request
    self._error_checker(resp, resp_body)

      File "/usr/local/lib/python3.6/site-packages/tempest/lib/common/rest_client.py", line 809, in _error_checker
    raise exceptions.NotFound(resp_body, resp=resp)

    tempest.lib.exceptions.NotFound: Object not found
Details: {'code': 404, 'message': 'Floating IP pool not found.'}


Captured traceback-1:
~~~~~~~~~~~~~~~~~~~~~
    Traceback (most recent call last):

      File "/usr/local/lib/python3.6/site-packages/fixtures/fixture.py", line 197, in setUp
    self._setUp()

      File "/usr/local/lib/python3.6/site-packages/tempest/lib/common/validation_resources.py", line 445, in _setUp
    floating_network_name=self._floating_network_name)

      File "/usr/local/lib/python3.6/site-packages/tempest/lib/common/validation_resources.py", line 245, in create_validation_resources
    LOG.exception(msg, prov_exc, cleanup_exc)

      File "/usr/local/lib/python3.6/site-packages/oslo_utils/excutils.py", line 227, in __exit__
    self.force_reraise()

      File "/usr/local/lib/python3.6/site-packages/oslo_utils/excutils.py", line 200, in force_reraise
    raise self.value

      File "/usr/local/lib/python3.6/site-packages/tempest/lib/common/validation_resources.py", line 217, in create_validation_resources
    pool=floating_network_name))

      File "/usr/local/lib/python3.6/site-packages/tempest/lib/services/compute/floating_ips_client.py", line 66, in create_floating_ip
    resp, body = self.post(url, post_body)

      File "/usr/local/lib/python3.6/site-packages/tempest/lib/common/rest_client.py", line 299, in post
    return self.request('POST', url, extra_headers, headers, body, chunked)

      File "/usr/local/lib/python3.6/site-packages/tempest/lib/services/compute/base_compute_client.py", line 48, in request
    method, url, extra_headers, headers, body, chunked)

      File "/usr/local/lib/python3.6/site-packages/tempest/lib/common/rest_client.py", line 703, in request
    self._error_checker(resp, resp_body)

      File "/usr/local/lib/python3.6/site-packages/tempest/lib/common/rest_client.py", line 809, in _error_checker
    raise exceptions.NotFound(resp_body, resp=resp)

    tempest.lib.exceptions.NotFound: Object not found
Details: {'code': 404, 'message': 'Floating IP pool not found.'}

    
During handling of the above exception, another exception occurred:


    Traceback (most recent call last):

      File "/usr/local/lib/python3.6/site-packages/fixtures/fixture.py", line 208, in setUp
    raise SetupError(details)

    fixtures.fixture.SetupError: {}


Captured pythonlogging:
~~~~~~~~~~~~~~~~~~~~~~~
    2022-07-20 22:03:31,785 16233 DEBUG    [tempest.lib.common.validation_resources] Requested setup of ValidationResources keypair True, floating IP True, security group False
2022-07-20 22:03:31,785 16233 DEBUG    [tempest.lib.common.validation_resources] Requested validation resources keypair True, floating IP True, security group False
2022-07-20 22:03:32,279 16233 INFO     [tempest.lib.common.rest_client] Request (ValidationResourcesFixture:setUp): 200 POST http://[LB_IP_ADDRESS]:8774/v2.1/os-keypairs 0.493s
2022-07-20 22:03:32,280 16233 DEBUG    [tempest.lib.common.rest_client] Request - Headers: {'Content-Type': 'application/json', 'Accept': 'application/json', 'X-Auth-Token': '<omitted>'}
        Body: {"keypair": {"name": "tempest-keypair-1344640200"}}
    Response - Headers: {'date': 'Wed, 20 Jul 2022 19:03:31 GMT', 'server': 'Apache/2.4.41 (Ubuntu)', 'content-length': '2301', 'openstack-api-version': 'compute 2.1', 'x-openstack-nova-api-version': '2.1', 'vary': 'OpenStack-API-Version,X-OpenStack-Nova-API-Version', 'x-openstack-request-id': 'req-00698fec-1391-4f91-9c38-ecd2d2e8c542', 'x-compute-request-id': 'req-00698fec-1391-4f91-9c38-ecd2d2e8c542', 'connection': 'close', 'content-type': 'application/json', 'status': '200', 'content-location': 'http://[LB_IP_ADDRESS]:8774/v2.1/os-keypairs'}
        Body: b'{"keypair": {"private_key": "-----BEGIN RSA PRIVATE KEY-----\\nMIIEowIBAAKCAQEAuRj9PDDrCZA/K5/BiRSStIsuq/oxqm+VK9Pr/8Ql39aK8vkS\\n4ctv8ZKhU0vq5ncWTh0mgDHDoet0Wa8dDy1EZEmPy5mY6QboQwZgThuJ12lPsvTH\\n6kIyx18cOyevye6t+TeR/8rvVl2eYXqs9MFUoZi+UHN74xYWQXn2e6KjnXk2PIpe\\nK3HMw2lcrwcEsWdSJj5jYCSvnRHcrcg5tnlimACUA5572NK1mr/FqpUGQ4dTNr/v\\ny3nOC3dsw7mqTsSbiaeUJR1rlZznT9vNhNlY0zDcEDI5rmKXXnyjbx/0hjAa1zqP\\nmRX9GNnjUfBaGRA8tdubk793cLMEjF/7o8+e+wIDAQABAoIBAAruHNYXFWoFKJXM\\n40LTAi7DIUhqh9BGsopaA0+hJ5NmOeJLLwBCYSPkwr4Gd6KQWbLXKdTcG29OVhqN\\nqqugwq8hYOpm8Y6hJ8n9cGZsXeFoiJpKthtxOUpopWQg3dKQ05kp3Oc79pIlCRs8\\ngUYavIKmYGajyycHwNyw9Qsr+Xls+z0o16m9heCu+z1NsqwqGKzK7Dxjlx4lqdzA\\n8FPqR/JKK86nmolz4OrMYV5f6W7WlWgDWAg4kMZer9G406Ob+aCZZxrrKUfMdwzP\\nJOR60NeyzCuaD7uIkQHxcTDhHMZTmFtjG9RWmE0fi6yrq1A2uPGFR5zmVZPG0LRW\\nj5lVaLECgYEA34gqlUkrgy6/5cWRy0gun1zBy5aotJeScf5+JWpjHxA3lbRUnrra\\neG8BQnu2j+lA98wbCqg0+5B+ZspHQdYvPxpcMxpj3TdWjQsuOPH4RZHl81psNg/h\\n6/WX9EOFLW6EovqimySJ0R0b/x1tw8bgxewLJoKZsE3JgTSrew7jIb0CgYEA0/ut\\np6NajfdM/ficQRfwRl/wJ6RzraS8JEYO3qjJ751XmymfQCPDbUh/7HGYfQzg3fT6\\n4wy9BEulIf6yOAU+W7w5icTaWnF5oPbfeiOAio4uvOR1wJHqE6DTiuYgjj2diBHQ\\nO+8HbtA5q9TEvPXWe2camjs47gZxFqXxXUPB4xcCgYBNyh4/m5oX6fIALVRCcRlA\\nflA24HRPfJwLLayKqs5Z5hPh9kKohpA27zJ6B4GN7XedhJs4hzcBANTsQqKvp7ED\\nfdHuOtXcC0EEjoqEaLikxVRH7wTPf5F4wxwhdknneJmR+jUSVpHbgwzWKFClnBVm\\n63Ep8rM3ZqqkW0b96T1j5QKBgQCe5pvHe7XXkTcPcZp/WNhtiGDW9nkYAtJdRn7C\\n/TdR/Fm9H7gWNji55Iyvyn8JzeuJtaeTJutRGvsPvoINaDDURwXCdeNPxJvtwuDG\\nB3LFacszIPX7geU7DWVFSzfAKAO8Cc5T/ttNf5ybZ4SKOKWsHx9b2WTVV9LRrVZ+\\nGNpvxQKBgHcRLDGp9/l0VyEgPiPxCMeX+AbGUueFL3a9dBMOL+f/vjcBTVBtK7pO\\nx+lqkEj+onOoX1o+WzMd3JjsRjo7t3SuN8HwztpkIUB/dBBG8pPRylw51rfhUNyY\\nZVLzsL57nkmRlgG60hSOcrcIkvphWVDG+aNbUkKDCf8XcN/NhKOE\\n-----END RSA PRIVATE KEY-----\\n", "name": "tempest-keypair-1344640200", "public_key": "ssh-rsa AAAAB3NzaC1yc2EAAAADAQABAAABAQC5GP08MOsJkD8rn8GJFJK0iy6r+jGqb5Ur0+v/xCXf1ory+RLhy2/xkqFTS+rmdxZOHSaAMcOh63RZrx0PLURkSY/LmZjpBuhDBmBOG4nXaU+y9MfqQjLHXxw7J6/J7q35N5H/yu9WXZ5heqz0wVShmL5Qc3vjFhZBefZ7oqOdeTY8il4rcczDaVyvBwSxZ1ImPmNgJK+dEdytyDm2eWKYAJQDnnvY0rWav8WqlQZDh1M2v+/Lec4Ld2zDuapOxJuJp5QlHWuVnOdP282E2VjTMNwQMjmuYpdefKNvH/SGMBrXOo+ZFf0Y2eNR8FoZEDy125uTv3dwswSMX/ujz577 Generated-by-Nova", "fingerprint": "6c:fc:26:19:a7:d5:0c:6a:d0:d4:0e:cb:54:69:97:af", "user_id": "73a855d0ca6d4441b081401e42fcf1f8"}}'
2022-07-20 22:03:32,283 16233 DEBUG    [tempest.lib.common.validation_resources] Validation resource key tempest-keypair-1344640200 created
2022-07-20 22:03:32,331 16233 INFO     [tempest.lib.common.rest_client] Request (ValidationResourcesFixture:setUp): 404 POST http://[LB_IP_ADDRESS]:8774/v2.1/os-floating-ips 0.047s
2022-07-20 22:03:32,332 16233 DEBUG    [tempest.lib.common.rest_client] Request - Headers: {'Content-Type': 'appl
    ication/json', 'Accept': 'application/json', 'X-Auth-Token': '<omitted>'}
        Body: {"pool": null}
    Response - Headers: {'date': 'Wed, 20 Jul 2022 19:03:32 GMT', 'server': 'Apache/2.4.41 (Ubuntu)', 'content-length': '73', 'openstack-api-version': 'compute 2.1', 'x-openstack-nova-api-version': '2.1', 'vary': 'OpenStack-API-Version,X-OpenStack-Nova-API-Version', 'x-openstack-request-id': 'req-8ad8d4b4-c2fd-48a0-9bd9-ec30d5f11208', 'x-compute-request-id': 'req-8ad8d4b4-c2fd-48a0-9bd9-ec30d5f11208', 'connection': 'close', 'content-type': 'application/json; charset=UTF-8', 'status': '404', 'content-location': 'http://[LB_IP_ADDRESS]:8774/v2.1/os-floating-ips'}
        Body: b'{"itemNotFound": {"code": 404, "message": "Floating IP pool not found."}}'
2022-07-20 22:03:32,333 16233 DEBUG    [tempest.lib.common.validation_resources] Error while provisioning validation resources Object not found
Details: {'code': 404, 'message': 'Floating IP pool not found.'}. Trying to cleanup what we provisioned so far: {'keypair': {'private_key': '-----BEGIN RSA PRIVATE KEY-----\nMIIEowIBAAKCAQEAuRj9PDDrCZA/K5/BiRSStIsuq/oxqm+VK9Pr/8Ql39aK8vkS\n4ctv8ZKhU0vq5ncWTh0mgDHDoet0Wa8dDy1EZEmPy5mY6QboQwZgThuJ12lPsvTH\n6kIyx18cOyevye6t+TeR/8rvVl2eYXqs9MFUoZi+UHN74xYWQXn2e6KjnXk2PIpe\nK3HMw2lcrwcEsWdSJj5jYCSvnRHcrcg5tnlimACUA5572NK1mr/FqpUGQ4dTNr/v\ny3nOC3dsw7mqTsSbiaeUJR1rlZznT9vNhNlY0zDcEDI5rmKXXnyjbx/0hjAa1zqP\nmRX9GNnjUfBaGRA8tdubk793cLMEjF/7o8+e+wIDAQABAoIBAAruHNYXFWoFKJXM\n40LTAi7DIUhqh9BGsopaA0+hJ5NmOeJLLwBCYSPkwr4Gd6KQWbLXKdTcG29OVhqN\nqqugwq8hYOpm8Y6hJ8n9cGZsXeFoiJpKthtxOUpopWQg3dKQ05kp3Oc79pIlCRs8\ngUYavIKmYGajyycHwNyw9Qsr+Xls+z0o16m9heCu+z1NsqwqGKzK7Dxjlx4lqdzA\n8FPqR/JKK86nmolz4OrMYV5f6W7WlWgDWAg4kMZer9G406Ob+aCZZxrrKUfMdwzP\nJOR60NeyzCuaD7uIkQHxcTDhHMZTmFtjG9RWmE0fi6yrq1A2uPGFR5zmVZPG0LRW\nj5lVaLECgYEA34gqlUkrgy6/5cWRy0gun1zBy5aotJeScf5+JWpjHxA3lbRUnrra\neG8BQnu2j+lA98wbCqg0+5B+ZspHQdYvPxpcMxpj3TdWjQsuOPH4RZHl81psNg/h\n6/WX9EOFLW6EovqimySJ0R0b/x1tw8bgxewLJoKZsE3JgTSrew7jIb0CgYEA0/ut\np6NajfdM/ficQRfwRl/wJ6RzraS8JEYO3qjJ751XmymfQCPDbUh/7HGYfQzg3fT6\n4wy9BEulIf6yOAU+W7w5icTaWnF5oPbfeiOAio4uvOR1wJHqE6DTiuYgjj2diBHQ\nO+8HbtA5q9TEvPXWe2camjs47gZxFqXxXUPB4xcCgYBNyh4/m5oX6fIALVRCcRlA\nflA24HRPfJwLLayKqs5Z5hPh9kKohpA27zJ6B4GN7XedhJs4hzcBANTsQqKvp7ED\nfdHuOtXcC0EEjoqEaLikxVRH7wTPf5F4wxwhdknneJmR+jUSVpHbgwzWKFClnBVm\n63Ep8rM3ZqqkW0b96T1j5QKBgQCe5pvHe7XXkTcPcZp/WNhtiGDW9nkYAtJdRn7C\n/TdR/Fm9H7gWNji55Iyvyn8JzeuJtaeTJutRGvsPvoINaDDURwXCdeNPxJvtwuDG\nB3LFacszIPX7geU7DWVFSzfAKAO8Cc5T/ttNf5ybZ4SKOKWsHx9b2WTVV9LRrVZ+\nGNpvxQKBgHcRLDGp9/l0VyEgPiPxCMeX+AbGUueFL3a9dBMOL+f/vjcBTVBtK7pO\nx+lqkEj+onOoX1o+WzMd3JjsRjo7t3SuN8HwztpkIUB/dBBG8pPRylw51rfhUNyY\nZVLzsL57nkmRlgG60hSOcrcIkvphWVDG+aNbUkKDCf8XcN/NhKOE\n-----END RSA PRIVATE KEY-----\n', 'name': 'tempest-keypair-1344640200', 'public_key': 'ssh-rsa AAAAB3NzaC1yc2EAAAADAQABAAABAQC5GP08MOsJkD8rn8GJFJK0iy6r+jGqb5Ur0+v/xCXf1ory+RLhy2/xkqFTS+rmdxZOHSaAMcOh63RZrx0PLURkSY/LmZjpBuhDBmBOG4nXaU+y9MfqQjLHXxw7J6/J7q35N5H/yu9WXZ5heqz0wVShmL5Qc3vjFhZBefZ7oqOdeTY8il4rcczDaVyvBwSxZ1ImPmNgJK+dEdytyDm2eWKYAJQDnnvY0rWav8WqlQZDh1M2v+/Lec4Ld2zDuapOxJuJp5QlHWuVnOdP282E2VjTMNwQMjmuYpdefKNvH/SGMBrXOo+ZFf0Y2eNR8FoZEDy125uTv3dwswSMX/ujz577 Generated-by-Nova', 'fingerprint': '6c:fc:26:19:a7:d5:0c:6a:d0:d4:0e:cb:54:69:97:af', 'user_id': '73a855d0ca6d4441b081401e42fcf1f8'}}
2022-07-20 22:03:32,366 16233 INFO     [tempest.lib.common.rest_client] Request (ValidationResourcesFixture:setUp): 202 DELETE http://[LB_IP_ADDRESS]:8774/v2.1/os-keypairs/tempest-keypair-1344640200 0.032s
2022-07-20 22:03:32,367 16233 DEBUG    [tempest.lib.common.rest_client] Request - Headers: {'Content-Type': 'application/json', 'Accept': 'application/json', 'X-Auth-Token': '<omitted>'}
        Body: None
    Response - Headers: {'date': 'Wed, 20 Jul 2022 19:03:32 GMT', 'server': 'Apache/2.4.41 (Ubuntu)', 'content-length': '0', 'openstack-api-version': 'compute 2.1', 'x-openstack-nova-api-version': '2.1', 'vary': 'OpenStack-API-Version,X-OpenStack-Nova-API-Version', 'x-openstack-request-id': 'req-c6c5291f-9914-4235-9b88-d91121ba744f', 'x-compute-request-id': 'req-c
    6c5291f-9914-4235-9b88-d91121ba744f', 'connection': 'close', 'content-type': 'application/json', 'status': '202', 'content-location': 'http://[LB_IP_ADDRESS]:8774/v2.1/os-keypairs/tempest-keypair-1344640200'}
        Body: b''

{1} tempest.api.compute.volumes.test_volume_snapshots.VolumesSnapshotsTestJSON.test_volume_snapshot_create_get_list_delete [5.661501s] ... ok
{2} tempest.api.volume.admin.test_backends_capabilities.BackendsCapabilitiesAdminTestsJSON.test_compare_volume_stats_values [0.085938s] ... ok
{2} tempest.api.volume.admin.test_backends_capabilities.BackendsCapabilitiesAdminTestsJSON.test_get_capabilities_backend [0.041317s] ... ok
{1} tempest.api.compute.volumes.test_volumes_get.VolumesGetTestJSON.test_volume_create_get_delete [2.721155s] ... ok
{1} tempest.api.compute.volumes.test_volumes_negative.VolumesNegativeTest.test_create_volume_with_invalid_size [0.159682s] ... ok
{1} tempest.api.compute.volumes.test_volumes_negative.VolumesNegativeTest.test_create_volume_with_size_zero [0.016058s] ... ok
{1} tempest.api.compute.volumes.test_volumes_negative.VolumesNegativeTest.test_create_volume_without_passing_size [0.016010s] ... ok
{1} tempest.api.compute.volumes.test_volumes_negative.VolumesNegativeTest.test_delete_invalid_volume_id [0.044447s] ... ok
{1} tempest.api.compute.volumes.test_volumes_negative.VolumesNegativeTest.test_delete_volume_without_passing_volume_id [0.013023s] ... ok
{1} tempest.api.compute.volumes.test_volumes_negative.VolumesNegativeTest.test_get_volume_without_passing_volume_id [0.012777s] ... ok
{1} tempest.api.compute.volumes.test_volumes_negative.VolumesNegativeTest.test_volume_delete_nonexistent_volume_id [0.051129s] ... ok
{1} tempest.api.compute.volumes.test_volumes_negative.VolumesNegativeTest.test_volume_get_nonexistent_volume_id [0.050683s] ... ok
{2} tempest.api.volume.admin.test_group_snapshots.GroupSnapshotsTest.test_create_group_from_group_snapshot [11.970169s] ... ok
{0} tempest.api.compute.volumes.test_attach_volume.AttachVolumeMultiAttachTest.test_boot_from_multiattach_volume [24.216847s] ... ok
{1} tempest.api.volume.admin.test_group_snapshots.GroupSnapshotsV319Test.test_reset_group_snapshot_status [9.324939s] ... ok
{1} tempest.api.volume.admin.test_group_types.GroupTypesTest.test_group_type_create_list_update_show_delete [0.321868s] ... ok
{1} tempest.api.volume.admin.test_group_types.GroupTypesTest.test_group_type_list_by_optional_params [0.277576s] ... ok
{2} tempest.api.volume.admin.test_group_snapshots.GroupSnapshotsTest.test_delete_group_snapshots_following_updated_volumes [16.968295s] ... ok
{1} tempest.api.volume.admin.test_snapshots_actions.SnapshotsActionsTest.test_reset_snapshot_status [0.320714s] ... ok
{2} tempest.api.volume.admin.test_group_snapshots.GroupSnapshotsTest.test_group_snapshot_create_show_list_delete [8.761948s] ... ok
{1} tempest.api.volume.admin.test_snapshots_actions.SnapshotsActionsTest.test_snapshot_force_delete_when_snapshot_is_creating [3.521088s] ... ok
{1} tempest.api.volume.admin.test_snapshots_actions.SnapshotsActionsTest.test_snapshot_force_delete_when_snapshot_is_deleting [3.543594s] ... ok
{2} tempest.api.volume.admin.test_group_type_specs.GroupTypeSpecsTest.test_group_type_specs_create_show_update_list_delete [0.567827s] ... ok
{1} tempest.api.volume.admin.test_snapshots_actions.SnapshotsActionsTest.test_snapshot_force_delete_when_snapshot_is_error [3.552586s] ... ok
{1} tempest.api.volume.admin.test_snapshots_actions.SnapshotsActionsTest.test_snapshot_force_delete_when_snapshot_is_error_deleting [3.510704s] ... ok
{1} tempest.api.volume.admin.test_snapshots_actions.SnapshotsActionsTest.test_update_snapshot_status [0.228739s] ... ok
{1} tempest.api.volume.admin.test_volume_quota_classes.VolumeQuotaClassesTest.test_show_default_quota [0.226400s] ... ok
{1} tempest.api.volume.admin.test_volume_quota_classes.VolumeQuotaClassesTest.test_update_default_quota [0.855201s] ... ok
{2} tempest.api.volume.admin.test_groups.GroupsV314Test.test_create_group_from_group [9.296112s] ... ok
{2} tempest.api.volume.admin.test_qos.QosSpecsTestJSON.test_associate_disassociate_qos [0.434074s] ... ok
{2} tempest.api.volume.admin.test_qos.QosSpecsTestJSON.test_create_delete_qos_with_back_end_consumer [0.130811s] ... ok
{2} tempest.api.volume.admin.test_qos.QosSpecsTestJSON.test_create_delete_qos_with_both_consumer [0.133185s] ... ok
{2} tempest.api.volume.admin.test_qos.QosSpecsTestJSON.test_create_delete_qos_with_front_end_consumer [0.132496s] ... ok
{2} tempest.api.volume.admin.test_qos.QosSpecsTestJSON.test_get_qos [0.026638s] ... ok
{2} tempest.api.volume.admin.test_qos.QosSpecsTestJSON.test_list_qos [0.030868s] ... ok
{2} tempest.api.volume.admin.test_qos.QosSpecsTestJSON.test_set_unset_qos_key [0.166771s] ... ok
{2} setUpClass (tempest.api.volume.admin.test_snapshot_manage.SnapshotManageAdminTest) ... SKIPPED: Manage snapshot tests are disabled
{1} tempest.api.volume.admin.test_volume_quotas_negative.VolumeQuotasNegativeTestJSON.test_quota_volume_gigabytes [0.232210s] ... ok
{1} tempest.api.volume.admin.test_volume_quotas_negative.VolumeQuotasNegativeTestJSON.test_quota_volumes [0.219639s] ... ok
{1} tempest.api.volume.admin.test_volume_quotas_negative.VolumeQuotasNegativeTestJSON.test_volume_extend_gigabytes_quota_deviation [0.173841s] ... ok
{1} setUpClass (tempest.api.volume.admin.test_volume_retype.VolumeRetypeWithMigrationTest) ... SKIPPED: Cinder multi-backend feature disabled
{2} tempest.api.volume.admin.test_user_messages.UserMessagesTest.test_delete_message [1.828344s] ... ok
{2} tempest.api.volume.admin.test_user_messages.UserMessagesTest.test_list_show_messages [1.507728s] ... ok
{1} tempest.api.volume.admin.test_volume_retype.VolumeRetypeWithoutMigrationTest.test_available_volume_retype [3.937877s] ... ok
{2} tempest.api.volume.admin.test_volume_hosts.VolumeHostsAdminTestsJSON.test_list_hosts [0.178679s] ... ok
{2} tempest.api.volume.admin.test_volume_hosts.VolumeHostsAdminTestsJSON.test_show_host [0.183107s] ... ok
{1} tempest.api.volume.admin.test_volume_services_negative.VolumeServicesNegativeTest.test_disable_log_reason_with_no_reason [0.017268s] ... ok
{1} tempest.api.volume.admin.test_volume_services_negative.VolumeServicesNegativeTest.test_disable_service_with_invalid_binary [0.027031s] ... ok
{1} tempest.api.volume.admin.test_volume_services_negative.VolumeServicesNegativeTest.test_enable_service_with_invalid_host [0.025970s] ... ok
{1} tempest.api.volume.admin.test_volume_services_negative.VolumeServicesNegativeTest.test_freeze_host_with_invalid_host [0.029138s] ... ok
{1} tempest.api.volume.admin.test_volume_services_negative.VolumeServicesNegativeTest.test_thaw_host_with_invalid_host [0.028522s] ... ok
{2} tempest.api.volume.admin.test_volume_quotas.VolumeQuotasAdminTestJSON.test_delete_quota [0.360947s] ... ok
{2} tempest.api.volume.admin.test_volume_quotas.VolumeQuotasAdminTestJSON.test_list_default_quotas [0.047474s] ... ok
{2} tempest.api.volume.admin.test_volume_quotas.VolumeQuotasAdminTestJSON.test_list_quotas [0.055491s] ... ok
{2} tempest.api.volume.admin.test_volume_quotas.VolumeQuotasAdminTestJSON.test_quota_usage [3.951572s] ... ok
{1} tempest.api.volume.admin.test_volume_type_access.VolumeTypesAccessTest.test_volume_type_access_list [0.322297s] ... ok
{0} tempest.api.compute.volumes.test_attach_volume.AttachVolumeMultiAttachTest.test_list_get_volume_attachments_multiattach [79.243582s] ... ok
{0} tempest.api.compute.volumes.test_attach_volume.AttachVolumeMultiAttachTest.test_resize_server_with_multiattached_volume ... SKIPPED: Resize not available.
{2} tempest.api.volume.admin.test_volume_quotas.VolumeQuotasAdminTestJSON.test_quota_usage_after_volume_transfer [4.505555s] ... ok
{2} tempest.api.volume.admin.test_volume_quotas.VolumeQuotasAdminTestJSON.test_show_quota_usage [0.067236s] ... ok
{2} tempest.api.volume.admin.test_volume_quotas.VolumeQuotasAdminTestJSON.test_update_all_quota_resources_for_tenant [0.277554s] ... ok
{2} tempest.api.volume.admin.test_volume_services.VolumesServicesTestJSON.test_get_service_by_host_name [0.031831s] ... ok
{2} tempest.api.volume.admin.test_volume_services.VolumesServicesTestJSON.test_get_service_by_service_and_host_name [0.031473s] ... ok
{2} tempest.api.volume.admin.test_volume_services.VolumesServicesTestJSON.test_get_service_by_service_binary_name [0.024928s] ... ok
{2} tempest.api.volume.admin.test_volume_services.VolumesServicesTestJSON.test_get_service_by_volume_host_name [2.624284s] ... ok
{2} tempest.api.volume.admin.test_volume_services.VolumesServicesTestJSON.test_list_services [0.027851s] ... ok
{1} tempest.api.volume.admin.test_volumes_list.VolumesListAdminTestJSON.test_volume_list_param_tenant [2.705218s] ... ok
{2} tempest.api.volume.admin.test_volume_snapshot_quotas_negative.VolumeSnapshotQuotasNegativeTestJSON.test_quota_volume_gigabytes_snapshots [0.313292s] ... ok
{2} tempest.api.volume.admin.test_volume_snapshot_quotas_negative.VolumeSnapshotQuotasNegativeTestJSON.test_quota_volume_snapshots [0.065268s] ... ok
{0} tempest.api.compute.volumes.test_attach_volume.AttachVolumeMultiAttachTest.test_snapshot_volume_backed_multiattach [26.274645s] ... ok
{2} tempest.api.volume.admin.test_volume_types.VolumeTypesTest.test_volume_type_create_get_delete [0.189115s] ... ok
{2} tempest.api.volume.admin.test_volume_types.VolumeTypesTest.test_volume_type_encryption_create_get_update_delete [0.334362s] ... ok
{2} tempest.api.volume.admin.test_volume_types.VolumeTypesTest.test_volume_type_list [0.051192s] ... ok
{2} tempest.api.volume.admin.test_volume_types.VolumeTypesTest.test_volume_type_update [0.152835s] ... ok
{1} tempest.api.volume.test_image_metadata.VolumesImageMetadata.test_update_show_delete_image_metadata [0.227698s] ... ok
{1} tempest.api.volume.test_volume_metadata.VolumesMetadataTest.test_crud_volume_metadata [0.322635s] ... ok
{1} tempest.api.volume.test_volume_metadata.VolumesMetadataTest.test_update_show_volume_metadata_item [0.224820s] ... ok
{0} tempest.api.compute.volumes.test_volumes_list.VolumesTestJSON.test_volume_list [0.071309s] ... ok
{0} tempest.api.compute.volumes.test_volumes_list.VolumesTestJSON.test_volume_list_param_limit [0.067037s] ... ok
{0} tempest.api.compute.volumes.test_volumes_list.VolumesTestJSON.test_volume_list_param_offset_and_limit [0.166058s] ... ok
{0} tempest.api.compute.volumes.test_volumes_list.VolumesTestJSON.test_volume_list_with_detail_param_limit [0.072512s] ... ok
{0} tempest.api.compute.volumes.test_volumes_list.VolumesTestJSON.test_volume_list_with_detail_param_offset_and_limit [0.127604s] ... ok
{0} tempest.api.compute.volumes.test_volumes_list.VolumesTestJSON.test_volume_list_with_details [0.071556s] ... ok
{2} tempest.api.volume.admin.test_volumes_actions.VolumesActionsTest.test_force_detach_volume [10.027083s] ... ok
{2} tempest.api.volume.admin.test_volumes_actions.VolumesActionsTest.test_volume_force_delete_when_volume_is_attaching [3.644445s] ... ok
{0} tempest.api.volume.admin.test_encrypted_volumes_extend.EncryptedVolumesExtendAttachedTest.test_extend_attached_encrypted_volume_luksv1 ... SKIPPED: Attached encrypted volume extend is disabled.
{1} tempest.api.volume.test_volume_transfers.VolumesTransfersTest.test_create_get_list_accept_volume_transfer [4.669522s] ... ok
{2} tempest.api.volume.admin.test_volumes_actions.VolumesActionsTest.test_volume_force_delete_when_volume_is_creating [3.646769s] ... ok
{1} tempest.api.volume.test_volume_transfers.VolumesTransfersTest.test_create_list_delete_volume_transfer [3.801785s] ... ok
{2} tempest.api.volume.admin.test_volumes_actions.VolumesActionsTest.test_volume_force_delete_when_volume_is_error [3.639167s] ... ok
{2} tempest.api.volume.admin.test_volumes_actions.VolumesActionsTest.test_volume_force_delete_when_volume_is_maintenance [3.617514s] ... ok
{2} tempest.api.volume.admin.test_volumes_actions.VolumesActionsTest.test_volume_reset_status [2.870703s] ... ok
{0} tempest.api.volume.admin.test_groups.GroupsTest.test_group_create_show_list_delete [8.034858s] ... ok
{1} tempest.api.volume.test_volumes_actions.VolumesActionsTest.test_attach_detach_volume_to_instance [6.893577s] ... ok
{2} tempest.api.volume.test_extensions.ExtensionsTestJSON.test_list_extensions [0.166489s] ... ok
{1} tempest.api.volume.test_volumes_actions.VolumesActionsTest.test_get_volume_attachment [5.853618s] ... ok
{1} tempest.api.volume.test_volumes_actions.VolumesActionsTest.test_reserve_unreserve_volume [0.233180s] ... ok
{1} tempest.api.volume.test_volumes_actions.VolumesActionsTest.test_volume_bootable [0.192654s] ... ok
{0} tempest.api.volume.admin.test_groups.GroupsTest.test_group_update [10.086726s] ... ok
{1} tempest.api.volume.test_volumes_actions.VolumesActionsTest.test_volume_readonly_update [0.204924s] ... ok
{2} tempest.api.volume.test_snapshot_metadata.SnapshotMetadataTestJSON.test_crud_snapshot_metadata [0.296729s] ... ok
{2} tempest.api.volume.test_snapshot_metadata.SnapshotMetadataTestJSON.test_update_show_snapshot_metadata_item [0.245116s] ... ok
{2} tempest.api.volume.test_versions.VersionsTest.test_list_versions [0.015567s] ... ok
{2} tempest.api.volume.test_versions.VersionsTest.test_show_version [0.138305s] ... ok
{0} tempest.api.volume.admin.test_groups.GroupsV320Test.test_reset_group_status [3.581156s] ... ok
{0} setUpClass (tempest.api.volume.admin.test_multi_backend.VolumeMultiBackendTest) ... SKIPPED: Cinder multi-backend feature disabled
{0} setUpClass (tempest.api.volume.admin.test_volume_manage.VolumeManageAdminTest) ... SKIPPED: Manage volume tests are disabled
{0} tempest.api.volume.admin.test_volume_pools.VolumePoolsAdminTestsJSON.test_get_pools_without_details [0.205077s] ... ok
{1} tempest.api.volume.test_volumes_actions.VolumesActionsTest.test_volume_upload [14.925498s] ... ok
{0} tempest.api.volume.admin.test_volume_types_extra_specs.VolumeTypesExtraSpecsTest.test_volume_type_extra_spec_create_get_delete [0.168092s] ... ok
{0} tempest.api.volume.admin.test_volume_types_extra_specs.VolumeTypesExtraSpecsTest.test_volume_type_extra_specs_list [0.089541s] ... ok
{0} tempest.api.volume.admin.test_volume_types_extra_specs.VolumeTypesExtraSpecsTest.test_volume_type_extra_specs_update [0.246221s] ... ok
{2} tempest.api.volume.test_volume_delete_cascade.VolumesDeleteCascade.test_volume_delete_cascade [9.186734s] ... ok
{0} tempest.api.volume.admin.test_volume_types_extra_specs_negative.ExtraSpecsNegativeTest.test_create_invalid_body [0.019528s] ... ok
{0} tempest.api.volume.admin.test_volume_types_extra_specs_negative.ExtraSpecsNegativeTest.test_create_none_body [0.018293s] ... ok
{0} tempest.api.volume.admin.test_volume_types_extra_specs_negative.ExtraSpecsNegativeTest.test_create_nonexistent_type_id [0.037403s] ... ok
{0} tempest.api.volume.admin.test_volume_types_extra_specs_negative.ExtraSpecsNegativeTest.test_delete_nonexistent_volume_type_id [0.023780s] ... ok
{0} tempest.api.volume.admin.test_volume_types_extra_specs_negative.ExtraSpecsNegativeTest.test_get_nonexistent_extra_spec_name [0.029767s] ... ok
{0} tempest.api.volume.admin.test_volume_types_extra_specs_negative.ExtraSpecsNegativeTest.test_get_nonexistent_volume_type_id [0.023311s] ... ok
{0} tempest.api.volume.admin.test_volume_types_extra_specs_negative.ExtraSpecsNegativeTest.test_list_nonexistent_volume_type_id [0.025025s] ... ok
{0} tempest.api.volume.admin.test_volume_types_extra_specs_negative.ExtraSpecsNegativeTest.test_update_multiple_extra_spec [0.018418s] ... ok
{0} tempest.api.volume.admin.test_volume_types_extra_specs_negative.ExtraSpecsNegativeTest.test_update_no_body [0.018582s] ... ok
{0} tempest.api.volume.admin.test_volume_types_extra_specs_negative.ExtraSpecsNegativeTest.test_update_none_extra_spec_id [0.039198s] ... ok
{0} tempest.api.volume.admin.test_volume_types_extra_specs_negative.ExtraSpecsNegativeTest.test_update_nonexistent_extra_spec_id [0.038544s] ... ok
{0} tempest.api.volume.admin.test_volume_types_extra_specs_negative.ExtraSpecsNegativeTest.test_update_nonexistent_type_id [0.038885s] ... ok
{2} tempest.api.volume.test_volume_delete_cascade.VolumesDeleteCascade.test_volume_from_snapshot_cascade_delete [8.322192s] ... ok
{0} tempest.api.volume.admin.test_volume_types_negative.VolumeTypesNegativeTest.test_create_volume_type_encryption_nonexistent_type_id [0.194123s] ... ok
{0} tempest.api.volume.admin.test_volume_types_negative.VolumeTypesNegativeTest.test_create_with_empty_name [0.016165s] ... ok
{0} tempest.api.volume.admin.test_volume_types_negative.VolumeTypesNegativeTest.test_create_with_repeated_name [0.067769s] ... ok
{0} tempest.api.volume.admin.test_volume_types_negative.VolumeTypesNegativeTest.test_delete_nonexistent_type_id [0.021941s] ... ok
{0} tempest.api.volume.admin.test_volume_types_negative.VolumeTypesNegativeTest.test_get_nonexistent_type_id [0.020925s] ... ok
{0} tempest.api.volume.test_availability_zone.AvailabilityZoneTestJSON.test_get_availability_zone_list [0.171300s] ... ok
{1} tempest.api.volume.test_volumes_extend.VolumesExtendTest.test_volume_extend [16.729931s] ... ok
{0} tempest.api.volume.test_volume_absolute_limits.AbsoluteLimitsTests.test_get_volume_absolute_limits [0.065184s] ... ok
{1} tempest.api.volume.test_volumes_extend.VolumesExtendTest.test_volume_extend_when_volume_has_snapshot [5.927019s] ... ok
{1} tempest.api.volume.test_volumes_get.VolumesSummaryTest.test_show_volume_summary [0.184964s] ... ok
{2} tempest.api.volume.test_volumes_clone.VolumesCloneTest.test_create_from_bootable_volume [16.809819s] ... ok
{0} tempest.api.volume.test_volume_transfers.VolumesTransfersV355Test.test_create_get_list_accept_volume_transfer [4.709629s] ... ok
{2} tempest.api.volume.test_volumes_clone.VolumesCloneTest.test_create_from_volume [5.903499s] ... ok
{0} tempest.api.volume.test_volume_transfers.VolumesTransfersV355Test.test_create_list_delete_volume_transfer [3.747782s] ... ok
{0} tempest.api.volume.test_volumes_clone_negative.VolumesCloneNegativeTest.test_create_from_volume_decreasing_size [2.635598s] ... ok
{2} tempest.api.volume.test_volumes_get.VolumesGetTest.test_volume_create_get_update_delete [7.495275s] ... ok
{2} tempest.api.volume.test_volumes_get.VolumesGetTest.test_volume_create_get_update_delete_as_clone [12.984052s] ... ok
{0} tempest.api.volume.test_volumes_extend.VolumesExtendAttachedTest.test_extend_attached_volume [14.486776s] ... ok
{1} tempest.api.volume.test_volumes_snapshots.VolumesSnapshotTestJSON.test_snapshot_create_delete_with_volume_in_use [37.956314s] ... ok
{0} tempest.api.volume.test_volumes_list.VolumesListTestJSON.test_volume_list [0.039303s] ... ok
{0} tempest.api.volume.test_volumes_list.VolumesListTestJSON.test_volume_list_by_name [0.038664s] ... ok
{0} tempest.api.volume.test_volumes_list.VolumesListTestJSON.test_volume_list_details_by_name [0.054420s] ... ok
{1} tempest.api.volume.test_volumes_snapshots.VolumesSnapshotTestJSON.test_snapshot_create_get_list_update_delete [3.488108s] ... ok
{0} tempest.api.volume.test_volumes_list.VolumesListTestJSON.test_volume_list_details_pagination [0.236844s] ... ok
{0} tempest.api.volume.test_volumes_list.VolumesListTestJSON.test_volume_list_details_with_multiple_params [0.110616s] ... ok
{0} tempest.api.volume.test_volumes_list.VolumesListTestJSON.test_volume_list_pagination [0.177355s] ... ok
{0} tempest.api.volume.test_volumes_list.VolumesListTestJSON.test_volume_list_param_display_name_and_status [0.039174s] ... ok
{0} tempest.api.volume.test_volumes_list.VolumesListTestJSON.test_volume_list_with_detail_param_display_name_and_status [0.054300s] ... ok
{0} tempest.api.volume.test_volumes_list.VolumesListTestJSON.test_volume_list_with_detail_param_marker [0.065327s] ... ok
{0} tempest.api.volume.test_volumes_list.VolumesListTestJSON.test_volume_list_with_detail_param_metadata [0.061308s] ... ok
{0} tempest.api.volume.test_volumes_list.VolumesListTestJSON.test_volume_list_with_details [0.055257s] ... ok
{0} tempest.api.volume.test_volumes_list.VolumesListTestJSON.test_volume_list_with_param_metadata [0.045036s] ... ok
{0} tempest.api.volume.test_volumes_list.VolumesListTestJSON.test_volumes_list_by_availability_zone [0.086464s] ... ok
{0} tempest.api.volume.test_volumes_list.VolumesListTestJSON.test_volumes_list_by_bootable [0.081865s] ... ok
{0} tempest.api.volume.test_volumes_list.VolumesListTestJSON.test_volumes_list_by_status [0.082692s] ... ok
{0} tempest.api.volume.test_volumes_list.VolumesListTestJSON.test_volumes_list_details_by_availability_zone [0.056486s] ... ok
{0} tempest.api.volume.test_volumes_list.VolumesListTestJSON.test_volumes_list_details_by_bootable [0.055993s] ... ok
{0} tempest.api.volume.test_volumes_list.VolumesListTestJSON.test_volumes_list_details_by_status [0.053893s] ... ok
{2} tempest.api.volume.test_volumes_get.VolumesGetTest.test_volume_create_get_update_delete_from_image [18.085428s] ... ok
{0} tempest.api.volume.test_volumes_snapshots_list.VolumesSnapshotListTestJSON.test_snapshot_list_param_limit [0.032083s] ... ok
{0} tempest.api.volume.test_volumes_snapshots_list.VolumesSnapshotListTestJSON.test_snapshot_list_param_limit_equals_infinite [0.061456s] ... ok
{0} tempest.api.volume.test_volumes_snapshots_list.VolumesSnapshotListTestJSON.test_snapshot_list_param_limit_equals_zero [0.027786s] ... ok
{0} tempest.api.volume.test_volumes_snapshots_list.VolumesSnapshotListTestJSON.test_snapshot_list_param_marker [0.089135s] ... ok
{0} tempest.api.volume.test_volumes_snapshots_list.VolumesSnapshotListTestJSON.test_snapshot_list_param_offset [0.031386s] ... ok
{0} tempest.api.volume.test_volumes_snapshots_list.VolumesSnapshotListTestJSON.test_snapshot_list_param_sort_created_at_asc [0.030249s] ... ok
{0} tempest.api.volume.test_volumes_snapshots_list.VolumesSnapshotListTestJSON.test_snapshot_list_param_sort_created_at_desc [0.031806s] ... ok
{0} tempest.api.volume.test_volumes_snapshots_list.VolumesSnapshotListTestJSON.test_snapshot_list_param_sort_id_asc [0.033182s] ... ok
{0} tempest.api.volume.test_volumes_snapshots_list.VolumesSnapshotListTestJSON.test_snapshot_list_param_sort_id_desc [0.032752s] ... ok
{0} tempest.api.volume.test_volumes_snapshots_list.VolumesSnapshotListTestJSON.test_snapshot_list_param_sort_name_asc [0.033948s] ... ok
{0} tempest.api.volume.test_volumes_snapshots_list.VolumesSnapshotListTestJSON.test_snapshot_list_param_sort_name_desc [0.030423s] ... ok
{0} tempest.api.volume.test_volumes_snapshots_list.VolumesSnapshotListTestJSON.test_snapshots_list_details_with_params [0.099499s] ... ok
{0} tempest.api.volume.test_volumes_snapshots_list.VolumesSnapshotListTestJSON.test_snapshots_list_with_params [0.089770s] ... ok
{2} tempest.api.volume.test_volumes_negative.VolumesNegativeTest.test_attach_volumes_with_nonexistent_volume_id [6.853029s] ... ok
{2} tempest.api.volume.test_volumes_negative.VolumesNegativeTest.test_create_volume_from_deactivated_image [0.528750s] ... ok
{2} tempest.api.volume.test_volumes_negative.VolumesNegativeTest.test_create_volume_from_image_with_decreasing_size [0.358930s] ... ok
{2} tempest.api.volume.test_volumes_negative.VolumesNegativeTest.test_create_volume_with_invalid_size [0.017339s] ... ok
{2} tempest.api.volume.test_volumes_negative.VolumesNegativeTest.test_create_volume_with_nonexistent_snapshot_id [0.024149s] ... ok
{2} tempest.api.volume.test_volumes_negative.VolumesNegativeTest.test_create_volume_with_nonexistent_source_volid [0.032434s] ... ok
{2} tempest.api.volume.test_volumes_negative.VolumesNegativeTest.test_create_volume_with_nonexistent_volume_type [0.034648s] ... ok
{2} tempest.api.volume.test_volumes_negative.VolumesNegativeTest.test_create_volume_with_size_negative [0.016404s] ... ok
{2} tempest.api.volume.test_volumes_negative.VolumesNegativeTest.test_create_volume_with_size_zero [0.016259s] ... ok
{2} tempest.api.volume.test_volumes_negative.VolumesNegativeTest.test_create_volume_without_passing_size [0.015497s] ... ok
{2} tempest.api.volume.test_volumes_negative.VolumesNegativeTest.test_delete_invalid_volume_id [0.029506s] ... ok
{2} tempest.api.volume.test_volumes_negative.VolumesNegativeTest.test_delete_volume_without_passing_volume_id [0.014441s] ... ok
{1} tempest.api.volume.test_volumes_snapshots.VolumesSnapshotTestJSON.test_snapshot_create_offline_delete_online [20.622029s] ... ok
{2} tempest.api.volume.test_volumes_negative.VolumesNegativeTest.test_detach_volumes_with_invalid_volume_id [0.327429s] ... ok
{2} tempest.api.volume.test_volumes_negative.VolumesNegativeTest.test_get_invalid_volume_id [0.029097s] ... ok
{2} tempest.api.volume.test_volumes_negative.VolumesNegativeTest.test_get_volume_without_passing_volume_id [0.013081s] ... ok
{2} tempest.api.volume.test_volumes_negative.VolumesNegativeTest.test_list_volumes_detail_with_invalid_status [0.050960s] ... ok
{2} tempest.api.volume.test_volumes_negative.VolumesNegativeTest.test_list_volumes_detail_with_nonexistent_name [0.040522s] ... ok
{2} tempest.api.volume.test_volumes_negative.VolumesNegativeTest.test_list_volumes_with_invalid_status [0.035952s] ... ok
{2} tempest.api.volume.test_volumes_negative.VolumesNegativeTest.test_list_volumes_with_nonexistent_name [0.036226s] ... ok
{2} tempest.api.volume.test_volumes_negative.VolumesNegativeTest.test_reserve_volume_with_negative_volume_status [0.131991s] ... ok
{2} tempest.api.volume.test_volumes_negative.VolumesNegativeTest.test_reserve_volume_with_nonexistent_volume_id [0.029541s] ... ok
{2} tempest.api.volume.test_volumes_negative.VolumesNegativeTest.test_unreserve_volume_with_nonexistent_volume_id [0.028531s] ... ok
{2} tempest.api.volume.test_volumes_negative.VolumesNegativeTest.test_update_volume_with_empty_volume_id [0.013133s] ... ok
{2} tempest.api.volume.test_volumes_negative.VolumesNegativeTest.test_update_volume_with_invalid_volume_id [0.028807s] ... ok
{2} tempest.api.volume.test_volumes_negative.VolumesNegativeTest.test_update_volume_with_nonexistent_volume_id [0.028361s] ... ok
{2} tempest.api.volume.test_volumes_negative.VolumesNegativeTest.test_volume_delete_nonexistent_volume_id [0.027125s] ... ok
{2} tempest.api.volume.test_volumes_negative.VolumesNegativeTest.test_volume_extend_with_None_size [0.015662s] ... ok
{2} tempest.api.volume.test_volumes_negative.VolumesNegativeTest.test_volume_extend_with_non_number_size [0.016716s] ... ok
{2} tempest.api.volume.test_volumes_negative.VolumesNegativeTest.test_volume_extend_with_nonexistent_volume_id [0.029221s] ... ok
{2} tempest.api.volume.test_volumes_negative.VolumesNegativeTest.test_volume_extend_with_size_smaller_than_original_size [0.029026s] ... ok
{2} tempest.api.volume.test_volumes_negative.VolumesNegativeTest.test_volume_extend_without_passing_volume_id [0.028690s] ... ok
{2} tempest.api.volume.test_volumes_negative.VolumesNegativeTest.test_volume_get_nonexistent_volume_id [0.032818s] ... ok
{0} tempest.api.volume.test_volumes_snapshots_negative.VolumesSnapshotNegativeTestJSON.test_create_snapshot_with_nonexistent_volume_id [0.153473s] ... ok
{0} tempest.api.volume.test_volumes_snapshots_negative.VolumesSnapshotNegativeTestJSON.test_create_snapshot_without_passing_volume_id [0.027230s] ... ok
{0} tempest.api.volume.test_volumes_snapshots_negative.VolumesSnapshotNegativeTestJSON.test_list_snapshot_invalid_param_limit [0.015395s] ... ok
{0} tempest.api.volume.test_volumes_snapshots_negative.VolumesSnapshotNegativeTestJSON.test_list_snapshots_invalid_param_marker [0.023732s] ... ok
{0} tempest.api.volume.test_volumes_snapshots_negative.VolumesSnapshotNegativeTestJSON.test_list_snapshots_invalid_param_sort [0.017623s] ... ok
{1} tempest.api.volume.test_volumes_snapshots.VolumesSnapshotTestJSON.test_volume_from_snapshot [8.297341s] ... ok
{0} tempest.api.volume.test_volumes_snapshots_negative.VolumesSnapshotNegativeTestJSON.test_volume_from_snapshot_decreasing_size [4.711054s] ... ok
{1} tempest.api.volume.test_volumes_snapshots.VolumesSnapshotTestJSON.test_volume_from_snapshot_no_size [8.298238s] ... ok

==============================
Failed 3 tests - output below:
==============================

tempest.api.compute.volumes.test_attach_volume_negative.AttachVolumeNegativeTest.test_attach_attached_volume_to_different_server[id-ee37a796-2afb-11e7-bc0f-fa163e65f5ce,negative]
----------------------------------------------------------------------------------------------------------------------------------------------------------------------------------

Captured traceback:
~~~~~~~~~~~~~~~~~~~
    Traceback (most recent call last):

      File "/usr/local/lib/python3.6/site-packages/fixtures/fixture.py", line 197, in setUp
    self._setUp()

      File "/usr/local/lib/python3.6/site-packages/tempest/lib/common/validation_resources.py", line 445, in _setUp
    floating_network_name=self._floating_network_name)

      File "/usr/local/lib/python3.6/site-packages/tempest/lib/common/validation_resources.py", line 245, in create_validation_resources
    LOG.exception(msg, prov_exc, cleanup_exc)

      File "/usr/local/lib/python3.6/site-packages/oslo_utils/excutils.py", line 227, in __exit__
    self.force_reraise()

      File "/usr/local/lib/python3.6/site-packages/oslo_utils/excutils.py", line 200, in force_reraise
    raise self.value

      File "/usr/local/lib/python3.6/site-packages/tempest/lib/common/validation_resources.py", line 217, in create_validation_resources
    pool=floating_network_name))

      File "/usr/local/lib/python3.6/site-packages/tempest/lib/services/compute/floating_ips_client.py", line 66, in create_floating_ip
    resp, body = self.post(url, post_body)

      File "/usr/local/lib/python3.6/site-packages/tempest/lib/common/rest_client.py", line 299, in post
    return self.request('POST', url, extra_headers, headers, body, chunked)

      File "/usr/local/lib/python3.6/site-packages/tempest/lib/services/compute/base_compute_client.py", line 48, in request
    method, url, extra_headers, headers, body, chunked)

      File "/usr/local/lib/python3.6/site-packages/tempest/lib/common/rest_client.py", line 703, in request
    self._error_checker(resp, resp_body)

      File "/usr/local/lib/python3.6/site-packages/tempest/lib/common/rest_client.py", line 809, in _error_checker
    raise exceptions.NotFound(resp_body, resp=resp)

    tempest.lib.exceptions.NotFound: Object not found
Details: {'code': 404, 'message': 'Floating IP pool not found.'}


Captured traceback-1:
~~~~~~~~~~~~~~~~~~~~~
    Traceback (most recent call last):

      File "/usr/local/lib/python3.6/site-packages/fixtures/fixture.py", line 197, in setUp
    self._setUp()

      File "/usr/local/lib/python3.6/site-packages/tempest/lib/common/validation_resources.py", line 445, in _setUp
    floating_network_name=self._floating_network_name)

      File "/usr/local/lib/python3.6/site-packages/tempest/lib/common/validation_resources.py", line 245, in create_validation_resources
    LOG.exception(msg, prov_exc, cleanup_exc)

      File "/usr/local/lib/python3.6/site-packages/oslo_utils/excutils.py", line 227, in __exit__
    self.force_reraise()

      File "/usr/local/lib/python3.6/site-packages/oslo_utils/excutils.py", line 200, in force_reraise
    raise self.value

      File "/usr/local/lib/python3.6/site-packages/tempest/lib/common/validation_resources.py", line 217, in create_validation_resources
    pool=floating_network_name))

      File "/usr/local/lib/python3.6/site-packages/tempest/lib/services/compute/floating_ips_client.py", line 66, in create_floating_ip
    resp, body = self.post(url, post_body)

      File "/usr/local/lib/python3.6/site-packages/tempest/lib/common/rest_client.py", line 299, in post
    return self.request('POST', url, extra_headers, headers, body, chunked)

      File "/usr/local/lib/python3.6/site-packages/tempest/lib/services/compute/base_compute_client.py", line 48, in request
    method, url, extra_headers, headers, body, chunked)

      File "/usr/local/lib/python3.6/site-packages/tempest/lib/common/rest_client.py", line 703, in request
    self._error_checker(resp, resp_body)

      File "/usr/local/lib/python3.6/site-packages/tempest/lib/common/rest_client.py", line 809, in _error_checker
    raise exceptions.NotFound(resp_body, resp=resp)

    tempest.lib.exceptions.NotFound: Object not found
Details: {'code': 404, 'message': 'Floating IP pool not found.'}

    
During handling of the above exception, another exception occurred:


    Traceback (most recent call last):

      File "/usr/local/lib/python3.6/site-packages/fixtures/fixture.py", line 208, in setUp
    raise SetupError(details)

    fixtures.fixture.SetupError: {}


Captured pythonlogging:
~~~~~~~~~~~~~~~~~~~~~~~
    2022-07-20 22:03:30,997 16233 DEBUG    [tempest.lib.common.validation_resources] Requested setup of ValidationResources keypair True, floating IP True, security group False
2022-07-20 22:03:30,998 16233 DEBUG    [tempest.lib.common.validation_resources] Requested validation resources keypair True, floating IP True, security group False
2022-07-20 22:03:31,228 16233 INFO     [tempest.lib.common.rest_client] Request (ValidationResourcesFixture:setUp): 200 POST http://[LB_IP_ADDRESS]:8774/v2.1/os-keypairs 0.229s
2022-07-20 22:03:31,229 16233 DEBUG    [tempest.lib.common.rest_client] Request - Headers: {'Content-Type': 'application/json', 'Accept': 'application/json', 'X-Auth-Token': '<omitted>'}
        Body: {"keypair": {"name": "tempest-keypair-1082246701"}}
    Response - Headers: {'date': 'Wed, 20 Jul 2022 19:03:31 GMT', 'server': 'Apache/2.4.41 (Ubuntu)', 'content-length': '2301', 'openstack-api-version': 'compute 2.1', 'x-openstack-nova-api-version': '2.1', 'vary': 'OpenStack-API-Version,X-OpenStack-Nova-API-Version', 'x-openstack-request-id': 'req-a148cfec-2b46-4dce-bb6d-41992d356ebe', 'x-compute-request-id': 'req-a148cfec-2b46-4dce-bb6d-41992d356ebe', 'connection': 'close', 'content-type': 'application/json', 'status': '200', 'content-location': 'http://[LB_IP_ADDRESS]:8774/v2.1/os-keypairs'}
        Body: b'{"keypair": {"private_key": "-----BEGIN RSA PRIVATE KEY-----\\nMIIEowIBAAKCAQEAoyZzKQ4M0uBjPxKN3IyDiQNMtoNg6x2zQgGBvvAeJUEUdb6J\\nAe669Irsbl5vZAR+dp9hojDSD246HmGVwUeN+ThpCT7i7/yAnWiwo4LFXRT6Oyvo\\nj76IwLfiFGsuDChZS7l+jnuhRtXqkC6XHPkGLJl3OV2CwT+tczgkoosUn8XPe9Qm\\nj4Q8yxilqnVJZO7cAeD7zLwe+PetyHOKEL55DdiOnODDI5gRbEf8bfPrDZG7HB4y\\nwcv5ROCDvzQSxWmwxC0aTrntSuUO1YDZ3ITc+oNb+O/0R3v3OzkkjjgbFRi7Qjck\\naZLoQjkSD9oMikfjVdMoxA3SZ1+JLqD6xvGC9wIDAQABAoIBAE3rWyzMbQt552yE\\nLASdh2S0krrIXE1uTeLEXXcXrw4T2vWxHjYyElAg2XKM355hFxUIYdTYhDqiZleE\\nO8WnqwLQEjo8Mp5zdem3ykUNe71M+4WvHs8oLJ/+MpeV6NQdoSgtW2gpW4k9OV3L\\nIpjPxkcetHZNVtl81BYnRjfrPNphF8ug2hjXDnazkKk03En0IuRfkq98KxD6pz3E\\nZ/sEomPE21gSYBuF0ATNFF5XttQdv60PmE1DXBIkC0H9RB8qRyW61MBSalY0oUq4\\niPtaX8ZAGqTI/krr3nEqQM2QMsWMRE9DTQAhDZfOUTME/59PrB+oPH/oMyumgwxa\\nOVySgmECgYEA0EVIxQP8Pd75FXHQ+lcj1ooDpiNWnl+rvxztCERpgalXyC8mPNjV\\nW4bAXDlb4z9O5fFOIZ0rFGMKo75JePdnf7GPBDwyRzD1Bb7LpuvJU/CKRxXnpwCn\\nCnmVdKlRQutn/igOwmVP6rFFpKZpUYkOvi7/MaMInQZNB/g0arsVAu0CgYEAyIoP\\n7kYhw9sxVUtG/dSipLDu6R5uBS+caTgsQ1DkBTpfFdJp0EeBi3FpttESecF26u7R\\ndmx5jxbmOK3Y2gWjZUEOvRe9DT+q0DOUrptAd1WtkQkVbap3SA6t2HaLLCExMqdD\\neCMYgvDfuW6fyWWqgm3y6b9Cn5NPTRK4jBCbLPMCgYABzHdibDRjfGd+TetWHiaL\\nFcoOR0PaPk1Ha0KIzb5zhjjh27Zi1CSTk8hZg41NmyBdUAYyuB7FIE3ZOC1+Q/S6\\n35eym6p7fuq+z/UGTgcBGJS5JHFJufG3X3Fw/n1bLJlLUqE+AI3+IuXNFDrYn2xn\\nLBS8IwJSCNnldblOKqt1yQKBgHHrI+OaSWIGKT8ntRtKaF4f+IfK9nrRsgt/kn1m\\n/TEPGKa/0cY0aJ26/m+Q0usBgLkykyCvvFoRixSVhUNMwqYpT+MREh7tlO4S7xpF\\nLVjc/e0O+PJETOBNHmqB5Mtby6PXqpcbcLgpdx3SfsicjUDsjnpEYOdfekPxJ47B\\nfDULAoGBAJmMOtdumbTcFZEyBcRmD5Cf0F+3QZFy7iOOg/iQtMiHfJPkfgadnmTH\\nhQaFgwIykOip3hYnD/mI+90aIwU3K8guwO5bBUsYqbnQZuCcFs/e+OfRxtC0BVtf\\nxqdbkmgq5aHtN97egn0Q0l+xz51k2P/E4hYwENxxfs8ExhBeoxFP\\n-----END RSA PRIVATE KEY-----\\n", "name": "tempest-keypair-1082246701", "public_key": "ssh-rsa AAAAB3NzaC1yc2EAAAADAQABAAABAQCjJnMpDgzS4GM/Eo3cjIOJA0y2g2DrHbNCAYG+8B4lQRR1vokB7rr0iuxuXm9kBH52n2GiMNIPbjoeYZXBR435OGkJPuLv/ICdaLCjgsVdFPo7K+iPvojAt+IUay4MKFlLuX6Oe6FG1eqQLpcc+QYsmXc5XYLBP61zOCSiixSfxc971CaPhDzLGKWqdUlk7twB4PvMvB74963Ic4oQvnkN2I6c4MMjmBFsR/xt8+sNkbscHjLBy/lE4IO/NBLFabDELRpOue1K5Q7VgNnchNz6g1v47/RHe/c7OSSOOBsVGLtCNyRpkuhCORIP2gyKR+NV0yjEDdJnX4kuoPrG8YL3 Generated-by-Nova", "fingerprint": "89:94:e6:a4:26:72:41:55:ab:66:94:c9:c2:14:5e:1a", "user_id": "73a855d0ca6d4441b081401e42fcf1f8"}}'
2022-07-20 22:03:31,234 16233 DEBUG    [tempest.lib.common.validation_resources] Validation resource key tempest-keypair-1082246701 created
2022-07-20 22:03:31,433 16233 INFO     [tempest.lib.common.rest_client] Request (ValidationResourcesFixture:setUp): 404 POST http://[LB_IP_ADDRESS]:8774/v2.1/os-floating-ips 0.197s
2022-07-20 22:03:31,433 16233 DEBUG    [tempest.lib.common.rest_client] Request - Headers: {'Content-Type': 'appl
    ication/json', 'Accept': 'application/json', 'X-Auth-Token': '<omitted>'}
        Body: {"pool": null}
    Response - Headers: {'date': 'Wed, 20 Jul 2022 19:03:31 GMT', 'server': 'Apache/2.4.41 (Ubuntu)', 'content-length': '73', 'openstack-api-version': 'compute 2.1', 'x-openstack-nova-api-version': '2.1', 'vary': 'OpenStack-API-Version,X-OpenStack-Nova-API-Version', 'x-openstack-request-id': 'req-f2cac4e5-4424-4154-ae7f-aebac6e35688', 'x-compute-request-id': 'req-f2cac4e5-4424-4154-ae7f-aebac6e35688', 'connection': 'close', 'content-type': 'application/json; charset=UTF-8', 'status': '404', 'content-location': 'http://[LB_IP_ADDRESS]:8774/v2.1/os-floating-ips'}
        Body: b'{"itemNotFound": {"code": 404, "message": "Floating IP pool not found."}}'
2022-07-20 22:03:31,434 16233 DEBUG    [tempest.lib.common.validation_resources] Error while provisioning validation resources Object not found
Details: {'code': 404, 'message': 'Floating IP pool not found.'}. Trying to cleanup what we provisioned so far: {'keypair': {'private_key': '-----BEGIN RSA PRIVATE KEY-----\nMIIEowIBAAKCAQEAoyZzKQ4M0uBjPxKN3IyDiQNMtoNg6x2zQgGBvvAeJUEUdb6J\nAe669Irsbl5vZAR+dp9hojDSD246HmGVwUeN+ThpCT7i7/yAnWiwo4LFXRT6Oyvo\nj76IwLfiFGsuDChZS7l+jnuhRtXqkC6XHPkGLJl3OV2CwT+tczgkoosUn8XPe9Qm\nj4Q8yxilqnVJZO7cAeD7zLwe+PetyHOKEL55DdiOnODDI5gRbEf8bfPrDZG7HB4y\nwcv5ROCDvzQSxWmwxC0aTrntSuUO1YDZ3ITc+oNb+O/0R3v3OzkkjjgbFRi7Qjck\naZLoQjkSD9oMikfjVdMoxA3SZ1+JLqD6xvGC9wIDAQABAoIBAE3rWyzMbQt552yE\nLASdh2S0krrIXE1uTeLEXXcXrw4T2vWxHjYyElAg2XKM355hFxUIYdTYhDqiZleE\nO8WnqwLQEjo8Mp5zdem3ykUNe71M+4WvHs8oLJ/+MpeV6NQdoSgtW2gpW4k9OV3L\nIpjPxkcetHZNVtl81BYnRjfrPNphF8ug2hjXDnazkKk03En0IuRfkq98KxD6pz3E\nZ/sEomPE21gSYBuF0ATNFF5XttQdv60PmE1DXBIkC0H9RB8qRyW61MBSalY0oUq4\niPtaX8ZAGqTI/krr3nEqQM2QMsWMRE9DTQAhDZfOUTME/59PrB+oPH/oMyumgwxa\nOVySgmECgYEA0EVIxQP8Pd75FXHQ+lcj1ooDpiNWnl+rvxztCERpgalXyC8mPNjV\nW4bAXDlb4z9O5fFOIZ0rFGMKo75JePdnf7GPBDwyRzD1Bb7LpuvJU/CKRxXnpwCn\nCnmVdKlRQutn/igOwmVP6rFFpKZpUYkOvi7/MaMInQZNB/g0arsVAu0CgYEAyIoP\n7kYhw9sxVUtG/dSipLDu6R5uBS+caTgsQ1DkBTpfFdJp0EeBi3FpttESecF26u7R\ndmx5jxbmOK3Y2gWjZUEOvRe9DT+q0DOUrptAd1WtkQkVbap3SA6t2HaLLCExMqdD\neCMYgvDfuW6fyWWqgm3y6b9Cn5NPTRK4jBCbLPMCgYABzHdibDRjfGd+TetWHiaL\nFcoOR0PaPk1Ha0KIzb5zhjjh27Zi1CSTk8hZg41NmyBdUAYyuB7FIE3ZOC1+Q/S6\n35eym6p7fuq+z/UGTgcBGJS5JHFJufG3X3Fw/n1bLJlLUqE+AI3+IuXNFDrYn2xn\nLBS8IwJSCNnldblOKqt1yQKBgHHrI+OaSWIGKT8ntRtKaF4f+IfK9nrRsgt/kn1m\n/TEPGKa/0cY0aJ26/m+Q0usBgLkykyCvvFoRixSVhUNMwqYpT+MREh7tlO4S7xpF\nLVjc/e0O+PJETOBNHmqB5Mtby6PXqpcbcLgpdx3SfsicjUDsjnpEYOdfekPxJ47B\nfDULAoGBAJmMOtdumbTcFZEyBcRmD5Cf0F+3QZFy7iOOg/iQtMiHfJPkfgadnmTH\nhQaFgwIykOip3hYnD/mI+90aIwU3K8guwO5bBUsYqbnQZuCcFs/e+OfRxtC0BVtf\nxqdbkmgq5aHtN97egn0Q0l+xz51k2P/E4hYwENxxfs8ExhBeoxFP\n-----END RSA PRIVATE KEY-----\n', 'name': 'tempest-keypair-1082246701', 'public_key': 'ssh-rsa AAAAB3NzaC1yc2EAAAADAQABAAABAQCjJnMpDgzS4GM/Eo3cjIOJA0y2g2DrHbNCAYG+8B4lQRR1vokB7rr0iuxuXm9kBH52n2GiMNIPbjoeYZXBR435OGkJPuLv/ICdaLCjgsVdFPo7K+iPvojAt+IUay4MKFlLuX6Oe6FG1eqQLpcc+QYsmXc5XYLBP61zOCSiixSfxc971CaPhDzLGKWqdUlk7twB4PvMvB74963Ic4oQvnkN2I6c4MMjmBFsR/xt8+sNkbscHjLBy/lE4IO/NBLFabDELRpOue1K5Q7VgNnchNz6g1v47/RHe/c7OSSOOBsVGLtCNyRpkuhCORIP2gyKR+NV0yjEDdJnX4kuoPrG8YL3 Generated-by-Nova', 'fingerprint': '89:94:e6:a4:26:72:41:55:ab:66:94:c9:c2:14:5e:1a', 'user_id': '73a855d0ca6d4441b081401e42fcf1f8'}}
2022-07-20 22:03:31,463 16233 INFO     [tempest.lib.common.rest_client] Request (ValidationResourcesFixture:setUp): 202 DELETE http://[LB_IP_ADDRESS]:8774/v2.1/os-keypairs/tempest-keypair-1082246701 0.028s
2022-07-20 22:03:31,464 16233 DEBUG    [tempest.lib.common.rest_client] Request - Headers: {'Content-Type': 'application/json', 'Accept': 'application/json', 'X-Auth-Token': '<omitted>'}
        Body: None
    Response - Headers: {'date': 'Wed, 20 Jul 2022 19:03:31 GMT', 'server': 'Apache/2.4.41 (Ubuntu)', 'content-length': '0', 'openstack-api-version': 'compute 2.1', 'x-openstack-nova-api-version': '2.1', 'vary': 'OpenStack-API-Version,X-OpenStack-Nova-API-Version', 'x-openstack-request-id': 'req-c5bab4ea-97dc-4734-bd38-ef4284331671', 'x-compute-request-id': 'req-c
    5bab4ea-97dc-4734-bd38-ef4284331671', 'connection': 'close', 'content-type': 'application/json', 'status': '202', 'content-location': 'http://[LB_IP_ADDRESS]:8774/v2.1/os-keypairs/tempest-keypair-1082246701'}
        Body: b''


tempest.api.compute.volumes.test_attach_volume_negative.AttachVolumeNegativeTest.test_attach_attached_volume_to_same_server[id-aab919e2-d992-4cbb-a4ed-745c2475398c,negative]
-----------------------------------------------------------------------------------------------------------------------------------------------------------------------------

Captured traceback:
~~~~~~~~~~~~~~~~~~~
    Traceback (most recent call last):

      File "/usr/local/lib/python3.6/site-packages/fixtures/fixture.py", line 197, in setUp
    self._setUp()

      File "/usr/local/lib/python3.6/site-packages/tempest/lib/common/validation_resources.py", line 445, in _setUp
    floating_network_name=self._floating_network_name)

      File "/usr/local/lib/python3.6/site-packages/tempest/lib/common/validation_resources.py", line 245, in create_validation_resources
    LOG.exception(msg, prov_exc, cleanup_exc)

      File "/usr/local/lib/python3.6/site-packages/oslo_utils/excutils.py", line 227, in __exit__
    self.force_reraise()

      File "/usr/local/lib/python3.6/site-packages/oslo_utils/excutils.py", line 200, in force_reraise
    raise self.value

      File "/usr/local/lib/python3.6/site-packages/tempest/lib/common/validation_resources.py", line 217, in create_validation_resources
    pool=floating_network_name))

      File "/usr/local/lib/python3.6/site-packages/tempest/lib/services/compute/floating_ips_client.py", line 66, in create_floating_ip
    resp, body = self.post(url, post_body)

      File "/usr/local/lib/python3.6/site-packages/tempest/lib/common/rest_client.py", line 299, in post
    return self.request('POST', url, extra_headers, headers, body, chunked)

      File "/usr/local/lib/python3.6/site-packages/tempest/lib/services/compute/base_compute_client.py", line 48, in request
    method, url, extra_headers, headers, body, chunked)

      File "/usr/local/lib/python3.6/site-packages/tempest/lib/common/rest_client.py", line 703, in request
    self._error_checker(resp, resp_body)

      File "/usr/local/lib/python3.6/site-packages/tempest/lib/common/rest_client.py", line 809, in _error_checker
    raise exceptions.NotFound(resp_body, resp=resp)

    tempest.lib.exceptions.NotFound: Object not found
Details: {'code': 404, 'message': 'Floating IP pool not found.'}


Captured traceback-1:
~~~~~~~~~~~~~~~~~~~~~
    Traceback (most recent call last):

      File "/usr/local/lib/python3.6/site-packages/fixtures/fixture.py", line 197, in setUp
    self._setUp()

      File "/usr/local/lib/python3.6/site-packages/tempest/lib/common/validation_resources.py", line 445, in _setUp
    floating_network_name=self._floating_network_name)

      File "/usr/local/lib/python3.6/site-packages/tempest/lib/common/validation_resources.py", line 245, in create_validation_resources
    LOG.exception(msg, prov_exc, cleanup_exc)

      File "/usr/local/lib/python3.6/site-packages/oslo_utils/excutils.py", line 227, in __exit__
    self.force_reraise()

      File "/usr/local/lib/python3.6/site-packages/oslo_utils/excutils.py", line 200, in force_reraise
    raise self.value

      File "/usr/local/lib/python3.6/site-packages/tempest/lib/common/validation_resources.py", line 217, in create_validation_resources
    pool=floating_network_name))

      File "/usr/local/lib/python3.6/site-packages/tempest/lib/services/compute/floating_ips_client.py", line 66, in create_floating_ip
    resp, body = self.post(url, post_body)

      File "/usr/local/lib/python3.6/site-packages/tempest/lib/common/rest_client.py", line 299, in post
    return self.request('POST', url, extra_headers, headers, body, chunked)

      File "/usr/local/lib/python3.6/site-packages/tempest/lib/services/compute/base_compute_client.py", line 48, in request
    method, url, extra_headers, headers, body, chunked)

      File "/usr/local/lib/python3.6/site-packages/tempest/lib/common/rest_client.py", line 703, in request
    self._error_checker(resp, resp_body)

      File "/usr/local/lib/python3.6/site-packages/tempest/lib/common/rest_client.py", line 809, in _error_checker
    raise exceptions.NotFound(resp_body, resp=resp)

    tempest.lib.exceptions.NotFound: Object not found
Details: {'code': 404, 'message': 'Floating IP pool not found.'}

    
During handling of the above exception, another exception occurred:


    Traceback (most recent call last):

      File "/usr/local/lib/python3.6/site-packages/fixtures/fixture.py", line 208, in setUp
    raise SetupError(details)

    fixtures.fixture.SetupError: {}


Captured pythonlogging:
~~~~~~~~~~~~~~~~~~~~~~~
    2022-07-20 22:03:31,473 16233 DEBUG    [tempest.lib.common.validation_resources] Requested setup of ValidationResources keypair True, floating IP True, security group False
2022-07-20 22:03:31,474 16233 DEBUG    [tempest.lib.common.validation_resources] Requested validation resources keypair True, floating IP True, security group False
2022-07-20 22:03:31,689 16233 INFO     [tempest.lib.common.rest_client] Request (ValidationResourcesFixture:setUp): 200 POST http://[LB_IP_ADDRESS]:8774/v2.1/os-keypairs 0.214s
2022-07-20 22:03:31,690 16233 DEBUG    [tempest.lib.common.rest_client] Request - Headers: {'Content-Type': 'application/json', 'Accept': 'application/json', 'X-Auth-Token': '<omitted>'}
        Body: {"keypair": {"name": "tempest-keypair-177399520"}}
    Response - Headers: {'date': 'Wed, 20 Jul 2022 19:03:31 GMT', 'server': 'Apache/2.4.41 (Ubuntu)', 'content-length': '2304', 'openstack-api-version': 'compute 2.1', 'x-openstack-nova-api-version': '2.1', 'vary': 'OpenStack-API-Version,X-OpenStack-Nova-API-Version', 'x-openstack-request-id': 'req-3143508e-20cb-4593-a6d8-63c9ac037fe9', 'x-compute-request-id': 'req-3143508e-20cb-4593-a6d8-63c9ac037fe9', 'connection': 'close', 'content-type': 'application/json', 'status': '200', 'content-location': 'http://[LB_IP_ADDRESS]:8774/v2.1/os-keypairs'}
        Body: b'{"keypair": {"private_key": "-----BEGIN RSA PRIVATE KEY-----\\nMIIEpAIBAAKCAQEA6WhiE9p5GvZHJGJb1SFo4RVPv8GX0JE4apzL668U40HtOb/0\\nQupp5KFrgbc86A2oUsjJGV80aBkgX3GHnm/CsLeXrvdnQTTzl/v+nBMzvHDVNNbx\\nJCjFew64cdV4nFmg2Pbl3iIcW/vy39KS8V8WvbNqml8dVxWsYTR49e8AAbQmxgrp\\nlQPSm/FhBPdQnN/qlJRZkljOnq4sh1ehR3e8RW3D584LsQt9Rm/FKlldalIzs7Ox\\nPgeNnmre2NKZZf2hu5ayA6vggxwTkoC6UCP19f/47ErCBC4gt6h5tgjRCsl77+UM\\nlamQKpTuS/v1bfOGr1Nhbaep/c1P0wnpVISfKwIDAQABAoIBAQCyakgORQItyfO3\\nrDfmQxOYemHrgmA53cfyNsjp73tX/B0J9+EPBYDMc1dqYFb+SvJP1YtjCZNVv18v\\nlejFA0kfLDeWVydmgMNzefy18Teq49UV/vd1XHUYC7iRy0vWt+xr7M7pbcmfxodw\\n79XDC5ymhW8HcY1L9BVAeIu98mNe6JDBmfcNzQAOprw9slHtdOE8j0adGH+X7isF\\nj7KKswxVvL8Xk2hmYrXZABFDnC5xlH2gkE9mIzinFf+r0qqCgAE+I7H8Exqm/2fw\\nQ4guGOqAa0uy+PgT1BTWLU+frW0s60bm1j4uG598OkzIzNfNI20rVUfxWi/enIWd\\nocp6GoIBAoGBAPbQrCBI8iH3W/+xSG/A9Y0F9zvo4Ly8G5iscEZSuuQVd3KYbOvP\\nHdI//xSWsHn/8pAl7CAXb98/EwF14OXc+hXXkQ1gfTdc5/v6qXzMQJ5nOJ4ykMKf\\n8uYSIyp4X8TBn3va3VR6Jw9v37fbLmw3uo9Q4NaTNBwrenkAU/3PX9bbAoGBAPIX\\n+6UzMULwbMUjCp5OGofSOqgv5FdMtl/qoRRXZaYvbNlsZHoZTpOUwmZ7D+Y096Pv\\n0u6nmeUZ2f86Iei8jXYmtyZlgceDcZVYqT8Pc7EKX/GrOwuCQg2K79EtfIDTtYze\\nBKsVvHwxNte+Q9gP5morqPrVssAkg4xd6knlRYHxAoGBAIV9u3sCuSMx3GphAmKf\\nJLAPh/a5L8QkoXBj453FZRuzmJU8Z7zqmqB6yIXkMrLpgdIBEMMSqgk+3hKuJONu\\nLzzdCLEJfPASqc4Zds3u0wxZm7/EbZM2W3OgX7C6xmFur8mXSJpGLxYkVgXk4Cjb\\nw2V8Qv8LQuXxhh4n1UWzgYx9AoGAPtEERbhDxve1cW2HOs5PSgC9oZhTqmdIRxkN\\nVMbcpENX/g6G/7uDTP3jd03lMTl7LDl1ROGOKAkOLJB77fTGy+p9yWO7SfaMSVEp\\nESjEPyLPBFkGyBSzaOotEdy4moDUccnF8lKAhsUKUu6WkgCGK/RKM1OxvvN6grh3\\nq1bnMzECgYA+13p4m4RmI4VVHk8PRD/Z0ckZyMlgvuHAMmX9WDbwl+CNi+YPKWcz\\n8Gl8koCDYWTgZDEHDkCAk/72uDvWEQ7t+vxI8WcX8UtpJLWLvj+t+gZF67J2Jtyl\\nNU/S5oTjlUh8eKi0+jgZdhAcn4goGA6qwSQoghDZ0IvAMdXCw/PB/w==\\n-----END RSA PRIVATE KEY-----\\n", "name": "tempest-keypair-177399520", "public_key": "ssh-rsa AAAAB3NzaC1yc2EAAAADAQABAAABAQDpaGIT2nka9kckYlvVIWjhFU+/wZfQkThqnMvrrxTjQe05v/RC6mnkoWuBtzzoDahSyMkZXzRoGSBfcYeeb8Kwt5eu92dBNPOX+/6cEzO8cNU01vEkKMV7Drhx1XicWaDY9uXeIhxb+/Lf0pLxXxa9s2qaXx1XFaxhNHj17wABtCbGCumVA9Kb8WEE91Cc3+qUlFmSWM6eriyHV6FHd7xFbcPnzguxC31Gb8UqWV1qUjOzs7E+B42eat7Y0pll/aG7lrIDq+CDHBOSgLpQI/X1//jsSsIELiC3qHm2CNEKyXvv5QyVqZAqlO5L+/Vt84avU2Ftp6n9zU/TCelUhJ8r Generated-by-Nova", "fingerprint": "ec:f5:e6:9a:5b:5b:95:27:f8:0a:7f:b6:b9:81:82:fb", "user_id": "73a855d0ca6d4441b081401e42fcf1f8"}}'
2022-07-20 22:03:31,693 16233 DEBUG    [tempest.lib.common.validation_resources] Validation resource key tempest-keypair-177399520 created
2022-07-20 22:03:31,739 16233 INFO     [tempest.lib.common.rest_client] Request (ValidationResourcesFixture:setUp): 404 POST http://[LB_IP_ADDRESS]:8774/v2.1/os-floating-ips 0.044s
2022-07-20 22:03:31,740 16233 DEBUG    [tempest.lib.common.rest_client] Request - Headers: {'Content-Type': 'app
    lication/json', 'Accept': 'application/json', 'X-Auth-Token': '<omitted>'}
        Body: {"pool": null}
    Response - Headers: {'date': 'Wed, 20 Jul 2022 19:03:31 GMT', 'server': 'Apache/2.4.41 (Ubuntu)', 'content-length': '73', 'openstack-api-version': 'compute 2.1', 'x-openstack-nova-api-version': '2.1', 'vary': 'OpenStack-API-Version,X-OpenStack-Nova-API-Version', 'x-openstack-request-id': 'req-dc3db36b-3aea-41df-a562-27bc9650e379', 'x-compute-request-id': 'req-dc3db36b-3aea-41df-a562-27bc9650e379', 'connection': 'close', 'content-type': 'application/json; charset=UTF-8', 'status': '404', 'content-location': 'http://[LB_IP_ADDRESS]:8774/v2.1/os-floating-ips'}
        Body: b'{"itemNotFound": {"code": 404, "message": "Floating IP pool not found."}}'
2022-07-20 22:03:31,740 16233 DEBUG    [tempest.lib.common.validation_resources] Error while provisioning validation resources Object not found
Details: {'code': 404, 'message': 'Floating IP pool not found.'}. Trying to cleanup what we provisioned so far: {'keypair': {'private_key': '-----BEGIN RSA PRIVATE KEY-----\nMIIEpAIBAAKCAQEA6WhiE9p5GvZHJGJb1SFo4RVPv8GX0JE4apzL668U40HtOb/0\nQupp5KFrgbc86A2oUsjJGV80aBkgX3GHnm/CsLeXrvdnQTTzl/v+nBMzvHDVNNbx\nJCjFew64cdV4nFmg2Pbl3iIcW/vy39KS8V8WvbNqml8dVxWsYTR49e8AAbQmxgrp\nlQPSm/FhBPdQnN/qlJRZkljOnq4sh1ehR3e8RW3D584LsQt9Rm/FKlldalIzs7Ox\nPgeNnmre2NKZZf2hu5ayA6vggxwTkoC6UCP19f/47ErCBC4gt6h5tgjRCsl77+UM\nlamQKpTuS/v1bfOGr1Nhbaep/c1P0wnpVISfKwIDAQABAoIBAQCyakgORQItyfO3\nrDfmQxOYemHrgmA53cfyNsjp73tX/B0J9+EPBYDMc1dqYFb+SvJP1YtjCZNVv18v\nlejFA0kfLDeWVydmgMNzefy18Teq49UV/vd1XHUYC7iRy0vWt+xr7M7pbcmfxodw\n79XDC5ymhW8HcY1L9BVAeIu98mNe6JDBmfcNzQAOprw9slHtdOE8j0adGH+X7isF\nj7KKswxVvL8Xk2hmYrXZABFDnC5xlH2gkE9mIzinFf+r0qqCgAE+I7H8Exqm/2fw\nQ4guGOqAa0uy+PgT1BTWLU+frW0s60bm1j4uG598OkzIzNfNI20rVUfxWi/enIWd\nocp6GoIBAoGBAPbQrCBI8iH3W/+xSG/A9Y0F9zvo4Ly8G5iscEZSuuQVd3KYbOvP\nHdI//xSWsHn/8pAl7CAXb98/EwF14OXc+hXXkQ1gfTdc5/v6qXzMQJ5nOJ4ykMKf\n8uYSIyp4X8TBn3va3VR6Jw9v37fbLmw3uo9Q4NaTNBwrenkAU/3PX9bbAoGBAPIX\n+6UzMULwbMUjCp5OGofSOqgv5FdMtl/qoRRXZaYvbNlsZHoZTpOUwmZ7D+Y096Pv\n0u6nmeUZ2f86Iei8jXYmtyZlgceDcZVYqT8Pc7EKX/GrOwuCQg2K79EtfIDTtYze\nBKsVvHwxNte+Q9gP5morqPrVssAkg4xd6knlRYHxAoGBAIV9u3sCuSMx3GphAmKf\nJLAPh/a5L8QkoXBj453FZRuzmJU8Z7zqmqB6yIXkMrLpgdIBEMMSqgk+3hKuJONu\nLzzdCLEJfPASqc4Zds3u0wxZm7/EbZM2W3OgX7C6xmFur8mXSJpGLxYkVgXk4Cjb\nw2V8Qv8LQuXxhh4n1UWzgYx9AoGAPtEERbhDxve1cW2HOs5PSgC9oZhTqmdIRxkN\nVMbcpENX/g6G/7uDTP3jd03lMTl7LDl1ROGOKAkOLJB77fTGy+p9yWO7SfaMSVEp\nESjEPyLPBFkGyBSzaOotEdy4moDUccnF8lKAhsUKUu6WkgCGK/RKM1OxvvN6grh3\nq1bnMzECgYA+13p4m4RmI4VVHk8PRD/Z0ckZyMlgvuHAMmX9WDbwl+CNi+YPKWcz\n8Gl8koCDYWTgZDEHDkCAk/72uDvWEQ7t+vxI8WcX8UtpJLWLvj+t+gZF67J2Jtyl\nNU/S5oTjlUh8eKi0+jgZdhAcn4goGA6qwSQoghDZ0IvAMdXCw/PB/w==\n-----END RSA PRIVATE KEY-----\n', 'name': 'tempest-keypair-177399520', 'public_key': 'ssh-rsa AAAAB3NzaC1yc2EAAAADAQABAAABAQDpaGIT2nka9kckYlvVIWjhFU+/wZfQkThqnMvrrxTjQe05v/RC6mnkoWuBtzzoDahSyMkZXzRoGSBfcYeeb8Kwt5eu92dBNPOX+/6cEzO8cNU01vEkKMV7Drhx1XicWaDY9uXeIhxb+/Lf0pLxXxa9s2qaXx1XFaxhNHj17wABtCbGCumVA9Kb8WEE91Cc3+qUlFmSWM6eriyHV6FHd7xFbcPnzguxC31Gb8UqWV1qUjOzs7E+B42eat7Y0pll/aG7lrIDq+CDHBOSgLpQI/X1//jsSsIELiC3qHm2CNEKyXvv5QyVqZAqlO5L+/Vt84avU2Ftp6n9zU/TCelUhJ8r Generated-by-Nova', 'fingerprint': 'ec:f5:e6:9a:5b:5b:95:27:f8:0a:7f:b6:b9:81:82:fb', 'user_id': '73a855d0ca6d4441b081401e42fcf1f8'}}
2022-07-20 22:03:31,778 16233 INFO     [tempest.lib.common.rest_client] Request (ValidationResourcesFixture:setUp): 202 DELETE http://[LB_IP_ADDRESS]:8774/v2.1/os-keypairs/tempest-keypair-177399520 0.036s
2022-07-20 22:03:31,778 16233 DEBUG    [tempest.lib.common.rest_client] Request - Headers: {'Content-Type': 'application/json', 'Accept': 'application/json', 'X-Auth-Token': '<omitted>'}
        Body: None
    Response - Headers: {'date': 'Wed, 20 Jul 2022 19:03:31 GMT', 'server': 'Apache/2.4.41 (Ubuntu)', 'content-length': '0', 'openstack-api-version': 'compute 2.1', 'x-openstack-nova-api-version': '2.1', 'vary': 'OpenStack-API-Version,X-OpenStack-Nova-API-Version', 'x-openstack-request-id': 'req-9b252d15-09fc-48a1-a3b4-baed7df229ec', 'x-compute-request-id': 're
    q-9b252d15-09fc-48a1-a3b4-baed7df229ec', 'connection': 'close', 'content-type': 'application/json', 'status': '202', 'content-location': 'http://[LB_IP_ADDRESS]:8774/v2.1/os-keypairs/tempest-keypair-177399520'}
        Body: b''


tempest.api.compute.volumes.test_attach_volume_negative.AttachVolumeNegativeTest.test_delete_attached_volume[id-a313b5cd-fbd0-49cc-94de-870e99f763c7,negative]
--------------------------------------------------------------------------------------------------------------------------------------------------------------

Captured traceback:
~~~~~~~~~~~~~~~~~~~
    Traceback (most recent call last):

      File "/usr/local/lib/python3.6/site-packages/fixtures/fixture.py", line 197, in setUp
    self._setUp()

      File "/usr/local/lib/python3.6/site-packages/tempest/lib/common/validation_resources.py", line 445, in _setUp
    floating_network_name=self._floating_network_name)

      File "/usr/local/lib/python3.6/site-packages/tempest/lib/common/validation_resources.py", line 245, in create_validation_resources
    LOG.exception(msg, prov_exc, cleanup_exc)

      File "/usr/local/lib/python3.6/site-packages/oslo_utils/excutils.py", line 227, in __exit__
    self.force_reraise()

      File "/usr/local/lib/python3.6/site-packages/oslo_utils/excutils.py", line 200, in force_reraise
    raise self.value

      File "/usr/local/lib/python3.6/site-packages/tempest/lib/common/validation_resources.py", line 217, in create_validation_resources
    pool=floating_network_name))

      File "/usr/local/lib/python3.6/site-packages/tempest/lib/services/compute/floating_ips_client.py", line 66, in create_floating_ip
    resp, body = self.post(url, post_body)

      File "/usr/local/lib/python3.6/site-packages/tempest/lib/common/rest_client.py", line 299, in post
    return self.request('POST', url, extra_headers, headers, body, chunked)

      File "/usr/local/lib/python3.6/site-packages/tempest/lib/services/compute/base_compute_client.py", line 48, in request
    method, url, extra_headers, headers, body, chunked)

      File "/usr/local/lib/python3.6/site-packages/tempest/lib/common/rest_client.py", line 703, in request
    self._error_checker(resp, resp_body)

      File "/usr/local/lib/python3.6/site-packages/tempest/lib/common/rest_client.py", line 809, in _error_checker
    raise exceptions.NotFound(resp_body, resp=resp)

    tempest.lib.exceptions.NotFound: Object not found
Details: {'code': 404, 'message': 'Floating IP pool not found.'}


Captured traceback-1:
~~~~~~~~~~~~~~~~~~~~~
    Traceback (most recent call last):

      File "/usr/local/lib/python3.6/site-packages/fixtures/fixture.py", line 197, in setUp
    self._setUp()

      File "/usr/local/lib/python3.6/site-packages/tempest/lib/common/validation_resources.py", line 445, in _setUp
    floating_network_name=self._floating_network_name)

      File "/usr/local/lib/python3.6/site-packages/tempest/lib/common/validation_resources.py", line 245, in create_validation_resources
    LOG.exception(msg, prov_exc, cleanup_exc)

      File "/usr/local/lib/python3.6/site-packages/oslo_utils/excutils.py", line 227, in __exit__
    self.force_reraise()

      File "/usr/local/lib/python3.6/site-packages/oslo_utils/excutils.py", line 200, in force_reraise
    raise self.value

      File "/usr/local/lib/python3.6/site-packages/tempest/lib/common/validation_resources.py", line 217, in create_validation_resources
    pool=floating_network_name))

      File "/usr/local/lib/python3.6/site-packages/tempest/lib/services/compute/floating_ips_client.py", line 66, in create_floating_ip
    resp, body = self.post(url, post_body)

      File "/usr/local/lib/python3.6/site-packages/tempest/lib/common/rest_client.py", line 299, in post
    return self.request('POST', url, extra_headers, headers, body, chunked)

      File "/usr/local/lib/python3.6/site-packages/tempest/lib/services/compute/base_compute_client.py", line 48, in request
    method, url, extra_headers, headers, body, chunked)

      File "/usr/local/lib/python3.6/site-packages/tempest/lib/common/rest_client.py", line 703, in request
    self._error_checker(resp, resp_body)

      File "/usr/local/lib/python3.6/site-packages/tempest/lib/common/rest_client.py", line 809, in _error_checker
    raise exceptions.NotFound(resp_body, resp=resp)

    tempest.lib.exceptions.NotFound: Object not found
Details: {'code': 404, 'message': 'Floating IP pool not found.'}

    
During handling of the above exception, another exception occurred:


    Traceback (most recent call last):

      File "/usr/local/lib/python3.6/site-packages/fixtures/fixture.py", line 208, in setUp
    raise SetupError(details)

    fixtures.fixture.SetupError: {}


Captured pythonlogging:
~~~~~~~~~~~~~~~~~~~~~~~
    2022-07-20 22:03:31,785 16233 DEBUG    [tempest.lib.common.validation_resources] Requested setup of ValidationResources keypair True, floating IP True, security group False
2022-07-20 22:03:31,785 16233 DEBUG    [tempest.lib.common.validation_resources] Requested validation resources keypair True, floating IP True, security group False
2022-07-20 22:03:32,279 16233 INFO     [tempest.lib.common.rest_client] Request (ValidationResourcesFixture:setUp): 200 POST http://[LB_IP_ADDRESS]:8774/v2.1/os-keypairs 0.493s
2022-07-20 22:03:32,280 16233 DEBUG    [tempest.lib.common.rest_client] Request - Headers: {'Content-Type': 'application/json', 'Accept': 'application/json', 'X-Auth-Token': '<omitted>'}
        Body: {"keypair": {"name": "tempest-keypair-1344640200"}}
    Response - Headers: {'date': 'Wed, 20 Jul 2022 19:03:31 GMT', 'server': 'Apache/2.4.41 (Ubuntu)', 'content-length': '2301', 'openstack-api-version': 'compute 2.1', 'x-openstack-nova-api-version': '2.1', 'vary': 'OpenStack-API-Version,X-OpenStack-Nova-API-Version', 'x-openstack-request-id': 'req-00698fec-1391-4f91-9c38-ecd2d2e8c542', 'x-compute-request-id': 'req-00698fec-1391-4f91-9c38-ecd2d2e8c542', 'connection': 'close', 'content-type': 'application/json', 'status': '200', 'content-location': 'http://[LB_IP_ADDRESS]:8774/v2.1/os-keypairs'}
        Body: b'{"keypair": {"private_key": "-----BEGIN RSA PRIVATE KEY-----\\nMIIEowIBAAKCAQEAuRj9PDDrCZA/K5/BiRSStIsuq/oxqm+VK9Pr/8Ql39aK8vkS\\n4ctv8ZKhU0vq5ncWTh0mgDHDoet0Wa8dDy1EZEmPy5mY6QboQwZgThuJ12lPsvTH\\n6kIyx18cOyevye6t+TeR/8rvVl2eYXqs9MFUoZi+UHN74xYWQXn2e6KjnXk2PIpe\\nK3HMw2lcrwcEsWdSJj5jYCSvnRHcrcg5tnlimACUA5572NK1mr/FqpUGQ4dTNr/v\\ny3nOC3dsw7mqTsSbiaeUJR1rlZznT9vNhNlY0zDcEDI5rmKXXnyjbx/0hjAa1zqP\\nmRX9GNnjUfBaGRA8tdubk793cLMEjF/7o8+e+wIDAQABAoIBAAruHNYXFWoFKJXM\\n40LTAi7DIUhqh9BGsopaA0+hJ5NmOeJLLwBCYSPkwr4Gd6KQWbLXKdTcG29OVhqN\\nqqugwq8hYOpm8Y6hJ8n9cGZsXeFoiJpKthtxOUpopWQg3dKQ05kp3Oc79pIlCRs8\\ngUYavIKmYGajyycHwNyw9Qsr+Xls+z0o16m9heCu+z1NsqwqGKzK7Dxjlx4lqdzA\\n8FPqR/JKK86nmolz4OrMYV5f6W7WlWgDWAg4kMZer9G406Ob+aCZZxrrKUfMdwzP\\nJOR60NeyzCuaD7uIkQHxcTDhHMZTmFtjG9RWmE0fi6yrq1A2uPGFR5zmVZPG0LRW\\nj5lVaLECgYEA34gqlUkrgy6/5cWRy0gun1zBy5aotJeScf5+JWpjHxA3lbRUnrra\\neG8BQnu2j+lA98wbCqg0+5B+ZspHQdYvPxpcMxpj3TdWjQsuOPH4RZHl81psNg/h\\n6/WX9EOFLW6EovqimySJ0R0b/x1tw8bgxewLJoKZsE3JgTSrew7jIb0CgYEA0/ut\\np6NajfdM/ficQRfwRl/wJ6RzraS8JEYO3qjJ751XmymfQCPDbUh/7HGYfQzg3fT6\\n4wy9BEulIf6yOAU+W7w5icTaWnF5oPbfeiOAio4uvOR1wJHqE6DTiuYgjj2diBHQ\\nO+8HbtA5q9TEvPXWe2camjs47gZxFqXxXUPB4xcCgYBNyh4/m5oX6fIALVRCcRlA\\nflA24HRPfJwLLayKqs5Z5hPh9kKohpA27zJ6B4GN7XedhJs4hzcBANTsQqKvp7ED\\nfdHuOtXcC0EEjoqEaLikxVRH7wTPf5F4wxwhdknneJmR+jUSVpHbgwzWKFClnBVm\\n63Ep8rM3ZqqkW0b96T1j5QKBgQCe5pvHe7XXkTcPcZp/WNhtiGDW9nkYAtJdRn7C\\n/TdR/Fm9H7gWNji55Iyvyn8JzeuJtaeTJutRGvsPvoINaDDURwXCdeNPxJvtwuDG\\nB3LFacszIPX7geU7DWVFSzfAKAO8Cc5T/ttNf5ybZ4SKOKWsHx9b2WTVV9LRrVZ+\\nGNpvxQKBgHcRLDGp9/l0VyEgPiPxCMeX+AbGUueFL3a9dBMOL+f/vjcBTVBtK7pO\\nx+lqkEj+onOoX1o+WzMd3JjsRjo7t3SuN8HwztpkIUB/dBBG8pPRylw51rfhUNyY\\nZVLzsL57nkmRlgG60hSOcrcIkvphWVDG+aNbUkKDCf8XcN/NhKOE\\n-----END RSA PRIVATE KEY-----\\n", "name": "tempest-keypair-1344640200", "public_key": "ssh-rsa AAAAB3NzaC1yc2EAAAADAQABAAABAQC5GP08MOsJkD8rn8GJFJK0iy6r+jGqb5Ur0+v/xCXf1ory+RLhy2/xkqFTS+rmdxZOHSaAMcOh63RZrx0PLURkSY/LmZjpBuhDBmBOG4nXaU+y9MfqQjLHXxw7J6/J7q35N5H/yu9WXZ5heqz0wVShmL5Qc3vjFhZBefZ7oqOdeTY8il4rcczDaVyvBwSxZ1ImPmNgJK+dEdytyDm2eWKYAJQDnnvY0rWav8WqlQZDh1M2v+/Lec4Ld2zDuapOxJuJp5QlHWuVnOdP282E2VjTMNwQMjmuYpdefKNvH/SGMBrXOo+ZFf0Y2eNR8FoZEDy125uTv3dwswSMX/ujz577 Generated-by-Nova", "fingerprint": "6c:fc:26:19:a7:d5:0c:6a:d0:d4:0e:cb:54:69:97:af", "user_id": "73a855d0ca6d4441b081401e42fcf1f8"}}'
2022-07-20 22:03:32,283 16233 DEBUG    [tempest.lib.common.validation_resources] Validation resource key tempest-keypair-1344640200 created
2022-07-20 22:03:32,331 16233 INFO     [tempest.lib.common.rest_client] Request (ValidationResourcesFixture:setUp): 404 POST http://[LB_IP_ADDRESS]:8774/v2.1/os-floating-ips 0.047s
2022-07-20 22:03:32,332 16233 DEBUG    [tempest.lib.common.rest_client] Request - Headers: {'Content-Type': 'appl
    ication/json', 'Accept': 'application/json', 'X-Auth-Token': '<omitted>'}
        Body: {"pool": null}
    Response - Headers: {'date': 'Wed, 20 Jul 2022 19:03:32 GMT', 'server': 'Apache/2.4.41 (Ubuntu)', 'content-length': '73', 'openstack-api-version': 'compute 2.1', 'x-openstack-nova-api-version': '2.1', 'vary': 'OpenStack-API-Version,X-OpenStack-Nova-API-Version', 'x-openstack-request-id': 'req-8ad8d4b4-c2fd-48a0-9bd9-ec30d5f11208', 'x-compute-request-id': 'req-8ad8d4b4-c2fd-48a0-9bd9-ec30d5f11208', 'connection': 'close', 'content-type': 'application/json; charset=UTF-8', 'status': '404', 'content-location': 'http://[LB_IP_ADDRESS]:8774/v2.1/os-floating-ips'}
        Body: b'{"itemNotFound": {"code": 404, "message": "Floating IP pool not found."}}'
2022-07-20 22:03:32,333 16233 DEBUG    [tempest.lib.common.validation_resources] Error while provisioning validation resources Object not found
Details: {'code': 404, 'message': 'Floating IP pool not found.'}. Trying to cleanup what we provisioned so far: {'keypair': {'private_key': '-----BEGIN RSA PRIVATE KEY-----\nMIIEowIBAAKCAQEAuRj9PDDrCZA/K5/BiRSStIsuq/oxqm+VK9Pr/8Ql39aK8vkS\n4ctv8ZKhU0vq5ncWTh0mgDHDoet0Wa8dDy1EZEmPy5mY6QboQwZgThuJ12lPsvTH\n6kIyx18cOyevye6t+TeR/8rvVl2eYXqs9MFUoZi+UHN74xYWQXn2e6KjnXk2PIpe\nK3HMw2lcrwcEsWdSJj5jYCSvnRHcrcg5tnlimACUA5572NK1mr/FqpUGQ4dTNr/v\ny3nOC3dsw7mqTsSbiaeUJR1rlZznT9vNhNlY0zDcEDI5rmKXXnyjbx/0hjAa1zqP\nmRX9GNnjUfBaGRA8tdubk793cLMEjF/7o8+e+wIDAQABAoIBAAruHNYXFWoFKJXM\n40LTAi7DIUhqh9BGsopaA0+hJ5NmOeJLLwBCYSPkwr4Gd6KQWbLXKdTcG29OVhqN\nqqugwq8hYOpm8Y6hJ8n9cGZsXeFoiJpKthtxOUpopWQg3dKQ05kp3Oc79pIlCRs8\ngUYavIKmYGajyycHwNyw9Qsr+Xls+z0o16m9heCu+z1NsqwqGKzK7Dxjlx4lqdzA\n8FPqR/JKK86nmolz4OrMYV5f6W7WlWgDWAg4kMZer9G406Ob+aCZZxrrKUfMdwzP\nJOR60NeyzCuaD7uIkQHxcTDhHMZTmFtjG9RWmE0fi6yrq1A2uPGFR5zmVZPG0LRW\nj5lVaLECgYEA34gqlUkrgy6/5cWRy0gun1zBy5aotJeScf5+JWpjHxA3lbRUnrra\neG8BQnu2j+lA98wbCqg0+5B+ZspHQdYvPxpcMxpj3TdWjQsuOPH4RZHl81psNg/h\n6/WX9EOFLW6EovqimySJ0R0b/x1tw8bgxewLJoKZsE3JgTSrew7jIb0CgYEA0/ut\np6NajfdM/ficQRfwRl/wJ6RzraS8JEYO3qjJ751XmymfQCPDbUh/7HGYfQzg3fT6\n4wy9BEulIf6yOAU+W7w5icTaWnF5oPbfeiOAio4uvOR1wJHqE6DTiuYgjj2diBHQ\nO+8HbtA5q9TEvPXWe2camjs47gZxFqXxXUPB4xcCgYBNyh4/m5oX6fIALVRCcRlA\nflA24HRPfJwLLayKqs5Z5hPh9kKohpA27zJ6B4GN7XedhJs4hzcBANTsQqKvp7ED\nfdHuOtXcC0EEjoqEaLikxVRH7wTPf5F4wxwhdknneJmR+jUSVpHbgwzWKFClnBVm\n63Ep8rM3ZqqkW0b96T1j5QKBgQCe5pvHe7XXkTcPcZp/WNhtiGDW9nkYAtJdRn7C\n/TdR/Fm9H7gWNji55Iyvyn8JzeuJtaeTJutRGvsPvoINaDDURwXCdeNPxJvtwuDG\nB3LFacszIPX7geU7DWVFSzfAKAO8Cc5T/ttNf5ybZ4SKOKWsHx9b2WTVV9LRrVZ+\nGNpvxQKBgHcRLDGp9/l0VyEgPiPxCMeX+AbGUueFL3a9dBMOL+f/vjcBTVBtK7pO\nx+lqkEj+onOoX1o+WzMd3JjsRjo7t3SuN8HwztpkIUB/dBBG8pPRylw51rfhUNyY\nZVLzsL57nkmRlgG60hSOcrcIkvphWVDG+aNbUkKDCf8XcN/NhKOE\n-----END RSA PRIVATE KEY-----\n', 'name': 'tempest-keypair-1344640200', 'public_key': 'ssh-rsa AAAAB3NzaC1yc2EAAAADAQABAAABAQC5GP08MOsJkD8rn8GJFJK0iy6r+jGqb5Ur0+v/xCXf1ory+RLhy2/xkqFTS+rmdxZOHSaAMcOh63RZrx0PLURkSY/LmZjpBuhDBmBOG4nXaU+y9MfqQjLHXxw7J6/J7q35N5H/yu9WXZ5heqz0wVShmL5Qc3vjFhZBefZ7oqOdeTY8il4rcczDaVyvBwSxZ1ImPmNgJK+dEdytyDm2eWKYAJQDnnvY0rWav8WqlQZDh1M2v+/Lec4Ld2zDuapOxJuJp5QlHWuVnOdP282E2VjTMNwQMjmuYpdefKNvH/SGMBrXOo+ZFf0Y2eNR8FoZEDy125uTv3dwswSMX/ujz577 Generated-by-Nova', 'fingerprint': '6c:fc:26:19:a7:d5:0c:6a:d0:d4:0e:cb:54:69:97:af', 'user_id': '73a855d0ca6d4441b081401e42fcf1f8'}}
2022-07-20 22:03:32,366 16233 INFO     [tempest.lib.common.rest_client] Request (ValidationResourcesFixture:setUp): 202 DELETE http://[LB_IP_ADDRESS]:8774/v2.1/os-keypairs/tempest-keypair-1344640200 0.032s
2022-07-20 22:03:32,367 16233 DEBUG    [tempest.lib.common.rest_client] Request - Headers: {'Content-Type': 'application/json', 'Accept': 'application/json', 'X-Auth-Token': '<omitted>'}
        Body: None
    Response - Headers: {'date': 'Wed, 20 Jul 2022 19:03:32 GMT', 'server': 'Apache/2.4.41 (Ubuntu)', 'content-length': '0', 'openstack-api-version': 'compute 2.1', 'x-openstack-nova-api-version': '2.1', 'vary': 'OpenStack-API-Version,X-OpenStack-Nova-API-Version', 'x-openstack-request-id': 'req-c6c5291f-9914-4235-9b88-d91121ba744f', 'x-compute-request-id': 'req-c
    6c5291f-9914-4235-9b88-d91121ba744f', 'connection': 'close', 'content-type': 'application/json', 'status': '202', 'content-location': 'http://[LB_IP_ADDRESS]:8774/v2.1/os-keypairs/tempest-keypair-1344640200'}
        Body: b''



======
Totals
======
Ran: 222 tests in 309.6883 sec.
 - Passed: 213
 - Skipped: 6
 - Expected Fail: 0
 - Unexpected Success: 0
 - Failed: 3
Sum of execute time for each test: 550.2905 sec.

==============
Worker Balance
==============
 - Worker 0 (80 tests) => 0:05:02.497440
 - Worker 1 (52 tests) => 0:05:09.688258
 - Worker 2 (90 tests) => 0:04:53.696884
