{2} setUpClass (tempest.api.volume.admin.test_encrypted_volumes_extend.EncryptedVolumesExtendAttachedTest) ... SKIPPED: EncryptedVolumesExtendAttachedTest skipped as Neutron is not available
{0} setUpClass (tempest.api.compute.volumes.test_attach_volume.AttachVolumeMultiAttachTest) ... SKIPPED: Neutron is not available
{1} tempest.api.compute.volumes.test_volumes_negative.VolumesNegativeTest.test_create_volume_with_invalid_size [0.065626s] ... ok
{1} tempest.api.compute.volumes.test_volumes_negative.VolumesNegativeTest.test_create_volume_with_size_zero [0.012033s] ... ok
{1} tempest.api.compute.volumes.test_volumes_negative.VolumesNegativeTest.test_create_volume_without_passing_size [0.012403s] ... ok
{1} tempest.api.compute.volumes.test_volumes_negative.VolumesNegativeTest.test_delete_invalid_volume_id [0.093227s] ... ok
{1} tempest.api.compute.volumes.test_volumes_negative.VolumesNegativeTest.test_delete_volume_without_passing_volume_id [0.009950s] ... ok
{1} tempest.api.compute.volumes.test_volumes_negative.VolumesNegativeTest.test_get_volume_without_passing_volume_id [0.009189s] ... ok
{1} tempest.api.compute.volumes.test_volumes_negative.VolumesNegativeTest.test_volume_delete_nonexistent_volume_id [0.201318s] ... ok
{1} tempest.api.compute.volumes.test_volumes_negative.VolumesNegativeTest.test_volume_get_nonexistent_volume_id [0.037248s] ... ok
{2} tempest.api.volume.admin.test_group_type_specs.GroupTypeSpecsTest.test_group_type_specs_create_show_update_list_delete [0.450891s] ... ok
{1} tempest.api.volume.admin.test_group_types.GroupTypesTest.test_group_type_create_list_update_show_delete [0.375399s] ... ok
{1} tempest.api.volume.admin.test_group_types.GroupTypesTest.test_group_type_list_by_optional_params [0.274735s] ... ok
{0} tempest.api.compute.volumes.test_volume_snapshots.VolumesSnapshotsTestJSON.test_volume_snapshot_create_get_list_delete [6.712641s] ... ok
{0} tempest.api.compute.volumes.test_volumes_get.VolumesGetTestJSON.test_volume_create_get_delete [2.787262s] ... ok
{2} tempest.api.volume.admin.test_snapshots_actions.SnapshotsActionsTest.test_reset_snapshot_status [0.305483s] ... ok
{2} tempest.api.volume.admin.test_snapshots_actions.SnapshotsActionsTest.test_snapshot_force_delete_when_snapshot_is_creating [3.599572s] ... ok
{1} tempest.api.volume.admin.test_groups.GroupsTest.test_group_create_show_list_delete [8.507867s] ... ok
{2} tempest.api.volume.admin.test_snapshots_actions.SnapshotsActionsTest.test_snapshot_force_delete_when_snapshot_is_deleting [3.606657s] ... ok
{2} tempest.api.volume.admin.test_snapshots_actions.SnapshotsActionsTest.test_snapshot_force_delete_when_snapshot_is_error [3.601223s] ... ok
{0} tempest.api.compute.volumes.test_volumes_list.VolumesTestJSON.test_volume_list [0.075686s] ... ok
{0} tempest.api.compute.volumes.test_volumes_list.VolumesTestJSON.test_volume_list_param_limit [0.104794s] ... ok
{0} tempest.api.compute.volumes.test_volumes_list.VolumesTestJSON.test_volume_list_param_offset_and_limit [0.152858s] ... ok
{0} tempest.api.compute.volumes.test_volumes_list.VolumesTestJSON.test_volume_list_with_detail_param_limit [0.078373s] ... ok
{0} tempest.api.compute.volumes.test_volumes_list.VolumesTestJSON.test_volume_list_with_detail_param_offset_and_limit [0.214737s] ... ok
{0} tempest.api.compute.volumes.test_volumes_list.VolumesTestJSON.test_volume_list_with_details [0.123001s] ... ok
{2} tempest.api.volume.admin.test_snapshots_actions.SnapshotsActionsTest.test_snapshot_force_delete_when_snapshot_is_error_deleting [3.625464s] ... ok
{2} tempest.api.volume.admin.test_snapshots_actions.SnapshotsActionsTest.test_update_snapshot_status [0.255451s] ... ok
{1} tempest.api.volume.admin.test_groups.GroupsTest.test_group_update [10.519119s] ... ok
{2} setUpClass (tempest.api.volume.admin.test_volume_manage.VolumeManageAdminTest) ... SKIPPED: Manage volume tests are disabled
{0} tempest.api.volume.admin.test_backends_capabilities.BackendsCapabilitiesAdminTestsJSON.test_compare_volume_stats_values [0.085956s] ... ok
{0} tempest.api.volume.admin.test_backends_capabilities.BackendsCapabilitiesAdminTestsJSON.test_get_capabilities_backend [0.037386s] ... ok
{2} tempest.api.volume.admin.test_volume_quota_classes.VolumeQuotaClassesTest.test_show_default_quota [0.322889s] ... ok
{2} tempest.api.volume.admin.test_volume_quota_classes.VolumeQuotaClassesTest.test_update_default_quota [0.989895s] ... ok
{2} tempest.api.volume.admin.test_volume_quotas.VolumeQuotasAdminTestJSON.test_delete_quota [0.524650s] ... ok
{2} tempest.api.volume.admin.test_volume_quotas.VolumeQuotasAdminTestJSON.test_list_default_quotas [0.092367s] ... ok
{2} tempest.api.volume.admin.test_volume_quotas.VolumeQuotasAdminTestJSON.test_list_quotas [0.076908s] ... ok
{1} tempest.api.volume.admin.test_groups.GroupsV314Test.test_create_group_from_group [11.187082s] ... ok
{1} setUpClass (tempest.api.volume.admin.test_multi_backend.VolumeMultiBackendTest) ... SKIPPED: Cinder multi-backend feature disabled
{2} tempest.api.volume.admin.test_volume_quotas.VolumeQuotasAdminTestJSON.test_quota_usage [4.115343s] ... ok
{0} tempest.api.volume.admin.test_group_snapshots.GroupSnapshotsTest.test_create_group_from_group_snapshot [12.291574s] ... ok
{2} tempest.api.volume.admin.test_volume_quotas.VolumeQuotasAdminTestJSON.test_quota_usage_after_volume_transfer [4.959464s] ... ok
{2} tempest.api.volume.admin.test_volume_quotas.VolumeQuotasAdminTestJSON.test_show_quota_usage [0.104648s] ... ok
{1} tempest.api.volume.admin.test_qos.QosSpecsTestJSON.test_associate_disassociate_qos [0.821838s] ... ok
{1} tempest.api.volume.admin.test_qos.QosSpecsTestJSON.test_create_delete_qos_with_back_end_consumer [0.178670s] ... ok
{2} tempest.api.volume.admin.test_volume_quotas.VolumeQuotasAdminTestJSON.test_update_all_quota_resources_for_tenant [0.405770s] ... ok
{1} tempest.api.volume.admin.test_qos.QosSpecsTestJSON.test_create_delete_qos_with_both_consumer [0.206085s] ... ok
{1} tempest.api.volume.admin.test_qos.QosSpecsTestJSON.test_create_delete_qos_with_front_end_consumer [0.214506s] ... ok
{1} tempest.api.volume.admin.test_qos.QosSpecsTestJSON.test_get_qos [0.028465s] ... ok
{1} tempest.api.volume.admin.test_qos.QosSpecsTestJSON.test_list_qos [0.029349s] ... ok
{1} tempest.api.volume.admin.test_qos.QosSpecsTestJSON.test_set_unset_qos_key [0.171517s] ... ok
{1} tempest.api.volume.admin.test_user_messages.UserMessagesTest.test_delete_message [2.265929s] ... ok
{1} tempest.api.volume.admin.test_user_messages.UserMessagesTest.test_list_show_messages [1.893763s] ... ok
{2} tempest.api.volume.admin.test_volume_snapshot_quotas_negative.VolumeSnapshotQuotasNegativeTestJSON.test_quota_volume_gigabytes_snapshots [0.418324s] ... ok
{2} tempest.api.volume.admin.test_volume_snapshot_quotas_negative.VolumeSnapshotQuotasNegativeTestJSON.test_quota_volume_snapshots [0.088003s] ... ok
{1} tempest.api.volume.admin.test_volume_pools.VolumePoolsAdminTestsJSON.test_get_pools_without_details [0.217899s] ... ok
{0} tempest.api.volume.admin.test_group_snapshots.GroupSnapshotsTest.test_delete_group_snapshots_following_updated_volumes [17.310142s] ... ok
{1} setUpClass (tempest.api.volume.admin.test_volume_retype.VolumeRetypeWithMigrationTest) ... SKIPPED: Cinder multi-backend feature disabled
{2} tempest.api.volume.admin.test_volume_types.VolumeTypesTest.test_volume_type_create_get_delete [0.331070s] ... ok
{2} tempest.api.volume.admin.test_volume_types.VolumeTypesTest.test_volume_type_encryption_create_get_update_delete [0.387908s] ... ok
{2} tempest.api.volume.admin.test_volume_types.VolumeTypesTest.test_volume_type_list [0.035963s] ... ok
{2} tempest.api.volume.admin.test_volume_types.VolumeTypesTest.test_volume_type_update [0.254998s] ... ok
{0} tempest.api.volume.admin.test_group_snapshots.GroupSnapshotsTest.test_group_snapshot_create_show_list_delete [8.914614s] ... ok
{2} tempest.api.volume.admin.test_volume_types_extra_specs.VolumeTypesExtraSpecsTest.test_volume_type_extra_spec_create_get_delete [0.169732s] ... ok
{2} tempest.api.volume.admin.test_volume_types_extra_specs.VolumeTypesExtraSpecsTest.test_volume_type_extra_specs_list [0.094769s] ... ok
{2} tempest.api.volume.admin.test_volume_types_extra_specs.VolumeTypesExtraSpecsTest.test_volume_type_extra_specs_update [0.240357s] ... ok
{1} tempest.api.volume.admin.test_volume_retype.VolumeRetypeWithoutMigrationTest.test_available_volume_retype [5.373908s] ... ok
{2} tempest.api.volume.admin.test_volume_types_extra_specs_negative.ExtraSpecsNegativeTest.test_create_invalid_body [0.019367s] ... ok
{2} tempest.api.volume.admin.test_volume_types_extra_specs_negative.ExtraSpecsNegativeTest.test_create_none_body [0.017407s] ... ok
{2} tempest.api.volume.admin.test_volume_types_extra_specs_negative.ExtraSpecsNegativeTest.test_create_nonexistent_type_id [0.039713s] ... ok
{2} tempest.api.volume.admin.test_volume_types_extra_specs_negative.ExtraSpecsNegativeTest.test_delete_nonexistent_volume_type_id [0.021214s] ... ok
{2} tempest.api.volume.admin.test_volume_types_extra_specs_negative.ExtraSpecsNegativeTest.test_get_nonexistent_extra_spec_name [0.028154s] ... ok
{2} tempest.api.volume.admin.test_volume_types_extra_specs_negative.ExtraSpecsNegativeTest.test_get_nonexistent_volume_type_id [0.023060s] ... ok
{2} tempest.api.volume.admin.test_volume_types_extra_specs_negative.ExtraSpecsNegativeTest.test_list_nonexistent_volume_type_id [0.022057s] ... ok
{2} tempest.api.volume.admin.test_volume_types_extra_specs_negative.ExtraSpecsNegativeTest.test_update_multiple_extra_spec [0.018880s] ... ok
{2} tempest.api.volume.admin.test_volume_types_extra_specs_negative.ExtraSpecsNegativeTest.test_update_no_body [0.017275s] ... ok
{2} tempest.api.volume.admin.test_volume_types_extra_specs_negative.ExtraSpecsNegativeTest.test_update_none_extra_spec_id [0.038449s] ... ok
{2} tempest.api.volume.admin.test_volume_types_extra_specs_negative.ExtraSpecsNegativeTest.test_update_nonexistent_extra_spec_id [0.041755s] ... ok
{2} tempest.api.volume.admin.test_volume_types_extra_specs_negative.ExtraSpecsNegativeTest.test_update_nonexistent_type_id [0.034992s] ... ok
{1} tempest.api.volume.admin.test_volume_services_negative.VolumeServicesNegativeTest.test_disable_log_reason_with_no_reason [0.019995s] ... ok
{1} tempest.api.volume.admin.test_volume_services_negative.VolumeServicesNegativeTest.test_disable_service_with_invalid_binary [0.027918s] ... ok
{1} tempest.api.volume.admin.test_volume_services_negative.VolumeServicesNegativeTest.test_enable_service_with_invalid_host [0.027077s] ... ok
{1} tempest.api.volume.admin.test_volume_services_negative.VolumeServicesNegativeTest.test_freeze_host_with_invalid_host [0.029267s] ... ok
{1} tempest.api.volume.admin.test_volume_services_negative.VolumeServicesNegativeTest.test_thaw_host_with_invalid_host [0.030140s] ... ok
{1} tempest.api.volume.admin.test_volume_type_access.VolumeTypesAccessTest.test_volume_type_access_list [0.460425s] ... ok
{0} tempest.api.volume.admin.test_group_snapshots.GroupSnapshotsV319Test.test_reset_group_snapshot_status [9.643627s] ... ok
{1} tempest.api.volume.test_availability_zone.AvailabilityZoneTestJSON.test_get_availability_zone_list [0.222784s] ... ok
{1} tempest.api.volume.test_versions.VersionsTest.test_list_versions [0.015056s] ... ok
{1} tempest.api.volume.test_versions.VersionsTest.test_show_version [0.211440s] ... ok
{2} tempest.api.volume.admin.test_volumes_list.VolumesListAdminTestJSON.test_volume_list_param_tenant [2.860863s] ... ok
{0} tempest.api.volume.admin.test_groups.GroupsV320Test.test_reset_group_status [3.063567s] ... ok
{0} setUpClass (tempest.api.volume.admin.test_snapshot_manage.SnapshotManageAdminTest) ... SKIPPED: SnapshotManageAdminTest skipped as Neutron is not available
{1} tempest.api.volume.test_volume_metadata.VolumesMetadataTest.test_crud_volume_metadata [0.352088s] ... ok
{0} tempest.api.volume.admin.test_volume_hosts.VolumeHostsAdminTestsJSON.test_list_hosts [0.167809s] ... ok
{0} tempest.api.volume.admin.test_volume_hosts.VolumeHostsAdminTestsJSON.test_show_host [0.109571s] ... ok
{1} tempest.api.volume.test_volume_metadata.VolumesMetadataTest.test_update_show_volume_metadata_item [0.231223s] ... ok
{2} tempest.api.volume.test_extensions.ExtensionsTestJSON.test_list_extensions [0.229887s] ... ok
{0} tempest.api.volume.admin.test_volume_quotas_negative.VolumeQuotasNegativeTestJSON.test_quota_volume_gigabytes [0.311017s] ... ok
{0} tempest.api.volume.admin.test_volume_quotas_negative.VolumeQuotasNegativeTestJSON.test_quota_volumes [0.302999s] ... ok
{0} tempest.api.volume.admin.test_volume_quotas_negative.VolumeQuotasNegativeTestJSON.test_volume_extend_gigabytes_quota_deviation [0.284002s] ... ok
{2} tempest.api.volume.test_snapshot_metadata.SnapshotMetadataTestJSON.test_crud_snapshot_metadata [0.320369s] ... ok
{2} tempest.api.volume.test_snapshot_metadata.SnapshotMetadataTestJSON.test_update_show_snapshot_metadata_item [0.274966s] ... ok
{1} tempest.api.volume.test_volume_transfers.VolumesTransfersV355Test.test_create_get_list_accept_volume_transfer [5.375353s] ... ok
{0} tempest.api.volume.admin.test_volume_services.VolumesServicesTestJSON.test_get_service_by_host_name [0.028697s] ... ok
{0} tempest.api.volume.admin.test_volume_services.VolumesServicesTestJSON.test_get_service_by_service_and_host_name [0.028707s] ... ok
{0} tempest.api.volume.admin.test_volume_services.VolumesServicesTestJSON.test_get_service_by_service_binary_name [0.028753s] ... ok
{1} tempest.api.volume.test_volume_transfers.VolumesTransfersV355Test.test_create_list_delete_volume_transfer [3.920677s] ... ok
{0} tempest.api.volume.admin.test_volume_services.VolumesServicesTestJSON.test_get_service_by_volume_host_name [3.909496s] ... ok
{0} tempest.api.volume.admin.test_volume_services.VolumesServicesTestJSON.test_list_services [0.027523s] ... ok
{2} tempest.api.volume.test_volume_delete_cascade.VolumesDeleteCascade.test_volume_delete_cascade [8.565468s] ... ok
{0} tempest.api.volume.admin.test_volume_types_negative.VolumeTypesNegativeTest.test_create_volume_type_encryption_nonexistent_type_id [0.256457s] ... ok
{0} tempest.api.volume.admin.test_volume_types_negative.VolumeTypesNegativeTest.test_create_with_empty_name [0.019188s] ... ok
{0} tempest.api.volume.admin.test_volume_types_negative.VolumeTypesNegativeTest.test_create_with_repeated_name [0.158538s] ... ok
{0} tempest.api.volume.admin.test_volume_types_negative.VolumeTypesNegativeTest.test_delete_nonexistent_type_id [0.023202s] ... ok
{0} tempest.api.volume.admin.test_volume_types_negative.VolumeTypesNegativeTest.test_get_nonexistent_type_id [0.022645s] ... ok
{0} setUpClass (tempest.api.volume.admin.test_volumes_actions.VolumesActionsTest) ... SKIPPED: VolumesActionsTest skipped as Neutron is not available
{1} tempest.api.volume.test_volume_transfers.VolumesTransfersV357Test.test_create_get_list_accept_volume_transfer [5.106769s] ... ok
{1} tempest.api.volume.test_volume_transfers.VolumesTransfersV357Test.test_create_list_delete_volume_transfer [4.395741s] ... ok
{2} tempest.api.volume.test_volume_delete_cascade.VolumesDeleteCascade.test_volume_from_snapshot_cascade_delete [9.826470s] ... ok
{1} setUpClass (tempest.api.volume.test_volumes_extend.VolumesExtendAttachedTest) ... SKIPPED: VolumesExtendAttachedTest skipped as Neutron is not available
{0} tempest.api.volume.test_image_metadata.VolumesImageMetadata.test_update_show_delete_image_metadata [0.268878s] ... ok
{1} tempest.api.volume.test_volumes_get.VolumesGetTest.test_volume_create_get_update_delete [7.676852s] ... ok
{2} tempest.api.volume.test_volume_transfers.VolumesTransfersTest.test_create_get_list_accept_volume_transfer [5.224752s] ... ok
{0} tempest.api.volume.test_volume_absolute_limits.AbsoluteLimitsTests.test_get_volume_absolute_limits [0.096916s] ... ok
{2} tempest.api.volume.test_volume_transfers.VolumesTransfersTest.test_create_list_delete_volume_transfer [4.036952s] ... ok
{2} setUpClass (tempest.api.volume.test_volumes_actions.VolumesActionsTest) ... SKIPPED: VolumesActionsTest skipped as Neutron is not available
{1} tempest.api.volume.test_volumes_get.VolumesGetTest.test_volume_create_get_update_delete_as_clone [12.291287s] ... ok
{0} tempest.api.volume.test_volumes_extend.VolumesExtendTest.test_volume_extend [9.717788s] ... ok
{2} tempest.api.volume.test_volumes_clone.VolumesCloneTest.test_create_from_bootable_volume [13.166443s] ... ok
{1} tempest.api.volume.test_volumes_get.VolumesGetTest.test_volume_create_get_update_delete_from_image [12.043360s] ... ok
{0} tempest.api.volume.test_volumes_extend.VolumesExtendTest.test_volume_extend_when_volume_has_snapshot [8.471706s] ... ok
{2} tempest.api.volume.test_volumes_clone.VolumesCloneTest.test_create_from_volume [8.423685s] ... ok
{1} tempest.api.volume.test_volumes_list.VolumesListTestJSON.test_volume_list [0.045905s] ... ok
{1} tempest.api.volume.test_volumes_list.VolumesListTestJSON.test_volume_list_by_name [0.053670s] ... ok
{1} tempest.api.volume.test_volumes_list.VolumesListTestJSON.test_volume_list_details_by_name [0.052643s] ... ok
{1} tempest.api.volume.test_volumes_list.VolumesListTestJSON.test_volume_list_details_pagination [0.286483s] ... ok
{1} tempest.api.volume.test_volumes_list.VolumesListTestJSON.test_volume_list_details_with_multiple_params [0.130366s] ... ok
{1} tempest.api.volume.test_volumes_list.VolumesListTestJSON.test_volume_list_pagination [0.181047s] ... ok
{1} tempest.api.volume.test_volumes_list.VolumesListTestJSON.test_volume_list_param_display_name_and_status [0.037013s] ... ok
{1} tempest.api.volume.test_volumes_list.VolumesListTestJSON.test_volume_list_with_detail_param_display_name_and_status [0.060946s] ... ok
{1} tempest.api.volume.test_volumes_list.VolumesListTestJSON.test_volume_list_with_detail_param_marker [0.076368s] ... ok
{1} tempest.api.volume.test_volumes_list.VolumesListTestJSON.test_volume_list_with_detail_param_metadata [0.072172s] ... ok
{1} tempest.api.volume.test_volumes_list.VolumesListTestJSON.test_volume_list_with_details [0.068023s] ... ok
{1} tempest.api.volume.test_volumes_list.VolumesListTestJSON.test_volume_list_with_param_metadata [0.046782s] ... ok
{1} tempest.api.volume.test_volumes_list.VolumesListTestJSON.test_volumes_list_by_availability_zone [0.088743s] ... ok
{1} tempest.api.volume.test_volumes_list.VolumesListTestJSON.test_volumes_list_by_bootable [0.086033s] ... ok
{1} tempest.api.volume.test_volumes_list.VolumesListTestJSON.test_volumes_list_by_status [0.086817s] ... ok
{1} tempest.api.volume.test_volumes_list.VolumesListTestJSON.test_volumes_list_details_by_availability_zone [0.068929s] ... ok
{1} tempest.api.volume.test_volumes_list.VolumesListTestJSON.test_volumes_list_details_by_bootable [0.067067s] ... ok
{1} tempest.api.volume.test_volumes_list.VolumesListTestJSON.test_volumes_list_details_by_status [0.072722s] ... ok
{2} tempest.api.volume.test_volumes_clone_negative.VolumesCloneNegativeTest.test_create_from_volume_decreasing_size [3.902369s] ... ok
{0} tempest.api.volume.test_volumes_negative.VolumesNegativeTest.test_attach_volumes_with_nonexistent_volume_id [6.192879s] ... FAILED

Captured traceback:
~~~~~~~~~~~~~~~~~~~
    Traceback (most recent call last):

      File "/usr/local/lib/python3.10/dist-packages/tempest/common/utils/__init__.py", line 70, in wrapper
    return f(*func_args, **func_kwargs)

      File "/usr/local/lib/python3.10/dist-packages/tempest/api/volume/test_volumes_negative.py", line 188, in test_attach_volumes_with_nonexistent_volume_id
    server = self.create_server()

      File "/usr/local/lib/python3.10/dist-packages/tempest/api/volume/base.py", line 270, in create_server
    body, _ = compute.create_test_server(

      File "/usr/local/lib/python3.10/dist-packages/tempest/common/compute.py", line 340, in create_test_server
    with excutils.save_and_reraise_exception():

      File "/usr/local/lib/python3.10/dist-packages/oslo_utils/excutils.py", line 227, in __exit__
    self.force_reraise()

      File "/usr/local/lib/python3.10/dist-packages/oslo_utils/excutils.py", line 200, in force_reraise
    raise self.value

      File "/usr/local/lib/python3.10/dist-packages/tempest/common/compute.py", line 323, in create_test_server
    server = waiters.wait_for_server_status(

      File "/usr/local/lib/python3.10/dist-packages/tempest/common/waiters.py", line 80, in wait_for_server_status
    raise exceptions.BuildErrorException(details, server_id=server_id)

    tempest.exceptions.BuildErrorException: Server dd0cab9d-1573-48a4-a25c-cb1b25bee729 failed to build and is in ERROR status
Details: Fault: {'code': 500, 'created': '2024-06-10T19:17:02Z', 'message': 'Build of instance dd0cab9d-1573-48a4-a25c-cb1b25bee729 aborted: Failure prepping block device.', 'details': 'Traceback (most recent call last):\n  File "/var/lib/kolla/venv/lib/python3.10/site-packages/nova/compute/manager.py", line 2863, in _build_resources\n    self._default_block_device_names(instance, image_meta,\n  File "/var/lib/kolla/venv/lib/python3.10/site-packages/nova/compute/manager.py", line 2176, in _default_block_device_names\n    self._default_device_names_for_instance(instance,\n  File "/var/lib/kolla/venv/lib/python3.10/site-packages/nova/compute/manager.py", line 2095, in _default_device_names_for_instance\n    self.driver.default_device_names_for_instance(instance,\n  File "/var/lib/kolla/venv/lib/python3.10/site-packages/nova/virt/libvirt/driver.py", line 12884, in default_device_names_for_instance\n    block_device_info = driver.get_block_device_info(instance,\n  File "/var/lib/kolla/venv/lib/python3.10/site-packages/nova/virt/driver.py", line 61, in get_block_device_info\n    \'image\': virt_block_device.convert_local_images(\n  File "/var/lib/kolla/venv/lib/python3.10/site-packages/nova/virt/block_device.py", line 896, in _convert_block_devices\n    devices.append(device_type(bdm))\n  File "/var/lib/kolla/venv/lib/python3.10/site-packages/nova/virt/block_device.py", line 123, in __init__\n    self._transform()\n  File "/var/lib/kolla/venv/lib/python3.10/site-packages/nova/virt/block_device.py", line 303, in _transform\n    \'encryption_details\': self._bdm_obj.encryption_details\n  File "/var/lib/kolla/venv/lib/python3.10/site-packages/oslo_versionedobjects/base.py", line 67, in getter\n    self.obj_load_attr(name)\n  File "/var/lib/kolla/venv/lib/python3.10/site-packages/nova/objects/base.py", line 120, in wrapper\n    return fn(self, attrname)\n  File "/var/lib/kolla/venv/lib/python3.10/site-packages/nova/objects/block_device.py", line 383, in obj_load_attr\n    raise exception.ObjectActionError(\nnova.exception.ObjectActionError: Object action obj_load_attr failed because: attribute encryption_details not lazy-loadable\n\nDuring handling of the above exception, another exception occurred:\n\nTraceback (most recent call last):\n  File "/var/lib/kolla/venv/lib/python3.10/site-packages/nova/compute/manager.py", line 2457, in _do_build_and_run_instance\n    self._build_and_run_instance(context, instance, image,\n  File "/var/lib/kolla/venv/lib/python3.10/site-packages/nova/compute/manager.py", line 2670, in _build_and_run_instance\n    with excutils.save_and_reraise_exception():\n  File "/var/lib/kolla/venv/lib/python3.10/site-packages/oslo_utils/excutils.py", line 227, in __exit__\n    self.force_reraise()\n  File "/var/lib/kolla/venv/lib/python3.10/site-packages/oslo_utils/excutils.py", line 200, in force_reraise\n    raise self.value\n  File "/var/lib/kolla/venv/lib/python3.10/site-packages/nova/compute/manager.py", line 2625, in _build_and_run_instance\n    with self._build_resources(context, instance,\n  File "/usr/lib/python3.10/contextlib.py", line 135, in __enter__\n    return next(self.gen)\n  File "/var/lib/kolla/venv/lib/python3.10/site-packages/nova/compute/manager.py", line 2891, in _build_resources\n    raise exception.BuildAbortException(instance_uuid=instance.uuid,\nnova.exception.BuildAbortException: Build of instance dd0cab9d-1573-48a4-a25c-cb1b25bee729 aborted: Failure prepping block device.\n'}. Request ID of server operation performed before checking the server status req-e03e0630-1ce3-4964-8351-d12c1a3f1bbc.


Captured pythonlogging:
~~~~~~~~~~~~~~~~~~~~~~~
    2024-06-10 19:16:57,286 23526 INFO     [tempest.lib.common.rest_client] Request (VolumesNegativeTest:test_attach_volumes_with_nonexistent_volume_id): 201 POST http://controller:5000/v3/auth/tokens 0.622s
2024-06-10 19:16:57,286 23526 DEBUG    [tempest.lib.common.rest_client] Request - Headers: {'Content-Type': 'application/json', 'Accept': 'application/json'}
        Body: <omitted>
    Response - Headers: {'date': 'Mon, 10 Jun 2024 19:16:56 GMT', 'server': 'Apache', 'content-length': '3317', 'x-subject-token': '<omitted>', 'vary': 'X-Auth-Token', 'x-openstack-request-id': 'req-414f367d-04d6-42a6-8748-ec947f517ab8', 'connection': 'close', 'content-type': 'application/json', 'status': '201', 'content-location': 'http://controller:5000/v3/auth/tokens'}
        Body: b'{"token": {"methods": ["password"], "user": {"domain": {"id": "default", "name": "Default"}, "id": "515fa4a491e44205bf8759f2ec0869fa", "name": "tempest-VolumesNegativeTest-954903101-project-member", "password_expires_at": null}, "audit_ids": ["Ls8eitZCQ9-FwLam-LWTbQ"], "expires_at": "2024-06-11T19:16:57.000000Z", "issued_at": "2024-06-10T19:16:57.000000Z", "project": {"domain": {"id": "default", "name": "Default"}, "id": "950e7b78a3ba4758aa7c6ca51fa49298", "name": "tempest-VolumesNegativeTest-954903101"}, "is_domain": false, "roles": [{"id": "b0f479c4cd354db7bd8e89db4e9f46ee", "name": "reader"}, {"id": "a4abfcc098c84e80b9f74392bf18365a", "name": "manager"}, {"id": "659f402291c342c1806564311d1275f0", "name": "member"}, {"id": "ab3a0f28d13544beafe422c9a65edcb5", "name": "admin"}], "catalog": [{"endpoints": [{"id": "739504e9a0114bbb8977cbef466e8c21", "interface": "internal", "region_id": "RegionOne", "url": "http://[LB_IP_ADDRESS]:8774/v2.1", "region": "RegionOne"}, {"id": "f6969022f167421d9db74a0998202ff5", "interface": "public", "region_id": "RegionOne", "url": "http://[LB_IP_ADDRESS]:8774/v2.1", "region": "RegionOne"}], "id": "44a0959127c3454e9786c5749fe1577f", "type": "compute", "name": "nova"}, {"endpoints": [{"id": "108a5ebb729844a5b0d1c50084749a1f", "interface": "internal", "region_id": "RegionOne", "url": "http://[LB_IP_ADDRESS]:8776/v3/950e7b78a3ba4758aa7c6ca51fa49298", "region": "RegionOne"}, {"id": "dba6d13e0e7346c0a8ac169a37748b73", "interface": "public", "region_id": "RegionOne", "url": "http://[LB_IP_ADDRESS]:8776/v3/950e7b78a3ba4758aa7c6ca51fa49298", "region": "RegionOne"}], "id": "7652603d88034d12a50c180163a105c9", "type": "volumev3", "name": "cinderv3"}, {"endpoints": [{"id": "1fe7141eb3cf4522bf5e904c3dd99e79", "interface": "public", "region_id": "RegionOne", "url": "http://[LB_IP_ADDRESS]:8780", "region": "RegionOne"}, {"id": "cb27d090350745998c239682bf56e2d0", "interface": "internal", "region_id": "RegionOne", "url": "http://[LB_IP_ADDRESS]:8780", "region": "RegionOne"}], "id": "9ebdc30da43944179e332b2df82472de", "type": "placement", "name": "placement"}, {"endpoints": [{"id": "50fa47348d40459f890b2403f74ce00d", "interface": "public", "region_id": "RegionOne", "url": "http://[LB_IP_ADDRESS]:9292", "region": "RegionOne"}, {"id": "8077848c7d8146c2872cd140dafd0e80", "interface": "internal", "region_id": "RegionOne", "url": "http://[LB_IP_ADDRESS]:9292", "region": "RegionOne"}], "id": "ad2631768f6c43d1925be888fe0e299b", "type": "image", "name": "glance"}, {"endpoints": [{"id": "a9072db44187495da1bbd2d9c13151f5", "interface": "internal", "region_id": "RegionOne", "url": "http://[LB_IP_ADDRESS]:5000", "region": "RegionOne"}, {"id": "fa36cbf491b84186840fbde4a043e583", "interface": "public", "region_id": "RegionOne", "url": "http://[LB_IP_ADDRESS]:5000", "region": "RegionOne"}], "id": "e33b9b697b9c47afb9f1c5f1ff34ead3", "type": "identity", "name": "keystone"}, {"endpoints": [{"id": "27419cef3948487a8bd95c468cedbcb8", "interface": "public", "region_id": "RegionOne", "url": "http://[LB_IP_ADDRESS]:9696", "region": "RegionOne"}, {"id": "9624f9cd6e7e4c6894476967f489f70c", "interface": "internal", "region_id": "RegionOne", "url": "http://[LB_IP_ADDRESS]:9696", "region": "RegionOne"}], "id": "e6049fa520674bf5b7fe9f64cbfc6d75", "type": "network", "name": "neutron"}]}}'

    2024-06-10 19:16:57,287 23526 DEBUG    [tempest.lib.common.dynamic_creds] Creating new dynamic creds for scope: None and credential_type: admin
2024-06-10 19:16:57,347 23526 INFO     [tempest.lib.common.rest_client] Request (VolumesNegativeTest:test_attach_volumes_with_nonexistent_volume_id): 201 POST http://[LB_IP_ADDRESS]:5000/v3/projects 0.059s
2024-06-10 19:16:57,347 23526 DEBUG    [tempest.lib.common.rest_client] Request - Headers: {'Content-Type': 'application/json', 'Accept': 'application/json', 'X-Auth-Token': '<omitted>'}
        Body: {"project": {"description": "tempest-VolumesNegativeTest-1597844457-desc", "domain_id": "default", "name": "tempest-VolumesNegativeTest-1597844457"}}
    Response - Headers: {'date': 'Mon, 10 Jun 2024 19:16:57 GMT', 'server': 'Apache', 'content-length': '374', 'vary': 'X-Auth-Token', 'x-openstack-request-id': 'req-b71aff48-8c11-4e4d-9f25-543e1eec0e40', 'connection': 'close', 'content-type': 'application/json', 'status': '201', 'content-location': 'http://[LB_IP_ADDRESS]:5000/v3/projects'}
        Body: b'{"project": {"id": "3deac56a5ef74db68623fd7e36991d2a", "name": "tempest-VolumesNegativeTest-1597844457", "domain_id": "default", "description": "tempest-VolumesNegativeTest-1597844457-desc", "enabled": true, "parent_id": "default", "is_domain": false, "tags": [], "options": {}, "links": {"self": "http://[LB_IP_ADDRESS]:5000/v3/projects/3deac56a5ef74db68623fd7e36991d2a"}}}\n'
2024-06-10 19:16:57,968 23526 INFO     [tempest.lib.common.rest_client] Request (VolumesNegativeTest:test_attach_volumes_with_nonexistent_volume_id): 201 POST http://[LB_IP_ADDRESS]:5000/v3/users 0.620s
2024-06-10 19:16:57,968 23526 DEBUG    [tempest.lib.common.rest_client] Request - Headers: {'Content-Type': 'application/json', 'Accept': 'application/json', 'X-Auth-Token': '<omitted>'}
        Body: {"user": {"name": "tempest-VolumesNegativeTest-1597844457-project-admin", "password": "E7=D7aDX9toemz4", "domain_id": "default"}}
    Response - Headers: {'date': 'Mon, 10 Jun 2024 19:16:57 GMT', 'server': 'Apache', 'content-length': '293', 'vary': 'X-Auth-Token', 'x-openstack-request-id': 'req-17b9d254-a64e-4a5a-bdf8-b3e2c03f84dd', 'connection': 'close', 'content-type': 'application/json', 'status': '201', 'content-location': 'http://[LB_IP_ADDRESS]:5000/v3/users'}
        Body: b'{"user": {"id": "64e173f6405c4f31bf46dfee7bf523bb", "name": "tempest-VolumesNegativeTest-1597844457-project-admin", "domain_id": "default", "enabled": true, "password_expires_at": null, "options": {}, "links": {"self": "http://[LB_IP_ADDRESS]:5000/v3/users/64e173f6405c4f31bf46dfee7bf523bb"}}}\n'
2024-06-10 19:16:58,060 23526 INFO     [tempest.lib.common.rest_client] Request (VolumesNegativeTest:test_attach_volumes_with_nonexistent_volume_id): 200 GET http://[LB_IP_ADDRESS]:5000/v3/roles 0.091s
2024-06-10 19:16:58,061 23526 DEBUG    [tempest.lib.common.rest_client] Request - Headers: {'Content-Type': 'application/json', 'Accept': 'application/json', 'X-Auth-Token': '<omitted>'}
        Body: None
    Response - Headers: {'date': 'Mon, 10 Jun 2024 19:16:57 GMT', 'server': 'Apache', 'content-length': '1438', 'vary': 'X-Auth-Token', 'x-openstack-request-id': 'req-812ba202-3aa1-462d-8af5-51e8c33a491b', 'connection': 'close', 'content-type': 'application/json', 'status': '200', 'content-location': 'http://[LB_IP_ADDRESS]:5000/v3/roles'}
        Body: b'{"roles": [{"id": "659f402291c342c1806564311d1275f0", "name": "member", "domain_id": null, "description": null, "options": {"immutable": true}, "links": {"self": "http://[LB_IP_ADDRESS]:5000/v3/roles/659f402291c342c1806564311d1275f0"}}, {"id": "a4abfcc098c84e80b9f74392bf18365a", "name": "manager", "domain_id": null, "description": null, "options": {"immutable": true}, "links": {"self": "http://[LB_IP_ADDRESS]:5000/v3/roles/a4abfcc098c84e80b9f74392bf18365a"}}, {"id": "ab3a0f28d13544beafe422c9a65edcb5", "name": "admin", "domain_id": null, "description": null, "options": {"immutable": true}, "links": {"self": "http://[LB_IP_ADDRESS]:5000/v3/roles/ab3a0f28d13544beafe422c9a65edcb5"}}, {"id": "b0f479c4cd354db7b
    d8e89db4e9f46ee", "name": "reader", "domain_id": null, "description": null, "options": {"immutable": true}, "links": {"self": "http://[LB_IP_ADDRESS]:5000/v3/roles/b0f479c4cd354db7bd8e89db4e9f46ee"}}, {"id": "bf1368997cb84a39a79ed2cbae917939", "name": "service", "domain_id": null, "description": null, "options": {"immutable": true}, "links": {"self": "http://[LB_IP_ADDRESS]:5000/v3/roles/bf1368997cb84a39a79ed2cbae917939"}}, {"id": "f82a2d99fd5d4767b3af21bd9526d3d8", "name": "_member_", "domain_id": null, "description": null, "options": {}, "links": {"self": "http://[LB_IP_ADDRESS]:5000/v3/roles/f82a2d99fd5d4767b3af21bd9526d3d8"}}], "links": {"next": null, "self": "http://[LB_IP_ADDRESS]:5000/v3/roles", "previous": null}}\n'
2024-06-10 19:16:58,188 23526 INFO     [tempest.lib.common.rest_client] Request (VolumesNegativeTest:test_attach_volumes_with_nonexistent_volume_id): 204 PUT http://[LB_IP_ADDRESS]:5000/v3/projects/3deac56a5ef74db68623fd7e36991d2a/users/64e173f6405c4f31bf46dfee7bf523bb/roles/ab3a0f28d13544beafe422c9a65edcb5 0.127s
2024-06-10 19:16:58,188 23526 DEBUG    [tempest.lib.common.rest_client] Request - Headers: {'Content-Type': 'application/json', 'Accept': 'application/json', 'X-Auth-Token': '<omitted>'}
        Body: None
    Response - Headers: {'date': 'Mon, 10 Jun 2024 19:16:58 GMT', 'server': 'Apache', 'vary': 'X-Auth-Token', 'x-openstack-request-id': 'req-eb5e98b4-5e79-496b-9ad6-78648fe0bc38', 'connection': 'close', 'status': '204', 'content-location': 'http://[LB_IP_ADDRESS]:5000/v3/projects/3deac56a5ef74db68623fd7e36991d2a/users/64e173f6405c4f31bf46dfee7bf523bb/roles/ab3a0f28d13544beafe422c9a65edcb5'}
        Body: b''
2024-06-10 19:16:58,291 23526 INFO     [tempest.lib.common.rest_client] Request (VolumesNegativeTest:test_attach_volumes_with_nonexistent_volume_id): 200 GET http://[LB_IP_ADDRESS]:5000/v3/roles 0.102s
2024-06-10 19:16:58,291 23526 DEBUG    [tempest.lib.common.rest_client] Request - Headers: {'Content-Type': 'application/json', 'Accept': 'application/json', 'X-Auth-Token': '<omitted>'}
        Body: None
    Response - Headers: {'date': 'Mon, 10 Jun 2024 19:16:58 GMT', 'server': 'Apache', 'content-length': '1438', 'vary': 'X-Auth-Token', 'x-openstack-request-id': 'req-e7daa265-725f-49e8-8f2c-cac6b40585fe', 'connection': 'close', 'content-type': 'application/json', 'status': '200', 'content-location': 'http://[LB_IP_ADDRESS]:5000/v3/roles'}
        Body: b'{"roles": [{"id": "659f402291c342c1806564311d1275f0", "name": "member", "domain_id": null, "description": null, "options": {"immutable": true}, "links": {"self": "http://[LB_IP_ADDRESS]:5000/v3/roles/659f402291c342c1806564311d1275f0"}}, {"id": "a4abfcc098c84e80b9f74392bf18365a", "name": "manager", "domain_id": null, "description": null, "options": {"immutable": true}, "links": {"self": "http://[LB_IP_ADDRESS]:5000/v3/roles/a4abfcc098c84e80b9f74392bf18365a"}}, {"id": "ab3a0f28d13544beafe422c9a65edcb5", "name": "admin", "domain_id": null, "description": null, "options": {"immutable": true}, "links": {"self": "http://[LB_IP_ADDRESS]:5000/v3/roles/ab3a0f28d13544beafe422c9a65edcb5"}}, {"id": "b0f479c4cd354db7bd8e89db4e9f46ee", "name": "reader", "domain_id": null, "description": null, "options": {"immutable": true}, "links": {"self": "http://[LB_IP_ADDRESS]:5000/v3/roles/b0f479c4cd354db7bd8e89db4e9f46ee"}}, {"id": "bf1368997cb84a39a79ed2cbae917939", "name": "service", "domain_id": null, "description": null, "options": {"immutable": true}, "links": {"self": "http://[LB_IP_ADDRESS]:5000/v3/roles/bf1368997cb84a39a79ed2cbae917939"}}, {"id": "f82a2d99fd5d4767b3af21bd9526d3d8", "name": "_member_", "domain_id": null, "description": null, "options": {}, "links": {"self": "http://[LB_IP_ADDRESS]:5000/v3/roles/f82a2d99fd5d4767b3af21bd9526d3d8"}}], "links": {"next": null, "self": "http://[LB_IP_ADDRESS]:5000/v3/roles", "previous": null}}\n'
2024-06-10 19:16:58,326 23526 INFO     [tempest.lib.common.rest_client] Request (VolumesNegativeTest:test_attach_volumes_with_nonexistent_volume_id): 204 PUT http://[LB_IP_ADDRESS]:5000/v3/domains/default/users/64e173f6405c4f31bf4
    6dfee7bf523bb/roles/ab3a0f28d13544beafe422c9a65edcb5 0.034s
2024-06-10 19:16:58,327 23526 DEBUG    [tempest.lib.common.rest_client] Request - Headers: {'Content-Type': 'application/json', 'Accept': 'application/json', 'X-Auth-Token': '<omitted>'}
        Body: None
    Response - Headers: {'date': 'Mon, 10 Jun 2024 19:16:58 GMT', 'server': 'Apache', 'vary': 'X-Auth-Token', 'x-openstack-request-id': 'req-5cc07204-640e-4daa-b90d-0ccfbafe48b9', 'connection': 'close', 'status': '204', 'content-location': 'http://[LB_IP_ADDRESS]:5000/v3/domains/default/users/64e173f6405c4f31bf46dfee7bf523bb/roles/ab3a0f28d13544beafe422c9a65edcb5'}
        Body: b''
2024-06-10 19:16:58,421 23526 INFO     [tempest.lib.common.rest_client] Request (VolumesNegativeTest:test_attach_volumes_with_nonexistent_volume_id): 200 GET http://[LB_IP_ADDRESS]:5000/v3/roles 0.093s
2024-06-10 19:16:58,421 23526 DEBUG    [tempest.lib.common.rest_client] Request - Headers: {'Content-Type': 'application/json', 'Accept': 'application/json', 'X-Auth-Token': '<omitted>'}
        Body: None
    Response - Headers: {'date': 'Mon, 10 Jun 2024 19:16:58 GMT', 'server': 'Apache', 'content-length': '1438', 'vary': 'X-Auth-Token', 'x-openstack-request-id': 'req-b0c2189c-4cd5-403b-8dda-50c334fc79eb', 'connection': 'close', 'content-type': 'application/json', 'status': '200', 'content-location': 'http://[LB_IP_ADDRESS]:5000/v3/roles'}
        Body: b'{"roles": [{"id": "659f402291c342c1806564311d1275f0", "name": "member", "domain_id": null, "description": null, "options": {"immutable": true}, "links": {"self": "http://[LB_IP_ADDRESS]:5000/v3/roles/659f402291c342c1806564311d1275f0"}}, {"id": "a4abfcc098c84e80b9f74392bf18365a", "name": "manager", "domain_id": null, "description": null, "options": {"immutable": true}, "links": {"self": "http://[LB_IP_ADDRESS]:5000/v3/roles/a4abfcc098c84e80b9f74392bf18365a"}}, {"id": "ab3a0f28d13544beafe422c9a65edcb5", "name": "admin", "domain_id": null, "description": null, "options": {"immutable": true}, "links": {"self": "http://[LB_IP_ADDRESS]:5000/v3/roles/ab3a0f28d13544beafe422c9a65edcb5"}}, {"id": "b0f479c4cd354db7bd8e89db4e9f46ee", "name": "reader", "domain_id": null, "description": null, "options": {"immutable": true}, "links": {"self": "http://[LB_IP_ADDRESS]:5000/v3/roles/b0f479c4cd354db7bd8e89db4e9f46ee"}}, {"id": "bf1368997cb84a39a79ed2cbae917939", "name": "service", "domain_id": null, "description": null, "options": {"immutable": true}, "links": {"self": "http://[LB_IP_ADDRESS]:5000/v3/roles/bf1368997cb84a39a79ed2cbae917939"}}, {"id": "f82a2d99fd5d4767b3af21bd9526d3d8", "name": "_member_", "domain_id": null, "description": null, "options": {}, "links": {"self": "http://[LB_IP_ADDRESS]:5000/v3/roles/f82a2d99fd5d4767b3af21bd9526d3d8"}}], "links": {"next": null, "self": "http://[LB_IP_ADDRESS]:5000/v3/roles", "previous": null}}\n'
2024-06-10 19:16:58,459 23526 INFO     [tempest.lib.common.rest_client] Request (VolumesNegativeTest:test_attach_volumes_with_nonexistent_volume_id): 204 PUT http://[LB_IP_ADDRESS]:5000/v3/projects/3deac56a5ef74db68623fd7e36991d2a/users/64e173f6405c4f31bf46dfee7bf523bb/roles/ab3a0f28d13544beafe422c9a65edcb5 0.037s
2024-06-10 19:16:58,459 23526 DEBUG    [tempest.lib.common.rest_client] Request - Headers: {'Content-Type': 'application/json', 'Accept': 'application/json', 'X-Auth-Token': '<omitted>'}
        Body: None
    Response - Headers: {'date': 'Mon, 10 Jun 2024 19:16:58 GMT', 'server': 'Apache', 'vary': 'X-Auth-Token', 'x-openstack-request-id': 'req-ec65f30b-9f8c-43bb-91a2-d91aefd41457', 'connection': 'close', 'status': '204', 'content-location': 'http://[LB_IP_ADDRESS]:5000/v3/projects/3deac56a5ef74db68623fd7e36991d2a/users/64e173f6405c4f31bf46dfee7bf523bb/roles/ab3a0f28d13544beafe422c9a65edcb5'}
        Body: b''
2024-06-10 19:16:58,555 23526 INFO     [tempest.lib.common.rest_client] Request (VolumesNegativeTest:test_attach_volumes_with_nonexistent_volume_id): 200 GET http://[LB_IP_ADDRESS]:5000/v3/roles 0.095s
2024-06-10 19:16:58,555 23526 DEBUG    [tempest.lib.common.rest_client] Request - Headers: {'Content-Type':
     'application/json', 'Accept': 'application/json', 'X-Auth-Token': '<omitted>'}
        Body: None
    Response - Headers: {'date': 'Mon, 10 Jun 2024 19:16:58 GMT', 'server': 'Apache', 'content-length': '1438', 'vary': 'X-Auth-Token', 'x-openstack-request-id': 'req-5fcc9345-cfc6-4184-a754-7944c9d61834', 'connection': 'close', 'content-type': 'application/json', 'status': '200', 'content-location': 'http://[LB_IP_ADDRESS]:5000/v3/roles'}
        Body: b'{"roles": [{"id": "659f402291c342c1806564311d1275f0", "name": "member", "domain_id": null, "description": null, "options": {"immutable": true}, "links": {"self": "http://[LB_IP_ADDRESS]:5000/v3/roles/659f402291c342c1806564311d1275f0"}}, {"id": "a4abfcc098c84e80b9f74392bf18365a", "name": "manager", "domain_id": null, "description": null, "options": {"immutable": true}, "links": {"self": "http://[LB_IP_ADDRESS]:5000/v3/roles/a4abfcc098c84e80b9f74392bf18365a"}}, {"id": "ab3a0f28d13544beafe422c9a65edcb5", "name": "admin", "domain_id": null, "description": null, "options": {"immutable": true}, "links": {"self": "http://[LB_IP_ADDRESS]:5000/v3/roles/ab3a0f28d13544beafe422c9a65edcb5"}}, {"id": "b0f479c4cd354db7bd8e89db4e9f46ee", "name": "reader", "domain_id": null, "description": null, "options": {"immutable": true}, "links": {"self": "http://[LB_IP_ADDRESS]:5000/v3/roles/b0f479c4cd354db7bd8e89db4e9f46ee"}}, {"id": "bf1368997cb84a39a79ed2cbae917939", "name": "service", "domain_id": null, "description": null, "options": {"immutable": true}, "links": {"self": "http://[LB_IP_ADDRESS]:5000/v3/roles/bf1368997cb84a39a79ed2cbae917939"}}, {"id": "f82a2d99fd5d4767b3af21bd9526d3d8", "name": "_member_", "domain_id": null, "description": null, "options": {}, "links": {"self": "http://[LB_IP_ADDRESS]:5000/v3/roles/f82a2d99fd5d4767b3af21bd9526d3d8"}}], "links": {"next": null, "self": "http://[LB_IP_ADDRESS]:5000/v3/roles", "previous": null}}\n'
2024-06-10 19:16:58,593 23526 INFO     [tempest.lib.common.rest_client] Request (VolumesNegativeTest:test_attach_volumes_with_nonexistent_volume_id): 204 PUT http://[LB_IP_ADDRESS]:5000/v3/projects/3deac56a5ef74db68623fd7e36991d2a/users/64e173f6405c4f31bf46dfee7bf523bb/roles/ab3a0f28d13544beafe422c9a65edcb5 0.037s
2024-06-10 19:16:58,593 23526 DEBUG    [tempest.lib.common.rest_client] Request - Headers: {'Content-Type': 'application/json', 'Accept': 'application/json', 'X-Auth-Token': '<omitted>'}
        Body: None
    Response - Headers: {'date': 'Mon, 10 Jun 2024 19:16:58 GMT', 'server': 'Apache', 'vary': 'X-Auth-Token', 'x-openstack-request-id': 'req-daa8e4f7-b74d-45fc-b8ff-5a8bceaaec66', 'connection': 'close', 'status': '204', 'content-location': 'http://[LB_IP_ADDRESS]:5000/v3/projects/3deac56a5ef74db68623fd7e36991d2a/users/64e173f6405c4f31bf46dfee7bf523bb/roles/ab3a0f28d13544beafe422c9a65edcb5'}
        Body: b''
2024-06-10 19:16:58,594 23526 INFO     [tempest.lib.common.dynamic_creds] Dynamic test user 64e173f6405c4f31bf46dfee7bf523bb is created with scope project and roles: ['admin', 'admin']
2024-06-10 19:16:58,594 23526 INFO     [tempest.lib.common.dynamic_creds] Acquired dynamic creds:
 credentials: Credentials: {'domain_id': 'default', 'domain_name': 'Default', 'username': 'tempest-VolumesNegativeTest-1597844457-project-admin', 'project_domain_id': 'default', 'project_domain_name': 'Default', 'project_id': '3deac56a5ef74db68623fd7e36991d2a', 'project_name': 'tempest-VolumesNegativeTest-1597844457', 'tenant_id': '3deac56a5ef74db68623fd7e36991d2a', 'tenant_name': 'tempest-VolumesNegativeTest-1597844457', 'user_domain_id': 'default', 'user_domain_name': 'Default', 'user_id': '64e173f6405c4f31bf46dfee7bf523bb', 'system': None}, Network: None, Subnet: None, Router: None
2024-06-10 19:16:58,601 23526 INFO     [tempest.lib.common.fixed_network] (VolumesNegativeTest:test_attach_volumes_with_nonexistent_volume_id) Found network None available for tenant
2024-06-10 19:16:58,871 23526 INFO     [tempest.lib.common.rest_client] Request (VolumesNegativeTest:test_attach_volumes_with_nonexistent_volume_id): 202 POST http://[LB_IP_ADDRESS]:8774/v2.1/servers 0.268s
202
    4-06-10 19:16:58,871 23526 DEBUG    [tempest.lib.common.rest_client] Request - Headers: {'Content-Type': 'application/json', 'Accept': 'application/json', 'X-Auth-Token': '<omitted>'}
        Body: {"server": {"name": "tempest-VolumesNegativeTest-instance-1398256566", "imageRef": "90fe7e6d-5185-4cd1-b128-6c126844d9da", "flavorRef": "0"}}
    Response - Headers: {'date': 'Mon, 10 Jun 2024 19:16:58 GMT', 'server': 'Apache/2.4.52 (Ubuntu)', 'content-length': '380', 'location': 'http://[LB_IP_ADDRESS]:8774/v2.1/servers/dd0cab9d-1573-48a4-a25c-cb1b25bee729', 'openstack-api-version': 'compute 2.1', 'x-openstack-nova-api-version': '2.1', 'vary': 'OpenStack-API-Version,X-OpenStack-Nova-API-Version', 'x-openstack-request-id': 'req-e03e0630-1ce3-4964-8351-d12c1a3f1bbc', 'x-compute-request-id': 'req-e03e0630-1ce3-4964-8351-d12c1a3f1bbc', 'connection': 'close', 'content-type': 'application/json', 'status': '202', 'content-location': 'http://[LB_IP_ADDRESS]:8774/v2.1/servers'}
        Body: b'{"server": {"id": "dd0cab9d-1573-48a4-a25c-cb1b25bee729", "links": [{"rel": "self", "href": "http://[LB_IP_ADDRESS]:8774/v2.1/servers/dd0cab9d-1573-48a4-a25c-cb1b25bee729"}, {"rel": "bookmark", "href": "http://[LB_IP_ADDRESS]:8774/servers/dd0cab9d-1573-48a4-a25c-cb1b25bee729"}], "OS-DCF:diskConfig": "MANUAL", "security_groups": [{"name": "default"}], "adminPass": "RZuc2g4QMHN5"}}'
2024-06-10 19:16:58,973 23526 INFO     [tempest.lib.common.rest_client] Request (VolumesNegativeTest:test_attach_volumes_with_nonexistent_volume_id): 200 GET http://[LB_IP_ADDRESS]:8774/v2.1/servers/dd0cab9d-1573-48a4-a25c-cb1b25bee729 0.099s
2024-06-10 19:16:58,974 23526 DEBUG    [tempest.lib.common.rest_client] Request - Headers: {'Content-Type': 'application/json', 'Accept': 'application/json', 'X-Auth-Token': '<omitted>'}
        Body: None
    Response - Headers: {'date': 'Mon, 10 Jun 2024 19:16:58 GMT', 'server': 'Apache/2.4.52 (Ubuntu)', 'content-length': '1323', 'openstack-api-version': 'compute 2.1', 'x-openstack-nova-api-version': '2.1', 'vary': 'OpenStack-API-Version,X-OpenStack-Nova-API-Version', 'x-openstack-request-id': 'req-27c0633d-f695-431d-a304-e9ad3868d020', 'x-compute-request-id': 'req-27c0633d-f695-431d-a304-e9ad3868d020', 'connection': 'close', 'content-type': 'application/json', 'status': '200', 'content-location': 'http://[LB_IP_ADDRESS]:8774/v2.1/servers/dd0cab9d-1573-48a4-a25c-cb1b25bee729'}
        Body: b'{"server": {"id": "dd0cab9d-1573-48a4-a25c-cb1b25bee729", "name": "tempest-VolumesNegativeTest-instance-1398256566", "status": "BUILD", "tenant_id": "950e7b78a3ba4758aa7c6ca51fa49298", "user_id": "515fa4a491e44205bf8759f2ec0869fa", "metadata": {}, "hostId": "", "image": {"id": "90fe7e6d-5185-4cd1-b128-6c126844d9da", "links": [{"rel": "bookmark", "href": "http://[LB_IP_ADDRESS]:8774/images/90fe7e6d-5185-4cd1-b128-6c126844d9da"}]}, "flavor": {"id": "0", "links": [{"rel": "bookmark", "href": "http://[LB_IP_ADDRESS]:8774/flavors/0"}]}, "created": "2024-06-10T19:16:58Z", "updated": "2024-06-10T19:16:58Z", "addresses": {}, "accessIPv4": "", "accessIPv6": "", "links": [{"rel": "self", "href": "http://[LB_IP_ADDRESS]:8774/v2.1/servers/dd0cab9d-1573-48a4-a25c-cb1b25bee729"}, {"rel": "bookmark", "href": "http://[LB_IP_ADDRESS]:8774/servers/dd0cab9d-1573-48a4-a25c-cb1b25bee729"}], "OS-DCF:diskConfig": "MANUAL", "progress": 0, "OS-EXT-AZ:availability_zone": "", "config_drive": "", "key_name": null, "OS-SRV-USG:launched_at": null, "OS-SRV-USG:terminated_at": null, "OS-EXT-SRV-ATTR:host": null, "OS-EXT-SRV-ATTR:instance_name": "", "OS-EXT-SRV-ATTR:hypervisor_hostname": null, "OS-EXT-STS:task_state": "scheduling", "OS-EXT-STS:vm_state": "building", "OS-EXT-STS:power_state": 0, "os-extended-volumes:volumes_attached": []}}'
2024-06-10 19:17:00,128 23526 INFO     [tempest.lib.common.rest_client] Request (VolumesNegativeTest:test_attach_volumes_with_nonexistent_volume_id): 200 GET http://[LB_IP_ADDRESS]:8774/v2.1/servers/dd0cab9d-1573-48a4-a25c-cb1b25bee729 0.135s
2024-06-10 19:17:00,128 23526 DEBUG    [tempest.lib.common.rest_client] Request - Headers: {'Content-Type':
     'application/json', 'Accept': 'application/json', 'X-Auth-Token': '<omitted>'}
        Body: None
    Response - Headers: {'date': 'Mon, 10 Jun 2024 19:16:59 GMT', 'server': 'Apache/2.4.52 (Ubuntu)', 'content-length': '1418', 'openstack-api-version': 'compute 2.1', 'x-openstack-nova-api-version': '2.1', 'vary': 'OpenStack-API-Version,X-OpenStack-Nova-API-Version', 'x-openstack-request-id': 'req-0bd0c25a-fa5f-4c0b-b330-88cfb7275904', 'x-compute-request-id': 'req-0bd0c25a-fa5f-4c0b-b330-88cfb7275904', 'connection': 'close', 'content-type': 'application/json', 'status': '200', 'content-location': 'http://[LB_IP_ADDRESS]:8774/v2.1/servers/dd0cab9d-1573-48a4-a25c-cb1b25bee729'}
        Body: b'{"server": {"id": "dd0cab9d-1573-48a4-a25c-cb1b25bee729", "name": "tempest-VolumesNegativeTest-instance-1398256566", "status": "BUILD", "tenant_id": "950e7b78a3ba4758aa7c6ca51fa49298", "user_id": "515fa4a491e44205bf8759f2ec0869fa", "metadata": {}, "hostId": "625742e622061756e2ecfd2775843677795296ebaa97f45451563d39", "image": {"id": "90fe7e6d-5185-4cd1-b128-6c126844d9da", "links": [{"rel": "bookmark", "href": "http://[LB_IP_ADDRESS]:8774/images/90fe7e6d-5185-4cd1-b128-6c126844d9da"}]}, "flavor": {"id": "0", "links": [{"rel": "bookmark", "href": "http://[LB_IP_ADDRESS]:8774/flavors/0"}]}, "created": "2024-06-10T19:16:58Z", "updated": "2024-06-10T19:16:59Z", "addresses": {}, "accessIPv4": "", "accessIPv6": "", "links": [{"rel": "self", "href": "http://[LB_IP_ADDRESS]:8774/v2.1/servers/dd0cab9d-1573-48a4-a25c-cb1b25bee729"}, {"rel": "bookmark", "href": "http://[LB_IP_ADDRESS]:8774/servers/dd0cab9d-1573-48a4-a25c-cb1b25bee729"}], "OS-DCF:diskConfig": "MANUAL", "progress": 0, "OS-EXT-AZ:availability_zone": "nova", "config_drive": "", "key_name": null, "OS-SRV-USG:launched_at": null, "OS-SRV-USG:terminated_at": null, "OS-EXT-SRV-ATTR:host": "rack13-server63", "OS-EXT-SRV-ATTR:instance_name": "instance-0000002f", "OS-EXT-SRV-ATTR:hypervisor_hostname": "rack13-server63", "OS-EXT-STS:task_state": null, "OS-EXT-STS:vm_state": "building", "OS-EXT-STS:power_state": 0, "os-extended-volumes:volumes_attached": []}}'
2024-06-10 19:17:00,146 23526 INFO     [tempest.common.waiters] State transition "BUILD/scheduling" ==> "BUILD/None" after 2 second wait
2024-06-10 19:17:01,273 23526 INFO     [tempest.lib.common.rest_client] Request (VolumesNegativeTest:test_attach_volumes_with_nonexistent_volume_id): 200 GET http://[LB_IP_ADDRESS]:8774/v2.1/servers/dd0cab9d-1573-48a4-a25c-cb1b25bee729 0.126s
2024-06-10 19:17:01,274 23526 DEBUG    [tempest.lib.common.rest_client] Request - Headers: {'Content-Type': 'application/json', 'Accept': 'application/json', 'X-Auth-Token': '<omitted>'}
        Body: None
    Response - Headers: {'date': 'Mon, 10 Jun 2024 19:17:01 GMT', 'server': 'Apache/2.4.52 (Ubuntu)', 'content-length': '1344', 'openstack-api-version': 'compute 2.1', 'x-openstack-nova-api-version': '2.1', 'vary': 'OpenStack-API-Version,X-OpenStack-Nova-API-Version', 'x-openstack-request-id': 'req-571337e3-7db9-4186-b4ed-764a5f7d76b0', 'x-compute-request-id': 'req-571337e3-7db9-4186-b4ed-764a5f7d76b0', 'connection': 'close', 'content-type': 'application/json', 'status': '200', 'content-location': 'http://[LB_IP_ADDRESS]:8774/v2.1/servers/dd0cab9d-1573-48a4-a25c-cb1b25bee729'}
        Body: b'{"server": {"id": "dd0cab9d-1573-48a4-a25c-cb1b25bee729", "name": "tempest-VolumesNegativeTest-instance-1398256566", "status": "BUILD", "tenant_id": "950e7b78a3ba4758aa7c6ca51fa49298", "user_id": "515fa4a491e44205bf8759f2ec0869fa", "metadata": {}, "hostId": "", "image": {"id": "90fe7e6d-5185-4cd1-b128-6c126844d9da", "links": [{"rel": "bookmark", "href": "http://[LB_IP_ADDRESS]:8774/images/90fe7e6d-5185-4cd1-b128-6c126844d9da"}]}, "flavor": {"id": "0", "links": [{"rel": "bookmark", "href": "http://[LB_IP_ADDRESS]:8774/flavors/0"}]}, "created": "2024-06-10T19:16:58Z", "updated": "2024-06-10T19:17:01Z", "addresses": {}, "accessIPv4": "", "accessIPv6": "", "links": [{"rel": "self", "href": "http://[LB_IP_ADDRESS]:8774/v2.1/servers/dd0cab9d-1573-48a4-a25c-cb1b25bee729"}, {"rel": "bookmark", 
    "href": "http://[LB_IP_ADDRESS]:8774/servers/dd0cab9d-1573-48a4-a25c-cb1b25bee729"}], "OS-DCF:diskConfig": "MANUAL", "progress": 0, "OS-EXT-AZ:availability_zone": "nova", "config_drive": "", "key_name": null, "OS-SRV-USG:launched_at": null, "OS-SRV-USG:terminated_at": null, "OS-EXT-SRV-ATTR:host": null, "OS-EXT-SRV-ATTR:instance_name": "instance-0000002f", "OS-EXT-SRV-ATTR:hypervisor_hostname": null, "OS-EXT-STS:task_state": "networking", "OS-EXT-STS:vm_state": "building", "OS-EXT-STS:power_state": 0, "os-extended-volumes:volumes_attached": []}}'
2024-06-10 19:17:01,291 23526 INFO     [tempest.common.waiters] State transition "BUILD/None" ==> "BUILD/networking" after 3 second wait
2024-06-10 19:17:02,412 23526 INFO     [tempest.lib.common.rest_client] Request (VolumesNegativeTest:test_attach_volumes_with_nonexistent_volume_id): 200 GET http://[LB_IP_ADDRESS]:8774/v2.1/servers/dd0cab9d-1573-48a4-a25c-cb1b25bee729 0.119s
2024-06-10 19:17:02,412 23526 DEBUG    [tempest.lib.common.rest_client] Request - Headers: {'Content-Type': 'application/json', 'Accept': 'application/json', 'X-Auth-Token': '<omitted>'}
        Body: None
    Response - Headers: {'date': 'Mon, 10 Jun 2024 19:17:02 GMT', 'server': 'Apache/2.4.52 (Ubuntu)', 'content-length': '4816', 'openstack-api-version': 'compute 2.1', 'x-openstack-nova-api-version': '2.1', 'vary': 'OpenStack-API-Version,X-OpenStack-Nova-API-Version', 'x-openstack-request-id': 'req-a38939ad-72e1-4508-b1db-b8ea36b3f629', 'x-compute-request-id': 'req-a38939ad-72e1-4508-b1db-b8ea36b3f629', 'connection': 'close', 'content-type': 'application/json', 'status': '200', 'content-location': 'http://[LB_IP_ADDRESS]:8774/v2.1/servers/dd0cab9d-1573-48a4-a25c-cb1b25bee729'}
        Body: b'{"server": {"id": "dd0cab9d-1573-48a4-a25c-cb1b25bee729", "name": "tempest-VolumesNegativeTest-instance-1398256566", "status": "ERROR", "tenant_id": "950e7b78a3ba4758aa7c6ca51fa49298", "user_id": "515fa4a491e44205bf8759f2ec0869fa", "metadata": {}, "hostId": "", "image": {"id": "90fe7e6d-5185-4cd1-b128-6c126844d9da", "links": [{"rel": "bookmark", "href": "http://[LB_IP_ADDRESS]:8774/images/90fe7e6d-5185-4cd1-b128-6c126844d9da"}]}, "flavor": {"id": "0", "links": [{"rel": "bookmark", "href": "http://[LB_IP_ADDRESS]:8774/flavors/0"}]}, "created": "2024-06-10T19:16:58Z", "updated": "2024-06-10T19:17:02Z", "addresses": {}, "accessIPv4": "", "accessIPv6": "", "links": [{"rel": "self", "href": "http://[LB_IP_ADDRESS]:8774/v2.1/servers/dd0cab9d-1573-48a4-a25c-cb1b25bee729"}, {"rel": "bookmark", "href": "http://[LB_IP_ADDRESS]:8774/servers/dd0cab9d-1573-48a4-a25c-cb1b25bee729"}], "OS-DCF:diskConfig": "MANUAL", "fault": {"code": 500, "created": "2024-06-10T19:17:02Z", "message": "Build of instance dd0cab9d-1573-48a4-a25c-cb1b25bee729 aborted: Failure prepping block device.", "details": "Traceback (most recent call last):\\n  File \\"/var/lib/kolla/venv/lib/python3.10/site-packages/nova/compute/manager.py\\", line 2863, in _build_resources\\n    self._default_block_device_names(instance, image_meta,\\n  File \\"/var/lib/kolla/venv/lib/python3.10/site-packages/nova/compute/manager.py\\", line 2176, in _default_block_device_names\\n    self._default_device_names_for_instance(instance,\\n  File \\"/var/lib/kolla/venv/lib/python3.10/site-packages/nova/compute/manager.py\\", line 2095, in _default_device_names_for_instance\\n    self.driver.default_device_names_for_instance(instance,\\n  File \\"/var/lib/kolla/venv/lib/python3.10/site-packages/nova/virt/libvirt/driver.py\\", line 12884, in default_device_names_for_instance\\n    block_device_info = driver.get_block_device_info(instance,\\n  File \\"/var/lib/kolla/venv/lib/python3.10/site-packages/nova/virt/driver.py\\", line 61, in get_block_device_info\\n    \'image\': virt_block_device.convert_local_images(\\n  File \\"/var/lib/kolla/venv/lib/python3.10/site-packages/nova/virt/block_device.py\\", line 896, in _convert_block_devices\\n    devices.append(device_type(bdm))\\n  File \\"/var/lib/kolla/venv/lib/python3.10/site-packages/nova/virt/block_device.py\\", line 123, in __init__\\n    
    self._transform()\\n  File \\"/var/lib/kolla/venv/lib/python3.10/site-packages/nova/virt/block_device.py\\", line 303, in _transform\\n    \'encryption_details\': self._bdm_obj.encryption_details\\n  File \\"/var/lib/kolla/venv/lib/python3.10/site-packages/oslo_versionedobjects/base.py\\", line 67, in getter\\n    self.obj_load_attr(name)\\n  File \\"/var/lib/kolla/venv/lib/python3.10/site-packages/nova/objects/base.py\\", line 120, in wrapper\\n    return fn(self, attrname)\\n  File \\"/var/lib/kolla/venv/lib/python3.10/site-packages/nova/objects/block_device.py\\", line 383, in obj_load_attr\\n    raise exception.ObjectActionError(\\nnova.exception.ObjectActionError: Object action obj_load_attr failed because: attribute encryption_details not lazy-loadable\\n\\nDuring handling of the above exception, another exception occurred:\\n\\nTraceback (most recent call last):\\n  File \\"/var/lib/kolla/venv/lib/python3.10/site-packages/nova/compute/manager.py\\", line 2457, in _do_build_and_run_instance\\n    self._build_and_run_instance(context, instance, image,\\n  File \\"/var/lib/kolla/venv/lib/python3.10/site-packages/nova/compute/manager.py\\", line 2670, in _build_and_run_instance\\n    with excutils.save_and_reraise_exception():\\n  File \\"/var/lib/kolla/venv/lib/python3.10/site-packages/oslo_utils/excutils.py\\", line 227, in __exit__\\n    self.force_reraise()\\n  File \\"/var/lib/kolla/venv/lib/python3.10/site-packages/oslo_utils/excutils.py\\", line 200, in force_reraise\\n    raise self.value\\n  File \\"/var/lib/kolla/venv/lib/python3.10/site-packages/nova/compute/manager.py\\", line 2625, in _build_and_run_instance\\n    with self._build_resources(context, instance,\\n  File \\"/usr/lib/python3.1
2024-06-10 19:17:02,429 23526 INFO     [tempest.common.waiters] State transition "BUILD/networking" ==> "ERROR/None" after 4 second wait
2024-06-10 19:17:02,803 23526 INFO     [tempest.lib.common.rest_client] Request (VolumesNegativeTest:test_attach_volumes_with_nonexistent_volume_id): 204 DELETE http://[LB_IP_ADDRESS]:8774/v2.1/servers/dd0cab9d-1573-48a4-a25c-cb1b25bee729 0.373s
2024-06-10 19:17:02,803 23526 DEBUG    [tempest.lib.common.rest_client] Request - Headers: {'Content-Type': 'application/json', 'Accept': 'application/json', 'X-Auth-Token': '<omitted>'}
        Body: None
    Response - Headers: {'date': 'Mon, 10 Jun 2024 19:17:02 GMT', 'server': 'Apache/2.4.52 (Ubuntu)', 'openstack-api-version': 'compute 2.1', 'x-openstack-nova-api-version': '2.1', 'vary': 'OpenStack-API-Version,X-OpenStack-Nova-API-Version', 'x-openstack-request-id': 'req-fda91d75-193d-4d9e-891d-2a75691aa2a9', 'x-compute-request-id': 'req-fda91d75-193d-4d9e-891d-2a75691aa2a9', 'connection': 'close', 'status': '204', 'content-location': 'http://[LB_IP_ADDRESS]:8774/v2.1/servers/dd0cab9d-1573-48a4-a25c-cb1b25bee729'}
        Body: b''
2024-06-10 19:17:02,847 23526 INFO     [tempest.lib.common.rest_client] Request (VolumesNegativeTest:test_attach_volumes_with_nonexistent_volume_id): 404 GET http://[LB_IP_ADDRESS]:8774/v2.1/servers/dd0cab9d-1573-48a4-a25c-cb1b25bee729 0.043s
2024-06-10 19:17:02,847 23526 DEBUG    [tempest.lib.common.rest_client] Request - Headers: {'Content-Type': 'application/json', 'Accept': 'application/json', 'X-Auth-Token': '<omitted>'}
        Body: None
    Response - Headers: {'date': 'Mon, 10 Jun 2024 19:17:02 GMT', 'server': 'Apache/2.4.52 (Ubuntu)', 'content-length': '111', 'openstack-api-version': 'compute 2.1', 'x-openstack-nova-api-version': '2.1', 'vary': 'OpenStack-API-Version,X-OpenStack-Nova-API-Version', 'x-openstack-request-id': 'req-c286572c-6fe0-42ac-99b0-98516d2f717b', 'x-compute-request-id': 'req-c286572c-6fe0-42ac-99b0-98516d2f717b', 'connection': 'close', 'content-type': 'application/json; charset=UTF-8', 'status': '404', 'content-location': 'http://[LB_IP_ADDRESS]:8774/v2.1/servers/dd0cab9d-1573-48a4-a25c-cb1b25bee729'}
        Body: b'{"itemNotFound": {"code": 404, "message": "Instance dd0cab9d-1573-48a4-a25c-cb1b25bee729 could not be found."}}'

{0} tempest.api.volume.test_volumes_negative.VolumesNegativeTest.test_create_volume_from_deactivated_image [0.557110s] ... ok
{0} tempest.api.volume.test_volumes_negative.VolumesNegativeTest.test_create_volume_from_image_with_decreasing_size [0.390857s] ... ok
{0} tempest.api.volume.test_volumes_negative.VolumesNegativeTest.test_create_volume_with_invalid_size [0.016604s] ... ok
{0} tempest.api.volume.test_volumes_negative.VolumesNegativeTest.test_create_volume_with_nonexistent_snapshot_id [0.031185s] ... ok
{0} tempest.api.volume.test_volumes_negative.VolumesNegativeTest.test_create_volume_with_nonexistent_source_volid [0.030544s] ... ok
{0} tempest.api.volume.test_volumes_negative.VolumesNegativeTest.test_create_volume_with_nonexistent_volume_type [0.028139s] ... ok
{0} tempest.api.volume.test_volumes_negative.VolumesNegativeTest.test_create_volume_with_size_negative [0.017070s] ... ok
{0} tempest.api.volume.test_volumes_negative.VolumesNegativeTest.test_create_volume_with_size_zero [0.017314s] ... ok
{0} tempest.api.volume.test_volumes_negative.VolumesNegativeTest.test_create_volume_without_passing_size [0.017685s] ... ok
{0} tempest.api.volume.test_volumes_negative.VolumesNegativeTest.test_delete_invalid_volume_id [0.027112s] ... ok
{0} tempest.api.volume.test_volumes_negative.VolumesNegativeTest.test_delete_volume_without_passing_volume_id [0.012247s] ... ok
{0} tempest.api.volume.test_volumes_negative.VolumesNegativeTest.test_detach_volumes_with_invalid_volume_id [0.045688s] ... ok
{0} tempest.api.volume.test_volumes_negative.VolumesNegativeTest.test_get_invalid_volume_id [0.028788s] ... ok
{0} tempest.api.volume.test_volumes_negative.VolumesNegativeTest.test_get_volume_without_passing_volume_id [0.011065s] ... ok
{0} tempest.api.volume.test_volumes_negative.VolumesNegativeTest.test_list_volumes_detail_with_invalid_status [0.050459s] ... ok
{0} tempest.api.volume.test_volumes_negative.VolumesNegativeTest.test_list_volumes_detail_with_nonexistent_name [0.054000s] ... ok
{0} tempest.api.volume.test_volumes_negative.VolumesNegativeTest.test_list_volumes_with_invalid_status [0.050272s] ... ok
{0} tempest.api.volume.test_volumes_negative.VolumesNegativeTest.test_list_volumes_with_nonexistent_name [0.036343s] ... ok
{0} tempest.api.volume.test_volumes_negative.VolumesNegativeTest.test_reserve_volume_with_negative_volume_status [0.149328s] ... ok
{0} tempest.api.volume.test_volumes_negative.VolumesNegativeTest.test_reserve_volume_with_nonexistent_volume_id [0.029775s] ... ok
{0} tempest.api.volume.test_volumes_negative.VolumesNegativeTest.test_unreserve_volume_with_nonexistent_volume_id [0.028000s] ... ok
{0} tempest.api.volume.test_volumes_negative.VolumesNegativeTest.test_update_volume_with_empty_volume_id [0.011340s] ... ok
{0} tempest.api.volume.test_volumes_negative.VolumesNegativeTest.test_update_volume_with_invalid_volume_id [0.029756s] ... ok
{0} tempest.api.volume.test_volumes_negative.VolumesNegativeTest.test_update_volume_with_nonexistent_volume_id [0.031435s] ... ok
{0} tempest.api.volume.test_volumes_negative.VolumesNegativeTest.test_volume_delete_nonexistent_volume_id [0.025183s] ... ok
{0} tempest.api.volume.test_volumes_negative.VolumesNegativeTest.test_volume_extend_with_None_size [0.015620s] ... ok
{0} tempest.api.volume.test_volumes_negative.VolumesNegativeTest.test_volume_extend_with_non_number_size [0.013727s] ... ok
{0} tempest.api.volume.test_volumes_negative.VolumesNegativeTest.test_volume_extend_with_nonexistent_volume_id [0.025543s] ... ok
{0} tempest.api.volume.test_volumes_negative.VolumesNegativeTest.test_volume_extend_with_size_smaller_than_original_size [0.013265s] ... ok
{0} tempest.api.volume.test_volumes_negative.VolumesNegativeTest.test_volume_extend_without_passing_volume_id [0.027005s] ... ok
{0} tempest.api.volume.test_volumes_negative.VolumesNegativeTest.test_volume_get_nonexistent_volume_id [0.023866s] ... ok
{2} tempest.api.volume.test_volumes_get.VolumesSummaryTest.test_show_volume_summary [0.199950s] ... ok
{0} setUpClass (tempest.api.volume.test_volumes_snapshots.VolumesSnapshotTestJSON) ... SKIPPED: VolumesSnapshotTestJSON skipped as Neutron is not available
{2} tempest.api.volume.test_volumes_snapshots_negative.VolumesSnapshotNegativeTestJSON.test_create_snapshot_with_nonexistent_volume_id [0.246955s] ... ok
{2} tempest.api.volume.test_volumes_snapshots_negative.VolumesSnapshotNegativeTestJSON.test_create_snapshot_without_passing_volume_id [0.032791s] ... ok
{2} tempest.api.volume.test_volumes_snapshots_negative.VolumesSnapshotNegativeTestJSON.test_list_snapshot_invalid_param_limit [0.015127s] ... ok
{2} tempest.api.volume.test_volumes_snapshots_negative.VolumesSnapshotNegativeTestJSON.test_list_snapshots_invalid_param_marker [0.027086s] ... ok
{2} tempest.api.volume.test_volumes_snapshots_negative.VolumesSnapshotNegativeTestJSON.test_list_snapshots_invalid_param_sort [0.016464s] ... ok
{2} tempest.api.volume.test_volumes_snapshots_negative.VolumesSnapshotNegativeTestJSON.test_volume_from_snapshot_decreasing_size [7.142110s] ... ok
{0} tempest.api.volume.test_volumes_snapshots_list.VolumesSnapshotListTestJSON.test_snapshot_list_param_limit [0.032096s] ... ok
{0} tempest.api.volume.test_volumes_snapshots_list.VolumesSnapshotListTestJSON.test_snapshot_list_param_limit_equals_infinite [0.064992s] ... ok
{0} tempest.api.volume.test_volumes_snapshots_list.VolumesSnapshotListTestJSON.test_snapshot_list_param_limit_equals_zero [0.028237s] ... ok
{0} tempest.api.volume.test_volumes_snapshots_list.VolumesSnapshotListTestJSON.test_snapshot_list_param_marker [0.072060s] ... ok
{0} tempest.api.volume.test_volumes_snapshots_list.VolumesSnapshotListTestJSON.test_snapshot_list_param_offset [0.031293s] ... ok
{0} tempest.api.volume.test_volumes_snapshots_list.VolumesSnapshotListTestJSON.test_snapshot_list_param_sort_created_at_asc [0.031827s] ... ok
{0} tempest.api.volume.test_volumes_snapshots_list.VolumesSnapshotListTestJSON.test_snapshot_list_param_sort_created_at_desc [0.032168s] ... ok
{0} tempest.api.volume.test_volumes_snapshots_list.VolumesSnapshotListTestJSON.test_snapshot_list_param_sort_id_asc [0.032104s] ... ok
{0} tempest.api.volume.test_volumes_snapshots_list.VolumesSnapshotListTestJSON.test_snapshot_list_param_sort_id_desc [0.032063s] ... ok
{0} tempest.api.volume.test_volumes_snapshots_list.VolumesSnapshotListTestJSON.test_snapshot_list_param_sort_name_asc [0.032649s] ... ok
{0} tempest.api.volume.test_volumes_snapshots_list.VolumesSnapshotListTestJSON.test_snapshot_list_param_sort_name_desc [0.029660s] ... ok
{0} tempest.api.volume.test_volumes_snapshots_list.VolumesSnapshotListTestJSON.test_snapshots_list_details_with_params [0.099956s] ... ok
{0} tempest.api.volume.test_volumes_snapshots_list.VolumesSnapshotListTestJSON.test_snapshots_list_with_params [0.097025s] ... ok

==============================
Failed 1 tests - output below:
==============================

tempest.api.volume.test_volumes_negative.VolumesNegativeTest.test_attach_volumes_with_nonexistent_volume_id[compute,id-f5e56b0a-5d02-43c1-a2a7-c9b792c2e3f6,negative]
---------------------------------------------------------------------------------------------------------------------------------------------------------------------

Captured traceback:
~~~~~~~~~~~~~~~~~~~
    Traceback (most recent call last):

      File "/usr/local/lib/python3.10/dist-packages/tempest/common/utils/__init__.py", line 70, in wrapper
    return f(*func_args, **func_kwargs)

      File "/usr/local/lib/python3.10/dist-packages/tempest/api/volume/test_volumes_negative.py", line 188, in test_attach_volumes_with_nonexistent_volume_id
    server = self.create_server()

      File "/usr/local/lib/python3.10/dist-packages/tempest/api/volume/base.py", line 270, in create_server
    body, _ = compute.create_test_server(

      File "/usr/local/lib/python3.10/dist-packages/tempest/common/compute.py", line 340, in create_test_server
    with excutils.save_and_reraise_exception():

      File "/usr/local/lib/python3.10/dist-packages/oslo_utils/excutils.py", line 227, in __exit__
    self.force_reraise()

      File "/usr/local/lib/python3.10/dist-packages/oslo_utils/excutils.py", line 200, in force_reraise
    raise self.value

      File "/usr/local/lib/python3.10/dist-packages/tempest/common/compute.py", line 323, in create_test_server
    server = waiters.wait_for_server_status(

      File "/usr/local/lib/python3.10/dist-packages/tempest/common/waiters.py", line 80, in wait_for_server_status
    raise exceptions.BuildErrorException(details, server_id=server_id)

    tempest.exceptions.BuildErrorException: Server dd0cab9d-1573-48a4-a25c-cb1b25bee729 failed to build and is in ERROR status
Details: Fault: {'code': 500, 'created': '2024-06-10T19:17:02Z', 'message': 'Build of instance dd0cab9d-1573-48a4-a25c-cb1b25bee729 aborted: Failure prepping block device.', 'details': 'Traceback (most recent call last):\n  File "/var/lib/kolla/venv/lib/python3.10/site-packages/nova/compute/manager.py", line 2863, in _build_resources\n    self._default_block_device_names(instance, image_meta,\n  File "/var/lib/kolla/venv/lib/python3.10/site-packages/nova/compute/manager.py", line 2176, in _default_block_device_names\n    self._default_device_names_for_instance(instance,\n  File "/var/lib/kolla/venv/lib/python3.10/site-packages/nova/compute/manager.py", line 2095, in _default_device_names_for_instance\n    self.driver.default_device_names_for_instance(instance,\n  File "/var/lib/kolla/venv/lib/python3.10/site-packages/nova/virt/libvirt/driver.py", line 12884, in default_device_names_for_instance\n    block_device_info = driver.get_block_device_info(instance,\n  File "/var/lib/kolla/venv/lib/python3.10/site-packages/nova/virt/driver.py", line 61, in get_block_device_info\n    \'image\': virt_block_device.convert_local_images(\n  File "/var/lib/kolla/venv/lib/python3.10/site-packages/nova/virt/block_device.py", line 896, in _convert_block_devices\n    devices.append(device_type(bdm))\n  File "/var/lib/kolla/venv/lib/python3.10/site-packages/nova/virt/block_device.py", line 123, in __init__\n    self._transform()\n  File "/var/lib/kolla/venv/lib/python3.10/site-packages/nova/virt/block_device.py", line 303, in _transform\n    \'encryption_details\': self._bdm_obj.encryption_details\n  File "/var/lib/kolla/venv/lib/python3.10/site-packages/oslo_versionedobjects/base.py", line 67, in getter\n    self.obj_load_attr(name)\n  File "/var/lib/kolla/venv/lib/python3.10/site-packages/nova/objects/base.py", line 120, in wrapper\n    return fn(self, attrname)\n  File "/var/lib/kolla/venv/lib/python3.10/site-packages/nova/objects/block_device.py", line 383, in obj_load_attr\n    raise exception.ObjectActionError(\nnova.exception.ObjectActionError: Object action obj_load_attr failed because: attribute encryption_details not lazy-loadable\n\nDuring handling of the above exception, another exception occurred:\n\nTraceback (most recent call last):\n  File "/var/lib/kolla/venv/lib/python3.10/site-packages/nova/compute/manager.py", line 2457, in _do_build_and_run_instance\n    self._build_and_run_instance(context, instance, image,\n  File "/var/lib/kolla/venv/lib/python3.10/site-packages/nova/compute/manager.py", line 2670, in _build_and_run_instance\n    with excutils.save_and_reraise_exception():\n  File "/var/lib/kolla/venv/lib/python3.10/site-packages/oslo_utils/excutils.py", line 227, in __exit__\n    self.force_reraise()\n  File "/var/lib/kolla/venv/lib/python3.10/site-packages/oslo_utils/excutils.py", line 200, in force_reraise\n    raise self.value\n  File "/var/lib/kolla/venv/lib/python3.10/site-packages/nova/compute/manager.py", line 2625, in _build_and_run_instance\n    with self._build_resources(context, instance,\n  File "/usr/lib/python3.10/contextlib.py", line 135, in __enter__\n    return next(self.gen)\n  File "/var/lib/kolla/venv/lib/python3.10/site-packages/nova/compute/manager.py", line 2891, in _build_resources\n    raise exception.BuildAbortException(instance_uuid=instance.uuid,\nnova.exception.BuildAbortException: Build of instance dd0cab9d-1573-48a4-a25c-cb1b25bee729 aborted: Failure prepping block device.\n'}. Request ID of server operation performed before checking the server status req-e03e0630-1ce3-4964-8351-d12c1a3f1bbc.


Captured pythonlogging:
~~~~~~~~~~~~~~~~~~~~~~~
    2024-06-10 19:16:57,286 23526 INFO     [tempest.lib.common.rest_client] Request (VolumesNegativeTest:test_attach_volumes_with_nonexistent_volume_id): 201 POST http://controller:5000/v3/auth/tokens 0.622s
2024-06-10 19:16:57,286 23526 DEBUG    [tempest.lib.common.rest_client] Request - Headers: {'Content-Type': 'application/json', 'Accept': 'application/json'}
        Body: <omitted>
    Response - Headers: {'date': 'Mon, 10 Jun 2024 19:16:56 GMT', 'server': 'Apache', 'content-length': '3317', 'x-subject-token': '<omitted>', 'vary': 'X-Auth-Token', 'x-openstack-request-id': 'req-414f367d-04d6-42a6-8748-ec947f517ab8', 'connection': 'close', 'content-type': 'application/json', 'status': '201', 'content-location': 'http://controller:5000/v3/auth/tokens'}
        Body: b'{"token": {"methods": ["password"], "user": {"domain": {"id": "default", "name": "Default"}, "id": "515fa4a491e44205bf8759f2ec0869fa", "name": "tempest-VolumesNegativeTest-954903101-project-member", "password_expires_at": null}, "audit_ids": ["Ls8eitZCQ9-FwLam-LWTbQ"], "expires_at": "2024-06-11T19:16:57.000000Z", "issued_at": "2024-06-10T19:16:57.000000Z", "project": {"domain": {"id": "default", "name": "Default"}, "id": "950e7b78a3ba4758aa7c6ca51fa49298", "name": "tempest-VolumesNegativeTest-954903101"}, "is_domain": false, "roles": [{"id": "b0f479c4cd354db7bd8e89db4e9f46ee", "name": "reader"}, {"id": "a4abfcc098c84e80b9f74392bf18365a", "name": "manager"}, {"id": "659f402291c342c1806564311d1275f0", "name": "member"}, {"id": "ab3a0f28d13544beafe422c9a65edcb5", "name": "admin"}], "catalog": [{"endpoints": [{"id": "739504e9a0114bbb8977cbef466e8c21", "interface": "internal", "region_id": "RegionOne", "url": "http://[LB_IP_ADDRESS]:8774/v2.1", "region": "RegionOne"}, {"id": "f6969022f167421d9db74a0998202ff5", "interface": "public", "region_id": "RegionOne", "url": "http://[LB_IP_ADDRESS]:8774/v2.1", "region": "RegionOne"}], "id": "44a0959127c3454e9786c5749fe1577f", "type": "compute", "name": "nova"}, {"endpoints": [{"id": "108a5ebb729844a5b0d1c50084749a1f", "interface": "internal", "region_id": "RegionOne", "url": "http://[LB_IP_ADDRESS]:8776/v3/950e7b78a3ba4758aa7c6ca51fa49298", "region": "RegionOne"}, {"id": "dba6d13e0e7346c0a8ac169a37748b73", "interface": "public", "region_id": "RegionOne", "url": "http://[LB_IP_ADDRESS]:8776/v3/950e7b78a3ba4758aa7c6ca51fa49298", "region": "RegionOne"}], "id": "7652603d88034d12a50c180163a105c9", "type": "volumev3", "name": "cinderv3"}, {"endpoints": [{"id": "1fe7141eb3cf4522bf5e904c3dd99e79", "interface": "public", "region_id": "RegionOne", "url": "http://[LB_IP_ADDRESS]:8780", "region": "RegionOne"}, {"id": "cb27d090350745998c239682bf56e2d0", "interface": "internal", "region_id": "RegionOne", "url": "http://[LB_IP_ADDRESS]:8780", "region": "RegionOne"}], "id": "9ebdc30da43944179e332b2df82472de", "type": "placement", "name": "placement"}, {"endpoints": [{"id": "50fa47348d40459f890b2403f74ce00d", "interface": "public", "region_id": "RegionOne", "url": "http://[LB_IP_ADDRESS]:9292", "region": "RegionOne"}, {"id": "8077848c7d8146c2872cd140dafd0e80", "interface": "internal", "region_id": "RegionOne", "url": "http://[LB_IP_ADDRESS]:9292", "region": "RegionOne"}], "id": "ad2631768f6c43d1925be888fe0e299b", "type": "image", "name": "glance"}, {"endpoints": [{"id": "a9072db44187495da1bbd2d9c13151f5", "interface": "internal", "region_id": "RegionOne", "url": "http://[LB_IP_ADDRESS]:5000", "region": "RegionOne"}, {"id": "fa36cbf491b84186840fbde4a043e583", "interface": "public", "region_id": "RegionOne", "url": "http://[LB_IP_ADDRESS]:5000", "region": "RegionOne"}], "id": "e33b9b697b9c47afb9f1c5f1ff34ead3", "type": "identity", "name": "keystone"}, {"endpoints": [{"id": "27419cef3948487a8bd95c468cedbcb8", "interface": "public", "region_id": "RegionOne", "url": "http://[LB_IP_ADDRESS]:9696", "region": "RegionOne"}, {"id": "9624f9cd6e7e4c6894476967f489f70c", "interface": "internal", "region_id": "RegionOne", "url": "http://[LB_IP_ADDRESS]:9696", "region": "RegionOne"}], "id": "e6049fa520674bf5b7fe9f64cbfc6d75", "type": "network", "name": "neutron"}]}}'

    2024-06-10 19:16:57,287 23526 DEBUG    [tempest.lib.common.dynamic_creds] Creating new dynamic creds for scope: None and credential_type: admin
2024-06-10 19:16:57,347 23526 INFO     [tempest.lib.common.rest_client] Request (VolumesNegativeTest:test_attach_volumes_with_nonexistent_volume_id): 201 POST http://[LB_IP_ADDRESS]:5000/v3/projects 0.059s
2024-06-10 19:16:57,347 23526 DEBUG    [tempest.lib.common.rest_client] Request - Headers: {'Content-Type': 'application/json', 'Accept': 'application/json', 'X-Auth-Token': '<omitted>'}
        Body: {"project": {"description": "tempest-VolumesNegativeTest-1597844457-desc", "domain_id": "default", "name": "tempest-VolumesNegativeTest-1597844457"}}
    Response - Headers: {'date': 'Mon, 10 Jun 2024 19:16:57 GMT', 'server': 'Apache', 'content-length': '374', 'vary': 'X-Auth-Token', 'x-openstack-request-id': 'req-b71aff48-8c11-4e4d-9f25-543e1eec0e40', 'connection': 'close', 'content-type': 'application/json', 'status': '201', 'content-location': 'http://[LB_IP_ADDRESS]:5000/v3/projects'}
        Body: b'{"project": {"id": "3deac56a5ef74db68623fd7e36991d2a", "name": "tempest-VolumesNegativeTest-1597844457", "domain_id": "default", "description": "tempest-VolumesNegativeTest-1597844457-desc", "enabled": true, "parent_id": "default", "is_domain": false, "tags": [], "options": {}, "links": {"self": "http://[LB_IP_ADDRESS]:5000/v3/projects/3deac56a5ef74db68623fd7e36991d2a"}}}\n'
2024-06-10 19:16:57,968 23526 INFO     [tempest.lib.common.rest_client] Request (VolumesNegativeTest:test_attach_volumes_with_nonexistent_volume_id): 201 POST http://[LB_IP_ADDRESS]:5000/v3/users 0.620s
2024-06-10 19:16:57,968 23526 DEBUG    [tempest.lib.common.rest_client] Request - Headers: {'Content-Type': 'application/json', 'Accept': 'application/json', 'X-Auth-Token': '<omitted>'}
        Body: {"user": {"name": "tempest-VolumesNegativeTest-1597844457-project-admin", "password": "E7=D7aDX9toemz4", "domain_id": "default"}}
    Response - Headers: {'date': 'Mon, 10 Jun 2024 19:16:57 GMT', 'server': 'Apache', 'content-length': '293', 'vary': 'X-Auth-Token', 'x-openstack-request-id': 'req-17b9d254-a64e-4a5a-bdf8-b3e2c03f84dd', 'connection': 'close', 'content-type': 'application/json', 'status': '201', 'content-location': 'http://[LB_IP_ADDRESS]:5000/v3/users'}
        Body: b'{"user": {"id": "64e173f6405c4f31bf46dfee7bf523bb", "name": "tempest-VolumesNegativeTest-1597844457-project-admin", "domain_id": "default", "enabled": true, "password_expires_at": null, "options": {}, "links": {"self": "http://[LB_IP_ADDRESS]:5000/v3/users/64e173f6405c4f31bf46dfee7bf523bb"}}}\n'
2024-06-10 19:16:58,060 23526 INFO     [tempest.lib.common.rest_client] Request (VolumesNegativeTest:test_attach_volumes_with_nonexistent_volume_id): 200 GET http://[LB_IP_ADDRESS]:5000/v3/roles 0.091s
2024-06-10 19:16:58,061 23526 DEBUG    [tempest.lib.common.rest_client] Request - Headers: {'Content-Type': 'application/json', 'Accept': 'application/json', 'X-Auth-Token': '<omitted>'}
        Body: None
    Response - Headers: {'date': 'Mon, 10 Jun 2024 19:16:57 GMT', 'server': 'Apache', 'content-length': '1438', 'vary': 'X-Auth-Token', 'x-openstack-request-id': 'req-812ba202-3aa1-462d-8af5-51e8c33a491b', 'connection': 'close', 'content-type': 'application/json', 'status': '200', 'content-location': 'http://[LB_IP_ADDRESS]:5000/v3/roles'}
        Body: b'{"roles": [{"id": "659f402291c342c1806564311d1275f0", "name": "member", "domain_id": null, "description": null, "options": {"immutable": true}, "links": {"self": "http://[LB_IP_ADDRESS]:5000/v3/roles/659f402291c342c1806564311d1275f0"}}, {"id": "a4abfcc098c84e80b9f74392bf18365a", "name": "manager", "domain_id": null, "description": null, "options": {"immutable": true}, "links": {"self": "http://[LB_IP_ADDRESS]:5000/v3/roles/a4abfcc098c84e80b9f74392bf18365a"}}, {"id": "ab3a0f28d13544beafe422c9a65edcb5", "name": "admin", "domain_id": null, "description": null, "options": {"immutable": true}, "links": {"self": "http://[LB_IP_ADDRESS]:5000/v3/roles/ab3a0f28d13544beafe422c9a65edcb5"}}, {"id": "b0f479c4cd354db7b
    d8e89db4e9f46ee", "name": "reader", "domain_id": null, "description": null, "options": {"immutable": true}, "links": {"self": "http://[LB_IP_ADDRESS]:5000/v3/roles/b0f479c4cd354db7bd8e89db4e9f46ee"}}, {"id": "bf1368997cb84a39a79ed2cbae917939", "name": "service", "domain_id": null, "description": null, "options": {"immutable": true}, "links": {"self": "http://[LB_IP_ADDRESS]:5000/v3/roles/bf1368997cb84a39a79ed2cbae917939"}}, {"id": "f82a2d99fd5d4767b3af21bd9526d3d8", "name": "_member_", "domain_id": null, "description": null, "options": {}, "links": {"self": "http://[LB_IP_ADDRESS]:5000/v3/roles/f82a2d99fd5d4767b3af21bd9526d3d8"}}], "links": {"next": null, "self": "http://[LB_IP_ADDRESS]:5000/v3/roles", "previous": null}}\n'
2024-06-10 19:16:58,188 23526 INFO     [tempest.lib.common.rest_client] Request (VolumesNegativeTest:test_attach_volumes_with_nonexistent_volume_id): 204 PUT http://[LB_IP_ADDRESS]:5000/v3/projects/3deac56a5ef74db68623fd7e36991d2a/users/64e173f6405c4f31bf46dfee7bf523bb/roles/ab3a0f28d13544beafe422c9a65edcb5 0.127s
2024-06-10 19:16:58,188 23526 DEBUG    [tempest.lib.common.rest_client] Request - Headers: {'Content-Type': 'application/json', 'Accept': 'application/json', 'X-Auth-Token': '<omitted>'}
        Body: None
    Response - Headers: {'date': 'Mon, 10 Jun 2024 19:16:58 GMT', 'server': 'Apache', 'vary': 'X-Auth-Token', 'x-openstack-request-id': 'req-eb5e98b4-5e79-496b-9ad6-78648fe0bc38', 'connection': 'close', 'status': '204', 'content-location': 'http://[LB_IP_ADDRESS]:5000/v3/projects/3deac56a5ef74db68623fd7e36991d2a/users/64e173f6405c4f31bf46dfee7bf523bb/roles/ab3a0f28d13544beafe422c9a65edcb5'}
        Body: b''
2024-06-10 19:16:58,291 23526 INFO     [tempest.lib.common.rest_client] Request (VolumesNegativeTest:test_attach_volumes_with_nonexistent_volume_id): 200 GET http://[LB_IP_ADDRESS]:5000/v3/roles 0.102s
2024-06-10 19:16:58,291 23526 DEBUG    [tempest.lib.common.rest_client] Request - Headers: {'Content-Type': 'application/json', 'Accept': 'application/json', 'X-Auth-Token': '<omitted>'}
        Body: None
    Response - Headers: {'date': 'Mon, 10 Jun 2024 19:16:58 GMT', 'server': 'Apache', 'content-length': '1438', 'vary': 'X-Auth-Token', 'x-openstack-request-id': 'req-e7daa265-725f-49e8-8f2c-cac6b40585fe', 'connection': 'close', 'content-type': 'application/json', 'status': '200', 'content-location': 'http://[LB_IP_ADDRESS]:5000/v3/roles'}
        Body: b'{"roles": [{"id": "659f402291c342c1806564311d1275f0", "name": "member", "domain_id": null, "description": null, "options": {"immutable": true}, "links": {"self": "http://[LB_IP_ADDRESS]:5000/v3/roles/659f402291c342c1806564311d1275f0"}}, {"id": "a4abfcc098c84e80b9f74392bf18365a", "name": "manager", "domain_id": null, "description": null, "options": {"immutable": true}, "links": {"self": "http://[LB_IP_ADDRESS]:5000/v3/roles/a4abfcc098c84e80b9f74392bf18365a"}}, {"id": "ab3a0f28d13544beafe422c9a65edcb5", "name": "admin", "domain_id": null, "description": null, "options": {"immutable": true}, "links": {"self": "http://[LB_IP_ADDRESS]:5000/v3/roles/ab3a0f28d13544beafe422c9a65edcb5"}}, {"id": "b0f479c4cd354db7bd8e89db4e9f46ee", "name": "reader", "domain_id": null, "description": null, "options": {"immutable": true}, "links": {"self": "http://[LB_IP_ADDRESS]:5000/v3/roles/b0f479c4cd354db7bd8e89db4e9f46ee"}}, {"id": "bf1368997cb84a39a79ed2cbae917939", "name": "service", "domain_id": null, "description": null, "options": {"immutable": true}, "links": {"self": "http://[LB_IP_ADDRESS]:5000/v3/roles/bf1368997cb84a39a79ed2cbae917939"}}, {"id": "f82a2d99fd5d4767b3af21bd9526d3d8", "name": "_member_", "domain_id": null, "description": null, "options": {}, "links": {"self": "http://[LB_IP_ADDRESS]:5000/v3/roles/f82a2d99fd5d4767b3af21bd9526d3d8"}}], "links": {"next": null, "self": "http://[LB_IP_ADDRESS]:5000/v3/roles", "previous": null}}\n'
2024-06-10 19:16:58,326 23526 INFO     [tempest.lib.common.rest_client] Request (VolumesNegativeTest:test_attach_volumes_with_nonexistent_volume_id): 204 PUT http://[LB_IP_ADDRESS]:5000/v3/domains/default/users/64e173f6405c4f31bf4
    6dfee7bf523bb/roles/ab3a0f28d13544beafe422c9a65edcb5 0.034s
2024-06-10 19:16:58,327 23526 DEBUG    [tempest.lib.common.rest_client] Request - Headers: {'Content-Type': 'application/json', 'Accept': 'application/json', 'X-Auth-Token': '<omitted>'}
        Body: None
    Response - Headers: {'date': 'Mon, 10 Jun 2024 19:16:58 GMT', 'server': 'Apache', 'vary': 'X-Auth-Token', 'x-openstack-request-id': 'req-5cc07204-640e-4daa-b90d-0ccfbafe48b9', 'connection': 'close', 'status': '204', 'content-location': 'http://[LB_IP_ADDRESS]:5000/v3/domains/default/users/64e173f6405c4f31bf46dfee7bf523bb/roles/ab3a0f28d13544beafe422c9a65edcb5'}
        Body: b''
2024-06-10 19:16:58,421 23526 INFO     [tempest.lib.common.rest_client] Request (VolumesNegativeTest:test_attach_volumes_with_nonexistent_volume_id): 200 GET http://[LB_IP_ADDRESS]:5000/v3/roles 0.093s
2024-06-10 19:16:58,421 23526 DEBUG    [tempest.lib.common.rest_client] Request - Headers: {'Content-Type': 'application/json', 'Accept': 'application/json', 'X-Auth-Token': '<omitted>'}
        Body: None
    Response - Headers: {'date': 'Mon, 10 Jun 2024 19:16:58 GMT', 'server': 'Apache', 'content-length': '1438', 'vary': 'X-Auth-Token', 'x-openstack-request-id': 'req-b0c2189c-4cd5-403b-8dda-50c334fc79eb', 'connection': 'close', 'content-type': 'application/json', 'status': '200', 'content-location': 'http://[LB_IP_ADDRESS]:5000/v3/roles'}
        Body: b'{"roles": [{"id": "659f402291c342c1806564311d1275f0", "name": "member", "domain_id": null, "description": null, "options": {"immutable": true}, "links": {"self": "http://[LB_IP_ADDRESS]:5000/v3/roles/659f402291c342c1806564311d1275f0"}}, {"id": "a4abfcc098c84e80b9f74392bf18365a", "name": "manager", "domain_id": null, "description": null, "options": {"immutable": true}, "links": {"self": "http://[LB_IP_ADDRESS]:5000/v3/roles/a4abfcc098c84e80b9f74392bf18365a"}}, {"id": "ab3a0f28d13544beafe422c9a65edcb5", "name": "admin", "domain_id": null, "description": null, "options": {"immutable": true}, "links": {"self": "http://[LB_IP_ADDRESS]:5000/v3/roles/ab3a0f28d13544beafe422c9a65edcb5"}}, {"id": "b0f479c4cd354db7bd8e89db4e9f46ee", "name": "reader", "domain_id": null, "description": null, "options": {"immutable": true}, "links": {"self": "http://[LB_IP_ADDRESS]:5000/v3/roles/b0f479c4cd354db7bd8e89db4e9f46ee"}}, {"id": "bf1368997cb84a39a79ed2cbae917939", "name": "service", "domain_id": null, "description": null, "options": {"immutable": true}, "links": {"self": "http://[LB_IP_ADDRESS]:5000/v3/roles/bf1368997cb84a39a79ed2cbae917939"}}, {"id": "f82a2d99fd5d4767b3af21bd9526d3d8", "name": "_member_", "domain_id": null, "description": null, "options": {}, "links": {"self": "http://[LB_IP_ADDRESS]:5000/v3/roles/f82a2d99fd5d4767b3af21bd9526d3d8"}}], "links": {"next": null, "self": "http://[LB_IP_ADDRESS]:5000/v3/roles", "previous": null}}\n'
2024-06-10 19:16:58,459 23526 INFO     [tempest.lib.common.rest_client] Request (VolumesNegativeTest:test_attach_volumes_with_nonexistent_volume_id): 204 PUT http://[LB_IP_ADDRESS]:5000/v3/projects/3deac56a5ef74db68623fd7e36991d2a/users/64e173f6405c4f31bf46dfee7bf523bb/roles/ab3a0f28d13544beafe422c9a65edcb5 0.037s
2024-06-10 19:16:58,459 23526 DEBUG    [tempest.lib.common.rest_client] Request - Headers: {'Content-Type': 'application/json', 'Accept': 'application/json', 'X-Auth-Token': '<omitted>'}
        Body: None
    Response - Headers: {'date': 'Mon, 10 Jun 2024 19:16:58 GMT', 'server': 'Apache', 'vary': 'X-Auth-Token', 'x-openstack-request-id': 'req-ec65f30b-9f8c-43bb-91a2-d91aefd41457', 'connection': 'close', 'status': '204', 'content-location': 'http://[LB_IP_ADDRESS]:5000/v3/projects/3deac56a5ef74db68623fd7e36991d2a/users/64e173f6405c4f31bf46dfee7bf523bb/roles/ab3a0f28d13544beafe422c9a65edcb5'}
        Body: b''
2024-06-10 19:16:58,555 23526 INFO     [tempest.lib.common.rest_client] Request (VolumesNegativeTest:test_attach_volumes_with_nonexistent_volume_id): 200 GET http://[LB_IP_ADDRESS]:5000/v3/roles 0.095s
2024-06-10 19:16:58,555 23526 DEBUG    [tempest.lib.common.rest_client] Request - Headers: {'Content-Type':
     'application/json', 'Accept': 'application/json', 'X-Auth-Token': '<omitted>'}
        Body: None
    Response - Headers: {'date': 'Mon, 10 Jun 2024 19:16:58 GMT', 'server': 'Apache', 'content-length': '1438', 'vary': 'X-Auth-Token', 'x-openstack-request-id': 'req-5fcc9345-cfc6-4184-a754-7944c9d61834', 'connection': 'close', 'content-type': 'application/json', 'status': '200', 'content-location': 'http://[LB_IP_ADDRESS]:5000/v3/roles'}
        Body: b'{"roles": [{"id": "659f402291c342c1806564311d1275f0", "name": "member", "domain_id": null, "description": null, "options": {"immutable": true}, "links": {"self": "http://[LB_IP_ADDRESS]:5000/v3/roles/659f402291c342c1806564311d1275f0"}}, {"id": "a4abfcc098c84e80b9f74392bf18365a", "name": "manager", "domain_id": null, "description": null, "options": {"immutable": true}, "links": {"self": "http://[LB_IP_ADDRESS]:5000/v3/roles/a4abfcc098c84e80b9f74392bf18365a"}}, {"id": "ab3a0f28d13544beafe422c9a65edcb5", "name": "admin", "domain_id": null, "description": null, "options": {"immutable": true}, "links": {"self": "http://[LB_IP_ADDRESS]:5000/v3/roles/ab3a0f28d13544beafe422c9a65edcb5"}}, {"id": "b0f479c4cd354db7bd8e89db4e9f46ee", "name": "reader", "domain_id": null, "description": null, "options": {"immutable": true}, "links": {"self": "http://[LB_IP_ADDRESS]:5000/v3/roles/b0f479c4cd354db7bd8e89db4e9f46ee"}}, {"id": "bf1368997cb84a39a79ed2cbae917939", "name": "service", "domain_id": null, "description": null, "options": {"immutable": true}, "links": {"self": "http://[LB_IP_ADDRESS]:5000/v3/roles/bf1368997cb84a39a79ed2cbae917939"}}, {"id": "f82a2d99fd5d4767b3af21bd9526d3d8", "name": "_member_", "domain_id": null, "description": null, "options": {}, "links": {"self": "http://[LB_IP_ADDRESS]:5000/v3/roles/f82a2d99fd5d4767b3af21bd9526d3d8"}}], "links": {"next": null, "self": "http://[LB_IP_ADDRESS]:5000/v3/roles", "previous": null}}\n'
2024-06-10 19:16:58,593 23526 INFO     [tempest.lib.common.rest_client] Request (VolumesNegativeTest:test_attach_volumes_with_nonexistent_volume_id): 204 PUT http://[LB_IP_ADDRESS]:5000/v3/projects/3deac56a5ef74db68623fd7e36991d2a/users/64e173f6405c4f31bf46dfee7bf523bb/roles/ab3a0f28d13544beafe422c9a65edcb5 0.037s
2024-06-10 19:16:58,593 23526 DEBUG    [tempest.lib.common.rest_client] Request - Headers: {'Content-Type': 'application/json', 'Accept': 'application/json', 'X-Auth-Token': '<omitted>'}
        Body: None
    Response - Headers: {'date': 'Mon, 10 Jun 2024 19:16:58 GMT', 'server': 'Apache', 'vary': 'X-Auth-Token', 'x-openstack-request-id': 'req-daa8e4f7-b74d-45fc-b8ff-5a8bceaaec66', 'connection': 'close', 'status': '204', 'content-location': 'http://[LB_IP_ADDRESS]:5000/v3/projects/3deac56a5ef74db68623fd7e36991d2a/users/64e173f6405c4f31bf46dfee7bf523bb/roles/ab3a0f28d13544beafe422c9a65edcb5'}
        Body: b''
2024-06-10 19:16:58,594 23526 INFO     [tempest.lib.common.dynamic_creds] Dynamic test user 64e173f6405c4f31bf46dfee7bf523bb is created with scope project and roles: ['admin', 'admin']
2024-06-10 19:16:58,594 23526 INFO     [tempest.lib.common.dynamic_creds] Acquired dynamic creds:
 credentials: Credentials: {'domain_id': 'default', 'domain_name': 'Default', 'username': 'tempest-VolumesNegativeTest-1597844457-project-admin', 'project_domain_id': 'default', 'project_domain_name': 'Default', 'project_id': '3deac56a5ef74db68623fd7e36991d2a', 'project_name': 'tempest-VolumesNegativeTest-1597844457', 'tenant_id': '3deac56a5ef74db68623fd7e36991d2a', 'tenant_name': 'tempest-VolumesNegativeTest-1597844457', 'user_domain_id': 'default', 'user_domain_name': 'Default', 'user_id': '64e173f6405c4f31bf46dfee7bf523bb', 'system': None}, Network: None, Subnet: None, Router: None
2024-06-10 19:16:58,601 23526 INFO     [tempest.lib.common.fixed_network] (VolumesNegativeTest:test_attach_volumes_with_nonexistent_volume_id) Found network None available for tenant
2024-06-10 19:16:58,871 23526 INFO     [tempest.lib.common.rest_client] Request (VolumesNegativeTest:test_attach_volumes_with_nonexistent_volume_id): 202 POST http://[LB_IP_ADDRESS]:8774/v2.1/servers 0.268s
202
    4-06-10 19:16:58,871 23526 DEBUG    [tempest.lib.common.rest_client] Request - Headers: {'Content-Type': 'application/json', 'Accept': 'application/json', 'X-Auth-Token': '<omitted>'}
        Body: {"server": {"name": "tempest-VolumesNegativeTest-instance-1398256566", "imageRef": "90fe7e6d-5185-4cd1-b128-6c126844d9da", "flavorRef": "0"}}
    Response - Headers: {'date': 'Mon, 10 Jun 2024 19:16:58 GMT', 'server': 'Apache/2.4.52 (Ubuntu)', 'content-length': '380', 'location': 'http://[LB_IP_ADDRESS]:8774/v2.1/servers/dd0cab9d-1573-48a4-a25c-cb1b25bee729', 'openstack-api-version': 'compute 2.1', 'x-openstack-nova-api-version': '2.1', 'vary': 'OpenStack-API-Version,X-OpenStack-Nova-API-Version', 'x-openstack-request-id': 'req-e03e0630-1ce3-4964-8351-d12c1a3f1bbc', 'x-compute-request-id': 'req-e03e0630-1ce3-4964-8351-d12c1a3f1bbc', 'connection': 'close', 'content-type': 'application/json', 'status': '202', 'content-location': 'http://[LB_IP_ADDRESS]:8774/v2.1/servers'}
        Body: b'{"server": {"id": "dd0cab9d-1573-48a4-a25c-cb1b25bee729", "links": [{"rel": "self", "href": "http://[LB_IP_ADDRESS]:8774/v2.1/servers/dd0cab9d-1573-48a4-a25c-cb1b25bee729"}, {"rel": "bookmark", "href": "http://[LB_IP_ADDRESS]:8774/servers/dd0cab9d-1573-48a4-a25c-cb1b25bee729"}], "OS-DCF:diskConfig": "MANUAL", "security_groups": [{"name": "default"}], "adminPass": "RZuc2g4QMHN5"}}'
2024-06-10 19:16:58,973 23526 INFO     [tempest.lib.common.rest_client] Request (VolumesNegativeTest:test_attach_volumes_with_nonexistent_volume_id): 200 GET http://[LB_IP_ADDRESS]:8774/v2.1/servers/dd0cab9d-1573-48a4-a25c-cb1b25bee729 0.099s
2024-06-10 19:16:58,974 23526 DEBUG    [tempest.lib.common.rest_client] Request - Headers: {'Content-Type': 'application/json', 'Accept': 'application/json', 'X-Auth-Token': '<omitted>'}
        Body: None
    Response - Headers: {'date': 'Mon, 10 Jun 2024 19:16:58 GMT', 'server': 'Apache/2.4.52 (Ubuntu)', 'content-length': '1323', 'openstack-api-version': 'compute 2.1', 'x-openstack-nova-api-version': '2.1', 'vary': 'OpenStack-API-Version,X-OpenStack-Nova-API-Version', 'x-openstack-request-id': 'req-27c0633d-f695-431d-a304-e9ad3868d020', 'x-compute-request-id': 'req-27c0633d-f695-431d-a304-e9ad3868d020', 'connection': 'close', 'content-type': 'application/json', 'status': '200', 'content-location': 'http://[LB_IP_ADDRESS]:8774/v2.1/servers/dd0cab9d-1573-48a4-a25c-cb1b25bee729'}
        Body: b'{"server": {"id": "dd0cab9d-1573-48a4-a25c-cb1b25bee729", "name": "tempest-VolumesNegativeTest-instance-1398256566", "status": "BUILD", "tenant_id": "950e7b78a3ba4758aa7c6ca51fa49298", "user_id": "515fa4a491e44205bf8759f2ec0869fa", "metadata": {}, "hostId": "", "image": {"id": "90fe7e6d-5185-4cd1-b128-6c126844d9da", "links": [{"rel": "bookmark", "href": "http://[LB_IP_ADDRESS]:8774/images/90fe7e6d-5185-4cd1-b128-6c126844d9da"}]}, "flavor": {"id": "0", "links": [{"rel": "bookmark", "href": "http://[LB_IP_ADDRESS]:8774/flavors/0"}]}, "created": "2024-06-10T19:16:58Z", "updated": "2024-06-10T19:16:58Z", "addresses": {}, "accessIPv4": "", "accessIPv6": "", "links": [{"rel": "self", "href": "http://[LB_IP_ADDRESS]:8774/v2.1/servers/dd0cab9d-1573-48a4-a25c-cb1b25bee729"}, {"rel": "bookmark", "href": "http://[LB_IP_ADDRESS]:8774/servers/dd0cab9d-1573-48a4-a25c-cb1b25bee729"}], "OS-DCF:diskConfig": "MANUAL", "progress": 0, "OS-EXT-AZ:availability_zone": "", "config_drive": "", "key_name": null, "OS-SRV-USG:launched_at": null, "OS-SRV-USG:terminated_at": null, "OS-EXT-SRV-ATTR:host": null, "OS-EXT-SRV-ATTR:instance_name": "", "OS-EXT-SRV-ATTR:hypervisor_hostname": null, "OS-EXT-STS:task_state": "scheduling", "OS-EXT-STS:vm_state": "building", "OS-EXT-STS:power_state": 0, "os-extended-volumes:volumes_attached": []}}'
2024-06-10 19:17:00,128 23526 INFO     [tempest.lib.common.rest_client] Request (VolumesNegativeTest:test_attach_volumes_with_nonexistent_volume_id): 200 GET http://[LB_IP_ADDRESS]:8774/v2.1/servers/dd0cab9d-1573-48a4-a25c-cb1b25bee729 0.135s
2024-06-10 19:17:00,128 23526 DEBUG    [tempest.lib.common.rest_client] Request - Headers: {'Content-Type':
     'application/json', 'Accept': 'application/json', 'X-Auth-Token': '<omitted>'}
        Body: None
    Response - Headers: {'date': 'Mon, 10 Jun 2024 19:16:59 GMT', 'server': 'Apache/2.4.52 (Ubuntu)', 'content-length': '1418', 'openstack-api-version': 'compute 2.1', 'x-openstack-nova-api-version': '2.1', 'vary': 'OpenStack-API-Version,X-OpenStack-Nova-API-Version', 'x-openstack-request-id': 'req-0bd0c25a-fa5f-4c0b-b330-88cfb7275904', 'x-compute-request-id': 'req-0bd0c25a-fa5f-4c0b-b330-88cfb7275904', 'connection': 'close', 'content-type': 'application/json', 'status': '200', 'content-location': 'http://[LB_IP_ADDRESS]:8774/v2.1/servers/dd0cab9d-1573-48a4-a25c-cb1b25bee729'}
        Body: b'{"server": {"id": "dd0cab9d-1573-48a4-a25c-cb1b25bee729", "name": "tempest-VolumesNegativeTest-instance-1398256566", "status": "BUILD", "tenant_id": "950e7b78a3ba4758aa7c6ca51fa49298", "user_id": "515fa4a491e44205bf8759f2ec0869fa", "metadata": {}, "hostId": "625742e622061756e2ecfd2775843677795296ebaa97f45451563d39", "image": {"id": "90fe7e6d-5185-4cd1-b128-6c126844d9da", "links": [{"rel": "bookmark", "href": "http://[LB_IP_ADDRESS]:8774/images/90fe7e6d-5185-4cd1-b128-6c126844d9da"}]}, "flavor": {"id": "0", "links": [{"rel": "bookmark", "href": "http://[LB_IP_ADDRESS]:8774/flavors/0"}]}, "created": "2024-06-10T19:16:58Z", "updated": "2024-06-10T19:16:59Z", "addresses": {}, "accessIPv4": "", "accessIPv6": "", "links": [{"rel": "self", "href": "http://[LB_IP_ADDRESS]:8774/v2.1/servers/dd0cab9d-1573-48a4-a25c-cb1b25bee729"}, {"rel": "bookmark", "href": "http://[LB_IP_ADDRESS]:8774/servers/dd0cab9d-1573-48a4-a25c-cb1b25bee729"}], "OS-DCF:diskConfig": "MANUAL", "progress": 0, "OS-EXT-AZ:availability_zone": "nova", "config_drive": "", "key_name": null, "OS-SRV-USG:launched_at": null, "OS-SRV-USG:terminated_at": null, "OS-EXT-SRV-ATTR:host": "rack13-server63", "OS-EXT-SRV-ATTR:instance_name": "instance-0000002f", "OS-EXT-SRV-ATTR:hypervisor_hostname": "rack13-server63", "OS-EXT-STS:task_state": null, "OS-EXT-STS:vm_state": "building", "OS-EXT-STS:power_state": 0, "os-extended-volumes:volumes_attached": []}}'
2024-06-10 19:17:00,146 23526 INFO     [tempest.common.waiters] State transition "BUILD/scheduling" ==> "BUILD/None" after 2 second wait
2024-06-10 19:17:01,273 23526 INFO     [tempest.lib.common.rest_client] Request (VolumesNegativeTest:test_attach_volumes_with_nonexistent_volume_id): 200 GET http://[LB_IP_ADDRESS]:8774/v2.1/servers/dd0cab9d-1573-48a4-a25c-cb1b25bee729 0.126s
2024-06-10 19:17:01,274 23526 DEBUG    [tempest.lib.common.rest_client] Request - Headers: {'Content-Type': 'application/json', 'Accept': 'application/json', 'X-Auth-Token': '<omitted>'}
        Body: None
    Response - Headers: {'date': 'Mon, 10 Jun 2024 19:17:01 GMT', 'server': 'Apache/2.4.52 (Ubuntu)', 'content-length': '1344', 'openstack-api-version': 'compute 2.1', 'x-openstack-nova-api-version': '2.1', 'vary': 'OpenStack-API-Version,X-OpenStack-Nova-API-Version', 'x-openstack-request-id': 'req-571337e3-7db9-4186-b4ed-764a5f7d76b0', 'x-compute-request-id': 'req-571337e3-7db9-4186-b4ed-764a5f7d76b0', 'connection': 'close', 'content-type': 'application/json', 'status': '200', 'content-location': 'http://[LB_IP_ADDRESS]:8774/v2.1/servers/dd0cab9d-1573-48a4-a25c-cb1b25bee729'}
        Body: b'{"server": {"id": "dd0cab9d-1573-48a4-a25c-cb1b25bee729", "name": "tempest-VolumesNegativeTest-instance-1398256566", "status": "BUILD", "tenant_id": "950e7b78a3ba4758aa7c6ca51fa49298", "user_id": "515fa4a491e44205bf8759f2ec0869fa", "metadata": {}, "hostId": "", "image": {"id": "90fe7e6d-5185-4cd1-b128-6c126844d9da", "links": [{"rel": "bookmark", "href": "http://[LB_IP_ADDRESS]:8774/images/90fe7e6d-5185-4cd1-b128-6c126844d9da"}]}, "flavor": {"id": "0", "links": [{"rel": "bookmark", "href": "http://[LB_IP_ADDRESS]:8774/flavors/0"}]}, "created": "2024-06-10T19:16:58Z", "updated": "2024-06-10T19:17:01Z", "addresses": {}, "accessIPv4": "", "accessIPv6": "", "links": [{"rel": "self", "href": "http://[LB_IP_ADDRESS]:8774/v2.1/servers/dd0cab9d-1573-48a4-a25c-cb1b25bee729"}, {"rel": "bookmark", 
    "href": "http://[LB_IP_ADDRESS]:8774/servers/dd0cab9d-1573-48a4-a25c-cb1b25bee729"}], "OS-DCF:diskConfig": "MANUAL", "progress": 0, "OS-EXT-AZ:availability_zone": "nova", "config_drive": "", "key_name": null, "OS-SRV-USG:launched_at": null, "OS-SRV-USG:terminated_at": null, "OS-EXT-SRV-ATTR:host": null, "OS-EXT-SRV-ATTR:instance_name": "instance-0000002f", "OS-EXT-SRV-ATTR:hypervisor_hostname": null, "OS-EXT-STS:task_state": "networking", "OS-EXT-STS:vm_state": "building", "OS-EXT-STS:power_state": 0, "os-extended-volumes:volumes_attached": []}}'
2024-06-10 19:17:01,291 23526 INFO     [tempest.common.waiters] State transition "BUILD/None" ==> "BUILD/networking" after 3 second wait
2024-06-10 19:17:02,412 23526 INFO     [tempest.lib.common.rest_client] Request (VolumesNegativeTest:test_attach_volumes_with_nonexistent_volume_id): 200 GET http://[LB_IP_ADDRESS]:8774/v2.1/servers/dd0cab9d-1573-48a4-a25c-cb1b25bee729 0.119s
2024-06-10 19:17:02,412 23526 DEBUG    [tempest.lib.common.rest_client] Request - Headers: {'Content-Type': 'application/json', 'Accept': 'application/json', 'X-Auth-Token': '<omitted>'}
        Body: None
    Response - Headers: {'date': 'Mon, 10 Jun 2024 19:17:02 GMT', 'server': 'Apache/2.4.52 (Ubuntu)', 'content-length': '4816', 'openstack-api-version': 'compute 2.1', 'x-openstack-nova-api-version': '2.1', 'vary': 'OpenStack-API-Version,X-OpenStack-Nova-API-Version', 'x-openstack-request-id': 'req-a38939ad-72e1-4508-b1db-b8ea36b3f629', 'x-compute-request-id': 'req-a38939ad-72e1-4508-b1db-b8ea36b3f629', 'connection': 'close', 'content-type': 'application/json', 'status': '200', 'content-location': 'http://[LB_IP_ADDRESS]:8774/v2.1/servers/dd0cab9d-1573-48a4-a25c-cb1b25bee729'}
        Body: b'{"server": {"id": "dd0cab9d-1573-48a4-a25c-cb1b25bee729", "name": "tempest-VolumesNegativeTest-instance-1398256566", "status": "ERROR", "tenant_id": "950e7b78a3ba4758aa7c6ca51fa49298", "user_id": "515fa4a491e44205bf8759f2ec0869fa", "metadata": {}, "hostId": "", "image": {"id": "90fe7e6d-5185-4cd1-b128-6c126844d9da", "links": [{"rel": "bookmark", "href": "http://[LB_IP_ADDRESS]:8774/images/90fe7e6d-5185-4cd1-b128-6c126844d9da"}]}, "flavor": {"id": "0", "links": [{"rel": "bookmark", "href": "http://[LB_IP_ADDRESS]:8774/flavors/0"}]}, "created": "2024-06-10T19:16:58Z", "updated": "2024-06-10T19:17:02Z", "addresses": {}, "accessIPv4": "", "accessIPv6": "", "links": [{"rel": "self", "href": "http://[LB_IP_ADDRESS]:8774/v2.1/servers/dd0cab9d-1573-48a4-a25c-cb1b25bee729"}, {"rel": "bookmark", "href": "http://[LB_IP_ADDRESS]:8774/servers/dd0cab9d-1573-48a4-a25c-cb1b25bee729"}], "OS-DCF:diskConfig": "MANUAL", "fault": {"code": 500, "created": "2024-06-10T19:17:02Z", "message": "Build of instance dd0cab9d-1573-48a4-a25c-cb1b25bee729 aborted: Failure prepping block device.", "details": "Traceback (most recent call last):\\n  File \\"/var/lib/kolla/venv/lib/python3.10/site-packages/nova/compute/manager.py\\", line 2863, in _build_resources\\n    self._default_block_device_names(instance, image_meta,\\n  File \\"/var/lib/kolla/venv/lib/python3.10/site-packages/nova/compute/manager.py\\", line 2176, in _default_block_device_names\\n    self._default_device_names_for_instance(instance,\\n  File \\"/var/lib/kolla/venv/lib/python3.10/site-packages/nova/compute/manager.py\\", line 2095, in _default_device_names_for_instance\\n    self.driver.default_device_names_for_instance(instance,\\n  File \\"/var/lib/kolla/venv/lib/python3.10/site-packages/nova/virt/libvirt/driver.py\\", line 12884, in default_device_names_for_instance\\n    block_device_info = driver.get_block_device_info(instance,\\n  File \\"/var/lib/kolla/venv/lib/python3.10/site-packages/nova/virt/driver.py\\", line 61, in get_block_device_info\\n    \'image\': virt_block_device.convert_local_images(\\n  File \\"/var/lib/kolla/venv/lib/python3.10/site-packages/nova/virt/block_device.py\\", line 896, in _convert_block_devices\\n    devices.append(device_type(bdm))\\n  File \\"/var/lib/kolla/venv/lib/python3.10/site-packages/nova/virt/block_device.py\\", line 123, in __init__\\n    
    self._transform()\\n  File \\"/var/lib/kolla/venv/lib/python3.10/site-packages/nova/virt/block_device.py\\", line 303, in _transform\\n    \'encryption_details\': self._bdm_obj.encryption_details\\n  File \\"/var/lib/kolla/venv/lib/python3.10/site-packages/oslo_versionedobjects/base.py\\", line 67, in getter\\n    self.obj_load_attr(name)\\n  File \\"/var/lib/kolla/venv/lib/python3.10/site-packages/nova/objects/base.py\\", line 120, in wrapper\\n    return fn(self, attrname)\\n  File \\"/var/lib/kolla/venv/lib/python3.10/site-packages/nova/objects/block_device.py\\", line 383, in obj_load_attr\\n    raise exception.ObjectActionError(\\nnova.exception.ObjectActionError: Object action obj_load_attr failed because: attribute encryption_details not lazy-loadable\\n\\nDuring handling of the above exception, another exception occurred:\\n\\nTraceback (most recent call last):\\n  File \\"/var/lib/kolla/venv/lib/python3.10/site-packages/nova/compute/manager.py\\", line 2457, in _do_build_and_run_instance\\n    self._build_and_run_instance(context, instance, image,\\n  File \\"/var/lib/kolla/venv/lib/python3.10/site-packages/nova/compute/manager.py\\", line 2670, in _build_and_run_instance\\n    with excutils.save_and_reraise_exception():\\n  File \\"/var/lib/kolla/venv/lib/python3.10/site-packages/oslo_utils/excutils.py\\", line 227, in __exit__\\n    self.force_reraise()\\n  File \\"/var/lib/kolla/venv/lib/python3.10/site-packages/oslo_utils/excutils.py\\", line 200, in force_reraise\\n    raise self.value\\n  File \\"/var/lib/kolla/venv/lib/python3.10/site-packages/nova/compute/manager.py\\", line 2625, in _build_and_run_instance\\n    with self._build_resources(context, instance,\\n  File \\"/usr/lib/python3.1
2024-06-10 19:17:02,429 23526 INFO     [tempest.common.waiters] State transition "BUILD/networking" ==> "ERROR/None" after 4 second wait
2024-06-10 19:17:02,803 23526 INFO     [tempest.lib.common.rest_client] Request (VolumesNegativeTest:test_attach_volumes_with_nonexistent_volume_id): 204 DELETE http://[LB_IP_ADDRESS]:8774/v2.1/servers/dd0cab9d-1573-48a4-a25c-cb1b25bee729 0.373s
2024-06-10 19:17:02,803 23526 DEBUG    [tempest.lib.common.rest_client] Request - Headers: {'Content-Type': 'application/json', 'Accept': 'application/json', 'X-Auth-Token': '<omitted>'}
        Body: None
    Response - Headers: {'date': 'Mon, 10 Jun 2024 19:17:02 GMT', 'server': 'Apache/2.4.52 (Ubuntu)', 'openstack-api-version': 'compute 2.1', 'x-openstack-nova-api-version': '2.1', 'vary': 'OpenStack-API-Version,X-OpenStack-Nova-API-Version', 'x-openstack-request-id': 'req-fda91d75-193d-4d9e-891d-2a75691aa2a9', 'x-compute-request-id': 'req-fda91d75-193d-4d9e-891d-2a75691aa2a9', 'connection': 'close', 'status': '204', 'content-location': 'http://[LB_IP_ADDRESS]:8774/v2.1/servers/dd0cab9d-1573-48a4-a25c-cb1b25bee729'}
        Body: b''
2024-06-10 19:17:02,847 23526 INFO     [tempest.lib.common.rest_client] Request (VolumesNegativeTest:test_attach_volumes_with_nonexistent_volume_id): 404 GET http://[LB_IP_ADDRESS]:8774/v2.1/servers/dd0cab9d-1573-48a4-a25c-cb1b25bee729 0.043s
2024-06-10 19:17:02,847 23526 DEBUG    [tempest.lib.common.rest_client] Request - Headers: {'Content-Type': 'application/json', 'Accept': 'application/json', 'X-Auth-Token': '<omitted>'}
        Body: None
    Response - Headers: {'date': 'Mon, 10 Jun 2024 19:17:02 GMT', 'server': 'Apache/2.4.52 (Ubuntu)', 'content-length': '111', 'openstack-api-version': 'compute 2.1', 'x-openstack-nova-api-version': '2.1', 'vary': 'OpenStack-API-Version,X-OpenStack-Nova-API-Version', 'x-openstack-request-id': 'req-c286572c-6fe0-42ac-99b0-98516d2f717b', 'x-compute-request-id': 'req-c286572c-6fe0-42ac-99b0-98516d2f717b', 'connection': 'close', 'content-type': 'application/json; charset=UTF-8', 'status': '404', 'content-location': 'http://[LB_IP_ADDRESS]:8774/v2.1/servers/dd0cab9d-1573-48a4-a25c-cb1b25bee729'}
        Body: b'{"itemNotFound": {"code": 404, "message": "Instance dd0cab9d-1573-48a4-a25c-cb1b25bee729 could not be found."}}'



======
Totals
======
Ran: 204 tests in 210.5248 sec.
 - Passed: 193
 - Skipped: 10
 - Expected Fail: 0
 - Unexpected Success: 0
 - Failed: 1
Sum of execute time for each test: 285.1046 sec.

==============
Worker Balance
==============
 - Worker 0 (83 tests) => 0:03:30.523736
 - Worker 1 (63 tests) => 0:03:10.712271
 - Worker 2 (58 tests) => 0:03:27.678255
