{2} setUpClass (tempest.api.compute.volumes.test_attach_volume.AttachVolumeMultiAttachTest) ... SKIPPED: Neutron is not available
{2} tempest.api.compute.volumes.test_volumes_negative.VolumesNegativeTest.test_create_volume_with_invalid_size [0.444821s] ... ok
{2} tempest.api.compute.volumes.test_volumes_negative.VolumesNegativeTest.test_create_volume_with_size_zero [0.016963s] ... ok
{2} tempest.api.compute.volumes.test_volumes_negative.VolumesNegativeTest.test_create_volume_without_passing_size [0.018858s] ... ok
{2} tempest.api.compute.volumes.test_volumes_negative.VolumesNegativeTest.test_delete_invalid_volume_id [0.429157s] ... ok
{2} tempest.api.compute.volumes.test_volumes_negative.VolumesNegativeTest.test_delete_volume_without_passing_volume_id [0.013598s] ... ok
{2} tempest.api.compute.volumes.test_volumes_negative.VolumesNegativeTest.test_get_volume_without_passing_volume_id [0.012426s] ... ok
{2} tempest.api.compute.volumes.test_volumes_negative.VolumesNegativeTest.test_volume_delete_nonexistent_volume_id [0.055040s] ... ok
{2} tempest.api.compute.volumes.test_volumes_negative.VolumesNegativeTest.test_volume_get_nonexistent_volume_id [1.080554s] ... ok
{0} tempest.api.compute.volumes.test_volumes_get.VolumesGetTestJSON.test_volume_create_get_delete [3.549892s] ... ok
{2} tempest.api.volume.admin.test_backends_capabilities.BackendsCapabilitiesAdminTestsJSON.test_compare_volume_stats_values [1.074240s] ... ok
{1} tempest.api.compute.volumes.test_volume_snapshots.VolumesSnapshotsTestJSON.test_volume_snapshot_create_get_list_delete [7.298879s] ... ok
{1} setUpClass (tempest.api.volume.admin.test_encrypted_volumes_extend.EncryptedVolumesExtendAttachedTest) ... SKIPPED: EncryptedVolumesExtendAttachedTest skipped as Neutron is not available
{2} tempest.api.volume.admin.test_backends_capabilities.BackendsCapabilitiesAdminTestsJSON.test_get_capabilities_backend [0.539206s] ... ok
{1} tempest.api.volume.admin.test_group_type_specs.GroupTypeSpecsTest.test_group_type_specs_create_show_update_list_delete [0.473720s] ... ok
{1} tempest.api.volume.admin.test_groups.GroupsV320Test.test_reset_group_status [2.839140s] ... ok
{0} tempest.api.compute.volumes.test_volumes_list.VolumesTestJSON.test_volume_list [0.061758s] ... ok
{0} tempest.api.compute.volumes.test_volumes_list.VolumesTestJSON.test_volume_list_param_limit [0.064333s] ... ok
{0} tempest.api.compute.volumes.test_volumes_list.VolumesTestJSON.test_volume_list_param_offset_and_limit [0.121304s] ... ok
{0} tempest.api.compute.volumes.test_volumes_list.VolumesTestJSON.test_volume_list_with_detail_param_limit [0.058943s] ... ok
{0} tempest.api.compute.volumes.test_volumes_list.VolumesTestJSON.test_volume_list_with_detail_param_offset_and_limit [0.130133s] ... ok
{0} tempest.api.compute.volumes.test_volumes_list.VolumesTestJSON.test_volume_list_with_details [0.060858s] ... ok
{2} tempest.api.volume.admin.test_group_snapshots.GroupSnapshotsV319Test.test_reset_group_snapshot_status [9.801790s] ... ok
{1} tempest.api.volume.admin.test_snapshots_actions.SnapshotsActionsTest.test_reset_snapshot_status [0.245498s] ... ok
{2} tempest.api.volume.admin.test_user_messages.UserMessagesTest.test_delete_message [1.775632s] ... ok
{2} tempest.api.volume.admin.test_user_messages.UserMessagesTest.test_list_show_messages [1.638413s] ... ok
{1} tempest.api.volume.admin.test_snapshots_actions.SnapshotsActionsTest.test_snapshot_force_delete_when_snapshot_is_creating [3.432733s] ... ok
{2} tempest.api.volume.admin.test_volume_hosts.VolumeHostsAdminTestsJSON.test_list_hosts [0.139442s] ... ok
{2} tempest.api.volume.admin.test_volume_hosts.VolumeHostsAdminTestsJSON.test_show_host [0.113989s] ... ok
{1} tempest.api.volume.admin.test_snapshots_actions.SnapshotsActionsTest.test_snapshot_force_delete_when_snapshot_is_deleting [3.410556s] ... ok
{2} tempest.api.volume.admin.test_volume_quotas.VolumeQuotasAdminTestJSON.test_delete_quota [0.274337s] ... ok
{2} tempest.api.volume.admin.test_volume_quotas.VolumeQuotasAdminTestJSON.test_list_default_quotas [0.038453s] ... ok
{2} tempest.api.volume.admin.test_volume_quotas.VolumeQuotasAdminTestJSON.test_list_quotas [0.043994s] ... ok
{1} tempest.api.volume.admin.test_snapshots_actions.SnapshotsActionsTest.test_snapshot_force_delete_when_snapshot_is_error [3.449908s] ... ok
{0} tempest.api.volume.admin.test_group_snapshots.GroupSnapshotsTest.test_create_group_from_group_snapshot [12.881868s] ... ok
{1} tempest.api.volume.admin.test_snapshots_actions.SnapshotsActionsTest.test_snapshot_force_delete_when_snapshot_is_error_deleting [3.476167s] ... ok
{2} tempest.api.volume.admin.test_volume_quotas.VolumeQuotasAdminTestJSON.test_quota_usage [3.685675s] ... ok
{1} tempest.api.volume.admin.test_snapshots_actions.SnapshotsActionsTest.test_update_snapshot_status [0.190886s] ... ok
{1} setUpClass (tempest.api.volume.admin.test_volume_manage.VolumeManageAdminTest) ... SKIPPED: Manage volume tests are disabled
{2} tempest.api.volume.admin.test_volume_quotas.VolumeQuotasAdminTestJSON.test_quota_usage_after_volume_transfer [4.666505s] ... ok
{2} tempest.api.volume.admin.test_volume_quotas.VolumeQuotasAdminTestJSON.test_show_quota_usage [0.048454s] ... ok
{2} tempest.api.volume.admin.test_volume_quotas.VolumeQuotasAdminTestJSON.test_update_all_quota_resources_for_tenant [0.215402s] ... ok
{1} tempest.api.volume.admin.test_volume_pools.VolumePoolsAdminTestsJSON.test_get_pools_without_details [0.641344s] ... ok
{2} tempest.api.volume.admin.test_volume_services_negative.VolumeServicesNegativeTest.test_disable_log_reason_with_no_reason [0.016232s] ... ok
{2} tempest.api.volume.admin.test_volume_services_negative.VolumeServicesNegativeTest.test_disable_service_with_invalid_binary [0.025434s] ... ok
{2} tempest.api.volume.admin.test_volume_services_negative.VolumeServicesNegativeTest.test_enable_service_with_invalid_host [0.029681s] ... ok
{2} tempest.api.volume.admin.test_volume_services_negative.VolumeServicesNegativeTest.test_freeze_host_with_invalid_host [0.022449s] ... ok
{2} tempest.api.volume.admin.test_volume_services_negative.VolumeServicesNegativeTest.test_thaw_host_with_invalid_host [0.024997s] ... ok
{1} tempest.api.volume.admin.test_volume_quota_classes.VolumeQuotaClassesTest.test_show_default_quota [0.138668s] ... ok
{1} tempest.api.volume.admin.test_volume_quota_classes.VolumeQuotaClassesTest.test_update_default_quota [0.605779s] ... ok
{2} tempest.api.volume.admin.test_volume_type_access.VolumeTypesAccessTest.test_volume_type_access_list [0.312526s] ... ok
{0} tempest.api.volume.admin.test_group_snapshots.GroupSnapshotsTest.test_delete_group_snapshots_following_updated_volumes [16.490601s] ... ok
{1} tempest.api.volume.admin.test_volume_quotas_negative.VolumeQuotasNegativeTestJSON.test_quota_volume_gigabytes [0.168808s] ... ok
{1} tempest.api.volume.admin.test_volume_quotas_negative.VolumeQuotasNegativeTestJSON.test_quota_volumes [0.168453s] ... ok
{1} tempest.api.volume.admin.test_volume_quotas_negative.VolumeQuotasNegativeTestJSON.test_volume_extend_gigabytes_quota_deviation [0.143280s] ... ok
{2} tempest.api.volume.admin.test_volume_types.VolumeTypesTest.test_volume_type_create_get_delete [0.248718s] ... ok
{2} tempest.api.volume.admin.test_volume_types.VolumeTypesTest.test_volume_type_encryption_create_get_update_delete [0.345365s] ... ok
{2} tempest.api.volume.admin.test_volume_types.VolumeTypesTest.test_volume_type_list [0.031008s] ... ok
{2} tempest.api.volume.admin.test_volume_types.VolumeTypesTest.test_volume_type_update [0.198756s] ... ok
{2} tempest.api.volume.test_extensions.ExtensionsTestJSON.test_list_extensions [0.130101s] ... ok
{0} tempest.api.volume.admin.test_group_snapshots.GroupSnapshotsTest.test_group_snapshot_create_show_list_delete [8.556789s] ... ok
{1} tempest.api.volume.admin.test_volume_retype.VolumeRetypeWithoutMigrationTest.test_available_volume_retype [4.951606s] ... ok
{0} tempest.api.volume.admin.test_group_types.GroupTypesTest.test_group_type_create_list_update_show_delete [0.312687s] ... ok
{0} tempest.api.volume.admin.test_group_types.GroupTypesTest.test_group_type_list_by_optional_params [0.217364s] ... ok
{2} tempest.api.volume.test_image_metadata.VolumesImageMetadata.test_update_show_delete_image_metadata [0.197854s] ... ok
{1} tempest.api.volume.admin.test_volume_snapshot_quotas_negative.VolumeSnapshotQuotasNegativeTestJSON.test_quota_volume_gigabytes_snapshots [0.201843s] ... ok
{1} tempest.api.volume.admin.test_volume_snapshot_quotas_negative.VolumeSnapshotQuotasNegativeTestJSON.test_quota_volume_snapshots [0.047277s] ... ok
{0} tempest.api.volume.admin.test_groups.GroupsTest.test_group_create_show_list_delete [7.646980s] ... ok
{1} tempest.api.volume.admin.test_volume_types_extra_specs_negative.ExtraSpecsNegativeTest.test_create_invalid_body [0.023108s] ... ok
{1} tempest.api.volume.admin.test_volume_types_extra_specs_negative.ExtraSpecsNegativeTest.test_create_none_body [0.019461s] ... ok
{1} tempest.api.volume.admin.test_volume_types_extra_specs_negative.ExtraSpecsNegativeTest.test_create_nonexistent_type_id [0.047316s] ... ok
{1} tempest.api.volume.admin.test_volume_types_extra_specs_negative.ExtraSpecsNegativeTest.test_delete_nonexistent_volume_type_id [0.029037s] ... ok
{1} tempest.api.volume.admin.test_volume_types_extra_specs_negative.ExtraSpecsNegativeTest.test_get_nonexistent_extra_spec_name [0.031387s] ... ok
{1} tempest.api.volume.admin.test_volume_types_extra_specs_negative.ExtraSpecsNegativeTest.test_get_nonexistent_volume_type_id [0.015462s] ... ok
{1} tempest.api.volume.admin.test_volume_types_extra_specs_negative.ExtraSpecsNegativeTest.test_list_nonexistent_volume_type_id [0.021155s] ... ok
{1} tempest.api.volume.admin.test_volume_types_extra_specs_negative.ExtraSpecsNegativeTest.test_update_multiple_extra_spec [0.020123s] ... ok
{1} tempest.api.volume.admin.test_volume_types_extra_specs_negative.ExtraSpecsNegativeTest.test_update_no_body [0.019556s] ... ok
{1} tempest.api.volume.admin.test_volume_types_extra_specs_negative.ExtraSpecsNegativeTest.test_update_none_extra_spec_id [0.034787s] ... ok
{1} tempest.api.volume.admin.test_volume_types_extra_specs_negative.ExtraSpecsNegativeTest.test_update_nonexistent_extra_spec_id [0.043731s] ... ok
{1} tempest.api.volume.admin.test_volume_types_extra_specs_negative.ExtraSpecsNegativeTest.test_update_nonexistent_type_id [0.045367s] ... ok
{1} setUpClass (tempest.api.volume.admin.test_volumes_actions.VolumesActionsTest) ... SKIPPED: VolumesActionsTest skipped as Neutron is not available
{2} tempest.api.volume.test_volume_delete_cascade.VolumesDeleteCascade.test_volume_delete_cascade [8.102056s] ... ok
{0} tempest.api.volume.admin.test_groups.GroupsTest.test_group_update [9.789701s] ... ok
{2} tempest.api.volume.test_volume_delete_cascade.VolumesDeleteCascade.test_volume_from_snapshot_cascade_delete [9.232537s] ... ok
{1} tempest.api.volume.admin.test_volumes_list.VolumesListAdminTestJSON.test_volume_list_param_tenant [2.498990s] ... ok
{2} tempest.api.volume.test_volume_metadata.VolumesMetadataTest.test_crud_volume_metadata [0.270781s] ... ok
{2} tempest.api.volume.test_volume_metadata.VolumesMetadataTest.test_update_show_volume_metadata_item [0.183737s] ... ok
{0} tempest.api.volume.admin.test_groups.GroupsV314Test.test_create_group_from_group [10.552844s] ... ok
{0} setUpClass (tempest.api.volume.admin.test_multi_backend.VolumeMultiBackendTest) ... SKIPPED: Cinder multi-backend feature disabled
{1} tempest.api.volume.test_snapshot_metadata.SnapshotMetadataTestJSON.test_crud_snapshot_metadata [0.253796s] ... ok
{1} tempest.api.volume.test_snapshot_metadata.SnapshotMetadataTestJSON.test_update_show_snapshot_metadata_item [0.205800s] ... ok
{0} tempest.api.volume.admin.test_qos.QosSpecsTestJSON.test_associate_disassociate_qos [0.556722s] ... ok
{0} tempest.api.volume.admin.test_qos.QosSpecsTestJSON.test_create_delete_qos_with_back_end_consumer [0.169862s] ... ok
{0} tempest.api.volume.admin.test_qos.QosSpecsTestJSON.test_create_delete_qos_with_both_consumer [0.163233s] ... ok
{0} tempest.api.volume.admin.test_qos.QosSpecsTestJSON.test_create_delete_qos_with_front_end_consumer [0.155989s] ... ok
{0} tempest.api.volume.admin.test_qos.QosSpecsTestJSON.test_get_qos [0.028820s] ... ok
{0} tempest.api.volume.admin.test_qos.QosSpecsTestJSON.test_list_qos [0.017041s] ... ok
{0} tempest.api.volume.admin.test_qos.QosSpecsTestJSON.test_set_unset_qos_key [0.156187s] ... ok
{0} setUpClass (tempest.api.volume.admin.test_snapshot_manage.SnapshotManageAdminTest) ... SKIPPED: SnapshotManageAdminTest skipped as Neutron is not available
{0} setUpClass (tempest.api.volume.admin.test_volume_retype.VolumeRetypeWithMigrationTest) ... SKIPPED: Cinder multi-backend feature disabled
{0} tempest.api.volume.admin.test_volume_services.VolumesServicesTestJSON.test_get_service_by_host_name [0.028973s] ... ok
{0} tempest.api.volume.admin.test_volume_services.VolumesServicesTestJSON.test_get_service_by_service_and_host_name [0.042112s] ... ok
{0} tempest.api.volume.admin.test_volume_services.VolumesServicesTestJSON.test_get_service_by_service_binary_name [0.027587s] ... ok
{0} tempest.api.volume.admin.test_volume_services.VolumesServicesTestJSON.test_get_service_by_volume_host_name [2.669949s] ... ok
{0} tempest.api.volume.admin.test_volume_services.VolumesServicesTestJSON.test_list_services [0.028840s] ... ok
{0} tempest.api.volume.admin.test_volume_types_extra_specs.VolumeTypesExtraSpecsTest.test_volume_type_extra_spec_create_get_delete [0.160456s] ... ok
{0} tempest.api.volume.admin.test_volume_types_extra_specs.VolumeTypesExtraSpecsTest.test_volume_type_extra_specs_list [0.077838s] ... ok
{0} tempest.api.volume.admin.test_volume_types_extra_specs.VolumeTypesExtraSpecsTest.test_volume_type_extra_specs_update [0.197843s] ... ok
{2} tempest.api.volume.test_volumes_clone.VolumesCloneTest.test_create_from_bootable_volume [15.106272s] ... ok
{1} tempest.api.volume.test_volume_transfers.VolumesTransfersTest.test_create_get_list_accept_volume_transfer [4.936708s] ... ok
{0} tempest.api.volume.admin.test_volume_types_negative.VolumeTypesNegativeTest.test_create_volume_type_encryption_nonexistent_type_id [0.160664s] ... ok
{0} tempest.api.volume.admin.test_volume_types_negative.VolumeTypesNegativeTest.test_create_with_empty_name [0.014896s] ... ok
{0} tempest.api.volume.admin.test_volume_types_negative.VolumeTypesNegativeTest.test_create_with_repeated_name [0.136120s] ... ok
{0} tempest.api.volume.admin.test_volume_types_negative.VolumeTypesNegativeTest.test_delete_nonexistent_type_id [0.020335s] ... ok
{0} tempest.api.volume.admin.test_volume_types_negative.VolumeTypesNegativeTest.test_get_nonexistent_type_id [0.012985s] ... ok
{1} tempest.api.volume.test_volume_transfers.VolumesTransfersTest.test_create_list_delete_volume_transfer [3.694017s] ... ok
{0} tempest.api.volume.test_availability_zone.AvailabilityZoneTestJSON.test_get_availability_zone_list [0.121462s] ... ok
{0} tempest.api.volume.test_versions.VersionsTest.test_list_versions [0.015176s] ... ok
{0} tempest.api.volume.test_versions.VersionsTest.test_show_version [0.137505s] ... ok
{2} tempest.api.volume.test_volumes_clone.VolumesCloneTest.test_create_from_volume [8.100699s] ... ok
{2} setUpClass (tempest.api.volume.test_volumes_extend.VolumesExtendAttachedTest) ... SKIPPED: VolumesExtendAttachedTest skipped as Neutron is not available
{0} tempest.api.volume.test_volume_absolute_limits.AbsoluteLimitsTests.test_get_volume_absolute_limits [0.049092s] ... ok
{1} tempest.api.volume.test_volumes_get.VolumesGetTest.test_volume_create_get_update_delete [7.224324s] ... ok
{2} tempest.api.volume.test_volumes_extend.VolumesExtendTest.test_volume_extend [12.363187s] ... ok
{0} tempest.api.volume.test_volume_transfers.VolumesTransfersV355Test.test_create_get_list_accept_volume_transfer [4.940665s] ... ok
{0} tempest.api.volume.test_volume_transfers.VolumesTransfersV355Test.test_create_list_delete_volume_transfer [3.736178s] ... ok
{1} tempest.api.volume.test_volumes_get.VolumesGetTest.test_volume_create_get_update_delete_as_clone [14.060084s] ... ok
{2} tempest.api.volume.test_volumes_extend.VolumesExtendTest.test_volume_extend_when_volume_has_snapshot [7.975655s] ... ok
{0} tempest.api.volume.test_volume_transfers.VolumesTransfersV357Test.test_create_get_list_accept_volume_transfer [4.804247s] ... ok
{2} tempest.api.volume.test_volumes_list.VolumesListTestJSON.test_volume_list [0.033966s] ... ok
{2} tempest.api.volume.test_volumes_list.VolumesListTestJSON.test_volume_list_by_name [0.023790s] ... ok
{2} tempest.api.volume.test_volumes_list.VolumesListTestJSON.test_volume_list_details_by_name [0.045562s] ... ok
{2} tempest.api.volume.test_volumes_list.VolumesListTestJSON.test_volume_list_details_pagination [0.220488s] ... ok
{2} tempest.api.volume.test_volumes_list.VolumesListTestJSON.test_volume_list_details_with_multiple_params [0.105738s] ... ok
{2} tempest.api.volume.test_volumes_list.VolumesListTestJSON.test_volume_list_pagination [0.155817s] ... ok
{2} tempest.api.volume.test_volumes_list.VolumesListTestJSON.test_volume_list_param_display_name_and_status [0.035130s] ... ok
{2} tempest.api.volume.test_volumes_list.VolumesListTestJSON.test_volume_list_with_detail_param_display_name_and_status [0.043129s] ... ok
{2} tempest.api.volume.test_volumes_list.VolumesListTestJSON.test_volume_list_with_detail_param_marker [0.055318s] ... ok
{0} tempest.api.volume.test_volume_transfers.VolumesTransfersV357Test.test_create_list_delete_volume_transfer [3.723933s] ... ok
{2} tempest.api.volume.test_volumes_list.VolumesListTestJSON.test_volume_list_with_detail_param_metadata [0.055809s] ... ok
{2} tempest.api.volume.test_volumes_list.VolumesListTestJSON.test_volume_list_with_details [0.051456s] ... ok
{2} tempest.api.volume.test_volumes_list.VolumesListTestJSON.test_volume_list_with_param_metadata [0.038469s] ... ok
{2} tempest.api.volume.test_volumes_list.VolumesListTestJSON.test_volumes_list_by_availability_zone [0.071396s] ... ok
{2} tempest.api.volume.test_volumes_list.VolumesListTestJSON.test_volumes_list_by_bootable [0.068748s] ... ok
{2} tempest.api.volume.test_volumes_list.VolumesListTestJSON.test_volumes_list_by_status [0.065836s] ... ok
{2} tempest.api.volume.test_volumes_list.VolumesListTestJSON.test_volumes_list_details_by_availability_zone [0.051131s] ... ok
{2} tempest.api.volume.test_volumes_list.VolumesListTestJSON.test_volumes_list_details_by_bootable [0.053153s] ... ok
{2} tempest.api.volume.test_volumes_list.VolumesListTestJSON.test_volumes_list_details_by_status [0.051743s] ... ok
{0} setUpClass (tempest.api.volume.test_volumes_actions.VolumesActionsTest) ... SKIPPED: VolumesActionsTest skipped as Neutron is not available
{1} tempest.api.volume.test_volumes_get.VolumesGetTest.test_volume_create_get_update_delete_from_image [13.485836s] ... ok
{1} tempest.api.volume.test_volumes_get.VolumesSummaryTest.test_show_volume_summary [0.098336s] ... ok
{2} setUpClass (tempest.api.volume.test_volumes_snapshots.VolumesSnapshotTestJSON) ... SKIPPED: VolumesSnapshotTestJSON skipped as Neutron is not available
{0} tempest.api.volume.test_volumes_clone_negative.VolumesCloneNegativeTest.test_create_from_volume_decreasing_size [3.633498s] ... ok
{2} tempest.api.volume.test_volumes_snapshots_negative.VolumesSnapshotNegativeTestJSON.test_create_snapshot_with_nonexistent_volume_id [0.133616s] ... ok
{2} tempest.api.volume.test_volumes_snapshots_negative.VolumesSnapshotNegativeTestJSON.test_create_snapshot_without_passing_volume_id [0.028443s] ... ok
{2} tempest.api.volume.test_volumes_snapshots_negative.VolumesSnapshotNegativeTestJSON.test_list_snapshot_invalid_param_limit [0.011308s] ... ok
{2} tempest.api.volume.test_volumes_snapshots_negative.VolumesSnapshotNegativeTestJSON.test_list_snapshots_invalid_param_marker [0.024627s] ... ok
{2} tempest.api.volume.test_volumes_snapshots_negative.VolumesSnapshotNegativeTestJSON.test_list_snapshots_invalid_param_sort [0.018239s] ... ok
{2} tempest.api.volume.test_volumes_snapshots_negative.VolumesSnapshotNegativeTestJSON.test_volume_from_snapshot_decreasing_size [6.863853s] ... ok
{0} tempest.api.volume.test_volumes_snapshots_list.VolumesSnapshotListTestJSON.test_snapshot_list_param_limit [0.034601s] ... ok
{0} tempest.api.volume.test_volumes_snapshots_list.VolumesSnapshotListTestJSON.test_snapshot_list_param_limit_equals_infinite [0.061172s] ... ok
{0} tempest.api.volume.test_volumes_snapshots_list.VolumesSnapshotListTestJSON.test_snapshot_list_param_limit_equals_zero [0.026668s] ... ok
{0} tempest.api.volume.test_volumes_snapshots_list.VolumesSnapshotListTestJSON.test_snapshot_list_param_marker [0.062260s] ... ok
{0} tempest.api.volume.test_volumes_snapshots_list.VolumesSnapshotListTestJSON.test_snapshot_list_param_offset [0.029443s] ... ok
{0} tempest.api.volume.test_volumes_snapshots_list.VolumesSnapshotListTestJSON.test_snapshot_list_param_sort_created_at_asc [0.024760s] ... ok
{0} tempest.api.volume.test_volumes_snapshots_list.VolumesSnapshotListTestJSON.test_snapshot_list_param_sort_created_at_desc [0.028407s] ... ok
{0} tempest.api.volume.test_volumes_snapshots_list.VolumesSnapshotListTestJSON.test_snapshot_list_param_sort_id_asc [0.029814s] ... ok
{0} tempest.api.volume.test_volumes_snapshots_list.VolumesSnapshotListTestJSON.test_snapshot_list_param_sort_id_desc [0.029990s] ... ok
{0} tempest.api.volume.test_volumes_snapshots_list.VolumesSnapshotListTestJSON.test_snapshot_list_param_sort_name_asc [0.030011s] ... ok
{0} tempest.api.volume.test_volumes_snapshots_list.VolumesSnapshotListTestJSON.test_snapshot_list_param_sort_name_desc [0.021665s] ... ok
{0} tempest.api.volume.test_volumes_snapshots_list.VolumesSnapshotListTestJSON.test_snapshots_list_details_with_params [0.086967s] ... ok
{0} tempest.api.volume.test_volumes_snapshots_list.VolumesSnapshotListTestJSON.test_snapshots_list_with_params [0.089084s] ... ok
{1} tempest.api.volume.test_volumes_negative.VolumesNegativeTest.test_attach_volumes_with_nonexistent_volume_id [17.344820s] ... FAILED

Captured traceback:
~~~~~~~~~~~~~~~~~~~
    Traceback (most recent call last):

      File "/usr/local/lib/python3.10/dist-packages/tempest/common/utils/__init__.py", line 65, in wrapper
    return f(*func_args, **func_kwargs)

      File "/usr/local/lib/python3.10/dist-packages/tempest/api/volume/test_volumes_negative.py", line 188, in test_attach_volumes_with_nonexistent_volume_id
    server = self.create_server()

      File "/usr/local/lib/python3.10/dist-packages/tempest/api/volume/base.py", line 270, in create_server
    body, _ = compute.create_test_server(

      File "/usr/local/lib/python3.10/dist-packages/tempest/common/compute.py", line 340, in create_test_server
    with excutils.save_and_reraise_exception():

      File "/usr/local/lib/python3.10/dist-packages/oslo_utils/excutils.py", line 227, in __exit__
    self.force_reraise()

      File "/usr/local/lib/python3.10/dist-packages/oslo_utils/excutils.py", line 200, in force_reraise
    raise self.value

      File "/usr/local/lib/python3.10/dist-packages/tempest/common/compute.py", line 323, in create_test_server
    server = waiters.wait_for_server_status(

      File "/usr/local/lib/python3.10/dist-packages/tempest/common/waiters.py", line 80, in wait_for_server_status
    raise exceptions.BuildErrorException(details, server_id=server_id)

    tempest.exceptions.BuildErrorException: Server ea38c68a-df0f-461c-a94b-ed05db506ce3 failed to build and is in ERROR status
Details: Fault: {'code': 500, 'created': '2025-01-29T13:50:49Z', 'message': 'Build of instance ea38c68a-df0f-461c-a94b-ed05db506ce3 aborted: Image b80cfd70-6556-4c17-aed0-61058bd55e62 is unacceptable: Image not in a supported format', 'details': 'Traceback (most recent call last):\n  File "/var/lib/kolla/venv/lib/python3.10/site-packages/nova/virt/images.py", line 185, in do_image_deep_inspection\n    inspector = get_image_format(path)\n  File "/var/lib/kolla/venv/lib/python3.10/site-packages/nova/virt/images.py", line 151, in get_image_format\n    if wrapper.formats:\nAttributeError: \'InspectWrapper\' object has no attribute \'formats\'\n\nDuring handling of the above exception, another exception occurred:\n\nTraceback (most recent call last):\n  File "/var/lib/kolla/venv/lib/python3.10/site-packages/nova/compute/manager.py", line 2648, in _build_and_run_instance\n    self.driver.spawn(context, instance, image_meta,\n  File "/var/lib/kolla/venv/lib/python3.10/site-packages/nova/virt/libvirt/driver.py", line 4791, in spawn\n    created_instance_dir, created_disks = self._create_image(\n  File "/var/lib/kolla/venv/lib/python3.10/site-packages/nova/virt/libvirt/driver.py", line 5202, in _create_image\n    created_disks = self._create_and_inject_local_root(\n  File "/var/lib/kolla/venv/lib/python3.10/site-packages/nova/virt/libvirt/driver.py", line 5331, in _create_and_inject_local_root\n    self._try_fetch_image_cache(backend, fetch_func, context,\n  File "/var/lib/kolla/venv/lib/python3.10/site-packages/nova/virt/libvirt/driver.py", line 11597, in _try_fetch_image_cache\n    image.cache(fetch_func=fetch_func,\n  File "/var/lib/kolla/venv/lib/python3.10/site-packages/nova/virt/libvirt/imagebackend.py", line 304, in cache\n    self.create_image(\n  File "/var/lib/kolla/venv/lib/python3.10/site-packages/nova/virt/libvirt/imagebackend.py", line 682, in create_image\n    prepare_template(target=base, *args, **kwargs)\n  File "/var/lib/kolla/venv/lib/python3.10/site-packages/oslo_concurrency/lockutils.py", line 412, in inner\n    return f(*args, **kwargs)\n  File "/var/lib/kolla/venv/lib/python3.10/site-packages/nova/virt/libvirt/imagebackend.py", line 301, in fetch_func_sync\n    fetch_func(target=target, *args, **kwargs)\n  File "/var/lib/kolla/venv/lib/python3.10/site-packages/nova/virt/libvirt/utils.py", line 495, in fetch_image\n    images.fetch_to_raw(context, image_id, target, trusted_certs)\n  File "/var/lib/kolla/venv/lib/python3.10/site-packages/nova/virt/images.py", line 235, in fetch_to_raw\n    force_format = do_image_deep_inspection(img, image_href, path_tmp)\n  File "/var/lib/kolla/venv/lib/python3.10/site-packages/nova/virt/images.py", line 216, in do_image_deep_inspection\n    raise exception.ImageUnacceptable(\nnova.exception.ImageUnacceptable: Image b80cfd70-6556-4c17-aed0-61058bd55e62 is unacceptable: Image not in a supported format\n\nDuring handling of the above exception, another exception occurred:\n\nTraceback (most recent call last):\n  File "/var/lib/kolla/venv/lib/python3.10/site-packages/nova/compute/manager.py", line 2463, in _do_build_and_run_instance\n    self._build_and_run_instance(context, instance, image,\n  File "/var/lib/kolla/venv/lib/python3.10/site-packages/nova/compute/manager.py", line 2733, in _build_and_run_instance\n    raise exception.BuildAbortException(instance_uuid=instance.uuid,\nnova.exception.BuildAbortException: Build of instance ea38c68a-df0f-461c-a94b-ed05db506ce3 aborted: Image b80cfd70-6556-4c17-aed0-61058bd55e62 is unacceptable: Image not in a supported format\n'}. Request ID of server operation performed before checking the server status req-4a685847-1f2d-4615-a7dc-97a757cf4d7f.


Captured pythonlogging:
~~~~~~~~~~~~~~~~~~~~~~~
    2025-01-29 13:50:33,243 11053 INFO     [tempest.lib.common.rest_client] Request (VolumesNegativeTest:test_attach_volumes_with_nonexistent_volume_id): 201 POST http://controller:5000/v3/auth/tokens 0.353s
2025-01-29 13:50:33,244 11053 DEBUG    [tempest.lib.common.rest_client] Request - Headers: {'Content-Type': 'application/json', 'Accept': 'application/json'}
        Body: <omitted>
    Response - Headers: {'date': 'Wed, 29 Jan 2025 13:50:32 GMT', 'server': 'Apache', 'content-length': '3305', 'x-subject-token': '<omitted>', 'vary': 'X-Auth-Token', 'x-openstack-request-id': 'req-cbc942c6-117f-4426-88ee-dc3a4946f8d1', 'connection': 'close', 'content-type': 'application/json', 'status': '201', 'content-location': 'http://controller:5000/v3/auth/tokens'}
        Body: b'{"token": {"methods": ["password"], "user": {"domain": {"id": "default", "name": "Default"}, "id": "1fac4cb5a45f48f0b4074d1dfc2639cb", "name": "tempest-VolumesNegativeTest-714231144-project-member", "password_expires_at": null}, "audit_ids": ["l-EqQdXRQPWYzal88q0E5w"], "expires_at": "2025-01-30T13:50:33.000000Z", "issued_at": "2025-01-29T13:50:33.000000Z", "project": {"domain": {"id": "default", "name": "Default"}, "id": "08828aff86a54657beb539e8ea3c4fa5", "name": "tempest-VolumesNegativeTest-714231144"}, "is_domain": false, "roles": [{"id": "9b5414f302fc4fa5967a33a4a0a7af5f", "name": "reader"}, {"id": "b4b43a54a6b84614aa0118dc7f2219ff", "name": "admin"}, {"id": "b03f5fd51d9941bd9cdd7bd39e2a7c04", "name": "manager"}, {"id": "d41a38c9832048abb6a9dfd4dbc74cfb", "name": "member"}], "catalog": [{"endpoints": [{"id": "2d84316125d94cfd8146d5b0a63e5a09", "interface": "internal", "region_id": "RegionOne", "url": "http://[LB_IP_ADDRESS]:8774/v2.1", "region": "RegionOne"}, {"id": "9013fb75082548db9f7f93fb240e4eb5", "interface": "public", "region_id": "RegionOne", "url": "http://[LB_IP_ADDRESS]:8774/v2.1", "region": "RegionOne"}], "id": "13d3e8ca59fa4239b3c1d89ae5d18d46", "type": "compute", "name": "nova"}, {"endpoints": [{"id": "77c8e2017f43470b88628c80f150af2b", "interface": "internal", "region_id": "RegionOne", "url": "http://[LB_IP_ADDRESS]:9292", "region": "RegionOne"}, {"id": "e94bf45a1fc54e4cb799150fec3c553b", "interface": "public", "region_id": "RegionOne", "url": "http://[LB_IP_ADDRESS]:9292", "region": "RegionOne"}], "id": "90b803829c864609a11a3c5d7f5ca4eb", "type": "image", "name": "glance"}, {"endpoints": [{"id": "8b71863b3909475da0399630a257e299", "interface": "internal", "region_id": "RegionOne", "url": "http://[LB_IP_ADDRESS]:9696", "region": "RegionOne"}, {"id": "eb4192e695634cefa076525cad0faf40", "interface": "public", "region_id": "RegionOne", "url": "http://[LB_IP_ADDRESS]:9696", "region": "RegionOne"}], "id": "bf4bf859a64d4edca2a8af930c8d4870", "type": "network", "name": "neutron"}, {"endpoints": [{"id": "5b0d15dd76004491bfc44d0f148a605a", "interface": "internal", "region_id": "RegionOne", "url": "http://[LB_IP_ADDRESS]:8776/v3/08828aff86a54657beb539e8ea3c4fa5", "region": "RegionOne"}, {"id": "6b764d1b63e94e0b8f2a952fd9d43b4b", "interface": "public", "region_id": "RegionOne", "url": "http://[LB_IP_ADDRESS]:8776/v3/08828aff86a54657beb539e8ea3c4fa5", "region": "RegionOne"}], "id": "c7ce27009e2f497a8865aab4450f3a0c", "type": "volumev3", "name": "cinderv3"}, {"endpoints": [{"id": "21b3252d38cb4d2ca55bf8a344d9a093", "interface": "internal", "region_id": "RegionOne", "url": "http://[LB_IP_ADDRESS]:8780", "region": "RegionOne"}, {"id": "d9a25e3380c044b1b62ea881654ae1da", "interface": "public", "region_id": "RegionOne", "url": "http://[LB_IP_ADDRESS]:8780", "region": "RegionOne"}], "id": "e25e12f5148340b8a259bebfaaef5308", "type": "placement", "name": "placement"}, {"endpoints": [{"id": "14144c8e6cf74e2384f9070a5dae2ccc", "interface": "internal", "region_id": "RegionOne", "url": "http://[LB_IP_ADDRESS]:5000", "region": "RegionOne"}, {"id": "5d7337de6ab24e04a0c315fe8d9aa663", "interface": "public", "region_id": "RegionOne", "url": "http://[LB_IP_ADDRESS]:5000", "region": "RegionOne"}], "id": "fa7fafa7b3194e9caacbd6e67b6aaa0f", "type": "identity", "name": "keystone"}]}}'
2025-01-29 1
    3:50:33,244 11053 DEBUG    [tempest.lib.common.dynamic_creds] Creating new dynamic creds for scope: None and credential_type: admin
2025-01-29 13:50:33,306 11053 INFO     [tempest.lib.common.rest_client] Request (VolumesNegativeTest:test_attach_volumes_with_nonexistent_volume_id): 201 POST http://[LB_IP_ADDRESS]:5000/v3/projects 0.061s
2025-01-29 13:50:33,306 11053 DEBUG    [tempest.lib.common.rest_client] Request - Headers: {'Content-Type': 'application/json', 'Accept': 'application/json', 'X-Auth-Token': '<omitted>'}
        Body: {"project": {"description": "tempest-VolumesNegativeTest-1650053706-desc", "domain_id": "default", "name": "tempest-VolumesNegativeTest-1650053706"}}
    Response - Headers: {'date': 'Wed, 29 Jan 2025 13:50:33 GMT', 'server': 'Apache', 'content-length': '373', 'vary': 'X-Auth-Token', 'x-openstack-request-id': 'req-155593fe-8b21-4615-9e29-4d5978e9a299', 'connection': 'close', 'content-type': 'application/json', 'status': '201', 'content-location': 'http://[LB_IP_ADDRESS]:5000/v3/projects'}
        Body: b'{"project": {"id": "79962265dcb94570b25281374392587e", "name": "tempest-VolumesNegativeTest-1650053706", "domain_id": "default", "description": "tempest-VolumesNegativeTest-1650053706-desc", "enabled": true, "parent_id": "default", "is_domain": false, "tags": [], "options": {}, "links": {"self": "http://[LB_IP_ADDRESS]:5000/v3/projects/79962265dcb94570b25281374392587e"}}}\n'
2025-01-29 13:50:33,671 11053 INFO     [tempest.lib.common.rest_client] Request (VolumesNegativeTest:test_attach_volumes_with_nonexistent_volume_id): 201 POST http://[LB_IP_ADDRESS]:5000/v3/users 0.364s
2025-01-29 13:50:33,671 11053 DEBUG    [tempest.lib.common.rest_client] Request - Headers: {'Content-Type': 'application/json', 'Accept': 'application/json', 'X-Auth-Token': '<omitted>'}
        Body: {"user": {"name": "tempest-VolumesNegativeTest-1650053706-project-admin", "password": "D5_AUDu5b7!BdPI", "domain_id": "default"}}
    Response - Headers: {'date': 'Wed, 29 Jan 2025 13:50:33 GMT', 'server': 'Apache', 'content-length': '292', 'vary': 'X-Auth-Token', 'x-openstack-request-id': 'req-1a021035-2eb1-4097-ad88-3234ac916081', 'connection': 'close', 'content-type': 'application/json', 'status': '201', 'content-location': 'http://[LB_IP_ADDRESS]:5000/v3/users'}
        Body: b'{"user": {"id": "ad7eac544cde42ba90478a1396142b7d", "name": "tempest-VolumesNegativeTest-1650053706-project-admin", "domain_id": "default", "enabled": true, "password_expires_at": null, "options": {}, "links": {"self": "http://[LB_IP_ADDRESS]:5000/v3/users/ad7eac544cde42ba90478a1396142b7d"}}}\n'
2025-01-29 13:50:33,703 11053 INFO     [tempest.lib.common.rest_client] Request (VolumesNegativeTest:test_attach_volumes_with_nonexistent_volume_id): 200 GET http://[LB_IP_ADDRESS]:5000/v3/roles 0.031s
2025-01-29 13:50:33,703 11053 DEBUG    [tempest.lib.common.rest_client] Request - Headers: {'Content-Type': 'application/json', 'Accept': 'application/json', 'X-Auth-Token': '<omitted>'}
        Body: None
    Response - Headers: {'date': 'Wed, 29 Jan 2025 13:50:33 GMT', 'server': 'Apache', 'content-length': '1222', 'vary': 'X-Auth-Token', 'x-openstack-request-id': 'req-139f1c6b-b79d-4ce6-8457-402c0e72d528', 'connection': 'close', 'content-type': 'application/json', 'status': '200', 'content-location': 'http://[LB_IP_ADDRESS]:5000/v3/roles'}
        Body: b'{"roles": [{"id": "9b5414f302fc4fa5967a33a4a0a7af5f", "name": "reader", "domain_id": null, "description": null, "options": {"immutable": true}, "links": {"self": "http://[LB_IP_ADDRESS]:5000/v3/roles/9b5414f302fc4fa5967a33a4a0a7af5f"}}, {"id": "a862e0b380b14de0b58f51b66b64eda5", "name": "service", "domain_id": null, "description": null, "options": {"immutable": true}, "links": {"self": "http://[LB_IP_ADDRESS]:5000/v3/roles/a862e0b380b14de0b58f51b66b64eda5"}}, {"id": "b03f5fd51d9941bd9cdd7bd39e2a7c04", "name": "manager", "domain_id": null, "description": null, "options": {"immutable": true}, "links": {"self": "http://[LB_IP_ADDRESS]:5000/v3/roles/b03f5fd51d9941bd9cdd7bd39e2a7c04"}}, {"id": "b4b43a54a6b84614aa0118dc7f2219ff", "na
    me": "admin", "domain_id": null, "description": null, "options": {"immutable": true}, "links": {"self": "http://[LB_IP_ADDRESS]:5000/v3/roles/b4b43a54a6b84614aa0118dc7f2219ff"}}, {"id": "d41a38c9832048abb6a9dfd4dbc74cfb", "name": "member", "domain_id": null, "description": null, "options": {"immutable": true}, "links": {"self": "http://[LB_IP_ADDRESS]:5000/v3/roles/d41a38c9832048abb6a9dfd4dbc74cfb"}}], "links": {"next": null, "self": "http://[LB_IP_ADDRESS]:5000/v3/roles", "previous": null}}\n'
2025-01-29 13:50:33,739 11053 INFO     [tempest.lib.common.rest_client] Request (VolumesNegativeTest:test_attach_volumes_with_nonexistent_volume_id): 204 PUT http://[LB_IP_ADDRESS]:5000/v3/projects/79962265dcb94570b25281374392587e/users/ad7eac544cde42ba90478a1396142b7d/roles/b4b43a54a6b84614aa0118dc7f2219ff 0.035s
2025-01-29 13:50:33,740 11053 DEBUG    [tempest.lib.common.rest_client] Request - Headers: {'Content-Type': 'application/json', 'Accept': 'application/json', 'X-Auth-Token': '<omitted>'}
        Body: None
    Response - Headers: {'date': 'Wed, 29 Jan 2025 13:50:33 GMT', 'server': 'Apache', 'vary': 'X-Auth-Token', 'x-openstack-request-id': 'req-e145acc4-ab53-4d7a-8f72-d0497208efd5', 'connection': 'close', 'status': '204', 'content-location': 'http://[LB_IP_ADDRESS]:5000/v3/projects/79962265dcb94570b25281374392587e/users/ad7eac544cde42ba90478a1396142b7d/roles/b4b43a54a6b84614aa0118dc7f2219ff'}
        Body: b''
2025-01-29 13:50:33,794 11053 INFO     [tempest.lib.common.rest_client] Request (VolumesNegativeTest:test_attach_volumes_with_nonexistent_volume_id): 200 GET http://[LB_IP_ADDRESS]:5000/v3/roles 0.053s
2025-01-29 13:50:33,794 11053 DEBUG    [tempest.lib.common.rest_client] Request - Headers: {'Content-Type': 'application/json', 'Accept': 'application/json', 'X-Auth-Token': '<omitted>'}
        Body: None
    Response - Headers: {'date': 'Wed, 29 Jan 2025 13:50:33 GMT', 'server': 'Apache', 'content-length': '1222', 'vary': 'X-Auth-Token', 'x-openstack-request-id': 'req-2dfffb9b-8bd1-4a7f-927f-5a1bd5c280cc', 'connection': 'close', 'content-type': 'application/json', 'status': '200', 'content-location': 'http://[LB_IP_ADDRESS]:5000/v3/roles'}
        Body: b'{"roles": [{"id": "9b5414f302fc4fa5967a33a4a0a7af5f", "name": "reader", "domain_id": null, "description": null, "options": {"immutable": true}, "links": {"self": "http://[LB_IP_ADDRESS]:5000/v3/roles/9b5414f302fc4fa5967a33a4a0a7af5f"}}, {"id": "a862e0b380b14de0b58f51b66b64eda5", "name": "service", "domain_id": null, "description": null, "options": {"immutable": true}, "links": {"self": "http://[LB_IP_ADDRESS]:5000/v3/roles/a862e0b380b14de0b58f51b66b64eda5"}}, {"id": "b03f5fd51d9941bd9cdd7bd39e2a7c04", "name": "manager", "domain_id": null, "description": null, "options": {"immutable": true}, "links": {"self": "http://[LB_IP_ADDRESS]:5000/v3/roles/b03f5fd51d9941bd9cdd7bd39e2a7c04"}}, {"id": "b4b43a54a6b84614aa0118dc7f2219ff", "name": "admin", "domain_id": null, "description": null, "options": {"immutable": true}, "links": {"self": "http://[LB_IP_ADDRESS]:5000/v3/roles/b4b43a54a6b84614aa0118dc7f2219ff"}}, {"id": "d41a38c9832048abb6a9dfd4dbc74cfb", "name": "member", "domain_id": null, "description": null, "options": {"immutable": true}, "links": {"self": "http://[LB_IP_ADDRESS]:5000/v3/roles/d41a38c9832048abb6a9dfd4dbc74cfb"}}], "links": {"next": null, "self": "http://[LB_IP_ADDRESS]:5000/v3/roles", "previous": null}}\n'
2025-01-29 13:50:33,824 11053 INFO     [tempest.lib.common.rest_client] Request (VolumesNegativeTest:test_attach_volumes_with_nonexistent_volume_id): 204 PUT http://[LB_IP_ADDRESS]:5000/v3/domains/default/users/ad7eac544cde42ba90478a1396142b7d/roles/b4b43a54a6b84614aa0118dc7f2219ff 0.029s
2025-01-29 13:50:33,824 11053 DEBUG    [tempest.lib.common.rest_client] Request - Headers: {'Content-Type': 'application/json', 'Accept': 'application/json', 'X-Auth-Token': '<omitted>'}
        Body: None
    Response - Headers: {'date': 'Wed, 29 Jan 2025 13:50:33 GMT', 'server': 'Apache', 'vary': 'X-Auth-Token', 'x-openstack-request-id': 'req-8d043749-2896-40a9-85e3-84903a1d3648', 'connection
    ': 'close', 'status': '204', 'content-location': 'http://[LB_IP_ADDRESS]:5000/v3/domains/default/users/ad7eac544cde42ba90478a1396142b7d/roles/b4b43a54a6b84614aa0118dc7f2219ff'}
        Body: b''
2025-01-29 13:50:33,880 11053 INFO     [tempest.lib.common.rest_client] Request (VolumesNegativeTest:test_attach_volumes_with_nonexistent_volume_id): 200 GET http://[LB_IP_ADDRESS]:5000/v3/roles 0.055s
2025-01-29 13:50:33,880 11053 DEBUG    [tempest.lib.common.rest_client] Request - Headers: {'Content-Type': 'application/json', 'Accept': 'application/json', 'X-Auth-Token': '<omitted>'}
        Body: None
    Response - Headers: {'date': 'Wed, 29 Jan 2025 13:50:33 GMT', 'server': 'Apache', 'content-length': '1222', 'vary': 'X-Auth-Token', 'x-openstack-request-id': 'req-2f78c8e1-99be-41e1-aa11-c698eb489187', 'connection': 'close', 'content-type': 'application/json', 'status': '200', 'content-location': 'http://[LB_IP_ADDRESS]:5000/v3/roles'}
        Body: b'{"roles": [{"id": "9b5414f302fc4fa5967a33a4a0a7af5f", "name": "reader", "domain_id": null, "description": null, "options": {"immutable": true}, "links": {"self": "http://[LB_IP_ADDRESS]:5000/v3/roles/9b5414f302fc4fa5967a33a4a0a7af5f"}}, {"id": "a862e0b380b14de0b58f51b66b64eda5", "name": "service", "domain_id": null, "description": null, "options": {"immutable": true}, "links": {"self": "http://[LB_IP_ADDRESS]:5000/v3/roles/a862e0b380b14de0b58f51b66b64eda5"}}, {"id": "b03f5fd51d9941bd9cdd7bd39e2a7c04", "name": "manager", "domain_id": null, "description": null, "options": {"immutable": true}, "links": {"self": "http://[LB_IP_ADDRESS]:5000/v3/roles/b03f5fd51d9941bd9cdd7bd39e2a7c04"}}, {"id": "b4b43a54a6b84614aa0118dc7f2219ff", "name": "admin", "domain_id": null, "description": null, "options": {"immutable": true}, "links": {"self": "http://[LB_IP_ADDRESS]:5000/v3/roles/b4b43a54a6b84614aa0118dc7f2219ff"}}, {"id": "d41a38c9832048abb6a9dfd4dbc74cfb", "name": "member", "domain_id": null, "description": null, "options": {"immutable": true}, "links": {"self": "http://[LB_IP_ADDRESS]:5000/v3/roles/d41a38c9832048abb6a9dfd4dbc74cfb"}}], "links": {"next": null, "self": "http://[LB_IP_ADDRESS]:5000/v3/roles", "previous": null}}\n'
2025-01-29 13:50:33,907 11053 INFO     [tempest.lib.common.rest_client] Request (VolumesNegativeTest:test_attach_volumes_with_nonexistent_volume_id): 204 PUT http://[LB_IP_ADDRESS]:5000/v3/projects/79962265dcb94570b25281374392587e/users/ad7eac544cde42ba90478a1396142b7d/roles/b4b43a54a6b84614aa0118dc7f2219ff 0.026s
2025-01-29 13:50:33,907 11053 DEBUG    [tempest.lib.common.rest_client] Request - Headers: {'Content-Type': 'application/json', 'Accept': 'application/json', 'X-Auth-Token': '<omitted>'}
        Body: None
    Response - Headers: {'date': 'Wed, 29 Jan 2025 13:50:33 GMT', 'server': 'Apache', 'vary': 'X-Auth-Token', 'x-openstack-request-id': 'req-41e05308-8a80-4b17-a3e0-c156d6c070c8', 'connection': 'close', 'status': '204', 'content-location': 'http://[LB_IP_ADDRESS]:5000/v3/projects/79962265dcb94570b25281374392587e/users/ad7eac544cde42ba90478a1396142b7d/roles/b4b43a54a6b84614aa0118dc7f2219ff'}
        Body: b''
2025-01-29 13:50:33,958 11053 INFO     [tempest.lib.common.rest_client] Request (VolumesNegativeTest:test_attach_volumes_with_nonexistent_volume_id): 200 GET http://[LB_IP_ADDRESS]:5000/v3/roles 0.049s
2025-01-29 13:50:33,958 11053 DEBUG    [tempest.lib.common.rest_client] Request - Headers: {'Content-Type': 'application/json', 'Accept': 'application/json', 'X-Auth-Token': '<omitted>'}
        Body: None
    Response - Headers: {'date': 'Wed, 29 Jan 2025 13:50:33 GMT', 'server': 'Apache', 'content-length': '1222', 'vary': 'X-Auth-Token', 'x-openstack-request-id': 'req-d447d5b9-4d45-491a-8e19-69c998056540', 'connection': 'close', 'content-type': 'application/json', 'status': '200', 'content-location': 'http://[LB_IP_ADDRESS]:5000/v3/roles'}
        Body: b'{"roles": [{"id": "9b5414f302fc4fa5967a33a4a0a7af5f", "name": "reader", "domain_id": null, "description": null, "options": {"immutable": true}, "links": {"self": "http://[LB_IP_ADDRESS]:5000/v3/roles/9b5414f302fc4fa5967a33a4a0
    a7af5f"}}, {"id": "a862e0b380b14de0b58f51b66b64eda5", "name": "service", "domain_id": null, "description": null, "options": {"immutable": true}, "links": {"self": "http://[LB_IP_ADDRESS]:5000/v3/roles/a862e0b380b14de0b58f51b66b64eda5"}}, {"id": "b03f5fd51d9941bd9cdd7bd39e2a7c04", "name": "manager", "domain_id": null, "description": null, "options": {"immutable": true}, "links": {"self": "http://[LB_IP_ADDRESS]:5000/v3/roles/b03f5fd51d9941bd9cdd7bd39e2a7c04"}}, {"id": "b4b43a54a6b84614aa0118dc7f2219ff", "name": "admin", "domain_id": null, "description": null, "options": {"immutable": true}, "links": {"self": "http://[LB_IP_ADDRESS]:5000/v3/roles/b4b43a54a6b84614aa0118dc7f2219ff"}}, {"id": "d41a38c9832048abb6a9dfd4dbc74cfb", "name": "member", "domain_id": null, "description": null, "options": {"immutable": true}, "links": {"self": "http://[LB_IP_ADDRESS]:5000/v3/roles/d41a38c9832048abb6a9dfd4dbc74cfb"}}], "links": {"next": null, "self": "http://[LB_IP_ADDRESS]:5000/v3/roles", "previous": null}}\n'
2025-01-29 13:50:33,984 11053 INFO     [tempest.lib.common.rest_client] Request (VolumesNegativeTest:test_attach_volumes_with_nonexistent_volume_id): 204 PUT http://[LB_IP_ADDRESS]:5000/v3/projects/79962265dcb94570b25281374392587e/users/ad7eac544cde42ba90478a1396142b7d/roles/b4b43a54a6b84614aa0118dc7f2219ff 0.025s
2025-01-29 13:50:33,985 11053 DEBUG    [tempest.lib.common.rest_client] Request - Headers: {'Content-Type': 'application/json', 'Accept': 'application/json', 'X-Auth-Token': '<omitted>'}
        Body: None
    Response - Headers: {'date': 'Wed, 29 Jan 2025 13:50:33 GMT', 'server': 'Apache', 'vary': 'X-Auth-Token', 'x-openstack-request-id': 'req-b00889bb-4aa4-439f-a681-1ba70fb1633b', 'connection': 'close', 'status': '204', 'content-location': 'http://[LB_IP_ADDRESS]:5000/v3/projects/79962265dcb94570b25281374392587e/users/ad7eac544cde42ba90478a1396142b7d/roles/b4b43a54a6b84614aa0118dc7f2219ff'}
        Body: b''
2025-01-29 13:50:33,985 11053 INFO     [tempest.lib.common.dynamic_creds] Dynamic test user ad7eac544cde42ba90478a1396142b7d is created with scope project and roles: ['admin', 'admin']
2025-01-29 13:50:33,985 11053 INFO     [tempest.lib.common.dynamic_creds] Acquired dynamic creds:
 credentials: Credentials: {'domain_id': 'default', 'domain_name': 'Default', 'username': 'tempest-VolumesNegativeTest-1650053706-project-admin', 'project_domain_id': 'default', 'project_domain_name': 'Default', 'project_id': '79962265dcb94570b25281374392587e', 'project_name': 'tempest-VolumesNegativeTest-1650053706', 'tenant_id': '79962265dcb94570b25281374392587e', 'tenant_name': 'tempest-VolumesNegativeTest-1650053706', 'user_domain_id': 'default', 'user_domain_name': 'Default', 'user_id': 'ad7eac544cde42ba90478a1396142b7d', 'system': None}, Network: None, Subnet: None, Router: None
2025-01-29 13:50:33,991 11053 INFO     [tempest.lib.common.fixed_network] (VolumesNegativeTest:test_attach_volumes_with_nonexistent_volume_id) Found network None available for tenant
2025-01-29 13:50:34,210 11053 INFO     [tempest.lib.common.rest_client] Request (VolumesNegativeTest:test_attach_volumes_with_nonexistent_volume_id): 202 POST http://[LB_IP_ADDRESS]:8774/v2.1/servers 0.218s
2025-01-29 13:50:34,211 11053 DEBUG    [tempest.lib.common.rest_client] Request - Headers: {'Content-Type': 'application/json', 'Accept': 'application/json', 'X-Auth-Token': '<omitted>'}
        Body: {"server": {"name": "tempest-VolumesNegativeTest-instance-122100336", "imageRef": "b80cfd70-6556-4c17-aed0-61058bd55e62", "flavorRef": "0"}}
    Response - Headers: {'date': 'Wed, 29 Jan 2025 13:50:33 GMT', 'server': 'Apache/2.4.52 (Ubuntu)', 'content-length': '378', 'location': 'http://[LB_IP_ADDRESS]:8774/v2.1/servers/ea38c68a-df0f-461c-a94b-ed05db506ce3', 'openstack-api-version': 'compute 2.1', 'x-openstack-nova-api-version': '2.1', 'vary': 'OpenStack-API-Version,X-OpenStack-Nova-API-Version', 'x-openstack-request-id': 'req-4a685847-1f2d-4615-a7dc-97a757cf4d7f', 'x-compute-request-id': 'req-4a685847-1f2d-4615-a7dc-97a757cf4d7f', 'connection': 'close', 'content-type': 'application/json', 'sta
    tus': '202', 'content-location': 'http://[LB_IP_ADDRESS]:8774/v2.1/servers'}
        Body: b'{"server": {"id": "ea38c68a-df0f-461c-a94b-ed05db506ce3", "links": [{"rel": "self", "href": "http://[LB_IP_ADDRESS]:8774/v2.1/servers/ea38c68a-df0f-461c-a94b-ed05db506ce3"}, {"rel": "bookmark", "href": "http://[LB_IP_ADDRESS]:8774/servers/ea38c68a-df0f-461c-a94b-ed05db506ce3"}], "OS-DCF:diskConfig": "MANUAL", "security_groups": [{"name": "default"}], "adminPass": "dJvYaakBRVU9"}}'
2025-01-29 13:50:34,277 11053 INFO     [tempest.lib.common.rest_client] Request (VolumesNegativeTest:test_attach_volumes_with_nonexistent_volume_id): 200 GET http://[LB_IP_ADDRESS]:8774/v2.1/servers/ea38c68a-df0f-461c-a94b-ed05db506ce3 0.063s
2025-01-29 13:50:34,277 11053 DEBUG    [tempest.lib.common.rest_client] Request - Headers: {'Content-Type': 'application/json', 'Accept': 'application/json', 'X-Auth-Token': '<omitted>'}
        Body: None
    Response - Headers: {'date': 'Wed, 29 Jan 2025 13:50:34 GMT', 'server': 'Apache/2.4.52 (Ubuntu)', 'content-length': '1318', 'openstack-api-version': 'compute 2.1', 'x-openstack-nova-api-version': '2.1', 'vary': 'OpenStack-API-Version,X-OpenStack-Nova-API-Version', 'x-openstack-request-id': 'req-0ba48439-4d61-4275-8ded-2501e062fa40', 'x-compute-request-id': 'req-0ba48439-4d61-4275-8ded-2501e062fa40', 'connection': 'close', 'content-type': 'application/json', 'status': '200', 'content-location': 'http://[LB_IP_ADDRESS]:8774/v2.1/servers/ea38c68a-df0f-461c-a94b-ed05db506ce3'}
        Body: b'{"server": {"id": "ea38c68a-df0f-461c-a94b-ed05db506ce3", "name": "tempest-VolumesNegativeTest-instance-122100336", "status": "BUILD", "tenant_id": "08828aff86a54657beb539e8ea3c4fa5", "user_id": "1fac4cb5a45f48f0b4074d1dfc2639cb", "metadata": {}, "hostId": "", "image": {"id": "b80cfd70-6556-4c17-aed0-61058bd55e62", "links": [{"rel": "bookmark", "href": "http://[LB_IP_ADDRESS]:8774/images/b80cfd70-6556-4c17-aed0-61058bd55e62"}]}, "flavor": {"id": "0", "links": [{"rel": "bookmark", "href": "http://[LB_IP_ADDRESS]:8774/flavors/0"}]}, "created": "2025-01-29T13:50:34Z", "updated": "2025-01-29T13:50:34Z", "addresses": {}, "accessIPv4": "", "accessIPv6": "", "links": [{"rel": "self", "href": "http://[LB_IP_ADDRESS]:8774/v2.1/servers/ea38c68a-df0f-461c-a94b-ed05db506ce3"}, {"rel": "bookmark", "href": "http://[LB_IP_ADDRESS]:8774/servers/ea38c68a-df0f-461c-a94b-ed05db506ce3"}], "OS-DCF:diskConfig": "MANUAL", "progress": 0, "OS-EXT-AZ:availability_zone": "", "config_drive": "", "key_name": null, "OS-SRV-USG:launched_at": null, "OS-SRV-USG:terminated_at": null, "OS-EXT-SRV-ATTR:host": null, "OS-EXT-SRV-ATTR:instance_name": "", "OS-EXT-SRV-ATTR:hypervisor_hostname": null, "OS-EXT-STS:task_state": "scheduling", "OS-EXT-STS:vm_state": "building", "OS-EXT-STS:power_state": 0, "os-extended-volumes:volumes_attached": []}}'
2025-01-29 13:50:35,395 11053 INFO     [tempest.lib.common.rest_client] Request (VolumesNegativeTest:test_attach_volumes_with_nonexistent_volume_id): 200 GET http://[LB_IP_ADDRESS]:8774/v2.1/servers/ea38c68a-df0f-461c-a94b-ed05db506ce3 0.099s
2025-01-29 13:50:35,396 11053 DEBUG    [tempest.lib.common.rest_client] Request - Headers: {'Content-Type': 'application/json', 'Accept': 'application/json', 'X-Auth-Token': '<omitted>'}
        Body: None
    Response - Headers: {'date': 'Wed, 29 Jan 2025 13:50:35 GMT', 'server': 'Apache/2.4.52 (Ubuntu)', 'content-length': '1339', 'openstack-api-version': 'compute 2.1', 'x-openstack-nova-api-version': '2.1', 'vary': 'OpenStack-API-Version,X-OpenStack-Nova-API-Version', 'x-openstack-request-id': 'req-bf5f8b8d-d433-456d-b74a-fa7d51f4897c', 'x-compute-request-id': 'req-bf5f8b8d-d433-456d-b74a-fa7d51f4897c', 'connection': 'close', 'content-type': 'application/json', 'status': '200', 'content-location': 'http://[LB_IP_ADDRESS]:8774/v2.1/servers/ea38c68a-df0f-461c-a94b-ed05db506ce3'}
        Body: b'{"server": {"id": "ea38c68a-df0f-461c-a94b-ed05db506ce3", "name": "tempest-VolumesNegativeTest-instance-122100336", "status": "BUILD", "tenant_id": "08828aff86a54657beb539e8ea3c4fa5", "user_id": "1fac4cb5a45f48f0b40
    74d1dfc2639cb", "metadata": {}, "hostId": "", "image": {"id": "b80cfd70-6556-4c17-aed0-61058bd55e62", "links": [{"rel": "bookmark", "href": "http://[LB_IP_ADDRESS]:8774/images/b80cfd70-6556-4c17-aed0-61058bd55e62"}]}, "flavor": {"id": "0", "links": [{"rel": "bookmark", "href": "http://[LB_IP_ADDRESS]:8774/flavors/0"}]}, "created": "2025-01-29T13:50:34Z", "updated": "2025-01-29T13:50:35Z", "addresses": {}, "accessIPv4": "", "accessIPv6": "", "links": [{"rel": "self", "href": "http://[LB_IP_ADDRESS]:8774/v2.1/servers/ea38c68a-df0f-461c-a94b-ed05db506ce3"}, {"rel": "bookmark", "href": "http://[LB_IP_ADDRESS]:8774/servers/ea38c68a-df0f-461c-a94b-ed05db506ce3"}], "OS-DCF:diskConfig": "MANUAL", "progress": 0, "OS-EXT-AZ:availability_zone": "nova", "config_drive": "", "key_name": null, "OS-SRV-USG:launched_at": null, "OS-SRV-USG:terminated_at": null, "OS-EXT-SRV-ATTR:host": null, "OS-EXT-SRV-ATTR:instance_name": "instance-00000015", "OS-EXT-SRV-ATTR:hypervisor_hostname": null, "OS-EXT-STS:task_state": "scheduling", "OS-EXT-STS:vm_state": "building", "OS-EXT-STS:power_state": 0, "os-extended-volumes:volumes_attached": []}}'
2025-01-29 13:50:36,508 11053 INFO     [tempest.lib.common.rest_client] Request (VolumesNegativeTest:test_attach_volumes_with_nonexistent_volume_id): 200 GET http://[LB_IP_ADDRESS]:8774/v2.1/servers/ea38c68a-df0f-461c-a94b-ed05db506ce3 0.094s
2025-01-29 13:50:36,508 11053 DEBUG    [tempest.lib.common.rest_client] Request - Headers: {'Content-Type': 'application/json', 'Accept': 'application/json', 'X-Auth-Token': '<omitted>'}
        Body: None
    Response - Headers: {'date': 'Wed, 29 Jan 2025 13:50:36 GMT', 'server': 'Apache/2.4.52 (Ubuntu)', 'content-length': '1331', 'openstack-api-version': 'compute 2.1', 'x-openstack-nova-api-version': '2.1', 'vary': 'OpenStack-API-Version,X-OpenStack-Nova-API-Version', 'x-openstack-request-id': 'req-91d2a9d9-d8f8-4f8e-9f94-6812d56bb6b7', 'x-compute-request-id': 'req-91d2a9d9-d8f8-4f8e-9f94-6812d56bb6b7', 'connection': 'close', 'content-type': 'application/json', 'status': '200', 'content-location': 'http://[LB_IP_ADDRESS]:8774/v2.1/servers/ea38c68a-df0f-461c-a94b-ed05db506ce3'}
        Body: b'{"server": {"id": "ea38c68a-df0f-461c-a94b-ed05db506ce3", "name": "tempest-VolumesNegativeTest-instance-122100336", "status": "BUILD", "tenant_id": "08828aff86a54657beb539e8ea3c4fa5", "user_id": "1fac4cb5a45f48f0b4074d1dfc2639cb", "metadata": {}, "hostId": "", "image": {"id": "b80cfd70-6556-4c17-aed0-61058bd55e62", "links": [{"rel": "bookmark", "href": "http://[LB_IP_ADDRESS]:8774/images/b80cfd70-6556-4c17-aed0-61058bd55e62"}]}, "flavor": {"id": "0", "links": [{"rel": "bookmark", "href": "http://[LB_IP_ADDRESS]:8774/flavors/0"}]}, "created": "2025-01-29T13:50:34Z", "updated": "2025-01-29T13:50:35Z", "addresses": {}, "accessIPv4": "", "accessIPv6": "", "links": [{"rel": "self", "href": "http://[LB_IP_ADDRESS]:8774/v2.1/servers/ea38c68a-df0f-461c-a94b-ed05db506ce3"}, {"rel": "bookmark", "href": "http://[LB_IP_ADDRESS]:8774/servers/ea38c68a-df0f-461c-a94b-ed05db506ce3"}], "OS-DCF:diskConfig": "MANUAL", "progress": 0, "OS-EXT-AZ:availability_zone": "nova", "config_drive": "", "key_name": null, "OS-SRV-USG:launched_at": null, "OS-SRV-USG:terminated_at": null, "OS-EXT-SRV-ATTR:host": null, "OS-EXT-SRV-ATTR:instance_name": "instance-00000015", "OS-EXT-SRV-ATTR:hypervisor_hostname": null, "OS-EXT-STS:task_state": null, "OS-EXT-STS:vm_state": "building", "OS-EXT-STS:power_state": 0, "os-extended-volumes:volumes_attached": []}}'
2025-01-29 13:50:36,525 11053 INFO     [tempest.common.waiters] State transition "BUILD/scheduling" ==> "BUILD/None" after 2 second wait
2025-01-29 13:50:37,635 11053 INFO     [tempest.lib.common.rest_client] Request (VolumesNegativeTest:test_attach_volumes_with_nonexistent_volume_id): 200 GET http://[LB_IP_ADDRESS]:8774/v2.1/servers/ea38c68a-df0f-461c-a94b-ed05db506ce3 0.108s
2025-01-29 13:50:37,635 11053 DEBUG    [tempest.lib.common.rest_client] Request - Headers: {'Content-Type': 'application/json', 'Accept': 'application/json', 'X-Auth-Token': '<omitted>'}
        Body: None
    Resp
    onse - Headers: {'date': 'Wed, 29 Jan 2025 13:50:37 GMT', 'server': 'Apache/2.4.52 (Ubuntu)', 'content-length': '1413', 'openstack-api-version': 'compute 2.1', 'x-openstack-nova-api-version': '2.1', 'vary': 'OpenStack-API-Version,X-OpenStack-Nova-API-Version', 'x-openstack-request-id': 'req-390c0e41-3c9c-4dff-9449-4c570a138713', 'x-compute-request-id': 'req-390c0e41-3c9c-4dff-9449-4c570a138713', 'connection': 'close', 'content-type': 'application/json', 'status': '200', 'content-location': 'http://[LB_IP_ADDRESS]:8774/v2.1/servers/ea38c68a-df0f-461c-a94b-ed05db506ce3'}
        Body: b'{"server": {"id": "ea38c68a-df0f-461c-a94b-ed05db506ce3", "name": "tempest-VolumesNegativeTest-instance-122100336", "status": "BUILD", "tenant_id": "08828aff86a54657beb539e8ea3c4fa5", "user_id": "1fac4cb5a45f48f0b4074d1dfc2639cb", "metadata": {}, "hostId": "3d019f90a281f51412fcf7a50ae3e7fc628cd91bf9fccea466a31da9", "image": {"id": "b80cfd70-6556-4c17-aed0-61058bd55e62", "links": [{"rel": "bookmark", "href": "http://[LB_IP_ADDRESS]:8774/images/b80cfd70-6556-4c17-aed0-61058bd55e62"}]}, "flavor": {"id": "0", "links": [{"rel": "bookmark", "href": "http://[LB_IP_ADDRESS]:8774/flavors/0"}]}, "created": "2025-01-29T13:50:34Z", "updated": "2025-01-29T13:50:36Z", "addresses": {}, "accessIPv4": "", "accessIPv6": "", "links": [{"rel": "self", "href": "http://[LB_IP_ADDRESS]:8774/v2.1/servers/ea38c68a-df0f-461c-a94b-ed05db506ce3"}, {"rel": "bookmark", "href": "http://[LB_IP_ADDRESS]:8774/servers/ea38c68a-df0f-461c-a94b-ed05db506ce3"}], "OS-DCF:diskConfig": "MANUAL", "progress": 0, "OS-EXT-AZ:availability_zone": "nova", "config_drive": "", "key_name": null, "OS-SRV-USG:launched_at": null, "OS-SRV-USG:terminated_at": null, "OS-EXT-SRV-ATTR:host": "rack04-server60", "OS-EXT-SRV-ATTR:instance_name": "instance-00000015", "OS-EXT-SRV-ATTR:hypervisor_hostname": "rack04-server60", "OS-EXT-STS:task_state": null, "OS-EXT-STS:vm_state": "building", "OS-EXT-STS:power_state": 0, "os-extended-volumes:volumes_attached": []}}'
2025-01-29 13:50:38,732 11053 INFO     [tempest.lib.common.rest_client] Request (VolumesNegativeTest:test_attach_volumes_with_nonexistent_volume_id): 200 GET http://[LB_IP_ADDRESS]:8774/v2.1/servers/ea38c68a-df0f-461c-a94b-ed05db506ce3 0.079s
2025-01-29 13:50:38,733 11053 DEBUG    [tempest.lib.common.rest_client] Request - Headers: {'Content-Type': 'application/json', 'Accept': 'application/json', 'X-Auth-Token': '<omitted>'}
        Body: None
    Response - Headers: {'date': 'Wed, 29 Jan 2025 13:50:38 GMT', 'server': 'Apache/2.4.52 (Ubuntu)', 'content-length': '1421', 'openstack-api-version': 'compute 2.1', 'x-openstack-nova-api-version': '2.1', 'vary': 'OpenStack-API-Version,X-OpenStack-Nova-API-Version', 'x-openstack-request-id': 'req-6f0ab5cc-b45a-436f-8550-78171836cc84', 'x-compute-request-id': 'req-6f0ab5cc-b45a-436f-8550-78171836cc84', 'connection': 'close', 'content-type': 'application/json', 'status': '200', 'content-location': 'http://[LB_IP_ADDRESS]:8774/v2.1/servers/ea38c68a-df0f-461c-a94b-ed05db506ce3'}
        Body: b'{"server": {"id": "ea38c68a-df0f-461c-a94b-ed05db506ce3", "name": "tempest-VolumesNegativeTest-instance-122100336", "status": "BUILD", "tenant_id": "08828aff86a54657beb539e8ea3c4fa5", "user_id": "1fac4cb5a45f48f0b4074d1dfc2639cb", "metadata": {}, "hostId": "3d019f90a281f51412fcf7a50ae3e7fc628cd91bf9fccea466a31da9", "image": {"id": "b80cfd70-6556-4c17-aed0-61058bd55e62", "links": [{"rel": "bookmark", "href": "http://[LB_IP_ADDRESS]:8774/images/b80cfd70-6556-4c17-aed0-61058bd55e62"}]}, "flavor": {"id": "0", "links": [{"rel": "bookmark", "href": "http://[LB_IP_ADDRESS]:8774/flavors/0"}]}, "created": "2025-01-29T13:50:34Z", "updated": "2025-01-29T13:50:38Z", "addresses": {}, "accessIPv4": "", "accessIPv6": "", "links": [{"rel": "self", "href": "http://[LB_IP_ADDRESS]:8774/v2.1/servers/ea38c68a-df0f-461c-a94b-ed05db506ce3"}, {"rel": "bookmark", "href": "http://[LB_IP_ADDRESS]:8774/servers/ea38c68a-df0f-461c-a94b-ed05db506ce3"}], "OS-DCF:diskConfig": "MANUAL", "progress": 0, "OS-EXT-AZ:availability_zone": "nova", "config_drive": "", "key_name":
     null, "OS-SRV-USG:launched_at": null, "OS-SRV-USG:terminated_at": null, "OS-EXT-SRV-ATTR:host": "rack04-server60", "OS-EXT-SRV-ATTR:instance_name": "instance-00000015", "OS-EXT-SRV-ATTR:hypervisor_hostname": "rack04-server60", "OS-EXT-STS:task_state": "networking", "OS-EXT-STS:vm_state": "building", "OS-EXT-STS:power_state": 0, "os-extended-volumes:volumes_attached": []}}'
2025-01-29 13:50:38,749 11053 INFO     [tempest.common.waiters] State transition "BUILD/None" ==> "BUILD/networking" after 4 second wait
2025-01-29 13:50:39,827 11053 INFO     [tempest.lib.common.rest_client] Request (VolumesNegativeTest:test_attach_volumes_with_nonexistent_volume_id): 200 GET http://[LB_IP_ADDRESS]:8774/v2.1/servers/ea38c68a-df0f-461c-a94b-ed05db506ce3 0.076s
2025-01-29 13:50:39,828 11053 DEBUG    [tempest.lib.common.rest_client] Request - Headers: {'Content-Type': 'application/json', 'Accept': 'application/json', 'X-Auth-Token': '<omitted>'}
        Body: None
    Response - Headers: {'date': 'Wed, 29 Jan 2025 13:50:39 GMT', 'server': 'Apache/2.4.52 (Ubuntu)', 'content-length': '1421', 'openstack-api-version': 'compute 2.1', 'x-openstack-nova-api-version': '2.1', 'vary': 'OpenStack-API-Version,X-OpenStack-Nova-API-Version', 'x-openstack-request-id': 'req-e772e1f5-9018-4a87-bf6c-5fdf3139f04e', 'x-compute-request-id': 'req-e772e1f5-9018-4a87-bf6c-5fdf3139f04e', 'connection': 'close', 'content-type': 'application/json', 'status': '200', 'content-location': 'http://[LB_IP_ADDRESS]:8774/v2.1/servers/ea38c68a-df0f-461c-a94b-ed05db506ce3'}
        Body: b'{"server": {"id": "ea38c68a-df0f-461c-a94b-ed05db506ce3", "name": "tempest-VolumesNegativeTest-instance-122100336", "status": "BUILD", "tenant_id": "08828aff86a54657beb539e8ea3c4fa5", "user_id": "1fac4cb5a45f48f0b4074d1dfc2639cb", "metadata": {}, "hostId": "3d019f90a281f51412fcf7a50ae3e7fc628cd91bf9fccea466a31da9", "image": {"id": "b80cfd70-6556-4c17-aed0-61058bd55e62", "links": [{"rel": "bookmark", "href": "http://[LB_IP_ADDRESS]:8774/images/b80cfd70-6556-4c17-aed0-61058bd55e62"}]}, "flavor": {"id": "0", "links": [{"rel": "bookmark", "href": "http://[LB_IP_ADDRESS]:8774/flavors/0"}]}, "created": "2025-01-29T13:50:34Z", "updated": "2025-01-29T13:50:38Z", "addresses": {}, "accessIPv4": "", "accessIPv6": "", "links": [{"rel": "self", "href": "http://[LB_IP_ADDRESS]:8774/v2.1/servers/ea38c68a-df0f-461c-a94b-ed05db506ce3"}, {"rel": "bookmark", "href": "http://[LB_IP_ADDRESS]:8774/servers/ea38c68a-df0f-461c-a94b-ed05db506ce3"}], "OS-DCF:diskConfig": "MANUAL", "progress": 0, "OS-EXT-AZ:availability_zone": "nova", "config_drive": "", "key_name": null, "OS-SRV-USG:launched_at": null, "OS-SRV-USG:terminated_at": null, "OS-EXT-SRV-ATTR:host": "rack04-server60", "OS-EXT-SRV-ATTR:instance_name": "instance-00000015", "OS-EXT-SRV-ATTR:hypervisor_hostname": "rack04-server60", "OS-EXT-STS:task_state": "networking", "OS-EXT-STS:vm_state": "building", "OS-EXT-STS:power_state": 0, "os-extended-volumes:volumes_attached": []}}'
2025-01-29 13:50:40,917 11053 INFO     [tempest.lib.common.rest_client] Request (VolumesNegativeTest:test_attach_volumes_with_nonexistent_volume_id): 200 GET http://[LB_IP_ADDRESS]:8774/v2.1/servers/ea38c68a-df0f-461c-a94b-ed05db506ce3 0.071s
2025-01-29 13:50:40,918 11053 DEBUG    [tempest.lib.common.rest_client] Request - Headers: {'Content-Type': 'application/json', 'Accept': 'application/json', 'X-Auth-Token': '<omitted>'}
        Body: None
    Response - Headers: {'date': 'Wed, 29 Jan 2025 13:50:40 GMT', 'server': 'Apache/2.4.52 (Ubuntu)', 'content-length': '1419', 'openstack-api-version': 'compute 2.1', 'x-openstack-nova-api-version': '2.1', 'vary': 'OpenStack-API-Version,X-OpenStack-Nova-API-Version', 'x-openstack-request-id': 'req-b56e2dfa-9f97-4867-be97-88c5ebfa0642', 'x-compute-request-id': 'req-b56e2dfa-9f97-4867-be97-88c5ebfa0642', 'connection': 'close', 'content-type': 'application/json', 'status': '200', 'content-location': 'http://[LB_IP_ADDRESS]:8774/v2.1/servers/ea38c68a-df0f-461c-a94b-ed05db506ce3'}
        Body: b'{"server": {"id": "ea38c68a-df0f-461c-a94b-ed05db506ce3", "name": "te
    mpest-VolumesNegativeTest-instance-122100336", "status": "BUILD", "tenant_id": "08828aff86a54657beb539e8ea3c4fa5", "user_id": "1fac4cb5a45f48f0b4074d1dfc2639cb", "metadata": {}, "hostId": "3d019f90a281f51412fcf7a50ae3e7fc628cd91bf9fccea466a31da9", "image": {"id": "b80cfd70-6556-4c17-aed0-61058bd55e62", "links": [{"rel": "bookmark", "href": "http://[LB_IP_ADDRESS]:8774/images/b80cfd70-6556-4c17-aed0-61058bd55e62"}]}, "flavor": {"id": "0", "links": [{"rel": "bookmark", "href": "http://[LB_IP_ADDRESS]:8774/flavors/0"}]}, "created": "2025-01-29T13:50:34Z", "updated": "2025-01-29T13:50:40Z", "addresses": {}, "accessIPv4": "", "accessIPv6": "", "links": [{"rel": "self", "href": "http://[LB_IP_ADDRESS]:8774/v2.1/servers/ea38c68a-df0f-461c-a94b-ed05db506ce3"}, {"rel": "bookmark", "href": "http://[LB_IP_ADDRESS]:8774/servers/ea38c68a-df0f-461c-a94b-ed05db506ce3"}], "OS-DCF:diskConfig": "MANUAL", "progress": 0, "OS-EXT-AZ:availability_zone": "nova", "config_drive": "", "key_name": null, "OS-SRV-USG:launched_at": null, "OS-SRV-USG:terminated_at": null, "OS-EXT-SRV-ATTR:host": "rack04-server60", "OS-EXT-SRV-ATTR:instance_name": "instance-00000015", "OS-EXT-SRV-ATTR:hypervisor_hostname": "rack04-server60", "OS-EXT-STS:task_state": "spawning", "OS-EXT-STS:vm_state": "building", "OS-EXT-STS:power_state": 0, "os-extended-volumes:volumes_attached": []}}'
2025-01-29 13:50:40,934 11053 INFO     [tempest.common.waiters] State transition "BUILD/networking" ==> "BUILD/spawning" after 6 second wait
2025-01-29 13:50:42,178 11053 INFO     [tempest.lib.common.rest_client] Request (VolumesNegativeTest:test_attach_volumes_with_nonexistent_volume_id): 200 GET http://[LB_IP_ADDRESS]:8774/v2.1/servers/ea38c68a-df0f-461c-a94b-ed05db506ce3 0.242s
2025-01-29 13:50:42,179 11053 DEBUG    [tempest.lib.common.rest_client] Request - Headers: {'Content-Type': 'application/json', 'Accept': 'application/json', 'X-Auth-Token': '<omitted>'}
        Body: None
    Response - Headers: {'date': 'Wed, 29 Jan 2025 13:50:41 GMT', 'server': 'Apache/2.4.52 (Ubuntu)', 'content-length': '1419', 'openstack-api-version': 'compute 2.1', 'x-openstack-nova-api-version': '2.1', 'vary': 'OpenStack-API-Version,X-OpenStack-Nova-API-Version', 'x-openstack-request-id': 'req-758212a5-67ba-4435-a63e-bff5cfbf2a63', 'x-compute-request-id': 'req-758212a5-67ba-4435-a63e-bff5cfbf2a63', 'connection': 'close', 'content-type': 'application/json', 'status': '200', 'content-location': 'http://[LB_IP_ADDRESS]:8774/v2.1/servers/ea38c68a-df0f-461c-a94b-ed05db506ce3'}
        Body: b'{"server": {"id": "ea38c68a-df0f-461c-a94b-ed05db506ce3", "name": "tempest-VolumesNegativeTest-instance-122100336", "status": "BUILD", "tenant_id": "08828aff86a54657beb539e8ea3c4fa5", "user_id": "1fac4cb5a45f48f0b4074d1dfc2639cb", "metadata": {}, "hostId": "3d019f90a281f51412fcf7a50ae3e7fc628cd91bf9fccea466a31da9", "image": {"id": "b80cfd70-6556-4c17-aed0-61058bd55e62", "links": [{"rel": "bookmark", "href": "http://[LB_IP_ADDRESS]:8774/images/b80cfd70-6556-4c17-aed0-61058bd55e62"}]}, "flavor": {"id": "0", "links": [{"rel": "bookmark", "href": "http://[LB_IP_ADDRESS]:8774/flavors/0"}]}, "created": "2025-01-29T13:50:34Z", "updated": "2025-01-29T13:50:40Z", "addresses": {}, "accessIPv4": "", "accessIPv6": "", "links": [{"rel": "self", "href": "http://[LB_IP_ADDRESS]:8774/v2.1/servers/ea38c68a-df0f-461c-a94b-ed05db506ce3"}, {"rel": "bookmark", "href": "http://[LB_IP_ADDRESS]:8774/servers/ea38c68a-df0f-461c-a94b-ed05db506ce3"}], "OS-DCF:diskConfig": "MANUAL", "progress": 0, "OS-EXT-AZ:availability_zone": "nova", "config_drive": "", "key_name": null, "OS-SRV-USG:launched_at": null, "OS-SRV-USG:terminated_at": null, "OS-EXT-SRV-ATTR:host": "rack04-server60", "OS-EXT-SRV-ATTR:instance_name": "instance-00000015", "OS-EXT-SRV-ATTR:hypervisor_hostname": "rack04-server60", "OS-EXT-STS:task_state": "spawning", "OS-EXT-STS:vm_state": "building", "OS-EXT-STS:power_state": 0, "os-extended-volumes:volumes_attached": []}}'
2025-01-29 13:50:43,276 11053 INFO     [tempest.lib.common.rest_client] Request (VolumesNegativeTest:test_attach_volumes_with_nonexistent
    _volume_id): 200 GET http://[LB_IP_ADDRESS]:8774/v2.1/servers/ea38c68a-df0f-461c-a94b-ed05db506ce3 0.080s
2025-01-29 13:50:43,277 11053 DEBUG    [tempest.lib.common.rest_client] Request - Headers: {'Content-Type': 'application/json', 'Accept': 'application/json', 'X-Auth-Token': '<omitted>'}
        Body: None
    Response - Headers: {'date': 'Wed, 29 Jan 2025 13:50:43 GMT', 'server': 'Apache/2.4.52 (Ubuntu)', 'content-length': '1419', 'openstack-api-version': 'compute 2.1', 'x-openstack-nova-api-version': '2.1', 'vary': 'OpenStack-API-Version,X-OpenStack-Nova-API-Version', 'x-openstack-request-id': 'req-f6d01c54-24fa-4c84-ba29-da000c69c590', 'x-compute-request-id': 'req-f6d01c54-24fa-4c84-ba29-da000c69c590', 'connection': 'close', 'content-type': 'application/json', 'status': '200', 'content-location': 'http://[LB_IP_ADDRESS]:8774/v2.1/servers/ea38c68a-df0f-461c-a94b-ed05db506ce3'}
        Body: b'{"server": {"id": "ea38c68a-df0f-461c-a94b-ed05db506ce3", "name": "tempest-VolumesNegativeTest-instance-122100336", "status": "BUILD", "tenant_id": "08828aff86a54657beb539e8ea3c4fa5", "user_id": "1fac4cb5a45f48f0b4074d1dfc2639cb", "metadata": {}, "hostId": "3d019f90a281f51412fcf7a50ae3e7fc628cd91bf9fccea466a31da9", "image": {"id": "b80cfd70-6556-4c17-aed0-61058bd55e62", "links": [{"rel": "bookmark", "href": "http://[LB_IP_ADDRESS]:8774/images/b80cfd70-6556-4c17-aed0-61058bd55e62"}]}, "flavor": {"id": "0", "links": [{"rel": "bookmark", "href": "http://[LB_IP_ADDRESS]:8774/flavors/0"}]}, "created": "2025-01-29T13:50:34Z", "updated": "2025-01-29T13:50:40Z", "addresses": {}, "accessIPv4": "", "accessIPv6": "", "links": [{"rel": "self", "href": "http://[LB_IP_ADDRESS]:8774/v2.1/servers/ea38c68a-df0f-461c-a94b-ed05db506ce3"}, {"rel": "bookmark", "href": "http://[LB_IP_ADDRESS]:8774/servers/ea38c68a-df0f-461c-a94b-ed05db506ce3"}], "OS-DCF:diskConfig": "MANUAL", "progress": 0, "OS-EXT-AZ:availability_zone": "nova", "config_drive": "", "key_name": null, "OS-SRV-USG:launched_at": null, "OS-SRV-USG:terminated_at": null, "OS-EXT-SRV-ATTR:host": "rack04-server60", "OS-EXT-SRV-ATTR:instance_name": "instance-00000015", "OS-EXT-SRV-ATTR:hypervisor_hostname": "rack04-server60", "OS-EXT-STS:task_state": "spawning", "OS-EXT-STS:vm_state": "building", "OS-EXT-STS:power_state": 0, "os-extended-volumes:volumes_attached": []}}'
2025-01-29 13:50:44,371 11053 INFO     [tempest.lib.common.rest_client] Request (VolumesNegativeTest:test_attach_volumes_with_nonexistent_volume_id): 200 GET http://[LB_IP_ADDRESS]:8774/v2.1/servers/ea38c68a-df0f-461c-a94b-ed05db506ce3 0.076s
2025-01-29 13:50:44,371 11053 DEBUG    [tempest.lib.common.rest_client] Request - Headers: {'Content-Type': 'application/json', 'Accept': 'application/json', 'X-Auth-Token': '<omitted>'}
        Body: None
    Response - Headers: {'date': 'Wed, 29 Jan 2025 13:50:44 GMT', 'server': 'Apache/2.4.52 (Ubuntu)', 'content-length': '1419', 'openstack-api-version': 'compute 2.1', 'x-openstack-nova-api-version': '2.1', 'vary': 'OpenStack-API-Version,X-OpenStack-Nova-API-Version', 'x-openstack-request-id': 'req-bb2dd9dc-2588-41aa-82c4-b6f27d0c613c', 'x-compute-request-id': 'req-bb2dd9dc-2588-41aa-82c4-b6f27d0c613c', 'connection': 'close', 'content-type': 'application/json', 'status': '200', 'content-location': 'http://[LB_IP_ADDRESS]:8774/v2.1/servers/ea38c68a-df0f-461c-a94b-ed05db506ce3'}
        Body: b'{"server": {"id": "ea38c68a-df0f-461c-a94b-ed05db506ce3", "name": "tempest-VolumesNegativeTest-instance-122100336", "status": "BUILD", "tenant_id": "08828aff86a54657beb539e8ea3c4fa5", "user_id": "1fac4cb5a45f48f0b4074d1dfc2639cb", "metadata": {}, "hostId": "3d019f90a281f51412fcf7a50ae3e7fc628cd91bf9fccea466a31da9", "image": {"id": "b80cfd70-6556-4c17-aed0-61058bd55e62", "links": [{"rel": "bookmark", "href": "http://[LB_IP_ADDRESS]:8774/images/b80cfd70-6556-4c17-aed0-61058bd55e62"}]}, "flavor": {"id": "0", "links": [{"rel": "bookmark", "href": "http://[LB_IP_ADDRESS]:8774/flavors/0"}]}, "created": "2025-01-29T13:50:34Z", "updated": "2025-01-29T13:50:43Z", "addresses": {}, "accessIPv4": "", "accessIPv6": "", "links": [
    {"rel": "self", "href": "http://[LB_IP_ADDRESS]:8774/v2.1/servers/ea38c68a-df0f-461c-a94b-ed05db506ce3"}, {"rel": "bookmark", "href": "http://[LB_IP_ADDRESS]:8774/servers/ea38c68a-df0f-461c-a94b-ed05db506ce3"}], "OS-DCF:diskConfig": "MANUAL", "progress": 0, "OS-EXT-AZ:availability_zone": "nova", "config_drive": "", "key_name": null, "OS-SRV-USG:launched_at": null, "OS-SRV-USG:terminated_at": null, "OS-EXT-SRV-ATTR:host": "rack04-server60", "OS-EXT-SRV-ATTR:instance_name": "instance-00000015", "OS-EXT-SRV-ATTR:hypervisor_hostname": "rack04-server60", "OS-EXT-STS:task_state": "spawning", "OS-EXT-STS:vm_state": "building", "OS-EXT-STS:power_state": 0, "os-extended-volumes:volumes_attached": []}}'
2025-01-29 13:50:45,462 11053 INFO     [tempest.lib.common.rest_client] Request (VolumesNegativeTest:test_attach_volumes_with_nonexistent_volume_id): 200 GET http://[LB_IP_ADDRESS]:8774/v2.1/servers/ea38c68a-df0f-461c-a94b-ed05db506ce3 0.072s
2025-01-29 13:50:45,462 11053 DEBUG    [tempest.lib.common.rest_client] Request - Headers: {'Content-Type': 'application/json', 'Accept': 'application/json', 'X-Auth-Token': '<omitted>'}
        Body: None
    Response - Headers: {'date': 'Wed, 29 Jan 2025 13:50:45 GMT', 'server': 'Apache/2.4.52 (Ubuntu)', 'content-length': '1337', 'openstack-api-version': 'compute 2.1', 'x-openstack-nova-api-version': '2.1', 'vary': 'OpenStack-API-Version,X-OpenStack-Nova-API-Version', 'x-openstack-request-id': 'req-aa567f24-0187-43c4-908e-6dc11506c034', 'x-compute-request-id': 'req-aa567f24-0187-43c4-908e-6dc11506c034', 'connection': 'close', 'content-type': 'application/json', 'status': '200', 'content-location': 'http://[LB_IP_ADDRESS]:8774/v2.1/servers/ea38c68a-df0f-461c-a94b-ed05db506ce3'}
        Body: b'{"server": {"id": "ea38c68a-df0f-461c-a94b-ed05db506ce3", "name": "tempest-VolumesNegativeTest-instance-122100336", "status": "BUILD", "tenant_id": "08828aff86a54657beb539e8ea3c4fa5", "user_id": "1fac4cb5a45f48f0b4074d1dfc2639cb", "metadata": {}, "hostId": "", "image": {"id": "b80cfd70-6556-4c17-aed0-61058bd55e62", "links": [{"rel": "bookmark", "href": "http://[LB_IP_ADDRESS]:8774/images/b80cfd70-6556-4c17-aed0-61058bd55e62"}]}, "flavor": {"id": "0", "links": [{"rel": "bookmark", "href": "http://[LB_IP_ADDRESS]:8774/flavors/0"}]}, "created": "2025-01-29T13:50:34Z", "updated": "2025-01-29T13:50:45Z", "addresses": {}, "accessIPv4": "", "accessIPv6": "", "links": [{"rel": "self", "href": "http://[LB_IP_ADDRESS]:8774/v2.1/servers/ea38c68a-df0f-461c-a94b-ed05db506ce3"}, {"rel": "bookmark", "href": "http://[LB_IP_ADDRESS]:8774/servers/ea38c68a-df0f-461c-a94b-ed05db506ce3"}], "OS-DCF:diskConfig": "MANUAL", "progress": 0, "OS-EXT-AZ:availability_zone": "nova", "config_drive": "", "key_name": null, "OS-SRV-USG:launched_at": null, "OS-SRV-USG:terminated_at": null, "OS-EXT-SRV-ATTR:host": null, "OS-EXT-SRV-ATTR:instance_name": "instance-00000015", "OS-EXT-SRV-ATTR:hypervisor_hostname": null, "OS-EXT-STS:task_state": "spawning", "OS-EXT-STS:vm_state": "building", "OS-EXT-STS:power_state": 0, "os-extended-volumes:volumes_attached": []}}'
2025-01-29 13:50:46,556 11053 INFO     [tempest.lib.common.rest_client] Request (VolumesNegativeTest:test_attach_volumes_with_nonexistent_volume_id): 200 GET http://[LB_IP_ADDRESS]:8774/v2.1/servers/ea38c68a-df0f-461c-a94b-ed05db506ce3 0.075s
2025-01-29 13:50:46,556 11053 DEBUG    [tempest.lib.common.rest_client] Request - Headers: {'Content-Type': 'application/json', 'Accept': 'application/json', 'X-Auth-Token': '<omitted>'}
        Body: None
    Response - Headers: {'date': 'Wed, 29 Jan 2025 13:50:46 GMT', 'server': 'Apache/2.4.52 (Ubuntu)', 'content-length': '1337', 'openstack-api-version': 'compute 2.1', 'x-openstack-nova-api-version': '2.1', 'vary': 'OpenStack-API-Version,X-OpenStack-Nova-API-Version', 'x-openstack-request-id': 'req-7a421a3e-8695-4479-8c7f-66461d1cf105', 'x-compute-request-id': 'req-7a421a3e-8695-4479-8c7f-66461d1cf105', 'connection': 'close', 'content-type': 'application/json', 'status': '200', 'content-location': 'http://[LB_IP_ADDRESS]:8774/v2.1/servers/ea38c68a-df0f-461c-a94b
    -ed05db506ce3'}
        Body: b'{"server": {"id": "ea38c68a-df0f-461c-a94b-ed05db506ce3", "name": "tempest-VolumesNegativeTest-instance-122100336", "status": "BUILD", "tenant_id": "08828aff86a54657beb539e8ea3c4fa5", "user_id": "1fac4cb5a45f48f0b4074d1dfc2639cb", "metadata": {}, "hostId": "", "image": {"id": "b80cfd70-6556-4c17-aed0-61058bd55e62", "links": [{"rel": "bookmark", "href": "http://[LB_IP_ADDRESS]:8774/images/b80cfd70-6556-4c17-aed0-61058bd55e62"}]}, "flavor": {"id": "0", "links": [{"rel": "bookmark", "href": "http://[LB_IP_ADDRESS]:8774/flavors/0"}]}, "created": "2025-01-29T13:50:34Z", "updated": "2025-01-29T13:50:45Z", "addresses": {}, "accessIPv4": "", "accessIPv6": "", "links": [{"rel": "self", "href": "http://[LB_IP_ADDRESS]:8774/v2.1/servers/ea38c68a-df0f-461c-a94b-ed05db506ce3"}, {"rel": "bookmark", "href": "http://[LB_IP_ADDRESS]:8774/servers/ea38c68a-df0f-461c-a94b-ed05db506ce3"}], "OS-DCF:diskConfig": "MANUAL", "progress": 0, "OS-EXT-AZ:availability_zone": "nova", "config_drive": "", "key_name": null, "OS-SRV-USG:launched_at": null, "OS-SRV-USG:terminated_at": null, "OS-EXT-SRV-ATTR:host": null, "OS-EXT-SRV-ATTR:instance_name": "instance-00000015", "OS-EXT-SRV-ATTR:hypervisor_hostname": null, "OS-EXT-STS:task_state": "spawning", "OS-EXT-STS:vm_state": "building", "OS-EXT-STS:power_state": 0, "os-extended-volumes:volumes_attached": []}}'
2025-01-29 13:50:47,652 11053 INFO     [tempest.lib.common.rest_client] Request (VolumesNegativeTest:test_attach_volumes_with_nonexistent_volume_id): 200 GET http://[LB_IP_ADDRESS]:8774/v2.1/servers/ea38c68a-df0f-461c-a94b-ed05db506ce3 0.077s
2025-01-29 13:50:47,652 11053 DEBUG    [tempest.lib.common.rest_client] Request - Headers: {'Content-Type': 'application/json', 'Accept': 'application/json', 'X-Auth-Token': '<omitted>'}
        Body: None
    Response - Headers: {'date': 'Wed, 29 Jan 2025 13:50:47 GMT', 'server': 'Apache/2.4.52 (Ubuntu)', 'content-length': '1337', 'openstack-api-version': 'compute 2.1', 'x-openstack-nova-api-version': '2.1', 'vary': 'OpenStack-API-Version,X-OpenStack-Nova-API-Version', 'x-openstack-request-id': 'req-7e27636d-4f66-4d94-bc2f-6299e03d947f', 'x-compute-request-id': 'req-7e27636d-4f66-4d94-bc2f-6299e03d947f', 'connection': 'close', 'content-type': 'application/json', 'status': '200', 'content-location': 'http://[LB_IP_ADDRESS]:8774/v2.1/servers/ea38c68a-df0f-461c-a94b-ed05db506ce3'}
        Body: b'{"server": {"id": "ea38c68a-df0f-461c-a94b-ed05db506ce3", "name": "tempest-VolumesNegativeTest-instance-122100336", "status": "BUILD", "tenant_id": "08828aff86a54657beb539e8ea3c4fa5", "user_id": "1fac4cb5a45f48f0b4074d1dfc2639cb", "metadata": {}, "hostId": "", "image": {"id": "b80cfd70-6556-4c17-aed0-61058bd55e62", "links": [{"rel": "bookmark", "href": "http://[LB_IP_ADDRESS]:8774/images/b80cfd70-6556-4c17-aed0-61058bd55e62"}]}, "flavor": {"id": "0", "links": [{"rel": "bookmark", "href": "http://[LB_IP_ADDRESS]:8774/flavors/0"}]}, "created": "2025-01-29T13:50:34Z", "updated": "2025-01-29T13:50:45Z", "addresses": {}, "accessIPv4": "", "accessIPv6": "", "links": [{"rel": "self", "href": "http://[LB_IP_ADDRESS]:8774/v2.1/servers/ea38c68a-df0f-461c-a94b-ed05db506ce3"}, {"rel": "bookmark", "href": "http://[LB_IP_ADDRESS]:8774/servers/ea38c68a-df0f-461c-a94b-ed05db506ce3"}], "OS-DCF:diskConfig": "MANUAL", "progress": 0, "OS-EXT-AZ:availability_zone": "nova", "config_drive": "", "key_name": null, "OS-SRV-USG:launched_at": null, "OS-SRV-USG:terminated_at": null, "OS-EXT-SRV-ATTR:host": null, "OS-EXT-SRV-ATTR:instance_name": "instance-00000015", "OS-EXT-SRV-ATTR:hypervisor_hostname": null, "OS-EXT-STS:task_state": "spawning", "OS-EXT-STS:vm_state": "building", "OS-EXT-STS:power_state": 0, "os-extended-volumes:volumes_attached": []}}'
2025-01-29 13:50:48,755 11053 INFO     [tempest.lib.common.rest_client] Request (VolumesNegativeTest:test_attach_volumes_with_nonexistent_volume_id): 200 GET http://[LB_IP_ADDRESS]:8774/v2.1/servers/ea38c68a-df0f-461c-a94b-ed05db506ce3 0.084s
2025-01-29 13:50:48,755 11053 DEBUG    [tempest.lib.common.rest_client] Request - Headers: {'Content
    -Type': 'application/json', 'Accept': 'application/json', 'X-Auth-Token': '<omitted>'}
        Body: None
    Response - Headers: {'date': 'Wed, 29 Jan 2025 13:50:48 GMT', 'server': 'Apache/2.4.52 (Ubuntu)', 'content-length': '1337', 'openstack-api-version': 'compute 2.1', 'x-openstack-nova-api-version': '2.1', 'vary': 'OpenStack-API-Version,X-OpenStack-Nova-API-Version', 'x-openstack-request-id': 'req-14b7729d-86d3-4cfc-99a3-43c7cfa01107', 'x-compute-request-id': 'req-14b7729d-86d3-4cfc-99a3-43c7cfa01107', 'connection': 'close', 'content-type': 'application/json', 'status': '200', 'content-location': 'http://[LB_IP_ADDRESS]:8774/v2.1/servers/ea38c68a-df0f-461c-a94b-ed05db506ce3'}
        Body: b'{"server": {"id": "ea38c68a-df0f-461c-a94b-ed05db506ce3", "name": "tempest-VolumesNegativeTest-instance-122100336", "status": "BUILD", "tenant_id": "08828aff86a54657beb539e8ea3c4fa5", "user_id": "1fac4cb5a45f48f0b4074d1dfc2639cb", "metadata": {}, "hostId": "", "image": {"id": "b80cfd70-6556-4c17-aed0-61058bd55e62", "links": [{"rel": "bookmark", "href": "http://[LB_IP_ADDRESS]:8774/images/b80cfd70-6556-4c17-aed0-61058bd55e62"}]}, "flavor": {"id": "0", "links": [{"rel": "bookmark", "href": "http://[LB_IP_ADDRESS]:8774/flavors/0"}]}, "created": "2025-01-29T13:50:34Z", "updated": "2025-01-29T13:50:45Z", "addresses": {}, "accessIPv4": "", "accessIPv6": "", "links": [{"rel": "self", "href": "http://[LB_IP_ADDRESS]:8774/v2.1/servers/ea38c68a-df0f-461c-a94b-ed05db506ce3"}, {"rel": "bookmark", "href": "http://[LB_IP_ADDRESS]:8774/servers/ea38c68a-df0f-461c-a94b-ed05db506ce3"}], "OS-DCF:diskConfig": "MANUAL", "progress": 0, "OS-EXT-AZ:availability_zone": "nova", "config_drive": "", "key_name": null, "OS-SRV-USG:launched_at": null, "OS-SRV-USG:terminated_at": null, "OS-EXT-SRV-ATTR:host": null, "OS-EXT-SRV-ATTR:instance_name": "instance-00000015", "OS-EXT-SRV-ATTR:hypervisor_hostname": null, "OS-EXT-STS:task_state": "spawning", "OS-EXT-STS:vm_state": "building", "OS-EXT-STS:power_state": 0, "os-extended-volumes:volumes_attached": []}}'
2025-01-29 13:50:49,860 11053 INFO     [tempest.lib.common.rest_client] Request (VolumesNegativeTest:test_attach_volumes_with_nonexistent_volume_id): 200 GET http://[LB_IP_ADDRESS]:8774/v2.1/servers/ea38c68a-df0f-461c-a94b-ed05db506ce3 0.086s
2025-01-29 13:50:49,861 11053 DEBUG    [tempest.lib.common.rest_client] Request - Headers: {'Content-Type': 'application/json', 'Accept': 'application/json', 'X-Auth-Token': '<omitted>'}
        Body: None
    Response - Headers: {'date': 'Wed, 29 Jan 2025 13:50:49 GMT', 'server': 'Apache/2.4.52 (Ubuntu)', 'content-length': '4913', 'openstack-api-version': 'compute 2.1', 'x-openstack-nova-api-version': '2.1', 'vary': 'OpenStack-API-Version,X-OpenStack-Nova-API-Version', 'x-openstack-request-id': 'req-2f696695-fa25-4903-9830-0cef7ce82d8d', 'x-compute-request-id': 'req-2f696695-fa25-4903-9830-0cef7ce82d8d', 'connection': 'close', 'content-type': 'application/json', 'status': '200', 'content-location': 'http://[LB_IP_ADDRESS]:8774/v2.1/servers/ea38c68a-df0f-461c-a94b-ed05db506ce3'}
        Body: b'{"server": {"id": "ea38c68a-df0f-461c-a94b-ed05db506ce3", "name": "tempest-VolumesNegativeTest-instance-122100336", "status": "ERROR", "tenant_id": "08828aff86a54657beb539e8ea3c4fa5", "user_id": "1fac4cb5a45f48f0b4074d1dfc2639cb", "metadata": {}, "hostId": "", "image": {"id": "b80cfd70-6556-4c17-aed0-61058bd55e62", "links": [{"rel": "bookmark", "href": "http://[LB_IP_ADDRESS]:8774/images/b80cfd70-6556-4c17-aed0-61058bd55e62"}]}, "flavor": {"id": "0", "links": [{"rel": "bookmark", "href": "http://[LB_IP_ADDRESS]:8774/flavors/0"}]}, "created": "2025-01-29T13:50:34Z", "updated": "2025-01-29T13:50:49Z", "addresses": {}, "accessIPv4": "", "accessIPv6": "", "links": [{"rel": "self", "href": "http://[LB_IP_ADDRESS]:8774/v2.1/servers/ea38c68a-df0f-461c-a94b-ed05db506ce3"}, {"rel": "bookmark", "href": "http://[LB_IP_ADDRESS]:8774/servers/ea38c68a-df0f-461c-a94b-ed05db506ce3"}], "OS-DCF:diskConfig": "MANUAL", "fault": {"code": 500, "created": "2025-01-29T13:50:49Z", "message": "Build of instance ea38c68a-df0f-4
    61c-a94b-ed05db506ce3 aborted: Image b80cfd70-6556-4c17-aed0-61058bd55e62 is unacceptable: Image not in a supported format", "details": "Traceback (most recent call last):\\n  File \\"/var/lib/kolla/venv/lib/python3.10/site-packages/nova/virt/images.py\\", line 185, in do_image_deep_inspection\\n    inspector = get_image_format(path)\\n  File \\"/var/lib/kolla/venv/lib/python3.10/site-packages/nova/virt/images.py\\", line 151, in get_image_format\\n    if wrapper.formats:\\nAttributeError: \'InspectWrapper\' object has no attribute \'formats\'\\n\\nDuring handling of the above exception, another exception occurred:\\n\\nTraceback (most recent call last):\\n  File \\"/var/lib/kolla/venv/lib/python3.10/site-packages/nova/compute/manager.py\\", line 2648, in _build_and_run_instance\\n    self.driver.spawn(context, instance, image_meta,\\n  File \\"/var/lib/kolla/venv/lib/python3.10/site-packages/nova/virt/libvirt/driver.py\\", line 4791, in spawn\\n    created_instance_dir, created_disks = self._create_image(\\n  File \\"/var/lib/kolla/venv/lib/python3.10/site-packages/nova/virt/libvirt/driver.py\\", line 5202, in _create_image\\n    created_disks = self._create_and_inject_local_root(\\n  File \\"/var/lib/kolla/venv/lib/python3.10/site-packages/nova/virt/libvirt/driver.py\\", line 5331, in _create_and_inject_local_root\\n    self._try_fetch_image_cache(backend, fetch_func, context,\\n  File \\"/var/lib/kolla/venv/lib/python3.10/site-packages/nova/virt/libvirt/driver.py\\", line 11597, in _try_fetch_image_cache\\n    image.cache(fetch_func=fetch_func,\\n  File \\"/var/lib/kolla/venv/lib/python3.10/site-packages/nova/virt/libvirt/imagebackend.py\\", line 304, in cache\\n    self.create_image(\\n  File \\"/var/lib/kolla/venv/lib/python3.10/site-packages/nova/virt/libvirt/imagebackend.py\\", line 682, in create_image\\n    prepare_template(target=base, *args, **kwargs)\\n  File \\"/var/lib/kolla/venv/lib/python3.10/site-packages/oslo_concurrency/lockutils.py\\", line 412, in inner\\n    return f(*args, **kwargs)\\n  File \\"/var/lib/kolla/venv/lib/python3.10/site-packages/nova/virt/libvirt/imagebackend.py\\", line 301, in fetch_func_sync\\n    fetch_func(target=target, *args, **kwargs)\\n  File \\"/var/lib/kolla/venv/lib/python3.10/site-packages/nova/virt/libvirt/utils.py\\", line 495, in fetch_image\\n    images.fetch_to_raw(context, image_id, target, trusted_certs)\\n  File \\"/var/lib/kolla/venv/lib/python3.10/site-packages/nova/virt/images.py\\", line 235, in fetch_to_raw\\n    force_format = do_image_deep_inspection(img, image_href, path_tmp)\\n  File \\"/var/lib/kolla/venv/lib/python3.10/site-packages/nova/virt/images.py\\", line 216, in do_image_deep_inspection\\n    raise exception.ImageUnacceptable(\\nnova.exception.ImageUnacceptable: Image b80cfd70-6556-4c17-aed0-61058bd55e62 is unacceptable: Image not in a supported format\\n\\nDuring handling of the above exception, another exception occurred:\\n\\nTraceback (most recent call last):\\n  File \\"/var/lib/kolla/venv/lib/python3.10/site-packages/nova/compute/manager.py\\", line 
2025-01-29 13:50:49,877 11053 INFO     [tempest.common.waiters] State transition "BUILD/spawning" ==> "ERROR/None" after 15 second wait
2025-01-29 13:50:50,192 11053 INFO     [tempest.lib.common.rest_client] Request (VolumesNegativeTest:test_attach_volumes_with_nonexistent_volume_id): 204 DELETE http://[LB_IP_ADDRESS]:8774/v2.1/servers/ea38c68a-df0f-461c-a94b-ed05db506ce3 0.314s
2025-01-29 13:50:50,193 11053 DEBUG    [tempest.lib.common.rest_client] Request - Headers: {'Content-Type': 'application/json', 'Accept': 'application/json', 'X-Auth-Token': '<omitted>'}
        Body: None
    Response - Headers: {'date': 'Wed, 29 Jan 2025 13:50:49 GMT', 'server': 'Apache/2.4.52 (Ubuntu)', 'openstack-api-version': 'compute 2.1', 'x-openstack-nova-api-version': '2.1', 'vary': 'OpenStack-API-Version,X-OpenStack-Nova-API-Version', 'x-openstack-request-id': 'req-19285c35-dda9-4f1f-a027-3c29ed165fec', 'x-compute-request-id': 'req-19285c35-dda9-4f1f-a027-3c29ed165fec', 'connection': 'close', 'status': '204', 'c
    ontent-location': 'http://[LB_IP_ADDRESS]:8774/v2.1/servers/ea38c68a-df0f-461c-a94b-ed05db506ce3'}
        Body: b''
2025-01-29 13:50:50,225 11053 INFO     [tempest.lib.common.rest_client] Request (VolumesNegativeTest:test_attach_volumes_with_nonexistent_volume_id): 404 GET http://[LB_IP_ADDRESS]:8774/v2.1/servers/ea38c68a-df0f-461c-a94b-ed05db506ce3 0.032s
2025-01-29 13:50:50,226 11053 DEBUG    [tempest.lib.common.rest_client] Request - Headers: {'Content-Type': 'application/json', 'Accept': 'application/json', 'X-Auth-Token': '<omitted>'}
        Body: None
    Response - Headers: {'date': 'Wed, 29 Jan 2025 13:50:50 GMT', 'server': 'Apache/2.4.52 (Ubuntu)', 'content-length': '111', 'openstack-api-version': 'compute 2.1', 'x-openstack-nova-api-version': '2.1', 'vary': 'OpenStack-API-Version,X-OpenStack-Nova-API-Version', 'x-openstack-request-id': 'req-0bf5ddba-e9b5-409b-91d5-00637f4b57e3', 'x-compute-request-id': 'req-0bf5ddba-e9b5-409b-91d5-00637f4b57e3', 'connection': 'close', 'content-type': 'application/json; charset=UTF-8', 'status': '404', 'content-location': 'http://[LB_IP_ADDRESS]:8774/v2.1/servers/ea38c68a-df0f-461c-a94b-ed05db506ce3'}
        Body: b'{"itemNotFound": {"code": 404, "message": "Instance ea38c68a-df0f-461c-a94b-ed05db506ce3 could not be found."}}'

{1} tempest.api.volume.test_volumes_negative.VolumesNegativeTest.test_create_volume_from_deactivated_image [0.360441s] ... ok
{1} tempest.api.volume.test_volumes_negative.VolumesNegativeTest.test_create_volume_from_image_with_decreasing_size [0.290723s] ... ok
{1} tempest.api.volume.test_volumes_negative.VolumesNegativeTest.test_create_volume_with_invalid_size [0.020436s] ... ok
{1} tempest.api.volume.test_volumes_negative.VolumesNegativeTest.test_create_volume_with_nonexistent_snapshot_id [0.027252s] ... ok
{1} tempest.api.volume.test_volumes_negative.VolumesNegativeTest.test_create_volume_with_nonexistent_source_volid [0.033532s] ... ok
{1} tempest.api.volume.test_volumes_negative.VolumesNegativeTest.test_create_volume_with_nonexistent_volume_type [0.024409s] ... ok
{1} tempest.api.volume.test_volumes_negative.VolumesNegativeTest.test_create_volume_with_size_negative [0.018884s] ... ok
{1} tempest.api.volume.test_volumes_negative.VolumesNegativeTest.test_create_volume_with_size_zero [0.019719s] ... ok
{1} tempest.api.volume.test_volumes_negative.VolumesNegativeTest.test_create_volume_without_passing_size [0.018898s] ... ok
{1} tempest.api.volume.test_volumes_negative.VolumesNegativeTest.test_delete_invalid_volume_id [0.026953s] ... ok
{1} tempest.api.volume.test_volumes_negative.VolumesNegativeTest.test_delete_volume_without_passing_volume_id [0.013621s] ... ok
{1} tempest.api.volume.test_volumes_negative.VolumesNegativeTest.test_detach_volumes_with_invalid_volume_id [0.037592s] ... ok
{1} tempest.api.volume.test_volumes_negative.VolumesNegativeTest.test_get_invalid_volume_id [0.027394s] ... ok
{1} tempest.api.volume.test_volumes_negative.VolumesNegativeTest.test_get_volume_without_passing_volume_id [0.013777s] ... ok
{1} tempest.api.volume.test_volumes_negative.VolumesNegativeTest.test_list_volumes_detail_with_invalid_status [0.057666s] ... ok
{1} tempest.api.volume.test_volumes_negative.VolumesNegativeTest.test_list_volumes_detail_with_nonexistent_name [0.046523s] ... ok
{1} tempest.api.volume.test_volumes_negative.VolumesNegativeTest.test_list_volumes_with_invalid_status [0.037317s] ... ok
{1} tempest.api.volume.test_volumes_negative.VolumesNegativeTest.test_list_volumes_with_nonexistent_name [0.033741s] ... ok
{1} tempest.api.volume.test_volumes_negative.VolumesNegativeTest.test_reserve_volume_with_negative_volume_status [0.121091s] ... ok
{1} tempest.api.volume.test_volumes_negative.VolumesNegativeTest.test_reserve_volume_with_nonexistent_volume_id [0.027867s] ... ok
{1} tempest.api.volume.test_volumes_negative.VolumesNegativeTest.test_unreserve_volume_with_nonexistent_volume_id [0.027256s] ... ok
{1} tempest.api.volume.test_volumes_negative.VolumesNegativeTest.test_update_volume_with_empty_volume_id [0.014207s] ... ok
{1} tempest.api.volume.test_volumes_negative.VolumesNegativeTest.test_update_volume_with_invalid_volume_id [0.030863s] ... ok
{1} tempest.api.volume.test_volumes_negative.VolumesNegativeTest.test_update_volume_with_nonexistent_volume_id [0.027660s] ... ok
{1} tempest.api.volume.test_volumes_negative.VolumesNegativeTest.test_volume_delete_nonexistent_volume_id [0.027671s] ... ok
{1} tempest.api.volume.test_volumes_negative.VolumesNegativeTest.test_volume_extend_with_None_size [0.014371s] ... ok
{1} tempest.api.volume.test_volumes_negative.VolumesNegativeTest.test_volume_extend_with_non_number_size [0.017501s] ... ok
{1} tempest.api.volume.test_volumes_negative.VolumesNegativeTest.test_volume_extend_with_nonexistent_volume_id [0.035700s] ... ok
{1} tempest.api.volume.test_volumes_negative.VolumesNegativeTest.test_volume_extend_with_size_smaller_than_original_size [0.018657s] ... ok
{1} tempest.api.volume.test_volumes_negative.VolumesNegativeTest.test_volume_extend_without_passing_volume_id [0.027990s] ... ok
{1} tempest.api.volume.test_volumes_negative.VolumesNegativeTest.test_volume_get_nonexistent_volume_id [0.027075s] ... ok

==============================
Failed 1 tests - output below:
==============================

tempest.api.volume.test_volumes_negative.VolumesNegativeTest.test_attach_volumes_with_nonexistent_volume_id[compute,id-f5e56b0a-5d02-43c1-a2a7-c9b792c2e3f6,negative]
---------------------------------------------------------------------------------------------------------------------------------------------------------------------

Captured traceback:
~~~~~~~~~~~~~~~~~~~
    Traceback (most recent call last):

      File "/usr/local/lib/python3.10/dist-packages/tempest/common/utils/__init__.py", line 65, in wrapper
    return f(*func_args, **func_kwargs)

      File "/usr/local/lib/python3.10/dist-packages/tempest/api/volume/test_volumes_negative.py", line 188, in test_attach_volumes_with_nonexistent_volume_id
    server = self.create_server()

      File "/usr/local/lib/python3.10/dist-packages/tempest/api/volume/base.py", line 270, in create_server
    body, _ = compute.create_test_server(

      File "/usr/local/lib/python3.10/dist-packages/tempest/common/compute.py", line 340, in create_test_server
    with excutils.save_and_reraise_exception():

      File "/usr/local/lib/python3.10/dist-packages/oslo_utils/excutils.py", line 227, in __exit__
    self.force_reraise()

      File "/usr/local/lib/python3.10/dist-packages/oslo_utils/excutils.py", line 200, in force_reraise
    raise self.value

      File "/usr/local/lib/python3.10/dist-packages/tempest/common/compute.py", line 323, in create_test_server
    server = waiters.wait_for_server_status(

      File "/usr/local/lib/python3.10/dist-packages/tempest/common/waiters.py", line 80, in wait_for_server_status
    raise exceptions.BuildErrorException(details, server_id=server_id)

    tempest.exceptions.BuildErrorException: Server ea38c68a-df0f-461c-a94b-ed05db506ce3 failed to build and is in ERROR status
Details: Fault: {'code': 500, 'created': '2025-01-29T13:50:49Z', 'message': 'Build of instance ea38c68a-df0f-461c-a94b-ed05db506ce3 aborted: Image b80cfd70-6556-4c17-aed0-61058bd55e62 is unacceptable: Image not in a supported format', 'details': 'Traceback (most recent call last):\n  File "/var/lib/kolla/venv/lib/python3.10/site-packages/nova/virt/images.py", line 185, in do_image_deep_inspection\n    inspector = get_image_format(path)\n  File "/var/lib/kolla/venv/lib/python3.10/site-packages/nova/virt/images.py", line 151, in get_image_format\n    if wrapper.formats:\nAttributeError: \'InspectWrapper\' object has no attribute \'formats\'\n\nDuring handling of the above exception, another exception occurred:\n\nTraceback (most recent call last):\n  File "/var/lib/kolla/venv/lib/python3.10/site-packages/nova/compute/manager.py", line 2648, in _build_and_run_instance\n    self.driver.spawn(context, instance, image_meta,\n  File "/var/lib/kolla/venv/lib/python3.10/site-packages/nova/virt/libvirt/driver.py", line 4791, in spawn\n    created_instance_dir, created_disks = self._create_image(\n  File "/var/lib/kolla/venv/lib/python3.10/site-packages/nova/virt/libvirt/driver.py", line 5202, in _create_image\n    created_disks = self._create_and_inject_local_root(\n  File "/var/lib/kolla/venv/lib/python3.10/site-packages/nova/virt/libvirt/driver.py", line 5331, in _create_and_inject_local_root\n    self._try_fetch_image_cache(backend, fetch_func, context,\n  File "/var/lib/kolla/venv/lib/python3.10/site-packages/nova/virt/libvirt/driver.py", line 11597, in _try_fetch_image_cache\n    image.cache(fetch_func=fetch_func,\n  File "/var/lib/kolla/venv/lib/python3.10/site-packages/nova/virt/libvirt/imagebackend.py", line 304, in cache\n    self.create_image(\n  File "/var/lib/kolla/venv/lib/python3.10/site-packages/nova/virt/libvirt/imagebackend.py", line 682, in create_image\n    prepare_template(target=base, *args, **kwargs)\n  File "/var/lib/kolla/venv/lib/python3.10/site-packages/oslo_concurrency/lockutils.py", line 412, in inner\n    return f(*args, **kwargs)\n  File "/var/lib/kolla/venv/lib/python3.10/site-packages/nova/virt/libvirt/imagebackend.py", line 301, in fetch_func_sync\n    fetch_func(target=target, *args, **kwargs)\n  File "/var/lib/kolla/venv/lib/python3.10/site-packages/nova/virt/libvirt/utils.py", line 495, in fetch_image\n    images.fetch_to_raw(context, image_id, target, trusted_certs)\n  File "/var/lib/kolla/venv/lib/python3.10/site-packages/nova/virt/images.py", line 235, in fetch_to_raw\n    force_format = do_image_deep_inspection(img, image_href, path_tmp)\n  File "/var/lib/kolla/venv/lib/python3.10/site-packages/nova/virt/images.py", line 216, in do_image_deep_inspection\n    raise exception.ImageUnacceptable(\nnova.exception.ImageUnacceptable: Image b80cfd70-6556-4c17-aed0-61058bd55e62 is unacceptable: Image not in a supported format\n\nDuring handling of the above exception, another exception occurred:\n\nTraceback (most recent call last):\n  File "/var/lib/kolla/venv/lib/python3.10/site-packages/nova/compute/manager.py", line 2463, in _do_build_and_run_instance\n    self._build_and_run_instance(context, instance, image,\n  File "/var/lib/kolla/venv/lib/python3.10/site-packages/nova/compute/manager.py", line 2733, in _build_and_run_instance\n    raise exception.BuildAbortException(instance_uuid=instance.uuid,\nnova.exception.BuildAbortException: Build of instance ea38c68a-df0f-461c-a94b-ed05db506ce3 aborted: Image b80cfd70-6556-4c17-aed0-61058bd55e62 is unacceptable: Image not in a supported format\n'}. Request ID of server operation performed before checking the server status req-4a685847-1f2d-4615-a7dc-97a757cf4d7f.


Captured pythonlogging:
~~~~~~~~~~~~~~~~~~~~~~~
    2025-01-29 13:50:33,243 11053 INFO     [tempest.lib.common.rest_client] Request (VolumesNegativeTest:test_attach_volumes_with_nonexistent_volume_id): 201 POST http://controller:5000/v3/auth/tokens 0.353s
2025-01-29 13:50:33,244 11053 DEBUG    [tempest.lib.common.rest_client] Request - Headers: {'Content-Type': 'application/json', 'Accept': 'application/json'}
        Body: <omitted>
    Response - Headers: {'date': 'Wed, 29 Jan 2025 13:50:32 GMT', 'server': 'Apache', 'content-length': '3305', 'x-subject-token': '<omitted>', 'vary': 'X-Auth-Token', 'x-openstack-request-id': 'req-cbc942c6-117f-4426-88ee-dc3a4946f8d1', 'connection': 'close', 'content-type': 'application/json', 'status': '201', 'content-location': 'http://controller:5000/v3/auth/tokens'}
        Body: b'{"token": {"methods": ["password"], "user": {"domain": {"id": "default", "name": "Default"}, "id": "1fac4cb5a45f48f0b4074d1dfc2639cb", "name": "tempest-VolumesNegativeTest-714231144-project-member", "password_expires_at": null}, "audit_ids": ["l-EqQdXRQPWYzal88q0E5w"], "expires_at": "2025-01-30T13:50:33.000000Z", "issued_at": "2025-01-29T13:50:33.000000Z", "project": {"domain": {"id": "default", "name": "Default"}, "id": "08828aff86a54657beb539e8ea3c4fa5", "name": "tempest-VolumesNegativeTest-714231144"}, "is_domain": false, "roles": [{"id": "9b5414f302fc4fa5967a33a4a0a7af5f", "name": "reader"}, {"id": "b4b43a54a6b84614aa0118dc7f2219ff", "name": "admin"}, {"id": "b03f5fd51d9941bd9cdd7bd39e2a7c04", "name": "manager"}, {"id": "d41a38c9832048abb6a9dfd4dbc74cfb", "name": "member"}], "catalog": [{"endpoints": [{"id": "2d84316125d94cfd8146d5b0a63e5a09", "interface": "internal", "region_id": "RegionOne", "url": "http://[LB_IP_ADDRESS]:8774/v2.1", "region": "RegionOne"}, {"id": "9013fb75082548db9f7f93fb240e4eb5", "interface": "public", "region_id": "RegionOne", "url": "http://[LB_IP_ADDRESS]:8774/v2.1", "region": "RegionOne"}], "id": "13d3e8ca59fa4239b3c1d89ae5d18d46", "type": "compute", "name": "nova"}, {"endpoints": [{"id": "77c8e2017f43470b88628c80f150af2b", "interface": "internal", "region_id": "RegionOne", "url": "http://[LB_IP_ADDRESS]:9292", "region": "RegionOne"}, {"id": "e94bf45a1fc54e4cb799150fec3c553b", "interface": "public", "region_id": "RegionOne", "url": "http://[LB_IP_ADDRESS]:9292", "region": "RegionOne"}], "id": "90b803829c864609a11a3c5d7f5ca4eb", "type": "image", "name": "glance"}, {"endpoints": [{"id": "8b71863b3909475da0399630a257e299", "interface": "internal", "region_id": "RegionOne", "url": "http://[LB_IP_ADDRESS]:9696", "region": "RegionOne"}, {"id": "eb4192e695634cefa076525cad0faf40", "interface": "public", "region_id": "RegionOne", "url": "http://[LB_IP_ADDRESS]:9696", "region": "RegionOne"}], "id": "bf4bf859a64d4edca2a8af930c8d4870", "type": "network", "name": "neutron"}, {"endpoints": [{"id": "5b0d15dd76004491bfc44d0f148a605a", "interface": "internal", "region_id": "RegionOne", "url": "http://[LB_IP_ADDRESS]:8776/v3/08828aff86a54657beb539e8ea3c4fa5", "region": "RegionOne"}, {"id": "6b764d1b63e94e0b8f2a952fd9d43b4b", "interface": "public", "region_id": "RegionOne", "url": "http://[LB_IP_ADDRESS]:8776/v3/08828aff86a54657beb539e8ea3c4fa5", "region": "RegionOne"}], "id": "c7ce27009e2f497a8865aab4450f3a0c", "type": "volumev3", "name": "cinderv3"}, {"endpoints": [{"id": "21b3252d38cb4d2ca55bf8a344d9a093", "interface": "internal", "region_id": "RegionOne", "url": "http://[LB_IP_ADDRESS]:8780", "region": "RegionOne"}, {"id": "d9a25e3380c044b1b62ea881654ae1da", "interface": "public", "region_id": "RegionOne", "url": "http://[LB_IP_ADDRESS]:8780", "region": "RegionOne"}], "id": "e25e12f5148340b8a259bebfaaef5308", "type": "placement", "name": "placement"}, {"endpoints": [{"id": "14144c8e6cf74e2384f9070a5dae2ccc", "interface": "internal", "region_id": "RegionOne", "url": "http://[LB_IP_ADDRESS]:5000", "region": "RegionOne"}, {"id": "5d7337de6ab24e04a0c315fe8d9aa663", "interface": "public", "region_id": "RegionOne", "url": "http://[LB_IP_ADDRESS]:5000", "region": "RegionOne"}], "id": "fa7fafa7b3194e9caacbd6e67b6aaa0f", "type": "identity", "name": "keystone"}]}}'
2025-01-29 1
    3:50:33,244 11053 DEBUG    [tempest.lib.common.dynamic_creds] Creating new dynamic creds for scope: None and credential_type: admin
2025-01-29 13:50:33,306 11053 INFO     [tempest.lib.common.rest_client] Request (VolumesNegativeTest:test_attach_volumes_with_nonexistent_volume_id): 201 POST http://[LB_IP_ADDRESS]:5000/v3/projects 0.061s
2025-01-29 13:50:33,306 11053 DEBUG    [tempest.lib.common.rest_client] Request - Headers: {'Content-Type': 'application/json', 'Accept': 'application/json', 'X-Auth-Token': '<omitted>'}
        Body: {"project": {"description": "tempest-VolumesNegativeTest-1650053706-desc", "domain_id": "default", "name": "tempest-VolumesNegativeTest-1650053706"}}
    Response - Headers: {'date': 'Wed, 29 Jan 2025 13:50:33 GMT', 'server': 'Apache', 'content-length': '373', 'vary': 'X-Auth-Token', 'x-openstack-request-id': 'req-155593fe-8b21-4615-9e29-4d5978e9a299', 'connection': 'close', 'content-type': 'application/json', 'status': '201', 'content-location': 'http://[LB_IP_ADDRESS]:5000/v3/projects'}
        Body: b'{"project": {"id": "79962265dcb94570b25281374392587e", "name": "tempest-VolumesNegativeTest-1650053706", "domain_id": "default", "description": "tempest-VolumesNegativeTest-1650053706-desc", "enabled": true, "parent_id": "default", "is_domain": false, "tags": [], "options": {}, "links": {"self": "http://[LB_IP_ADDRESS]:5000/v3/projects/79962265dcb94570b25281374392587e"}}}\n'
2025-01-29 13:50:33,671 11053 INFO     [tempest.lib.common.rest_client] Request (VolumesNegativeTest:test_attach_volumes_with_nonexistent_volume_id): 201 POST http://[LB_IP_ADDRESS]:5000/v3/users 0.364s
2025-01-29 13:50:33,671 11053 DEBUG    [tempest.lib.common.rest_client] Request - Headers: {'Content-Type': 'application/json', 'Accept': 'application/json', 'X-Auth-Token': '<omitted>'}
        Body: {"user": {"name": "tempest-VolumesNegativeTest-1650053706-project-admin", "password": "D5_AUDu5b7!BdPI", "domain_id": "default"}}
    Response - Headers: {'date': 'Wed, 29 Jan 2025 13:50:33 GMT', 'server': 'Apache', 'content-length': '292', 'vary': 'X-Auth-Token', 'x-openstack-request-id': 'req-1a021035-2eb1-4097-ad88-3234ac916081', 'connection': 'close', 'content-type': 'application/json', 'status': '201', 'content-location': 'http://[LB_IP_ADDRESS]:5000/v3/users'}
        Body: b'{"user": {"id": "ad7eac544cde42ba90478a1396142b7d", "name": "tempest-VolumesNegativeTest-1650053706-project-admin", "domain_id": "default", "enabled": true, "password_expires_at": null, "options": {}, "links": {"self": "http://[LB_IP_ADDRESS]:5000/v3/users/ad7eac544cde42ba90478a1396142b7d"}}}\n'
2025-01-29 13:50:33,703 11053 INFO     [tempest.lib.common.rest_client] Request (VolumesNegativeTest:test_attach_volumes_with_nonexistent_volume_id): 200 GET http://[LB_IP_ADDRESS]:5000/v3/roles 0.031s
2025-01-29 13:50:33,703 11053 DEBUG    [tempest.lib.common.rest_client] Request - Headers: {'Content-Type': 'application/json', 'Accept': 'application/json', 'X-Auth-Token': '<omitted>'}
        Body: None
    Response - Headers: {'date': 'Wed, 29 Jan 2025 13:50:33 GMT', 'server': 'Apache', 'content-length': '1222', 'vary': 'X-Auth-Token', 'x-openstack-request-id': 'req-139f1c6b-b79d-4ce6-8457-402c0e72d528', 'connection': 'close', 'content-type': 'application/json', 'status': '200', 'content-location': 'http://[LB_IP_ADDRESS]:5000/v3/roles'}
        Body: b'{"roles": [{"id": "9b5414f302fc4fa5967a33a4a0a7af5f", "name": "reader", "domain_id": null, "description": null, "options": {"immutable": true}, "links": {"self": "http://[LB_IP_ADDRESS]:5000/v3/roles/9b5414f302fc4fa5967a33a4a0a7af5f"}}, {"id": "a862e0b380b14de0b58f51b66b64eda5", "name": "service", "domain_id": null, "description": null, "options": {"immutable": true}, "links": {"self": "http://[LB_IP_ADDRESS]:5000/v3/roles/a862e0b380b14de0b58f51b66b64eda5"}}, {"id": "b03f5fd51d9941bd9cdd7bd39e2a7c04", "name": "manager", "domain_id": null, "description": null, "options": {"immutable": true}, "links": {"self": "http://[LB_IP_ADDRESS]:5000/v3/roles/b03f5fd51d9941bd9cdd7bd39e2a7c04"}}, {"id": "b4b43a54a6b84614aa0118dc7f2219ff", "na
    me": "admin", "domain_id": null, "description": null, "options": {"immutable": true}, "links": {"self": "http://[LB_IP_ADDRESS]:5000/v3/roles/b4b43a54a6b84614aa0118dc7f2219ff"}}, {"id": "d41a38c9832048abb6a9dfd4dbc74cfb", "name": "member", "domain_id": null, "description": null, "options": {"immutable": true}, "links": {"self": "http://[LB_IP_ADDRESS]:5000/v3/roles/d41a38c9832048abb6a9dfd4dbc74cfb"}}], "links": {"next": null, "self": "http://[LB_IP_ADDRESS]:5000/v3/roles", "previous": null}}\n'
2025-01-29 13:50:33,739 11053 INFO     [tempest.lib.common.rest_client] Request (VolumesNegativeTest:test_attach_volumes_with_nonexistent_volume_id): 204 PUT http://[LB_IP_ADDRESS]:5000/v3/projects/79962265dcb94570b25281374392587e/users/ad7eac544cde42ba90478a1396142b7d/roles/b4b43a54a6b84614aa0118dc7f2219ff 0.035s
2025-01-29 13:50:33,740 11053 DEBUG    [tempest.lib.common.rest_client] Request - Headers: {'Content-Type': 'application/json', 'Accept': 'application/json', 'X-Auth-Token': '<omitted>'}
        Body: None
    Response - Headers: {'date': 'Wed, 29 Jan 2025 13:50:33 GMT', 'server': 'Apache', 'vary': 'X-Auth-Token', 'x-openstack-request-id': 'req-e145acc4-ab53-4d7a-8f72-d0497208efd5', 'connection': 'close', 'status': '204', 'content-location': 'http://[LB_IP_ADDRESS]:5000/v3/projects/79962265dcb94570b25281374392587e/users/ad7eac544cde42ba90478a1396142b7d/roles/b4b43a54a6b84614aa0118dc7f2219ff'}
        Body: b''
2025-01-29 13:50:33,794 11053 INFO     [tempest.lib.common.rest_client] Request (VolumesNegativeTest:test_attach_volumes_with_nonexistent_volume_id): 200 GET http://[LB_IP_ADDRESS]:5000/v3/roles 0.053s
2025-01-29 13:50:33,794 11053 DEBUG    [tempest.lib.common.rest_client] Request - Headers: {'Content-Type': 'application/json', 'Accept': 'application/json', 'X-Auth-Token': '<omitted>'}
        Body: None
    Response - Headers: {'date': 'Wed, 29 Jan 2025 13:50:33 GMT', 'server': 'Apache', 'content-length': '1222', 'vary': 'X-Auth-Token', 'x-openstack-request-id': 'req-2dfffb9b-8bd1-4a7f-927f-5a1bd5c280cc', 'connection': 'close', 'content-type': 'application/json', 'status': '200', 'content-location': 'http://[LB_IP_ADDRESS]:5000/v3/roles'}
        Body: b'{"roles": [{"id": "9b5414f302fc4fa5967a33a4a0a7af5f", "name": "reader", "domain_id": null, "description": null, "options": {"immutable": true}, "links": {"self": "http://[LB_IP_ADDRESS]:5000/v3/roles/9b5414f302fc4fa5967a33a4a0a7af5f"}}, {"id": "a862e0b380b14de0b58f51b66b64eda5", "name": "service", "domain_id": null, "description": null, "options": {"immutable": true}, "links": {"self": "http://[LB_IP_ADDRESS]:5000/v3/roles/a862e0b380b14de0b58f51b66b64eda5"}}, {"id": "b03f5fd51d9941bd9cdd7bd39e2a7c04", "name": "manager", "domain_id": null, "description": null, "options": {"immutable": true}, "links": {"self": "http://[LB_IP_ADDRESS]:5000/v3/roles/b03f5fd51d9941bd9cdd7bd39e2a7c04"}}, {"id": "b4b43a54a6b84614aa0118dc7f2219ff", "name": "admin", "domain_id": null, "description": null, "options": {"immutable": true}, "links": {"self": "http://[LB_IP_ADDRESS]:5000/v3/roles/b4b43a54a6b84614aa0118dc7f2219ff"}}, {"id": "d41a38c9832048abb6a9dfd4dbc74cfb", "name": "member", "domain_id": null, "description": null, "options": {"immutable": true}, "links": {"self": "http://[LB_IP_ADDRESS]:5000/v3/roles/d41a38c9832048abb6a9dfd4dbc74cfb"}}], "links": {"next": null, "self": "http://[LB_IP_ADDRESS]:5000/v3/roles", "previous": null}}\n'
2025-01-29 13:50:33,824 11053 INFO     [tempest.lib.common.rest_client] Request (VolumesNegativeTest:test_attach_volumes_with_nonexistent_volume_id): 204 PUT http://[LB_IP_ADDRESS]:5000/v3/domains/default/users/ad7eac544cde42ba90478a1396142b7d/roles/b4b43a54a6b84614aa0118dc7f2219ff 0.029s
2025-01-29 13:50:33,824 11053 DEBUG    [tempest.lib.common.rest_client] Request - Headers: {'Content-Type': 'application/json', 'Accept': 'application/json', 'X-Auth-Token': '<omitted>'}
        Body: None
    Response - Headers: {'date': 'Wed, 29 Jan 2025 13:50:33 GMT', 'server': 'Apache', 'vary': 'X-Auth-Token', 'x-openstack-request-id': 'req-8d043749-2896-40a9-85e3-84903a1d3648', 'connection
    ': 'close', 'status': '204', 'content-location': 'http://[LB_IP_ADDRESS]:5000/v3/domains/default/users/ad7eac544cde42ba90478a1396142b7d/roles/b4b43a54a6b84614aa0118dc7f2219ff'}
        Body: b''
2025-01-29 13:50:33,880 11053 INFO     [tempest.lib.common.rest_client] Request (VolumesNegativeTest:test_attach_volumes_with_nonexistent_volume_id): 200 GET http://[LB_IP_ADDRESS]:5000/v3/roles 0.055s
2025-01-29 13:50:33,880 11053 DEBUG    [tempest.lib.common.rest_client] Request - Headers: {'Content-Type': 'application/json', 'Accept': 'application/json', 'X-Auth-Token': '<omitted>'}
        Body: None
    Response - Headers: {'date': 'Wed, 29 Jan 2025 13:50:33 GMT', 'server': 'Apache', 'content-length': '1222', 'vary': 'X-Auth-Token', 'x-openstack-request-id': 'req-2f78c8e1-99be-41e1-aa11-c698eb489187', 'connection': 'close', 'content-type': 'application/json', 'status': '200', 'content-location': 'http://[LB_IP_ADDRESS]:5000/v3/roles'}
        Body: b'{"roles": [{"id": "9b5414f302fc4fa5967a33a4a0a7af5f", "name": "reader", "domain_id": null, "description": null, "options": {"immutable": true}, "links": {"self": "http://[LB_IP_ADDRESS]:5000/v3/roles/9b5414f302fc4fa5967a33a4a0a7af5f"}}, {"id": "a862e0b380b14de0b58f51b66b64eda5", "name": "service", "domain_id": null, "description": null, "options": {"immutable": true}, "links": {"self": "http://[LB_IP_ADDRESS]:5000/v3/roles/a862e0b380b14de0b58f51b66b64eda5"}}, {"id": "b03f5fd51d9941bd9cdd7bd39e2a7c04", "name": "manager", "domain_id": null, "description": null, "options": {"immutable": true}, "links": {"self": "http://[LB_IP_ADDRESS]:5000/v3/roles/b03f5fd51d9941bd9cdd7bd39e2a7c04"}}, {"id": "b4b43a54a6b84614aa0118dc7f2219ff", "name": "admin", "domain_id": null, "description": null, "options": {"immutable": true}, "links": {"self": "http://[LB_IP_ADDRESS]:5000/v3/roles/b4b43a54a6b84614aa0118dc7f2219ff"}}, {"id": "d41a38c9832048abb6a9dfd4dbc74cfb", "name": "member", "domain_id": null, "description": null, "options": {"immutable": true}, "links": {"self": "http://[LB_IP_ADDRESS]:5000/v3/roles/d41a38c9832048abb6a9dfd4dbc74cfb"}}], "links": {"next": null, "self": "http://[LB_IP_ADDRESS]:5000/v3/roles", "previous": null}}\n'
2025-01-29 13:50:33,907 11053 INFO     [tempest.lib.common.rest_client] Request (VolumesNegativeTest:test_attach_volumes_with_nonexistent_volume_id): 204 PUT http://[LB_IP_ADDRESS]:5000/v3/projects/79962265dcb94570b25281374392587e/users/ad7eac544cde42ba90478a1396142b7d/roles/b4b43a54a6b84614aa0118dc7f2219ff 0.026s
2025-01-29 13:50:33,907 11053 DEBUG    [tempest.lib.common.rest_client] Request - Headers: {'Content-Type': 'application/json', 'Accept': 'application/json', 'X-Auth-Token': '<omitted>'}
        Body: None
    Response - Headers: {'date': 'Wed, 29 Jan 2025 13:50:33 GMT', 'server': 'Apache', 'vary': 'X-Auth-Token', 'x-openstack-request-id': 'req-41e05308-8a80-4b17-a3e0-c156d6c070c8', 'connection': 'close', 'status': '204', 'content-location': 'http://[LB_IP_ADDRESS]:5000/v3/projects/79962265dcb94570b25281374392587e/users/ad7eac544cde42ba90478a1396142b7d/roles/b4b43a54a6b84614aa0118dc7f2219ff'}
        Body: b''
2025-01-29 13:50:33,958 11053 INFO     [tempest.lib.common.rest_client] Request (VolumesNegativeTest:test_attach_volumes_with_nonexistent_volume_id): 200 GET http://[LB_IP_ADDRESS]:5000/v3/roles 0.049s
2025-01-29 13:50:33,958 11053 DEBUG    [tempest.lib.common.rest_client] Request - Headers: {'Content-Type': 'application/json', 'Accept': 'application/json', 'X-Auth-Token': '<omitted>'}
        Body: None
    Response - Headers: {'date': 'Wed, 29 Jan 2025 13:50:33 GMT', 'server': 'Apache', 'content-length': '1222', 'vary': 'X-Auth-Token', 'x-openstack-request-id': 'req-d447d5b9-4d45-491a-8e19-69c998056540', 'connection': 'close', 'content-type': 'application/json', 'status': '200', 'content-location': 'http://[LB_IP_ADDRESS]:5000/v3/roles'}
        Body: b'{"roles": [{"id": "9b5414f302fc4fa5967a33a4a0a7af5f", "name": "reader", "domain_id": null, "description": null, "options": {"immutable": true}, "links": {"self": "http://[LB_IP_ADDRESS]:5000/v3/roles/9b5414f302fc4fa5967a33a4a0
    a7af5f"}}, {"id": "a862e0b380b14de0b58f51b66b64eda5", "name": "service", "domain_id": null, "description": null, "options": {"immutable": true}, "links": {"self": "http://[LB_IP_ADDRESS]:5000/v3/roles/a862e0b380b14de0b58f51b66b64eda5"}}, {"id": "b03f5fd51d9941bd9cdd7bd39e2a7c04", "name": "manager", "domain_id": null, "description": null, "options": {"immutable": true}, "links": {"self": "http://[LB_IP_ADDRESS]:5000/v3/roles/b03f5fd51d9941bd9cdd7bd39e2a7c04"}}, {"id": "b4b43a54a6b84614aa0118dc7f2219ff", "name": "admin", "domain_id": null, "description": null, "options": {"immutable": true}, "links": {"self": "http://[LB_IP_ADDRESS]:5000/v3/roles/b4b43a54a6b84614aa0118dc7f2219ff"}}, {"id": "d41a38c9832048abb6a9dfd4dbc74cfb", "name": "member", "domain_id": null, "description": null, "options": {"immutable": true}, "links": {"self": "http://[LB_IP_ADDRESS]:5000/v3/roles/d41a38c9832048abb6a9dfd4dbc74cfb"}}], "links": {"next": null, "self": "http://[LB_IP_ADDRESS]:5000/v3/roles", "previous": null}}\n'
2025-01-29 13:50:33,984 11053 INFO     [tempest.lib.common.rest_client] Request (VolumesNegativeTest:test_attach_volumes_with_nonexistent_volume_id): 204 PUT http://[LB_IP_ADDRESS]:5000/v3/projects/79962265dcb94570b25281374392587e/users/ad7eac544cde42ba90478a1396142b7d/roles/b4b43a54a6b84614aa0118dc7f2219ff 0.025s
2025-01-29 13:50:33,985 11053 DEBUG    [tempest.lib.common.rest_client] Request - Headers: {'Content-Type': 'application/json', 'Accept': 'application/json', 'X-Auth-Token': '<omitted>'}
        Body: None
    Response - Headers: {'date': 'Wed, 29 Jan 2025 13:50:33 GMT', 'server': 'Apache', 'vary': 'X-Auth-Token', 'x-openstack-request-id': 'req-b00889bb-4aa4-439f-a681-1ba70fb1633b', 'connection': 'close', 'status': '204', 'content-location': 'http://[LB_IP_ADDRESS]:5000/v3/projects/79962265dcb94570b25281374392587e/users/ad7eac544cde42ba90478a1396142b7d/roles/b4b43a54a6b84614aa0118dc7f2219ff'}
        Body: b''
2025-01-29 13:50:33,985 11053 INFO     [tempest.lib.common.dynamic_creds] Dynamic test user ad7eac544cde42ba90478a1396142b7d is created with scope project and roles: ['admin', 'admin']
2025-01-29 13:50:33,985 11053 INFO     [tempest.lib.common.dynamic_creds] Acquired dynamic creds:
 credentials: Credentials: {'domain_id': 'default', 'domain_name': 'Default', 'username': 'tempest-VolumesNegativeTest-1650053706-project-admin', 'project_domain_id': 'default', 'project_domain_name': 'Default', 'project_id': '79962265dcb94570b25281374392587e', 'project_name': 'tempest-VolumesNegativeTest-1650053706', 'tenant_id': '79962265dcb94570b25281374392587e', 'tenant_name': 'tempest-VolumesNegativeTest-1650053706', 'user_domain_id': 'default', 'user_domain_name': 'Default', 'user_id': 'ad7eac544cde42ba90478a1396142b7d', 'system': None}, Network: None, Subnet: None, Router: None
2025-01-29 13:50:33,991 11053 INFO     [tempest.lib.common.fixed_network] (VolumesNegativeTest:test_attach_volumes_with_nonexistent_volume_id) Found network None available for tenant
2025-01-29 13:50:34,210 11053 INFO     [tempest.lib.common.rest_client] Request (VolumesNegativeTest:test_attach_volumes_with_nonexistent_volume_id): 202 POST http://[LB_IP_ADDRESS]:8774/v2.1/servers 0.218s
2025-01-29 13:50:34,211 11053 DEBUG    [tempest.lib.common.rest_client] Request - Headers: {'Content-Type': 'application/json', 'Accept': 'application/json', 'X-Auth-Token': '<omitted>'}
        Body: {"server": {"name": "tempest-VolumesNegativeTest-instance-122100336", "imageRef": "b80cfd70-6556-4c17-aed0-61058bd55e62", "flavorRef": "0"}}
    Response - Headers: {'date': 'Wed, 29 Jan 2025 13:50:33 GMT', 'server': 'Apache/2.4.52 (Ubuntu)', 'content-length': '378', 'location': 'http://[LB_IP_ADDRESS]:8774/v2.1/servers/ea38c68a-df0f-461c-a94b-ed05db506ce3', 'openstack-api-version': 'compute 2.1', 'x-openstack-nova-api-version': '2.1', 'vary': 'OpenStack-API-Version,X-OpenStack-Nova-API-Version', 'x-openstack-request-id': 'req-4a685847-1f2d-4615-a7dc-97a757cf4d7f', 'x-compute-request-id': 'req-4a685847-1f2d-4615-a7dc-97a757cf4d7f', 'connection': 'close', 'content-type': 'application/json', 'sta
    tus': '202', 'content-location': 'http://[LB_IP_ADDRESS]:8774/v2.1/servers'}
        Body: b'{"server": {"id": "ea38c68a-df0f-461c-a94b-ed05db506ce3", "links": [{"rel": "self", "href": "http://[LB_IP_ADDRESS]:8774/v2.1/servers/ea38c68a-df0f-461c-a94b-ed05db506ce3"}, {"rel": "bookmark", "href": "http://[LB_IP_ADDRESS]:8774/servers/ea38c68a-df0f-461c-a94b-ed05db506ce3"}], "OS-DCF:diskConfig": "MANUAL", "security_groups": [{"name": "default"}], "adminPass": "dJvYaakBRVU9"}}'
2025-01-29 13:50:34,277 11053 INFO     [tempest.lib.common.rest_client] Request (VolumesNegativeTest:test_attach_volumes_with_nonexistent_volume_id): 200 GET http://[LB_IP_ADDRESS]:8774/v2.1/servers/ea38c68a-df0f-461c-a94b-ed05db506ce3 0.063s
2025-01-29 13:50:34,277 11053 DEBUG    [tempest.lib.common.rest_client] Request - Headers: {'Content-Type': 'application/json', 'Accept': 'application/json', 'X-Auth-Token': '<omitted>'}
        Body: None
    Response - Headers: {'date': 'Wed, 29 Jan 2025 13:50:34 GMT', 'server': 'Apache/2.4.52 (Ubuntu)', 'content-length': '1318', 'openstack-api-version': 'compute 2.1', 'x-openstack-nova-api-version': '2.1', 'vary': 'OpenStack-API-Version,X-OpenStack-Nova-API-Version', 'x-openstack-request-id': 'req-0ba48439-4d61-4275-8ded-2501e062fa40', 'x-compute-request-id': 'req-0ba48439-4d61-4275-8ded-2501e062fa40', 'connection': 'close', 'content-type': 'application/json', 'status': '200', 'content-location': 'http://[LB_IP_ADDRESS]:8774/v2.1/servers/ea38c68a-df0f-461c-a94b-ed05db506ce3'}
        Body: b'{"server": {"id": "ea38c68a-df0f-461c-a94b-ed05db506ce3", "name": "tempest-VolumesNegativeTest-instance-122100336", "status": "BUILD", "tenant_id": "08828aff86a54657beb539e8ea3c4fa5", "user_id": "1fac4cb5a45f48f0b4074d1dfc2639cb", "metadata": {}, "hostId": "", "image": {"id": "b80cfd70-6556-4c17-aed0-61058bd55e62", "links": [{"rel": "bookmark", "href": "http://[LB_IP_ADDRESS]:8774/images/b80cfd70-6556-4c17-aed0-61058bd55e62"}]}, "flavor": {"id": "0", "links": [{"rel": "bookmark", "href": "http://[LB_IP_ADDRESS]:8774/flavors/0"}]}, "created": "2025-01-29T13:50:34Z", "updated": "2025-01-29T13:50:34Z", "addresses": {}, "accessIPv4": "", "accessIPv6": "", "links": [{"rel": "self", "href": "http://[LB_IP_ADDRESS]:8774/v2.1/servers/ea38c68a-df0f-461c-a94b-ed05db506ce3"}, {"rel": "bookmark", "href": "http://[LB_IP_ADDRESS]:8774/servers/ea38c68a-df0f-461c-a94b-ed05db506ce3"}], "OS-DCF:diskConfig": "MANUAL", "progress": 0, "OS-EXT-AZ:availability_zone": "", "config_drive": "", "key_name": null, "OS-SRV-USG:launched_at": null, "OS-SRV-USG:terminated_at": null, "OS-EXT-SRV-ATTR:host": null, "OS-EXT-SRV-ATTR:instance_name": "", "OS-EXT-SRV-ATTR:hypervisor_hostname": null, "OS-EXT-STS:task_state": "scheduling", "OS-EXT-STS:vm_state": "building", "OS-EXT-STS:power_state": 0, "os-extended-volumes:volumes_attached": []}}'
2025-01-29 13:50:35,395 11053 INFO     [tempest.lib.common.rest_client] Request (VolumesNegativeTest:test_attach_volumes_with_nonexistent_volume_id): 200 GET http://[LB_IP_ADDRESS]:8774/v2.1/servers/ea38c68a-df0f-461c-a94b-ed05db506ce3 0.099s
2025-01-29 13:50:35,396 11053 DEBUG    [tempest.lib.common.rest_client] Request - Headers: {'Content-Type': 'application/json', 'Accept': 'application/json', 'X-Auth-Token': '<omitted>'}
        Body: None
    Response - Headers: {'date': 'Wed, 29 Jan 2025 13:50:35 GMT', 'server': 'Apache/2.4.52 (Ubuntu)', 'content-length': '1339', 'openstack-api-version': 'compute 2.1', 'x-openstack-nova-api-version': '2.1', 'vary': 'OpenStack-API-Version,X-OpenStack-Nova-API-Version', 'x-openstack-request-id': 'req-bf5f8b8d-d433-456d-b74a-fa7d51f4897c', 'x-compute-request-id': 'req-bf5f8b8d-d433-456d-b74a-fa7d51f4897c', 'connection': 'close', 'content-type': 'application/json', 'status': '200', 'content-location': 'http://[LB_IP_ADDRESS]:8774/v2.1/servers/ea38c68a-df0f-461c-a94b-ed05db506ce3'}
        Body: b'{"server": {"id": "ea38c68a-df0f-461c-a94b-ed05db506ce3", "name": "tempest-VolumesNegativeTest-instance-122100336", "status": "BUILD", "tenant_id": "08828aff86a54657beb539e8ea3c4fa5", "user_id": "1fac4cb5a45f48f0b40
    74d1dfc2639cb", "metadata": {}, "hostId": "", "image": {"id": "b80cfd70-6556-4c17-aed0-61058bd55e62", "links": [{"rel": "bookmark", "href": "http://[LB_IP_ADDRESS]:8774/images/b80cfd70-6556-4c17-aed0-61058bd55e62"}]}, "flavor": {"id": "0", "links": [{"rel": "bookmark", "href": "http://[LB_IP_ADDRESS]:8774/flavors/0"}]}, "created": "2025-01-29T13:50:34Z", "updated": "2025-01-29T13:50:35Z", "addresses": {}, "accessIPv4": "", "accessIPv6": "", "links": [{"rel": "self", "href": "http://[LB_IP_ADDRESS]:8774/v2.1/servers/ea38c68a-df0f-461c-a94b-ed05db506ce3"}, {"rel": "bookmark", "href": "http://[LB_IP_ADDRESS]:8774/servers/ea38c68a-df0f-461c-a94b-ed05db506ce3"}], "OS-DCF:diskConfig": "MANUAL", "progress": 0, "OS-EXT-AZ:availability_zone": "nova", "config_drive": "", "key_name": null, "OS-SRV-USG:launched_at": null, "OS-SRV-USG:terminated_at": null, "OS-EXT-SRV-ATTR:host": null, "OS-EXT-SRV-ATTR:instance_name": "instance-00000015", "OS-EXT-SRV-ATTR:hypervisor_hostname": null, "OS-EXT-STS:task_state": "scheduling", "OS-EXT-STS:vm_state": "building", "OS-EXT-STS:power_state": 0, "os-extended-volumes:volumes_attached": []}}'
2025-01-29 13:50:36,508 11053 INFO     [tempest.lib.common.rest_client] Request (VolumesNegativeTest:test_attach_volumes_with_nonexistent_volume_id): 200 GET http://[LB_IP_ADDRESS]:8774/v2.1/servers/ea38c68a-df0f-461c-a94b-ed05db506ce3 0.094s
2025-01-29 13:50:36,508 11053 DEBUG    [tempest.lib.common.rest_client] Request - Headers: {'Content-Type': 'application/json', 'Accept': 'application/json', 'X-Auth-Token': '<omitted>'}
        Body: None
    Response - Headers: {'date': 'Wed, 29 Jan 2025 13:50:36 GMT', 'server': 'Apache/2.4.52 (Ubuntu)', 'content-length': '1331', 'openstack-api-version': 'compute 2.1', 'x-openstack-nova-api-version': '2.1', 'vary': 'OpenStack-API-Version,X-OpenStack-Nova-API-Version', 'x-openstack-request-id': 'req-91d2a9d9-d8f8-4f8e-9f94-6812d56bb6b7', 'x-compute-request-id': 'req-91d2a9d9-d8f8-4f8e-9f94-6812d56bb6b7', 'connection': 'close', 'content-type': 'application/json', 'status': '200', 'content-location': 'http://[LB_IP_ADDRESS]:8774/v2.1/servers/ea38c68a-df0f-461c-a94b-ed05db506ce3'}
        Body: b'{"server": {"id": "ea38c68a-df0f-461c-a94b-ed05db506ce3", "name": "tempest-VolumesNegativeTest-instance-122100336", "status": "BUILD", "tenant_id": "08828aff86a54657beb539e8ea3c4fa5", "user_id": "1fac4cb5a45f48f0b4074d1dfc2639cb", "metadata": {}, "hostId": "", "image": {"id": "b80cfd70-6556-4c17-aed0-61058bd55e62", "links": [{"rel": "bookmark", "href": "http://[LB_IP_ADDRESS]:8774/images/b80cfd70-6556-4c17-aed0-61058bd55e62"}]}, "flavor": {"id": "0", "links": [{"rel": "bookmark", "href": "http://[LB_IP_ADDRESS]:8774/flavors/0"}]}, "created": "2025-01-29T13:50:34Z", "updated": "2025-01-29T13:50:35Z", "addresses": {}, "accessIPv4": "", "accessIPv6": "", "links": [{"rel": "self", "href": "http://[LB_IP_ADDRESS]:8774/v2.1/servers/ea38c68a-df0f-461c-a94b-ed05db506ce3"}, {"rel": "bookmark", "href": "http://[LB_IP_ADDRESS]:8774/servers/ea38c68a-df0f-461c-a94b-ed05db506ce3"}], "OS-DCF:diskConfig": "MANUAL", "progress": 0, "OS-EXT-AZ:availability_zone": "nova", "config_drive": "", "key_name": null, "OS-SRV-USG:launched_at": null, "OS-SRV-USG:terminated_at": null, "OS-EXT-SRV-ATTR:host": null, "OS-EXT-SRV-ATTR:instance_name": "instance-00000015", "OS-EXT-SRV-ATTR:hypervisor_hostname": null, "OS-EXT-STS:task_state": null, "OS-EXT-STS:vm_state": "building", "OS-EXT-STS:power_state": 0, "os-extended-volumes:volumes_attached": []}}'
2025-01-29 13:50:36,525 11053 INFO     [tempest.common.waiters] State transition "BUILD/scheduling" ==> "BUILD/None" after 2 second wait
2025-01-29 13:50:37,635 11053 INFO     [tempest.lib.common.rest_client] Request (VolumesNegativeTest:test_attach_volumes_with_nonexistent_volume_id): 200 GET http://[LB_IP_ADDRESS]:8774/v2.1/servers/ea38c68a-df0f-461c-a94b-ed05db506ce3 0.108s
2025-01-29 13:50:37,635 11053 DEBUG    [tempest.lib.common.rest_client] Request - Headers: {'Content-Type': 'application/json', 'Accept': 'application/json', 'X-Auth-Token': '<omitted>'}
        Body: None
    Resp
    onse - Headers: {'date': 'Wed, 29 Jan 2025 13:50:37 GMT', 'server': 'Apache/2.4.52 (Ubuntu)', 'content-length': '1413', 'openstack-api-version': 'compute 2.1', 'x-openstack-nova-api-version': '2.1', 'vary': 'OpenStack-API-Version,X-OpenStack-Nova-API-Version', 'x-openstack-request-id': 'req-390c0e41-3c9c-4dff-9449-4c570a138713', 'x-compute-request-id': 'req-390c0e41-3c9c-4dff-9449-4c570a138713', 'connection': 'close', 'content-type': 'application/json', 'status': '200', 'content-location': 'http://[LB_IP_ADDRESS]:8774/v2.1/servers/ea38c68a-df0f-461c-a94b-ed05db506ce3'}
        Body: b'{"server": {"id": "ea38c68a-df0f-461c-a94b-ed05db506ce3", "name": "tempest-VolumesNegativeTest-instance-122100336", "status": "BUILD", "tenant_id": "08828aff86a54657beb539e8ea3c4fa5", "user_id": "1fac4cb5a45f48f0b4074d1dfc2639cb", "metadata": {}, "hostId": "3d019f90a281f51412fcf7a50ae3e7fc628cd91bf9fccea466a31da9", "image": {"id": "b80cfd70-6556-4c17-aed0-61058bd55e62", "links": [{"rel": "bookmark", "href": "http://[LB_IP_ADDRESS]:8774/images/b80cfd70-6556-4c17-aed0-61058bd55e62"}]}, "flavor": {"id": "0", "links": [{"rel": "bookmark", "href": "http://[LB_IP_ADDRESS]:8774/flavors/0"}]}, "created": "2025-01-29T13:50:34Z", "updated": "2025-01-29T13:50:36Z", "addresses": {}, "accessIPv4": "", "accessIPv6": "", "links": [{"rel": "self", "href": "http://[LB_IP_ADDRESS]:8774/v2.1/servers/ea38c68a-df0f-461c-a94b-ed05db506ce3"}, {"rel": "bookmark", "href": "http://[LB_IP_ADDRESS]:8774/servers/ea38c68a-df0f-461c-a94b-ed05db506ce3"}], "OS-DCF:diskConfig": "MANUAL", "progress": 0, "OS-EXT-AZ:availability_zone": "nova", "config_drive": "", "key_name": null, "OS-SRV-USG:launched_at": null, "OS-SRV-USG:terminated_at": null, "OS-EXT-SRV-ATTR:host": "rack04-server60", "OS-EXT-SRV-ATTR:instance_name": "instance-00000015", "OS-EXT-SRV-ATTR:hypervisor_hostname": "rack04-server60", "OS-EXT-STS:task_state": null, "OS-EXT-STS:vm_state": "building", "OS-EXT-STS:power_state": 0, "os-extended-volumes:volumes_attached": []}}'
2025-01-29 13:50:38,732 11053 INFO     [tempest.lib.common.rest_client] Request (VolumesNegativeTest:test_attach_volumes_with_nonexistent_volume_id): 200 GET http://[LB_IP_ADDRESS]:8774/v2.1/servers/ea38c68a-df0f-461c-a94b-ed05db506ce3 0.079s
2025-01-29 13:50:38,733 11053 DEBUG    [tempest.lib.common.rest_client] Request - Headers: {'Content-Type': 'application/json', 'Accept': 'application/json', 'X-Auth-Token': '<omitted>'}
        Body: None
    Response - Headers: {'date': 'Wed, 29 Jan 2025 13:50:38 GMT', 'server': 'Apache/2.4.52 (Ubuntu)', 'content-length': '1421', 'openstack-api-version': 'compute 2.1', 'x-openstack-nova-api-version': '2.1', 'vary': 'OpenStack-API-Version,X-OpenStack-Nova-API-Version', 'x-openstack-request-id': 'req-6f0ab5cc-b45a-436f-8550-78171836cc84', 'x-compute-request-id': 'req-6f0ab5cc-b45a-436f-8550-78171836cc84', 'connection': 'close', 'content-type': 'application/json', 'status': '200', 'content-location': 'http://[LB_IP_ADDRESS]:8774/v2.1/servers/ea38c68a-df0f-461c-a94b-ed05db506ce3'}
        Body: b'{"server": {"id": "ea38c68a-df0f-461c-a94b-ed05db506ce3", "name": "tempest-VolumesNegativeTest-instance-122100336", "status": "BUILD", "tenant_id": "08828aff86a54657beb539e8ea3c4fa5", "user_id": "1fac4cb5a45f48f0b4074d1dfc2639cb", "metadata": {}, "hostId": "3d019f90a281f51412fcf7a50ae3e7fc628cd91bf9fccea466a31da9", "image": {"id": "b80cfd70-6556-4c17-aed0-61058bd55e62", "links": [{"rel": "bookmark", "href": "http://[LB_IP_ADDRESS]:8774/images/b80cfd70-6556-4c17-aed0-61058bd55e62"}]}, "flavor": {"id": "0", "links": [{"rel": "bookmark", "href": "http://[LB_IP_ADDRESS]:8774/flavors/0"}]}, "created": "2025-01-29T13:50:34Z", "updated": "2025-01-29T13:50:38Z", "addresses": {}, "accessIPv4": "", "accessIPv6": "", "links": [{"rel": "self", "href": "http://[LB_IP_ADDRESS]:8774/v2.1/servers/ea38c68a-df0f-461c-a94b-ed05db506ce3"}, {"rel": "bookmark", "href": "http://[LB_IP_ADDRESS]:8774/servers/ea38c68a-df0f-461c-a94b-ed05db506ce3"}], "OS-DCF:diskConfig": "MANUAL", "progress": 0, "OS-EXT-AZ:availability_zone": "nova", "config_drive": "", "key_name":
     null, "OS-SRV-USG:launched_at": null, "OS-SRV-USG:terminated_at": null, "OS-EXT-SRV-ATTR:host": "rack04-server60", "OS-EXT-SRV-ATTR:instance_name": "instance-00000015", "OS-EXT-SRV-ATTR:hypervisor_hostname": "rack04-server60", "OS-EXT-STS:task_state": "networking", "OS-EXT-STS:vm_state": "building", "OS-EXT-STS:power_state": 0, "os-extended-volumes:volumes_attached": []}}'
2025-01-29 13:50:38,749 11053 INFO     [tempest.common.waiters] State transition "BUILD/None" ==> "BUILD/networking" after 4 second wait
2025-01-29 13:50:39,827 11053 INFO     [tempest.lib.common.rest_client] Request (VolumesNegativeTest:test_attach_volumes_with_nonexistent_volume_id): 200 GET http://[LB_IP_ADDRESS]:8774/v2.1/servers/ea38c68a-df0f-461c-a94b-ed05db506ce3 0.076s
2025-01-29 13:50:39,828 11053 DEBUG    [tempest.lib.common.rest_client] Request - Headers: {'Content-Type': 'application/json', 'Accept': 'application/json', 'X-Auth-Token': '<omitted>'}
        Body: None
    Response - Headers: {'date': 'Wed, 29 Jan 2025 13:50:39 GMT', 'server': 'Apache/2.4.52 (Ubuntu)', 'content-length': '1421', 'openstack-api-version': 'compute 2.1', 'x-openstack-nova-api-version': '2.1', 'vary': 'OpenStack-API-Version,X-OpenStack-Nova-API-Version', 'x-openstack-request-id': 'req-e772e1f5-9018-4a87-bf6c-5fdf3139f04e', 'x-compute-request-id': 'req-e772e1f5-9018-4a87-bf6c-5fdf3139f04e', 'connection': 'close', 'content-type': 'application/json', 'status': '200', 'content-location': 'http://[LB_IP_ADDRESS]:8774/v2.1/servers/ea38c68a-df0f-461c-a94b-ed05db506ce3'}
        Body: b'{"server": {"id": "ea38c68a-df0f-461c-a94b-ed05db506ce3", "name": "tempest-VolumesNegativeTest-instance-122100336", "status": "BUILD", "tenant_id": "08828aff86a54657beb539e8ea3c4fa5", "user_id": "1fac4cb5a45f48f0b4074d1dfc2639cb", "metadata": {}, "hostId": "3d019f90a281f51412fcf7a50ae3e7fc628cd91bf9fccea466a31da9", "image": {"id": "b80cfd70-6556-4c17-aed0-61058bd55e62", "links": [{"rel": "bookmark", "href": "http://[LB_IP_ADDRESS]:8774/images/b80cfd70-6556-4c17-aed0-61058bd55e62"}]}, "flavor": {"id": "0", "links": [{"rel": "bookmark", "href": "http://[LB_IP_ADDRESS]:8774/flavors/0"}]}, "created": "2025-01-29T13:50:34Z", "updated": "2025-01-29T13:50:38Z", "addresses": {}, "accessIPv4": "", "accessIPv6": "", "links": [{"rel": "self", "href": "http://[LB_IP_ADDRESS]:8774/v2.1/servers/ea38c68a-df0f-461c-a94b-ed05db506ce3"}, {"rel": "bookmark", "href": "http://[LB_IP_ADDRESS]:8774/servers/ea38c68a-df0f-461c-a94b-ed05db506ce3"}], "OS-DCF:diskConfig": "MANUAL", "progress": 0, "OS-EXT-AZ:availability_zone": "nova", "config_drive": "", "key_name": null, "OS-SRV-USG:launched_at": null, "OS-SRV-USG:terminated_at": null, "OS-EXT-SRV-ATTR:host": "rack04-server60", "OS-EXT-SRV-ATTR:instance_name": "instance-00000015", "OS-EXT-SRV-ATTR:hypervisor_hostname": "rack04-server60", "OS-EXT-STS:task_state": "networking", "OS-EXT-STS:vm_state": "building", "OS-EXT-STS:power_state": 0, "os-extended-volumes:volumes_attached": []}}'
2025-01-29 13:50:40,917 11053 INFO     [tempest.lib.common.rest_client] Request (VolumesNegativeTest:test_attach_volumes_with_nonexistent_volume_id): 200 GET http://[LB_IP_ADDRESS]:8774/v2.1/servers/ea38c68a-df0f-461c-a94b-ed05db506ce3 0.071s
2025-01-29 13:50:40,918 11053 DEBUG    [tempest.lib.common.rest_client] Request - Headers: {'Content-Type': 'application/json', 'Accept': 'application/json', 'X-Auth-Token': '<omitted>'}
        Body: None
    Response - Headers: {'date': 'Wed, 29 Jan 2025 13:50:40 GMT', 'server': 'Apache/2.4.52 (Ubuntu)', 'content-length': '1419', 'openstack-api-version': 'compute 2.1', 'x-openstack-nova-api-version': '2.1', 'vary': 'OpenStack-API-Version,X-OpenStack-Nova-API-Version', 'x-openstack-request-id': 'req-b56e2dfa-9f97-4867-be97-88c5ebfa0642', 'x-compute-request-id': 'req-b56e2dfa-9f97-4867-be97-88c5ebfa0642', 'connection': 'close', 'content-type': 'application/json', 'status': '200', 'content-location': 'http://[LB_IP_ADDRESS]:8774/v2.1/servers/ea38c68a-df0f-461c-a94b-ed05db506ce3'}
        Body: b'{"server": {"id": "ea38c68a-df0f-461c-a94b-ed05db506ce3", "name": "te
    mpest-VolumesNegativeTest-instance-122100336", "status": "BUILD", "tenant_id": "08828aff86a54657beb539e8ea3c4fa5", "user_id": "1fac4cb5a45f48f0b4074d1dfc2639cb", "metadata": {}, "hostId": "3d019f90a281f51412fcf7a50ae3e7fc628cd91bf9fccea466a31da9", "image": {"id": "b80cfd70-6556-4c17-aed0-61058bd55e62", "links": [{"rel": "bookmark", "href": "http://[LB_IP_ADDRESS]:8774/images/b80cfd70-6556-4c17-aed0-61058bd55e62"}]}, "flavor": {"id": "0", "links": [{"rel": "bookmark", "href": "http://[LB_IP_ADDRESS]:8774/flavors/0"}]}, "created": "2025-01-29T13:50:34Z", "updated": "2025-01-29T13:50:40Z", "addresses": {}, "accessIPv4": "", "accessIPv6": "", "links": [{"rel": "self", "href": "http://[LB_IP_ADDRESS]:8774/v2.1/servers/ea38c68a-df0f-461c-a94b-ed05db506ce3"}, {"rel": "bookmark", "href": "http://[LB_IP_ADDRESS]:8774/servers/ea38c68a-df0f-461c-a94b-ed05db506ce3"}], "OS-DCF:diskConfig": "MANUAL", "progress": 0, "OS-EXT-AZ:availability_zone": "nova", "config_drive": "", "key_name": null, "OS-SRV-USG:launched_at": null, "OS-SRV-USG:terminated_at": null, "OS-EXT-SRV-ATTR:host": "rack04-server60", "OS-EXT-SRV-ATTR:instance_name": "instance-00000015", "OS-EXT-SRV-ATTR:hypervisor_hostname": "rack04-server60", "OS-EXT-STS:task_state": "spawning", "OS-EXT-STS:vm_state": "building", "OS-EXT-STS:power_state": 0, "os-extended-volumes:volumes_attached": []}}'
2025-01-29 13:50:40,934 11053 INFO     [tempest.common.waiters] State transition "BUILD/networking" ==> "BUILD/spawning" after 6 second wait
2025-01-29 13:50:42,178 11053 INFO     [tempest.lib.common.rest_client] Request (VolumesNegativeTest:test_attach_volumes_with_nonexistent_volume_id): 200 GET http://[LB_IP_ADDRESS]:8774/v2.1/servers/ea38c68a-df0f-461c-a94b-ed05db506ce3 0.242s
2025-01-29 13:50:42,179 11053 DEBUG    [tempest.lib.common.rest_client] Request - Headers: {'Content-Type': 'application/json', 'Accept': 'application/json', 'X-Auth-Token': '<omitted>'}
        Body: None
    Response - Headers: {'date': 'Wed, 29 Jan 2025 13:50:41 GMT', 'server': 'Apache/2.4.52 (Ubuntu)', 'content-length': '1419', 'openstack-api-version': 'compute 2.1', 'x-openstack-nova-api-version': '2.1', 'vary': 'OpenStack-API-Version,X-OpenStack-Nova-API-Version', 'x-openstack-request-id': 'req-758212a5-67ba-4435-a63e-bff5cfbf2a63', 'x-compute-request-id': 'req-758212a5-67ba-4435-a63e-bff5cfbf2a63', 'connection': 'close', 'content-type': 'application/json', 'status': '200', 'content-location': 'http://[LB_IP_ADDRESS]:8774/v2.1/servers/ea38c68a-df0f-461c-a94b-ed05db506ce3'}
        Body: b'{"server": {"id": "ea38c68a-df0f-461c-a94b-ed05db506ce3", "name": "tempest-VolumesNegativeTest-instance-122100336", "status": "BUILD", "tenant_id": "08828aff86a54657beb539e8ea3c4fa5", "user_id": "1fac4cb5a45f48f0b4074d1dfc2639cb", "metadata": {}, "hostId": "3d019f90a281f51412fcf7a50ae3e7fc628cd91bf9fccea466a31da9", "image": {"id": "b80cfd70-6556-4c17-aed0-61058bd55e62", "links": [{"rel": "bookmark", "href": "http://[LB_IP_ADDRESS]:8774/images/b80cfd70-6556-4c17-aed0-61058bd55e62"}]}, "flavor": {"id": "0", "links": [{"rel": "bookmark", "href": "http://[LB_IP_ADDRESS]:8774/flavors/0"}]}, "created": "2025-01-29T13:50:34Z", "updated": "2025-01-29T13:50:40Z", "addresses": {}, "accessIPv4": "", "accessIPv6": "", "links": [{"rel": "self", "href": "http://[LB_IP_ADDRESS]:8774/v2.1/servers/ea38c68a-df0f-461c-a94b-ed05db506ce3"}, {"rel": "bookmark", "href": "http://[LB_IP_ADDRESS]:8774/servers/ea38c68a-df0f-461c-a94b-ed05db506ce3"}], "OS-DCF:diskConfig": "MANUAL", "progress": 0, "OS-EXT-AZ:availability_zone": "nova", "config_drive": "", "key_name": null, "OS-SRV-USG:launched_at": null, "OS-SRV-USG:terminated_at": null, "OS-EXT-SRV-ATTR:host": "rack04-server60", "OS-EXT-SRV-ATTR:instance_name": "instance-00000015", "OS-EXT-SRV-ATTR:hypervisor_hostname": "rack04-server60", "OS-EXT-STS:task_state": "spawning", "OS-EXT-STS:vm_state": "building", "OS-EXT-STS:power_state": 0, "os-extended-volumes:volumes_attached": []}}'
2025-01-29 13:50:43,276 11053 INFO     [tempest.lib.common.rest_client] Request (VolumesNegativeTest:test_attach_volumes_with_nonexistent
    _volume_id): 200 GET http://[LB_IP_ADDRESS]:8774/v2.1/servers/ea38c68a-df0f-461c-a94b-ed05db506ce3 0.080s
2025-01-29 13:50:43,277 11053 DEBUG    [tempest.lib.common.rest_client] Request - Headers: {'Content-Type': 'application/json', 'Accept': 'application/json', 'X-Auth-Token': '<omitted>'}
        Body: None
    Response - Headers: {'date': 'Wed, 29 Jan 2025 13:50:43 GMT', 'server': 'Apache/2.4.52 (Ubuntu)', 'content-length': '1419', 'openstack-api-version': 'compute 2.1', 'x-openstack-nova-api-version': '2.1', 'vary': 'OpenStack-API-Version,X-OpenStack-Nova-API-Version', 'x-openstack-request-id': 'req-f6d01c54-24fa-4c84-ba29-da000c69c590', 'x-compute-request-id': 'req-f6d01c54-24fa-4c84-ba29-da000c69c590', 'connection': 'close', 'content-type': 'application/json', 'status': '200', 'content-location': 'http://[LB_IP_ADDRESS]:8774/v2.1/servers/ea38c68a-df0f-461c-a94b-ed05db506ce3'}
        Body: b'{"server": {"id": "ea38c68a-df0f-461c-a94b-ed05db506ce3", "name": "tempest-VolumesNegativeTest-instance-122100336", "status": "BUILD", "tenant_id": "08828aff86a54657beb539e8ea3c4fa5", "user_id": "1fac4cb5a45f48f0b4074d1dfc2639cb", "metadata": {}, "hostId": "3d019f90a281f51412fcf7a50ae3e7fc628cd91bf9fccea466a31da9", "image": {"id": "b80cfd70-6556-4c17-aed0-61058bd55e62", "links": [{"rel": "bookmark", "href": "http://[LB_IP_ADDRESS]:8774/images/b80cfd70-6556-4c17-aed0-61058bd55e62"}]}, "flavor": {"id": "0", "links": [{"rel": "bookmark", "href": "http://[LB_IP_ADDRESS]:8774/flavors/0"}]}, "created": "2025-01-29T13:50:34Z", "updated": "2025-01-29T13:50:40Z", "addresses": {}, "accessIPv4": "", "accessIPv6": "", "links": [{"rel": "self", "href": "http://[LB_IP_ADDRESS]:8774/v2.1/servers/ea38c68a-df0f-461c-a94b-ed05db506ce3"}, {"rel": "bookmark", "href": "http://[LB_IP_ADDRESS]:8774/servers/ea38c68a-df0f-461c-a94b-ed05db506ce3"}], "OS-DCF:diskConfig": "MANUAL", "progress": 0, "OS-EXT-AZ:availability_zone": "nova", "config_drive": "", "key_name": null, "OS-SRV-USG:launched_at": null, "OS-SRV-USG:terminated_at": null, "OS-EXT-SRV-ATTR:host": "rack04-server60", "OS-EXT-SRV-ATTR:instance_name": "instance-00000015", "OS-EXT-SRV-ATTR:hypervisor_hostname": "rack04-server60", "OS-EXT-STS:task_state": "spawning", "OS-EXT-STS:vm_state": "building", "OS-EXT-STS:power_state": 0, "os-extended-volumes:volumes_attached": []}}'
2025-01-29 13:50:44,371 11053 INFO     [tempest.lib.common.rest_client] Request (VolumesNegativeTest:test_attach_volumes_with_nonexistent_volume_id): 200 GET http://[LB_IP_ADDRESS]:8774/v2.1/servers/ea38c68a-df0f-461c-a94b-ed05db506ce3 0.076s
2025-01-29 13:50:44,371 11053 DEBUG    [tempest.lib.common.rest_client] Request - Headers: {'Content-Type': 'application/json', 'Accept': 'application/json', 'X-Auth-Token': '<omitted>'}
        Body: None
    Response - Headers: {'date': 'Wed, 29 Jan 2025 13:50:44 GMT', 'server': 'Apache/2.4.52 (Ubuntu)', 'content-length': '1419', 'openstack-api-version': 'compute 2.1', 'x-openstack-nova-api-version': '2.1', 'vary': 'OpenStack-API-Version,X-OpenStack-Nova-API-Version', 'x-openstack-request-id': 'req-bb2dd9dc-2588-41aa-82c4-b6f27d0c613c', 'x-compute-request-id': 'req-bb2dd9dc-2588-41aa-82c4-b6f27d0c613c', 'connection': 'close', 'content-type': 'application/json', 'status': '200', 'content-location': 'http://[LB_IP_ADDRESS]:8774/v2.1/servers/ea38c68a-df0f-461c-a94b-ed05db506ce3'}
        Body: b'{"server": {"id": "ea38c68a-df0f-461c-a94b-ed05db506ce3", "name": "tempest-VolumesNegativeTest-instance-122100336", "status": "BUILD", "tenant_id": "08828aff86a54657beb539e8ea3c4fa5", "user_id": "1fac4cb5a45f48f0b4074d1dfc2639cb", "metadata": {}, "hostId": "3d019f90a281f51412fcf7a50ae3e7fc628cd91bf9fccea466a31da9", "image": {"id": "b80cfd70-6556-4c17-aed0-61058bd55e62", "links": [{"rel": "bookmark", "href": "http://[LB_IP_ADDRESS]:8774/images/b80cfd70-6556-4c17-aed0-61058bd55e62"}]}, "flavor": {"id": "0", "links": [{"rel": "bookmark", "href": "http://[LB_IP_ADDRESS]:8774/flavors/0"}]}, "created": "2025-01-29T13:50:34Z", "updated": "2025-01-29T13:50:43Z", "addresses": {}, "accessIPv4": "", "accessIPv6": "", "links": [
    {"rel": "self", "href": "http://[LB_IP_ADDRESS]:8774/v2.1/servers/ea38c68a-df0f-461c-a94b-ed05db506ce3"}, {"rel": "bookmark", "href": "http://[LB_IP_ADDRESS]:8774/servers/ea38c68a-df0f-461c-a94b-ed05db506ce3"}], "OS-DCF:diskConfig": "MANUAL", "progress": 0, "OS-EXT-AZ:availability_zone": "nova", "config_drive": "", "key_name": null, "OS-SRV-USG:launched_at": null, "OS-SRV-USG:terminated_at": null, "OS-EXT-SRV-ATTR:host": "rack04-server60", "OS-EXT-SRV-ATTR:instance_name": "instance-00000015", "OS-EXT-SRV-ATTR:hypervisor_hostname": "rack04-server60", "OS-EXT-STS:task_state": "spawning", "OS-EXT-STS:vm_state": "building", "OS-EXT-STS:power_state": 0, "os-extended-volumes:volumes_attached": []}}'
2025-01-29 13:50:45,462 11053 INFO     [tempest.lib.common.rest_client] Request (VolumesNegativeTest:test_attach_volumes_with_nonexistent_volume_id): 200 GET http://[LB_IP_ADDRESS]:8774/v2.1/servers/ea38c68a-df0f-461c-a94b-ed05db506ce3 0.072s
2025-01-29 13:50:45,462 11053 DEBUG    [tempest.lib.common.rest_client] Request - Headers: {'Content-Type': 'application/json', 'Accept': 'application/json', 'X-Auth-Token': '<omitted>'}
        Body: None
    Response - Headers: {'date': 'Wed, 29 Jan 2025 13:50:45 GMT', 'server': 'Apache/2.4.52 (Ubuntu)', 'content-length': '1337', 'openstack-api-version': 'compute 2.1', 'x-openstack-nova-api-version': '2.1', 'vary': 'OpenStack-API-Version,X-OpenStack-Nova-API-Version', 'x-openstack-request-id': 'req-aa567f24-0187-43c4-908e-6dc11506c034', 'x-compute-request-id': 'req-aa567f24-0187-43c4-908e-6dc11506c034', 'connection': 'close', 'content-type': 'application/json', 'status': '200', 'content-location': 'http://[LB_IP_ADDRESS]:8774/v2.1/servers/ea38c68a-df0f-461c-a94b-ed05db506ce3'}
        Body: b'{"server": {"id": "ea38c68a-df0f-461c-a94b-ed05db506ce3", "name": "tempest-VolumesNegativeTest-instance-122100336", "status": "BUILD", "tenant_id": "08828aff86a54657beb539e8ea3c4fa5", "user_id": "1fac4cb5a45f48f0b4074d1dfc2639cb", "metadata": {}, "hostId": "", "image": {"id": "b80cfd70-6556-4c17-aed0-61058bd55e62", "links": [{"rel": "bookmark", "href": "http://[LB_IP_ADDRESS]:8774/images/b80cfd70-6556-4c17-aed0-61058bd55e62"}]}, "flavor": {"id": "0", "links": [{"rel": "bookmark", "href": "http://[LB_IP_ADDRESS]:8774/flavors/0"}]}, "created": "2025-01-29T13:50:34Z", "updated": "2025-01-29T13:50:45Z", "addresses": {}, "accessIPv4": "", "accessIPv6": "", "links": [{"rel": "self", "href": "http://[LB_IP_ADDRESS]:8774/v2.1/servers/ea38c68a-df0f-461c-a94b-ed05db506ce3"}, {"rel": "bookmark", "href": "http://[LB_IP_ADDRESS]:8774/servers/ea38c68a-df0f-461c-a94b-ed05db506ce3"}], "OS-DCF:diskConfig": "MANUAL", "progress": 0, "OS-EXT-AZ:availability_zone": "nova", "config_drive": "", "key_name": null, "OS-SRV-USG:launched_at": null, "OS-SRV-USG:terminated_at": null, "OS-EXT-SRV-ATTR:host": null, "OS-EXT-SRV-ATTR:instance_name": "instance-00000015", "OS-EXT-SRV-ATTR:hypervisor_hostname": null, "OS-EXT-STS:task_state": "spawning", "OS-EXT-STS:vm_state": "building", "OS-EXT-STS:power_state": 0, "os-extended-volumes:volumes_attached": []}}'
2025-01-29 13:50:46,556 11053 INFO     [tempest.lib.common.rest_client] Request (VolumesNegativeTest:test_attach_volumes_with_nonexistent_volume_id): 200 GET http://[LB_IP_ADDRESS]:8774/v2.1/servers/ea38c68a-df0f-461c-a94b-ed05db506ce3 0.075s
2025-01-29 13:50:46,556 11053 DEBUG    [tempest.lib.common.rest_client] Request - Headers: {'Content-Type': 'application/json', 'Accept': 'application/json', 'X-Auth-Token': '<omitted>'}
        Body: None
    Response - Headers: {'date': 'Wed, 29 Jan 2025 13:50:46 GMT', 'server': 'Apache/2.4.52 (Ubuntu)', 'content-length': '1337', 'openstack-api-version': 'compute 2.1', 'x-openstack-nova-api-version': '2.1', 'vary': 'OpenStack-API-Version,X-OpenStack-Nova-API-Version', 'x-openstack-request-id': 'req-7a421a3e-8695-4479-8c7f-66461d1cf105', 'x-compute-request-id': 'req-7a421a3e-8695-4479-8c7f-66461d1cf105', 'connection': 'close', 'content-type': 'application/json', 'status': '200', 'content-location': 'http://[LB_IP_ADDRESS]:8774/v2.1/servers/ea38c68a-df0f-461c-a94b
    -ed05db506ce3'}
        Body: b'{"server": {"id": "ea38c68a-df0f-461c-a94b-ed05db506ce3", "name": "tempest-VolumesNegativeTest-instance-122100336", "status": "BUILD", "tenant_id": "08828aff86a54657beb539e8ea3c4fa5", "user_id": "1fac4cb5a45f48f0b4074d1dfc2639cb", "metadata": {}, "hostId": "", "image": {"id": "b80cfd70-6556-4c17-aed0-61058bd55e62", "links": [{"rel": "bookmark", "href": "http://[LB_IP_ADDRESS]:8774/images/b80cfd70-6556-4c17-aed0-61058bd55e62"}]}, "flavor": {"id": "0", "links": [{"rel": "bookmark", "href": "http://[LB_IP_ADDRESS]:8774/flavors/0"}]}, "created": "2025-01-29T13:50:34Z", "updated": "2025-01-29T13:50:45Z", "addresses": {}, "accessIPv4": "", "accessIPv6": "", "links": [{"rel": "self", "href": "http://[LB_IP_ADDRESS]:8774/v2.1/servers/ea38c68a-df0f-461c-a94b-ed05db506ce3"}, {"rel": "bookmark", "href": "http://[LB_IP_ADDRESS]:8774/servers/ea38c68a-df0f-461c-a94b-ed05db506ce3"}], "OS-DCF:diskConfig": "MANUAL", "progress": 0, "OS-EXT-AZ:availability_zone": "nova", "config_drive": "", "key_name": null, "OS-SRV-USG:launched_at": null, "OS-SRV-USG:terminated_at": null, "OS-EXT-SRV-ATTR:host": null, "OS-EXT-SRV-ATTR:instance_name": "instance-00000015", "OS-EXT-SRV-ATTR:hypervisor_hostname": null, "OS-EXT-STS:task_state": "spawning", "OS-EXT-STS:vm_state": "building", "OS-EXT-STS:power_state": 0, "os-extended-volumes:volumes_attached": []}}'
2025-01-29 13:50:47,652 11053 INFO     [tempest.lib.common.rest_client] Request (VolumesNegativeTest:test_attach_volumes_with_nonexistent_volume_id): 200 GET http://[LB_IP_ADDRESS]:8774/v2.1/servers/ea38c68a-df0f-461c-a94b-ed05db506ce3 0.077s
2025-01-29 13:50:47,652 11053 DEBUG    [tempest.lib.common.rest_client] Request - Headers: {'Content-Type': 'application/json', 'Accept': 'application/json', 'X-Auth-Token': '<omitted>'}
        Body: None
    Response - Headers: {'date': 'Wed, 29 Jan 2025 13:50:47 GMT', 'server': 'Apache/2.4.52 (Ubuntu)', 'content-length': '1337', 'openstack-api-version': 'compute 2.1', 'x-openstack-nova-api-version': '2.1', 'vary': 'OpenStack-API-Version,X-OpenStack-Nova-API-Version', 'x-openstack-request-id': 'req-7e27636d-4f66-4d94-bc2f-6299e03d947f', 'x-compute-request-id': 'req-7e27636d-4f66-4d94-bc2f-6299e03d947f', 'connection': 'close', 'content-type': 'application/json', 'status': '200', 'content-location': 'http://[LB_IP_ADDRESS]:8774/v2.1/servers/ea38c68a-df0f-461c-a94b-ed05db506ce3'}
        Body: b'{"server": {"id": "ea38c68a-df0f-461c-a94b-ed05db506ce3", "name": "tempest-VolumesNegativeTest-instance-122100336", "status": "BUILD", "tenant_id": "08828aff86a54657beb539e8ea3c4fa5", "user_id": "1fac4cb5a45f48f0b4074d1dfc2639cb", "metadata": {}, "hostId": "", "image": {"id": "b80cfd70-6556-4c17-aed0-61058bd55e62", "links": [{"rel": "bookmark", "href": "http://[LB_IP_ADDRESS]:8774/images/b80cfd70-6556-4c17-aed0-61058bd55e62"}]}, "flavor": {"id": "0", "links": [{"rel": "bookmark", "href": "http://[LB_IP_ADDRESS]:8774/flavors/0"}]}, "created": "2025-01-29T13:50:34Z", "updated": "2025-01-29T13:50:45Z", "addresses": {}, "accessIPv4": "", "accessIPv6": "", "links": [{"rel": "self", "href": "http://[LB_IP_ADDRESS]:8774/v2.1/servers/ea38c68a-df0f-461c-a94b-ed05db506ce3"}, {"rel": "bookmark", "href": "http://[LB_IP_ADDRESS]:8774/servers/ea38c68a-df0f-461c-a94b-ed05db506ce3"}], "OS-DCF:diskConfig": "MANUAL", "progress": 0, "OS-EXT-AZ:availability_zone": "nova", "config_drive": "", "key_name": null, "OS-SRV-USG:launched_at": null, "OS-SRV-USG:terminated_at": null, "OS-EXT-SRV-ATTR:host": null, "OS-EXT-SRV-ATTR:instance_name": "instance-00000015", "OS-EXT-SRV-ATTR:hypervisor_hostname": null, "OS-EXT-STS:task_state": "spawning", "OS-EXT-STS:vm_state": "building", "OS-EXT-STS:power_state": 0, "os-extended-volumes:volumes_attached": []}}'
2025-01-29 13:50:48,755 11053 INFO     [tempest.lib.common.rest_client] Request (VolumesNegativeTest:test_attach_volumes_with_nonexistent_volume_id): 200 GET http://[LB_IP_ADDRESS]:8774/v2.1/servers/ea38c68a-df0f-461c-a94b-ed05db506ce3 0.084s
2025-01-29 13:50:48,755 11053 DEBUG    [tempest.lib.common.rest_client] Request - Headers: {'Content
    -Type': 'application/json', 'Accept': 'application/json', 'X-Auth-Token': '<omitted>'}
        Body: None
    Response - Headers: {'date': 'Wed, 29 Jan 2025 13:50:48 GMT', 'server': 'Apache/2.4.52 (Ubuntu)', 'content-length': '1337', 'openstack-api-version': 'compute 2.1', 'x-openstack-nova-api-version': '2.1', 'vary': 'OpenStack-API-Version,X-OpenStack-Nova-API-Version', 'x-openstack-request-id': 'req-14b7729d-86d3-4cfc-99a3-43c7cfa01107', 'x-compute-request-id': 'req-14b7729d-86d3-4cfc-99a3-43c7cfa01107', 'connection': 'close', 'content-type': 'application/json', 'status': '200', 'content-location': 'http://[LB_IP_ADDRESS]:8774/v2.1/servers/ea38c68a-df0f-461c-a94b-ed05db506ce3'}
        Body: b'{"server": {"id": "ea38c68a-df0f-461c-a94b-ed05db506ce3", "name": "tempest-VolumesNegativeTest-instance-122100336", "status": "BUILD", "tenant_id": "08828aff86a54657beb539e8ea3c4fa5", "user_id": "1fac4cb5a45f48f0b4074d1dfc2639cb", "metadata": {}, "hostId": "", "image": {"id": "b80cfd70-6556-4c17-aed0-61058bd55e62", "links": [{"rel": "bookmark", "href": "http://[LB_IP_ADDRESS]:8774/images/b80cfd70-6556-4c17-aed0-61058bd55e62"}]}, "flavor": {"id": "0", "links": [{"rel": "bookmark", "href": "http://[LB_IP_ADDRESS]:8774/flavors/0"}]}, "created": "2025-01-29T13:50:34Z", "updated": "2025-01-29T13:50:45Z", "addresses": {}, "accessIPv4": "", "accessIPv6": "", "links": [{"rel": "self", "href": "http://[LB_IP_ADDRESS]:8774/v2.1/servers/ea38c68a-df0f-461c-a94b-ed05db506ce3"}, {"rel": "bookmark", "href": "http://[LB_IP_ADDRESS]:8774/servers/ea38c68a-df0f-461c-a94b-ed05db506ce3"}], "OS-DCF:diskConfig": "MANUAL", "progress": 0, "OS-EXT-AZ:availability_zone": "nova", "config_drive": "", "key_name": null, "OS-SRV-USG:launched_at": null, "OS-SRV-USG:terminated_at": null, "OS-EXT-SRV-ATTR:host": null, "OS-EXT-SRV-ATTR:instance_name": "instance-00000015", "OS-EXT-SRV-ATTR:hypervisor_hostname": null, "OS-EXT-STS:task_state": "spawning", "OS-EXT-STS:vm_state": "building", "OS-EXT-STS:power_state": 0, "os-extended-volumes:volumes_attached": []}}'
2025-01-29 13:50:49,860 11053 INFO     [tempest.lib.common.rest_client] Request (VolumesNegativeTest:test_attach_volumes_with_nonexistent_volume_id): 200 GET http://[LB_IP_ADDRESS]:8774/v2.1/servers/ea38c68a-df0f-461c-a94b-ed05db506ce3 0.086s
2025-01-29 13:50:49,861 11053 DEBUG    [tempest.lib.common.rest_client] Request - Headers: {'Content-Type': 'application/json', 'Accept': 'application/json', 'X-Auth-Token': '<omitted>'}
        Body: None
    Response - Headers: {'date': 'Wed, 29 Jan 2025 13:50:49 GMT', 'server': 'Apache/2.4.52 (Ubuntu)', 'content-length': '4913', 'openstack-api-version': 'compute 2.1', 'x-openstack-nova-api-version': '2.1', 'vary': 'OpenStack-API-Version,X-OpenStack-Nova-API-Version', 'x-openstack-request-id': 'req-2f696695-fa25-4903-9830-0cef7ce82d8d', 'x-compute-request-id': 'req-2f696695-fa25-4903-9830-0cef7ce82d8d', 'connection': 'close', 'content-type': 'application/json', 'status': '200', 'content-location': 'http://[LB_IP_ADDRESS]:8774/v2.1/servers/ea38c68a-df0f-461c-a94b-ed05db506ce3'}
        Body: b'{"server": {"id": "ea38c68a-df0f-461c-a94b-ed05db506ce3", "name": "tempest-VolumesNegativeTest-instance-122100336", "status": "ERROR", "tenant_id": "08828aff86a54657beb539e8ea3c4fa5", "user_id": "1fac4cb5a45f48f0b4074d1dfc2639cb", "metadata": {}, "hostId": "", "image": {"id": "b80cfd70-6556-4c17-aed0-61058bd55e62", "links": [{"rel": "bookmark", "href": "http://[LB_IP_ADDRESS]:8774/images/b80cfd70-6556-4c17-aed0-61058bd55e62"}]}, "flavor": {"id": "0", "links": [{"rel": "bookmark", "href": "http://[LB_IP_ADDRESS]:8774/flavors/0"}]}, "created": "2025-01-29T13:50:34Z", "updated": "2025-01-29T13:50:49Z", "addresses": {}, "accessIPv4": "", "accessIPv6": "", "links": [{"rel": "self", "href": "http://[LB_IP_ADDRESS]:8774/v2.1/servers/ea38c68a-df0f-461c-a94b-ed05db506ce3"}, {"rel": "bookmark", "href": "http://[LB_IP_ADDRESS]:8774/servers/ea38c68a-df0f-461c-a94b-ed05db506ce3"}], "OS-DCF:diskConfig": "MANUAL", "fault": {"code": 500, "created": "2025-01-29T13:50:49Z", "message": "Build of instance ea38c68a-df0f-4
    61c-a94b-ed05db506ce3 aborted: Image b80cfd70-6556-4c17-aed0-61058bd55e62 is unacceptable: Image not in a supported format", "details": "Traceback (most recent call last):\\n  File \\"/var/lib/kolla/venv/lib/python3.10/site-packages/nova/virt/images.py\\", line 185, in do_image_deep_inspection\\n    inspector = get_image_format(path)\\n  File \\"/var/lib/kolla/venv/lib/python3.10/site-packages/nova/virt/images.py\\", line 151, in get_image_format\\n    if wrapper.formats:\\nAttributeError: \'InspectWrapper\' object has no attribute \'formats\'\\n\\nDuring handling of the above exception, another exception occurred:\\n\\nTraceback (most recent call last):\\n  File \\"/var/lib/kolla/venv/lib/python3.10/site-packages/nova/compute/manager.py\\", line 2648, in _build_and_run_instance\\n    self.driver.spawn(context, instance, image_meta,\\n  File \\"/var/lib/kolla/venv/lib/python3.10/site-packages/nova/virt/libvirt/driver.py\\", line 4791, in spawn\\n    created_instance_dir, created_disks = self._create_image(\\n  File \\"/var/lib/kolla/venv/lib/python3.10/site-packages/nova/virt/libvirt/driver.py\\", line 5202, in _create_image\\n    created_disks = self._create_and_inject_local_root(\\n  File \\"/var/lib/kolla/venv/lib/python3.10/site-packages/nova/virt/libvirt/driver.py\\", line 5331, in _create_and_inject_local_root\\n    self._try_fetch_image_cache(backend, fetch_func, context,\\n  File \\"/var/lib/kolla/venv/lib/python3.10/site-packages/nova/virt/libvirt/driver.py\\", line 11597, in _try_fetch_image_cache\\n    image.cache(fetch_func=fetch_func,\\n  File \\"/var/lib/kolla/venv/lib/python3.10/site-packages/nova/virt/libvirt/imagebackend.py\\", line 304, in cache\\n    self.create_image(\\n  File \\"/var/lib/kolla/venv/lib/python3.10/site-packages/nova/virt/libvirt/imagebackend.py\\", line 682, in create_image\\n    prepare_template(target=base, *args, **kwargs)\\n  File \\"/var/lib/kolla/venv/lib/python3.10/site-packages/oslo_concurrency/lockutils.py\\", line 412, in inner\\n    return f(*args, **kwargs)\\n  File \\"/var/lib/kolla/venv/lib/python3.10/site-packages/nova/virt/libvirt/imagebackend.py\\", line 301, in fetch_func_sync\\n    fetch_func(target=target, *args, **kwargs)\\n  File \\"/var/lib/kolla/venv/lib/python3.10/site-packages/nova/virt/libvirt/utils.py\\", line 495, in fetch_image\\n    images.fetch_to_raw(context, image_id, target, trusted_certs)\\n  File \\"/var/lib/kolla/venv/lib/python3.10/site-packages/nova/virt/images.py\\", line 235, in fetch_to_raw\\n    force_format = do_image_deep_inspection(img, image_href, path_tmp)\\n  File \\"/var/lib/kolla/venv/lib/python3.10/site-packages/nova/virt/images.py\\", line 216, in do_image_deep_inspection\\n    raise exception.ImageUnacceptable(\\nnova.exception.ImageUnacceptable: Image b80cfd70-6556-4c17-aed0-61058bd55e62 is unacceptable: Image not in a supported format\\n\\nDuring handling of the above exception, another exception occurred:\\n\\nTraceback (most recent call last):\\n  File \\"/var/lib/kolla/venv/lib/python3.10/site-packages/nova/compute/manager.py\\", line 
2025-01-29 13:50:49,877 11053 INFO     [tempest.common.waiters] State transition "BUILD/spawning" ==> "ERROR/None" after 15 second wait
2025-01-29 13:50:50,192 11053 INFO     [tempest.lib.common.rest_client] Request (VolumesNegativeTest:test_attach_volumes_with_nonexistent_volume_id): 204 DELETE http://[LB_IP_ADDRESS]:8774/v2.1/servers/ea38c68a-df0f-461c-a94b-ed05db506ce3 0.314s
2025-01-29 13:50:50,193 11053 DEBUG    [tempest.lib.common.rest_client] Request - Headers: {'Content-Type': 'application/json', 'Accept': 'application/json', 'X-Auth-Token': '<omitted>'}
        Body: None
    Response - Headers: {'date': 'Wed, 29 Jan 2025 13:50:49 GMT', 'server': 'Apache/2.4.52 (Ubuntu)', 'openstack-api-version': 'compute 2.1', 'x-openstack-nova-api-version': '2.1', 'vary': 'OpenStack-API-Version,X-OpenStack-Nova-API-Version', 'x-openstack-request-id': 'req-19285c35-dda9-4f1f-a027-3c29ed165fec', 'x-compute-request-id': 'req-19285c35-dda9-4f1f-a027-3c29ed165fec', 'connection': 'close', 'status': '204', 'c
    ontent-location': 'http://[LB_IP_ADDRESS]:8774/v2.1/servers/ea38c68a-df0f-461c-a94b-ed05db506ce3'}
        Body: b''
2025-01-29 13:50:50,225 11053 INFO     [tempest.lib.common.rest_client] Request (VolumesNegativeTest:test_attach_volumes_with_nonexistent_volume_id): 404 GET http://[LB_IP_ADDRESS]:8774/v2.1/servers/ea38c68a-df0f-461c-a94b-ed05db506ce3 0.032s
2025-01-29 13:50:50,226 11053 DEBUG    [tempest.lib.common.rest_client] Request - Headers: {'Content-Type': 'application/json', 'Accept': 'application/json', 'X-Auth-Token': '<omitted>'}
        Body: None
    Response - Headers: {'date': 'Wed, 29 Jan 2025 13:50:50 GMT', 'server': 'Apache/2.4.52 (Ubuntu)', 'content-length': '111', 'openstack-api-version': 'compute 2.1', 'x-openstack-nova-api-version': '2.1', 'vary': 'OpenStack-API-Version,X-OpenStack-Nova-API-Version', 'x-openstack-request-id': 'req-0bf5ddba-e9b5-409b-91d5-00637f4b57e3', 'x-compute-request-id': 'req-0bf5ddba-e9b5-409b-91d5-00637f4b57e3', 'connection': 'close', 'content-type': 'application/json; charset=UTF-8', 'status': '404', 'content-location': 'http://[LB_IP_ADDRESS]:8774/v2.1/servers/ea38c68a-df0f-461c-a94b-ed05db506ce3'}
        Body: b'{"itemNotFound": {"code": 404, "message": "Instance ea38c68a-df0f-461c-a94b-ed05db506ce3 could not be found."}}'



======
Totals
======
Ran: 204 tests in 184.0505 sec.
 - Passed: 193
 - Skipped: 10
 - Expected Fail: 0
 - Unexpected Success: 0
 - Failed: 1
Sum of execute time for each test: 291.9554 sec.

==============
Worker Balance
==============
 - Worker 0 (61 tests) => 0:02:53.475333
 - Worker 1 (74 tests) => 0:03:02.351271
 - Worker 2 (69 tests) => 0:02:50.859165
