{1} setUpClass (tempest.api.compute.volumes.test_attach_volume.AttachVolumeMultiAttachTest) ... SKIPPED: Neutron is not available
{2} tempest.api.compute.volumes.test_volumes_get.VolumesGetTestJSON.test_volume_create_get_delete [2.710832s] ... ok
{1} tempest.api.compute.volumes.test_volume_snapshots.VolumesSnapshotsTestJSON.test_volume_snapshot_create_get_list_delete [7.273399s] ... ok
{0} tempest.api.compute.volumes.test_volumes_list.VolumesTestJSON.test_volume_list [0.067564s] ... ok
{0} tempest.api.compute.volumes.test_volumes_list.VolumesTestJSON.test_volume_list_param_limit [0.069189s] ... ok
{0} tempest.api.compute.volumes.test_volumes_list.VolumesTestJSON.test_volume_list_param_offset_and_limit [0.113626s] ... ok
{0} tempest.api.compute.volumes.test_volumes_list.VolumesTestJSON.test_volume_list_with_detail_param_limit [0.063563s] ... ok
{0} tempest.api.compute.volumes.test_volumes_list.VolumesTestJSON.test_volume_list_with_detail_param_offset_and_limit [0.126478s] ... ok
{0} tempest.api.compute.volumes.test_volumes_list.VolumesTestJSON.test_volume_list_with_details [0.060660s] ... ok
{2} tempest.api.volume.admin.test_backends_capabilities.BackendsCapabilitiesAdminTestsJSON.test_compare_volume_stats_values [1.067521s] ... ok
{2} tempest.api.volume.admin.test_backends_capabilities.BackendsCapabilitiesAdminTestsJSON.test_get_capabilities_backend [0.529729s] ... ok
{2} setUpClass (tempest.api.volume.admin.test_encrypted_volumes_extend.EncryptedVolumesExtendAttachedTest) ... SKIPPED: EncryptedVolumesExtendAttachedTest skipped as Neutron is not available
{1} tempest.api.volume.admin.test_group_type_specs.GroupTypeSpecsTest.test_group_type_specs_create_show_update_list_delete [0.485023s] ... ok
{0} tempest.api.compute.volumes.test_volumes_negative.VolumesNegativeTest.test_create_volume_with_invalid_size [0.120832s] ... ok
{0} tempest.api.compute.volumes.test_volumes_negative.VolumesNegativeTest.test_create_volume_with_size_zero [0.016410s] ... ok
{0} tempest.api.compute.volumes.test_volumes_negative.VolumesNegativeTest.test_create_volume_without_passing_size [0.018285s] ... ok
{0} tempest.api.compute.volumes.test_volumes_negative.VolumesNegativeTest.test_delete_invalid_volume_id [0.032286s] ... ok
{0} tempest.api.compute.volumes.test_volumes_negative.VolumesNegativeTest.test_delete_volume_without_passing_volume_id [0.012698s] ... ok
{0} tempest.api.compute.volumes.test_volumes_negative.VolumesNegativeTest.test_get_volume_without_passing_volume_id [0.012758s] ... ok
{0} tempest.api.compute.volumes.test_volumes_negative.VolumesNegativeTest.test_volume_delete_nonexistent_volume_id [0.055532s] ... ok
{0} tempest.api.compute.volumes.test_volumes_negative.VolumesNegativeTest.test_volume_get_nonexistent_volume_id [0.044381s] ... ok
{1} tempest.api.volume.admin.test_group_types.GroupTypesTest.test_group_type_create_list_update_show_delete [0.336652s] ... ok
{1} tempest.api.volume.admin.test_group_types.GroupTypesTest.test_group_type_list_by_optional_params [0.246761s] ... ok
{2} tempest.api.volume.admin.test_group_snapshots.GroupSnapshotsV319Test.test_reset_group_snapshot_status [8.961907s] ... ok
{2} setUpClass (tempest.api.volume.admin.test_multi_backend.VolumeMultiBackendTest) ... SKIPPED: Cinder multi-backend feature disabled
{1} tempest.api.volume.admin.test_snapshots_actions.SnapshotsActionsTest.test_reset_snapshot_status [0.273910s] ... ok
{2} tempest.api.volume.admin.test_volume_hosts.VolumeHostsAdminTestsJSON.test_list_hosts [0.158453s] ... ok
{2} tempest.api.volume.admin.test_volume_hosts.VolumeHostsAdminTestsJSON.test_show_host [0.108876s] ... ok
{1} tempest.api.volume.admin.test_snapshots_actions.SnapshotsActionsTest.test_snapshot_force_delete_when_snapshot_is_creating [3.474623s] ... ok
{0} tempest.api.volume.admin.test_group_snapshots.GroupSnapshotsTest.test_create_group_from_group_snapshot [12.943823s] ... ok
{1} tempest.api.volume.admin.test_snapshots_actions.SnapshotsActionsTest.test_snapshot_force_delete_when_snapshot_is_deleting [3.465343s] ... ok
{2} tempest.api.volume.admin.test_volume_quotas_negative.VolumeQuotasNegativeTestJSON.test_quota_volume_gigabytes [0.184544s] ... ok
{2} tempest.api.volume.admin.test_volume_quotas_negative.VolumeQuotasNegativeTestJSON.test_quota_volumes [0.157579s] ... ok
{2} tempest.api.volume.admin.test_volume_quotas_negative.VolumeQuotasNegativeTestJSON.test_volume_extend_gigabytes_quota_deviation [0.125985s] ... ok
{1} tempest.api.volume.admin.test_snapshots_actions.SnapshotsActionsTest.test_snapshot_force_delete_when_snapshot_is_error [3.446199s] ... ok
{2} tempest.api.volume.admin.test_volume_services.VolumesServicesTestJSON.test_get_service_by_host_name [0.026722s] ... ok
{2} tempest.api.volume.admin.test_volume_services.VolumesServicesTestJSON.test_get_service_by_service_and_host_name [0.027329s] ... ok
{2} tempest.api.volume.admin.test_volume_services.VolumesServicesTestJSON.test_get_service_by_service_binary_name [0.025328s] ... ok
{1} tempest.api.volume.admin.test_snapshots_actions.SnapshotsActionsTest.test_snapshot_force_delete_when_snapshot_is_error_deleting [3.465621s] ... ok
{1} tempest.api.volume.admin.test_snapshots_actions.SnapshotsActionsTest.test_update_snapshot_status [0.221441s] ... ok
{2} tempest.api.volume.admin.test_volume_services.VolumesServicesTestJSON.test_get_service_by_volume_host_name [3.713497s] ... ok
{2} tempest.api.volume.admin.test_volume_services.VolumesServicesTestJSON.test_list_services [0.027158s] ... ok
{2} tempest.api.volume.admin.test_volume_services_negative.VolumeServicesNegativeTest.test_disable_log_reason_with_no_reason [0.013331s] ... ok
{2} tempest.api.volume.admin.test_volume_services_negative.VolumeServicesNegativeTest.test_disable_service_with_invalid_binary [0.018222s] ... ok
{2} tempest.api.volume.admin.test_volume_services_negative.VolumeServicesNegativeTest.test_enable_service_with_invalid_host [0.018879s] ... ok
{2} tempest.api.volume.admin.test_volume_services_negative.VolumeServicesNegativeTest.test_freeze_host_with_invalid_host [0.024449s] ... ok
{2} tempest.api.volume.admin.test_volume_services_negative.VolumeServicesNegativeTest.test_thaw_host_with_invalid_host [0.020203s] ... ok
{1} tempest.api.volume.admin.test_user_messages.UserMessagesTest.test_delete_message [1.733250s] ... ok
{0} tempest.api.volume.admin.test_group_snapshots.GroupSnapshotsTest.test_delete_group_snapshots_following_updated_volumes [16.477863s] ... ok
{1} tempest.api.volume.admin.test_user_messages.UserMessagesTest.test_list_show_messages [1.612718s] ... ok
{1} setUpClass (tempest.api.volume.admin.test_volume_manage.VolumeManageAdminTest) ... SKIPPED: Manage volume tests are disabled
{1} tempest.api.volume.admin.test_volume_pools.VolumePoolsAdminTestsJSON.test_get_pools_without_details [0.630451s] ... ok
{2} tempest.api.volume.admin.test_volume_snapshot_quotas_negative.VolumeSnapshotQuotasNegativeTestJSON.test_quota_volume_gigabytes_snapshots [0.200525s] ... ok
{2} tempest.api.volume.admin.test_volume_snapshot_quotas_negative.VolumeSnapshotQuotasNegativeTestJSON.test_quota_volume_snapshots [0.049782s] ... ok
{1} tempest.api.volume.admin.test_volume_types_extra_specs_negative.ExtraSpecsNegativeTest.test_create_invalid_body [0.021137s] ... ok
{1} tempest.api.volume.admin.test_volume_types_extra_specs_negative.ExtraSpecsNegativeTest.test_create_none_body [0.019654s] ... ok
{1} tempest.api.volume.admin.test_volume_types_extra_specs_negative.ExtraSpecsNegativeTest.test_create_nonexistent_type_id [0.033341s] ... ok
{1} tempest.api.volume.admin.test_volume_types_extra_specs_negative.ExtraSpecsNegativeTest.test_delete_nonexistent_volume_type_id [0.022160s] ... ok
{1} tempest.api.volume.admin.test_volume_types_extra_specs_negative.ExtraSpecsNegativeTest.test_get_nonexistent_extra_spec_name [0.025183s] ... ok
{1} tempest.api.volume.admin.test_volume_types_extra_specs_negative.ExtraSpecsNegativeTest.test_get_nonexistent_volume_type_id [0.023111s] ... ok
{1} tempest.api.volume.admin.test_volume_types_extra_specs_negative.ExtraSpecsNegativeTest.test_list_nonexistent_volume_type_id [0.024544s] ... ok
{1} tempest.api.volume.admin.test_volume_types_extra_specs_negative.ExtraSpecsNegativeTest.test_update_multiple_extra_spec [0.018316s] ... ok
{1} tempest.api.volume.admin.test_volume_types_extra_specs_negative.ExtraSpecsNegativeTest.test_update_no_body [0.019173s] ... ok
{1} tempest.api.volume.admin.test_volume_types_extra_specs_negative.ExtraSpecsNegativeTest.test_update_none_extra_spec_id [0.030566s] ... ok
{1} tempest.api.volume.admin.test_volume_types_extra_specs_negative.ExtraSpecsNegativeTest.test_update_nonexistent_extra_spec_id [0.035640s] ... ok
{1} tempest.api.volume.admin.test_volume_types_extra_specs_negative.ExtraSpecsNegativeTest.test_update_nonexistent_type_id [0.032612s] ... ok
{0} tempest.api.volume.admin.test_group_snapshots.GroupSnapshotsTest.test_group_snapshot_create_show_list_delete [8.436141s] ... ok
{1} tempest.api.volume.admin.test_volume_types_negative.VolumeTypesNegativeTest.test_create_volume_type_encryption_nonexistent_type_id [0.163882s] ... ok
{1} tempest.api.volume.admin.test_volume_types_negative.VolumeTypesNegativeTest.test_create_with_empty_name [0.024310s] ... ok
{1} tempest.api.volume.admin.test_volume_types_negative.VolumeTypesNegativeTest.test_create_with_repeated_name [0.132552s] ... ok
{1} tempest.api.volume.admin.test_volume_types_negative.VolumeTypesNegativeTest.test_delete_nonexistent_type_id [0.025406s] ... ok
{1} tempest.api.volume.admin.test_volume_types_negative.VolumeTypesNegativeTest.test_get_nonexistent_type_id [0.021530s] ... ok
{2} tempest.api.volume.admin.test_volume_types.VolumeTypesTest.test_volume_type_create_get_delete [0.237631s] ... ok
{2} tempest.api.volume.admin.test_volume_types.VolumeTypesTest.test_volume_type_encryption_create_get_update_delete [0.324003s] ... ok
{2} tempest.api.volume.admin.test_volume_types.VolumeTypesTest.test_volume_type_list [0.025018s] ... ok
{2} tempest.api.volume.admin.test_volume_types.VolumeTypesTest.test_volume_type_update [0.178779s] ... ok
{0} tempest.api.volume.admin.test_groups.GroupsTest.test_group_create_show_list_delete [7.687783s] ... ok
{2} tempest.api.volume.test_volume_delete_cascade.VolumesDeleteCascade.test_volume_delete_cascade [8.121513s] ... ok
{1} tempest.api.volume.admin.test_volumes_list.VolumesListAdminTestJSON.test_volume_list_param_tenant [2.518984s] ... ok
{0} tempest.api.volume.admin.test_groups.GroupsTest.test_group_update [9.872525s] ... ok
{1} tempest.api.volume.test_availability_zone.AvailabilityZoneTestJSON.test_get_availability_zone_list [0.153123s] ... ok
{2} tempest.api.volume.test_volume_delete_cascade.VolumesDeleteCascade.test_volume_from_snapshot_cascade_delete [9.298043s] ... ok
{2} tempest.api.volume.test_volume_metadata.VolumesMetadataTest.test_crud_volume_metadata [0.269091s] ... ok
{2} tempest.api.volume.test_volume_metadata.VolumesMetadataTest.test_update_show_volume_metadata_item [0.182601s] ... ok
{0} tempest.api.volume.admin.test_groups.GroupsV314Test.test_create_group_from_group [10.538885s] ... ok
{1} tempest.api.volume.test_image_metadata.VolumesImageMetadata.test_update_show_delete_image_metadata [0.182052s] ... ok
{2} tempest.api.volume.test_volume_transfers.VolumesTransfersTest.test_create_get_list_accept_volume_transfer [5.019506s] ... ok
{0} tempest.api.volume.admin.test_groups.GroupsV320Test.test_reset_group_status [2.945091s] ... ok
{2} tempest.api.volume.test_volume_transfers.VolumesTransfersTest.test_create_list_delete_volume_transfer [3.729715s] ... ok
{0} tempest.api.volume.admin.test_qos.QosSpecsTestJSON.test_associate_disassociate_qos [0.514497s] ... ok
{0} tempest.api.volume.admin.test_qos.QosSpecsTestJSON.test_create_delete_qos_with_back_end_consumer [0.144648s] ... ok
{0} tempest.api.volume.admin.test_qos.QosSpecsTestJSON.test_create_delete_qos_with_both_consumer [0.138844s] ... ok
{0} tempest.api.volume.admin.test_qos.QosSpecsTestJSON.test_create_delete_qos_with_front_end_consumer [0.138496s] ... ok
{0} tempest.api.volume.admin.test_qos.QosSpecsTestJSON.test_get_qos [0.026956s] ... ok
{0} tempest.api.volume.admin.test_qos.QosSpecsTestJSON.test_list_qos [0.025201s] ... ok
{0} tempest.api.volume.admin.test_qos.QosSpecsTestJSON.test_set_unset_qos_key [0.133440s] ... ok
{1} tempest.api.volume.test_volume_transfers.VolumesTransfersV355Test.test_create_get_list_accept_volume_transfer [4.903262s] ... ok
{0} setUpClass (tempest.api.volume.admin.test_snapshot_manage.SnapshotManageAdminTest) ... SKIPPED: SnapshotManageAdminTest skipped as Neutron is not available
{0} tempest.api.volume.admin.test_volume_quota_classes.VolumeQuotaClassesTest.test_show_default_quota [0.127932s] ... ok
{1} tempest.api.volume.test_volume_transfers.VolumesTransfersV355Test.test_create_list_delete_volume_transfer [3.678587s] ... ok
{0} tempest.api.volume.admin.test_volume_quota_classes.VolumeQuotaClassesTest.test_update_default_quota [0.640710s] ... ok
{1} setUpClass (tempest.api.volume.test_volumes_actions.VolumesActionsTest) ... SKIPPED: VolumesActionsTest skipped as Neutron is not available
{0} tempest.api.volume.admin.test_volume_quotas.VolumeQuotasAdminTestJSON.test_delete_quota [0.293148s] ... ok
{0} tempest.api.volume.admin.test_volume_quotas.VolumeQuotasAdminTestJSON.test_list_default_quotas [0.036001s] ... ok
{0} tempest.api.volume.admin.test_volume_quotas.VolumeQuotasAdminTestJSON.test_list_quotas [0.042362s] ... ok
{1} tempest.api.volume.test_volumes_clone_negative.VolumesCloneNegativeTest.test_create_from_volume_decreasing_size [3.632365s] ... ok
{0} tempest.api.volume.admin.test_volume_quotas.VolumeQuotasAdminTestJSON.test_quota_usage [3.709136s] ... ok
{2} tempest.api.volume.test_volumes_clone.VolumesCloneTest.test_create_from_bootable_volume [14.923785s] ... ok
{0} tempest.api.volume.admin.test_volume_quotas.VolumeQuotasAdminTestJSON.test_quota_usage_after_volume_transfer [4.568880s] ... ok
{0} tempest.api.volume.admin.test_volume_quotas.VolumeQuotasAdminTestJSON.test_show_quota_usage [0.052861s] ... ok
{0} tempest.api.volume.admin.test_volume_quotas.VolumeQuotasAdminTestJSON.test_update_all_quota_resources_for_tenant [0.194013s] ... ok
{0} setUpClass (tempest.api.volume.admin.test_volume_retype.VolumeRetypeWithMigrationTest) ... SKIPPED: Cinder multi-backend feature disabled
{1} tempest.api.volume.test_volumes_get.VolumesGetTest.test_volume_create_get_update_delete [7.205901s] ... ok
{2} tempest.api.volume.test_volumes_clone.VolumesCloneTest.test_create_from_volume [7.053416s] ... ok
{0} tempest.api.volume.admin.test_volume_retype.VolumeRetypeWithoutMigrationTest.test_available_volume_retype [4.937870s] ... ok
{0} tempest.api.volume.admin.test_volume_type_access.VolumeTypesAccessTest.test_volume_type_access_list [0.335175s] ... ok
{1} tempest.api.volume.test_volumes_get.VolumesGetTest.test_volume_create_get_update_delete_as_clone [11.692661s] ... ok
{0} tempest.api.volume.admin.test_volume_types_extra_specs.VolumeTypesExtraSpecsTest.test_volume_type_extra_spec_create_get_delete [0.170511s] ... ok
{0} tempest.api.volume.admin.test_volume_types_extra_specs.VolumeTypesExtraSpecsTest.test_volume_type_extra_specs_list [0.081687s] ... ok
{0} tempest.api.volume.admin.test_volume_types_extra_specs.VolumeTypesExtraSpecsTest.test_volume_type_extra_specs_update [0.202791s] ... ok
{2} tempest.api.volume.test_volumes_extend.VolumesExtendTest.test_volume_extend [11.337145s] ... ok
{0} setUpClass (tempest.api.volume.admin.test_volumes_actions.VolumesActionsTest) ... SKIPPED: VolumesActionsTest skipped as Neutron is not available
{0} tempest.api.volume.test_extensions.ExtensionsTestJSON.test_list_extensions [0.122748s] ... ok
{2} tempest.api.volume.test_volumes_extend.VolumesExtendTest.test_volume_extend_when_volume_has_snapshot [8.062288s] ... ok
{2} setUpClass (tempest.api.volume.test_volumes_snapshots.VolumesSnapshotTestJSON) ... SKIPPED: VolumesSnapshotTestJSON skipped as Neutron is not available
{0} tempest.api.volume.test_snapshot_metadata.SnapshotMetadataTestJSON.test_crud_snapshot_metadata [0.254995s] ... ok
{0} tempest.api.volume.test_snapshot_metadata.SnapshotMetadataTestJSON.test_update_show_snapshot_metadata_item [0.223930s] ... ok
{1} tempest.api.volume.test_volumes_get.VolumesGetTest.test_volume_create_get_update_delete_from_image [13.672565s] ... ok
{1} tempest.api.volume.test_volumes_get.VolumesSummaryTest.test_show_volume_summary [0.227614s] ... ok
{0} tempest.api.volume.test_versions.VersionsTest.test_list_versions [0.014486s] ... ok
{0} tempest.api.volume.test_versions.VersionsTest.test_show_version [0.174286s] ... ok
{2} tempest.api.volume.test_volumes_snapshots_list.VolumesSnapshotListTestJSON.test_snapshot_list_param_limit [0.034742s] ... ok
{2} tempest.api.volume.test_volumes_snapshots_list.VolumesSnapshotListTestJSON.test_snapshot_list_param_limit_equals_infinite [0.057025s] ... ok
{2} tempest.api.volume.test_volumes_snapshots_list.VolumesSnapshotListTestJSON.test_snapshot_list_param_limit_equals_zero [0.030726s] ... ok
{2} tempest.api.volume.test_volumes_snapshots_list.VolumesSnapshotListTestJSON.test_snapshot_list_param_marker [0.065156s] ... ok
{2} tempest.api.volume.test_volumes_snapshots_list.VolumesSnapshotListTestJSON.test_snapshot_list_param_offset [0.031317s] ... ok
{2} tempest.api.volume.test_volumes_snapshots_list.VolumesSnapshotListTestJSON.test_snapshot_list_param_sort_created_at_asc [0.029293s] ... ok
{2} tempest.api.volume.test_volumes_snapshots_list.VolumesSnapshotListTestJSON.test_snapshot_list_param_sort_created_at_desc [0.034842s] ... ok
{2} tempest.api.volume.test_volumes_snapshots_list.VolumesSnapshotListTestJSON.test_snapshot_list_param_sort_id_asc [0.030869s] ... ok
{2} tempest.api.volume.test_volumes_snapshots_list.VolumesSnapshotListTestJSON.test_snapshot_list_param_sort_id_desc [0.030788s] ... ok
{2} tempest.api.volume.test_volumes_snapshots_list.VolumesSnapshotListTestJSON.test_snapshot_list_param_sort_name_asc [0.029165s] ... ok
{2} tempest.api.volume.test_volumes_snapshots_list.VolumesSnapshotListTestJSON.test_snapshot_list_param_sort_name_desc [0.030557s] ... ok
{2} tempest.api.volume.test_volumes_snapshots_list.VolumesSnapshotListTestJSON.test_snapshots_list_details_with_params [0.092340s] ... ok
{0} tempest.api.volume.test_volume_absolute_limits.AbsoluteLimitsTests.test_get_volume_absolute_limits [0.043350s] ... ok
{2} tempest.api.volume.test_volumes_snapshots_list.VolumesSnapshotListTestJSON.test_snapshots_list_with_params [0.079887s] ... ok
{1} tempest.api.volume.test_volumes_list.VolumesListTestJSON.test_volume_list [0.036111s] ... ok
{1} tempest.api.volume.test_volumes_list.VolumesListTestJSON.test_volume_list_by_name [0.024951s] ... ok
{1} tempest.api.volume.test_volumes_list.VolumesListTestJSON.test_volume_list_details_by_name [0.051539s] ... ok
{1} tempest.api.volume.test_volumes_list.VolumesListTestJSON.test_volume_list_details_pagination [0.280305s] ... ok
{1} tempest.api.volume.test_volumes_list.VolumesListTestJSON.test_volume_list_details_with_multiple_params [0.100324s] ... ok
{1} tempest.api.volume.test_volumes_list.VolumesListTestJSON.test_volume_list_pagination [0.152662s] ... ok
{1} tempest.api.volume.test_volumes_list.VolumesListTestJSON.test_volume_list_param_display_name_and_status [0.028911s] ... ok
{1} tempest.api.volume.test_volumes_list.VolumesListTestJSON.test_volume_list_with_detail_param_display_name_and_status [0.056556s] ... ok
{1} tempest.api.volume.test_volumes_list.VolumesListTestJSON.test_volume_list_with_detail_param_marker [0.070454s] ... ok
{1} tempest.api.volume.test_volumes_list.VolumesListTestJSON.test_volume_list_with_detail_param_metadata [0.066666s] ... ok
{1} tempest.api.volume.test_volumes_list.VolumesListTestJSON.test_volume_list_with_details [0.053953s] ... ok
{1} tempest.api.volume.test_volumes_list.VolumesListTestJSON.test_volume_list_with_param_metadata [0.033935s] ... ok
{1} tempest.api.volume.test_volumes_list.VolumesListTestJSON.test_volumes_list_by_availability_zone [0.079770s] ... ok
{1} tempest.api.volume.test_volumes_list.VolumesListTestJSON.test_volumes_list_by_bootable [0.074695s] ... ok
{1} tempest.api.volume.test_volumes_list.VolumesListTestJSON.test_volumes_list_by_status [0.067720s] ... ok
{1} tempest.api.volume.test_volumes_list.VolumesListTestJSON.test_volumes_list_details_by_availability_zone [0.057556s] ... ok
{1} tempest.api.volume.test_volumes_list.VolumesListTestJSON.test_volumes_list_details_by_bootable [0.055964s] ... ok
{1} tempest.api.volume.test_volumes_list.VolumesListTestJSON.test_volumes_list_details_by_status [0.049238s] ... ok
{2} tempest.api.volume.test_volumes_snapshots_negative.VolumesSnapshotNegativeTestJSON.test_create_snapshot_with_nonexistent_volume_id [0.095839s] ... ok
{2} tempest.api.volume.test_volumes_snapshots_negative.VolumesSnapshotNegativeTestJSON.test_create_snapshot_without_passing_volume_id [0.027254s] ... ok
{2} tempest.api.volume.test_volumes_snapshots_negative.VolumesSnapshotNegativeTestJSON.test_list_snapshot_invalid_param_limit [0.018453s] ... ok
{2} tempest.api.volume.test_volumes_snapshots_negative.VolumesSnapshotNegativeTestJSON.test_list_snapshots_invalid_param_marker [0.025550s] ... ok
{2} tempest.api.volume.test_volumes_snapshots_negative.VolumesSnapshotNegativeTestJSON.test_list_snapshots_invalid_param_sort [0.016946s] ... ok
{0} tempest.api.volume.test_volume_transfers.VolumesTransfersV357Test.test_create_get_list_accept_volume_transfer [4.909619s] ... ok
{2} tempest.api.volume.test_volumes_snapshots_negative.VolumesSnapshotNegativeTestJSON.test_volume_from_snapshot_decreasing_size [6.880639s] ... ok
{0} tempest.api.volume.test_volume_transfers.VolumesTransfersV357Test.test_create_list_delete_volume_transfer [3.729025s] ... ok
{0} setUpClass (tempest.api.volume.test_volumes_extend.VolumesExtendAttachedTest) ... SKIPPED: VolumesExtendAttachedTest skipped as Neutron is not available
{1} tempest.api.volume.test_volumes_negative.VolumesNegativeTest.test_attach_volumes_with_nonexistent_volume_id [18.476526s] ... FAILED

Captured traceback:
~~~~~~~~~~~~~~~~~~~
    Traceback (most recent call last):

      File "/usr/local/lib/python3.10/dist-packages/tempest/common/utils/__init__.py", line 65, in wrapper
    return f(*func_args, **func_kwargs)

      File "/usr/local/lib/python3.10/dist-packages/tempest/api/volume/test_volumes_negative.py", line 188, in test_attach_volumes_with_nonexistent_volume_id
    server = self.create_server()

      File "/usr/local/lib/python3.10/dist-packages/tempest/api/volume/base.py", line 270, in create_server
    body, _ = compute.create_test_server(

      File "/usr/local/lib/python3.10/dist-packages/tempest/common/compute.py", line 340, in create_test_server
    with excutils.save_and_reraise_exception():

      File "/usr/local/lib/python3.10/dist-packages/oslo_utils/excutils.py", line 227, in __exit__
    self.force_reraise()

      File "/usr/local/lib/python3.10/dist-packages/oslo_utils/excutils.py", line 200, in force_reraise
    raise self.value

      File "/usr/local/lib/python3.10/dist-packages/tempest/common/compute.py", line 323, in create_test_server
    server = waiters.wait_for_server_status(

      File "/usr/local/lib/python3.10/dist-packages/tempest/common/waiters.py", line 80, in wait_for_server_status
    raise exceptions.BuildErrorException(details, server_id=server_id)

    tempest.exceptions.BuildErrorException: Server 6d13f093-54d8-42a9-824b-d3cf14cdc3f6 failed to build and is in ERROR status
Details: Fault: {'code': 500, 'created': '2025-01-29T14:05:28Z', 'message': 'Build of instance 6d13f093-54d8-42a9-824b-d3cf14cdc3f6 aborted: Image b80cfd70-6556-4c17-aed0-61058bd55e62 is unacceptable: Image not in a supported format', 'details': 'Traceback (most recent call last):\n  File "/var/lib/kolla/venv/lib/python3.10/site-packages/nova/virt/images.py", line 185, in do_image_deep_inspection\n    inspector = get_image_format(path)\n  File "/var/lib/kolla/venv/lib/python3.10/site-packages/nova/virt/images.py", line 151, in get_image_format\n    if wrapper.formats:\nAttributeError: \'InspectWrapper\' object has no attribute \'formats\'\n\nDuring handling of the above exception, another exception occurred:\n\nTraceback (most recent call last):\n  File "/var/lib/kolla/venv/lib/python3.10/site-packages/nova/compute/manager.py", line 2648, in _build_and_run_instance\n    self.driver.spawn(context, instance, image_meta,\n  File "/var/lib/kolla/venv/lib/python3.10/site-packages/nova/virt/libvirt/driver.py", line 4791, in spawn\n    created_instance_dir, created_disks = self._create_image(\n  File "/var/lib/kolla/venv/lib/python3.10/site-packages/nova/virt/libvirt/driver.py", line 5202, in _create_image\n    created_disks = self._create_and_inject_local_root(\n  File "/var/lib/kolla/venv/lib/python3.10/site-packages/nova/virt/libvirt/driver.py", line 5331, in _create_and_inject_local_root\n    self._try_fetch_image_cache(backend, fetch_func, context,\n  File "/var/lib/kolla/venv/lib/python3.10/site-packages/nova/virt/libvirt/driver.py", line 11597, in _try_fetch_image_cache\n    image.cache(fetch_func=fetch_func,\n  File "/var/lib/kolla/venv/lib/python3.10/site-packages/nova/virt/libvirt/imagebackend.py", line 304, in cache\n    self.create_image(\n  File "/var/lib/kolla/venv/lib/python3.10/site-packages/nova/virt/libvirt/imagebackend.py", line 682, in create_image\n    prepare_template(target=base, *args, **kwargs)\n  File "/var/lib/kolla/venv/lib/python3.10/site-packages/oslo_concurrency/lockutils.py", line 412, in inner\n    return f(*args, **kwargs)\n  File "/var/lib/kolla/venv/lib/python3.10/site-packages/nova/virt/libvirt/imagebackend.py", line 301, in fetch_func_sync\n    fetch_func(target=target, *args, **kwargs)\n  File "/var/lib/kolla/venv/lib/python3.10/site-packages/nova/virt/libvirt/utils.py", line 495, in fetch_image\n    images.fetch_to_raw(context, image_id, target, trusted_certs)\n  File "/var/lib/kolla/venv/lib/python3.10/site-packages/nova/virt/images.py", line 235, in fetch_to_raw\n    force_format = do_image_deep_inspection(img, image_href, path_tmp)\n  File "/var/lib/kolla/venv/lib/python3.10/site-packages/nova/virt/images.py", line 216, in do_image_deep_inspection\n    raise exception.ImageUnacceptable(\nnova.exception.ImageUnacceptable: Image b80cfd70-6556-4c17-aed0-61058bd55e62 is unacceptable: Image not in a supported format\n\nDuring handling of the above exception, another exception occurred:\n\nTraceback (most recent call last):\n  File "/var/lib/kolla/venv/lib/python3.10/site-packages/nova/compute/manager.py", line 2463, in _do_build_and_run_instance\n    self._build_and_run_instance(context, instance, image,\n  File "/var/lib/kolla/venv/lib/python3.10/site-packages/nova/compute/manager.py", line 2733, in _build_and_run_instance\n    raise exception.BuildAbortException(instance_uuid=instance.uuid,\nnova.exception.BuildAbortException: Build of instance 6d13f093-54d8-42a9-824b-d3cf14cdc3f6 aborted: Image b80cfd70-6556-4c17-aed0-61058bd55e62 is unacceptable: Image not in a supported format\n'}. Request ID of server operation performed before checking the server status req-1524fdcf-e6c6-4e46-944c-23d352481ab9.


Captured pythonlogging:
~~~~~~~~~~~~~~~~~~~~~~~
    2025-01-29 14:05:12,194 11355 INFO     [tempest.lib.common.rest_client] Request (VolumesNegativeTest:test_attach_volumes_with_nonexistent_volume_id): 201 POST http://controller:5000/v3/auth/tokens 0.342s
2025-01-29 14:05:12,195 11355 DEBUG    [tempest.lib.common.rest_client] Request - Headers: {'Content-Type': 'application/json', 'Accept': 'application/json'}
        Body: <omitted>
    Response - Headers: {'date': 'Wed, 29 Jan 2025 14:05:11 GMT', 'server': 'Apache', 'content-length': '3303', 'x-subject-token': '<omitted>', 'vary': 'X-Auth-Token', 'x-openstack-request-id': 'req-bd45f00c-8a4f-44a8-be09-81e1fbf2867e', 'connection': 'close', 'content-type': 'application/json', 'status': '201', 'content-location': 'http://controller:5000/v3/auth/tokens'}
        Body: b'{"token": {"methods": ["password"], "user": {"domain": {"id": "default", "name": "Default"}, "id": "77629d5c7d0d4ac8890398832f3cb7a2", "name": "tempest-VolumesNegativeTest-95395781-project-member", "password_expires_at": null}, "audit_ids": ["GnjeOYkBT4KRyXx0OAogVA"], "expires_at": "2025-01-30T14:05:12.000000Z", "issued_at": "2025-01-29T14:05:12.000000Z", "project": {"domain": {"id": "default", "name": "Default"}, "id": "e34c50f909b14259bef02f5de853a575", "name": "tempest-VolumesNegativeTest-95395781"}, "is_domain": false, "roles": [{"id": "b03f5fd51d9941bd9cdd7bd39e2a7c04", "name": "manager"}, {"id": "d41a38c9832048abb6a9dfd4dbc74cfb", "name": "member"}, {"id": "b4b43a54a6b84614aa0118dc7f2219ff", "name": "admin"}, {"id": "9b5414f302fc4fa5967a33a4a0a7af5f", "name": "reader"}], "catalog": [{"endpoints": [{"id": "2d84316125d94cfd8146d5b0a63e5a09", "interface": "internal", "region_id": "RegionOne", "url": "http://[LB_IP_ADDRESS]:8774/v2.1", "region": "RegionOne"}, {"id": "9013fb75082548db9f7f93fb240e4eb5", "interface": "public", "region_id": "RegionOne", "url": "http://[LB_IP_ADDRESS]:8774/v2.1", "region": "RegionOne"}], "id": "13d3e8ca59fa4239b3c1d89ae5d18d46", "type": "compute", "name": "nova"}, {"endpoints": [{"id": "77c8e2017f43470b88628c80f150af2b", "interface": "internal", "region_id": "RegionOne", "url": "http://[LB_IP_ADDRESS]:9292", "region": "RegionOne"}, {"id": "e94bf45a1fc54e4cb799150fec3c553b", "interface": "public", "region_id": "RegionOne", "url": "http://[LB_IP_ADDRESS]:9292", "region": "RegionOne"}], "id": "90b803829c864609a11a3c5d7f5ca4eb", "type": "image", "name": "glance"}, {"endpoints": [{"id": "8b71863b3909475da0399630a257e299", "interface": "internal", "region_id": "RegionOne", "url": "http://[LB_IP_ADDRESS]:9696", "region": "RegionOne"}, {"id": "eb4192e695634cefa076525cad0faf40", "interface": "public", "region_id": "RegionOne", "url": "http://[LB_IP_ADDRESS]:9696", "region": "RegionOne"}], "id": "bf4bf859a64d4edca2a8af930c8d4870", "type": "network", "name": "neutron"}, {"endpoints": [{"id": "5b0d15dd76004491bfc44d0f148a605a", "interface": "internal", "region_id": "RegionOne", "url": "http://[LB_IP_ADDRESS]:8776/v3/e34c50f909b14259bef02f5de853a575", "region": "RegionOne"}, {"id": "6b764d1b63e94e0b8f2a952fd9d43b4b", "interface": "public", "region_id": "RegionOne", "url": "http://[LB_IP_ADDRESS]:8776/v3/e34c50f909b14259bef02f5de853a575", "region": "RegionOne"}], "id": "c7ce27009e2f497a8865aab4450f3a0c", "type": "volumev3", "name": "cinderv3"}, {"endpoints": [{"id": "21b3252d38cb4d2ca55bf8a344d9a093", "interface": "internal", "region_id": "RegionOne", "url": "http://[LB_IP_ADDRESS]:8780", "region": "RegionOne"}, {"id": "d9a25e3380c044b1b62ea881654ae1da", "interface": "public", "region_id": "RegionOne", "url": "http://[LB_IP_ADDRESS]:8780", "region": "RegionOne"}], "id": "e25e12f5148340b8a259bebfaaef5308", "type": "placement", "name": "placement"}, {"endpoints": [{"id": "14144c8e6cf74e2384f9070a5dae2ccc", "interface": "internal", "region_id": "RegionOne", "url": "http://[LB_IP_ADDRESS]:5000", "region": "RegionOne"}, {"id": "5d7337de6ab24e04a0c315fe8d9aa663", "interface": "public", "region_id": "RegionOne", "url": "http://[LB_IP_ADDRESS]:5000", "region": "RegionOne"}], "id": "fa7fafa7b3194e9caacbd6e67b6aaa0f", "type": "identity", "name": "keystone"}]}}'
2025-01-29 14:
    05:12,195 11355 DEBUG    [tempest.lib.common.dynamic_creds] Creating new dynamic creds for scope: None and credential_type: admin
2025-01-29 14:05:12,261 11355 INFO     [tempest.lib.common.rest_client] Request (VolumesNegativeTest:test_attach_volumes_with_nonexistent_volume_id): 201 POST http://[LB_IP_ADDRESS]:5000/v3/projects 0.064s
2025-01-29 14:05:12,261 11355 DEBUG    [tempest.lib.common.rest_client] Request - Headers: {'Content-Type': 'application/json', 'Accept': 'application/json', 'X-Auth-Token': '<omitted>'}
        Body: {"project": {"description": "tempest-VolumesNegativeTest-738107591-desc", "domain_id": "default", "name": "tempest-VolumesNegativeTest-738107591"}}
    Response - Headers: {'date': 'Wed, 29 Jan 2025 14:05:12 GMT', 'server': 'Apache', 'content-length': '371', 'vary': 'X-Auth-Token', 'x-openstack-request-id': 'req-8c9ff7f5-a19f-48ef-b246-72da26fbd70e', 'connection': 'close', 'content-type': 'application/json', 'status': '201', 'content-location': 'http://[LB_IP_ADDRESS]:5000/v3/projects'}
        Body: b'{"project": {"id": "bcccd559a0ad4a5288b63f2b1602cb93", "name": "tempest-VolumesNegativeTest-738107591", "domain_id": "default", "description": "tempest-VolumesNegativeTest-738107591-desc", "enabled": true, "parent_id": "default", "is_domain": false, "tags": [], "options": {}, "links": {"self": "http://[LB_IP_ADDRESS]:5000/v3/projects/bcccd559a0ad4a5288b63f2b1602cb93"}}}\n'
2025-01-29 14:05:12,623 11355 INFO     [tempest.lib.common.rest_client] Request (VolumesNegativeTest:test_attach_volumes_with_nonexistent_volume_id): 201 POST http://[LB_IP_ADDRESS]:5000/v3/users 0.361s
2025-01-29 14:05:12,623 11355 DEBUG    [tempest.lib.common.rest_client] Request - Headers: {'Content-Type': 'application/json', 'Accept': 'application/json', 'X-Auth-Token': '<omitted>'}
        Body: {"user": {"name": "tempest-VolumesNegativeTest-738107591-project-admin", "password": "Y0+wjq*C8+Zfn8L", "domain_id": "default"}}
    Response - Headers: {'date': 'Wed, 29 Jan 2025 14:05:12 GMT', 'server': 'Apache', 'content-length': '291', 'vary': 'X-Auth-Token', 'x-openstack-request-id': 'req-6d2a2559-bf1b-4923-b945-b43f36ddfd33', 'connection': 'close', 'content-type': 'application/json', 'status': '201', 'content-location': 'http://[LB_IP_ADDRESS]:5000/v3/users'}
        Body: b'{"user": {"id": "770f48af11ef4a49b2ae1ca6e8ae67f0", "name": "tempest-VolumesNegativeTest-738107591-project-admin", "domain_id": "default", "enabled": true, "password_expires_at": null, "options": {}, "links": {"self": "http://[LB_IP_ADDRESS]:5000/v3/users/770f48af11ef4a49b2ae1ca6e8ae67f0"}}}\n'
2025-01-29 14:05:12,649 11355 INFO     [tempest.lib.common.rest_client] Request (VolumesNegativeTest:test_attach_volumes_with_nonexistent_volume_id): 200 GET http://[LB_IP_ADDRESS]:5000/v3/roles 0.025s
2025-01-29 14:05:12,649 11355 DEBUG    [tempest.lib.common.rest_client] Request - Headers: {'Content-Type': 'application/json', 'Accept': 'application/json', 'X-Auth-Token': '<omitted>'}
        Body: None
    Response - Headers: {'date': 'Wed, 29 Jan 2025 14:05:12 GMT', 'server': 'Apache', 'content-length': '1222', 'vary': 'X-Auth-Token', 'x-openstack-request-id': 'req-dcd063a5-4cbd-4e16-a97f-8e2dc17ff7d6', 'connection': 'close', 'content-type': 'application/json', 'status': '200', 'content-location': 'http://[LB_IP_ADDRESS]:5000/v3/roles'}
        Body: b'{"roles": [{"id": "9b5414f302fc4fa5967a33a4a0a7af5f", "name": "reader", "domain_id": null, "description": null, "options": {"immutable": true}, "links": {"self": "http://[LB_IP_ADDRESS]:5000/v3/roles/9b5414f302fc4fa5967a33a4a0a7af5f"}}, {"id": "a862e0b380b14de0b58f51b66b64eda5", "name": "service", "domain_id": null, "description": null, "options": {"immutable": true}, "links": {"self": "http://[LB_IP_ADDRESS]:5000/v3/roles/a862e0b380b14de0b58f51b66b64eda5"}}, {"id": "b03f5fd51d9941bd9cdd7bd39e2a7c04", "name": "manager", "domain_id": null, "description": null, "options": {"immutable": true}, "links": {"self": "http://[LB_IP_ADDRESS]:5000/v3/roles/b03f5fd51d9941bd9cdd7bd39e2a7c04"}}, {"id": "b4b43a54a6b84614aa0118dc7f2219ff", "name": "ad
    min", "domain_id": null, "description": null, "options": {"immutable": true}, "links": {"self": "http://[LB_IP_ADDRESS]:5000/v3/roles/b4b43a54a6b84614aa0118dc7f2219ff"}}, {"id": "d41a38c9832048abb6a9dfd4dbc74cfb", "name": "member", "domain_id": null, "description": null, "options": {"immutable": true}, "links": {"self": "http://[LB_IP_ADDRESS]:5000/v3/roles/d41a38c9832048abb6a9dfd4dbc74cfb"}}], "links": {"next": null, "self": "http://[LB_IP_ADDRESS]:5000/v3/roles", "previous": null}}\n'
2025-01-29 14:05:12,686 11355 INFO     [tempest.lib.common.rest_client] Request (VolumesNegativeTest:test_attach_volumes_with_nonexistent_volume_id): 204 PUT http://[LB_IP_ADDRESS]:5000/v3/projects/bcccd559a0ad4a5288b63f2b1602cb93/users/770f48af11ef4a49b2ae1ca6e8ae67f0/roles/b4b43a54a6b84614aa0118dc7f2219ff 0.036s
2025-01-29 14:05:12,686 11355 DEBUG    [tempest.lib.common.rest_client] Request - Headers: {'Content-Type': 'application/json', 'Accept': 'application/json', 'X-Auth-Token': '<omitted>'}
        Body: None
    Response - Headers: {'date': 'Wed, 29 Jan 2025 14:05:12 GMT', 'server': 'Apache', 'vary': 'X-Auth-Token', 'x-openstack-request-id': 'req-bf163d56-07c1-4571-93e2-89040d007d8a', 'connection': 'close', 'status': '204', 'content-location': 'http://[LB_IP_ADDRESS]:5000/v3/projects/bcccd559a0ad4a5288b63f2b1602cb93/users/770f48af11ef4a49b2ae1ca6e8ae67f0/roles/b4b43a54a6b84614aa0118dc7f2219ff'}
        Body: b''
2025-01-29 14:05:12,745 11355 INFO     [tempest.lib.common.rest_client] Request (VolumesNegativeTest:test_attach_volumes_with_nonexistent_volume_id): 200 GET http://[LB_IP_ADDRESS]:5000/v3/roles 0.058s
2025-01-29 14:05:12,746 11355 DEBUG    [tempest.lib.common.rest_client] Request - Headers: {'Content-Type': 'application/json', 'Accept': 'application/json', 'X-Auth-Token': '<omitted>'}
        Body: None
    Response - Headers: {'date': 'Wed, 29 Jan 2025 14:05:12 GMT', 'server': 'Apache', 'content-length': '1222', 'vary': 'X-Auth-Token', 'x-openstack-request-id': 'req-1954a692-6962-4b8c-b567-19d47c9bd8e9', 'connection': 'close', 'content-type': 'application/json', 'status': '200', 'content-location': 'http://[LB_IP_ADDRESS]:5000/v3/roles'}
        Body: b'{"roles": [{"id": "9b5414f302fc4fa5967a33a4a0a7af5f", "name": "reader", "domain_id": null, "description": null, "options": {"immutable": true}, "links": {"self": "http://[LB_IP_ADDRESS]:5000/v3/roles/9b5414f302fc4fa5967a33a4a0a7af5f"}}, {"id": "a862e0b380b14de0b58f51b66b64eda5", "name": "service", "domain_id": null, "description": null, "options": {"immutable": true}, "links": {"self": "http://[LB_IP_ADDRESS]:5000/v3/roles/a862e0b380b14de0b58f51b66b64eda5"}}, {"id": "b03f5fd51d9941bd9cdd7bd39e2a7c04", "name": "manager", "domain_id": null, "description": null, "options": {"immutable": true}, "links": {"self": "http://[LB_IP_ADDRESS]:5000/v3/roles/b03f5fd51d9941bd9cdd7bd39e2a7c04"}}, {"id": "b4b43a54a6b84614aa0118dc7f2219ff", "name": "admin", "domain_id": null, "description": null, "options": {"immutable": true}, "links": {"self": "http://[LB_IP_ADDRESS]:5000/v3/roles/b4b43a54a6b84614aa0118dc7f2219ff"}}, {"id": "d41a38c9832048abb6a9dfd4dbc74cfb", "name": "member", "domain_id": null, "description": null, "options": {"immutable": true}, "links": {"self": "http://[LB_IP_ADDRESS]:5000/v3/roles/d41a38c9832048abb6a9dfd4dbc74cfb"}}], "links": {"next": null, "self": "http://[LB_IP_ADDRESS]:5000/v3/roles", "previous": null}}\n'
2025-01-29 14:05:12,768 11355 INFO     [tempest.lib.common.rest_client] Request (VolumesNegativeTest:test_attach_volumes_with_nonexistent_volume_id): 204 PUT http://[LB_IP_ADDRESS]:5000/v3/domains/default/users/770f48af11ef4a49b2ae1ca6e8ae67f0/roles/b4b43a54a6b84614aa0118dc7f2219ff 0.021s
2025-01-29 14:05:12,768 11355 DEBUG    [tempest.lib.common.rest_client] Request - Headers: {'Content-Type': 'application/json', 'Accept': 'application/json', 'X-Auth-Token': '<omitted>'}
        Body: None
    Response - Headers: {'date': 'Wed, 29 Jan 2025 14:05:12 GMT', 'server': 'Apache', 'vary': 'X-Auth-Token', 'x-openstack-request-id': 'req-9234c1df-04ee-431f-9ad0-b15fdde2db4d', 'connection': 'clos
    e', 'status': '204', 'content-location': 'http://[LB_IP_ADDRESS]:5000/v3/domains/default/users/770f48af11ef4a49b2ae1ca6e8ae67f0/roles/b4b43a54a6b84614aa0118dc7f2219ff'}
        Body: b''
2025-01-29 14:05:12,824 11355 INFO     [tempest.lib.common.rest_client] Request (VolumesNegativeTest:test_attach_volumes_with_nonexistent_volume_id): 200 GET http://[LB_IP_ADDRESS]:5000/v3/roles 0.055s
2025-01-29 14:05:12,824 11355 DEBUG    [tempest.lib.common.rest_client] Request - Headers: {'Content-Type': 'application/json', 'Accept': 'application/json', 'X-Auth-Token': '<omitted>'}
        Body: None
    Response - Headers: {'date': 'Wed, 29 Jan 2025 14:05:12 GMT', 'server': 'Apache', 'content-length': '1222', 'vary': 'X-Auth-Token', 'x-openstack-request-id': 'req-6f6030f0-3d63-4304-98b0-a5fe59e85ca0', 'connection': 'close', 'content-type': 'application/json', 'status': '200', 'content-location': 'http://[LB_IP_ADDRESS]:5000/v3/roles'}
        Body: b'{"roles": [{"id": "9b5414f302fc4fa5967a33a4a0a7af5f", "name": "reader", "domain_id": null, "description": null, "options": {"immutable": true}, "links": {"self": "http://[LB_IP_ADDRESS]:5000/v3/roles/9b5414f302fc4fa5967a33a4a0a7af5f"}}, {"id": "a862e0b380b14de0b58f51b66b64eda5", "name": "service", "domain_id": null, "description": null, "options": {"immutable": true}, "links": {"self": "http://[LB_IP_ADDRESS]:5000/v3/roles/a862e0b380b14de0b58f51b66b64eda5"}}, {"id": "b03f5fd51d9941bd9cdd7bd39e2a7c04", "name": "manager", "domain_id": null, "description": null, "options": {"immutable": true}, "links": {"self": "http://[LB_IP_ADDRESS]:5000/v3/roles/b03f5fd51d9941bd9cdd7bd39e2a7c04"}}, {"id": "b4b43a54a6b84614aa0118dc7f2219ff", "name": "admin", "domain_id": null, "description": null, "options": {"immutable": true}, "links": {"self": "http://[LB_IP_ADDRESS]:5000/v3/roles/b4b43a54a6b84614aa0118dc7f2219ff"}}, {"id": "d41a38c9832048abb6a9dfd4dbc74cfb", "name": "member", "domain_id": null, "description": null, "options": {"immutable": true}, "links": {"self": "http://[LB_IP_ADDRESS]:5000/v3/roles/d41a38c9832048abb6a9dfd4dbc74cfb"}}], "links": {"next": null, "self": "http://[LB_IP_ADDRESS]:5000/v3/roles", "previous": null}}\n'
2025-01-29 14:05:12,850 11355 INFO     [tempest.lib.common.rest_client] Request (VolumesNegativeTest:test_attach_volumes_with_nonexistent_volume_id): 204 PUT http://[LB_IP_ADDRESS]:5000/v3/projects/bcccd559a0ad4a5288b63f2b1602cb93/users/770f48af11ef4a49b2ae1ca6e8ae67f0/roles/b4b43a54a6b84614aa0118dc7f2219ff 0.025s
2025-01-29 14:05:12,851 11355 DEBUG    [tempest.lib.common.rest_client] Request - Headers: {'Content-Type': 'application/json', 'Accept': 'application/json', 'X-Auth-Token': '<omitted>'}
        Body: None
    Response - Headers: {'date': 'Wed, 29 Jan 2025 14:05:12 GMT', 'server': 'Apache', 'vary': 'X-Auth-Token', 'x-openstack-request-id': 'req-e8019011-d445-441c-a785-f8a62235cc94', 'connection': 'close', 'status': '204', 'content-location': 'http://[LB_IP_ADDRESS]:5000/v3/projects/bcccd559a0ad4a5288b63f2b1602cb93/users/770f48af11ef4a49b2ae1ca6e8ae67f0/roles/b4b43a54a6b84614aa0118dc7f2219ff'}
        Body: b''
2025-01-29 14:05:12,921 11355 INFO     [tempest.lib.common.rest_client] Request (VolumesNegativeTest:test_attach_volumes_with_nonexistent_volume_id): 200 GET http://[LB_IP_ADDRESS]:5000/v3/roles 0.070s
2025-01-29 14:05:12,921 11355 DEBUG    [tempest.lib.common.rest_client] Request - Headers: {'Content-Type': 'application/json', 'Accept': 'application/json', 'X-Auth-Token': '<omitted>'}
        Body: None
    Response - Headers: {'date': 'Wed, 29 Jan 2025 14:05:12 GMT', 'server': 'Apache', 'content-length': '1222', 'vary': 'X-Auth-Token', 'x-openstack-request-id': 'req-872f9b99-a34b-4adc-973e-a7f494b4b1e0', 'connection': 'close', 'content-type': 'application/json', 'status': '200', 'content-location': 'http://[LB_IP_ADDRESS]:5000/v3/roles'}
        Body: b'{"roles": [{"id": "9b5414f302fc4fa5967a33a4a0a7af5f", "name": "reader", "domain_id": null, "description": null, "options": {"immutable": true}, "links": {"self": "http://[LB_IP_ADDRESS]:5000/v3/roles/9b5414f302fc4fa5967a33a4a0a7af5f"}
    }, {"id": "a862e0b380b14de0b58f51b66b64eda5", "name": "service", "domain_id": null, "description": null, "options": {"immutable": true}, "links": {"self": "http://[LB_IP_ADDRESS]:5000/v3/roles/a862e0b380b14de0b58f51b66b64eda5"}}, {"id": "b03f5fd51d9941bd9cdd7bd39e2a7c04", "name": "manager", "domain_id": null, "description": null, "options": {"immutable": true}, "links": {"self": "http://[LB_IP_ADDRESS]:5000/v3/roles/b03f5fd51d9941bd9cdd7bd39e2a7c04"}}, {"id": "b4b43a54a6b84614aa0118dc7f2219ff", "name": "admin", "domain_id": null, "description": null, "options": {"immutable": true}, "links": {"self": "http://[LB_IP_ADDRESS]:5000/v3/roles/b4b43a54a6b84614aa0118dc7f2219ff"}}, {"id": "d41a38c9832048abb6a9dfd4dbc74cfb", "name": "member", "domain_id": null, "description": null, "options": {"immutable": true}, "links": {"self": "http://[LB_IP_ADDRESS]:5000/v3/roles/d41a38c9832048abb6a9dfd4dbc74cfb"}}], "links": {"next": null, "self": "http://[LB_IP_ADDRESS]:5000/v3/roles", "previous": null}}\n'
2025-01-29 14:05:12,950 11355 INFO     [tempest.lib.common.rest_client] Request (VolumesNegativeTest:test_attach_volumes_with_nonexistent_volume_id): 204 PUT http://[LB_IP_ADDRESS]:5000/v3/projects/bcccd559a0ad4a5288b63f2b1602cb93/users/770f48af11ef4a49b2ae1ca6e8ae67f0/roles/b4b43a54a6b84614aa0118dc7f2219ff 0.028s
2025-01-29 14:05:12,951 11355 DEBUG    [tempest.lib.common.rest_client] Request - Headers: {'Content-Type': 'application/json', 'Accept': 'application/json', 'X-Auth-Token': '<omitted>'}
        Body: None
    Response - Headers: {'date': 'Wed, 29 Jan 2025 14:05:12 GMT', 'server': 'Apache', 'vary': 'X-Auth-Token', 'x-openstack-request-id': 'req-c7e9007f-feea-4be3-8e7e-14d7adb210ed', 'connection': 'close', 'status': '204', 'content-location': 'http://[LB_IP_ADDRESS]:5000/v3/projects/bcccd559a0ad4a5288b63f2b1602cb93/users/770f48af11ef4a49b2ae1ca6e8ae67f0/roles/b4b43a54a6b84614aa0118dc7f2219ff'}
        Body: b''
2025-01-29 14:05:12,951 11355 INFO     [tempest.lib.common.dynamic_creds] Dynamic test user 770f48af11ef4a49b2ae1ca6e8ae67f0 is created with scope project and roles: ['admin', 'admin']
2025-01-29 14:05:12,951 11355 INFO     [tempest.lib.common.dynamic_creds] Acquired dynamic creds:
 credentials: Credentials: {'domain_id': 'default', 'domain_name': 'Default', 'username': 'tempest-VolumesNegativeTest-738107591-project-admin', 'project_domain_id': 'default', 'project_domain_name': 'Default', 'project_id': 'bcccd559a0ad4a5288b63f2b1602cb93', 'project_name': 'tempest-VolumesNegativeTest-738107591', 'tenant_id': 'bcccd559a0ad4a5288b63f2b1602cb93', 'tenant_name': 'tempest-VolumesNegativeTest-738107591', 'user_domain_id': 'default', 'user_domain_name': 'Default', 'user_id': '770f48af11ef4a49b2ae1ca6e8ae67f0', 'system': None}, Network: None, Subnet: None, Router: None
2025-01-29 14:05:12,957 11355 INFO     [tempest.lib.common.fixed_network] (VolumesNegativeTest:test_attach_volumes_with_nonexistent_volume_id) Found network None available for tenant
2025-01-29 14:05:13,136 11355 INFO     [tempest.lib.common.rest_client] Request (VolumesNegativeTest:test_attach_volumes_with_nonexistent_volume_id): 202 POST http://[LB_IP_ADDRESS]:8774/v2.1/servers 0.177s
2025-01-29 14:05:13,136 11355 DEBUG    [tempest.lib.common.rest_client] Request - Headers: {'Content-Type': 'application/json', 'Accept': 'application/json', 'X-Auth-Token': '<omitted>'}
        Body: {"server": {"name": "tempest-VolumesNegativeTest-instance-1667102677", "imageRef": "b80cfd70-6556-4c17-aed0-61058bd55e62", "flavorRef": "0"}}
    Response - Headers: {'date': 'Wed, 29 Jan 2025 14:05:12 GMT', 'server': 'Apache/2.4.52 (Ubuntu)', 'content-length': '378', 'location': 'http://[LB_IP_ADDRESS]:8774/v2.1/servers/6d13f093-54d8-42a9-824b-d3cf14cdc3f6', 'openstack-api-version': 'compute 2.1', 'x-openstack-nova-api-version': '2.1', 'vary': 'OpenStack-API-Version,X-OpenStack-Nova-API-Version', 'x-openstack-request-id': 'req-1524fdcf-e6c6-4e46-944c-23d352481ab9', 'x-compute-request-id': 'req-1524fdcf-e6c6-4e46-944c-23d352481ab9', 'connection': 'close', 'content-type': 'application/json', 'status': '202
    ', 'content-location': 'http://[LB_IP_ADDRESS]:8774/v2.1/servers'}
        Body: b'{"server": {"id": "6d13f093-54d8-42a9-824b-d3cf14cdc3f6", "links": [{"rel": "self", "href": "http://[LB_IP_ADDRESS]:8774/v2.1/servers/6d13f093-54d8-42a9-824b-d3cf14cdc3f6"}, {"rel": "bookmark", "href": "http://[LB_IP_ADDRESS]:8774/servers/6d13f093-54d8-42a9-824b-d3cf14cdc3f6"}], "OS-DCF:diskConfig": "MANUAL", "security_groups": [{"name": "default"}], "adminPass": "ivpXowcMB94i"}}'
2025-01-29 14:05:13,215 11355 INFO     [tempest.lib.common.rest_client] Request (VolumesNegativeTest:test_attach_volumes_with_nonexistent_volume_id): 200 GET http://[LB_IP_ADDRESS]:8774/v2.1/servers/6d13f093-54d8-42a9-824b-d3cf14cdc3f6 0.076s
2025-01-29 14:05:13,216 11355 DEBUG    [tempest.lib.common.rest_client] Request - Headers: {'Content-Type': 'application/json', 'Accept': 'application/json', 'X-Auth-Token': '<omitted>'}
        Body: None
    Response - Headers: {'date': 'Wed, 29 Jan 2025 14:05:13 GMT', 'server': 'Apache/2.4.52 (Ubuntu)', 'content-length': '1319', 'openstack-api-version': 'compute 2.1', 'x-openstack-nova-api-version': '2.1', 'vary': 'OpenStack-API-Version,X-OpenStack-Nova-API-Version', 'x-openstack-request-id': 'req-22b3302d-0a9d-4d27-ac11-165acd6ef45e', 'x-compute-request-id': 'req-22b3302d-0a9d-4d27-ac11-165acd6ef45e', 'connection': 'close', 'content-type': 'application/json', 'status': '200', 'content-location': 'http://[LB_IP_ADDRESS]:8774/v2.1/servers/6d13f093-54d8-42a9-824b-d3cf14cdc3f6'}
        Body: b'{"server": {"id": "6d13f093-54d8-42a9-824b-d3cf14cdc3f6", "name": "tempest-VolumesNegativeTest-instance-1667102677", "status": "BUILD", "tenant_id": "e34c50f909b14259bef02f5de853a575", "user_id": "77629d5c7d0d4ac8890398832f3cb7a2", "metadata": {}, "hostId": "", "image": {"id": "b80cfd70-6556-4c17-aed0-61058bd55e62", "links": [{"rel": "bookmark", "href": "http://[LB_IP_ADDRESS]:8774/images/b80cfd70-6556-4c17-aed0-61058bd55e62"}]}, "flavor": {"id": "0", "links": [{"rel": "bookmark", "href": "http://[LB_IP_ADDRESS]:8774/flavors/0"}]}, "created": "2025-01-29T14:05:13Z", "updated": "2025-01-29T14:05:13Z", "addresses": {}, "accessIPv4": "", "accessIPv6": "", "links": [{"rel": "self", "href": "http://[LB_IP_ADDRESS]:8774/v2.1/servers/6d13f093-54d8-42a9-824b-d3cf14cdc3f6"}, {"rel": "bookmark", "href": "http://[LB_IP_ADDRESS]:8774/servers/6d13f093-54d8-42a9-824b-d3cf14cdc3f6"}], "OS-DCF:diskConfig": "MANUAL", "progress": 0, "OS-EXT-AZ:availability_zone": "", "config_drive": "", "key_name": null, "OS-SRV-USG:launched_at": null, "OS-SRV-USG:terminated_at": null, "OS-EXT-SRV-ATTR:host": null, "OS-EXT-SRV-ATTR:instance_name": "", "OS-EXT-SRV-ATTR:hypervisor_hostname": null, "OS-EXT-STS:task_state": "scheduling", "OS-EXT-STS:vm_state": "building", "OS-EXT-STS:power_state": 0, "os-extended-volumes:volumes_attached": []}}'
2025-01-29 14:05:14,315 11355 INFO     [tempest.lib.common.rest_client] Request (VolumesNegativeTest:test_attach_volumes_with_nonexistent_volume_id): 200 GET http://[LB_IP_ADDRESS]:8774/v2.1/servers/6d13f093-54d8-42a9-824b-d3cf14cdc3f6 0.080s
2025-01-29 14:05:14,316 11355 DEBUG    [tempest.lib.common.rest_client] Request - Headers: {'Content-Type': 'application/json', 'Accept': 'application/json', 'X-Auth-Token': '<omitted>'}
        Body: None
    Response - Headers: {'date': 'Wed, 29 Jan 2025 14:05:14 GMT', 'server': 'Apache/2.4.52 (Ubuntu)', 'content-length': '1340', 'openstack-api-version': 'compute 2.1', 'x-openstack-nova-api-version': '2.1', 'vary': 'OpenStack-API-Version,X-OpenStack-Nova-API-Version', 'x-openstack-request-id': 'req-dc8da3ae-de4c-4a45-842f-35d4de97597a', 'x-compute-request-id': 'req-dc8da3ae-de4c-4a45-842f-35d4de97597a', 'connection': 'close', 'content-type': 'application/json', 'status': '200', 'content-location': 'http://[LB_IP_ADDRESS]:8774/v2.1/servers/6d13f093-54d8-42a9-824b-d3cf14cdc3f6'}
        Body: b'{"server": {"id": "6d13f093-54d8-42a9-824b-d3cf14cdc3f6", "name": "tempest-VolumesNegativeTest-instance-1667102677", "status": "BUILD", "tenant_id": "e34c50f909b14259bef02f5de853a575", "user_id": "77629d5c7d0d4ac8890398832f3
    cb7a2", "metadata": {}, "hostId": "", "image": {"id": "b80cfd70-6556-4c17-aed0-61058bd55e62", "links": [{"rel": "bookmark", "href": "http://[LB_IP_ADDRESS]:8774/images/b80cfd70-6556-4c17-aed0-61058bd55e62"}]}, "flavor": {"id": "0", "links": [{"rel": "bookmark", "href": "http://[LB_IP_ADDRESS]:8774/flavors/0"}]}, "created": "2025-01-29T14:05:13Z", "updated": "2025-01-29T14:05:14Z", "addresses": {}, "accessIPv4": "", "accessIPv6": "", "links": [{"rel": "self", "href": "http://[LB_IP_ADDRESS]:8774/v2.1/servers/6d13f093-54d8-42a9-824b-d3cf14cdc3f6"}, {"rel": "bookmark", "href": "http://[LB_IP_ADDRESS]:8774/servers/6d13f093-54d8-42a9-824b-d3cf14cdc3f6"}], "OS-DCF:diskConfig": "MANUAL", "progress": 0, "OS-EXT-AZ:availability_zone": "nova", "config_drive": "", "key_name": null, "OS-SRV-USG:launched_at": null, "OS-SRV-USG:terminated_at": null, "OS-EXT-SRV-ATTR:host": null, "OS-EXT-SRV-ATTR:instance_name": "instance-00000016", "OS-EXT-SRV-ATTR:hypervisor_hostname": null, "OS-EXT-STS:task_state": "scheduling", "OS-EXT-STS:vm_state": "building", "OS-EXT-STS:power_state": 0, "os-extended-volumes:volumes_attached": []}}'
2025-01-29 14:05:15,423 11355 INFO     [tempest.lib.common.rest_client] Request (VolumesNegativeTest:test_attach_volumes_with_nonexistent_volume_id): 200 GET http://[LB_IP_ADDRESS]:8774/v2.1/servers/6d13f093-54d8-42a9-824b-d3cf14cdc3f6 0.088s
2025-01-29 14:05:15,423 11355 DEBUG    [tempest.lib.common.rest_client] Request - Headers: {'Content-Type': 'application/json', 'Accept': 'application/json', 'X-Auth-Token': '<omitted>'}
        Body: None
    Response - Headers: {'date': 'Wed, 29 Jan 2025 14:05:15 GMT', 'server': 'Apache/2.4.52 (Ubuntu)', 'content-length': '1332', 'openstack-api-version': 'compute 2.1', 'x-openstack-nova-api-version': '2.1', 'vary': 'OpenStack-API-Version,X-OpenStack-Nova-API-Version', 'x-openstack-request-id': 'req-ea919a0b-e9d2-4f47-ad2f-bc483bfb16d1', 'x-compute-request-id': 'req-ea919a0b-e9d2-4f47-ad2f-bc483bfb16d1', 'connection': 'close', 'content-type': 'application/json', 'status': '200', 'content-location': 'http://[LB_IP_ADDRESS]:8774/v2.1/servers/6d13f093-54d8-42a9-824b-d3cf14cdc3f6'}
        Body: b'{"server": {"id": "6d13f093-54d8-42a9-824b-d3cf14cdc3f6", "name": "tempest-VolumesNegativeTest-instance-1667102677", "status": "BUILD", "tenant_id": "e34c50f909b14259bef02f5de853a575", "user_id": "77629d5c7d0d4ac8890398832f3cb7a2", "metadata": {}, "hostId": "", "image": {"id": "b80cfd70-6556-4c17-aed0-61058bd55e62", "links": [{"rel": "bookmark", "href": "http://[LB_IP_ADDRESS]:8774/images/b80cfd70-6556-4c17-aed0-61058bd55e62"}]}, "flavor": {"id": "0", "links": [{"rel": "bookmark", "href": "http://[LB_IP_ADDRESS]:8774/flavors/0"}]}, "created": "2025-01-29T14:05:13Z", "updated": "2025-01-29T14:05:14Z", "addresses": {}, "accessIPv4": "", "accessIPv6": "", "links": [{"rel": "self", "href": "http://[LB_IP_ADDRESS]:8774/v2.1/servers/6d13f093-54d8-42a9-824b-d3cf14cdc3f6"}, {"rel": "bookmark", "href": "http://[LB_IP_ADDRESS]:8774/servers/6d13f093-54d8-42a9-824b-d3cf14cdc3f6"}], "OS-DCF:diskConfig": "MANUAL", "progress": 0, "OS-EXT-AZ:availability_zone": "nova", "config_drive": "", "key_name": null, "OS-SRV-USG:launched_at": null, "OS-SRV-USG:terminated_at": null, "OS-EXT-SRV-ATTR:host": null, "OS-EXT-SRV-ATTR:instance_name": "instance-00000016", "OS-EXT-SRV-ATTR:hypervisor_hostname": null, "OS-EXT-STS:task_state": null, "OS-EXT-STS:vm_state": "building", "OS-EXT-STS:power_state": 0, "os-extended-volumes:volumes_attached": []}}'
2025-01-29 14:05:15,441 11355 INFO     [tempest.common.waiters] State transition "BUILD/scheduling" ==> "BUILD/None" after 2 second wait
2025-01-29 14:05:16,515 11355 INFO     [tempest.lib.common.rest_client] Request (VolumesNegativeTest:test_attach_volumes_with_nonexistent_volume_id): 200 GET http://[LB_IP_ADDRESS]:8774/v2.1/servers/6d13f093-54d8-42a9-824b-d3cf14cdc3f6 0.073s
2025-01-29 14:05:16,516 11355 DEBUG    [tempest.lib.common.rest_client] Request - Headers: {'Content-Type': 'application/json', 'Accept': 'application/json', 'X-Auth-Token': '<omitted>'}
        Body: None
    Response - 
    Headers: {'date': 'Wed, 29 Jan 2025 14:05:16 GMT', 'server': 'Apache/2.4.52 (Ubuntu)', 'content-length': '1414', 'openstack-api-version': 'compute 2.1', 'x-openstack-nova-api-version': '2.1', 'vary': 'OpenStack-API-Version,X-OpenStack-Nova-API-Version', 'x-openstack-request-id': 'req-d1782ca1-2599-4896-8238-60d3d756989c', 'x-compute-request-id': 'req-d1782ca1-2599-4896-8238-60d3d756989c', 'connection': 'close', 'content-type': 'application/json', 'status': '200', 'content-location': 'http://[LB_IP_ADDRESS]:8774/v2.1/servers/6d13f093-54d8-42a9-824b-d3cf14cdc3f6'}
        Body: b'{"server": {"id": "6d13f093-54d8-42a9-824b-d3cf14cdc3f6", "name": "tempest-VolumesNegativeTest-instance-1667102677", "status": "BUILD", "tenant_id": "e34c50f909b14259bef02f5de853a575", "user_id": "77629d5c7d0d4ac8890398832f3cb7a2", "metadata": {}, "hostId": "0b4843a79345d82e9e87da81de514d284adbd26c4108307c643bdd28", "image": {"id": "b80cfd70-6556-4c17-aed0-61058bd55e62", "links": [{"rel": "bookmark", "href": "http://[LB_IP_ADDRESS]:8774/images/b80cfd70-6556-4c17-aed0-61058bd55e62"}]}, "flavor": {"id": "0", "links": [{"rel": "bookmark", "href": "http://[LB_IP_ADDRESS]:8774/flavors/0"}]}, "created": "2025-01-29T14:05:13Z", "updated": "2025-01-29T14:05:15Z", "addresses": {}, "accessIPv4": "", "accessIPv6": "", "links": [{"rel": "self", "href": "http://[LB_IP_ADDRESS]:8774/v2.1/servers/6d13f093-54d8-42a9-824b-d3cf14cdc3f6"}, {"rel": "bookmark", "href": "http://[LB_IP_ADDRESS]:8774/servers/6d13f093-54d8-42a9-824b-d3cf14cdc3f6"}], "OS-DCF:diskConfig": "MANUAL", "progress": 0, "OS-EXT-AZ:availability_zone": "nova", "config_drive": "", "key_name": null, "OS-SRV-USG:launched_at": null, "OS-SRV-USG:terminated_at": null, "OS-EXT-SRV-ATTR:host": "rack04-server60", "OS-EXT-SRV-ATTR:instance_name": "instance-00000016", "OS-EXT-SRV-ATTR:hypervisor_hostname": "rack04-server60", "OS-EXT-STS:task_state": null, "OS-EXT-STS:vm_state": "building", "OS-EXT-STS:power_state": 0, "os-extended-volumes:volumes_attached": []}}'
2025-01-29 14:05:17,613 11355 INFO     [tempest.lib.common.rest_client] Request (VolumesNegativeTest:test_attach_volumes_with_nonexistent_volume_id): 200 GET http://[LB_IP_ADDRESS]:8774/v2.1/servers/6d13f093-54d8-42a9-824b-d3cf14cdc3f6 0.078s
2025-01-29 14:05:17,613 11355 DEBUG    [tempest.lib.common.rest_client] Request - Headers: {'Content-Type': 'application/json', 'Accept': 'application/json', 'X-Auth-Token': '<omitted>'}
        Body: None
    Response - Headers: {'date': 'Wed, 29 Jan 2025 14:05:17 GMT', 'server': 'Apache/2.4.52 (Ubuntu)', 'content-length': '1414', 'openstack-api-version': 'compute 2.1', 'x-openstack-nova-api-version': '2.1', 'vary': 'OpenStack-API-Version,X-OpenStack-Nova-API-Version', 'x-openstack-request-id': 'req-fcfbaa97-1120-4687-b424-4296cdafdf73', 'x-compute-request-id': 'req-fcfbaa97-1120-4687-b424-4296cdafdf73', 'connection': 'close', 'content-type': 'application/json', 'status': '200', 'content-location': 'http://[LB_IP_ADDRESS]:8774/v2.1/servers/6d13f093-54d8-42a9-824b-d3cf14cdc3f6'}
        Body: b'{"server": {"id": "6d13f093-54d8-42a9-824b-d3cf14cdc3f6", "name": "tempest-VolumesNegativeTest-instance-1667102677", "status": "BUILD", "tenant_id": "e34c50f909b14259bef02f5de853a575", "user_id": "77629d5c7d0d4ac8890398832f3cb7a2", "metadata": {}, "hostId": "0b4843a79345d82e9e87da81de514d284adbd26c4108307c643bdd28", "image": {"id": "b80cfd70-6556-4c17-aed0-61058bd55e62", "links": [{"rel": "bookmark", "href": "http://[LB_IP_ADDRESS]:8774/images/b80cfd70-6556-4c17-aed0-61058bd55e62"}]}, "flavor": {"id": "0", "links": [{"rel": "bookmark", "href": "http://[LB_IP_ADDRESS]:8774/flavors/0"}]}, "created": "2025-01-29T14:05:13Z", "updated": "2025-01-29T14:05:15Z", "addresses": {}, "accessIPv4": "", "accessIPv6": "", "links": [{"rel": "self", "href": "http://[LB_IP_ADDRESS]:8774/v2.1/servers/6d13f093-54d8-42a9-824b-d3cf14cdc3f6"}, {"rel": "bookmark", "href": "http://[LB_IP_ADDRESS]:8774/servers/6d13f093-54d8-42a9-824b-d3cf14cdc3f6"}], "OS-DCF:diskConfig": "MANUAL", "progress": 0, "OS-EXT-AZ:availability_zone": "nova", "config_drive": "", "key_name": null
    , "OS-SRV-USG:launched_at": null, "OS-SRV-USG:terminated_at": null, "OS-EXT-SRV-ATTR:host": "rack04-server60", "OS-EXT-SRV-ATTR:instance_name": "instance-00000016", "OS-EXT-SRV-ATTR:hypervisor_hostname": "rack04-server60", "OS-EXT-STS:task_state": null, "OS-EXT-STS:vm_state": "building", "OS-EXT-STS:power_state": 0, "os-extended-volumes:volumes_attached": []}}'
2025-01-29 14:05:18,696 11355 INFO     [tempest.lib.common.rest_client] Request (VolumesNegativeTest:test_attach_volumes_with_nonexistent_volume_id): 200 GET http://[LB_IP_ADDRESS]:8774/v2.1/servers/6d13f093-54d8-42a9-824b-d3cf14cdc3f6 0.065s
2025-01-29 14:05:18,696 11355 DEBUG    [tempest.lib.common.rest_client] Request - Headers: {'Content-Type': 'application/json', 'Accept': 'application/json', 'X-Auth-Token': '<omitted>'}
        Body: None
    Response - Headers: {'date': 'Wed, 29 Jan 2025 14:05:18 GMT', 'server': 'Apache/2.4.52 (Ubuntu)', 'content-length': '1422', 'openstack-api-version': 'compute 2.1', 'x-openstack-nova-api-version': '2.1', 'vary': 'OpenStack-API-Version,X-OpenStack-Nova-API-Version', 'x-openstack-request-id': 'req-2c614566-ec3b-4e85-ae49-fbee02e2b9cb', 'x-compute-request-id': 'req-2c614566-ec3b-4e85-ae49-fbee02e2b9cb', 'connection': 'close', 'content-type': 'application/json', 'status': '200', 'content-location': 'http://[LB_IP_ADDRESS]:8774/v2.1/servers/6d13f093-54d8-42a9-824b-d3cf14cdc3f6'}
        Body: b'{"server": {"id": "6d13f093-54d8-42a9-824b-d3cf14cdc3f6", "name": "tempest-VolumesNegativeTest-instance-1667102677", "status": "BUILD", "tenant_id": "e34c50f909b14259bef02f5de853a575", "user_id": "77629d5c7d0d4ac8890398832f3cb7a2", "metadata": {}, "hostId": "0b4843a79345d82e9e87da81de514d284adbd26c4108307c643bdd28", "image": {"id": "b80cfd70-6556-4c17-aed0-61058bd55e62", "links": [{"rel": "bookmark", "href": "http://[LB_IP_ADDRESS]:8774/images/b80cfd70-6556-4c17-aed0-61058bd55e62"}]}, "flavor": {"id": "0", "links": [{"rel": "bookmark", "href": "http://[LB_IP_ADDRESS]:8774/flavors/0"}]}, "created": "2025-01-29T14:05:13Z", "updated": "2025-01-29T14:05:17Z", "addresses": {}, "accessIPv4": "", "accessIPv6": "", "links": [{"rel": "self", "href": "http://[LB_IP_ADDRESS]:8774/v2.1/servers/6d13f093-54d8-42a9-824b-d3cf14cdc3f6"}, {"rel": "bookmark", "href": "http://[LB_IP_ADDRESS]:8774/servers/6d13f093-54d8-42a9-824b-d3cf14cdc3f6"}], "OS-DCF:diskConfig": "MANUAL", "progress": 0, "OS-EXT-AZ:availability_zone": "nova", "config_drive": "", "key_name": null, "OS-SRV-USG:launched_at": null, "OS-SRV-USG:terminated_at": null, "OS-EXT-SRV-ATTR:host": "rack04-server60", "OS-EXT-SRV-ATTR:instance_name": "instance-00000016", "OS-EXT-SRV-ATTR:hypervisor_hostname": "rack04-server60", "OS-EXT-STS:task_state": "networking", "OS-EXT-STS:vm_state": "building", "OS-EXT-STS:power_state": 0, "os-extended-volumes:volumes_attached": []}}'
2025-01-29 14:05:18,713 11355 INFO     [tempest.common.waiters] State transition "BUILD/None" ==> "BUILD/networking" after 5 second wait
2025-01-29 14:05:19,788 11355 INFO     [tempest.lib.common.rest_client] Request (VolumesNegativeTest:test_attach_volumes_with_nonexistent_volume_id): 200 GET http://[LB_IP_ADDRESS]:8774/v2.1/servers/6d13f093-54d8-42a9-824b-d3cf14cdc3f6 0.073s
2025-01-29 14:05:19,789 11355 DEBUG    [tempest.lib.common.rest_client] Request - Headers: {'Content-Type': 'application/json', 'Accept': 'application/json', 'X-Auth-Token': '<omitted>'}
        Body: None
    Response - Headers: {'date': 'Wed, 29 Jan 2025 14:05:19 GMT', 'server': 'Apache/2.4.52 (Ubuntu)', 'content-length': '1420', 'openstack-api-version': 'compute 2.1', 'x-openstack-nova-api-version': '2.1', 'vary': 'OpenStack-API-Version,X-OpenStack-Nova-API-Version', 'x-openstack-request-id': 'req-4e2a651f-f418-4012-b4e5-4b8d4f4685ef', 'x-compute-request-id': 'req-4e2a651f-f418-4012-b4e5-4b8d4f4685ef', 'connection': 'close', 'content-type': 'application/json', 'status': '200', 'content-location': 'http://[LB_IP_ADDRESS]:8774/v2.1/servers/6d13f093-54d8-42a9-824b-d3cf14cdc3f6'}
        Body: b'{"server": {"id": "6d13f093-54d8-42a9-824b-d3cf14cdc3f6", "name": "tempest-Volume
    sNegativeTest-instance-1667102677", "status": "BUILD", "tenant_id": "e34c50f909b14259bef02f5de853a575", "user_id": "77629d5c7d0d4ac8890398832f3cb7a2", "metadata": {}, "hostId": "0b4843a79345d82e9e87da81de514d284adbd26c4108307c643bdd28", "image": {"id": "b80cfd70-6556-4c17-aed0-61058bd55e62", "links": [{"rel": "bookmark", "href": "http://[LB_IP_ADDRESS]:8774/images/b80cfd70-6556-4c17-aed0-61058bd55e62"}]}, "flavor": {"id": "0", "links": [{"rel": "bookmark", "href": "http://[LB_IP_ADDRESS]:8774/flavors/0"}]}, "created": "2025-01-29T14:05:13Z", "updated": "2025-01-29T14:05:19Z", "addresses": {}, "accessIPv4": "", "accessIPv6": "", "links": [{"rel": "self", "href": "http://[LB_IP_ADDRESS]:8774/v2.1/servers/6d13f093-54d8-42a9-824b-d3cf14cdc3f6"}, {"rel": "bookmark", "href": "http://[LB_IP_ADDRESS]:8774/servers/6d13f093-54d8-42a9-824b-d3cf14cdc3f6"}], "OS-DCF:diskConfig": "MANUAL", "progress": 0, "OS-EXT-AZ:availability_zone": "nova", "config_drive": "", "key_name": null, "OS-SRV-USG:launched_at": null, "OS-SRV-USG:terminated_at": null, "OS-EXT-SRV-ATTR:host": "rack04-server60", "OS-EXT-SRV-ATTR:instance_name": "instance-00000016", "OS-EXT-SRV-ATTR:hypervisor_hostname": "rack04-server60", "OS-EXT-STS:task_state": "spawning", "OS-EXT-STS:vm_state": "building", "OS-EXT-STS:power_state": 0, "os-extended-volumes:volumes_attached": []}}'
2025-01-29 14:05:19,806 11355 INFO     [tempest.common.waiters] State transition "BUILD/networking" ==> "BUILD/spawning" after 6 second wait
2025-01-29 14:05:20,875 11355 INFO     [tempest.lib.common.rest_client] Request (VolumesNegativeTest:test_attach_volumes_with_nonexistent_volume_id): 200 GET http://[LB_IP_ADDRESS]:8774/v2.1/servers/6d13f093-54d8-42a9-824b-d3cf14cdc3f6 0.067s
2025-01-29 14:05:20,875 11355 DEBUG    [tempest.lib.common.rest_client] Request - Headers: {'Content-Type': 'application/json', 'Accept': 'application/json', 'X-Auth-Token': '<omitted>'}
        Body: None
    Response - Headers: {'date': 'Wed, 29 Jan 2025 14:05:20 GMT', 'server': 'Apache/2.4.52 (Ubuntu)', 'content-length': '1420', 'openstack-api-version': 'compute 2.1', 'x-openstack-nova-api-version': '2.1', 'vary': 'OpenStack-API-Version,X-OpenStack-Nova-API-Version', 'x-openstack-request-id': 'req-2246ca4c-1df1-487b-8a43-752996372ddc', 'x-compute-request-id': 'req-2246ca4c-1df1-487b-8a43-752996372ddc', 'connection': 'close', 'content-type': 'application/json', 'status': '200', 'content-location': 'http://[LB_IP_ADDRESS]:8774/v2.1/servers/6d13f093-54d8-42a9-824b-d3cf14cdc3f6'}
        Body: b'{"server": {"id": "6d13f093-54d8-42a9-824b-d3cf14cdc3f6", "name": "tempest-VolumesNegativeTest-instance-1667102677", "status": "BUILD", "tenant_id": "e34c50f909b14259bef02f5de853a575", "user_id": "77629d5c7d0d4ac8890398832f3cb7a2", "metadata": {}, "hostId": "0b4843a79345d82e9e87da81de514d284adbd26c4108307c643bdd28", "image": {"id": "b80cfd70-6556-4c17-aed0-61058bd55e62", "links": [{"rel": "bookmark", "href": "http://[LB_IP_ADDRESS]:8774/images/b80cfd70-6556-4c17-aed0-61058bd55e62"}]}, "flavor": {"id": "0", "links": [{"rel": "bookmark", "href": "http://[LB_IP_ADDRESS]:8774/flavors/0"}]}, "created": "2025-01-29T14:05:13Z", "updated": "2025-01-29T14:05:19Z", "addresses": {}, "accessIPv4": "", "accessIPv6": "", "links": [{"rel": "self", "href": "http://[LB_IP_ADDRESS]:8774/v2.1/servers/6d13f093-54d8-42a9-824b-d3cf14cdc3f6"}, {"rel": "bookmark", "href": "http://[LB_IP_ADDRESS]:8774/servers/6d13f093-54d8-42a9-824b-d3cf14cdc3f6"}], "OS-DCF:diskConfig": "MANUAL", "progress": 0, "OS-EXT-AZ:availability_zone": "nova", "config_drive": "", "key_name": null, "OS-SRV-USG:launched_at": null, "OS-SRV-USG:terminated_at": null, "OS-EXT-SRV-ATTR:host": "rack04-server60", "OS-EXT-SRV-ATTR:instance_name": "instance-00000016", "OS-EXT-SRV-ATTR:hypervisor_hostname": "rack04-server60", "OS-EXT-STS:task_state": "spawning", "OS-EXT-STS:vm_state": "building", "OS-EXT-STS:power_state": 0, "os-extended-volumes:volumes_attached": []}}'
2025-01-29 14:05:21,962 11355 INFO     [tempest.lib.common.rest_client] Request (VolumesNegativeTest:test_attach_volumes_with_nonexistent_volume_id
    ): 200 GET http://[LB_IP_ADDRESS]:8774/v2.1/servers/6d13f093-54d8-42a9-824b-d3cf14cdc3f6 0.068s
2025-01-29 14:05:21,962 11355 DEBUG    [tempest.lib.common.rest_client] Request - Headers: {'Content-Type': 'application/json', 'Accept': 'application/json', 'X-Auth-Token': '<omitted>'}
        Body: None
    Response - Headers: {'date': 'Wed, 29 Jan 2025 14:05:21 GMT', 'server': 'Apache/2.4.52 (Ubuntu)', 'content-length': '1420', 'openstack-api-version': 'compute 2.1', 'x-openstack-nova-api-version': '2.1', 'vary': 'OpenStack-API-Version,X-OpenStack-Nova-API-Version', 'x-openstack-request-id': 'req-aa58b617-5a97-4ca9-afc5-172db1b0e299', 'x-compute-request-id': 'req-aa58b617-5a97-4ca9-afc5-172db1b0e299', 'connection': 'close', 'content-type': 'application/json', 'status': '200', 'content-location': 'http://[LB_IP_ADDRESS]:8774/v2.1/servers/6d13f093-54d8-42a9-824b-d3cf14cdc3f6'}
        Body: b'{"server": {"id": "6d13f093-54d8-42a9-824b-d3cf14cdc3f6", "name": "tempest-VolumesNegativeTest-instance-1667102677", "status": "BUILD", "tenant_id": "e34c50f909b14259bef02f5de853a575", "user_id": "77629d5c7d0d4ac8890398832f3cb7a2", "metadata": {}, "hostId": "0b4843a79345d82e9e87da81de514d284adbd26c4108307c643bdd28", "image": {"id": "b80cfd70-6556-4c17-aed0-61058bd55e62", "links": [{"rel": "bookmark", "href": "http://[LB_IP_ADDRESS]:8774/images/b80cfd70-6556-4c17-aed0-61058bd55e62"}]}, "flavor": {"id": "0", "links": [{"rel": "bookmark", "href": "http://[LB_IP_ADDRESS]:8774/flavors/0"}]}, "created": "2025-01-29T14:05:13Z", "updated": "2025-01-29T14:05:19Z", "addresses": {}, "accessIPv4": "", "accessIPv6": "", "links": [{"rel": "self", "href": "http://[LB_IP_ADDRESS]:8774/v2.1/servers/6d13f093-54d8-42a9-824b-d3cf14cdc3f6"}, {"rel": "bookmark", "href": "http://[LB_IP_ADDRESS]:8774/servers/6d13f093-54d8-42a9-824b-d3cf14cdc3f6"}], "OS-DCF:diskConfig": "MANUAL", "progress": 0, "OS-EXT-AZ:availability_zone": "nova", "config_drive": "", "key_name": null, "OS-SRV-USG:launched_at": null, "OS-SRV-USG:terminated_at": null, "OS-EXT-SRV-ATTR:host": "rack04-server60", "OS-EXT-SRV-ATTR:instance_name": "instance-00000016", "OS-EXT-SRV-ATTR:hypervisor_hostname": "rack04-server60", "OS-EXT-STS:task_state": "spawning", "OS-EXT-STS:vm_state": "building", "OS-EXT-STS:power_state": 0, "os-extended-volumes:volumes_attached": []}}'
2025-01-29 14:05:23,068 11355 INFO     [tempest.lib.common.rest_client] Request (VolumesNegativeTest:test_attach_volumes_with_nonexistent_volume_id): 200 GET http://[LB_IP_ADDRESS]:8774/v2.1/servers/6d13f093-54d8-42a9-824b-d3cf14cdc3f6 0.087s
2025-01-29 14:05:23,068 11355 DEBUG    [tempest.lib.common.rest_client] Request - Headers: {'Content-Type': 'application/json', 'Accept': 'application/json', 'X-Auth-Token': '<omitted>'}
        Body: None
    Response - Headers: {'date': 'Wed, 29 Jan 2025 14:05:22 GMT', 'server': 'Apache/2.4.52 (Ubuntu)', 'content-length': '1420', 'openstack-api-version': 'compute 2.1', 'x-openstack-nova-api-version': '2.1', 'vary': 'OpenStack-API-Version,X-OpenStack-Nova-API-Version', 'x-openstack-request-id': 'req-f9104303-bf94-4af4-a037-b8f3a1e00029', 'x-compute-request-id': 'req-f9104303-bf94-4af4-a037-b8f3a1e00029', 'connection': 'close', 'content-type': 'application/json', 'status': '200', 'content-location': 'http://[LB_IP_ADDRESS]:8774/v2.1/servers/6d13f093-54d8-42a9-824b-d3cf14cdc3f6'}
        Body: b'{"server": {"id": "6d13f093-54d8-42a9-824b-d3cf14cdc3f6", "name": "tempest-VolumesNegativeTest-instance-1667102677", "status": "BUILD", "tenant_id": "e34c50f909b14259bef02f5de853a575", "user_id": "77629d5c7d0d4ac8890398832f3cb7a2", "metadata": {}, "hostId": "0b4843a79345d82e9e87da81de514d284adbd26c4108307c643bdd28", "image": {"id": "b80cfd70-6556-4c17-aed0-61058bd55e62", "links": [{"rel": "bookmark", "href": "http://[LB_IP_ADDRESS]:8774/images/b80cfd70-6556-4c17-aed0-61058bd55e62"}]}, "flavor": {"id": "0", "links": [{"rel": "bookmark", "href": "http://[LB_IP_ADDRESS]:8774/flavors/0"}]}, "created": "2025-01-29T14:05:13Z", "updated": "2025-01-29T14:05:22Z", "addresses": {}, "accessIPv4": "", "accessIPv6": "", "links": [{"rel": 
    "self", "href": "http://[LB_IP_ADDRESS]:8774/v2.1/servers/6d13f093-54d8-42a9-824b-d3cf14cdc3f6"}, {"rel": "bookmark", "href": "http://[LB_IP_ADDRESS]:8774/servers/6d13f093-54d8-42a9-824b-d3cf14cdc3f6"}], "OS-DCF:diskConfig": "MANUAL", "progress": 0, "OS-EXT-AZ:availability_zone": "nova", "config_drive": "", "key_name": null, "OS-SRV-USG:launched_at": null, "OS-SRV-USG:terminated_at": null, "OS-EXT-SRV-ATTR:host": "rack04-server60", "OS-EXT-SRV-ATTR:instance_name": "instance-00000016", "OS-EXT-SRV-ATTR:hypervisor_hostname": "rack04-server60", "OS-EXT-STS:task_state": "spawning", "OS-EXT-STS:vm_state": "building", "OS-EXT-STS:power_state": 0, "os-extended-volumes:volumes_attached": []}}'
2025-01-29 14:05:24,159 11355 INFO     [tempest.lib.common.rest_client] Request (VolumesNegativeTest:test_attach_volumes_with_nonexistent_volume_id): 200 GET http://[LB_IP_ADDRESS]:8774/v2.1/servers/6d13f093-54d8-42a9-824b-d3cf14cdc3f6 0.072s
2025-01-29 14:05:24,159 11355 DEBUG    [tempest.lib.common.rest_client] Request - Headers: {'Content-Type': 'application/json', 'Accept': 'application/json', 'X-Auth-Token': '<omitted>'}
        Body: None
    Response - Headers: {'date': 'Wed, 29 Jan 2025 14:05:24 GMT', 'server': 'Apache/2.4.52 (Ubuntu)', 'content-length': '1338', 'openstack-api-version': 'compute 2.1', 'x-openstack-nova-api-version': '2.1', 'vary': 'OpenStack-API-Version,X-OpenStack-Nova-API-Version', 'x-openstack-request-id': 'req-3ced8ed3-5047-4ec9-ac48-741e0f2a4331', 'x-compute-request-id': 'req-3ced8ed3-5047-4ec9-ac48-741e0f2a4331', 'connection': 'close', 'content-type': 'application/json', 'status': '200', 'content-location': 'http://[LB_IP_ADDRESS]:8774/v2.1/servers/6d13f093-54d8-42a9-824b-d3cf14cdc3f6'}
        Body: b'{"server": {"id": "6d13f093-54d8-42a9-824b-d3cf14cdc3f6", "name": "tempest-VolumesNegativeTest-instance-1667102677", "status": "BUILD", "tenant_id": "e34c50f909b14259bef02f5de853a575", "user_id": "77629d5c7d0d4ac8890398832f3cb7a2", "metadata": {}, "hostId": "", "image": {"id": "b80cfd70-6556-4c17-aed0-61058bd55e62", "links": [{"rel": "bookmark", "href": "http://[LB_IP_ADDRESS]:8774/images/b80cfd70-6556-4c17-aed0-61058bd55e62"}]}, "flavor": {"id": "0", "links": [{"rel": "bookmark", "href": "http://[LB_IP_ADDRESS]:8774/flavors/0"}]}, "created": "2025-01-29T14:05:13Z", "updated": "2025-01-29T14:05:23Z", "addresses": {}, "accessIPv4": "", "accessIPv6": "", "links": [{"rel": "self", "href": "http://[LB_IP_ADDRESS]:8774/v2.1/servers/6d13f093-54d8-42a9-824b-d3cf14cdc3f6"}, {"rel": "bookmark", "href": "http://[LB_IP_ADDRESS]:8774/servers/6d13f093-54d8-42a9-824b-d3cf14cdc3f6"}], "OS-DCF:diskConfig": "MANUAL", "progress": 0, "OS-EXT-AZ:availability_zone": "nova", "config_drive": "", "key_name": null, "OS-SRV-USG:launched_at": null, "OS-SRV-USG:terminated_at": null, "OS-EXT-SRV-ATTR:host": null, "OS-EXT-SRV-ATTR:instance_name": "instance-00000016", "OS-EXT-SRV-ATTR:hypervisor_hostname": null, "OS-EXT-STS:task_state": "spawning", "OS-EXT-STS:vm_state": "building", "OS-EXT-STS:power_state": 0, "os-extended-volumes:volumes_attached": []}}'
2025-01-29 14:05:25,253 11355 INFO     [tempest.lib.common.rest_client] Request (VolumesNegativeTest:test_attach_volumes_with_nonexistent_volume_id): 200 GET http://[LB_IP_ADDRESS]:8774/v2.1/servers/6d13f093-54d8-42a9-824b-d3cf14cdc3f6 0.076s
2025-01-29 14:05:25,253 11355 DEBUG    [tempest.lib.common.rest_client] Request - Headers: {'Content-Type': 'application/json', 'Accept': 'application/json', 'X-Auth-Token': '<omitted>'}
        Body: None
    Response - Headers: {'date': 'Wed, 29 Jan 2025 14:05:25 GMT', 'server': 'Apache/2.4.52 (Ubuntu)', 'content-length': '1338', 'openstack-api-version': 'compute 2.1', 'x-openstack-nova-api-version': '2.1', 'vary': 'OpenStack-API-Version,X-OpenStack-Nova-API-Version', 'x-openstack-request-id': 'req-c1fee7cf-70e4-4b34-88c8-c19972ede851', 'x-compute-request-id': 'req-c1fee7cf-70e4-4b34-88c8-c19972ede851', 'connection': 'close', 'content-type': 'application/json', 'status': '200', 'content-location': 'http://[LB_IP_ADDRESS]:8774/v2.1/servers/6d13f093-54d8-42a9-824b-d3cf14
    cdc3f6'}
        Body: b'{"server": {"id": "6d13f093-54d8-42a9-824b-d3cf14cdc3f6", "name": "tempest-VolumesNegativeTest-instance-1667102677", "status": "BUILD", "tenant_id": "e34c50f909b14259bef02f5de853a575", "user_id": "77629d5c7d0d4ac8890398832f3cb7a2", "metadata": {}, "hostId": "", "image": {"id": "b80cfd70-6556-4c17-aed0-61058bd55e62", "links": [{"rel": "bookmark", "href": "http://[LB_IP_ADDRESS]:8774/images/b80cfd70-6556-4c17-aed0-61058bd55e62"}]}, "flavor": {"id": "0", "links": [{"rel": "bookmark", "href": "http://[LB_IP_ADDRESS]:8774/flavors/0"}]}, "created": "2025-01-29T14:05:13Z", "updated": "2025-01-29T14:05:23Z", "addresses": {}, "accessIPv4": "", "accessIPv6": "", "links": [{"rel": "self", "href": "http://[LB_IP_ADDRESS]:8774/v2.1/servers/6d13f093-54d8-42a9-824b-d3cf14cdc3f6"}, {"rel": "bookmark", "href": "http://[LB_IP_ADDRESS]:8774/servers/6d13f093-54d8-42a9-824b-d3cf14cdc3f6"}], "OS-DCF:diskConfig": "MANUAL", "progress": 0, "OS-EXT-AZ:availability_zone": "nova", "config_drive": "", "key_name": null, "OS-SRV-USG:launched_at": null, "OS-SRV-USG:terminated_at": null, "OS-EXT-SRV-ATTR:host": null, "OS-EXT-SRV-ATTR:instance_name": "instance-00000016", "OS-EXT-SRV-ATTR:hypervisor_hostname": null, "OS-EXT-STS:task_state": "spawning", "OS-EXT-STS:vm_state": "building", "OS-EXT-STS:power_state": 0, "os-extended-volumes:volumes_attached": []}}'
2025-01-29 14:05:26,339 11355 INFO     [tempest.lib.common.rest_client] Request (VolumesNegativeTest:test_attach_volumes_with_nonexistent_volume_id): 200 GET http://[LB_IP_ADDRESS]:8774/v2.1/servers/6d13f093-54d8-42a9-824b-d3cf14cdc3f6 0.067s
2025-01-29 14:05:26,340 11355 DEBUG    [tempest.lib.common.rest_client] Request - Headers: {'Content-Type': 'application/json', 'Accept': 'application/json', 'X-Auth-Token': '<omitted>'}
        Body: None
    Response - Headers: {'date': 'Wed, 29 Jan 2025 14:05:26 GMT', 'server': 'Apache/2.4.52 (Ubuntu)', 'content-length': '1338', 'openstack-api-version': 'compute 2.1', 'x-openstack-nova-api-version': '2.1', 'vary': 'OpenStack-API-Version,X-OpenStack-Nova-API-Version', 'x-openstack-request-id': 'req-7acd3731-4528-4f1e-abf2-9fb25cef3bb9', 'x-compute-request-id': 'req-7acd3731-4528-4f1e-abf2-9fb25cef3bb9', 'connection': 'close', 'content-type': 'application/json', 'status': '200', 'content-location': 'http://[LB_IP_ADDRESS]:8774/v2.1/servers/6d13f093-54d8-42a9-824b-d3cf14cdc3f6'}
        Body: b'{"server": {"id": "6d13f093-54d8-42a9-824b-d3cf14cdc3f6", "name": "tempest-VolumesNegativeTest-instance-1667102677", "status": "BUILD", "tenant_id": "e34c50f909b14259bef02f5de853a575", "user_id": "77629d5c7d0d4ac8890398832f3cb7a2", "metadata": {}, "hostId": "", "image": {"id": "b80cfd70-6556-4c17-aed0-61058bd55e62", "links": [{"rel": "bookmark", "href": "http://[LB_IP_ADDRESS]:8774/images/b80cfd70-6556-4c17-aed0-61058bd55e62"}]}, "flavor": {"id": "0", "links": [{"rel": "bookmark", "href": "http://[LB_IP_ADDRESS]:8774/flavors/0"}]}, "created": "2025-01-29T14:05:13Z", "updated": "2025-01-29T14:05:23Z", "addresses": {}, "accessIPv4": "", "accessIPv6": "", "links": [{"rel": "self", "href": "http://[LB_IP_ADDRESS]:8774/v2.1/servers/6d13f093-54d8-42a9-824b-d3cf14cdc3f6"}, {"rel": "bookmark", "href": "http://[LB_IP_ADDRESS]:8774/servers/6d13f093-54d8-42a9-824b-d3cf14cdc3f6"}], "OS-DCF:diskConfig": "MANUAL", "progress": 0, "OS-EXT-AZ:availability_zone": "nova", "config_drive": "", "key_name": null, "OS-SRV-USG:launched_at": null, "OS-SRV-USG:terminated_at": null, "OS-EXT-SRV-ATTR:host": null, "OS-EXT-SRV-ATTR:instance_name": "instance-00000016", "OS-EXT-SRV-ATTR:hypervisor_hostname": null, "OS-EXT-STS:task_state": "spawning", "OS-EXT-STS:vm_state": "building", "OS-EXT-STS:power_state": 0, "os-extended-volumes:volumes_attached": []}}'
2025-01-29 14:05:27,431 11355 INFO     [tempest.lib.common.rest_client] Request (VolumesNegativeTest:test_attach_volumes_with_nonexistent_volume_id): 200 GET http://[LB_IP_ADDRESS]:8774/v2.1/servers/6d13f093-54d8-42a9-824b-d3cf14cdc3f6 0.073s
2025-01-29 14:05:27,432 11355 DEBUG    [tempest.lib.common.rest_client] Request - Headers: {'Content-Type
    ': 'application/json', 'Accept': 'application/json', 'X-Auth-Token': '<omitted>'}
        Body: None
    Response - Headers: {'date': 'Wed, 29 Jan 2025 14:05:27 GMT', 'server': 'Apache/2.4.52 (Ubuntu)', 'content-length': '1338', 'openstack-api-version': 'compute 2.1', 'x-openstack-nova-api-version': '2.1', 'vary': 'OpenStack-API-Version,X-OpenStack-Nova-API-Version', 'x-openstack-request-id': 'req-1bc3b5d7-3c48-4aa0-89c6-bd52906d1a5d', 'x-compute-request-id': 'req-1bc3b5d7-3c48-4aa0-89c6-bd52906d1a5d', 'connection': 'close', 'content-type': 'application/json', 'status': '200', 'content-location': 'http://[LB_IP_ADDRESS]:8774/v2.1/servers/6d13f093-54d8-42a9-824b-d3cf14cdc3f6'}
        Body: b'{"server": {"id": "6d13f093-54d8-42a9-824b-d3cf14cdc3f6", "name": "tempest-VolumesNegativeTest-instance-1667102677", "status": "BUILD", "tenant_id": "e34c50f909b14259bef02f5de853a575", "user_id": "77629d5c7d0d4ac8890398832f3cb7a2", "metadata": {}, "hostId": "", "image": {"id": "b80cfd70-6556-4c17-aed0-61058bd55e62", "links": [{"rel": "bookmark", "href": "http://[LB_IP_ADDRESS]:8774/images/b80cfd70-6556-4c17-aed0-61058bd55e62"}]}, "flavor": {"id": "0", "links": [{"rel": "bookmark", "href": "http://[LB_IP_ADDRESS]:8774/flavors/0"}]}, "created": "2025-01-29T14:05:13Z", "updated": "2025-01-29T14:05:23Z", "addresses": {}, "accessIPv4": "", "accessIPv6": "", "links": [{"rel": "self", "href": "http://[LB_IP_ADDRESS]:8774/v2.1/servers/6d13f093-54d8-42a9-824b-d3cf14cdc3f6"}, {"rel": "bookmark", "href": "http://[LB_IP_ADDRESS]:8774/servers/6d13f093-54d8-42a9-824b-d3cf14cdc3f6"}], "OS-DCF:diskConfig": "MANUAL", "progress": 0, "OS-EXT-AZ:availability_zone": "nova", "config_drive": "", "key_name": null, "OS-SRV-USG:launched_at": null, "OS-SRV-USG:terminated_at": null, "OS-EXT-SRV-ATTR:host": null, "OS-EXT-SRV-ATTR:instance_name": "instance-00000016", "OS-EXT-SRV-ATTR:hypervisor_hostname": null, "OS-EXT-STS:task_state": "spawning", "OS-EXT-STS:vm_state": "building", "OS-EXT-STS:power_state": 0, "os-extended-volumes:volumes_attached": []}}'
2025-01-29 14:05:28,521 11355 INFO     [tempest.lib.common.rest_client] Request (VolumesNegativeTest:test_attach_volumes_with_nonexistent_volume_id): 200 GET http://[LB_IP_ADDRESS]:8774/v2.1/servers/6d13f093-54d8-42a9-824b-d3cf14cdc3f6 0.071s
2025-01-29 14:05:28,522 11355 DEBUG    [tempest.lib.common.rest_client] Request - Headers: {'Content-Type': 'application/json', 'Accept': 'application/json', 'X-Auth-Token': '<omitted>'}
        Body: None
    Response - Headers: {'date': 'Wed, 29 Jan 2025 14:05:28 GMT', 'server': 'Apache/2.4.52 (Ubuntu)', 'content-length': '1338', 'openstack-api-version': 'compute 2.1', 'x-openstack-nova-api-version': '2.1', 'vary': 'OpenStack-API-Version,X-OpenStack-Nova-API-Version', 'x-openstack-request-id': 'req-0efb999c-17db-4a53-9c11-513575e9f6d1', 'x-compute-request-id': 'req-0efb999c-17db-4a53-9c11-513575e9f6d1', 'connection': 'close', 'content-type': 'application/json', 'status': '200', 'content-location': 'http://[LB_IP_ADDRESS]:8774/v2.1/servers/6d13f093-54d8-42a9-824b-d3cf14cdc3f6'}
        Body: b'{"server": {"id": "6d13f093-54d8-42a9-824b-d3cf14cdc3f6", "name": "tempest-VolumesNegativeTest-instance-1667102677", "status": "BUILD", "tenant_id": "e34c50f909b14259bef02f5de853a575", "user_id": "77629d5c7d0d4ac8890398832f3cb7a2", "metadata": {}, "hostId": "", "image": {"id": "b80cfd70-6556-4c17-aed0-61058bd55e62", "links": [{"rel": "bookmark", "href": "http://[LB_IP_ADDRESS]:8774/images/b80cfd70-6556-4c17-aed0-61058bd55e62"}]}, "flavor": {"id": "0", "links": [{"rel": "bookmark", "href": "http://[LB_IP_ADDRESS]:8774/flavors/0"}]}, "created": "2025-01-29T14:05:13Z", "updated": "2025-01-29T14:05:27Z", "addresses": {}, "accessIPv4": "", "accessIPv6": "", "links": [{"rel": "self", "href": "http://[LB_IP_ADDRESS]:8774/v2.1/servers/6d13f093-54d8-42a9-824b-d3cf14cdc3f6"}, {"rel": "bookmark", "href": "http://[LB_IP_ADDRESS]:8774/servers/6d13f093-54d8-42a9-824b-d3cf14cdc3f6"}], "OS-DCF:diskConfig": "MANUAL", "progress": 0, "OS-EXT-AZ:availability_zone": "nova", "config_drive": "", "key_name": null, "OS-SRV-USG:la
    unched_at": null, "OS-SRV-USG:terminated_at": null, "OS-EXT-SRV-ATTR:host": null, "OS-EXT-SRV-ATTR:instance_name": "instance-00000016", "OS-EXT-SRV-ATTR:hypervisor_hostname": null, "OS-EXT-STS:task_state": "spawning", "OS-EXT-STS:vm_state": "building", "OS-EXT-STS:power_state": 0, "os-extended-volumes:volumes_attached": []}}'
2025-01-29 14:05:29,621 11355 INFO     [tempest.lib.common.rest_client] Request (VolumesNegativeTest:test_attach_volumes_with_nonexistent_volume_id): 200 GET http://[LB_IP_ADDRESS]:8774/v2.1/servers/6d13f093-54d8-42a9-824b-d3cf14cdc3f6 0.081s
2025-01-29 14:05:29,621 11355 DEBUG    [tempest.lib.common.rest_client] Request - Headers: {'Content-Type': 'application/json', 'Accept': 'application/json', 'X-Auth-Token': '<omitted>'}
        Body: None
    Response - Headers: {'date': 'Wed, 29 Jan 2025 14:05:29 GMT', 'server': 'Apache/2.4.52 (Ubuntu)', 'content-length': '4914', 'openstack-api-version': 'compute 2.1', 'x-openstack-nova-api-version': '2.1', 'vary': 'OpenStack-API-Version,X-OpenStack-Nova-API-Version', 'x-openstack-request-id': 'req-12fc7f6d-8e2e-4d4d-a062-9a2f407381ea', 'x-compute-request-id': 'req-12fc7f6d-8e2e-4d4d-a062-9a2f407381ea', 'connection': 'close', 'content-type': 'application/json', 'status': '200', 'content-location': 'http://[LB_IP_ADDRESS]:8774/v2.1/servers/6d13f093-54d8-42a9-824b-d3cf14cdc3f6'}
        Body: b'{"server": {"id": "6d13f093-54d8-42a9-824b-d3cf14cdc3f6", "name": "tempest-VolumesNegativeTest-instance-1667102677", "status": "ERROR", "tenant_id": "e34c50f909b14259bef02f5de853a575", "user_id": "77629d5c7d0d4ac8890398832f3cb7a2", "metadata": {}, "hostId": "", "image": {"id": "b80cfd70-6556-4c17-aed0-61058bd55e62", "links": [{"rel": "bookmark", "href": "http://[LB_IP_ADDRESS]:8774/images/b80cfd70-6556-4c17-aed0-61058bd55e62"}]}, "flavor": {"id": "0", "links": [{"rel": "bookmark", "href": "http://[LB_IP_ADDRESS]:8774/flavors/0"}]}, "created": "2025-01-29T14:05:13Z", "updated": "2025-01-29T14:05:28Z", "addresses": {}, "accessIPv4": "", "accessIPv6": "", "links": [{"rel": "self", "href": "http://[LB_IP_ADDRESS]:8774/v2.1/servers/6d13f093-54d8-42a9-824b-d3cf14cdc3f6"}, {"rel": "bookmark", "href": "http://[LB_IP_ADDRESS]:8774/servers/6d13f093-54d8-42a9-824b-d3cf14cdc3f6"}], "OS-DCF:diskConfig": "MANUAL", "fault": {"code": 500, "created": "2025-01-29T14:05:28Z", "message": "Build of instance 6d13f093-54d8-42a9-824b-d3cf14cdc3f6 aborted: Image b80cfd70-6556-4c17-aed0-61058bd55e62 is unacceptable: Image not in a supported format", "details": "Traceback (most recent call last):\\n  File \\"/var/lib/kolla/venv/lib/python3.10/site-packages/nova/virt/images.py\\", line 185, in do_image_deep_inspection\\n    inspector = get_image_format(path)\\n  File \\"/var/lib/kolla/venv/lib/python3.10/site-packages/nova/virt/images.py\\", line 151, in get_image_format\\n    if wrapper.formats:\\nAttributeError: \'InspectWrapper\' object has no attribute \'formats\'\\n\\nDuring handling of the above exception, another exception occurred:\\n\\nTraceback (most recent call last):\\n  File \\"/var/lib/kolla/venv/lib/python3.10/site-packages/nova/compute/manager.py\\", line 2648, in _build_and_run_instance\\n    self.driver.spawn(context, instance, image_meta,\\n  File \\"/var/lib/kolla/venv/lib/python3.10/site-packages/nova/virt/libvirt/driver.py\\", line 4791, in spawn\\n    created_instance_dir, created_disks = self._create_image(\\n  File \\"/var/lib/kolla/venv/lib/python3.10/site-packages/nova/virt/libvirt/driver.py\\", line 5202, in _create_image\\n    created_disks = self._create_and_inject_local_root(\\n  File \\"/var/lib/kolla/venv/lib/python3.10/site-packages/nova/virt/libvirt/driver.py\\", line 5331, in _create_and_inject_local_root\\n    self._try_fetch_image_cache(backend, fetch_func, context,\\n  File \\"/var/lib/kolla/venv/lib/python3.10/site-packages/nova/virt/libvirt/driver.py\\", line 11597, in _try_fetch_image_cache\\n    image.cache(fetch_func=fetch_func,\\n  File \\"/var/lib/kolla/venv/lib/python3.10/site-packages/nova/virt/libvirt/imagebackend.py\\", line 304, in cache\\n    self.create_imag
    e(\\n  File \\"/var/lib/kolla/venv/lib/python3.10/site-packages/nova/virt/libvirt/imagebackend.py\\", line 682, in create_image\\n    prepare_template(target=base, *args, **kwargs)\\n  File \\"/var/lib/kolla/venv/lib/python3.10/site-packages/oslo_concurrency/lockutils.py\\", line 412, in inner\\n    return f(*args, **kwargs)\\n  File \\"/var/lib/kolla/venv/lib/python3.10/site-packages/nova/virt/libvirt/imagebackend.py\\", line 301, in fetch_func_sync\\n    fetch_func(target=target, *args, **kwargs)\\n  File \\"/var/lib/kolla/venv/lib/python3.10/site-packages/nova/virt/libvirt/utils.py\\", line 495, in fetch_image\\n    images.fetch_to_raw(context, image_id, target, trusted_certs)\\n  File \\"/var/lib/kolla/venv/lib/python3.10/site-packages/nova/virt/images.py\\", line 235, in fetch_to_raw\\n    force_format = do_image_deep_inspection(img, image_href, path_tmp)\\n  File \\"/var/lib/kolla/venv/lib/python3.10/site-packages/nova/virt/images.py\\", line 216, in do_image_deep_inspection\\n    raise exception.ImageUnacceptable(\\nnova.exception.ImageUnacceptable: Image b80cfd70-6556-4c17-aed0-61058bd55e62 is unacceptable: Image not in a supported format\\n\\nDuring handling of the above exception, another exception occurred:\\n\\nTraceback (most recent call last):\\n  File \\"/var/lib/kolla/venv/lib/python3.10/site-packages/nova/compute/manager.py\\", line
2025-01-29 14:05:29,638 11355 INFO     [tempest.common.waiters] State transition "BUILD/spawning" ==> "ERROR/None" after 16 second wait
2025-01-29 14:05:30,290 11355 INFO     [tempest.lib.common.rest_client] Request (VolumesNegativeTest:test_attach_volumes_with_nonexistent_volume_id): 204 DELETE http://[LB_IP_ADDRESS]:8774/v2.1/servers/6d13f093-54d8-42a9-824b-d3cf14cdc3f6 0.651s
2025-01-29 14:05:30,291 11355 DEBUG    [tempest.lib.common.rest_client] Request - Headers: {'Content-Type': 'application/json', 'Accept': 'application/json', 'X-Auth-Token': '<omitted>'}
        Body: None
    Response - Headers: {'date': 'Wed, 29 Jan 2025 14:05:29 GMT', 'server': 'Apache/2.4.52 (Ubuntu)', 'openstack-api-version': 'compute 2.1', 'x-openstack-nova-api-version': '2.1', 'vary': 'OpenStack-API-Version,X-OpenStack-Nova-API-Version', 'x-openstack-request-id': 'req-0f07fc5c-5f73-427d-8b0c-82a4298af422', 'x-compute-request-id': 'req-0f07fc5c-5f73-427d-8b0c-82a4298af422', 'connection': 'close', 'status': '204', 'content-location': 'http://[LB_IP_ADDRESS]:8774/v2.1/servers/6d13f093-54d8-42a9-824b-d3cf14cdc3f6'}
        Body: b''
2025-01-29 14:05:30,319 11355 INFO     [tempest.lib.common.rest_client] Request (VolumesNegativeTest:test_attach_volumes_with_nonexistent_volume_id): 404 GET http://[LB_IP_ADDRESS]:8774/v2.1/servers/6d13f093-54d8-42a9-824b-d3cf14cdc3f6 0.027s
2025-01-29 14:05:30,319 11355 DEBUG    [tempest.lib.common.rest_client] Request - Headers: {'Content-Type': 'application/json', 'Accept': 'application/json', 'X-Auth-Token': '<omitted>'}
        Body: None
    Response - Headers: {'date': 'Wed, 29 Jan 2025 14:05:30 GMT', 'server': 'Apache/2.4.52 (Ubuntu)', 'content-length': '111', 'openstack-api-version': 'compute 2.1', 'x-openstack-nova-api-version': '2.1', 'vary': 'OpenStack-API-Version,X-OpenStack-Nova-API-Version', 'x-openstack-request-id': 'req-b8cbff3b-e779-42f6-a9f5-33ba6ddf8683', 'x-compute-request-id': 'req-b8cbff3b-e779-42f6-a9f5-33ba6ddf8683', 'connection': 'close', 'content-type': 'application/json; charset=UTF-8', 'status': '404', 'content-location': 'http://[LB_IP_ADDRESS]:8774/v2.1/servers/6d13f093-54d8-42a9-824b-d3cf14cdc3f6'}
        Body: b'{"itemNotFound": {"code": 404, "message": "Instance 6d13f093-54d8-42a9-824b-d3cf14cdc3f6 could not be found."}}'

{1} tempest.api.volume.test_volumes_negative.VolumesNegativeTest.test_create_volume_from_deactivated_image [0.394537s] ... ok
{1} tempest.api.volume.test_volumes_negative.VolumesNegativeTest.test_create_volume_from_image_with_decreasing_size [0.374072s] ... ok
{1} tempest.api.volume.test_volumes_negative.VolumesNegativeTest.test_create_volume_with_invalid_size [0.015777s] ... ok
{1} tempest.api.volume.test_volumes_negative.VolumesNegativeTest.test_create_volume_with_nonexistent_snapshot_id [0.038921s] ... ok
{1} tempest.api.volume.test_volumes_negative.VolumesNegativeTest.test_create_volume_with_nonexistent_source_volid [0.021630s] ... ok
{1} tempest.api.volume.test_volumes_negative.VolumesNegativeTest.test_create_volume_with_nonexistent_volume_type [0.019021s] ... ok
{1} tempest.api.volume.test_volumes_negative.VolumesNegativeTest.test_create_volume_with_size_negative [0.013564s] ... ok
{1} tempest.api.volume.test_volumes_negative.VolumesNegativeTest.test_create_volume_with_size_zero [0.015382s] ... ok
{1} tempest.api.volume.test_volumes_negative.VolumesNegativeTest.test_create_volume_without_passing_size [0.022455s] ... ok
{1} tempest.api.volume.test_volumes_negative.VolumesNegativeTest.test_delete_invalid_volume_id [0.022754s] ... ok
{1} tempest.api.volume.test_volumes_negative.VolumesNegativeTest.test_delete_volume_without_passing_volume_id [0.009681s] ... ok
{1} tempest.api.volume.test_volumes_negative.VolumesNegativeTest.test_detach_volumes_with_invalid_volume_id [0.024069s] ... ok
{1} tempest.api.volume.test_volumes_negative.VolumesNegativeTest.test_get_invalid_volume_id [0.032307s] ... ok
{1} tempest.api.volume.test_volumes_negative.VolumesNegativeTest.test_get_volume_without_passing_volume_id [0.010324s] ... ok
{1} tempest.api.volume.test_volumes_negative.VolumesNegativeTest.test_list_volumes_detail_with_invalid_status [0.049753s] ... ok
{1} tempest.api.volume.test_volumes_negative.VolumesNegativeTest.test_list_volumes_detail_with_nonexistent_name [0.049805s] ... ok
{1} tempest.api.volume.test_volumes_negative.VolumesNegativeTest.test_list_volumes_with_invalid_status [0.042493s] ... ok
{1} tempest.api.volume.test_volumes_negative.VolumesNegativeTest.test_list_volumes_with_nonexistent_name [0.041279s] ... ok
{1} tempest.api.volume.test_volumes_negative.VolumesNegativeTest.test_reserve_volume_with_negative_volume_status [0.391526s] ... ok
{1} tempest.api.volume.test_volumes_negative.VolumesNegativeTest.test_reserve_volume_with_nonexistent_volume_id [0.025724s] ... ok
{1} tempest.api.volume.test_volumes_negative.VolumesNegativeTest.test_unreserve_volume_with_nonexistent_volume_id [0.028047s] ... ok
{1} tempest.api.volume.test_volumes_negative.VolumesNegativeTest.test_update_volume_with_empty_volume_id [0.012985s] ... ok
{1} tempest.api.volume.test_volumes_negative.VolumesNegativeTest.test_update_volume_with_invalid_volume_id [0.029119s] ... ok
{1} tempest.api.volume.test_volumes_negative.VolumesNegativeTest.test_update_volume_with_nonexistent_volume_id [0.030817s] ... ok
{1} tempest.api.volume.test_volumes_negative.VolumesNegativeTest.test_volume_delete_nonexistent_volume_id [0.026947s] ... ok
{1} tempest.api.volume.test_volumes_negative.VolumesNegativeTest.test_volume_extend_with_None_size [0.019693s] ... ok
{1} tempest.api.volume.test_volumes_negative.VolumesNegativeTest.test_volume_extend_with_non_number_size [0.019266s] ... ok
{1} tempest.api.volume.test_volumes_negative.VolumesNegativeTest.test_volume_extend_with_nonexistent_volume_id [0.033872s] ... ok
{1} tempest.api.volume.test_volumes_negative.VolumesNegativeTest.test_volume_extend_with_size_smaller_than_original_size [0.017600s] ... ok
{1} tempest.api.volume.test_volumes_negative.VolumesNegativeTest.test_volume_extend_without_passing_volume_id [0.031369s] ... ok
{1} tempest.api.volume.test_volumes_negative.VolumesNegativeTest.test_volume_get_nonexistent_volume_id [0.027338s] ... ok

==============================
Failed 1 tests - output below:
==============================

tempest.api.volume.test_volumes_negative.VolumesNegativeTest.test_attach_volumes_with_nonexistent_volume_id[compute,id-f5e56b0a-5d02-43c1-a2a7-c9b792c2e3f6,negative]
---------------------------------------------------------------------------------------------------------------------------------------------------------------------

Captured traceback:
~~~~~~~~~~~~~~~~~~~
    Traceback (most recent call last):

      File "/usr/local/lib/python3.10/dist-packages/tempest/common/utils/__init__.py", line 65, in wrapper
    return f(*func_args, **func_kwargs)

      File "/usr/local/lib/python3.10/dist-packages/tempest/api/volume/test_volumes_negative.py", line 188, in test_attach_volumes_with_nonexistent_volume_id
    server = self.create_server()

      File "/usr/local/lib/python3.10/dist-packages/tempest/api/volume/base.py", line 270, in create_server
    body, _ = compute.create_test_server(

      File "/usr/local/lib/python3.10/dist-packages/tempest/common/compute.py", line 340, in create_test_server
    with excutils.save_and_reraise_exception():

      File "/usr/local/lib/python3.10/dist-packages/oslo_utils/excutils.py", line 227, in __exit__
    self.force_reraise()

      File "/usr/local/lib/python3.10/dist-packages/oslo_utils/excutils.py", line 200, in force_reraise
    raise self.value

      File "/usr/local/lib/python3.10/dist-packages/tempest/common/compute.py", line 323, in create_test_server
    server = waiters.wait_for_server_status(

      File "/usr/local/lib/python3.10/dist-packages/tempest/common/waiters.py", line 80, in wait_for_server_status
    raise exceptions.BuildErrorException(details, server_id=server_id)

    tempest.exceptions.BuildErrorException: Server 6d13f093-54d8-42a9-824b-d3cf14cdc3f6 failed to build and is in ERROR status
Details: Fault: {'code': 500, 'created': '2025-01-29T14:05:28Z', 'message': 'Build of instance 6d13f093-54d8-42a9-824b-d3cf14cdc3f6 aborted: Image b80cfd70-6556-4c17-aed0-61058bd55e62 is unacceptable: Image not in a supported format', 'details': 'Traceback (most recent call last):\n  File "/var/lib/kolla/venv/lib/python3.10/site-packages/nova/virt/images.py", line 185, in do_image_deep_inspection\n    inspector = get_image_format(path)\n  File "/var/lib/kolla/venv/lib/python3.10/site-packages/nova/virt/images.py", line 151, in get_image_format\n    if wrapper.formats:\nAttributeError: \'InspectWrapper\' object has no attribute \'formats\'\n\nDuring handling of the above exception, another exception occurred:\n\nTraceback (most recent call last):\n  File "/var/lib/kolla/venv/lib/python3.10/site-packages/nova/compute/manager.py", line 2648, in _build_and_run_instance\n    self.driver.spawn(context, instance, image_meta,\n  File "/var/lib/kolla/venv/lib/python3.10/site-packages/nova/virt/libvirt/driver.py", line 4791, in spawn\n    created_instance_dir, created_disks = self._create_image(\n  File "/var/lib/kolla/venv/lib/python3.10/site-packages/nova/virt/libvirt/driver.py", line 5202, in _create_image\n    created_disks = self._create_and_inject_local_root(\n  File "/var/lib/kolla/venv/lib/python3.10/site-packages/nova/virt/libvirt/driver.py", line 5331, in _create_and_inject_local_root\n    self._try_fetch_image_cache(backend, fetch_func, context,\n  File "/var/lib/kolla/venv/lib/python3.10/site-packages/nova/virt/libvirt/driver.py", line 11597, in _try_fetch_image_cache\n    image.cache(fetch_func=fetch_func,\n  File "/var/lib/kolla/venv/lib/python3.10/site-packages/nova/virt/libvirt/imagebackend.py", line 304, in cache\n    self.create_image(\n  File "/var/lib/kolla/venv/lib/python3.10/site-packages/nova/virt/libvirt/imagebackend.py", line 682, in create_image\n    prepare_template(target=base, *args, **kwargs)\n  File "/var/lib/kolla/venv/lib/python3.10/site-packages/oslo_concurrency/lockutils.py", line 412, in inner\n    return f(*args, **kwargs)\n  File "/var/lib/kolla/venv/lib/python3.10/site-packages/nova/virt/libvirt/imagebackend.py", line 301, in fetch_func_sync\n    fetch_func(target=target, *args, **kwargs)\n  File "/var/lib/kolla/venv/lib/python3.10/site-packages/nova/virt/libvirt/utils.py", line 495, in fetch_image\n    images.fetch_to_raw(context, image_id, target, trusted_certs)\n  File "/var/lib/kolla/venv/lib/python3.10/site-packages/nova/virt/images.py", line 235, in fetch_to_raw\n    force_format = do_image_deep_inspection(img, image_href, path_tmp)\n  File "/var/lib/kolla/venv/lib/python3.10/site-packages/nova/virt/images.py", line 216, in do_image_deep_inspection\n    raise exception.ImageUnacceptable(\nnova.exception.ImageUnacceptable: Image b80cfd70-6556-4c17-aed0-61058bd55e62 is unacceptable: Image not in a supported format\n\nDuring handling of the above exception, another exception occurred:\n\nTraceback (most recent call last):\n  File "/var/lib/kolla/venv/lib/python3.10/site-packages/nova/compute/manager.py", line 2463, in _do_build_and_run_instance\n    self._build_and_run_instance(context, instance, image,\n  File "/var/lib/kolla/venv/lib/python3.10/site-packages/nova/compute/manager.py", line 2733, in _build_and_run_instance\n    raise exception.BuildAbortException(instance_uuid=instance.uuid,\nnova.exception.BuildAbortException: Build of instance 6d13f093-54d8-42a9-824b-d3cf14cdc3f6 aborted: Image b80cfd70-6556-4c17-aed0-61058bd55e62 is unacceptable: Image not in a supported format\n'}. Request ID of server operation performed before checking the server status req-1524fdcf-e6c6-4e46-944c-23d352481ab9.


Captured pythonlogging:
~~~~~~~~~~~~~~~~~~~~~~~
    2025-01-29 14:05:12,194 11355 INFO     [tempest.lib.common.rest_client] Request (VolumesNegativeTest:test_attach_volumes_with_nonexistent_volume_id): 201 POST http://controller:5000/v3/auth/tokens 0.342s
2025-01-29 14:05:12,195 11355 DEBUG    [tempest.lib.common.rest_client] Request - Headers: {'Content-Type': 'application/json', 'Accept': 'application/json'}
        Body: <omitted>
    Response - Headers: {'date': 'Wed, 29 Jan 2025 14:05:11 GMT', 'server': 'Apache', 'content-length': '3303', 'x-subject-token': '<omitted>', 'vary': 'X-Auth-Token', 'x-openstack-request-id': 'req-bd45f00c-8a4f-44a8-be09-81e1fbf2867e', 'connection': 'close', 'content-type': 'application/json', 'status': '201', 'content-location': 'http://controller:5000/v3/auth/tokens'}
        Body: b'{"token": {"methods": ["password"], "user": {"domain": {"id": "default", "name": "Default"}, "id": "77629d5c7d0d4ac8890398832f3cb7a2", "name": "tempest-VolumesNegativeTest-95395781-project-member", "password_expires_at": null}, "audit_ids": ["GnjeOYkBT4KRyXx0OAogVA"], "expires_at": "2025-01-30T14:05:12.000000Z", "issued_at": "2025-01-29T14:05:12.000000Z", "project": {"domain": {"id": "default", "name": "Default"}, "id": "e34c50f909b14259bef02f5de853a575", "name": "tempest-VolumesNegativeTest-95395781"}, "is_domain": false, "roles": [{"id": "b03f5fd51d9941bd9cdd7bd39e2a7c04", "name": "manager"}, {"id": "d41a38c9832048abb6a9dfd4dbc74cfb", "name": "member"}, {"id": "b4b43a54a6b84614aa0118dc7f2219ff", "name": "admin"}, {"id": "9b5414f302fc4fa5967a33a4a0a7af5f", "name": "reader"}], "catalog": [{"endpoints": [{"id": "2d84316125d94cfd8146d5b0a63e5a09", "interface": "internal", "region_id": "RegionOne", "url": "http://[LB_IP_ADDRESS]:8774/v2.1", "region": "RegionOne"}, {"id": "9013fb75082548db9f7f93fb240e4eb5", "interface": "public", "region_id": "RegionOne", "url": "http://[LB_IP_ADDRESS]:8774/v2.1", "region": "RegionOne"}], "id": "13d3e8ca59fa4239b3c1d89ae5d18d46", "type": "compute", "name": "nova"}, {"endpoints": [{"id": "77c8e2017f43470b88628c80f150af2b", "interface": "internal", "region_id": "RegionOne", "url": "http://[LB_IP_ADDRESS]:9292", "region": "RegionOne"}, {"id": "e94bf45a1fc54e4cb799150fec3c553b", "interface": "public", "region_id": "RegionOne", "url": "http://[LB_IP_ADDRESS]:9292", "region": "RegionOne"}], "id": "90b803829c864609a11a3c5d7f5ca4eb", "type": "image", "name": "glance"}, {"endpoints": [{"id": "8b71863b3909475da0399630a257e299", "interface": "internal", "region_id": "RegionOne", "url": "http://[LB_IP_ADDRESS]:9696", "region": "RegionOne"}, {"id": "eb4192e695634cefa076525cad0faf40", "interface": "public", "region_id": "RegionOne", "url": "http://[LB_IP_ADDRESS]:9696", "region": "RegionOne"}], "id": "bf4bf859a64d4edca2a8af930c8d4870", "type": "network", "name": "neutron"}, {"endpoints": [{"id": "5b0d15dd76004491bfc44d0f148a605a", "interface": "internal", "region_id": "RegionOne", "url": "http://[LB_IP_ADDRESS]:8776/v3/e34c50f909b14259bef02f5de853a575", "region": "RegionOne"}, {"id": "6b764d1b63e94e0b8f2a952fd9d43b4b", "interface": "public", "region_id": "RegionOne", "url": "http://[LB_IP_ADDRESS]:8776/v3/e34c50f909b14259bef02f5de853a575", "region": "RegionOne"}], "id": "c7ce27009e2f497a8865aab4450f3a0c", "type": "volumev3", "name": "cinderv3"}, {"endpoints": [{"id": "21b3252d38cb4d2ca55bf8a344d9a093", "interface": "internal", "region_id": "RegionOne", "url": "http://[LB_IP_ADDRESS]:8780", "region": "RegionOne"}, {"id": "d9a25e3380c044b1b62ea881654ae1da", "interface": "public", "region_id": "RegionOne", "url": "http://[LB_IP_ADDRESS]:8780", "region": "RegionOne"}], "id": "e25e12f5148340b8a259bebfaaef5308", "type": "placement", "name": "placement"}, {"endpoints": [{"id": "14144c8e6cf74e2384f9070a5dae2ccc", "interface": "internal", "region_id": "RegionOne", "url": "http://[LB_IP_ADDRESS]:5000", "region": "RegionOne"}, {"id": "5d7337de6ab24e04a0c315fe8d9aa663", "interface": "public", "region_id": "RegionOne", "url": "http://[LB_IP_ADDRESS]:5000", "region": "RegionOne"}], "id": "fa7fafa7b3194e9caacbd6e67b6aaa0f", "type": "identity", "name": "keystone"}]}}'
2025-01-29 14:
    05:12,195 11355 DEBUG    [tempest.lib.common.dynamic_creds] Creating new dynamic creds for scope: None and credential_type: admin
2025-01-29 14:05:12,261 11355 INFO     [tempest.lib.common.rest_client] Request (VolumesNegativeTest:test_attach_volumes_with_nonexistent_volume_id): 201 POST http://[LB_IP_ADDRESS]:5000/v3/projects 0.064s
2025-01-29 14:05:12,261 11355 DEBUG    [tempest.lib.common.rest_client] Request - Headers: {'Content-Type': 'application/json', 'Accept': 'application/json', 'X-Auth-Token': '<omitted>'}
        Body: {"project": {"description": "tempest-VolumesNegativeTest-738107591-desc", "domain_id": "default", "name": "tempest-VolumesNegativeTest-738107591"}}
    Response - Headers: {'date': 'Wed, 29 Jan 2025 14:05:12 GMT', 'server': 'Apache', 'content-length': '371', 'vary': 'X-Auth-Token', 'x-openstack-request-id': 'req-8c9ff7f5-a19f-48ef-b246-72da26fbd70e', 'connection': 'close', 'content-type': 'application/json', 'status': '201', 'content-location': 'http://[LB_IP_ADDRESS]:5000/v3/projects'}
        Body: b'{"project": {"id": "bcccd559a0ad4a5288b63f2b1602cb93", "name": "tempest-VolumesNegativeTest-738107591", "domain_id": "default", "description": "tempest-VolumesNegativeTest-738107591-desc", "enabled": true, "parent_id": "default", "is_domain": false, "tags": [], "options": {}, "links": {"self": "http://[LB_IP_ADDRESS]:5000/v3/projects/bcccd559a0ad4a5288b63f2b1602cb93"}}}\n'
2025-01-29 14:05:12,623 11355 INFO     [tempest.lib.common.rest_client] Request (VolumesNegativeTest:test_attach_volumes_with_nonexistent_volume_id): 201 POST http://[LB_IP_ADDRESS]:5000/v3/users 0.361s
2025-01-29 14:05:12,623 11355 DEBUG    [tempest.lib.common.rest_client] Request - Headers: {'Content-Type': 'application/json', 'Accept': 'application/json', 'X-Auth-Token': '<omitted>'}
        Body: {"user": {"name": "tempest-VolumesNegativeTest-738107591-project-admin", "password": "Y0+wjq*C8+Zfn8L", "domain_id": "default"}}
    Response - Headers: {'date': 'Wed, 29 Jan 2025 14:05:12 GMT', 'server': 'Apache', 'content-length': '291', 'vary': 'X-Auth-Token', 'x-openstack-request-id': 'req-6d2a2559-bf1b-4923-b945-b43f36ddfd33', 'connection': 'close', 'content-type': 'application/json', 'status': '201', 'content-location': 'http://[LB_IP_ADDRESS]:5000/v3/users'}
        Body: b'{"user": {"id": "770f48af11ef4a49b2ae1ca6e8ae67f0", "name": "tempest-VolumesNegativeTest-738107591-project-admin", "domain_id": "default", "enabled": true, "password_expires_at": null, "options": {}, "links": {"self": "http://[LB_IP_ADDRESS]:5000/v3/users/770f48af11ef4a49b2ae1ca6e8ae67f0"}}}\n'
2025-01-29 14:05:12,649 11355 INFO     [tempest.lib.common.rest_client] Request (VolumesNegativeTest:test_attach_volumes_with_nonexistent_volume_id): 200 GET http://[LB_IP_ADDRESS]:5000/v3/roles 0.025s
2025-01-29 14:05:12,649 11355 DEBUG    [tempest.lib.common.rest_client] Request - Headers: {'Content-Type': 'application/json', 'Accept': 'application/json', 'X-Auth-Token': '<omitted>'}
        Body: None
    Response - Headers: {'date': 'Wed, 29 Jan 2025 14:05:12 GMT', 'server': 'Apache', 'content-length': '1222', 'vary': 'X-Auth-Token', 'x-openstack-request-id': 'req-dcd063a5-4cbd-4e16-a97f-8e2dc17ff7d6', 'connection': 'close', 'content-type': 'application/json', 'status': '200', 'content-location': 'http://[LB_IP_ADDRESS]:5000/v3/roles'}
        Body: b'{"roles": [{"id": "9b5414f302fc4fa5967a33a4a0a7af5f", "name": "reader", "domain_id": null, "description": null, "options": {"immutable": true}, "links": {"self": "http://[LB_IP_ADDRESS]:5000/v3/roles/9b5414f302fc4fa5967a33a4a0a7af5f"}}, {"id": "a862e0b380b14de0b58f51b66b64eda5", "name": "service", "domain_id": null, "description": null, "options": {"immutable": true}, "links": {"self": "http://[LB_IP_ADDRESS]:5000/v3/roles/a862e0b380b14de0b58f51b66b64eda5"}}, {"id": "b03f5fd51d9941bd9cdd7bd39e2a7c04", "name": "manager", "domain_id": null, "description": null, "options": {"immutable": true}, "links": {"self": "http://[LB_IP_ADDRESS]:5000/v3/roles/b03f5fd51d9941bd9cdd7bd39e2a7c04"}}, {"id": "b4b43a54a6b84614aa0118dc7f2219ff", "name": "ad
    min", "domain_id": null, "description": null, "options": {"immutable": true}, "links": {"self": "http://[LB_IP_ADDRESS]:5000/v3/roles/b4b43a54a6b84614aa0118dc7f2219ff"}}, {"id": "d41a38c9832048abb6a9dfd4dbc74cfb", "name": "member", "domain_id": null, "description": null, "options": {"immutable": true}, "links": {"self": "http://[LB_IP_ADDRESS]:5000/v3/roles/d41a38c9832048abb6a9dfd4dbc74cfb"}}], "links": {"next": null, "self": "http://[LB_IP_ADDRESS]:5000/v3/roles", "previous": null}}\n'
2025-01-29 14:05:12,686 11355 INFO     [tempest.lib.common.rest_client] Request (VolumesNegativeTest:test_attach_volumes_with_nonexistent_volume_id): 204 PUT http://[LB_IP_ADDRESS]:5000/v3/projects/bcccd559a0ad4a5288b63f2b1602cb93/users/770f48af11ef4a49b2ae1ca6e8ae67f0/roles/b4b43a54a6b84614aa0118dc7f2219ff 0.036s
2025-01-29 14:05:12,686 11355 DEBUG    [tempest.lib.common.rest_client] Request - Headers: {'Content-Type': 'application/json', 'Accept': 'application/json', 'X-Auth-Token': '<omitted>'}
        Body: None
    Response - Headers: {'date': 'Wed, 29 Jan 2025 14:05:12 GMT', 'server': 'Apache', 'vary': 'X-Auth-Token', 'x-openstack-request-id': 'req-bf163d56-07c1-4571-93e2-89040d007d8a', 'connection': 'close', 'status': '204', 'content-location': 'http://[LB_IP_ADDRESS]:5000/v3/projects/bcccd559a0ad4a5288b63f2b1602cb93/users/770f48af11ef4a49b2ae1ca6e8ae67f0/roles/b4b43a54a6b84614aa0118dc7f2219ff'}
        Body: b''
2025-01-29 14:05:12,745 11355 INFO     [tempest.lib.common.rest_client] Request (VolumesNegativeTest:test_attach_volumes_with_nonexistent_volume_id): 200 GET http://[LB_IP_ADDRESS]:5000/v3/roles 0.058s
2025-01-29 14:05:12,746 11355 DEBUG    [tempest.lib.common.rest_client] Request - Headers: {'Content-Type': 'application/json', 'Accept': 'application/json', 'X-Auth-Token': '<omitted>'}
        Body: None
    Response - Headers: {'date': 'Wed, 29 Jan 2025 14:05:12 GMT', 'server': 'Apache', 'content-length': '1222', 'vary': 'X-Auth-Token', 'x-openstack-request-id': 'req-1954a692-6962-4b8c-b567-19d47c9bd8e9', 'connection': 'close', 'content-type': 'application/json', 'status': '200', 'content-location': 'http://[LB_IP_ADDRESS]:5000/v3/roles'}
        Body: b'{"roles": [{"id": "9b5414f302fc4fa5967a33a4a0a7af5f", "name": "reader", "domain_id": null, "description": null, "options": {"immutable": true}, "links": {"self": "http://[LB_IP_ADDRESS]:5000/v3/roles/9b5414f302fc4fa5967a33a4a0a7af5f"}}, {"id": "a862e0b380b14de0b58f51b66b64eda5", "name": "service", "domain_id": null, "description": null, "options": {"immutable": true}, "links": {"self": "http://[LB_IP_ADDRESS]:5000/v3/roles/a862e0b380b14de0b58f51b66b64eda5"}}, {"id": "b03f5fd51d9941bd9cdd7bd39e2a7c04", "name": "manager", "domain_id": null, "description": null, "options": {"immutable": true}, "links": {"self": "http://[LB_IP_ADDRESS]:5000/v3/roles/b03f5fd51d9941bd9cdd7bd39e2a7c04"}}, {"id": "b4b43a54a6b84614aa0118dc7f2219ff", "name": "admin", "domain_id": null, "description": null, "options": {"immutable": true}, "links": {"self": "http://[LB_IP_ADDRESS]:5000/v3/roles/b4b43a54a6b84614aa0118dc7f2219ff"}}, {"id": "d41a38c9832048abb6a9dfd4dbc74cfb", "name": "member", "domain_id": null, "description": null, "options": {"immutable": true}, "links": {"self": "http://[LB_IP_ADDRESS]:5000/v3/roles/d41a38c9832048abb6a9dfd4dbc74cfb"}}], "links": {"next": null, "self": "http://[LB_IP_ADDRESS]:5000/v3/roles", "previous": null}}\n'
2025-01-29 14:05:12,768 11355 INFO     [tempest.lib.common.rest_client] Request (VolumesNegativeTest:test_attach_volumes_with_nonexistent_volume_id): 204 PUT http://[LB_IP_ADDRESS]:5000/v3/domains/default/users/770f48af11ef4a49b2ae1ca6e8ae67f0/roles/b4b43a54a6b84614aa0118dc7f2219ff 0.021s
2025-01-29 14:05:12,768 11355 DEBUG    [tempest.lib.common.rest_client] Request - Headers: {'Content-Type': 'application/json', 'Accept': 'application/json', 'X-Auth-Token': '<omitted>'}
        Body: None
    Response - Headers: {'date': 'Wed, 29 Jan 2025 14:05:12 GMT', 'server': 'Apache', 'vary': 'X-Auth-Token', 'x-openstack-request-id': 'req-9234c1df-04ee-431f-9ad0-b15fdde2db4d', 'connection': 'clos
    e', 'status': '204', 'content-location': 'http://[LB_IP_ADDRESS]:5000/v3/domains/default/users/770f48af11ef4a49b2ae1ca6e8ae67f0/roles/b4b43a54a6b84614aa0118dc7f2219ff'}
        Body: b''
2025-01-29 14:05:12,824 11355 INFO     [tempest.lib.common.rest_client] Request (VolumesNegativeTest:test_attach_volumes_with_nonexistent_volume_id): 200 GET http://[LB_IP_ADDRESS]:5000/v3/roles 0.055s
2025-01-29 14:05:12,824 11355 DEBUG    [tempest.lib.common.rest_client] Request - Headers: {'Content-Type': 'application/json', 'Accept': 'application/json', 'X-Auth-Token': '<omitted>'}
        Body: None
    Response - Headers: {'date': 'Wed, 29 Jan 2025 14:05:12 GMT', 'server': 'Apache', 'content-length': '1222', 'vary': 'X-Auth-Token', 'x-openstack-request-id': 'req-6f6030f0-3d63-4304-98b0-a5fe59e85ca0', 'connection': 'close', 'content-type': 'application/json', 'status': '200', 'content-location': 'http://[LB_IP_ADDRESS]:5000/v3/roles'}
        Body: b'{"roles": [{"id": "9b5414f302fc4fa5967a33a4a0a7af5f", "name": "reader", "domain_id": null, "description": null, "options": {"immutable": true}, "links": {"self": "http://[LB_IP_ADDRESS]:5000/v3/roles/9b5414f302fc4fa5967a33a4a0a7af5f"}}, {"id": "a862e0b380b14de0b58f51b66b64eda5", "name": "service", "domain_id": null, "description": null, "options": {"immutable": true}, "links": {"self": "http://[LB_IP_ADDRESS]:5000/v3/roles/a862e0b380b14de0b58f51b66b64eda5"}}, {"id": "b03f5fd51d9941bd9cdd7bd39e2a7c04", "name": "manager", "domain_id": null, "description": null, "options": {"immutable": true}, "links": {"self": "http://[LB_IP_ADDRESS]:5000/v3/roles/b03f5fd51d9941bd9cdd7bd39e2a7c04"}}, {"id": "b4b43a54a6b84614aa0118dc7f2219ff", "name": "admin", "domain_id": null, "description": null, "options": {"immutable": true}, "links": {"self": "http://[LB_IP_ADDRESS]:5000/v3/roles/b4b43a54a6b84614aa0118dc7f2219ff"}}, {"id": "d41a38c9832048abb6a9dfd4dbc74cfb", "name": "member", "domain_id": null, "description": null, "options": {"immutable": true}, "links": {"self": "http://[LB_IP_ADDRESS]:5000/v3/roles/d41a38c9832048abb6a9dfd4dbc74cfb"}}], "links": {"next": null, "self": "http://[LB_IP_ADDRESS]:5000/v3/roles", "previous": null}}\n'
2025-01-29 14:05:12,850 11355 INFO     [tempest.lib.common.rest_client] Request (VolumesNegativeTest:test_attach_volumes_with_nonexistent_volume_id): 204 PUT http://[LB_IP_ADDRESS]:5000/v3/projects/bcccd559a0ad4a5288b63f2b1602cb93/users/770f48af11ef4a49b2ae1ca6e8ae67f0/roles/b4b43a54a6b84614aa0118dc7f2219ff 0.025s
2025-01-29 14:05:12,851 11355 DEBUG    [tempest.lib.common.rest_client] Request - Headers: {'Content-Type': 'application/json', 'Accept': 'application/json', 'X-Auth-Token': '<omitted>'}
        Body: None
    Response - Headers: {'date': 'Wed, 29 Jan 2025 14:05:12 GMT', 'server': 'Apache', 'vary': 'X-Auth-Token', 'x-openstack-request-id': 'req-e8019011-d445-441c-a785-f8a62235cc94', 'connection': 'close', 'status': '204', 'content-location': 'http://[LB_IP_ADDRESS]:5000/v3/projects/bcccd559a0ad4a5288b63f2b1602cb93/users/770f48af11ef4a49b2ae1ca6e8ae67f0/roles/b4b43a54a6b84614aa0118dc7f2219ff'}
        Body: b''
2025-01-29 14:05:12,921 11355 INFO     [tempest.lib.common.rest_client] Request (VolumesNegativeTest:test_attach_volumes_with_nonexistent_volume_id): 200 GET http://[LB_IP_ADDRESS]:5000/v3/roles 0.070s
2025-01-29 14:05:12,921 11355 DEBUG    [tempest.lib.common.rest_client] Request - Headers: {'Content-Type': 'application/json', 'Accept': 'application/json', 'X-Auth-Token': '<omitted>'}
        Body: None
    Response - Headers: {'date': 'Wed, 29 Jan 2025 14:05:12 GMT', 'server': 'Apache', 'content-length': '1222', 'vary': 'X-Auth-Token', 'x-openstack-request-id': 'req-872f9b99-a34b-4adc-973e-a7f494b4b1e0', 'connection': 'close', 'content-type': 'application/json', 'status': '200', 'content-location': 'http://[LB_IP_ADDRESS]:5000/v3/roles'}
        Body: b'{"roles": [{"id": "9b5414f302fc4fa5967a33a4a0a7af5f", "name": "reader", "domain_id": null, "description": null, "options": {"immutable": true}, "links": {"self": "http://[LB_IP_ADDRESS]:5000/v3/roles/9b5414f302fc4fa5967a33a4a0a7af5f"}
    }, {"id": "a862e0b380b14de0b58f51b66b64eda5", "name": "service", "domain_id": null, "description": null, "options": {"immutable": true}, "links": {"self": "http://[LB_IP_ADDRESS]:5000/v3/roles/a862e0b380b14de0b58f51b66b64eda5"}}, {"id": "b03f5fd51d9941bd9cdd7bd39e2a7c04", "name": "manager", "domain_id": null, "description": null, "options": {"immutable": true}, "links": {"self": "http://[LB_IP_ADDRESS]:5000/v3/roles/b03f5fd51d9941bd9cdd7bd39e2a7c04"}}, {"id": "b4b43a54a6b84614aa0118dc7f2219ff", "name": "admin", "domain_id": null, "description": null, "options": {"immutable": true}, "links": {"self": "http://[LB_IP_ADDRESS]:5000/v3/roles/b4b43a54a6b84614aa0118dc7f2219ff"}}, {"id": "d41a38c9832048abb6a9dfd4dbc74cfb", "name": "member", "domain_id": null, "description": null, "options": {"immutable": true}, "links": {"self": "http://[LB_IP_ADDRESS]:5000/v3/roles/d41a38c9832048abb6a9dfd4dbc74cfb"}}], "links": {"next": null, "self": "http://[LB_IP_ADDRESS]:5000/v3/roles", "previous": null}}\n'
2025-01-29 14:05:12,950 11355 INFO     [tempest.lib.common.rest_client] Request (VolumesNegativeTest:test_attach_volumes_with_nonexistent_volume_id): 204 PUT http://[LB_IP_ADDRESS]:5000/v3/projects/bcccd559a0ad4a5288b63f2b1602cb93/users/770f48af11ef4a49b2ae1ca6e8ae67f0/roles/b4b43a54a6b84614aa0118dc7f2219ff 0.028s
2025-01-29 14:05:12,951 11355 DEBUG    [tempest.lib.common.rest_client] Request - Headers: {'Content-Type': 'application/json', 'Accept': 'application/json', 'X-Auth-Token': '<omitted>'}
        Body: None
    Response - Headers: {'date': 'Wed, 29 Jan 2025 14:05:12 GMT', 'server': 'Apache', 'vary': 'X-Auth-Token', 'x-openstack-request-id': 'req-c7e9007f-feea-4be3-8e7e-14d7adb210ed', 'connection': 'close', 'status': '204', 'content-location': 'http://[LB_IP_ADDRESS]:5000/v3/projects/bcccd559a0ad4a5288b63f2b1602cb93/users/770f48af11ef4a49b2ae1ca6e8ae67f0/roles/b4b43a54a6b84614aa0118dc7f2219ff'}
        Body: b''
2025-01-29 14:05:12,951 11355 INFO     [tempest.lib.common.dynamic_creds] Dynamic test user 770f48af11ef4a49b2ae1ca6e8ae67f0 is created with scope project and roles: ['admin', 'admin']
2025-01-29 14:05:12,951 11355 INFO     [tempest.lib.common.dynamic_creds] Acquired dynamic creds:
 credentials: Credentials: {'domain_id': 'default', 'domain_name': 'Default', 'username': 'tempest-VolumesNegativeTest-738107591-project-admin', 'project_domain_id': 'default', 'project_domain_name': 'Default', 'project_id': 'bcccd559a0ad4a5288b63f2b1602cb93', 'project_name': 'tempest-VolumesNegativeTest-738107591', 'tenant_id': 'bcccd559a0ad4a5288b63f2b1602cb93', 'tenant_name': 'tempest-VolumesNegativeTest-738107591', 'user_domain_id': 'default', 'user_domain_name': 'Default', 'user_id': '770f48af11ef4a49b2ae1ca6e8ae67f0', 'system': None}, Network: None, Subnet: None, Router: None
2025-01-29 14:05:12,957 11355 INFO     [tempest.lib.common.fixed_network] (VolumesNegativeTest:test_attach_volumes_with_nonexistent_volume_id) Found network None available for tenant
2025-01-29 14:05:13,136 11355 INFO     [tempest.lib.common.rest_client] Request (VolumesNegativeTest:test_attach_volumes_with_nonexistent_volume_id): 202 POST http://[LB_IP_ADDRESS]:8774/v2.1/servers 0.177s
2025-01-29 14:05:13,136 11355 DEBUG    [tempest.lib.common.rest_client] Request - Headers: {'Content-Type': 'application/json', 'Accept': 'application/json', 'X-Auth-Token': '<omitted>'}
        Body: {"server": {"name": "tempest-VolumesNegativeTest-instance-1667102677", "imageRef": "b80cfd70-6556-4c17-aed0-61058bd55e62", "flavorRef": "0"}}
    Response - Headers: {'date': 'Wed, 29 Jan 2025 14:05:12 GMT', 'server': 'Apache/2.4.52 (Ubuntu)', 'content-length': '378', 'location': 'http://[LB_IP_ADDRESS]:8774/v2.1/servers/6d13f093-54d8-42a9-824b-d3cf14cdc3f6', 'openstack-api-version': 'compute 2.1', 'x-openstack-nova-api-version': '2.1', 'vary': 'OpenStack-API-Version,X-OpenStack-Nova-API-Version', 'x-openstack-request-id': 'req-1524fdcf-e6c6-4e46-944c-23d352481ab9', 'x-compute-request-id': 'req-1524fdcf-e6c6-4e46-944c-23d352481ab9', 'connection': 'close', 'content-type': 'application/json', 'status': '202
    ', 'content-location': 'http://[LB_IP_ADDRESS]:8774/v2.1/servers'}
        Body: b'{"server": {"id": "6d13f093-54d8-42a9-824b-d3cf14cdc3f6", "links": [{"rel": "self", "href": "http://[LB_IP_ADDRESS]:8774/v2.1/servers/6d13f093-54d8-42a9-824b-d3cf14cdc3f6"}, {"rel": "bookmark", "href": "http://[LB_IP_ADDRESS]:8774/servers/6d13f093-54d8-42a9-824b-d3cf14cdc3f6"}], "OS-DCF:diskConfig": "MANUAL", "security_groups": [{"name": "default"}], "adminPass": "ivpXowcMB94i"}}'
2025-01-29 14:05:13,215 11355 INFO     [tempest.lib.common.rest_client] Request (VolumesNegativeTest:test_attach_volumes_with_nonexistent_volume_id): 200 GET http://[LB_IP_ADDRESS]:8774/v2.1/servers/6d13f093-54d8-42a9-824b-d3cf14cdc3f6 0.076s
2025-01-29 14:05:13,216 11355 DEBUG    [tempest.lib.common.rest_client] Request - Headers: {'Content-Type': 'application/json', 'Accept': 'application/json', 'X-Auth-Token': '<omitted>'}
        Body: None
    Response - Headers: {'date': 'Wed, 29 Jan 2025 14:05:13 GMT', 'server': 'Apache/2.4.52 (Ubuntu)', 'content-length': '1319', 'openstack-api-version': 'compute 2.1', 'x-openstack-nova-api-version': '2.1', 'vary': 'OpenStack-API-Version,X-OpenStack-Nova-API-Version', 'x-openstack-request-id': 'req-22b3302d-0a9d-4d27-ac11-165acd6ef45e', 'x-compute-request-id': 'req-22b3302d-0a9d-4d27-ac11-165acd6ef45e', 'connection': 'close', 'content-type': 'application/json', 'status': '200', 'content-location': 'http://[LB_IP_ADDRESS]:8774/v2.1/servers/6d13f093-54d8-42a9-824b-d3cf14cdc3f6'}
        Body: b'{"server": {"id": "6d13f093-54d8-42a9-824b-d3cf14cdc3f6", "name": "tempest-VolumesNegativeTest-instance-1667102677", "status": "BUILD", "tenant_id": "e34c50f909b14259bef02f5de853a575", "user_id": "77629d5c7d0d4ac8890398832f3cb7a2", "metadata": {}, "hostId": "", "image": {"id": "b80cfd70-6556-4c17-aed0-61058bd55e62", "links": [{"rel": "bookmark", "href": "http://[LB_IP_ADDRESS]:8774/images/b80cfd70-6556-4c17-aed0-61058bd55e62"}]}, "flavor": {"id": "0", "links": [{"rel": "bookmark", "href": "http://[LB_IP_ADDRESS]:8774/flavors/0"}]}, "created": "2025-01-29T14:05:13Z", "updated": "2025-01-29T14:05:13Z", "addresses": {}, "accessIPv4": "", "accessIPv6": "", "links": [{"rel": "self", "href": "http://[LB_IP_ADDRESS]:8774/v2.1/servers/6d13f093-54d8-42a9-824b-d3cf14cdc3f6"}, {"rel": "bookmark", "href": "http://[LB_IP_ADDRESS]:8774/servers/6d13f093-54d8-42a9-824b-d3cf14cdc3f6"}], "OS-DCF:diskConfig": "MANUAL", "progress": 0, "OS-EXT-AZ:availability_zone": "", "config_drive": "", "key_name": null, "OS-SRV-USG:launched_at": null, "OS-SRV-USG:terminated_at": null, "OS-EXT-SRV-ATTR:host": null, "OS-EXT-SRV-ATTR:instance_name": "", "OS-EXT-SRV-ATTR:hypervisor_hostname": null, "OS-EXT-STS:task_state": "scheduling", "OS-EXT-STS:vm_state": "building", "OS-EXT-STS:power_state": 0, "os-extended-volumes:volumes_attached": []}}'
2025-01-29 14:05:14,315 11355 INFO     [tempest.lib.common.rest_client] Request (VolumesNegativeTest:test_attach_volumes_with_nonexistent_volume_id): 200 GET http://[LB_IP_ADDRESS]:8774/v2.1/servers/6d13f093-54d8-42a9-824b-d3cf14cdc3f6 0.080s
2025-01-29 14:05:14,316 11355 DEBUG    [tempest.lib.common.rest_client] Request - Headers: {'Content-Type': 'application/json', 'Accept': 'application/json', 'X-Auth-Token': '<omitted>'}
        Body: None
    Response - Headers: {'date': 'Wed, 29 Jan 2025 14:05:14 GMT', 'server': 'Apache/2.4.52 (Ubuntu)', 'content-length': '1340', 'openstack-api-version': 'compute 2.1', 'x-openstack-nova-api-version': '2.1', 'vary': 'OpenStack-API-Version,X-OpenStack-Nova-API-Version', 'x-openstack-request-id': 'req-dc8da3ae-de4c-4a45-842f-35d4de97597a', 'x-compute-request-id': 'req-dc8da3ae-de4c-4a45-842f-35d4de97597a', 'connection': 'close', 'content-type': 'application/json', 'status': '200', 'content-location': 'http://[LB_IP_ADDRESS]:8774/v2.1/servers/6d13f093-54d8-42a9-824b-d3cf14cdc3f6'}
        Body: b'{"server": {"id": "6d13f093-54d8-42a9-824b-d3cf14cdc3f6", "name": "tempest-VolumesNegativeTest-instance-1667102677", "status": "BUILD", "tenant_id": "e34c50f909b14259bef02f5de853a575", "user_id": "77629d5c7d0d4ac8890398832f3
    cb7a2", "metadata": {}, "hostId": "", "image": {"id": "b80cfd70-6556-4c17-aed0-61058bd55e62", "links": [{"rel": "bookmark", "href": "http://[LB_IP_ADDRESS]:8774/images/b80cfd70-6556-4c17-aed0-61058bd55e62"}]}, "flavor": {"id": "0", "links": [{"rel": "bookmark", "href": "http://[LB_IP_ADDRESS]:8774/flavors/0"}]}, "created": "2025-01-29T14:05:13Z", "updated": "2025-01-29T14:05:14Z", "addresses": {}, "accessIPv4": "", "accessIPv6": "", "links": [{"rel": "self", "href": "http://[LB_IP_ADDRESS]:8774/v2.1/servers/6d13f093-54d8-42a9-824b-d3cf14cdc3f6"}, {"rel": "bookmark", "href": "http://[LB_IP_ADDRESS]:8774/servers/6d13f093-54d8-42a9-824b-d3cf14cdc3f6"}], "OS-DCF:diskConfig": "MANUAL", "progress": 0, "OS-EXT-AZ:availability_zone": "nova", "config_drive": "", "key_name": null, "OS-SRV-USG:launched_at": null, "OS-SRV-USG:terminated_at": null, "OS-EXT-SRV-ATTR:host": null, "OS-EXT-SRV-ATTR:instance_name": "instance-00000016", "OS-EXT-SRV-ATTR:hypervisor_hostname": null, "OS-EXT-STS:task_state": "scheduling", "OS-EXT-STS:vm_state": "building", "OS-EXT-STS:power_state": 0, "os-extended-volumes:volumes_attached": []}}'
2025-01-29 14:05:15,423 11355 INFO     [tempest.lib.common.rest_client] Request (VolumesNegativeTest:test_attach_volumes_with_nonexistent_volume_id): 200 GET http://[LB_IP_ADDRESS]:8774/v2.1/servers/6d13f093-54d8-42a9-824b-d3cf14cdc3f6 0.088s
2025-01-29 14:05:15,423 11355 DEBUG    [tempest.lib.common.rest_client] Request - Headers: {'Content-Type': 'application/json', 'Accept': 'application/json', 'X-Auth-Token': '<omitted>'}
        Body: None
    Response - Headers: {'date': 'Wed, 29 Jan 2025 14:05:15 GMT', 'server': 'Apache/2.4.52 (Ubuntu)', 'content-length': '1332', 'openstack-api-version': 'compute 2.1', 'x-openstack-nova-api-version': '2.1', 'vary': 'OpenStack-API-Version,X-OpenStack-Nova-API-Version', 'x-openstack-request-id': 'req-ea919a0b-e9d2-4f47-ad2f-bc483bfb16d1', 'x-compute-request-id': 'req-ea919a0b-e9d2-4f47-ad2f-bc483bfb16d1', 'connection': 'close', 'content-type': 'application/json', 'status': '200', 'content-location': 'http://[LB_IP_ADDRESS]:8774/v2.1/servers/6d13f093-54d8-42a9-824b-d3cf14cdc3f6'}
        Body: b'{"server": {"id": "6d13f093-54d8-42a9-824b-d3cf14cdc3f6", "name": "tempest-VolumesNegativeTest-instance-1667102677", "status": "BUILD", "tenant_id": "e34c50f909b14259bef02f5de853a575", "user_id": "77629d5c7d0d4ac8890398832f3cb7a2", "metadata": {}, "hostId": "", "image": {"id": "b80cfd70-6556-4c17-aed0-61058bd55e62", "links": [{"rel": "bookmark", "href": "http://[LB_IP_ADDRESS]:8774/images/b80cfd70-6556-4c17-aed0-61058bd55e62"}]}, "flavor": {"id": "0", "links": [{"rel": "bookmark", "href": "http://[LB_IP_ADDRESS]:8774/flavors/0"}]}, "created": "2025-01-29T14:05:13Z", "updated": "2025-01-29T14:05:14Z", "addresses": {}, "accessIPv4": "", "accessIPv6": "", "links": [{"rel": "self", "href": "http://[LB_IP_ADDRESS]:8774/v2.1/servers/6d13f093-54d8-42a9-824b-d3cf14cdc3f6"}, {"rel": "bookmark", "href": "http://[LB_IP_ADDRESS]:8774/servers/6d13f093-54d8-42a9-824b-d3cf14cdc3f6"}], "OS-DCF:diskConfig": "MANUAL", "progress": 0, "OS-EXT-AZ:availability_zone": "nova", "config_drive": "", "key_name": null, "OS-SRV-USG:launched_at": null, "OS-SRV-USG:terminated_at": null, "OS-EXT-SRV-ATTR:host": null, "OS-EXT-SRV-ATTR:instance_name": "instance-00000016", "OS-EXT-SRV-ATTR:hypervisor_hostname": null, "OS-EXT-STS:task_state": null, "OS-EXT-STS:vm_state": "building", "OS-EXT-STS:power_state": 0, "os-extended-volumes:volumes_attached": []}}'
2025-01-29 14:05:15,441 11355 INFO     [tempest.common.waiters] State transition "BUILD/scheduling" ==> "BUILD/None" after 2 second wait
2025-01-29 14:05:16,515 11355 INFO     [tempest.lib.common.rest_client] Request (VolumesNegativeTest:test_attach_volumes_with_nonexistent_volume_id): 200 GET http://[LB_IP_ADDRESS]:8774/v2.1/servers/6d13f093-54d8-42a9-824b-d3cf14cdc3f6 0.073s
2025-01-29 14:05:16,516 11355 DEBUG    [tempest.lib.common.rest_client] Request - Headers: {'Content-Type': 'application/json', 'Accept': 'application/json', 'X-Auth-Token': '<omitted>'}
        Body: None
    Response - 
    Headers: {'date': 'Wed, 29 Jan 2025 14:05:16 GMT', 'server': 'Apache/2.4.52 (Ubuntu)', 'content-length': '1414', 'openstack-api-version': 'compute 2.1', 'x-openstack-nova-api-version': '2.1', 'vary': 'OpenStack-API-Version,X-OpenStack-Nova-API-Version', 'x-openstack-request-id': 'req-d1782ca1-2599-4896-8238-60d3d756989c', 'x-compute-request-id': 'req-d1782ca1-2599-4896-8238-60d3d756989c', 'connection': 'close', 'content-type': 'application/json', 'status': '200', 'content-location': 'http://[LB_IP_ADDRESS]:8774/v2.1/servers/6d13f093-54d8-42a9-824b-d3cf14cdc3f6'}
        Body: b'{"server": {"id": "6d13f093-54d8-42a9-824b-d3cf14cdc3f6", "name": "tempest-VolumesNegativeTest-instance-1667102677", "status": "BUILD", "tenant_id": "e34c50f909b14259bef02f5de853a575", "user_id": "77629d5c7d0d4ac8890398832f3cb7a2", "metadata": {}, "hostId": "0b4843a79345d82e9e87da81de514d284adbd26c4108307c643bdd28", "image": {"id": "b80cfd70-6556-4c17-aed0-61058bd55e62", "links": [{"rel": "bookmark", "href": "http://[LB_IP_ADDRESS]:8774/images/b80cfd70-6556-4c17-aed0-61058bd55e62"}]}, "flavor": {"id": "0", "links": [{"rel": "bookmark", "href": "http://[LB_IP_ADDRESS]:8774/flavors/0"}]}, "created": "2025-01-29T14:05:13Z", "updated": "2025-01-29T14:05:15Z", "addresses": {}, "accessIPv4": "", "accessIPv6": "", "links": [{"rel": "self", "href": "http://[LB_IP_ADDRESS]:8774/v2.1/servers/6d13f093-54d8-42a9-824b-d3cf14cdc3f6"}, {"rel": "bookmark", "href": "http://[LB_IP_ADDRESS]:8774/servers/6d13f093-54d8-42a9-824b-d3cf14cdc3f6"}], "OS-DCF:diskConfig": "MANUAL", "progress": 0, "OS-EXT-AZ:availability_zone": "nova", "config_drive": "", "key_name": null, "OS-SRV-USG:launched_at": null, "OS-SRV-USG:terminated_at": null, "OS-EXT-SRV-ATTR:host": "rack04-server60", "OS-EXT-SRV-ATTR:instance_name": "instance-00000016", "OS-EXT-SRV-ATTR:hypervisor_hostname": "rack04-server60", "OS-EXT-STS:task_state": null, "OS-EXT-STS:vm_state": "building", "OS-EXT-STS:power_state": 0, "os-extended-volumes:volumes_attached": []}}'
2025-01-29 14:05:17,613 11355 INFO     [tempest.lib.common.rest_client] Request (VolumesNegativeTest:test_attach_volumes_with_nonexistent_volume_id): 200 GET http://[LB_IP_ADDRESS]:8774/v2.1/servers/6d13f093-54d8-42a9-824b-d3cf14cdc3f6 0.078s
2025-01-29 14:05:17,613 11355 DEBUG    [tempest.lib.common.rest_client] Request - Headers: {'Content-Type': 'application/json', 'Accept': 'application/json', 'X-Auth-Token': '<omitted>'}
        Body: None
    Response - Headers: {'date': 'Wed, 29 Jan 2025 14:05:17 GMT', 'server': 'Apache/2.4.52 (Ubuntu)', 'content-length': '1414', 'openstack-api-version': 'compute 2.1', 'x-openstack-nova-api-version': '2.1', 'vary': 'OpenStack-API-Version,X-OpenStack-Nova-API-Version', 'x-openstack-request-id': 'req-fcfbaa97-1120-4687-b424-4296cdafdf73', 'x-compute-request-id': 'req-fcfbaa97-1120-4687-b424-4296cdafdf73', 'connection': 'close', 'content-type': 'application/json', 'status': '200', 'content-location': 'http://[LB_IP_ADDRESS]:8774/v2.1/servers/6d13f093-54d8-42a9-824b-d3cf14cdc3f6'}
        Body: b'{"server": {"id": "6d13f093-54d8-42a9-824b-d3cf14cdc3f6", "name": "tempest-VolumesNegativeTest-instance-1667102677", "status": "BUILD", "tenant_id": "e34c50f909b14259bef02f5de853a575", "user_id": "77629d5c7d0d4ac8890398832f3cb7a2", "metadata": {}, "hostId": "0b4843a79345d82e9e87da81de514d284adbd26c4108307c643bdd28", "image": {"id": "b80cfd70-6556-4c17-aed0-61058bd55e62", "links": [{"rel": "bookmark", "href": "http://[LB_IP_ADDRESS]:8774/images/b80cfd70-6556-4c17-aed0-61058bd55e62"}]}, "flavor": {"id": "0", "links": [{"rel": "bookmark", "href": "http://[LB_IP_ADDRESS]:8774/flavors/0"}]}, "created": "2025-01-29T14:05:13Z", "updated": "2025-01-29T14:05:15Z", "addresses": {}, "accessIPv4": "", "accessIPv6": "", "links": [{"rel": "self", "href": "http://[LB_IP_ADDRESS]:8774/v2.1/servers/6d13f093-54d8-42a9-824b-d3cf14cdc3f6"}, {"rel": "bookmark", "href": "http://[LB_IP_ADDRESS]:8774/servers/6d13f093-54d8-42a9-824b-d3cf14cdc3f6"}], "OS-DCF:diskConfig": "MANUAL", "progress": 0, "OS-EXT-AZ:availability_zone": "nova", "config_drive": "", "key_name": null
    , "OS-SRV-USG:launched_at": null, "OS-SRV-USG:terminated_at": null, "OS-EXT-SRV-ATTR:host": "rack04-server60", "OS-EXT-SRV-ATTR:instance_name": "instance-00000016", "OS-EXT-SRV-ATTR:hypervisor_hostname": "rack04-server60", "OS-EXT-STS:task_state": null, "OS-EXT-STS:vm_state": "building", "OS-EXT-STS:power_state": 0, "os-extended-volumes:volumes_attached": []}}'
2025-01-29 14:05:18,696 11355 INFO     [tempest.lib.common.rest_client] Request (VolumesNegativeTest:test_attach_volumes_with_nonexistent_volume_id): 200 GET http://[LB_IP_ADDRESS]:8774/v2.1/servers/6d13f093-54d8-42a9-824b-d3cf14cdc3f6 0.065s
2025-01-29 14:05:18,696 11355 DEBUG    [tempest.lib.common.rest_client] Request - Headers: {'Content-Type': 'application/json', 'Accept': 'application/json', 'X-Auth-Token': '<omitted>'}
        Body: None
    Response - Headers: {'date': 'Wed, 29 Jan 2025 14:05:18 GMT', 'server': 'Apache/2.4.52 (Ubuntu)', 'content-length': '1422', 'openstack-api-version': 'compute 2.1', 'x-openstack-nova-api-version': '2.1', 'vary': 'OpenStack-API-Version,X-OpenStack-Nova-API-Version', 'x-openstack-request-id': 'req-2c614566-ec3b-4e85-ae49-fbee02e2b9cb', 'x-compute-request-id': 'req-2c614566-ec3b-4e85-ae49-fbee02e2b9cb', 'connection': 'close', 'content-type': 'application/json', 'status': '200', 'content-location': 'http://[LB_IP_ADDRESS]:8774/v2.1/servers/6d13f093-54d8-42a9-824b-d3cf14cdc3f6'}
        Body: b'{"server": {"id": "6d13f093-54d8-42a9-824b-d3cf14cdc3f6", "name": "tempest-VolumesNegativeTest-instance-1667102677", "status": "BUILD", "tenant_id": "e34c50f909b14259bef02f5de853a575", "user_id": "77629d5c7d0d4ac8890398832f3cb7a2", "metadata": {}, "hostId": "0b4843a79345d82e9e87da81de514d284adbd26c4108307c643bdd28", "image": {"id": "b80cfd70-6556-4c17-aed0-61058bd55e62", "links": [{"rel": "bookmark", "href": "http://[LB_IP_ADDRESS]:8774/images/b80cfd70-6556-4c17-aed0-61058bd55e62"}]}, "flavor": {"id": "0", "links": [{"rel": "bookmark", "href": "http://[LB_IP_ADDRESS]:8774/flavors/0"}]}, "created": "2025-01-29T14:05:13Z", "updated": "2025-01-29T14:05:17Z", "addresses": {}, "accessIPv4": "", "accessIPv6": "", "links": [{"rel": "self", "href": "http://[LB_IP_ADDRESS]:8774/v2.1/servers/6d13f093-54d8-42a9-824b-d3cf14cdc3f6"}, {"rel": "bookmark", "href": "http://[LB_IP_ADDRESS]:8774/servers/6d13f093-54d8-42a9-824b-d3cf14cdc3f6"}], "OS-DCF:diskConfig": "MANUAL", "progress": 0, "OS-EXT-AZ:availability_zone": "nova", "config_drive": "", "key_name": null, "OS-SRV-USG:launched_at": null, "OS-SRV-USG:terminated_at": null, "OS-EXT-SRV-ATTR:host": "rack04-server60", "OS-EXT-SRV-ATTR:instance_name": "instance-00000016", "OS-EXT-SRV-ATTR:hypervisor_hostname": "rack04-server60", "OS-EXT-STS:task_state": "networking", "OS-EXT-STS:vm_state": "building", "OS-EXT-STS:power_state": 0, "os-extended-volumes:volumes_attached": []}}'
2025-01-29 14:05:18,713 11355 INFO     [tempest.common.waiters] State transition "BUILD/None" ==> "BUILD/networking" after 5 second wait
2025-01-29 14:05:19,788 11355 INFO     [tempest.lib.common.rest_client] Request (VolumesNegativeTest:test_attach_volumes_with_nonexistent_volume_id): 200 GET http://[LB_IP_ADDRESS]:8774/v2.1/servers/6d13f093-54d8-42a9-824b-d3cf14cdc3f6 0.073s
2025-01-29 14:05:19,789 11355 DEBUG    [tempest.lib.common.rest_client] Request - Headers: {'Content-Type': 'application/json', 'Accept': 'application/json', 'X-Auth-Token': '<omitted>'}
        Body: None
    Response - Headers: {'date': 'Wed, 29 Jan 2025 14:05:19 GMT', 'server': 'Apache/2.4.52 (Ubuntu)', 'content-length': '1420', 'openstack-api-version': 'compute 2.1', 'x-openstack-nova-api-version': '2.1', 'vary': 'OpenStack-API-Version,X-OpenStack-Nova-API-Version', 'x-openstack-request-id': 'req-4e2a651f-f418-4012-b4e5-4b8d4f4685ef', 'x-compute-request-id': 'req-4e2a651f-f418-4012-b4e5-4b8d4f4685ef', 'connection': 'close', 'content-type': 'application/json', 'status': '200', 'content-location': 'http://[LB_IP_ADDRESS]:8774/v2.1/servers/6d13f093-54d8-42a9-824b-d3cf14cdc3f6'}
        Body: b'{"server": {"id": "6d13f093-54d8-42a9-824b-d3cf14cdc3f6", "name": "tempest-Volume
    sNegativeTest-instance-1667102677", "status": "BUILD", "tenant_id": "e34c50f909b14259bef02f5de853a575", "user_id": "77629d5c7d0d4ac8890398832f3cb7a2", "metadata": {}, "hostId": "0b4843a79345d82e9e87da81de514d284adbd26c4108307c643bdd28", "image": {"id": "b80cfd70-6556-4c17-aed0-61058bd55e62", "links": [{"rel": "bookmark", "href": "http://[LB_IP_ADDRESS]:8774/images/b80cfd70-6556-4c17-aed0-61058bd55e62"}]}, "flavor": {"id": "0", "links": [{"rel": "bookmark", "href": "http://[LB_IP_ADDRESS]:8774/flavors/0"}]}, "created": "2025-01-29T14:05:13Z", "updated": "2025-01-29T14:05:19Z", "addresses": {}, "accessIPv4": "", "accessIPv6": "", "links": [{"rel": "self", "href": "http://[LB_IP_ADDRESS]:8774/v2.1/servers/6d13f093-54d8-42a9-824b-d3cf14cdc3f6"}, {"rel": "bookmark", "href": "http://[LB_IP_ADDRESS]:8774/servers/6d13f093-54d8-42a9-824b-d3cf14cdc3f6"}], "OS-DCF:diskConfig": "MANUAL", "progress": 0, "OS-EXT-AZ:availability_zone": "nova", "config_drive": "", "key_name": null, "OS-SRV-USG:launched_at": null, "OS-SRV-USG:terminated_at": null, "OS-EXT-SRV-ATTR:host": "rack04-server60", "OS-EXT-SRV-ATTR:instance_name": "instance-00000016", "OS-EXT-SRV-ATTR:hypervisor_hostname": "rack04-server60", "OS-EXT-STS:task_state": "spawning", "OS-EXT-STS:vm_state": "building", "OS-EXT-STS:power_state": 0, "os-extended-volumes:volumes_attached": []}}'
2025-01-29 14:05:19,806 11355 INFO     [tempest.common.waiters] State transition "BUILD/networking" ==> "BUILD/spawning" after 6 second wait
2025-01-29 14:05:20,875 11355 INFO     [tempest.lib.common.rest_client] Request (VolumesNegativeTest:test_attach_volumes_with_nonexistent_volume_id): 200 GET http://[LB_IP_ADDRESS]:8774/v2.1/servers/6d13f093-54d8-42a9-824b-d3cf14cdc3f6 0.067s
2025-01-29 14:05:20,875 11355 DEBUG    [tempest.lib.common.rest_client] Request - Headers: {'Content-Type': 'application/json', 'Accept': 'application/json', 'X-Auth-Token': '<omitted>'}
        Body: None
    Response - Headers: {'date': 'Wed, 29 Jan 2025 14:05:20 GMT', 'server': 'Apache/2.4.52 (Ubuntu)', 'content-length': '1420', 'openstack-api-version': 'compute 2.1', 'x-openstack-nova-api-version': '2.1', 'vary': 'OpenStack-API-Version,X-OpenStack-Nova-API-Version', 'x-openstack-request-id': 'req-2246ca4c-1df1-487b-8a43-752996372ddc', 'x-compute-request-id': 'req-2246ca4c-1df1-487b-8a43-752996372ddc', 'connection': 'close', 'content-type': 'application/json', 'status': '200', 'content-location': 'http://[LB_IP_ADDRESS]:8774/v2.1/servers/6d13f093-54d8-42a9-824b-d3cf14cdc3f6'}
        Body: b'{"server": {"id": "6d13f093-54d8-42a9-824b-d3cf14cdc3f6", "name": "tempest-VolumesNegativeTest-instance-1667102677", "status": "BUILD", "tenant_id": "e34c50f909b14259bef02f5de853a575", "user_id": "77629d5c7d0d4ac8890398832f3cb7a2", "metadata": {}, "hostId": "0b4843a79345d82e9e87da81de514d284adbd26c4108307c643bdd28", "image": {"id": "b80cfd70-6556-4c17-aed0-61058bd55e62", "links": [{"rel": "bookmark", "href": "http://[LB_IP_ADDRESS]:8774/images/b80cfd70-6556-4c17-aed0-61058bd55e62"}]}, "flavor": {"id": "0", "links": [{"rel": "bookmark", "href": "http://[LB_IP_ADDRESS]:8774/flavors/0"}]}, "created": "2025-01-29T14:05:13Z", "updated": "2025-01-29T14:05:19Z", "addresses": {}, "accessIPv4": "", "accessIPv6": "", "links": [{"rel": "self", "href": "http://[LB_IP_ADDRESS]:8774/v2.1/servers/6d13f093-54d8-42a9-824b-d3cf14cdc3f6"}, {"rel": "bookmark", "href": "http://[LB_IP_ADDRESS]:8774/servers/6d13f093-54d8-42a9-824b-d3cf14cdc3f6"}], "OS-DCF:diskConfig": "MANUAL", "progress": 0, "OS-EXT-AZ:availability_zone": "nova", "config_drive": "", "key_name": null, "OS-SRV-USG:launched_at": null, "OS-SRV-USG:terminated_at": null, "OS-EXT-SRV-ATTR:host": "rack04-server60", "OS-EXT-SRV-ATTR:instance_name": "instance-00000016", "OS-EXT-SRV-ATTR:hypervisor_hostname": "rack04-server60", "OS-EXT-STS:task_state": "spawning", "OS-EXT-STS:vm_state": "building", "OS-EXT-STS:power_state": 0, "os-extended-volumes:volumes_attached": []}}'
2025-01-29 14:05:21,962 11355 INFO     [tempest.lib.common.rest_client] Request (VolumesNegativeTest:test_attach_volumes_with_nonexistent_volume_id
    ): 200 GET http://[LB_IP_ADDRESS]:8774/v2.1/servers/6d13f093-54d8-42a9-824b-d3cf14cdc3f6 0.068s
2025-01-29 14:05:21,962 11355 DEBUG    [tempest.lib.common.rest_client] Request - Headers: {'Content-Type': 'application/json', 'Accept': 'application/json', 'X-Auth-Token': '<omitted>'}
        Body: None
    Response - Headers: {'date': 'Wed, 29 Jan 2025 14:05:21 GMT', 'server': 'Apache/2.4.52 (Ubuntu)', 'content-length': '1420', 'openstack-api-version': 'compute 2.1', 'x-openstack-nova-api-version': '2.1', 'vary': 'OpenStack-API-Version,X-OpenStack-Nova-API-Version', 'x-openstack-request-id': 'req-aa58b617-5a97-4ca9-afc5-172db1b0e299', 'x-compute-request-id': 'req-aa58b617-5a97-4ca9-afc5-172db1b0e299', 'connection': 'close', 'content-type': 'application/json', 'status': '200', 'content-location': 'http://[LB_IP_ADDRESS]:8774/v2.1/servers/6d13f093-54d8-42a9-824b-d3cf14cdc3f6'}
        Body: b'{"server": {"id": "6d13f093-54d8-42a9-824b-d3cf14cdc3f6", "name": "tempest-VolumesNegativeTest-instance-1667102677", "status": "BUILD", "tenant_id": "e34c50f909b14259bef02f5de853a575", "user_id": "77629d5c7d0d4ac8890398832f3cb7a2", "metadata": {}, "hostId": "0b4843a79345d82e9e87da81de514d284adbd26c4108307c643bdd28", "image": {"id": "b80cfd70-6556-4c17-aed0-61058bd55e62", "links": [{"rel": "bookmark", "href": "http://[LB_IP_ADDRESS]:8774/images/b80cfd70-6556-4c17-aed0-61058bd55e62"}]}, "flavor": {"id": "0", "links": [{"rel": "bookmark", "href": "http://[LB_IP_ADDRESS]:8774/flavors/0"}]}, "created": "2025-01-29T14:05:13Z", "updated": "2025-01-29T14:05:19Z", "addresses": {}, "accessIPv4": "", "accessIPv6": "", "links": [{"rel": "self", "href": "http://[LB_IP_ADDRESS]:8774/v2.1/servers/6d13f093-54d8-42a9-824b-d3cf14cdc3f6"}, {"rel": "bookmark", "href": "http://[LB_IP_ADDRESS]:8774/servers/6d13f093-54d8-42a9-824b-d3cf14cdc3f6"}], "OS-DCF:diskConfig": "MANUAL", "progress": 0, "OS-EXT-AZ:availability_zone": "nova", "config_drive": "", "key_name": null, "OS-SRV-USG:launched_at": null, "OS-SRV-USG:terminated_at": null, "OS-EXT-SRV-ATTR:host": "rack04-server60", "OS-EXT-SRV-ATTR:instance_name": "instance-00000016", "OS-EXT-SRV-ATTR:hypervisor_hostname": "rack04-server60", "OS-EXT-STS:task_state": "spawning", "OS-EXT-STS:vm_state": "building", "OS-EXT-STS:power_state": 0, "os-extended-volumes:volumes_attached": []}}'
2025-01-29 14:05:23,068 11355 INFO     [tempest.lib.common.rest_client] Request (VolumesNegativeTest:test_attach_volumes_with_nonexistent_volume_id): 200 GET http://[LB_IP_ADDRESS]:8774/v2.1/servers/6d13f093-54d8-42a9-824b-d3cf14cdc3f6 0.087s
2025-01-29 14:05:23,068 11355 DEBUG    [tempest.lib.common.rest_client] Request - Headers: {'Content-Type': 'application/json', 'Accept': 'application/json', 'X-Auth-Token': '<omitted>'}
        Body: None
    Response - Headers: {'date': 'Wed, 29 Jan 2025 14:05:22 GMT', 'server': 'Apache/2.4.52 (Ubuntu)', 'content-length': '1420', 'openstack-api-version': 'compute 2.1', 'x-openstack-nova-api-version': '2.1', 'vary': 'OpenStack-API-Version,X-OpenStack-Nova-API-Version', 'x-openstack-request-id': 'req-f9104303-bf94-4af4-a037-b8f3a1e00029', 'x-compute-request-id': 'req-f9104303-bf94-4af4-a037-b8f3a1e00029', 'connection': 'close', 'content-type': 'application/json', 'status': '200', 'content-location': 'http://[LB_IP_ADDRESS]:8774/v2.1/servers/6d13f093-54d8-42a9-824b-d3cf14cdc3f6'}
        Body: b'{"server": {"id": "6d13f093-54d8-42a9-824b-d3cf14cdc3f6", "name": "tempest-VolumesNegativeTest-instance-1667102677", "status": "BUILD", "tenant_id": "e34c50f909b14259bef02f5de853a575", "user_id": "77629d5c7d0d4ac8890398832f3cb7a2", "metadata": {}, "hostId": "0b4843a79345d82e9e87da81de514d284adbd26c4108307c643bdd28", "image": {"id": "b80cfd70-6556-4c17-aed0-61058bd55e62", "links": [{"rel": "bookmark", "href": "http://[LB_IP_ADDRESS]:8774/images/b80cfd70-6556-4c17-aed0-61058bd55e62"}]}, "flavor": {"id": "0", "links": [{"rel": "bookmark", "href": "http://[LB_IP_ADDRESS]:8774/flavors/0"}]}, "created": "2025-01-29T14:05:13Z", "updated": "2025-01-29T14:05:22Z", "addresses": {}, "accessIPv4": "", "accessIPv6": "", "links": [{"rel": 
    "self", "href": "http://[LB_IP_ADDRESS]:8774/v2.1/servers/6d13f093-54d8-42a9-824b-d3cf14cdc3f6"}, {"rel": "bookmark", "href": "http://[LB_IP_ADDRESS]:8774/servers/6d13f093-54d8-42a9-824b-d3cf14cdc3f6"}], "OS-DCF:diskConfig": "MANUAL", "progress": 0, "OS-EXT-AZ:availability_zone": "nova", "config_drive": "", "key_name": null, "OS-SRV-USG:launched_at": null, "OS-SRV-USG:terminated_at": null, "OS-EXT-SRV-ATTR:host": "rack04-server60", "OS-EXT-SRV-ATTR:instance_name": "instance-00000016", "OS-EXT-SRV-ATTR:hypervisor_hostname": "rack04-server60", "OS-EXT-STS:task_state": "spawning", "OS-EXT-STS:vm_state": "building", "OS-EXT-STS:power_state": 0, "os-extended-volumes:volumes_attached": []}}'
2025-01-29 14:05:24,159 11355 INFO     [tempest.lib.common.rest_client] Request (VolumesNegativeTest:test_attach_volumes_with_nonexistent_volume_id): 200 GET http://[LB_IP_ADDRESS]:8774/v2.1/servers/6d13f093-54d8-42a9-824b-d3cf14cdc3f6 0.072s
2025-01-29 14:05:24,159 11355 DEBUG    [tempest.lib.common.rest_client] Request - Headers: {'Content-Type': 'application/json', 'Accept': 'application/json', 'X-Auth-Token': '<omitted>'}
        Body: None
    Response - Headers: {'date': 'Wed, 29 Jan 2025 14:05:24 GMT', 'server': 'Apache/2.4.52 (Ubuntu)', 'content-length': '1338', 'openstack-api-version': 'compute 2.1', 'x-openstack-nova-api-version': '2.1', 'vary': 'OpenStack-API-Version,X-OpenStack-Nova-API-Version', 'x-openstack-request-id': 'req-3ced8ed3-5047-4ec9-ac48-741e0f2a4331', 'x-compute-request-id': 'req-3ced8ed3-5047-4ec9-ac48-741e0f2a4331', 'connection': 'close', 'content-type': 'application/json', 'status': '200', 'content-location': 'http://[LB_IP_ADDRESS]:8774/v2.1/servers/6d13f093-54d8-42a9-824b-d3cf14cdc3f6'}
        Body: b'{"server": {"id": "6d13f093-54d8-42a9-824b-d3cf14cdc3f6", "name": "tempest-VolumesNegativeTest-instance-1667102677", "status": "BUILD", "tenant_id": "e34c50f909b14259bef02f5de853a575", "user_id": "77629d5c7d0d4ac8890398832f3cb7a2", "metadata": {}, "hostId": "", "image": {"id": "b80cfd70-6556-4c17-aed0-61058bd55e62", "links": [{"rel": "bookmark", "href": "http://[LB_IP_ADDRESS]:8774/images/b80cfd70-6556-4c17-aed0-61058bd55e62"}]}, "flavor": {"id": "0", "links": [{"rel": "bookmark", "href": "http://[LB_IP_ADDRESS]:8774/flavors/0"}]}, "created": "2025-01-29T14:05:13Z", "updated": "2025-01-29T14:05:23Z", "addresses": {}, "accessIPv4": "", "accessIPv6": "", "links": [{"rel": "self", "href": "http://[LB_IP_ADDRESS]:8774/v2.1/servers/6d13f093-54d8-42a9-824b-d3cf14cdc3f6"}, {"rel": "bookmark", "href": "http://[LB_IP_ADDRESS]:8774/servers/6d13f093-54d8-42a9-824b-d3cf14cdc3f6"}], "OS-DCF:diskConfig": "MANUAL", "progress": 0, "OS-EXT-AZ:availability_zone": "nova", "config_drive": "", "key_name": null, "OS-SRV-USG:launched_at": null, "OS-SRV-USG:terminated_at": null, "OS-EXT-SRV-ATTR:host": null, "OS-EXT-SRV-ATTR:instance_name": "instance-00000016", "OS-EXT-SRV-ATTR:hypervisor_hostname": null, "OS-EXT-STS:task_state": "spawning", "OS-EXT-STS:vm_state": "building", "OS-EXT-STS:power_state": 0, "os-extended-volumes:volumes_attached": []}}'
2025-01-29 14:05:25,253 11355 INFO     [tempest.lib.common.rest_client] Request (VolumesNegativeTest:test_attach_volumes_with_nonexistent_volume_id): 200 GET http://[LB_IP_ADDRESS]:8774/v2.1/servers/6d13f093-54d8-42a9-824b-d3cf14cdc3f6 0.076s
2025-01-29 14:05:25,253 11355 DEBUG    [tempest.lib.common.rest_client] Request - Headers: {'Content-Type': 'application/json', 'Accept': 'application/json', 'X-Auth-Token': '<omitted>'}
        Body: None
    Response - Headers: {'date': 'Wed, 29 Jan 2025 14:05:25 GMT', 'server': 'Apache/2.4.52 (Ubuntu)', 'content-length': '1338', 'openstack-api-version': 'compute 2.1', 'x-openstack-nova-api-version': '2.1', 'vary': 'OpenStack-API-Version,X-OpenStack-Nova-API-Version', 'x-openstack-request-id': 'req-c1fee7cf-70e4-4b34-88c8-c19972ede851', 'x-compute-request-id': 'req-c1fee7cf-70e4-4b34-88c8-c19972ede851', 'connection': 'close', 'content-type': 'application/json', 'status': '200', 'content-location': 'http://[LB_IP_ADDRESS]:8774/v2.1/servers/6d13f093-54d8-42a9-824b-d3cf14
    cdc3f6'}
        Body: b'{"server": {"id": "6d13f093-54d8-42a9-824b-d3cf14cdc3f6", "name": "tempest-VolumesNegativeTest-instance-1667102677", "status": "BUILD", "tenant_id": "e34c50f909b14259bef02f5de853a575", "user_id": "77629d5c7d0d4ac8890398832f3cb7a2", "metadata": {}, "hostId": "", "image": {"id": "b80cfd70-6556-4c17-aed0-61058bd55e62", "links": [{"rel": "bookmark", "href": "http://[LB_IP_ADDRESS]:8774/images/b80cfd70-6556-4c17-aed0-61058bd55e62"}]}, "flavor": {"id": "0", "links": [{"rel": "bookmark", "href": "http://[LB_IP_ADDRESS]:8774/flavors/0"}]}, "created": "2025-01-29T14:05:13Z", "updated": "2025-01-29T14:05:23Z", "addresses": {}, "accessIPv4": "", "accessIPv6": "", "links": [{"rel": "self", "href": "http://[LB_IP_ADDRESS]:8774/v2.1/servers/6d13f093-54d8-42a9-824b-d3cf14cdc3f6"}, {"rel": "bookmark", "href": "http://[LB_IP_ADDRESS]:8774/servers/6d13f093-54d8-42a9-824b-d3cf14cdc3f6"}], "OS-DCF:diskConfig": "MANUAL", "progress": 0, "OS-EXT-AZ:availability_zone": "nova", "config_drive": "", "key_name": null, "OS-SRV-USG:launched_at": null, "OS-SRV-USG:terminated_at": null, "OS-EXT-SRV-ATTR:host": null, "OS-EXT-SRV-ATTR:instance_name": "instance-00000016", "OS-EXT-SRV-ATTR:hypervisor_hostname": null, "OS-EXT-STS:task_state": "spawning", "OS-EXT-STS:vm_state": "building", "OS-EXT-STS:power_state": 0, "os-extended-volumes:volumes_attached": []}}'
2025-01-29 14:05:26,339 11355 INFO     [tempest.lib.common.rest_client] Request (VolumesNegativeTest:test_attach_volumes_with_nonexistent_volume_id): 200 GET http://[LB_IP_ADDRESS]:8774/v2.1/servers/6d13f093-54d8-42a9-824b-d3cf14cdc3f6 0.067s
2025-01-29 14:05:26,340 11355 DEBUG    [tempest.lib.common.rest_client] Request - Headers: {'Content-Type': 'application/json', 'Accept': 'application/json', 'X-Auth-Token': '<omitted>'}
        Body: None
    Response - Headers: {'date': 'Wed, 29 Jan 2025 14:05:26 GMT', 'server': 'Apache/2.4.52 (Ubuntu)', 'content-length': '1338', 'openstack-api-version': 'compute 2.1', 'x-openstack-nova-api-version': '2.1', 'vary': 'OpenStack-API-Version,X-OpenStack-Nova-API-Version', 'x-openstack-request-id': 'req-7acd3731-4528-4f1e-abf2-9fb25cef3bb9', 'x-compute-request-id': 'req-7acd3731-4528-4f1e-abf2-9fb25cef3bb9', 'connection': 'close', 'content-type': 'application/json', 'status': '200', 'content-location': 'http://[LB_IP_ADDRESS]:8774/v2.1/servers/6d13f093-54d8-42a9-824b-d3cf14cdc3f6'}
        Body: b'{"server": {"id": "6d13f093-54d8-42a9-824b-d3cf14cdc3f6", "name": "tempest-VolumesNegativeTest-instance-1667102677", "status": "BUILD", "tenant_id": "e34c50f909b14259bef02f5de853a575", "user_id": "77629d5c7d0d4ac8890398832f3cb7a2", "metadata": {}, "hostId": "", "image": {"id": "b80cfd70-6556-4c17-aed0-61058bd55e62", "links": [{"rel": "bookmark", "href": "http://[LB_IP_ADDRESS]:8774/images/b80cfd70-6556-4c17-aed0-61058bd55e62"}]}, "flavor": {"id": "0", "links": [{"rel": "bookmark", "href": "http://[LB_IP_ADDRESS]:8774/flavors/0"}]}, "created": "2025-01-29T14:05:13Z", "updated": "2025-01-29T14:05:23Z", "addresses": {}, "accessIPv4": "", "accessIPv6": "", "links": [{"rel": "self", "href": "http://[LB_IP_ADDRESS]:8774/v2.1/servers/6d13f093-54d8-42a9-824b-d3cf14cdc3f6"}, {"rel": "bookmark", "href": "http://[LB_IP_ADDRESS]:8774/servers/6d13f093-54d8-42a9-824b-d3cf14cdc3f6"}], "OS-DCF:diskConfig": "MANUAL", "progress": 0, "OS-EXT-AZ:availability_zone": "nova", "config_drive": "", "key_name": null, "OS-SRV-USG:launched_at": null, "OS-SRV-USG:terminated_at": null, "OS-EXT-SRV-ATTR:host": null, "OS-EXT-SRV-ATTR:instance_name": "instance-00000016", "OS-EXT-SRV-ATTR:hypervisor_hostname": null, "OS-EXT-STS:task_state": "spawning", "OS-EXT-STS:vm_state": "building", "OS-EXT-STS:power_state": 0, "os-extended-volumes:volumes_attached": []}}'
2025-01-29 14:05:27,431 11355 INFO     [tempest.lib.common.rest_client] Request (VolumesNegativeTest:test_attach_volumes_with_nonexistent_volume_id): 200 GET http://[LB_IP_ADDRESS]:8774/v2.1/servers/6d13f093-54d8-42a9-824b-d3cf14cdc3f6 0.073s
2025-01-29 14:05:27,432 11355 DEBUG    [tempest.lib.common.rest_client] Request - Headers: {'Content-Type
    ': 'application/json', 'Accept': 'application/json', 'X-Auth-Token': '<omitted>'}
        Body: None
    Response - Headers: {'date': 'Wed, 29 Jan 2025 14:05:27 GMT', 'server': 'Apache/2.4.52 (Ubuntu)', 'content-length': '1338', 'openstack-api-version': 'compute 2.1', 'x-openstack-nova-api-version': '2.1', 'vary': 'OpenStack-API-Version,X-OpenStack-Nova-API-Version', 'x-openstack-request-id': 'req-1bc3b5d7-3c48-4aa0-89c6-bd52906d1a5d', 'x-compute-request-id': 'req-1bc3b5d7-3c48-4aa0-89c6-bd52906d1a5d', 'connection': 'close', 'content-type': 'application/json', 'status': '200', 'content-location': 'http://[LB_IP_ADDRESS]:8774/v2.1/servers/6d13f093-54d8-42a9-824b-d3cf14cdc3f6'}
        Body: b'{"server": {"id": "6d13f093-54d8-42a9-824b-d3cf14cdc3f6", "name": "tempest-VolumesNegativeTest-instance-1667102677", "status": "BUILD", "tenant_id": "e34c50f909b14259bef02f5de853a575", "user_id": "77629d5c7d0d4ac8890398832f3cb7a2", "metadata": {}, "hostId": "", "image": {"id": "b80cfd70-6556-4c17-aed0-61058bd55e62", "links": [{"rel": "bookmark", "href": "http://[LB_IP_ADDRESS]:8774/images/b80cfd70-6556-4c17-aed0-61058bd55e62"}]}, "flavor": {"id": "0", "links": [{"rel": "bookmark", "href": "http://[LB_IP_ADDRESS]:8774/flavors/0"}]}, "created": "2025-01-29T14:05:13Z", "updated": "2025-01-29T14:05:23Z", "addresses": {}, "accessIPv4": "", "accessIPv6": "", "links": [{"rel": "self", "href": "http://[LB_IP_ADDRESS]:8774/v2.1/servers/6d13f093-54d8-42a9-824b-d3cf14cdc3f6"}, {"rel": "bookmark", "href": "http://[LB_IP_ADDRESS]:8774/servers/6d13f093-54d8-42a9-824b-d3cf14cdc3f6"}], "OS-DCF:diskConfig": "MANUAL", "progress": 0, "OS-EXT-AZ:availability_zone": "nova", "config_drive": "", "key_name": null, "OS-SRV-USG:launched_at": null, "OS-SRV-USG:terminated_at": null, "OS-EXT-SRV-ATTR:host": null, "OS-EXT-SRV-ATTR:instance_name": "instance-00000016", "OS-EXT-SRV-ATTR:hypervisor_hostname": null, "OS-EXT-STS:task_state": "spawning", "OS-EXT-STS:vm_state": "building", "OS-EXT-STS:power_state": 0, "os-extended-volumes:volumes_attached": []}}'
2025-01-29 14:05:28,521 11355 INFO     [tempest.lib.common.rest_client] Request (VolumesNegativeTest:test_attach_volumes_with_nonexistent_volume_id): 200 GET http://[LB_IP_ADDRESS]:8774/v2.1/servers/6d13f093-54d8-42a9-824b-d3cf14cdc3f6 0.071s
2025-01-29 14:05:28,522 11355 DEBUG    [tempest.lib.common.rest_client] Request - Headers: {'Content-Type': 'application/json', 'Accept': 'application/json', 'X-Auth-Token': '<omitted>'}
        Body: None
    Response - Headers: {'date': 'Wed, 29 Jan 2025 14:05:28 GMT', 'server': 'Apache/2.4.52 (Ubuntu)', 'content-length': '1338', 'openstack-api-version': 'compute 2.1', 'x-openstack-nova-api-version': '2.1', 'vary': 'OpenStack-API-Version,X-OpenStack-Nova-API-Version', 'x-openstack-request-id': 'req-0efb999c-17db-4a53-9c11-513575e9f6d1', 'x-compute-request-id': 'req-0efb999c-17db-4a53-9c11-513575e9f6d1', 'connection': 'close', 'content-type': 'application/json', 'status': '200', 'content-location': 'http://[LB_IP_ADDRESS]:8774/v2.1/servers/6d13f093-54d8-42a9-824b-d3cf14cdc3f6'}
        Body: b'{"server": {"id": "6d13f093-54d8-42a9-824b-d3cf14cdc3f6", "name": "tempest-VolumesNegativeTest-instance-1667102677", "status": "BUILD", "tenant_id": "e34c50f909b14259bef02f5de853a575", "user_id": "77629d5c7d0d4ac8890398832f3cb7a2", "metadata": {}, "hostId": "", "image": {"id": "b80cfd70-6556-4c17-aed0-61058bd55e62", "links": [{"rel": "bookmark", "href": "http://[LB_IP_ADDRESS]:8774/images/b80cfd70-6556-4c17-aed0-61058bd55e62"}]}, "flavor": {"id": "0", "links": [{"rel": "bookmark", "href": "http://[LB_IP_ADDRESS]:8774/flavors/0"}]}, "created": "2025-01-29T14:05:13Z", "updated": "2025-01-29T14:05:27Z", "addresses": {}, "accessIPv4": "", "accessIPv6": "", "links": [{"rel": "self", "href": "http://[LB_IP_ADDRESS]:8774/v2.1/servers/6d13f093-54d8-42a9-824b-d3cf14cdc3f6"}, {"rel": "bookmark", "href": "http://[LB_IP_ADDRESS]:8774/servers/6d13f093-54d8-42a9-824b-d3cf14cdc3f6"}], "OS-DCF:diskConfig": "MANUAL", "progress": 0, "OS-EXT-AZ:availability_zone": "nova", "config_drive": "", "key_name": null, "OS-SRV-USG:la
    unched_at": null, "OS-SRV-USG:terminated_at": null, "OS-EXT-SRV-ATTR:host": null, "OS-EXT-SRV-ATTR:instance_name": "instance-00000016", "OS-EXT-SRV-ATTR:hypervisor_hostname": null, "OS-EXT-STS:task_state": "spawning", "OS-EXT-STS:vm_state": "building", "OS-EXT-STS:power_state": 0, "os-extended-volumes:volumes_attached": []}}'
2025-01-29 14:05:29,621 11355 INFO     [tempest.lib.common.rest_client] Request (VolumesNegativeTest:test_attach_volumes_with_nonexistent_volume_id): 200 GET http://[LB_IP_ADDRESS]:8774/v2.1/servers/6d13f093-54d8-42a9-824b-d3cf14cdc3f6 0.081s
2025-01-29 14:05:29,621 11355 DEBUG    [tempest.lib.common.rest_client] Request - Headers: {'Content-Type': 'application/json', 'Accept': 'application/json', 'X-Auth-Token': '<omitted>'}
        Body: None
    Response - Headers: {'date': 'Wed, 29 Jan 2025 14:05:29 GMT', 'server': 'Apache/2.4.52 (Ubuntu)', 'content-length': '4914', 'openstack-api-version': 'compute 2.1', 'x-openstack-nova-api-version': '2.1', 'vary': 'OpenStack-API-Version,X-OpenStack-Nova-API-Version', 'x-openstack-request-id': 'req-12fc7f6d-8e2e-4d4d-a062-9a2f407381ea', 'x-compute-request-id': 'req-12fc7f6d-8e2e-4d4d-a062-9a2f407381ea', 'connection': 'close', 'content-type': 'application/json', 'status': '200', 'content-location': 'http://[LB_IP_ADDRESS]:8774/v2.1/servers/6d13f093-54d8-42a9-824b-d3cf14cdc3f6'}
        Body: b'{"server": {"id": "6d13f093-54d8-42a9-824b-d3cf14cdc3f6", "name": "tempest-VolumesNegativeTest-instance-1667102677", "status": "ERROR", "tenant_id": "e34c50f909b14259bef02f5de853a575", "user_id": "77629d5c7d0d4ac8890398832f3cb7a2", "metadata": {}, "hostId": "", "image": {"id": "b80cfd70-6556-4c17-aed0-61058bd55e62", "links": [{"rel": "bookmark", "href": "http://[LB_IP_ADDRESS]:8774/images/b80cfd70-6556-4c17-aed0-61058bd55e62"}]}, "flavor": {"id": "0", "links": [{"rel": "bookmark", "href": "http://[LB_IP_ADDRESS]:8774/flavors/0"}]}, "created": "2025-01-29T14:05:13Z", "updated": "2025-01-29T14:05:28Z", "addresses": {}, "accessIPv4": "", "accessIPv6": "", "links": [{"rel": "self", "href": "http://[LB_IP_ADDRESS]:8774/v2.1/servers/6d13f093-54d8-42a9-824b-d3cf14cdc3f6"}, {"rel": "bookmark", "href": "http://[LB_IP_ADDRESS]:8774/servers/6d13f093-54d8-42a9-824b-d3cf14cdc3f6"}], "OS-DCF:diskConfig": "MANUAL", "fault": {"code": 500, "created": "2025-01-29T14:05:28Z", "message": "Build of instance 6d13f093-54d8-42a9-824b-d3cf14cdc3f6 aborted: Image b80cfd70-6556-4c17-aed0-61058bd55e62 is unacceptable: Image not in a supported format", "details": "Traceback (most recent call last):\\n  File \\"/var/lib/kolla/venv/lib/python3.10/site-packages/nova/virt/images.py\\", line 185, in do_image_deep_inspection\\n    inspector = get_image_format(path)\\n  File \\"/var/lib/kolla/venv/lib/python3.10/site-packages/nova/virt/images.py\\", line 151, in get_image_format\\n    if wrapper.formats:\\nAttributeError: \'InspectWrapper\' object has no attribute \'formats\'\\n\\nDuring handling of the above exception, another exception occurred:\\n\\nTraceback (most recent call last):\\n  File \\"/var/lib/kolla/venv/lib/python3.10/site-packages/nova/compute/manager.py\\", line 2648, in _build_and_run_instance\\n    self.driver.spawn(context, instance, image_meta,\\n  File \\"/var/lib/kolla/venv/lib/python3.10/site-packages/nova/virt/libvirt/driver.py\\", line 4791, in spawn\\n    created_instance_dir, created_disks = self._create_image(\\n  File \\"/var/lib/kolla/venv/lib/python3.10/site-packages/nova/virt/libvirt/driver.py\\", line 5202, in _create_image\\n    created_disks = self._create_and_inject_local_root(\\n  File \\"/var/lib/kolla/venv/lib/python3.10/site-packages/nova/virt/libvirt/driver.py\\", line 5331, in _create_and_inject_local_root\\n    self._try_fetch_image_cache(backend, fetch_func, context,\\n  File \\"/var/lib/kolla/venv/lib/python3.10/site-packages/nova/virt/libvirt/driver.py\\", line 11597, in _try_fetch_image_cache\\n    image.cache(fetch_func=fetch_func,\\n  File \\"/var/lib/kolla/venv/lib/python3.10/site-packages/nova/virt/libvirt/imagebackend.py\\", line 304, in cache\\n    self.create_imag
    e(\\n  File \\"/var/lib/kolla/venv/lib/python3.10/site-packages/nova/virt/libvirt/imagebackend.py\\", line 682, in create_image\\n    prepare_template(target=base, *args, **kwargs)\\n  File \\"/var/lib/kolla/venv/lib/python3.10/site-packages/oslo_concurrency/lockutils.py\\", line 412, in inner\\n    return f(*args, **kwargs)\\n  File \\"/var/lib/kolla/venv/lib/python3.10/site-packages/nova/virt/libvirt/imagebackend.py\\", line 301, in fetch_func_sync\\n    fetch_func(target=target, *args, **kwargs)\\n  File \\"/var/lib/kolla/venv/lib/python3.10/site-packages/nova/virt/libvirt/utils.py\\", line 495, in fetch_image\\n    images.fetch_to_raw(context, image_id, target, trusted_certs)\\n  File \\"/var/lib/kolla/venv/lib/python3.10/site-packages/nova/virt/images.py\\", line 235, in fetch_to_raw\\n    force_format = do_image_deep_inspection(img, image_href, path_tmp)\\n  File \\"/var/lib/kolla/venv/lib/python3.10/site-packages/nova/virt/images.py\\", line 216, in do_image_deep_inspection\\n    raise exception.ImageUnacceptable(\\nnova.exception.ImageUnacceptable: Image b80cfd70-6556-4c17-aed0-61058bd55e62 is unacceptable: Image not in a supported format\\n\\nDuring handling of the above exception, another exception occurred:\\n\\nTraceback (most recent call last):\\n  File \\"/var/lib/kolla/venv/lib/python3.10/site-packages/nova/compute/manager.py\\", line
2025-01-29 14:05:29,638 11355 INFO     [tempest.common.waiters] State transition "BUILD/spawning" ==> "ERROR/None" after 16 second wait
2025-01-29 14:05:30,290 11355 INFO     [tempest.lib.common.rest_client] Request (VolumesNegativeTest:test_attach_volumes_with_nonexistent_volume_id): 204 DELETE http://[LB_IP_ADDRESS]:8774/v2.1/servers/6d13f093-54d8-42a9-824b-d3cf14cdc3f6 0.651s
2025-01-29 14:05:30,291 11355 DEBUG    [tempest.lib.common.rest_client] Request - Headers: {'Content-Type': 'application/json', 'Accept': 'application/json', 'X-Auth-Token': '<omitted>'}
        Body: None
    Response - Headers: {'date': 'Wed, 29 Jan 2025 14:05:29 GMT', 'server': 'Apache/2.4.52 (Ubuntu)', 'openstack-api-version': 'compute 2.1', 'x-openstack-nova-api-version': '2.1', 'vary': 'OpenStack-API-Version,X-OpenStack-Nova-API-Version', 'x-openstack-request-id': 'req-0f07fc5c-5f73-427d-8b0c-82a4298af422', 'x-compute-request-id': 'req-0f07fc5c-5f73-427d-8b0c-82a4298af422', 'connection': 'close', 'status': '204', 'content-location': 'http://[LB_IP_ADDRESS]:8774/v2.1/servers/6d13f093-54d8-42a9-824b-d3cf14cdc3f6'}
        Body: b''
2025-01-29 14:05:30,319 11355 INFO     [tempest.lib.common.rest_client] Request (VolumesNegativeTest:test_attach_volumes_with_nonexistent_volume_id): 404 GET http://[LB_IP_ADDRESS]:8774/v2.1/servers/6d13f093-54d8-42a9-824b-d3cf14cdc3f6 0.027s
2025-01-29 14:05:30,319 11355 DEBUG    [tempest.lib.common.rest_client] Request - Headers: {'Content-Type': 'application/json', 'Accept': 'application/json', 'X-Auth-Token': '<omitted>'}
        Body: None
    Response - Headers: {'date': 'Wed, 29 Jan 2025 14:05:30 GMT', 'server': 'Apache/2.4.52 (Ubuntu)', 'content-length': '111', 'openstack-api-version': 'compute 2.1', 'x-openstack-nova-api-version': '2.1', 'vary': 'OpenStack-API-Version,X-OpenStack-Nova-API-Version', 'x-openstack-request-id': 'req-b8cbff3b-e779-42f6-a9f5-33ba6ddf8683', 'x-compute-request-id': 'req-b8cbff3b-e779-42f6-a9f5-33ba6ddf8683', 'connection': 'close', 'content-type': 'application/json; charset=UTF-8', 'status': '404', 'content-location': 'http://[LB_IP_ADDRESS]:8774/v2.1/servers/6d13f093-54d8-42a9-824b-d3cf14cdc3f6'}
        Body: b'{"itemNotFound": {"code": 404, "message": "Instance 6d13f093-54d8-42a9-824b-d3cf14cdc3f6 could not be found."}}'



======
Totals
======
Ran: 204 tests in 187.9455 sec.
 - Passed: 193
 - Skipped: 10
 - Expected Fail: 0
 - Unexpected Success: 0
 - Failed: 1
Sum of execute time for each test: 287.1943 sec.

==============
Worker Balance
==============
 - Worker 0 (54 tests) => 0:02:42.115589
 - Worker 1 (93 tests) => 0:03:07.945452
 - Worker 2 (57 tests) => 0:02:48.219943
