Build Started 22_01_2025_16_53_39
2025-01-22 16:53:49.361 25 ERROR cinder.service [-] Manager for service cinder-volume rack13-server67@LIGHTOSyilgqu is reporting problems, not sending heartbeat. Service will appear "down".
2025-01-22 16:53:50.915 7 INFO oslo_service.service [None req-2c338ea8-3c74-4fc5-99e3-a1e3f298072d - - - - - -] Caught SIGTERM, stopping children
2025-01-22 16:53:50.933 7 INFO oslo_service.service [None req-2c338ea8-3c74-4fc5-99e3-a1e3f298072d - - - - - -] Waiting on 1 children to exit
2025-01-22 16:53:53.894 25 WARNING amqp [None req-2c338ea8-3c74-4fc5-99e3-a1e3f298072d - - - - - -] Received method (60, 30) during closing channel 1. This method will be ignored
2025-01-22 16:53:53.902 25 WARNING amqp [None req-2c338ea8-3c74-4fc5-99e3-a1e3f298072d - - - - - -] Received method (60, 30) during closing channel 1. This method will be ignored
2025-01-22 16:53:53.909 25 WARNING amqp [None req-2c338ea8-3c74-4fc5-99e3-a1e3f298072d - - - - - -] Received method (60, 30) during closing channel 1. This method will be ignored
2025-01-22 16:53:53.921 7 INFO oslo_service.service [None req-2c338ea8-3c74-4fc5-99e3-a1e3f298072d - - - - - -] Child 25 exited with status 0
2025-01-22 16:54:09.366 7 INFO cinder.rpc [None req-7b6ba160-beff-41f0-8513-e4cefa84c2bb - - - - - -] Automatically selected cinder-scheduler objects version 1.39 as minimum service version.
2025-01-22 16:54:09.370 7 INFO cinder.rpc [None req-7b6ba160-beff-41f0-8513-e4cefa84c2bb - - - - - -] Automatically selected cinder-scheduler RPC version 3.12 as minimum service version.
2025-01-22 16:54:09.403 7 INFO cinder.volume.manager [None req-7b6ba160-beff-41f0-8513-e4cefa84c2bb - - - - - -] Determined volume DB was empty at startup.
2025-01-22 16:54:09.419 7 INFO cinder.volume.manager [None req-7b6ba160-beff-41f0-8513-e4cefa84c2bb - - - - - -] Image-volume cache disabled for host rack13-server67@LIGHTOSyilgqu.
2025-01-22 16:54:09.432 7 INFO oslo_service.service [None req-7b6ba160-beff-41f0-8513-e4cefa84c2bb - - - - - -] Starting 1 workers
2025-01-22 16:54:09.444 25 INFO cinder.service [-] Starting cinder-volume node (version 25.1.0)
2025-01-22 16:54:09.451 7 WARNING oslo_config.cfg [None req-7b6ba160-beff-41f0-8513-e4cefa84c2bb - - - - - -] Deprecated: Option "heartbeat_in_pthread" from group "oslo_messaging_rabbit" is deprecated for removal (The option is related to Eventlet which will be removed. In addition this has never worked as expected with services using eventlet for core service framework.).  Its value may be silently ignored in the future.
2025-01-22 16:54:09.462 25 INFO cinder.volume.manager [None req-6b805bf7-5cf5-4f04-afa1-f6ffc827706b - - - - - -] Starting volume driver LightOSVolumeDriver (2.3.12)
2025-01-22 16:54:09.462 25 INFO cinder.volume.drivers.lightos [None req-6b805bf7-5cf5-4f04-afa1-f6ffc827706b - - - - - -] Invoking get_cluster_info using GET url: /api/v2/clusterinfo             request.body: {} ssl_verify: False
2025-01-22 16:54:09.465 25 ERROR cinder.volume.drivers.lightos [None req-6b805bf7-5cf5-4f04-afa1-f6ffc827706b - - - - - -] REST server not responding at 'https://[LB_IP_ADDRESS]:443/api/v2/clusterinfo': requests.exceptions.ConnectionError: HTTPSConnectionPool(host='[LB_IP_ADDRESS]', port=443): Max retries exceeded with url: /api/v2/clusterinfo (Caused by NewConnectionError('<urllib3.connection.HTTPSConnection object at 0x7f06a7f99ff0>: Failed to establish a new connection: [Errno 111] ECONNREFUSED'))
2025-01-22 16:54:09.465 25 ERROR cinder.volume.drivers.lightos Traceback (most recent call last):
2025-01-22 16:54:09.465 25 ERROR cinder.volume.drivers.lightos   File "/var/lib/kolla/venv/lib/python3.10/site-packages/urllib3/connection.py", line 174, in _new_conn
2025-01-22 16:54:09.465 25 ERROR cinder.volume.drivers.lightos     conn = connection.create_connection(
2025-01-22 16:54:09.465 25 ERROR cinder.volume.drivers.lightos   File "/var/lib/kolla/venv/lib/python3.10/site-packages/urllib3/util/connection.py", line 95, in create_connection
2025-01-22 16:54:09.465 25 ERROR cinder.volume.drivers.lightos     raise err
2025-01-22 16:54:09.465 25 ERROR cinder.volume.drivers.lightos   File "/var/lib/kolla/venv/lib/python3.10/site-packages/urllib3/util/connection.py", line 85, in create_connection
2025-01-22 16:54:09.465 25 ERROR cinder.volume.drivers.lightos     sock.connect(sa)
2025-01-22 16:54:09.465 25 ERROR cinder.volume.drivers.lightos   File "/var/lib/kolla/venv/lib/python3.10/site-packages/eventlet/greenio/base.py", line 265, in connect
2025-01-22 16:54:09.465 25 ERROR cinder.volume.drivers.lightos     socket_checkerr(fd)
2025-01-22 16:54:09.465 25 ERROR cinder.volume.drivers.lightos   File "/var/lib/kolla/venv/lib/python3.10/site-packages/eventlet/greenio/base.py", line 50, in socket_checkerr
2025-01-22 16:54:09.465 25 ERROR cinder.volume.drivers.lightos     raise OSError(err, errno.errorcode[err])
2025-01-22 16:54:09.465 25 ERROR cinder.volume.drivers.lightos ConnectionRefusedError: [Errno 111] ECONNREFUSED
2025-01-22 16:54:09.465 25 ERROR cinder.volume.drivers.lightos 
2025-01-22 16:54:09.465 25 ERROR cinder.volume.drivers.lightos During handling of the above exception, another exception occurred:
2025-01-22 16:54:09.465 25 ERROR cinder.volume.drivers.lightos 
2025-01-22 16:54:09.465 25 ERROR cinder.volume.drivers.lightos Traceback (most recent call last):
2025-01-22 16:54:09.465 25 ERROR cinder.volume.drivers.lightos   File "/var/lib/kolla/venv/lib/python3.10/site-packages/urllib3/connectionpool.py", line 715, in urlopen
2025-01-22 16:54:09.465 25 ERROR cinder.volume.drivers.lightos     httplib_response = self._make_request(
2025-01-22 16:54:09.465 25 ERROR cinder.volume.drivers.lightos   File "/var/lib/kolla/venv/lib/python3.10/site-packages/urllib3/connectionpool.py", line 404, in _make_request
2025-01-22 16:54:09.465 25 ERROR cinder.volume.drivers.lightos     self._validate_conn(conn)
2025-01-22 16:54:09.465 25 ERROR cinder.volume.drivers.lightos   File "/var/lib/kolla/venv/lib/python3.10/site-packages/urllib3/connectionpool.py", line 1060, in _validate_conn
2025-01-22 16:54:09.465 25 ERROR cinder.volume.drivers.lightos     conn.connect()
2025-01-22 16:54:09.465 25 ERROR cinder.volume.drivers.lightos   File "/var/lib/kolla/venv/lib/python3.10/site-packages/urllib3/connection.py", line 363, in connect
2025-01-22 16:54:09.465 25 ERROR cinder.volume.drivers.lightos     self.sock = conn = self._new_conn()
2025-01-22 16:54:09.465 25 ERROR cinder.volume.drivers.lightos   File "/var/lib/kolla/venv/lib/python3.10/site-packages/urllib3/connection.py", line 186, in _new_conn
2025-01-22 16:54:09.465 25 ERROR cinder.volume.drivers.lightos     raise NewConnectionError(
2025-01-22 16:54:09.465 25 ERROR cinder.volume.drivers.lightos urllib3.exceptions.NewConnectionError: <urllib3.connection.HTTPSConnection object at 0x7f06a7f99ff0>: Failed to establish a new connection: [Errno 111] ECONNREFUSED
2025-01-22 16:54:09.465 25 ERROR cinder.volume.drivers.lightos 
2025-01-22 16:54:09.465 25 ERROR cinder.volume.drivers.lightos During handling of the above exception, another exception occurred:
2025-01-22 16:54:09.465 25 ERROR cinder.volume.drivers.lightos 
2025-01-22 16:54:09.465 25 ERROR cinder.volume.drivers.lightos Traceback (most recent call last):
2025-01-22 16:54:09.465 25 ERROR cinder.volume.drivers.lightos   File "/var/lib/kolla/venv/lib/python3.10/site-packages/requests/adapters.py", line 667, in send
2025-01-22 16:54:09.465 25 ERROR cinder.volume.drivers.lightos     resp = conn.urlopen(
2025-01-22 16:54:09.465 25 ERROR cinder.volume.drivers.lightos   File "/var/lib/kolla/venv/lib/python3.10/site-packages/urllib3/connectionpool.py", line 801, in urlopen
2025-01-22 16:54:09.465 25 ERROR cinder.volume.drivers.lightos     retries = retries.increment(
2025-01-22 16:54:09.465 25 ERROR cinder.volume.drivers.lightos   File "/var/lib/kolla/venv/lib/python3.10/site-packages/urllib3/util/retry.py", line 594, in increment
2025-01-22 16:54:09.465 25 ERROR cinder.volume.drivers.lightos     raise MaxRetryError(_pool, url, error or ResponseError(cause))
2025-01-22 16:54:09.465 25 ERROR cinder.volume.drivers.lightos urllib3.exceptions.MaxRetryError: HTTPSConnectionPool(host='[LB_IP_ADDRESS]', port=443): Max retries exceeded with url: /api/v2/clusterinfo (Caused by NewConnectionError('<urllib3.connection.HTTPSConnection object at 0x7f06a7f99ff0>: Failed to establish a new connection: [Errno 111] ECONNREFUSED'))
2025-01-22 16:54:09.465 25 ERROR cinder.volume.drivers.lightos 
2025-01-22 16:54:09.465 25 ERROR cinder.volume.drivers.lightos During handling of the above exception, another exception occurred:
2025-01-22 16:54:09.465 25 ERROR cinder.volume.drivers.lightos 
2025-01-22 16:54:09.465 25 ERROR cinder.volume.drivers.lightos Traceback (most recent call last):
2025-01-22 16:54:09.465 25 ERROR cinder.volume.drivers.lightos   File "/var/lib/kolla/venv/lib/python3.10/site-packages/cinder/volume/drivers/lightos.py", line 335, in __send_cmd
2025-01-22 16:54:09.465 25 ERROR cinder.volume.drivers.lightos     response = session.send(
2025-01-22 16:54:09.465 25 ERROR cinder.volume.drivers.lightos   File "/var/lib/kolla/venv/lib/python3.10/site-packages/requests/sessions.py", line 703, in send
2025-01-22 16:54:09.465 25 ERROR cinder.volume.drivers.lightos     r = adapter.send(request, **kwargs)
2025-01-22 16:54:09.465 25 ERROR cinder.volume.drivers.lightos   File "/var/lib/kolla/venv/lib/python3.10/site-packages/requests/adapters.py", line 700, in send
2025-01-22 16:54:09.465 25 ERROR cinder.volume.drivers.lightos     raise ConnectionError(e, request=request)
2025-01-22 16:54:09.465 25 ERROR cinder.volume.drivers.lightos requests.exceptions.ConnectionError: HTTPSConnectionPool(host='[LB_IP_ADDRESS]', port=443): Max retries exceeded with url: /api/v2/clusterinfo (Caused by NewConnectionError('<urllib3.connection.HTTPSConnection object at 0x7f06a7f99ff0>: Failed to establish a new connection: [Errno 111] ECONNREFUSED'))
2025-01-22 16:54:09.465 25 ERROR cinder.volume.drivers.lightos 
2025-01-22 16:54:09.467 25 INFO cinder.volume.drivers.lightos [None req-6b805bf7-5cf5-4f04-afa1-f6ffc827706b - - - - - -] Invoking get_cluster_info using GET url: /api/v2/clusterinfo             request.body: {} ssl_verify: False
2025-01-22 16:54:09.468 25 ERROR cinder.volume.drivers.lightos [None req-6b805bf7-5cf5-4f04-afa1-f6ffc827706b - - - - - -] REST server not responding at 'https://[LB_IP_ADDRESS]:443/api/v2/clusterinfo': requests.exceptions.ConnectionError: HTTPSConnectionPool(host='[LB_IP_ADDRESS]', port=443): Max retries exceeded with url: /api/v2/clusterinfo (Caused by NewConnectionError('<urllib3.connection.HTTPSConnection object at 0x7f06a7f00340>: Failed to establish a new connection: [Errno 111] ECONNREFUSED'))
2025-01-22 16:54:09.468 25 ERROR cinder.volume.drivers.lightos Traceback (most recent call last):
2025-01-22 16:54:09.468 25 ERROR cinder.volume.drivers.lightos   File "/var/lib/kolla/venv/lib/python3.10/site-packages/urllib3/connection.py", line 174, in _new_conn
2025-01-22 16:54:09.468 25 ERROR cinder.volume.drivers.lightos     conn = connection.create_connection(
2025-01-22 16:54:09.468 25 ERROR cinder.volume.drivers.lightos   File "/var/lib/kolla/venv/lib/python3.10/site-packages/urllib3/util/connection.py", line 95, in create_connection
2025-01-22 16:54:09.468 25 ERROR cinder.volume.drivers.lightos     raise err
2025-01-22 16:54:09.468 25 ERROR cinder.volume.drivers.lightos   File "/var/lib/kolla/venv/lib/python3.10/site-packages/urllib3/util/connection.py", line 85, in create_connection
2025-01-22 16:54:09.468 25 ERROR cinder.volume.drivers.lightos     sock.connect(sa)
2025-01-22 16:54:09.468 25 ERROR cinder.volume.drivers.lightos   File "/var/lib/kolla/venv/lib/python3.10/site-packages/eventlet/greenio/base.py", line 265, in connect
2025-01-22 16:54:09.468 25 ERROR cinder.volume.drivers.lightos     socket_checkerr(fd)
2025-01-22 16:54:09.468 25 ERROR cinder.volume.drivers.lightos   File "/var/lib/kolla/venv/lib/python3.10/site-packages/eventlet/greenio/base.py", line 50, in socket_checkerr
2025-01-22 16:54:09.468 25 ERROR cinder.volume.drivers.lightos     raise OSError(err, errno.errorcode[err])
2025-01-22 16:54:09.468 25 ERROR cinder.volume.drivers.lightos ConnectionRefusedError: [Errno 111] ECONNREFUSED
2025-01-22 16:54:09.468 25 ERROR cinder.volume.drivers.lightos 
2025-01-22 16:54:09.468 25 ERROR cinder.volume.drivers.lightos During handling of the above exception, another exception occurred:
2025-01-22 16:54:09.468 25 ERROR cinder.volume.drivers.lightos 
2025-01-22 16:54:09.468 25 ERROR cinder.volume.drivers.lightos Traceback (most recent call last):
2025-01-22 16:54:09.468 25 ERROR cinder.volume.drivers.lightos   File "/var/lib/kolla/venv/lib/python3.10/site-packages/urllib3/connectionpool.py", line 715, in urlopen
2025-01-22 16:54:09.468 25 ERROR cinder.volume.drivers.lightos     httplib_response = self._make_request(
2025-01-22 16:54:09.468 25 ERROR cinder.volume.drivers.lightos   File "/var/lib/kolla/venv/lib/python3.10/site-packages/urllib3/connectionpool.py", line 404, in _make_request
2025-01-22 16:54:09.468 25 ERROR cinder.volume.drivers.lightos     self._validate_conn(conn)
2025-01-22 16:54:09.468 25 ERROR cinder.volume.drivers.lightos   File "/var/lib/kolla/venv/lib/python3.10/site-packages/urllib3/connectionpool.py", line 1060, in _validate_conn
2025-01-22 16:54:09.468 25 ERROR cinder.volume.drivers.lightos     conn.connect()
2025-01-22 16:54:09.468 25 ERROR cinder.volume.drivers.lightos   File "/var/lib/kolla/venv/lib/python3.10/site-packages/urllib3/connection.py", line 363, in connect
2025-01-22 16:54:09.468 25 ERROR cinder.volume.drivers.lightos     self.sock = conn = self._new_conn()
2025-01-22 16:54:09.468 25 ERROR cinder.volume.drivers.lightos   File "/var/lib/kolla/venv/lib/python3.10/site-packages/urllib3/connection.py", line 186, in _new_conn
2025-01-22 16:54:09.468 25 ERROR cinder.volume.drivers.lightos     raise NewConnectionError(
2025-01-22 16:54:09.468 25 ERROR cinder.volume.drivers.lightos urllib3.exceptions.NewConnectionError: <urllib3.connection.HTTPSConnection object at 0x7f06a7f00340>: Failed to establish a new connection: [Errno 111] ECONNREFUSED
2025-01-22 16:54:09.468 25 ERROR cinder.volume.drivers.lightos 
2025-01-22 16:54:09.468 25 ERROR cinder.volume.drivers.lightos During handling of the above exception, another exception occurred:
2025-01-22 16:54:09.468 25 ERROR cinder.volume.drivers.lightos 
2025-01-22 16:54:09.468 25 ERROR cinder.volume.drivers.lightos Traceback (most recent call last):
2025-01-22 16:54:09.468 25 ERROR cinder.volume.drivers.lightos   File "/var/lib/kolla/venv/lib/python3.10/site-packages/requests/adapters.py", line 667, in send
2025-01-22 16:54:09.468 25 ERROR cinder.volume.drivers.lightos     resp = conn.urlopen(
2025-01-22 16:54:09.468 25 ERROR cinder.volume.drivers.lightos   File "/var/lib/kolla/venv/lib/python3.10/site-packages/urllib3/connectionpool.py", line 801, in urlopen
2025-01-22 16:54:09.468 25 ERROR cinder.volume.drivers.lightos     retries = retries.increment(
2025-01-22 16:54:09.468 25 ERROR cinder.volume.drivers.lightos   File "/var/lib/kolla/venv/lib/python3.10/site-packages/urllib3/util/retry.py", line 594, in increment
2025-01-22 16:54:09.468 25 ERROR cinder.volume.drivers.lightos     raise MaxRetryError(_pool, url, error or ResponseError(cause))
2025-01-22 16:54:09.468 25 ERROR cinder.volume.drivers.lightos urllib3.exceptions.MaxRetryError: HTTPSConnectionPool(host='[LB_IP_ADDRESS]', port=443): Max retries exceeded with url: /api/v2/clusterinfo (Caused by NewConnectionError('<urllib3.connection.HTTPSConnection object at 0x7f06a7f00340>: Failed to establish a new connection: [Errno 111] ECONNREFUSED'))
2025-01-22 16:54:09.468 25 ERROR cinder.volume.drivers.lightos 
2025-01-22 16:54:09.468 25 ERROR cinder.volume.drivers.lightos During handling of the above exception, another exception occurred:
2025-01-22 16:54:09.468 25 ERROR cinder.volume.drivers.lightos 
2025-01-22 16:54:09.468 25 ERROR cinder.volume.drivers.lightos Traceback (most recent call last):
2025-01-22 16:54:09.468 25 ERROR cinder.volume.drivers.lightos   File "/var/lib/kolla/venv/lib/python3.10/site-packages/cinder/volume/drivers/lightos.py", line 335, in __send_cmd
2025-01-22 16:54:09.468 25 ERROR cinder.volume.drivers.lightos     response = session.send(
2025-01-22 16:54:09.468 25 ERROR cinder.volume.drivers.lightos   File "/var/lib/kolla/venv/lib/python3.10/site-packages/requests/sessions.py", line 703, in send
2025-01-22 16:54:09.468 25 ERROR cinder.volume.drivers.lightos     r = adapter.send(request, **kwargs)
2025-01-22 16:54:09.468 25 ERROR cinder.volume.drivers.lightos   File "/var/lib/kolla/venv/lib/python3.10/site-packages/requests/adapters.py", line 700, in send
2025-01-22 16:54:09.468 25 ERROR cinder.volume.drivers.lightos     raise ConnectionError(e, request=request)
2025-01-22 16:54:09.468 25 ERROR cinder.volume.drivers.lightos requests.exceptions.ConnectionError: HTTPSConnectionPool(host='[LB_IP_ADDRESS]', port=443): Max retries exceeded with url: /api/v2/clusterinfo (Caused by NewConnectionError('<urllib3.connection.HTTPSConnection object at 0x7f06a7f00340>: Failed to establish a new connection: [Errno 111] ECONNREFUSED'))
2025-01-22 16:54:09.468 25 ERROR cinder.volume.drivers.lightos 
2025-01-22 16:54:09.468 25 INFO cinder.volume.drivers.lightos [None req-6b805bf7-5cf5-4f04-afa1-f6ffc827706b - - - - - -] Invoking get_cluster_info using GET url: /api/v2/clusterinfo             request.body: {} ssl_verify: False
2025-01-22 16:54:12.545 25 ERROR cinder.volume.drivers.lightos [None req-6b805bf7-5cf5-4f04-afa1-f6ffc827706b - - - - - -] REST server not responding at 'https://[LB_IP_ADDRESS]:443/api/v2/clusterinfo': requests.exceptions.ConnectionError: HTTPSConnectionPool(host='[LB_IP_ADDRESS]', port=443): Max retries exceeded with url: /api/v2/clusterinfo (Caused by NewConnectionError('<urllib3.connection.HTTPSConnection object at 0x7f06a7f00e20>: Failed to establish a new connection: [Errno 113] EHOSTUNREACH'))
2025-01-22 16:54:12.545 25 ERROR cinder.volume.drivers.lightos Traceback (most recent call last):
2025-01-22 16:54:12.545 25 ERROR cinder.volume.drivers.lightos   File "/var/lib/kolla/venv/lib/python3.10/site-packages/urllib3/connection.py", line 174, in _new_conn
2025-01-22 16:54:12.545 25 ERROR cinder.volume.drivers.lightos     conn = connection.create_connection(
2025-01-22 16:54:12.545 25 ERROR cinder.volume.drivers.lightos   File "/var/lib/kolla/venv/lib/python3.10/site-packages/urllib3/util/connection.py", line 95, in create_connection
2025-01-22 16:54:12.545 25 ERROR cinder.volume.drivers.lightos     raise err
2025-01-22 16:54:12.545 25 ERROR cinder.volume.drivers.lightos   File "/var/lib/kolla/venv/lib/python3.10/site-packages/urllib3/util/connection.py", line 85, in create_connection
2025-01-22 16:54:12.545 25 ERROR cinder.volume.drivers.lightos     sock.connect(sa)
2025-01-22 16:54:12.545 25 ERROR cinder.volume.drivers.lightos   File "/var/lib/kolla/venv/lib/python3.10/site-packages/eventlet/greenio/base.py", line 265, in connect
2025-01-22 16:54:12.545 25 ERROR cinder.volume.drivers.lightos     socket_checkerr(fd)
2025-01-22 16:54:12.545 25 ERROR cinder.volume.drivers.lightos   File "/var/lib/kolla/venv/lib/python3.10/site-packages/eventlet/greenio/base.py", line 50, in socket_checkerr
2025-01-22 16:54:12.545 25 ERROR cinder.volume.drivers.lightos     raise OSError(err, errno.errorcode[err])
2025-01-22 16:54:12.545 25 ERROR cinder.volume.drivers.lightos OSError: [Errno 113] EHOSTUNREACH
2025-01-22 16:54:12.545 25 ERROR cinder.volume.drivers.lightos 
2025-01-22 16:54:12.545 25 ERROR cinder.volume.drivers.lightos During handling of the above exception, another exception occurred:
2025-01-22 16:54:12.545 25 ERROR cinder.volume.drivers.lightos 
2025-01-22 16:54:12.545 25 ERROR cinder.volume.drivers.lightos Traceback (most recent call last):
2025-01-22 16:54:12.545 25 ERROR cinder.volume.drivers.lightos   File "/var/lib/kolla/venv/lib/python3.10/site-packages/urllib3/connectionpool.py", line 715, in urlopen
2025-01-22 16:54:12.545 25 ERROR cinder.volume.drivers.lightos     httplib_response = self._make_request(
2025-01-22 16:54:12.545 25 ERROR cinder.volume.drivers.lightos   File "/var/lib/kolla/venv/lib/python3.10/site-packages/urllib3/connectionpool.py", line 404, in _make_request
2025-01-22 16:54:12.545 25 ERROR cinder.volume.drivers.lightos     self._validate_conn(conn)
2025-01-22 16:54:12.545 25 ERROR cinder.volume.drivers.lightos   File "/var/lib/kolla/venv/lib/python3.10/site-packages/urllib3/connectionpool.py", line 1060, in _validate_conn
2025-01-22 16:54:12.545 25 ERROR cinder.volume.drivers.lightos     conn.connect()
2025-01-22 16:54:12.545 25 ERROR cinder.volume.drivers.lightos   File "/var/lib/kolla/venv/lib/python3.10/site-packages/urllib3/connection.py", line 363, in connect
2025-01-22 16:54:12.545 25 ERROR cinder.volume.drivers.lightos     self.sock = conn = self._new_conn()
2025-01-22 16:54:12.545 25 ERROR cinder.volume.drivers.lightos   File "/var/lib/kolla/venv/lib/python3.10/site-packages/urllib3/connection.py", line 186, in _new_conn
2025-01-22 16:54:12.545 25 ERROR cinder.volume.drivers.lightos     raise NewConnectionError(
2025-01-22 16:54:12.545 25 ERROR cinder.volume.drivers.lightos urllib3.exceptions.NewConnectionError: <urllib3.connection.HTTPSConnection object at 0x7f06a7f00e20>: Failed to establish a new connection: [Errno 113] EHOSTUNREACH
2025-01-22 16:54:12.545 25 ERROR cinder.volume.drivers.lightos 
2025-01-22 16:54:12.545 25 ERROR cinder.volume.drivers.lightos During handling of the above exception, another exception occurred:
2025-01-22 16:54:12.545 25 ERROR cinder.volume.drivers.lightos 
2025-01-22 16:54:12.545 25 ERROR cinder.volume.drivers.lightos Traceback (most recent call last):
2025-01-22 16:54:12.545 25 ERROR cinder.volume.drivers.lightos   File "/var/lib/kolla/venv/lib/python3.10/site-packages/requests/adapters.py", line 667, in send
2025-01-22 16:54:12.545 25 ERROR cinder.volume.drivers.lightos     resp = conn.urlopen(
2025-01-22 16:54:12.545 25 ERROR cinder.volume.drivers.lightos   File "/var/lib/kolla/venv/lib/python3.10/site-packages/urllib3/connectionpool.py", line 801, in urlopen
2025-01-22 16:54:12.545 25 ERROR cinder.volume.drivers.lightos     retries = retries.increment(
2025-01-22 16:54:12.545 25 ERROR cinder.volume.drivers.lightos   File "/var/lib/kolla/venv/lib/python3.10/site-packages/urllib3/util/retry.py", line 594, in increment
2025-01-22 16:54:12.545 25 ERROR cinder.volume.drivers.lightos     raise MaxRetryError(_pool, url, error or ResponseError(cause))
2025-01-22 16:54:12.545 25 ERROR cinder.volume.drivers.lightos urllib3.exceptions.MaxRetryError: HTTPSConnectionPool(host='[LB_IP_ADDRESS]', port=443): Max retries exceeded with url: /api/v2/clusterinfo (Caused by NewConnectionError('<urllib3.connection.HTTPSConnection object at 0x7f06a7f00e20>: Failed to establish a new connection: [Errno 113] EHOSTUNREACH'))
2025-01-22 16:54:12.545 25 ERROR cinder.volume.drivers.lightos 
2025-01-22 16:54:12.545 25 ERROR cinder.volume.drivers.lightos During handling of the above exception, another exception occurred:
2025-01-22 16:54:12.545 25 ERROR cinder.volume.drivers.lightos 
2025-01-22 16:54:12.545 25 ERROR cinder.volume.drivers.lightos Traceback (most recent call last):
2025-01-22 16:54:12.545 25 ERROR cinder.volume.drivers.lightos   File "/var/lib/kolla/venv/lib/python3.10/site-packages/cinder/volume/drivers/lightos.py", line 335, in __send_cmd
2025-01-22 16:54:12.545 25 ERROR cinder.volume.drivers.lightos     response = session.send(
2025-01-22 16:54:12.545 25 ERROR cinder.volume.drivers.lightos   File "/var/lib/kolla/venv/lib/python3.10/site-packages/requests/sessions.py", line 703, in send
2025-01-22 16:54:12.545 25 ERROR cinder.volume.drivers.lightos     r = adapter.send(request, **kwargs)
2025-01-22 16:54:12.545 25 ERROR cinder.volume.drivers.lightos   File "/var/lib/kolla/venv/lib/python3.10/site-packages/requests/adapters.py", line 700, in send
2025-01-22 16:54:12.545 25 ERROR cinder.volume.drivers.lightos     raise ConnectionError(e, request=request)
2025-01-22 16:54:12.545 25 ERROR cinder.volume.drivers.lightos requests.exceptions.ConnectionError: HTTPSConnectionPool(host='[LB_IP_ADDRESS]', port=443): Max retries exceeded with url: /api/v2/clusterinfo (Caused by NewConnectionError('<urllib3.connection.HTTPSConnection object at 0x7f06a7f00e20>: Failed to establish a new connection: [Errno 113] EHOSTUNREACH'))
2025-01-22 16:54:12.545 25 ERROR cinder.volume.drivers.lightos 
2025-01-22 16:54:12.548 25 ERROR cinder.volume.manager [None req-6b805bf7-5cf5-4f04-afa1-f6ffc827706b - - - - - -] Failed to initialize driver.: cinder.exception.VolumeDriverException: Volume driver reported an error: Could not get a response from any API server
2025-01-22 16:54:12.548 25 ERROR cinder.volume.manager Traceback (most recent call last):
2025-01-22 16:54:12.548 25 ERROR cinder.volume.manager   File "/var/lib/kolla/venv/lib/python3.10/site-packages/cinder/volume/manager.py", line 524, in _init_host
2025-01-22 16:54:12.548 25 ERROR cinder.volume.manager     self.driver.do_setup(ctxt)
2025-01-22 16:54:12.548 25 ERROR cinder.volume.manager   File "/var/lib/kolla/venv/lib/python3.10/site-packages/cinder/volume/drivers/lightos.py", line 897, in do_setup
2025-01-22 16:54:12.548 25 ERROR cinder.volume.manager     self.get_cluster_info()
2025-01-22 16:54:12.548 25 ERROR cinder.volume.manager   File "/var/lib/kolla/venv/lib/python3.10/site-packages/cinder/volume/drivers/lightos.py", line 848, in get_cluster_info
2025-01-22 16:54:12.548 25 ERROR cinder.volume.manager     status_code, cluster_info = self.cluster.send_cmd(
2025-01-22 16:54:12.548 25 ERROR cinder.volume.manager   File "/var/lib/kolla/venv/lib/python3.10/site-packages/cinder/volume/drivers/lightos.py", line 294, in send_cmd
2025-01-22 16:54:12.548 25 ERROR cinder.volume.manager     raise exception.VolumeDriverException(
2025-01-22 16:54:12.548 25 ERROR cinder.volume.manager cinder.exception.VolumeDriverException: Volume driver reported an error: Could not get a response from any API server
2025-01-22 16:54:12.548 25 ERROR cinder.volume.manager 
2025-01-22 16:54:13.553 25 INFO cinder.volume.manager [None req-6b805bf7-5cf5-4f04-afa1-f6ffc827706b - - - - - -] Starting volume driver LightOSVolumeDriver (2.3.12)
2025-01-22 16:54:13.554 25 INFO cinder.volume.drivers.lightos [None req-6b805bf7-5cf5-4f04-afa1-f6ffc827706b - - - - - -] Invoking get_cluster_info using GET url: /api/v2/clusterinfo             request.body: {} ssl_verify: False
2025-01-22 16:54:13.558 25 ERROR cinder.volume.drivers.lightos [None req-6b805bf7-5cf5-4f04-afa1-f6ffc827706b - - - - - -] REST server not responding at 'https://[LB_IP_ADDRESS]:443/api/v2/clusterinfo': requests.exceptions.ConnectionError: HTTPSConnectionPool(host='[LB_IP_ADDRESS]', port=443): Max retries exceeded with url: /api/v2/clusterinfo (Caused by NewConnectionError('<urllib3.connection.HTTPSConnection object at 0x7f06a7f9a080>: Failed to establish a new connection: [Errno 111] ECONNREFUSED'))
2025-01-22 16:54:13.558 25 ERROR cinder.volume.drivers.lightos Traceback (most recent call last):
2025-01-22 16:54:13.558 25 ERROR cinder.volume.drivers.lightos   File "/var/lib/kolla/venv/lib/python3.10/site-packages/urllib3/connection.py", line 174, in _new_conn
2025-01-22 16:54:13.558 25 ERROR cinder.volume.drivers.lightos     conn = connection.create_connection(
2025-01-22 16:54:13.558 25 ERROR cinder.volume.drivers.lightos   File "/var/lib/kolla/venv/lib/python3.10/site-packages/urllib3/util/connection.py", line 95, in create_connection
2025-01-22 16:54:13.558 25 ERROR cinder.volume.drivers.lightos     raise err
2025-01-22 16:54:13.558 25 ERROR cinder.volume.drivers.lightos   File "/var/lib/kolla/venv/lib/python3.10/site-packages/urllib3/util/connection.py", line 85, in create_connection
2025-01-22 16:54:13.558 25 ERROR cinder.volume.drivers.lightos     sock.connect(sa)
2025-01-22 16:54:13.558 25 ERROR cinder.volume.drivers.lightos   File "/var/lib/kolla/venv/lib/python3.10/site-packages/eventlet/greenio/base.py", line 265, in connect
2025-01-22 16:54:13.558 25 ERROR cinder.volume.drivers.lightos     socket_checkerr(fd)
2025-01-22 16:54:13.558 25 ERROR cinder.volume.drivers.lightos   File "/var/lib/kolla/venv/lib/python3.10/site-packages/eventlet/greenio/base.py", line 50, in socket_checkerr
2025-01-22 16:54:13.558 25 ERROR cinder.volume.drivers.lightos     raise OSError(err, errno.errorcode[err])
2025-01-22 16:54:13.558 25 ERROR cinder.volume.drivers.lightos ConnectionRefusedError: [Errno 111] ECONNREFUSED
2025-01-22 16:54:13.558 25 ERROR cinder.volume.drivers.lightos 
2025-01-22 16:54:13.558 25 ERROR cinder.volume.drivers.lightos During handling of the above exception, another exception occurred:
2025-01-22 16:54:13.558 25 ERROR cinder.volume.drivers.lightos 
2025-01-22 16:54:13.558 25 ERROR cinder.volume.drivers.lightos Traceback (most recent call last):
2025-01-22 16:54:13.558 25 ERROR cinder.volume.drivers.lightos   File "/var/lib/kolla/venv/lib/python3.10/site-packages/urllib3/connectionpool.py", line 715, in urlopen
2025-01-22 16:54:13.558 25 ERROR cinder.volume.drivers.lightos     httplib_response = self._make_request(
2025-01-22 16:54:13.558 25 ERROR cinder.volume.drivers.lightos   File "/var/lib/kolla/venv/lib/python3.10/site-packages/urllib3/connectionpool.py", line 404, in _make_request
2025-01-22 16:54:13.558 25 ERROR cinder.volume.drivers.lightos     self._validate_conn(conn)
2025-01-22 16:54:13.558 25 ERROR cinder.volume.drivers.lightos   File "/var/lib/kolla/venv/lib/python3.10/site-packages/urllib3/connectionpool.py", line 1060, in _validate_conn
2025-01-22 16:54:13.558 25 ERROR cinder.volume.drivers.lightos     conn.connect()
2025-01-22 16:54:13.558 25 ERROR cinder.volume.drivers.lightos   File "/var/lib/kolla/venv/lib/python3.10/site-packages/urllib3/connection.py", line 363, in connect
2025-01-22 16:54:13.558 25 ERROR cinder.volume.drivers.lightos     self.sock = conn = self._new_conn()
2025-01-22 16:54:13.558 25 ERROR cinder.volume.drivers.lightos   File "/var/lib/kolla/venv/lib/python3.10/site-packages/urllib3/connection.py", line 186, in _new_conn
2025-01-22 16:54:13.558 25 ERROR cinder.volume.drivers.lightos     raise NewConnectionError(
2025-01-22 16:54:13.558 25 ERROR cinder.volume.drivers.lightos urllib3.exceptions.NewConnectionError: <urllib3.connection.HTTPSConnection object at 0x7f06a7f9a080>: Failed to establish a new connection: [Errno 111] ECONNREFUSED
2025-01-22 16:54:13.558 25 ERROR cinder.volume.drivers.lightos 
2025-01-22 16:54:13.558 25 ERROR cinder.volume.drivers.lightos During handling of the above exception, another exception occurred:
2025-01-22 16:54:13.558 25 ERROR cinder.volume.drivers.lightos 
2025-01-22 16:54:13.558 25 ERROR cinder.volume.drivers.lightos Traceback (most recent call last):
2025-01-22 16:54:13.558 25 ERROR cinder.volume.drivers.lightos   File "/var/lib/kolla/venv/lib/python3.10/site-packages/requests/adapters.py", line 667, in send
2025-01-22 16:54:13.558 25 ERROR cinder.volume.drivers.lightos     resp = conn.urlopen(
2025-01-22 16:54:13.558 25 ERROR cinder.volume.drivers.lightos   File "/var/lib/kolla/venv/lib/python3.10/site-packages/urllib3/connectionpool.py", line 801, in urlopen
2025-01-22 16:54:13.558 25 ERROR cinder.volume.drivers.lightos     retries = retries.increment(
2025-01-22 16:54:13.558 25 ERROR cinder.volume.drivers.lightos   File "/var/lib/kolla/venv/lib/python3.10/site-packages/urllib3/util/retry.py", line 594, in increment
2025-01-22 16:54:13.558 25 ERROR cinder.volume.drivers.lightos     raise MaxRetryError(_pool, url, error or ResponseError(cause))
2025-01-22 16:54:13.558 25 ERROR cinder.volume.drivers.lightos urllib3.exceptions.MaxRetryError: HTTPSConnectionPool(host='[LB_IP_ADDRESS]', port=443): Max retries exceeded with url: /api/v2/clusterinfo (Caused by NewConnectionError('<urllib3.connection.HTTPSConnection object at 0x7f06a7f9a080>: Failed to establish a new connection: [Errno 111] ECONNREFUSED'))
2025-01-22 16:54:13.558 25 ERROR cinder.volume.drivers.lightos 
2025-01-22 16:54:13.558 25 ERROR cinder.volume.drivers.lightos During handling of the above exception, another exception occurred:
2025-01-22 16:54:13.558 25 ERROR cinder.volume.drivers.lightos 
2025-01-22 16:54:13.558 25 ERROR cinder.volume.drivers.lightos Traceback (most recent call last):
2025-01-22 16:54:13.558 25 ERROR cinder.volume.drivers.lightos   File "/var/lib/kolla/venv/lib/python3.10/site-packages/cinder/volume/drivers/lightos.py", line 335, in __send_cmd
2025-01-22 16:54:13.558 25 ERROR cinder.volume.drivers.lightos     response = session.send(
2025-01-22 16:54:13.558 25 ERROR cinder.volume.drivers.lightos   File "/var/lib/kolla/venv/lib/python3.10/site-packages/requests/sessions.py", line 703, in send
2025-01-22 16:54:13.558 25 ERROR cinder.volume.drivers.lightos     r = adapter.send(request, **kwargs)
2025-01-22 16:54:13.558 25 ERROR cinder.volume.drivers.lightos   File "/var/lib/kolla/venv/lib/python3.10/site-packages/requests/adapters.py", line 700, in send
2025-01-22 16:54:13.558 25 ERROR cinder.volume.drivers.lightos     raise ConnectionError(e, request=request)
2025-01-22 16:54:13.558 25 ERROR cinder.volume.drivers.lightos requests.exceptions.ConnectionError: HTTPSConnectionPool(host='[LB_IP_ADDRESS]', port=443): Max retries exceeded with url: /api/v2/clusterinfo (Caused by NewConnectionError('<urllib3.connection.HTTPSConnection object at 0x7f06a7f9a080>: Failed to establish a new connection: [Errno 111] ECONNREFUSED'))
2025-01-22 16:54:13.558 25 ERROR cinder.volume.drivers.lightos 
2025-01-22 16:54:13.560 25 INFO cinder.volume.drivers.lightos [None req-6b805bf7-5cf5-4f04-afa1-f6ffc827706b - - - - - -] Invoking get_cluster_info using GET url: /api/v2/clusterinfo             request.body: {} ssl_verify: False
2025-01-22 16:54:13.563 25 ERROR cinder.volume.drivers.lightos [None req-6b805bf7-5cf5-4f04-afa1-f6ffc827706b - - - - - -] REST server not responding at 'https://[LB_IP_ADDRESS]:443/api/v2/clusterinfo': requests.exceptions.ConnectionError: HTTPSConnectionPool(host='[LB_IP_ADDRESS]', port=443): Max retries exceeded with url: /api/v2/clusterinfo (Caused by NewConnectionError('<urllib3.connection.HTTPSConnection object at 0x7f06a7f9a650>: Failed to establish a new connection: [Errno 111] ECONNREFUSED'))
2025-01-22 16:54:13.563 25 ERROR cinder.volume.drivers.lightos Traceback (most recent call last):
2025-01-22 16:54:13.563 25 ERROR cinder.volume.drivers.lightos   File "/var/lib/kolla/venv/lib/python3.10/site-packages/urllib3/connection.py", line 174, in _new_conn
2025-01-22 16:54:13.563 25 ERROR cinder.volume.drivers.lightos     conn = connection.create_connection(
2025-01-22 16:54:13.563 25 ERROR cinder.volume.drivers.lightos   File "/var/lib/kolla/venv/lib/python3.10/site-packages/urllib3/util/connection.py", line 95, in create_connection
2025-01-22 16:54:13.563 25 ERROR cinder.volume.drivers.lightos     raise err
2025-01-22 16:54:13.563 25 ERROR cinder.volume.drivers.lightos   File "/var/lib/kolla/venv/lib/python3.10/site-packages/urllib3/util/connection.py", line 85, in create_connection
2025-01-22 16:54:13.563 25 ERROR cinder.volume.drivers.lightos     sock.connect(sa)
2025-01-22 16:54:13.563 25 ERROR cinder.volume.drivers.lightos   File "/var/lib/kolla/venv/lib/python3.10/site-packages/eventlet/greenio/base.py", line 265, in connect
2025-01-22 16:54:13.563 25 ERROR cinder.volume.drivers.lightos     socket_checkerr(fd)
2025-01-22 16:54:13.563 25 ERROR cinder.volume.drivers.lightos   File "/var/lib/kolla/venv/lib/python3.10/site-packages/eventlet/greenio/base.py", line 50, in socket_checkerr
2025-01-22 16:54:13.563 25 ERROR cinder.volume.drivers.lightos     raise OSError(err, errno.errorcode[err])
2025-01-22 16:54:13.563 25 ERROR cinder.volume.drivers.lightos ConnectionRefusedError: [Errno 111] ECONNREFUSED
2025-01-22 16:54:13.563 25 ERROR cinder.volume.drivers.lightos 
2025-01-22 16:54:13.563 25 ERROR cinder.volume.drivers.lightos During handling of the above exception, another exception occurred:
2025-01-22 16:54:13.563 25 ERROR cinder.volume.drivers.lightos 
2025-01-22 16:54:13.563 25 ERROR cinder.volume.drivers.lightos Traceback (most recent call last):
2025-01-22 16:54:13.563 25 ERROR cinder.volume.drivers.lightos   File "/var/lib/kolla/venv/lib/python3.10/site-packages/urllib3/connectionpool.py", line 715, in urlopen
2025-01-22 16:54:13.563 25 ERROR cinder.volume.drivers.lightos     httplib_response = self._make_request(
2025-01-22 16:54:13.563 25 ERROR cinder.volume.drivers.lightos   File "/var/lib/kolla/venv/lib/python3.10/site-packages/urllib3/connectionpool.py", line 404, in _make_request
2025-01-22 16:54:13.563 25 ERROR cinder.volume.drivers.lightos     self._validate_conn(conn)
2025-01-22 16:54:13.563 25 ERROR cinder.volume.drivers.lightos   File "/var/lib/kolla/venv/lib/python3.10/site-packages/urllib3/connectionpool.py", line 1060, in _validate_conn
2025-01-22 16:54:13.563 25 ERROR cinder.volume.drivers.lightos     conn.connect()
2025-01-22 16:54:13.563 25 ERROR cinder.volume.drivers.lightos   File "/var/lib/kolla/venv/lib/python3.10/site-packages/urllib3/connection.py", line 363, in connect
2025-01-22 16:54:13.563 25 ERROR cinder.volume.drivers.lightos     self.sock = conn = self._new_conn()
2025-01-22 16:54:13.563 25 ERROR cinder.volume.drivers.lightos   File "/var/lib/kolla/venv/lib/python3.10/site-packages/urllib3/connection.py", line 186, in _new_conn
2025-01-22 16:54:13.563 25 ERROR cinder.volume.drivers.lightos     raise NewConnectionError(
2025-01-22 16:54:13.563 25 ERROR cinder.volume.drivers.lightos urllib3.exceptions.NewConnectionError: <urllib3.connection.HTTPSConnection object at 0x7f06a7f9a650>: Failed to establish a new connection: [Errno 111] ECONNREFUSED
2025-01-22 16:54:13.563 25 ERROR cinder.volume.drivers.lightos 
2025-01-22 16:54:13.563 25 ERROR cinder.volume.drivers.lightos During handling of the above exception, another exception occurred:
2025-01-22 16:54:13.563 25 ERROR cinder.volume.drivers.lightos 
2025-01-22 16:54:13.563 25 ERROR cinder.volume.drivers.lightos Traceback (most recent call last):
2025-01-22 16:54:13.563 25 ERROR cinder.volume.drivers.lightos   File "/var/lib/kolla/venv/lib/python3.10/site-packages/requests/adapters.py", line 667, in send
2025-01-22 16:54:13.563 25 ERROR cinder.volume.drivers.lightos     resp = conn.urlopen(
2025-01-22 16:54:13.563 25 ERROR cinder.volume.drivers.lightos   File "/var/lib/kolla/venv/lib/python3.10/site-packages/urllib3/connectionpool.py", line 801, in urlopen
2025-01-22 16:54:13.563 25 ERROR cinder.volume.drivers.lightos     retries = retries.increment(
2025-01-22 16:54:13.563 25 ERROR cinder.volume.drivers.lightos   File "/var/lib/kolla/venv/lib/python3.10/site-packages/urllib3/util/retry.py", line 594, in increment
2025-01-22 16:54:13.563 25 ERROR cinder.volume.drivers.lightos     raise MaxRetryError(_pool, url, error or ResponseError(cause))
2025-01-22 16:54:13.563 25 ERROR cinder.volume.drivers.lightos urllib3.exceptions.MaxRetryError: HTTPSConnectionPool(host='[LB_IP_ADDRESS]', port=443): Max retries exceeded with url: /api/v2/clusterinfo (Caused by NewConnectionError('<urllib3.connection.HTTPSConnection object at 0x7f06a7f9a650>: Failed to establish a new connection: [Errno 111] ECONNREFUSED'))
2025-01-22 16:54:13.563 25 ERROR cinder.volume.drivers.lightos 
2025-01-22 16:54:13.563 25 ERROR cinder.volume.drivers.lightos During handling of the above exception, another exception occurred:
2025-01-22 16:54:13.563 25 ERROR cinder.volume.drivers.lightos 
2025-01-22 16:54:13.563 25 ERROR cinder.volume.drivers.lightos Traceback (most recent call last):
2025-01-22 16:54:13.563 25 ERROR cinder.volume.drivers.lightos   File "/var/lib/kolla/venv/lib/python3.10/site-packages/cinder/volume/drivers/lightos.py", line 335, in __send_cmd
2025-01-22 16:54:13.563 25 ERROR cinder.volume.drivers.lightos     response = session.send(
2025-01-22 16:54:13.563 25 ERROR cinder.volume.drivers.lightos   File "/var/lib/kolla/venv/lib/python3.10/site-packages/requests/sessions.py", line 703, in send
2025-01-22 16:54:13.563 25 ERROR cinder.volume.drivers.lightos     r = adapter.send(request, **kwargs)
2025-01-22 16:54:13.563 25 ERROR cinder.volume.drivers.lightos   File "/var/lib/kolla/venv/lib/python3.10/site-packages/requests/adapters.py", line 700, in send
2025-01-22 16:54:13.563 25 ERROR cinder.volume.drivers.lightos     raise ConnectionError(e, request=request)
2025-01-22 16:54:13.563 25 ERROR cinder.volume.drivers.lightos requests.exceptions.ConnectionError: HTTPSConnectionPool(host='[LB_IP_ADDRESS]', port=443): Max retries exceeded with url: /api/v2/clusterinfo (Caused by NewConnectionError('<urllib3.connection.HTTPSConnection object at 0x7f06a7f9a650>: Failed to establish a new connection: [Errno 111] ECONNREFUSED'))
2025-01-22 16:54:13.563 25 ERROR cinder.volume.drivers.lightos 
2025-01-22 16:54:13.565 25 INFO cinder.volume.drivers.lightos [None req-6b805bf7-5cf5-4f04-afa1-f6ffc827706b - - - - - -] Invoking get_cluster_info using GET url: /api/v2/clusterinfo             request.body: {} ssl_verify: False
2025-01-22 16:54:15.617 25 ERROR cinder.volume.drivers.lightos [None req-6b805bf7-5cf5-4f04-afa1-f6ffc827706b - - - - - -] REST server not responding at 'https://[LB_IP_ADDRESS]:443/api/v2/clusterinfo': requests.exceptions.ConnectionError: HTTPSConnectionPool(host='[LB_IP_ADDRESS]', port=443): Max retries exceeded with url: /api/v2/clusterinfo (Caused by NewConnectionError('<urllib3.connection.HTTPSConnection object at 0x7f06a7f00970>: Failed to establish a new connection: [Errno 113] EHOSTUNREACH'))
2025-01-22 16:54:15.617 25 ERROR cinder.volume.drivers.lightos Traceback (most recent call last):
2025-01-22 16:54:15.617 25 ERROR cinder.volume.drivers.lightos   File "/var/lib/kolla/venv/lib/python3.10/site-packages/urllib3/connection.py", line 174, in _new_conn
2025-01-22 16:54:15.617 25 ERROR cinder.volume.drivers.lightos     conn = connection.create_connection(
2025-01-22 16:54:15.617 25 ERROR cinder.volume.drivers.lightos   File "/var/lib/kolla/venv/lib/python3.10/site-packages/urllib3/util/connection.py", line 95, in create_connection
2025-01-22 16:54:15.617 25 ERROR cinder.volume.drivers.lightos     raise err
2025-01-22 16:54:15.617 25 ERROR cinder.volume.drivers.lightos   File "/var/lib/kolla/venv/lib/python3.10/site-packages/urllib3/util/connection.py", line 85, in create_connection
2025-01-22 16:54:15.617 25 ERROR cinder.volume.drivers.lightos     sock.connect(sa)
2025-01-22 16:54:15.617 25 ERROR cinder.volume.drivers.lightos   File "/var/lib/kolla/venv/lib/python3.10/site-packages/eventlet/greenio/base.py", line 265, in connect
2025-01-22 16:54:15.617 25 ERROR cinder.volume.drivers.lightos     socket_checkerr(fd)
2025-01-22 16:54:15.617 25 ERROR cinder.volume.drivers.lightos   File "/var/lib/kolla/venv/lib/python3.10/site-packages/eventlet/greenio/base.py", line 50, in socket_checkerr
2025-01-22 16:54:15.617 25 ERROR cinder.volume.drivers.lightos     raise OSError(err, errno.errorcode[err])
2025-01-22 16:54:15.617 25 ERROR cinder.volume.drivers.lightos OSError: [Errno 113] EHOSTUNREACH
2025-01-22 16:54:15.617 25 ERROR cinder.volume.drivers.lightos 
2025-01-22 16:54:15.617 25 ERROR cinder.volume.drivers.lightos During handling of the above exception, another exception occurred:
2025-01-22 16:54:15.617 25 ERROR cinder.volume.drivers.lightos 
2025-01-22 16:54:15.617 25 ERROR cinder.volume.drivers.lightos Traceback (most recent call last):
2025-01-22 16:54:15.617 25 ERROR cinder.volume.drivers.lightos   File "/var/lib/kolla/venv/lib/python3.10/site-packages/urllib3/connectionpool.py", line 715, in urlopen
2025-01-22 16:54:15.617 25 ERROR cinder.volume.drivers.lightos     httplib_response = self._make_request(
2025-01-22 16:54:15.617 25 ERROR cinder.volume.drivers.lightos   File "/var/lib/kolla/venv/lib/python3.10/site-packages/urllib3/connectionpool.py", line 404, in _make_request
2025-01-22 16:54:15.617 25 ERROR cinder.volume.drivers.lightos     self._validate_conn(conn)
2025-01-22 16:54:15.617 25 ERROR cinder.volume.drivers.lightos   File "/var/lib/kolla/venv/lib/python3.10/site-packages/urllib3/connectionpool.py", line 1060, in _validate_conn
2025-01-22 16:54:15.617 25 ERROR cinder.volume.drivers.lightos     conn.connect()
2025-01-22 16:54:15.617 25 ERROR cinder.volume.drivers.lightos   File "/var/lib/kolla/venv/lib/python3.10/site-packages/urllib3/connection.py", line 363, in connect
2025-01-22 16:54:15.617 25 ERROR cinder.volume.drivers.lightos     self.sock = conn = self._new_conn()
2025-01-22 16:54:15.617 25 ERROR cinder.volume.drivers.lightos   File "/var/lib/kolla/venv/lib/python3.10/site-packages/urllib3/connection.py", line 186, in _new_conn
2025-01-22 16:54:15.617 25 ERROR cinder.volume.drivers.lightos     raise NewConnectionError(
2025-01-22 16:54:15.617 25 ERROR cinder.volume.drivers.lightos urllib3.exceptions.NewConnectionError: <urllib3.connection.HTTPSConnection object at 0x7f06a7f00970>: Failed to establish a new connection: [Errno 113] EHOSTUNREACH
2025-01-22 16:54:15.617 25 ERROR cinder.volume.drivers.lightos 
2025-01-22 16:54:15.617 25 ERROR cinder.volume.drivers.lightos During handling of the above exception, another exception occurred:
2025-01-22 16:54:15.617 25 ERROR cinder.volume.drivers.lightos 
2025-01-22 16:54:15.617 25 ERROR cinder.volume.drivers.lightos Traceback (most recent call last):
2025-01-22 16:54:15.617 25 ERROR cinder.volume.drivers.lightos   File "/var/lib/kolla/venv/lib/python3.10/site-packages/requests/adapters.py", line 667, in send
2025-01-22 16:54:15.617 25 ERROR cinder.volume.drivers.lightos     resp = conn.urlopen(
2025-01-22 16:54:15.617 25 ERROR cinder.volume.drivers.lightos   File "/var/lib/kolla/venv/lib/python3.10/site-packages/urllib3/connectionpool.py", line 801, in urlopen
2025-01-22 16:54:15.617 25 ERROR cinder.volume.drivers.lightos     retries = retries.increment(
2025-01-22 16:54:15.617 25 ERROR cinder.volume.drivers.lightos   File "/var/lib/kolla/venv/lib/python3.10/site-packages/urllib3/util/retry.py", line 594, in increment
2025-01-22 16:54:15.617 25 ERROR cinder.volume.drivers.lightos     raise MaxRetryError(_pool, url, error or ResponseError(cause))
2025-01-22 16:54:15.617 25 ERROR cinder.volume.drivers.lightos urllib3.exceptions.MaxRetryError: HTTPSConnectionPool(host='[LB_IP_ADDRESS]', port=443): Max retries exceeded with url: /api/v2/clusterinfo (Caused by NewConnectionError('<urllib3.connection.HTTPSConnection object at 0x7f06a7f00970>: Failed to establish a new connection: [Errno 113] EHOSTUNREACH'))
2025-01-22 16:54:15.617 25 ERROR cinder.volume.drivers.lightos 
2025-01-22 16:54:15.617 25 ERROR cinder.volume.drivers.lightos During handling of the above exception, another exception occurred:
2025-01-22 16:54:15.617 25 ERROR cinder.volume.drivers.lightos 
2025-01-22 16:54:15.617 25 ERROR cinder.volume.drivers.lightos Traceback (most recent call last):
2025-01-22 16:54:15.617 25 ERROR cinder.volume.drivers.lightos   File "/var/lib/kolla/venv/lib/python3.10/site-packages/cinder/volume/drivers/lightos.py", line 335, in __send_cmd
2025-01-22 16:54:15.617 25 ERROR cinder.volume.drivers.lightos     response = session.send(
2025-01-22 16:54:15.617 25 ERROR cinder.volume.drivers.lightos   File "/var/lib/kolla/venv/lib/python3.10/site-packages/requests/sessions.py", line 703, in send
2025-01-22 16:54:15.617 25 ERROR cinder.volume.drivers.lightos     r = adapter.send(request, **kwargs)
2025-01-22 16:54:15.617 25 ERROR cinder.volume.drivers.lightos   File "/var/lib/kolla/venv/lib/python3.10/site-packages/requests/adapters.py", line 700, in send
2025-01-22 16:54:15.617 25 ERROR cinder.volume.drivers.lightos     raise ConnectionError(e, request=request)
2025-01-22 16:54:15.617 25 ERROR cinder.volume.drivers.lightos requests.exceptions.ConnectionError: HTTPSConnectionPool(host='[LB_IP_ADDRESS]', port=443): Max retries exceeded with url: /api/v2/clusterinfo (Caused by NewConnectionError('<urllib3.connection.HTTPSConnection object at 0x7f06a7f00970>: Failed to establish a new connection: [Errno 113] EHOSTUNREACH'))
2025-01-22 16:54:15.617 25 ERROR cinder.volume.drivers.lightos 
2025-01-22 16:54:15.620 25 ERROR cinder.volume.manager [None req-6b805bf7-5cf5-4f04-afa1-f6ffc827706b - - - - - -] Failed to initialize driver.: cinder.exception.VolumeDriverException: Volume driver reported an error: Could not get a response from any API server
2025-01-22 16:54:15.620 25 ERROR cinder.volume.manager Traceback (most recent call last):
2025-01-22 16:54:15.620 25 ERROR cinder.volume.manager   File "/var/lib/kolla/venv/lib/python3.10/site-packages/cinder/volume/manager.py", line 524, in _init_host
2025-01-22 16:54:15.620 25 ERROR cinder.volume.manager     self.driver.do_setup(ctxt)
2025-01-22 16:54:15.620 25 ERROR cinder.volume.manager   File "/var/lib/kolla/venv/lib/python3.10/site-packages/cinder/volume/drivers/lightos.py", line 897, in do_setup
2025-01-22 16:54:15.620 25 ERROR cinder.volume.manager     self.get_cluster_info()
2025-01-22 16:54:15.620 25 ERROR cinder.volume.manager   File "/var/lib/kolla/venv/lib/python3.10/site-packages/cinder/volume/drivers/lightos.py", line 848, in get_cluster_info
2025-01-22 16:54:15.620 25 ERROR cinder.volume.manager     status_code, cluster_info = self.cluster.send_cmd(
2025-01-22 16:54:15.620 25 ERROR cinder.volume.manager   File "/var/lib/kolla/venv/lib/python3.10/site-packages/cinder/volume/drivers/lightos.py", line 294, in send_cmd
2025-01-22 16:54:15.620 25 ERROR cinder.volume.manager     raise exception.VolumeDriverException(
2025-01-22 16:54:15.620 25 ERROR cinder.volume.manager cinder.exception.VolumeDriverException: Volume driver reported an error: Could not get a response from any API server
2025-01-22 16:54:15.620 25 ERROR cinder.volume.manager 
2025-01-22 16:54:17.624 25 INFO cinder.volume.manager [None req-6b805bf7-5cf5-4f04-afa1-f6ffc827706b - - - - - -] Starting volume driver LightOSVolumeDriver (2.3.12)
2025-01-22 16:54:17.624 25 INFO cinder.volume.drivers.lightos [None req-6b805bf7-5cf5-4f04-afa1-f6ffc827706b - - - - - -] Invoking get_cluster_info using GET url: /api/v2/clusterinfo             request.body: {} ssl_verify: False
2025-01-22 16:54:17.628 25 ERROR cinder.volume.drivers.lightos [None req-6b805bf7-5cf5-4f04-afa1-f6ffc827706b - - - - - -] REST server not responding at 'https://[LB_IP_ADDRESS]:443/api/v2/clusterinfo': requests.exceptions.ConnectionError: HTTPSConnectionPool(host='[LB_IP_ADDRESS]', port=443): Max retries exceeded with url: /api/v2/clusterinfo (Caused by NewConnectionError('<urllib3.connection.HTTPSConnection object at 0x7f06a7f01a50>: Failed to establish a new connection: [Errno 111] ECONNREFUSED'))
2025-01-22 16:54:17.628 25 ERROR cinder.volume.drivers.lightos Traceback (most recent call last):
2025-01-22 16:54:17.628 25 ERROR cinder.volume.drivers.lightos   File "/var/lib/kolla/venv/lib/python3.10/site-packages/urllib3/connection.py", line 174, in _new_conn
2025-01-22 16:54:17.628 25 ERROR cinder.volume.drivers.lightos     conn = connection.create_connection(
2025-01-22 16:54:17.628 25 ERROR cinder.volume.drivers.lightos   File "/var/lib/kolla/venv/lib/python3.10/site-packages/urllib3/util/connection.py", line 95, in create_connection
2025-01-22 16:54:17.628 25 ERROR cinder.volume.drivers.lightos     raise err
2025-01-22 16:54:17.628 25 ERROR cinder.volume.drivers.lightos   File "/var/lib/kolla/venv/lib/python3.10/site-packages/urllib3/util/connection.py", line 85, in create_connection
2025-01-22 16:54:17.628 25 ERROR cinder.volume.drivers.lightos     sock.connect(sa)
2025-01-22 16:54:17.628 25 ERROR cinder.volume.drivers.lightos   File "/var/lib/kolla/venv/lib/python3.10/site-packages/eventlet/greenio/base.py", line 265, in connect
2025-01-22 16:54:17.628 25 ERROR cinder.volume.drivers.lightos     socket_checkerr(fd)
2025-01-22 16:54:17.628 25 ERROR cinder.volume.drivers.lightos   File "/var/lib/kolla/venv/lib/python3.10/site-packages/eventlet/greenio/base.py", line 50, in socket_checkerr
2025-01-22 16:54:17.628 25 ERROR cinder.volume.drivers.lightos     raise OSError(err, errno.errorcode[err])
2025-01-22 16:54:17.628 25 ERROR cinder.volume.drivers.lightos ConnectionRefusedError: [Errno 111] ECONNREFUSED
2025-01-22 16:54:17.628 25 ERROR cinder.volume.drivers.lightos 
2025-01-22 16:54:17.628 25 ERROR cinder.volume.drivers.lightos During handling of the above exception, another exception occurred:
2025-01-22 16:54:17.628 25 ERROR cinder.volume.drivers.lightos 
2025-01-22 16:54:17.628 25 ERROR cinder.volume.drivers.lightos Traceback (most recent call last):
2025-01-22 16:54:17.628 25 ERROR cinder.volume.drivers.lightos   File "/var/lib/kolla/venv/lib/python3.10/site-packages/urllib3/connectionpool.py", line 715, in urlopen
2025-01-22 16:54:17.628 25 ERROR cinder.volume.drivers.lightos     httplib_response = self._make_request(
2025-01-22 16:54:17.628 25 ERROR cinder.volume.drivers.lightos   File "/var/lib/kolla/venv/lib/python3.10/site-packages/urllib3/connectionpool.py", line 404, in _make_request
2025-01-22 16:54:17.628 25 ERROR cinder.volume.drivers.lightos     self._validate_conn(conn)
2025-01-22 16:54:17.628 25 ERROR cinder.volume.drivers.lightos   File "/var/lib/kolla/venv/lib/python3.10/site-packages/urllib3/connectionpool.py", line 1060, in _validate_conn
2025-01-22 16:54:17.628 25 ERROR cinder.volume.drivers.lightos     conn.connect()
2025-01-22 16:54:17.628 25 ERROR cinder.volume.drivers.lightos   File "/var/lib/kolla/venv/lib/python3.10/site-packages/urllib3/connection.py", line 363, in connect
2025-01-22 16:54:17.628 25 ERROR cinder.volume.drivers.lightos     self.sock = conn = self._new_conn()
2025-01-22 16:54:17.628 25 ERROR cinder.volume.drivers.lightos   File "/var/lib/kolla/venv/lib/python3.10/site-packages/urllib3/connection.py", line 186, in _new_conn
2025-01-22 16:54:17.628 25 ERROR cinder.volume.drivers.lightos     raise NewConnectionError(
2025-01-22 16:54:17.628 25 ERROR cinder.volume.drivers.lightos urllib3.exceptions.NewConnectionError: <urllib3.connection.HTTPSConnection object at 0x7f06a7f01a50>: Failed to establish a new connection: [Errno 111] ECONNREFUSED
2025-01-22 16:54:17.628 25 ERROR cinder.volume.drivers.lightos 
2025-01-22 16:54:17.628 25 ERROR cinder.volume.drivers.lightos During handling of the above exception, another exception occurred:
2025-01-22 16:54:17.628 25 ERROR cinder.volume.drivers.lightos 
2025-01-22 16:54:17.628 25 ERROR cinder.volume.drivers.lightos Traceback (most recent call last):
2025-01-22 16:54:17.628 25 ERROR cinder.volume.drivers.lightos   File "/var/lib/kolla/venv/lib/python3.10/site-packages/requests/adapters.py", line 667, in send
2025-01-22 16:54:17.628 25 ERROR cinder.volume.drivers.lightos     resp = conn.urlopen(
2025-01-22 16:54:17.628 25 ERROR cinder.volume.drivers.lightos   File "/var/lib/kolla/venv/lib/python3.10/site-packages/urllib3/connectionpool.py", line 801, in urlopen
2025-01-22 16:54:17.628 25 ERROR cinder.volume.drivers.lightos     retries = retries.increment(
2025-01-22 16:54:17.628 25 ERROR cinder.volume.drivers.lightos   File "/var/lib/kolla/venv/lib/python3.10/site-packages/urllib3/util/retry.py", line 594, in increment
2025-01-22 16:54:17.628 25 ERROR cinder.volume.drivers.lightos     raise MaxRetryError(_pool, url, error or ResponseError(cause))
2025-01-22 16:54:17.628 25 ERROR cinder.volume.drivers.lightos urllib3.exceptions.MaxRetryError: HTTPSConnectionPool(host='[LB_IP_ADDRESS]', port=443): Max retries exceeded with url: /api/v2/clusterinfo (Caused by NewConnectionError('<urllib3.connection.HTTPSConnection object at 0x7f06a7f01a50>: Failed to establish a new connection: [Errno 111] ECONNREFUSED'))
2025-01-22 16:54:17.628 25 ERROR cinder.volume.drivers.lightos 
2025-01-22 16:54:17.628 25 ERROR cinder.volume.drivers.lightos During handling of the above exception, another exception occurred:
2025-01-22 16:54:17.628 25 ERROR cinder.volume.drivers.lightos 
2025-01-22 16:54:17.628 25 ERROR cinder.volume.drivers.lightos Traceback (most recent call last):
2025-01-22 16:54:17.628 25 ERROR cinder.volume.drivers.lightos   File "/var/lib/kolla/venv/lib/python3.10/site-packages/cinder/volume/drivers/lightos.py", line 335, in __send_cmd
2025-01-22 16:54:17.628 25 ERROR cinder.volume.drivers.lightos     response = session.send(
2025-01-22 16:54:17.628 25 ERROR cinder.volume.drivers.lightos   File "/var/lib/kolla/venv/lib/python3.10/site-packages/requests/sessions.py", line 703, in send
2025-01-22 16:54:17.628 25 ERROR cinder.volume.drivers.lightos     r = adapter.send(request, **kwargs)
2025-01-22 16:54:17.628 25 ERROR cinder.volume.drivers.lightos   File "/var/lib/kolla/venv/lib/python3.10/site-packages/requests/adapters.py", line 700, in send
2025-01-22 16:54:17.628 25 ERROR cinder.volume.drivers.lightos     raise ConnectionError(e, request=request)
2025-01-22 16:54:17.628 25 ERROR cinder.volume.drivers.lightos requests.exceptions.ConnectionError: HTTPSConnectionPool(host='[LB_IP_ADDRESS]', port=443): Max retries exceeded with url: /api/v2/clusterinfo (Caused by NewConnectionError('<urllib3.connection.HTTPSConnection object at 0x7f06a7f01a50>: Failed to establish a new connection: [Errno 111] ECONNREFUSED'))
2025-01-22 16:54:17.628 25 ERROR cinder.volume.drivers.lightos 
2025-01-22 16:54:17.630 25 INFO cinder.volume.drivers.lightos [None req-6b805bf7-5cf5-4f04-afa1-f6ffc827706b - - - - - -] Invoking get_cluster_info using GET url: /api/v2/clusterinfo             request.body: {} ssl_verify: False
2025-01-22 16:54:17.633 25 ERROR cinder.volume.drivers.lightos [None req-6b805bf7-5cf5-4f04-afa1-f6ffc827706b - - - - - -] REST server not responding at 'https://[LB_IP_ADDRESS]:443/api/v2/clusterinfo': requests.exceptions.ConnectionError: HTTPSConnectionPool(host='[LB_IP_ADDRESS]', port=443): Max retries exceeded with url: /api/v2/clusterinfo (Caused by NewConnectionError('<urllib3.connection.HTTPSConnection object at 0x7f06a7f02530>: Failed to establish a new connection: [Errno 111] ECONNREFUSED'))
2025-01-22 16:54:17.633 25 ERROR cinder.volume.drivers.lightos Traceback (most recent call last):
2025-01-22 16:54:17.633 25 ERROR cinder.volume.drivers.lightos   File "/var/lib/kolla/venv/lib/python3.10/site-packages/urllib3/connection.py", line 174, in _new_conn
2025-01-22 16:54:17.633 25 ERROR cinder.volume.drivers.lightos     conn = connection.create_connection(
2025-01-22 16:54:17.633 25 ERROR cinder.volume.drivers.lightos   File "/var/lib/kolla/venv/lib/python3.10/site-packages/urllib3/util/connection.py", line 95, in create_connection
2025-01-22 16:54:17.633 25 ERROR cinder.volume.drivers.lightos     raise err
2025-01-22 16:54:17.633 25 ERROR cinder.volume.drivers.lightos   File "/var/lib/kolla/venv/lib/python3.10/site-packages/urllib3/util/connection.py", line 85, in create_connection
2025-01-22 16:54:17.633 25 ERROR cinder.volume.drivers.lightos     sock.connect(sa)
2025-01-22 16:54:17.633 25 ERROR cinder.volume.drivers.lightos   File "/var/lib/kolla/venv/lib/python3.10/site-packages/eventlet/greenio/base.py", line 265, in connect
2025-01-22 16:54:17.633 25 ERROR cinder.volume.drivers.lightos     socket_checkerr(fd)
2025-01-22 16:54:17.633 25 ERROR cinder.volume.drivers.lightos   File "/var/lib/kolla/venv/lib/python3.10/site-packages/eventlet/greenio/base.py", line 50, in socket_checkerr
2025-01-22 16:54:17.633 25 ERROR cinder.volume.drivers.lightos     raise OSError(err, errno.errorcode[err])
2025-01-22 16:54:17.633 25 ERROR cinder.volume.drivers.lightos ConnectionRefusedError: [Errno 111] ECONNREFUSED
2025-01-22 16:54:17.633 25 ERROR cinder.volume.drivers.lightos 
2025-01-22 16:54:17.633 25 ERROR cinder.volume.drivers.lightos During handling of the above exception, another exception occurred:
2025-01-22 16:54:17.633 25 ERROR cinder.volume.drivers.lightos 
2025-01-22 16:54:17.633 25 ERROR cinder.volume.drivers.lightos Traceback (most recent call last):
2025-01-22 16:54:17.633 25 ERROR cinder.volume.drivers.lightos   File "/var/lib/kolla/venv/lib/python3.10/site-packages/urllib3/connectionpool.py", line 715, in urlopen
2025-01-22 16:54:17.633 25 ERROR cinder.volume.drivers.lightos     httplib_response = self._make_request(
2025-01-22 16:54:17.633 25 ERROR cinder.volume.drivers.lightos   File "/var/lib/kolla/venv/lib/python3.10/site-packages/urllib3/connectionpool.py", line 404, in _make_request
2025-01-22 16:54:17.633 25 ERROR cinder.volume.drivers.lightos     self._validate_conn(conn)
2025-01-22 16:54:17.633 25 ERROR cinder.volume.drivers.lightos   File "/var/lib/kolla/venv/lib/python3.10/site-packages/urllib3/connectionpool.py", line 1060, in _validate_conn
2025-01-22 16:54:17.633 25 ERROR cinder.volume.drivers.lightos     conn.connect()
2025-01-22 16:54:17.633 25 ERROR cinder.volume.drivers.lightos   File "/var/lib/kolla/venv/lib/python3.10/site-packages/urllib3/connection.py", line 363, in connect
2025-01-22 16:54:17.633 25 ERROR cinder.volume.drivers.lightos     self.sock = conn = self._new_conn()
2025-01-22 16:54:17.633 25 ERROR cinder.volume.drivers.lightos   File "/var/lib/kolla/venv/lib/python3.10/site-packages/urllib3/connection.py", line 186, in _new_conn
2025-01-22 16:54:17.633 25 ERROR cinder.volume.drivers.lightos     raise NewConnectionError(
2025-01-22 16:54:17.633 25 ERROR cinder.volume.drivers.lightos urllib3.exceptions.NewConnectionError: <urllib3.connection.HTTPSConnection object at 0x7f06a7f02530>: Failed to establish a new connection: [Errno 111] ECONNREFUSED
2025-01-22 16:54:17.633 25 ERROR cinder.volume.drivers.lightos 
2025-01-22 16:54:17.633 25 ERROR cinder.volume.drivers.lightos During handling of the above exception, another exception occurred:
2025-01-22 16:54:17.633 25 ERROR cinder.volume.drivers.lightos 
2025-01-22 16:54:17.633 25 ERROR cinder.volume.drivers.lightos Traceback (most recent call last):
2025-01-22 16:54:17.633 25 ERROR cinder.volume.drivers.lightos   File "/var/lib/kolla/venv/lib/python3.10/site-packages/requests/adapters.py", line 667, in send
2025-01-22 16:54:17.633 25 ERROR cinder.volume.drivers.lightos     resp = conn.urlopen(
2025-01-22 16:54:17.633 25 ERROR cinder.volume.drivers.lightos   File "/var/lib/kolla/venv/lib/python3.10/site-packages/urllib3/connectionpool.py", line 801, in urlopen
2025-01-22 16:54:17.633 25 ERROR cinder.volume.drivers.lightos     retries = retries.increment(
2025-01-22 16:54:17.633 25 ERROR cinder.volume.drivers.lightos   File "/var/lib/kolla/venv/lib/python3.10/site-packages/urllib3/util/retry.py", line 594, in increment
2025-01-22 16:54:17.633 25 ERROR cinder.volume.drivers.lightos     raise MaxRetryError(_pool, url, error or ResponseError(cause))
2025-01-22 16:54:17.633 25 ERROR cinder.volume.drivers.lightos urllib3.exceptions.MaxRetryError: HTTPSConnectionPool(host='[LB_IP_ADDRESS]', port=443): Max retries exceeded with url: /api/v2/clusterinfo (Caused by NewConnectionError('<urllib3.connection.HTTPSConnection object at 0x7f06a7f02530>: Failed to establish a new connection: [Errno 111] ECONNREFUSED'))
2025-01-22 16:54:17.633 25 ERROR cinder.volume.drivers.lightos 
2025-01-22 16:54:17.633 25 ERROR cinder.volume.drivers.lightos During handling of the above exception, another exception occurred:
2025-01-22 16:54:17.633 25 ERROR cinder.volume.drivers.lightos 
2025-01-22 16:54:17.633 25 ERROR cinder.volume.drivers.lightos Traceback (most recent call last):
2025-01-22 16:54:17.633 25 ERROR cinder.volume.drivers.lightos   File "/var/lib/kolla/venv/lib/python3.10/site-packages/cinder/volume/drivers/lightos.py", line 335, in __send_cmd
2025-01-22 16:54:17.633 25 ERROR cinder.volume.drivers.lightos     response = session.send(
2025-01-22 16:54:17.633 25 ERROR cinder.volume.drivers.lightos   File "/var/lib/kolla/venv/lib/python3.10/site-packages/requests/sessions.py", line 703, in send
2025-01-22 16:54:17.633 25 ERROR cinder.volume.drivers.lightos     r = adapter.send(request, **kwargs)
2025-01-22 16:54:17.633 25 ERROR cinder.volume.drivers.lightos   File "/var/lib/kolla/venv/lib/python3.10/site-packages/requests/adapters.py", line 700, in send
2025-01-22 16:54:17.633 25 ERROR cinder.volume.drivers.lightos     raise ConnectionError(e, request=request)
2025-01-22 16:54:17.633 25 ERROR cinder.volume.drivers.lightos requests.exceptions.ConnectionError: HTTPSConnectionPool(host='[LB_IP_ADDRESS]', port=443): Max retries exceeded with url: /api/v2/clusterinfo (Caused by NewConnectionError('<urllib3.connection.HTTPSConnection object at 0x7f06a7f02530>: Failed to establish a new connection: [Errno 111] ECONNREFUSED'))
2025-01-22 16:54:17.633 25 ERROR cinder.volume.drivers.lightos 
2025-01-22 16:54:17.635 25 INFO cinder.volume.drivers.lightos [None req-6b805bf7-5cf5-4f04-afa1-f6ffc827706b - - - - - -] Invoking get_cluster_info using GET url: /api/v2/clusterinfo             request.body: {} ssl_verify: False
2025-01-22 16:54:18.689 25 ERROR cinder.volume.drivers.lightos [None req-6b805bf7-5cf5-4f04-afa1-f6ffc827706b - - - - - -] REST server not responding at 'https://[LB_IP_ADDRESS]:443/api/v2/clusterinfo': requests.exceptions.ConnectionError: HTTPSConnectionPool(host='[LB_IP_ADDRESS]', port=443): Max retries exceeded with url: /api/v2/clusterinfo (Caused by NewConnectionError('<urllib3.connection.HTTPSConnection object at 0x7f06a7f9ac50>: Failed to establish a new connection: [Errno 113] EHOSTUNREACH'))
2025-01-22 16:54:18.689 25 ERROR cinder.volume.drivers.lightos Traceback (most recent call last):
2025-01-22 16:54:18.689 25 ERROR cinder.volume.drivers.lightos   File "/var/lib/kolla/venv/lib/python3.10/site-packages/urllib3/connection.py", line 174, in _new_conn
2025-01-22 16:54:18.689 25 ERROR cinder.volume.drivers.lightos     conn = connection.create_connection(
2025-01-22 16:54:18.689 25 ERROR cinder.volume.drivers.lightos   File "/var/lib/kolla/venv/lib/python3.10/site-packages/urllib3/util/connection.py", line 95, in create_connection
2025-01-22 16:54:18.689 25 ERROR cinder.volume.drivers.lightos     raise err
2025-01-22 16:54:18.689 25 ERROR cinder.volume.drivers.lightos   File "/var/lib/kolla/venv/lib/python3.10/site-packages/urllib3/util/connection.py", line 85, in create_connection
2025-01-22 16:54:18.689 25 ERROR cinder.volume.drivers.lightos     sock.connect(sa)
2025-01-22 16:54:18.689 25 ERROR cinder.volume.drivers.lightos   File "/var/lib/kolla/venv/lib/python3.10/site-packages/eventlet/greenio/base.py", line 265, in connect
2025-01-22 16:54:18.689 25 ERROR cinder.volume.drivers.lightos     socket_checkerr(fd)
2025-01-22 16:54:18.689 25 ERROR cinder.volume.drivers.lightos   File "/var/lib/kolla/venv/lib/python3.10/site-packages/eventlet/greenio/base.py", line 50, in socket_checkerr
2025-01-22 16:54:18.689 25 ERROR cinder.volume.drivers.lightos     raise OSError(err, errno.errorcode[err])
2025-01-22 16:54:18.689 25 ERROR cinder.volume.drivers.lightos OSError: [Errno 113] EHOSTUNREACH
2025-01-22 16:54:18.689 25 ERROR cinder.volume.drivers.lightos 
2025-01-22 16:54:18.689 25 ERROR cinder.volume.drivers.lightos During handling of the above exception, another exception occurred:
2025-01-22 16:54:18.689 25 ERROR cinder.volume.drivers.lightos 
2025-01-22 16:54:18.689 25 ERROR cinder.volume.drivers.lightos Traceback (most recent call last):
2025-01-22 16:54:18.689 25 ERROR cinder.volume.drivers.lightos   File "/var/lib/kolla/venv/lib/python3.10/site-packages/urllib3/connectionpool.py", line 715, in urlopen
2025-01-22 16:54:18.689 25 ERROR cinder.volume.drivers.lightos     httplib_response = self._make_request(
2025-01-22 16:54:18.689 25 ERROR cinder.volume.drivers.lightos   File "/var/lib/kolla/venv/lib/python3.10/site-packages/urllib3/connectionpool.py", line 404, in _make_request
2025-01-22 16:54:18.689 25 ERROR cinder.volume.drivers.lightos     self._validate_conn(conn)
2025-01-22 16:54:18.689 25 ERROR cinder.volume.drivers.lightos   File "/var/lib/kolla/venv/lib/python3.10/site-packages/urllib3/connectionpool.py", line 1060, in _validate_conn
2025-01-22 16:54:18.689 25 ERROR cinder.volume.drivers.lightos     conn.connect()
2025-01-22 16:54:18.689 25 ERROR cinder.volume.drivers.lightos   File "/var/lib/kolla/venv/lib/python3.10/site-packages/urllib3/connection.py", line 363, in connect
2025-01-22 16:54:18.689 25 ERROR cinder.volume.drivers.lightos     self.sock = conn = self._new_conn()
2025-01-22 16:54:18.689 25 ERROR cinder.volume.drivers.lightos   File "/var/lib/kolla/venv/lib/python3.10/site-packages/urllib3/connection.py", line 186, in _new_conn
2025-01-22 16:54:18.689 25 ERROR cinder.volume.drivers.lightos     raise NewConnectionError(
2025-01-22 16:54:18.689 25 ERROR cinder.volume.drivers.lightos urllib3.exceptions.NewConnectionError: <urllib3.connection.HTTPSConnection object at 0x7f06a7f9ac50>: Failed to establish a new connection: [Errno 113] EHOSTUNREACH
2025-01-22 16:54:18.689 25 ERROR cinder.volume.drivers.lightos 
2025-01-22 16:54:18.689 25 ERROR cinder.volume.drivers.lightos During handling of the above exception, another exception occurred:
2025-01-22 16:54:18.689 25 ERROR cinder.volume.drivers.lightos 
2025-01-22 16:54:18.689 25 ERROR cinder.volume.drivers.lightos Traceback (most recent call last):
2025-01-22 16:54:18.689 25 ERROR cinder.volume.drivers.lightos   File "/var/lib/kolla/venv/lib/python3.10/site-packages/requests/adapters.py", line 667, in send
2025-01-22 16:54:18.689 25 ERROR cinder.volume.drivers.lightos     resp = conn.urlopen(
2025-01-22 16:54:18.689 25 ERROR cinder.volume.drivers.lightos   File "/var/lib/kolla/venv/lib/python3.10/site-packages/urllib3/connectionpool.py", line 801, in urlopen
2025-01-22 16:54:18.689 25 ERROR cinder.volume.drivers.lightos     retries = retries.increment(
2025-01-22 16:54:18.689 25 ERROR cinder.volume.drivers.lightos   File "/var/lib/kolla/venv/lib/python3.10/site-packages/urllib3/util/retry.py", line 594, in increment
2025-01-22 16:54:18.689 25 ERROR cinder.volume.drivers.lightos     raise MaxRetryError(_pool, url, error or ResponseError(cause))
2025-01-22 16:54:18.689 25 ERROR cinder.volume.drivers.lightos urllib3.exceptions.MaxRetryError: HTTPSConnectionPool(host='[LB_IP_ADDRESS]', port=443): Max retries exceeded with url: /api/v2/clusterinfo (Caused by NewConnectionError('<urllib3.connection.HTTPSConnection object at 0x7f06a7f9ac50>: Failed to establish a new connection: [Errno 113] EHOSTUNREACH'))
2025-01-22 16:54:18.689 25 ERROR cinder.volume.drivers.lightos 
2025-01-22 16:54:18.689 25 ERROR cinder.volume.drivers.lightos During handling of the above exception, another exception occurred:
2025-01-22 16:54:18.689 25 ERROR cinder.volume.drivers.lightos 
2025-01-22 16:54:18.689 25 ERROR cinder.volume.drivers.lightos Traceback (most recent call last):
2025-01-22 16:54:18.689 25 ERROR cinder.volume.drivers.lightos   File "/var/lib/kolla/venv/lib/python3.10/site-packages/cinder/volume/drivers/lightos.py", line 335, in __send_cmd
2025-01-22 16:54:18.689 25 ERROR cinder.volume.drivers.lightos     response = session.send(
2025-01-22 16:54:18.689 25 ERROR cinder.volume.drivers.lightos   File "/var/lib/kolla/venv/lib/python3.10/site-packages/requests/sessions.py", line 703, in send
2025-01-22 16:54:18.689 25 ERROR cinder.volume.drivers.lightos     r = adapter.send(request, **kwargs)
2025-01-22 16:54:18.689 25 ERROR cinder.volume.drivers.lightos   File "/var/lib/kolla/venv/lib/python3.10/site-packages/requests/adapters.py", line 700, in send
2025-01-22 16:54:18.689 25 ERROR cinder.volume.drivers.lightos     raise ConnectionError(e, request=request)
2025-01-22 16:54:18.689 25 ERROR cinder.volume.drivers.lightos requests.exceptions.ConnectionError: HTTPSConnectionPool(host='[LB_IP_ADDRESS]', port=443): Max retries exceeded with url: /api/v2/clusterinfo (Caused by NewConnectionError('<urllib3.connection.HTTPSConnection object at 0x7f06a7f9ac50>: Failed to establish a new connection: [Errno 113] EHOSTUNREACH'))
2025-01-22 16:54:18.689 25 ERROR cinder.volume.drivers.lightos 
2025-01-22 16:54:18.692 25 ERROR cinder.volume.manager [None req-6b805bf7-5cf5-4f04-afa1-f6ffc827706b - - - - - -] Failed to initialize driver.: cinder.exception.VolumeDriverException: Volume driver reported an error: Could not get a response from any API server
2025-01-22 16:54:18.692 25 ERROR cinder.volume.manager Traceback (most recent call last):
2025-01-22 16:54:18.692 25 ERROR cinder.volume.manager   File "/var/lib/kolla/venv/lib/python3.10/site-packages/cinder/volume/manager.py", line 524, in _init_host
2025-01-22 16:54:18.692 25 ERROR cinder.volume.manager     self.driver.do_setup(ctxt)
2025-01-22 16:54:18.692 25 ERROR cinder.volume.manager   File "/var/lib/kolla/venv/lib/python3.10/site-packages/cinder/volume/drivers/lightos.py", line 897, in do_setup
2025-01-22 16:54:18.692 25 ERROR cinder.volume.manager     self.get_cluster_info()
2025-01-22 16:54:18.692 25 ERROR cinder.volume.manager   File "/var/lib/kolla/venv/lib/python3.10/site-packages/cinder/volume/drivers/lightos.py", line 848, in get_cluster_info
2025-01-22 16:54:18.692 25 ERROR cinder.volume.manager     status_code, cluster_info = self.cluster.send_cmd(
2025-01-22 16:54:18.692 25 ERROR cinder.volume.manager   File "/var/lib/kolla/venv/lib/python3.10/site-packages/cinder/volume/drivers/lightos.py", line 294, in send_cmd
2025-01-22 16:54:18.692 25 ERROR cinder.volume.manager     raise exception.VolumeDriverException(
2025-01-22 16:54:18.692 25 ERROR cinder.volume.manager cinder.exception.VolumeDriverException: Volume driver reported an error: Could not get a response from any API server
2025-01-22 16:54:18.692 25 ERROR cinder.volume.manager 
2025-01-22 16:54:22.697 25 INFO cinder.volume.manager [None req-6b805bf7-5cf5-4f04-afa1-f6ffc827706b - - - - - -] Starting volume driver LightOSVolumeDriver (2.3.12)
2025-01-22 16:54:22.698 25 INFO cinder.volume.drivers.lightos [None req-6b805bf7-5cf5-4f04-afa1-f6ffc827706b - - - - - -] Invoking get_cluster_info using GET url: /api/v2/clusterinfo             request.body: {} ssl_verify: False
2025-01-22 16:54:22.705 25 ERROR cinder.volume.drivers.lightos [None req-6b805bf7-5cf5-4f04-afa1-f6ffc827706b - - - - - -] REST server not responding at 'https://[LB_IP_ADDRESS]:443/api/v2/clusterinfo': requests.exceptions.ConnectionError: HTTPSConnectionPool(host='[LB_IP_ADDRESS]', port=443): Max retries exceeded with url: /api/v2/clusterinfo (Caused by NewConnectionError('<urllib3.connection.HTTPSConnection object at 0x7f06a7f01a20>: Failed to establish a new connection: [Errno 111] ECONNREFUSED'))
2025-01-22 16:54:22.705 25 ERROR cinder.volume.drivers.lightos Traceback (most recent call last):
2025-01-22 16:54:22.705 25 ERROR cinder.volume.drivers.lightos   File "/var/lib/kolla/venv/lib/python3.10/site-packages/urllib3/connection.py", line 174, in _new_conn
2025-01-22 16:54:22.705 25 ERROR cinder.volume.drivers.lightos     conn = connection.create_connection(
2025-01-22 16:54:22.705 25 ERROR cinder.volume.drivers.lightos   File "/var/lib/kolla/venv/lib/python3.10/site-packages/urllib3/util/connection.py", line 95, in create_connection
2025-01-22 16:54:22.705 25 ERROR cinder.volume.drivers.lightos     raise err
2025-01-22 16:54:22.705 25 ERROR cinder.volume.drivers.lightos   File "/var/lib/kolla/venv/lib/python3.10/site-packages/urllib3/util/connection.py", line 85, in create_connection
2025-01-22 16:54:22.705 25 ERROR cinder.volume.drivers.lightos     sock.connect(sa)
2025-01-22 16:54:22.705 25 ERROR cinder.volume.drivers.lightos   File "/var/lib/kolla/venv/lib/python3.10/site-packages/eventlet/greenio/base.py", line 265, in connect
2025-01-22 16:54:22.705 25 ERROR cinder.volume.drivers.lightos     socket_checkerr(fd)
2025-01-22 16:54:22.705 25 ERROR cinder.volume.drivers.lightos   File "/var/lib/kolla/venv/lib/python3.10/site-packages/eventlet/greenio/base.py", line 50, in socket_checkerr
2025-01-22 16:54:22.705 25 ERROR cinder.volume.drivers.lightos     raise OSError(err, errno.errorcode[err])
2025-01-22 16:54:22.705 25 ERROR cinder.volume.drivers.lightos ConnectionRefusedError: [Errno 111] ECONNREFUSED
2025-01-22 16:54:22.705 25 ERROR cinder.volume.drivers.lightos 
2025-01-22 16:54:22.705 25 ERROR cinder.volume.drivers.lightos During handling of the above exception, another exception occurred:
2025-01-22 16:54:22.705 25 ERROR cinder.volume.drivers.lightos 
2025-01-22 16:54:22.705 25 ERROR cinder.volume.drivers.lightos Traceback (most recent call last):
2025-01-22 16:54:22.705 25 ERROR cinder.volume.drivers.lightos   File "/var/lib/kolla/venv/lib/python3.10/site-packages/urllib3/connectionpool.py", line 715, in urlopen
2025-01-22 16:54:22.705 25 ERROR cinder.volume.drivers.lightos     httplib_response = self._make_request(
2025-01-22 16:54:22.705 25 ERROR cinder.volume.drivers.lightos   File "/var/lib/kolla/venv/lib/python3.10/site-packages/urllib3/connectionpool.py", line 404, in _make_request
2025-01-22 16:54:22.705 25 ERROR cinder.volume.drivers.lightos     self._validate_conn(conn)
2025-01-22 16:54:22.705 25 ERROR cinder.volume.drivers.lightos   File "/var/lib/kolla/venv/lib/python3.10/site-packages/urllib3/connectionpool.py", line 1060, in _validate_conn
2025-01-22 16:54:22.705 25 ERROR cinder.volume.drivers.lightos     conn.connect()
2025-01-22 16:54:22.705 25 ERROR cinder.volume.drivers.lightos   File "/var/lib/kolla/venv/lib/python3.10/site-packages/urllib3/connection.py", line 363, in connect
2025-01-22 16:54:22.705 25 ERROR cinder.volume.drivers.lightos     self.sock = conn = self._new_conn()
2025-01-22 16:54:22.705 25 ERROR cinder.volume.drivers.lightos   File "/var/lib/kolla/venv/lib/python3.10/site-packages/urllib3/connection.py", line 186, in _new_conn
2025-01-22 16:54:22.705 25 ERROR cinder.volume.drivers.lightos     raise NewConnectionError(
2025-01-22 16:54:22.705 25 ERROR cinder.volume.drivers.lightos urllib3.exceptions.NewConnectionError: <urllib3.connection.HTTPSConnection object at 0x7f06a7f01a20>: Failed to establish a new connection: [Errno 111] ECONNREFUSED
2025-01-22 16:54:22.705 25 ERROR cinder.volume.drivers.lightos 
2025-01-22 16:54:22.705 25 ERROR cinder.volume.drivers.lightos During handling of the above exception, another exception occurred:
2025-01-22 16:54:22.705 25 ERROR cinder.volume.drivers.lightos 
2025-01-22 16:54:22.705 25 ERROR cinder.volume.drivers.lightos Traceback (most recent call last):
2025-01-22 16:54:22.705 25 ERROR cinder.volume.drivers.lightos   File "/var/lib/kolla/venv/lib/python3.10/site-packages/requests/adapters.py", line 667, in send
2025-01-22 16:54:22.705 25 ERROR cinder.volume.drivers.lightos     resp = conn.urlopen(
2025-01-22 16:54:22.705 25 ERROR cinder.volume.drivers.lightos   File "/var/lib/kolla/venv/lib/python3.10/site-packages/urllib3/connectionpool.py", line 801, in urlopen
2025-01-22 16:54:22.705 25 ERROR cinder.volume.drivers.lightos     retries = retries.increment(
2025-01-22 16:54:22.705 25 ERROR cinder.volume.drivers.lightos   File "/var/lib/kolla/venv/lib/python3.10/site-packages/urllib3/util/retry.py", line 594, in increment
2025-01-22 16:54:22.705 25 ERROR cinder.volume.drivers.lightos     raise MaxRetryError(_pool, url, error or ResponseError(cause))
2025-01-22 16:54:22.705 25 ERROR cinder.volume.drivers.lightos urllib3.exceptions.MaxRetryError: HTTPSConnectionPool(host='[LB_IP_ADDRESS]', port=443): Max retries exceeded with url: /api/v2/clusterinfo (Caused by NewConnectionError('<urllib3.connection.HTTPSConnection object at 0x7f06a7f01a20>: Failed to establish a new connection: [Errno 111] ECONNREFUSED'))
2025-01-22 16:54:22.705 25 ERROR cinder.volume.drivers.lightos 
2025-01-22 16:54:22.705 25 ERROR cinder.volume.drivers.lightos During handling of the above exception, another exception occurred:
2025-01-22 16:54:22.705 25 ERROR cinder.volume.drivers.lightos 
2025-01-22 16:54:22.705 25 ERROR cinder.volume.drivers.lightos Traceback (most recent call last):
2025-01-22 16:54:22.705 25 ERROR cinder.volume.drivers.lightos   File "/var/lib/kolla/venv/lib/python3.10/site-packages/cinder/volume/drivers/lightos.py", line 335, in __send_cmd
2025-01-22 16:54:22.705 25 ERROR cinder.volume.drivers.lightos     response = session.send(
2025-01-22 16:54:22.705 25 ERROR cinder.volume.drivers.lightos   File "/var/lib/kolla/venv/lib/python3.10/site-packages/requests/sessions.py", line 703, in send
2025-01-22 16:54:22.705 25 ERROR cinder.volume.drivers.lightos     r = adapter.send(request, **kwargs)
2025-01-22 16:54:22.705 25 ERROR cinder.volume.drivers.lightos   File "/var/lib/kolla/venv/lib/python3.10/site-packages/requests/adapters.py", line 700, in send
2025-01-22 16:54:22.705 25 ERROR cinder.volume.drivers.lightos     raise ConnectionError(e, request=request)
2025-01-22 16:54:22.705 25 ERROR cinder.volume.drivers.lightos requests.exceptions.ConnectionError: HTTPSConnectionPool(host='[LB_IP_ADDRESS]', port=443): Max retries exceeded with url: /api/v2/clusterinfo (Caused by NewConnectionError('<urllib3.connection.HTTPSConnection object at 0x7f06a7f01a20>: Failed to establish a new connection: [Errno 111] ECONNREFUSED'))
2025-01-22 16:54:22.705 25 ERROR cinder.volume.drivers.lightos 
2025-01-22 16:54:22.708 25 INFO cinder.volume.drivers.lightos [None req-6b805bf7-5cf5-4f04-afa1-f6ffc827706b - - - - - -] Invoking get_cluster_info using GET url: /api/v2/clusterinfo             request.body: {} ssl_verify: False
2025-01-22 16:54:22.710 25 ERROR cinder.volume.drivers.lightos [None req-6b805bf7-5cf5-4f04-afa1-f6ffc827706b - - - - - -] REST server not responding at 'https://[LB_IP_ADDRESS]:443/api/v2/clusterinfo': requests.exceptions.ConnectionError: HTTPSConnectionPool(host='[LB_IP_ADDRESS]', port=443): Max retries exceeded with url: /api/v2/clusterinfo (Caused by NewConnectionError('<urllib3.connection.HTTPSConnection object at 0x7f06a7f00880>: Failed to establish a new connection: [Errno 111] ECONNREFUSED'))
2025-01-22 16:54:22.710 25 ERROR cinder.volume.drivers.lightos Traceback (most recent call last):
2025-01-22 16:54:22.710 25 ERROR cinder.volume.drivers.lightos   File "/var/lib/kolla/venv/lib/python3.10/site-packages/urllib3/connection.py", line 174, in _new_conn
2025-01-22 16:54:22.710 25 ERROR cinder.volume.drivers.lightos     conn = connection.create_connection(
2025-01-22 16:54:22.710 25 ERROR cinder.volume.drivers.lightos   File "/var/lib/kolla/venv/lib/python3.10/site-packages/urllib3/util/connection.py", line 95, in create_connection
2025-01-22 16:54:22.710 25 ERROR cinder.volume.drivers.lightos     raise err
2025-01-22 16:54:22.710 25 ERROR cinder.volume.drivers.lightos   File "/var/lib/kolla/venv/lib/python3.10/site-packages/urllib3/util/connection.py", line 85, in create_connection
2025-01-22 16:54:22.710 25 ERROR cinder.volume.drivers.lightos     sock.connect(sa)
2025-01-22 16:54:22.710 25 ERROR cinder.volume.drivers.lightos   File "/var/lib/kolla/venv/lib/python3.10/site-packages/eventlet/greenio/base.py", line 265, in connect
2025-01-22 16:54:22.710 25 ERROR cinder.volume.drivers.lightos     socket_checkerr(fd)
2025-01-22 16:54:22.710 25 ERROR cinder.volume.drivers.lightos   File "/var/lib/kolla/venv/lib/python3.10/site-packages/eventlet/greenio/base.py", line 50, in socket_checkerr
2025-01-22 16:54:22.710 25 ERROR cinder.volume.drivers.lightos     raise OSError(err, errno.errorcode[err])
2025-01-22 16:54:22.710 25 ERROR cinder.volume.drivers.lightos ConnectionRefusedError: [Errno 111] ECONNREFUSED
2025-01-22 16:54:22.710 25 ERROR cinder.volume.drivers.lightos 
2025-01-22 16:54:22.710 25 ERROR cinder.volume.drivers.lightos During handling of the above exception, another exception occurred:
2025-01-22 16:54:22.710 25 ERROR cinder.volume.drivers.lightos 
2025-01-22 16:54:22.710 25 ERROR cinder.volume.drivers.lightos Traceback (most recent call last):
2025-01-22 16:54:22.710 25 ERROR cinder.volume.drivers.lightos   File "/var/lib/kolla/venv/lib/python3.10/site-packages/urllib3/connectionpool.py", line 715, in urlopen
2025-01-22 16:54:22.710 25 ERROR cinder.volume.drivers.lightos     httplib_response = self._make_request(
2025-01-22 16:54:22.710 25 ERROR cinder.volume.drivers.lightos   File "/var/lib/kolla/venv/lib/python3.10/site-packages/urllib3/connectionpool.py", line 404, in _make_request
2025-01-22 16:54:22.710 25 ERROR cinder.volume.drivers.lightos     self._validate_conn(conn)
2025-01-22 16:54:22.710 25 ERROR cinder.volume.drivers.lightos   File "/var/lib/kolla/venv/lib/python3.10/site-packages/urllib3/connectionpool.py", line 1060, in _validate_conn
2025-01-22 16:54:22.710 25 ERROR cinder.volume.drivers.lightos     conn.connect()
2025-01-22 16:54:22.710 25 ERROR cinder.volume.drivers.lightos   File "/var/lib/kolla/venv/lib/python3.10/site-packages/urllib3/connection.py", line 363, in connect
2025-01-22 16:54:22.710 25 ERROR cinder.volume.drivers.lightos     self.sock = conn = self._new_conn()
2025-01-22 16:54:22.710 25 ERROR cinder.volume.drivers.lightos   File "/var/lib/kolla/venv/lib/python3.10/site-packages/urllib3/connection.py", line 186, in _new_conn
2025-01-22 16:54:22.710 25 ERROR cinder.volume.drivers.lightos     raise NewConnectionError(
2025-01-22 16:54:22.710 25 ERROR cinder.volume.drivers.lightos urllib3.exceptions.NewConnectionError: <urllib3.connection.HTTPSConnection object at 0x7f06a7f00880>: Failed to establish a new connection: [Errno 111] ECONNREFUSED
2025-01-22 16:54:22.710 25 ERROR cinder.volume.drivers.lightos 
2025-01-22 16:54:22.710 25 ERROR cinder.volume.drivers.lightos During handling of the above exception, another exception occurred:
2025-01-22 16:54:22.710 25 ERROR cinder.volume.drivers.lightos 
2025-01-22 16:54:22.710 25 ERROR cinder.volume.drivers.lightos Traceback (most recent call last):
2025-01-22 16:54:22.710 25 ERROR cinder.volume.drivers.lightos   File "/var/lib/kolla/venv/lib/python3.10/site-packages/requests/adapters.py", line 667, in send
2025-01-22 16:54:22.710 25 ERROR cinder.volume.drivers.lightos     resp = conn.urlopen(
2025-01-22 16:54:22.710 25 ERROR cinder.volume.drivers.lightos   File "/var/lib/kolla/venv/lib/python3.10/site-packages/urllib3/connectionpool.py", line 801, in urlopen
2025-01-22 16:54:22.710 25 ERROR cinder.volume.drivers.lightos     retries = retries.increment(
2025-01-22 16:54:22.710 25 ERROR cinder.volume.drivers.lightos   File "/var/lib/kolla/venv/lib/python3.10/site-packages/urllib3/util/retry.py", line 594, in increment
2025-01-22 16:54:22.710 25 ERROR cinder.volume.drivers.lightos     raise MaxRetryError(_pool, url, error or ResponseError(cause))
2025-01-22 16:54:22.710 25 ERROR cinder.volume.drivers.lightos urllib3.exceptions.MaxRetryError: HTTPSConnectionPool(host='[LB_IP_ADDRESS]', port=443): Max retries exceeded with url: /api/v2/clusterinfo (Caused by NewConnectionError('<urllib3.connection.HTTPSConnection object at 0x7f06a7f00880>: Failed to establish a new connection: [Errno 111] ECONNREFUSED'))
2025-01-22 16:54:22.710 25 ERROR cinder.volume.drivers.lightos 
2025-01-22 16:54:22.710 25 ERROR cinder.volume.drivers.lightos During handling of the above exception, another exception occurred:
2025-01-22 16:54:22.710 25 ERROR cinder.volume.drivers.lightos 
2025-01-22 16:54:22.710 25 ERROR cinder.volume.drivers.lightos Traceback (most recent call last):
2025-01-22 16:54:22.710 25 ERROR cinder.volume.drivers.lightos   File "/var/lib/kolla/venv/lib/python3.10/site-packages/cinder/volume/drivers/lightos.py", line 335, in __send_cmd
2025-01-22 16:54:22.710 25 ERROR cinder.volume.drivers.lightos     response = session.send(
2025-01-22 16:54:22.710 25 ERROR cinder.volume.drivers.lightos   File "/var/lib/kolla/venv/lib/python3.10/site-packages/requests/sessions.py", line 703, in send
2025-01-22 16:54:22.710 25 ERROR cinder.volume.drivers.lightos     r = adapter.send(request, **kwargs)
2025-01-22 16:54:22.710 25 ERROR cinder.volume.drivers.lightos   File "/var/lib/kolla/venv/lib/python3.10/site-packages/requests/adapters.py", line 700, in send
2025-01-22 16:54:22.710 25 ERROR cinder.volume.drivers.lightos     raise ConnectionError(e, request=request)
2025-01-22 16:54:22.710 25 ERROR cinder.volume.drivers.lightos requests.exceptions.ConnectionError: HTTPSConnectionPool(host='[LB_IP_ADDRESS]', port=443): Max retries exceeded with url: /api/v2/clusterinfo (Caused by NewConnectionError('<urllib3.connection.HTTPSConnection object at 0x7f06a7f00880>: Failed to establish a new connection: [Errno 111] ECONNREFUSED'))
2025-01-22 16:54:22.710 25 ERROR cinder.volume.drivers.lightos 
2025-01-22 16:54:22.711 25 INFO cinder.volume.drivers.lightos [None req-6b805bf7-5cf5-4f04-afa1-f6ffc827706b - - - - - -] Invoking get_cluster_info using GET url: /api/v2/clusterinfo             request.body: {} ssl_verify: False
2025-01-22 16:54:25.793 25 ERROR cinder.volume.drivers.lightos [None req-6b805bf7-5cf5-4f04-afa1-f6ffc827706b - - - - - -] REST server not responding at 'https://[LB_IP_ADDRESS]:443/api/v2/clusterinfo': requests.exceptions.ConnectionError: HTTPSConnectionPool(host='[LB_IP_ADDRESS]', port=443): Max retries exceeded with url: /api/v2/clusterinfo (Caused by NewConnectionError('<urllib3.connection.HTTPSConnection object at 0x7f06a7f010c0>: Failed to establish a new connection: [Errno 113] EHOSTUNREACH'))
2025-01-22 16:54:25.793 25 ERROR cinder.volume.drivers.lightos Traceback (most recent call last):
2025-01-22 16:54:25.793 25 ERROR cinder.volume.drivers.lightos   File "/var/lib/kolla/venv/lib/python3.10/site-packages/urllib3/connection.py", line 174, in _new_conn
2025-01-22 16:54:25.793 25 ERROR cinder.volume.drivers.lightos     conn = connection.create_connection(
2025-01-22 16:54:25.793 25 ERROR cinder.volume.drivers.lightos   File "/var/lib/kolla/venv/lib/python3.10/site-packages/urllib3/util/connection.py", line 95, in create_connection
2025-01-22 16:54:25.793 25 ERROR cinder.volume.drivers.lightos     raise err
2025-01-22 16:54:25.793 25 ERROR cinder.volume.drivers.lightos   File "/var/lib/kolla/venv/lib/python3.10/site-packages/urllib3/util/connection.py", line 85, in create_connection
2025-01-22 16:54:25.793 25 ERROR cinder.volume.drivers.lightos     sock.connect(sa)
2025-01-22 16:54:25.793 25 ERROR cinder.volume.drivers.lightos   File "/var/lib/kolla/venv/lib/python3.10/site-packages/eventlet/greenio/base.py", line 265, in connect
2025-01-22 16:54:25.793 25 ERROR cinder.volume.drivers.lightos     socket_checkerr(fd)
2025-01-22 16:54:25.793 25 ERROR cinder.volume.drivers.lightos   File "/var/lib/kolla/venv/lib/python3.10/site-packages/eventlet/greenio/base.py", line 50, in socket_checkerr
2025-01-22 16:54:25.793 25 ERROR cinder.volume.drivers.lightos     raise OSError(err, errno.errorcode[err])
2025-01-22 16:54:25.793 25 ERROR cinder.volume.drivers.lightos OSError: [Errno 113] EHOSTUNREACH
2025-01-22 16:54:25.793 25 ERROR cinder.volume.drivers.lightos 
2025-01-22 16:54:25.793 25 ERROR cinder.volume.drivers.lightos During handling of the above exception, another exception occurred:
2025-01-22 16:54:25.793 25 ERROR cinder.volume.drivers.lightos 
2025-01-22 16:54:25.793 25 ERROR cinder.volume.drivers.lightos Traceback (most recent call last):
2025-01-22 16:54:25.793 25 ERROR cinder.volume.drivers.lightos   File "/var/lib/kolla/venv/lib/python3.10/site-packages/urllib3/connectionpool.py", line 715, in urlopen
2025-01-22 16:54:25.793 25 ERROR cinder.volume.drivers.lightos     httplib_response = self._make_request(
2025-01-22 16:54:25.793 25 ERROR cinder.volume.drivers.lightos   File "/var/lib/kolla/venv/lib/python3.10/site-packages/urllib3/connectionpool.py", line 404, in _make_request
2025-01-22 16:54:25.793 25 ERROR cinder.volume.drivers.lightos     self._validate_conn(conn)
2025-01-22 16:54:25.793 25 ERROR cinder.volume.drivers.lightos   File "/var/lib/kolla/venv/lib/python3.10/site-packages/urllib3/connectionpool.py", line 1060, in _validate_conn
2025-01-22 16:54:25.793 25 ERROR cinder.volume.drivers.lightos     conn.connect()
2025-01-22 16:54:25.793 25 ERROR cinder.volume.drivers.lightos   File "/var/lib/kolla/venv/lib/python3.10/site-packages/urllib3/connection.py", line 363, in connect
2025-01-22 16:54:25.793 25 ERROR cinder.volume.drivers.lightos     self.sock = conn = self._new_conn()
2025-01-22 16:54:25.793 25 ERROR cinder.volume.drivers.lightos   File "/var/lib/kolla/venv/lib/python3.10/site-packages/urllib3/connection.py", line 186, in _new_conn
2025-01-22 16:54:25.793 25 ERROR cinder.volume.drivers.lightos     raise NewConnectionError(
2025-01-22 16:54:25.793 25 ERROR cinder.volume.drivers.lightos urllib3.exceptions.NewConnectionError: <urllib3.connection.HTTPSConnection object at 0x7f06a7f010c0>: Failed to establish a new connection: [Errno 113] EHOSTUNREACH
2025-01-22 16:54:25.793 25 ERROR cinder.volume.drivers.lightos 
2025-01-22 16:54:25.793 25 ERROR cinder.volume.drivers.lightos During handling of the above exception, another exception occurred:
2025-01-22 16:54:25.793 25 ERROR cinder.volume.drivers.lightos 
2025-01-22 16:54:25.793 25 ERROR cinder.volume.drivers.lightos Traceback (most recent call last):
2025-01-22 16:54:25.793 25 ERROR cinder.volume.drivers.lightos   File "/var/lib/kolla/venv/lib/python3.10/site-packages/requests/adapters.py", line 667, in send
2025-01-22 16:54:25.793 25 ERROR cinder.volume.drivers.lightos     resp = conn.urlopen(
2025-01-22 16:54:25.793 25 ERROR cinder.volume.drivers.lightos   File "/var/lib/kolla/venv/lib/python3.10/site-packages/urllib3/connectionpool.py", line 801, in urlopen
2025-01-22 16:54:25.793 25 ERROR cinder.volume.drivers.lightos     retries = retries.increment(
2025-01-22 16:54:25.793 25 ERROR cinder.volume.drivers.lightos   File "/var/lib/kolla/venv/lib/python3.10/site-packages/urllib3/util/retry.py", line 594, in increment
2025-01-22 16:54:25.793 25 ERROR cinder.volume.drivers.lightos     raise MaxRetryError(_pool, url, error or ResponseError(cause))
2025-01-22 16:54:25.793 25 ERROR cinder.volume.drivers.lightos urllib3.exceptions.MaxRetryError: HTTPSConnectionPool(host='[LB_IP_ADDRESS]', port=443): Max retries exceeded with url: /api/v2/clusterinfo (Caused by NewConnectionError('<urllib3.connection.HTTPSConnection object at 0x7f06a7f010c0>: Failed to establish a new connection: [Errno 113] EHOSTUNREACH'))
2025-01-22 16:54:25.793 25 ERROR cinder.volume.drivers.lightos 
2025-01-22 16:54:25.793 25 ERROR cinder.volume.drivers.lightos During handling of the above exception, another exception occurred:
2025-01-22 16:54:25.793 25 ERROR cinder.volume.drivers.lightos 
2025-01-22 16:54:25.793 25 ERROR cinder.volume.drivers.lightos Traceback (most recent call last):
2025-01-22 16:54:25.793 25 ERROR cinder.volume.drivers.lightos   File "/var/lib/kolla/venv/lib/python3.10/site-packages/cinder/volume/drivers/lightos.py", line 335, in __send_cmd
2025-01-22 16:54:25.793 25 ERROR cinder.volume.drivers.lightos     response = session.send(
2025-01-22 16:54:25.793 25 ERROR cinder.volume.drivers.lightos   File "/var/lib/kolla/venv/lib/python3.10/site-packages/requests/sessions.py", line 703, in send
2025-01-22 16:54:25.793 25 ERROR cinder.volume.drivers.lightos     r = adapter.send(request, **kwargs)
2025-01-22 16:54:25.793 25 ERROR cinder.volume.drivers.lightos   File "/var/lib/kolla/venv/lib/python3.10/site-packages/requests/adapters.py", line 700, in send
2025-01-22 16:54:25.793 25 ERROR cinder.volume.drivers.lightos     raise ConnectionError(e, request=request)
2025-01-22 16:54:25.793 25 ERROR cinder.volume.drivers.lightos requests.exceptions.ConnectionError: HTTPSConnectionPool(host='[LB_IP_ADDRESS]', port=443): Max retries exceeded with url: /api/v2/clusterinfo (Caused by NewConnectionError('<urllib3.connection.HTTPSConnection object at 0x7f06a7f010c0>: Failed to establish a new connection: [Errno 113] EHOSTUNREACH'))
2025-01-22 16:54:25.793 25 ERROR cinder.volume.drivers.lightos 
2025-01-22 16:54:25.796 25 ERROR cinder.volume.manager [None req-6b805bf7-5cf5-4f04-afa1-f6ffc827706b - - - - - -] Failed to initialize driver.: cinder.exception.VolumeDriverException: Volume driver reported an error: Could not get a response from any API server
2025-01-22 16:54:25.796 25 ERROR cinder.volume.manager Traceback (most recent call last):
2025-01-22 16:54:25.796 25 ERROR cinder.volume.manager   File "/var/lib/kolla/venv/lib/python3.10/site-packages/cinder/volume/manager.py", line 524, in _init_host
2025-01-22 16:54:25.796 25 ERROR cinder.volume.manager     self.driver.do_setup(ctxt)
2025-01-22 16:54:25.796 25 ERROR cinder.volume.manager   File "/var/lib/kolla/venv/lib/python3.10/site-packages/cinder/volume/drivers/lightos.py", line 897, in do_setup
2025-01-22 16:54:25.796 25 ERROR cinder.volume.manager     self.get_cluster_info()
2025-01-22 16:54:25.796 25 ERROR cinder.volume.manager   File "/var/lib/kolla/venv/lib/python3.10/site-packages/cinder/volume/drivers/lightos.py", line 848, in get_cluster_info
2025-01-22 16:54:25.796 25 ERROR cinder.volume.manager     status_code, cluster_info = self.cluster.send_cmd(
2025-01-22 16:54:25.796 25 ERROR cinder.volume.manager   File "/var/lib/kolla/venv/lib/python3.10/site-packages/cinder/volume/drivers/lightos.py", line 294, in send_cmd
2025-01-22 16:54:25.796 25 ERROR cinder.volume.manager     raise exception.VolumeDriverException(
2025-01-22 16:54:25.796 25 ERROR cinder.volume.manager cinder.exception.VolumeDriverException: Volume driver reported an error: Could not get a response from any API server
2025-01-22 16:54:25.796 25 ERROR cinder.volume.manager 
2025-01-22 16:54:25.820 25 WARNING oslo_config.cfg [None req-6b805bf7-5cf5-4f04-afa1-f6ffc827706b - - - - - -] Deprecated: Option "heartbeat_in_pthread" from group "oslo_messaging_rabbit" is deprecated for removal (The option is related to Eventlet which will be removed. In addition this has never worked as expected with services using eventlet for core service framework.).  Its value may be silently ignored in the future.
2025-01-22 16:54:25.871 25 INFO cinder.service [None req-6b805bf7-5cf5-4f04-afa1-f6ffc827706b - - - - - -] Starting cinder-volume cluster lightos_cinder_cluster@LIGHTOSyilgqu (version 25.1.0)
2025-01-22 16:54:25.894 25 INFO cinder.volume.manager [None req-6b805bf7-5cf5-4f04-afa1-f6ffc827706b - - - - - -] Initializing RPC dependent components of volume driver LightOSVolumeDriver (2.3.12)
2025-01-22 16:54:25.894 25 ERROR cinder.volume.volume_utils [None req-6b805bf7-5cf5-4f04-afa1-f6ffc827706b - - - - - -] Volume driver LightOSVolumeDriver not initialized
2025-01-22 16:54:25.895 25 ERROR cinder.volume.manager [None req-6b805bf7-5cf5-4f04-afa1-f6ffc827706b - - - - - -] Cannot complete RPC initialization because driver isn't initialized properly.: cinder.exception.DriverNotInitialized: Volume driver not ready.
2025-01-22 16:54:35.896 25 ERROR cinder.service [-] Manager for service cinder-volume rack13-server67@LIGHTOSyilgqu is reporting problems, not sending heartbeat. Service will appear "down".
2025-01-22 16:54:45.899 25 ERROR cinder.service [-] Manager for service cinder-volume rack13-server67@LIGHTOSyilgqu is reporting problems, not sending heartbeat. Service will appear "down".
2025-01-22 16:54:55.900 25 ERROR cinder.service [-] Manager for service cinder-volume rack13-server67@LIGHTOSyilgqu is reporting problems, not sending heartbeat. Service will appear "down".
2025-01-22 16:55:05.902 25 ERROR cinder.service [-] Manager for service cinder-volume rack13-server67@LIGHTOSyilgqu is reporting problems, not sending heartbeat. Service will appear "down".
2025-01-22 16:55:15.904 25 ERROR cinder.service [-] Manager for service cinder-volume rack13-server67@LIGHTOSyilgqu is reporting problems, not sending heartbeat. Service will appear "down".
2025-01-22 16:55:25.905 25 ERROR cinder.service [-] Manager for service cinder-volume rack13-server67@LIGHTOSyilgqu is reporting problems, not sending heartbeat. Service will appear "down".
2025-01-22 16:55:35.906 25 ERROR cinder.service [-] Manager for service cinder-volume rack13-server67@LIGHTOSyilgqu is reporting problems, not sending heartbeat. Service will appear "down".
2025-01-22 16:55:45.908 25 ERROR cinder.service [-] Manager for service cinder-volume rack13-server67@LIGHTOSyilgqu is reporting problems, not sending heartbeat. Service will appear "down".
2025-01-22 16:55:55.910 25 ERROR cinder.service [-] Manager for service cinder-volume rack13-server67@LIGHTOSyilgqu is reporting problems, not sending heartbeat. Service will appear "down".
2025-01-22 16:56:03.904 25 WARNING cinder.volume.manager [None req-ad2022ab-064e-4538-a490-a8788c0e0cd7 - - - - - -] Update driver status failed: (config name LIGHTOSyilgqu) is uninitialized.
2025-01-22 16:56:05.911 25 ERROR cinder.service [-] Manager for service cinder-volume rack13-server67@LIGHTOSyilgqu is reporting problems, not sending heartbeat. Service will appear "down".
2025-01-22 16:56:15.912 25 ERROR cinder.service [-] Manager for service cinder-volume rack13-server67@LIGHTOSyilgqu is reporting problems, not sending heartbeat. Service will appear "down".
2025-01-22 16:56:25.913 25 ERROR cinder.service [-] Manager for service cinder-volume rack13-server67@LIGHTOSyilgqu is reporting problems, not sending heartbeat. Service will appear "down".
2025-01-22 16:56:35.914 25 ERROR cinder.service [-] Manager for service cinder-volume rack13-server67@LIGHTOSyilgqu is reporting problems, not sending heartbeat. Service will appear "down".
2025-01-22 16:56:45.916 25 ERROR cinder.service [-] Manager for service cinder-volume rack13-server67@LIGHTOSyilgqu is reporting problems, not sending heartbeat. Service will appear "down".
2025-01-22 16:56:55.918 25 ERROR cinder.service [-] Manager for service cinder-volume rack13-server67@LIGHTOSyilgqu is reporting problems, not sending heartbeat. Service will appear "down".
2025-01-22 16:57:03.910 25 WARNING cinder.volume.manager [None req-ad2022ab-064e-4538-a490-a8788c0e0cd7 - - - - - -] Update driver status failed: (config name LIGHTOSyilgqu) is uninitialized.
2025-01-22 16:57:05.919 25 ERROR cinder.service [-] Manager for service cinder-volume rack13-server67@LIGHTOSyilgqu is reporting problems, not sending heartbeat. Service will appear "down".
2025-01-22 16:57:15.921 25 ERROR cinder.service [-] Manager for service cinder-volume rack13-server67@LIGHTOSyilgqu is reporting problems, not sending heartbeat. Service will appear "down".
2025-01-22 16:57:25.923 25 ERROR cinder.service [-] Manager for service cinder-volume rack13-server67@LIGHTOSyilgqu is reporting problems, not sending heartbeat. Service will appear "down".
2025-01-22 16:57:35.924 25 ERROR cinder.service [-] Manager for service cinder-volume rack13-server67@LIGHTOSyilgqu is reporting problems, not sending heartbeat. Service will appear "down".
2025-01-22 16:57:45.925 25 ERROR cinder.service [-] Manager for service cinder-volume rack13-server67@LIGHTOSyilgqu is reporting problems, not sending heartbeat. Service will appear "down".
2025-01-22 16:57:55.927 25 ERROR cinder.service [-] Manager for service cinder-volume rack13-server67@LIGHTOSyilgqu is reporting problems, not sending heartbeat. Service will appear "down".
2025-01-22 16:58:03.916 25 WARNING cinder.volume.manager [None req-ad2022ab-064e-4538-a490-a8788c0e0cd7 - - - - - -] Update driver status failed: (config name LIGHTOSyilgqu) is uninitialized.
