{1} tempest.api.compute.volumes.test_volume_snapshots.VolumesSnapshotsTestJSON.test_volume_snapshot_create_get_list_delete [5.841185s] ... ok
{1} tempest.api.compute.volumes.test_volumes_get.VolumesGetTestJSON.test_volume_create_get_delete [2.699862s] ... ok
{2} tempest.api.volume.admin.test_group_snapshots.GroupSnapshotsTest.test_create_group_from_group_snapshot [11.938342s] ... ok
{1} tempest.api.compute.volumes.test_volumes_negative.VolumesNegativeTest.test_create_volume_with_invalid_size [0.195259s] ... ok
{1} tempest.api.compute.volumes.test_volumes_negative.VolumesNegativeTest.test_create_volume_with_size_zero [0.015865s] ... ok
{1} tempest.api.compute.volumes.test_volumes_negative.VolumesNegativeTest.test_create_volume_without_passing_size [0.014527s] ... ok
{1} tempest.api.compute.volumes.test_volumes_negative.VolumesNegativeTest.test_delete_invalid_volume_id [0.062489s] ... ok
{1} tempest.api.compute.volumes.test_volumes_negative.VolumesNegativeTest.test_delete_volume_without_passing_volume_id [0.012651s] ... ok
{1} tempest.api.compute.volumes.test_volumes_negative.VolumesNegativeTest.test_get_volume_without_passing_volume_id [0.012315s] ... ok
{1} tempest.api.compute.volumes.test_volumes_negative.VolumesNegativeTest.test_volume_delete_nonexistent_volume_id [0.047325s] ... ok
{1} tempest.api.compute.volumes.test_volumes_negative.VolumesNegativeTest.test_volume_get_nonexistent_volume_id [0.046937s] ... ok
{1} tempest.api.volume.admin.test_backends_capabilities.BackendsCapabilitiesAdminTestsJSON.test_compare_volume_stats_values [0.088634s] ... ok
{1} tempest.api.volume.admin.test_backends_capabilities.BackendsCapabilitiesAdminTestsJSON.test_get_capabilities_backend [0.043479s] ... ok
{1} setUpClass (tempest.api.volume.admin.test_snapshot_manage.SnapshotManageAdminTest) ... SKIPPED: Manage snapshot tests are disabled
{0} tempest.api.compute.volumes.test_attach_volume.AttachVolumeMultiAttachTest.test_boot_from_multiattach_volume [22.157788s] ... ok
{1} tempest.api.volume.admin.test_user_messages.UserMessagesTest.test_delete_message [1.798266s] ... ok
{1} tempest.api.volume.admin.test_user_messages.UserMessagesTest.test_list_show_messages [1.536976s] ... ok
{2} tempest.api.volume.admin.test_group_snapshots.GroupSnapshotsTest.test_delete_group_snapshots_following_updated_volumes [17.071229s] ... ok
{1} tempest.api.volume.admin.test_volume_quotas_negative.VolumeQuotasNegativeTestJSON.test_quota_volume_gigabytes [0.290895s] ... ok
{1} tempest.api.volume.admin.test_volume_quotas_negative.VolumeQuotasNegativeTestJSON.test_quota_volumes [0.264047s] ... ok
{1} tempest.api.volume.admin.test_volume_quotas_negative.VolumeQuotasNegativeTestJSON.test_volume_extend_gigabytes_quota_deviation [0.213483s] ... ok
{2} tempest.api.volume.admin.test_group_snapshots.GroupSnapshotsTest.test_group_snapshot_create_show_list_delete [8.800794s] ... ok
{2} tempest.api.volume.admin.test_group_type_specs.GroupTypeSpecsTest.test_group_type_specs_create_show_update_list_delete [0.634365s] ... ok
{1} tempest.api.volume.admin.test_volume_type_access.VolumeTypesAccessTest.test_volume_type_access_list [0.386496s] ... ok
{2} tempest.api.volume.admin.test_group_types.GroupTypesTest.test_group_type_create_list_update_show_delete [0.427050s] ... ok
{2} tempest.api.volume.admin.test_group_types.GroupTypesTest.test_group_type_list_by_optional_params [0.276440s] ... ok
{1} tempest.api.volume.admin.test_volume_types.VolumeTypesTest.test_volume_type_create_get_delete [0.305184s] ... ok
{1} tempest.api.volume.admin.test_volume_types.VolumeTypesTest.test_volume_type_encryption_create_get_update_delete [0.362223s] ... ok
{1} tempest.api.volume.admin.test_volume_types.VolumeTypesTest.test_volume_type_list [0.039576s] ... ok
{1} tempest.api.volume.admin.test_volume_types.VolumeTypesTest.test_volume_type_update [0.176717s] ... ok
{1} tempest.api.volume.admin.test_volume_types_extra_specs_negative.ExtraSpecsNegativeTest.test_create_invalid_body [0.018675s] ... ok
{1} tempest.api.volume.admin.test_volume_types_extra_specs_negative.ExtraSpecsNegativeTest.test_create_none_body [0.019407s] ... ok
{1} tempest.api.volume.admin.test_volume_types_extra_specs_negative.ExtraSpecsNegativeTest.test_create_nonexistent_type_id [0.045966s] ... ok
{1} tempest.api.volume.admin.test_volume_types_extra_specs_negative.ExtraSpecsNegativeTest.test_delete_nonexistent_volume_type_id [0.023292s] ... ok
{1} tempest.api.volume.admin.test_volume_types_extra_specs_negative.ExtraSpecsNegativeTest.test_get_nonexistent_extra_spec_name [0.033373s] ... ok
{1} tempest.api.volume.admin.test_volume_types_extra_specs_negative.ExtraSpecsNegativeTest.test_get_nonexistent_volume_type_id [0.026529s] ... ok
{1} tempest.api.volume.admin.test_volume_types_extra_specs_negative.ExtraSpecsNegativeTest.test_list_nonexistent_volume_type_id [0.024337s] ... ok
{1} tempest.api.volume.admin.test_volume_types_extra_specs_negative.ExtraSpecsNegativeTest.test_update_multiple_extra_spec [0.018572s] ... ok
{1} tempest.api.volume.admin.test_volume_types_extra_specs_negative.ExtraSpecsNegativeTest.test_update_no_body [0.016768s] ... ok
{1} tempest.api.volume.admin.test_volume_types_extra_specs_negative.ExtraSpecsNegativeTest.test_update_none_extra_spec_id [0.042269s] ... ok
{1} tempest.api.volume.admin.test_volume_types_extra_specs_negative.ExtraSpecsNegativeTest.test_update_nonexistent_extra_spec_id [0.042486s] ... ok
{1} tempest.api.volume.admin.test_volume_types_extra_specs_negative.ExtraSpecsNegativeTest.test_update_nonexistent_type_id [0.041347s] ... ok
{2} tempest.api.volume.admin.test_groups.GroupsV314Test.test_create_group_from_group [9.460583s] ... ok
{2} tempest.api.volume.admin.test_qos.QosSpecsTestJSON.test_associate_disassociate_qos [0.444625s] ... ok
{2} tempest.api.volume.admin.test_qos.QosSpecsTestJSON.test_create_delete_qos_with_back_end_consumer [0.126787s] ... ok
{2} tempest.api.volume.admin.test_qos.QosSpecsTestJSON.test_create_delete_qos_with_both_consumer [0.128663s] ... ok
{2} tempest.api.volume.admin.test_qos.QosSpecsTestJSON.test_create_delete_qos_with_front_end_consumer [0.132835s] ... ok
{2} tempest.api.volume.admin.test_qos.QosSpecsTestJSON.test_get_qos [0.028800s] ... ok
{2} tempest.api.volume.admin.test_qos.QosSpecsTestJSON.test_list_qos [0.028471s] ... ok
{2} tempest.api.volume.admin.test_qos.QosSpecsTestJSON.test_set_unset_qos_key [0.165308s] ... ok
{1} tempest.api.volume.admin.test_volumes_actions.VolumesActionsTest.test_force_detach_volume [10.131459s] ... ok
{1} tempest.api.volume.admin.test_volumes_actions.VolumesActionsTest.test_volume_force_delete_when_volume_is_attaching [3.638769s] ... ok
{1} tempest.api.volume.admin.test_volumes_actions.VolumesActionsTest.test_volume_force_delete_when_volume_is_creating [3.664128s] ... ok
{2} tempest.api.volume.admin.test_snapshots_actions.SnapshotsActionsTest.test_reset_snapshot_status [0.306112s] ... ok
{1} tempest.api.volume.admin.test_volumes_actions.VolumesActionsTest.test_volume_force_delete_when_volume_is_error [3.651827s] ... ok
{2} tempest.api.volume.admin.test_snapshots_actions.SnapshotsActionsTest.test_snapshot_force_delete_when_snapshot_is_creating [3.561556s] ... ok
{1} tempest.api.volume.admin.test_volumes_actions.VolumesActionsTest.test_volume_force_delete_when_volume_is_maintenance [3.656605s] ... ok
{2} tempest.api.volume.admin.test_snapshots_actions.SnapshotsActionsTest.test_snapshot_force_delete_when_snapshot_is_deleting [3.547777s] ... ok
{1} tempest.api.volume.admin.test_volumes_actions.VolumesActionsTest.test_volume_reset_status [2.879325s] ... ok
{2} tempest.api.volume.admin.test_snapshots_actions.SnapshotsActionsTest.test_snapshot_force_delete_when_snapshot_is_error [3.523151s] ... ok
{1} tempest.api.volume.test_availability_zone.AvailabilityZoneTestJSON.test_get_availability_zone_list [0.135887s] ... ok
{2} tempest.api.volume.admin.test_snapshots_actions.SnapshotsActionsTest.test_snapshot_force_delete_when_snapshot_is_error_deleting [3.538888s] ... ok
{2} tempest.api.volume.admin.test_snapshots_actions.SnapshotsActionsTest.test_update_snapshot_status [0.268226s] ... ok
{1} tempest.api.volume.test_versions.VersionsTest.test_list_versions [0.014827s] ... ok
{1} tempest.api.volume.test_versions.VersionsTest.test_show_version [0.125268s] ... ok
{2} setUpClass (tempest.api.volume.admin.test_volume_retype.VolumeRetypeWithMigrationTest) ... SKIPPED: Cinder multi-backend feature disabled
{0} tempest.api.compute.volumes.test_attach_volume.AttachVolumeMultiAttachTest.test_list_get_volume_attachments_multiattach [79.368804s] ... ok
{0} tempest.api.compute.volumes.test_attach_volume.AttachVolumeMultiAttachTest.test_resize_server_with_multiattached_volume ... SKIPPED: Resize not available.
{2} tempest.api.volume.admin.test_volume_retype.VolumeRetypeWithoutMigrationTest.test_available_volume_retype [4.045741s] ... ok
{1} tempest.api.volume.test_volume_delete_cascade.VolumesDeleteCascade.test_volume_delete_cascade [8.382593s] ... ok
{1} tempest.api.volume.test_volume_delete_cascade.VolumesDeleteCascade.test_volume_from_snapshot_cascade_delete [8.386635s] ... ok
{2} tempest.api.volume.admin.test_volume_snapshot_quotas_negative.VolumeSnapshotQuotasNegativeTestJSON.test_quota_volume_gigabytes_snapshots [0.308902s] ... ok
{2} tempest.api.volume.admin.test_volume_snapshot_quotas_negative.VolumeSnapshotQuotasNegativeTestJSON.test_quota_volume_snapshots [0.072262s] ... ok
{1} tempest.api.volume.test_volume_metadata.VolumesMetadataTest.test_crud_volume_metadata [0.312305s] ... ok
{1} tempest.api.volume.test_volume_metadata.VolumesMetadataTest.test_update_show_volume_metadata_item [0.218691s] ... ok
{0} tempest.api.compute.volumes.test_attach_volume.AttachVolumeMultiAttachTest.test_snapshot_volume_backed_multiattach [26.176111s] ... ok
{2} tempest.api.volume.admin.test_volume_types_extra_specs.VolumeTypesExtraSpecsTest.test_volume_type_extra_spec_create_get_delete [0.194931s] ... ok
{2} tempest.api.volume.admin.test_volume_types_extra_specs.VolumeTypesExtraSpecsTest.test_volume_type_extra_specs_list [0.093833s] ... ok
{2} tempest.api.volume.admin.test_volume_types_extra_specs.VolumeTypesExtraSpecsTest.test_volume_type_extra_specs_update [0.257061s] ... ok
{1} tempest.api.volume.test_volumes_clone_negative.VolumesCloneNegativeTest.test_create_from_volume_decreasing_size [2.681379s] ... ok
{2} tempest.api.volume.admin.test_volume_types_negative.VolumeTypesNegativeTest.test_create_volume_type_encryption_nonexistent_type_id [0.196108s] ... ok
{2} tempest.api.volume.admin.test_volume_types_negative.VolumeTypesNegativeTest.test_create_with_empty_name [0.017730s] ... ok
{2} tempest.api.volume.admin.test_volume_types_negative.VolumeTypesNegativeTest.test_create_with_repeated_name [0.064164s] ... ok
{2} tempest.api.volume.admin.test_volume_types_negative.VolumeTypesNegativeTest.test_delete_nonexistent_type_id [0.022327s] ... ok
{2} tempest.api.volume.admin.test_volume_types_negative.VolumeTypesNegativeTest.test_get_nonexistent_type_id [0.021178s] ... ok
{0} tempest.api.compute.volumes.test_attach_volume_negative.AttachVolumeNegativeTest.test_attach_attached_volume_to_different_server [0.393143s] ... FAILED

Captured traceback:
~~~~~~~~~~~~~~~~~~~
    Traceback (most recent call last):

      File "/usr/local/lib/python3.6/site-packages/fixtures/fixture.py", line 197, in setUp
    self._setUp()

      File "/usr/local/lib/python3.6/site-packages/tempest/lib/common/validation_resources.py", line 445, in _setUp
    floating_network_name=self._floating_network_name)

      File "/usr/local/lib/python3.6/site-packages/tempest/lib/common/validation_resources.py", line 245, in create_validation_resources
    LOG.exception(msg, prov_exc, cleanup_exc)

      File "/usr/local/lib/python3.6/site-packages/oslo_utils/excutils.py", line 227, in __exit__
    self.force_reraise()

      File "/usr/local/lib/python3.6/site-packages/oslo_utils/excutils.py", line 200, in force_reraise
    raise self.value

      File "/usr/local/lib/python3.6/site-packages/tempest/lib/common/validation_resources.py", line 217, in create_validation_resources
    pool=floating_network_name))

      File "/usr/local/lib/python3.6/site-packages/tempest/lib/services/compute/floating_ips_client.py", line 66, in create_floating_ip
    resp, body = self.post(url, post_body)

      File "/usr/local/lib/python3.6/site-packages/tempest/lib/common/rest_client.py", line 299, in post
    return self.request('POST', url, extra_headers, headers, body, chunked)

      File "/usr/local/lib/python3.6/site-packages/tempest/lib/services/compute/base_compute_client.py", line 48, in request
    method, url, extra_headers, headers, body, chunked)

      File "/usr/local/lib/python3.6/site-packages/tempest/lib/common/rest_client.py", line 703, in request
    self._error_checker(resp, resp_body)

      File "/usr/local/lib/python3.6/site-packages/tempest/lib/common/rest_client.py", line 809, in _error_checker
    raise exceptions.NotFound(resp_body, resp=resp)

    tempest.lib.exceptions.NotFound: Object not found
Details: {'code': 404, 'message': 'Floating IP pool not found.'}


Captured traceback-1:
~~~~~~~~~~~~~~~~~~~~~
    Traceback (most recent call last):

      File "/usr/local/lib/python3.6/site-packages/fixtures/fixture.py", line 197, in setUp
    self._setUp()

      File "/usr/local/lib/python3.6/site-packages/tempest/lib/common/validation_resources.py", line 445, in _setUp
    floating_network_name=self._floating_network_name)

      File "/usr/local/lib/python3.6/site-packages/tempest/lib/common/validation_resources.py", line 245, in create_validation_resources
    LOG.exception(msg, prov_exc, cleanup_exc)

      File "/usr/local/lib/python3.6/site-packages/oslo_utils/excutils.py", line 227, in __exit__
    self.force_reraise()

      File "/usr/local/lib/python3.6/site-packages/oslo_utils/excutils.py", line 200, in force_reraise
    raise self.value

      File "/usr/local/lib/python3.6/site-packages/tempest/lib/common/validation_resources.py", line 217, in create_validation_resources
    pool=floating_network_name))

      File "/usr/local/lib/python3.6/site-packages/tempest/lib/services/compute/floating_ips_client.py", line 66, in create_floating_ip
    resp, body = self.post(url, post_body)

      File "/usr/local/lib/python3.6/site-packages/tempest/lib/common/rest_client.py", line 299, in post
    return self.request('POST', url, extra_headers, headers, body, chunked)

      File "/usr/local/lib/python3.6/site-packages/tempest/lib/services/compute/base_compute_client.py", line 48, in request
    method, url, extra_headers, headers, body, chunked)

      File "/usr/local/lib/python3.6/site-packages/tempest/lib/common/rest_client.py", line 703, in request
    self._error_checker(resp, resp_body)

      File "/usr/local/lib/python3.6/site-packages/tempest/lib/common/rest_client.py", line 809, in _error_checker
    raise exceptions.NotFound(resp_body, resp=resp)

    tempest.lib.exceptions.NotFound: Object not found
Details: {'code': 404, 'message': 'Floating IP pool not found.'}

    
During handling of the above exception, another exception occurred:


    Traceback (most recent call last):

      File "/usr/local/lib/python3.6/site-packages/fixtures/fixture.py", line 208, in setUp
    raise SetupError(details)

    fixtures.fixture.SetupError: {}


Captured pythonlogging:
~~~~~~~~~~~~~~~~~~~~~~~
    2022-07-25 17:50:55,614 11506 DEBUG    [tempest.lib.common.validation_resources] Requested setup of ValidationResources keypair True, floating IP True, security group False
2022-07-25 17:50:55,615 11506 DEBUG    [tempest.lib.common.validation_resources] Requested validation resources keypair True, floating IP True, security group False
2022-07-25 17:50:55,926 11506 INFO     [tempest.lib.common.rest_client] Request (ValidationResourcesFixture:setUp): 200 POST http://[LB_IP_ADDRESS]:8774/v2.1/os-keypairs 0.310s
2022-07-25 17:50:55,926 11506 DEBUG    [tempest.lib.common.rest_client] Request - Headers: {'Content-Type': 'application/json', 'Accept': 'application/json', 'X-Auth-Token': '<omitted>'}
        Body: {"keypair": {"name": "tempest-keypair-1985145674"}}
    Response - Headers: {'date': 'Mon, 25 Jul 2022 14:50:55 GMT', 'server': 'Apache/2.4.41 (Ubuntu)', 'content-length': '2305', 'openstack-api-version': 'compute 2.1', 'x-openstack-nova-api-version': '2.1', 'vary': 'OpenStack-API-Version,X-OpenStack-Nova-API-Version', 'x-openstack-request-id': 'req-002390dc-413f-4045-b244-f255fb227a73', 'x-compute-request-id': 'req-002390dc-413f-4045-b244-f255fb227a73', 'connection': 'close', 'content-type': 'application/json', 'status': '200', 'content-location': 'http://[LB_IP_ADDRESS]:8774/v2.1/os-keypairs'}
        Body: b'{"keypair": {"private_key": "-----BEGIN RSA PRIVATE KEY-----\\nMIIEpAIBAAKCAQEAtk67/bXqN7eDCXp2EiXlpV7Xq2zWNDSDODima2bHaUnO5BCK\\nXASwALCPO/lAMoIXKLNywWbbVxSF60UDFUZlQBErGUIEFBoClEwQMC9gUleFdOnp\\nM4NNrlaUvGhyR22QVd+z/+/iSN39McdzHdhlC4bj+AnooDXl2GbLrV6e+zwjAx73\\n47AkpnYMaR2ih643tT2ZtOy+QXQCVAalxA6oLua1YsEdtwVUnXm6g3iTfQ8H3aJ1\\nzHW7Kvi5id/Qq7PE7Wdf9lzdk1kcHSXkN2fYPC+phjQeKjkenWvmmLd/quwte/DX\\nydlq4dTrUuJEc+KOFZGEwFte9JFC5sGkryso7wIDAQABAoIBAQCab+x1Kww1EvKg\\nrusiyJPYGZYeFF8JborSr7rbNQAsw2fOb+ylsxreGrPcHHQz1VyFEC9ggx/AjxQ7\\nkATimvXe5ixag0AtPzN8KUt1Zkz0tEvMFPOGve6qh5IMYXad58Tj2lQDtlU9YUDC\\nULHGULCYqTapwsscHUyOm9ZjEcsgDAuW3FxweoGKvRwbkg4K1rGSGMuHWVKXq6aG\\nUY8SHcw3ZJJYAcyZtnhJHuVlYnNx/toI8BjOqK9gWkzZIFNJvEr9jN6iDx/ygQdW\\nQr3Gq1BdmEGHeswKyTRMJgWy3oqmc0kCIdTKaPkZNhlPv56btVmzDJTn3oD9sfa3\\nK2G8HDLhAoGBAPAKYDP+sL11KGziSoL628YYkOF3LvYD/iPXAiJUSfygHnxKf0mJ\\n3hzhUcz3yxz1rdxBVNsLL8l/IqA+vnDUxXoFq0rFwk6VRT9jVm53d/FyQIZ0LGBN\\n/Fy6krwD5x6o1zaNZnx/gUHXon8zWdPAH3BnP4Lo+MJSVbcL1vkD8QrHAoGBAMJt\\ntgQ78yMundWQ2TiOgZ5FipSpQA5E5tJ2c3WwD8ihROGVEfjKeGkHm1ncBbwB0AV+\\n/CxhOdqADPcu3jdV0ky9vL71KuVOGofWo4QOYFylD46jyUEFVcgRaO602dV9Vlyn\\n3dm3hwoIqRnTHP2HYDEXhrsdLC2iTU5ywqRUjoiZAoGBAOlLPErsezv3dO22VXLN\\nevIiCBWJr1Odd8+/dSyGPU5RFK/5+5Iuc3ggKU+LeZXQ1UQfHuixC6XLcYzKzm58\\n7Nz2S4+len7DpwS/eE5uwF0ijMHggQysXtyE3H3tUSBEOr6jWPshNTAX8q+r6d7a\\nd/PX9Ss3YCYEvZfk4u8sPIYbAoGAXnQp/riZD7hv2Pa7cGxar+ccwcfPZJ84e3or\\n8TqNEGy4J9bhmjnScUPOxsLKzmEbC/B61ZyOHIYkxliwf7VjqwBqF2LHagqdfOxb\\nF6ZcTeWqPyN2e+35lG5QydZ2FO8E65JphoFQSyGV9QPIi6oeovrI61HqymiUoc3C\\nnU6ux9ECgYBnsBscckiD6kWb/V8JyArteq9QKh29zYCF9Grc/qLz+lZBW+hWa0F1\\n5q92uQp7aZTH+94ZVv+sY3nE2W7f1gtodr+e9rvHunn50l01xbkG53goMrzcZYid\\nQBx96PZGPAtKkniEW+nO5aPBLAqUGXe09r1IfydPv9rcwpbqi4b8zQ==\\n-----END RSA PRIVATE KEY-----\\n", "name": "tempest-keypair-1985145674", "public_key": "ssh-rsa AAAAB3NzaC1yc2EAAAADAQABAAABAQC2Trv9teo3t4MJenYSJeWlXterbNY0NIM4OKZrZsdpSc7kEIpcBLAAsI87+UAyghcos3LBZttXFIXrRQMVRmVAESsZQgQUGgKUTBAwL2BSV4V06ekzg02uVpS8aHJHbZBV37P/7+JI3f0xx3Md2GULhuP4CeigNeXYZsutXp77PCMDHvfjsCSmdgxpHaKHrje1PZm07L5BdAJUBqXEDqgu5rViwR23BVSdebqDeJN9DwfdonXMdbsq+LmJ39Crs8TtZ1/2XN2TWRwdJeQ3Z9g8L6mGNB4qOR6da+aYt3+q7C178NfJ2Wrh1OtS4kRz4o4VkYTAW170kULmwaSvKyjv Generated-by-Nova", "fingerprint": "31:64:75:f6:70:ba:2a:4b:f9:33:96:f2:ca:0e:b2:37", "user_id": "9019a181d7c44c0a949743ab7143fc88"}}'
2022-07-25 17:50:55,930 11506 DEBUG    [tempest.lib.common.validation_resources] Validation resource key tempest-keypair-1985145674 created
2022-07-25 17:50:55,976 11506 INFO     [tempest.lib.common.rest_client] Request (ValidationResourcesFixture:setUp): 404 POST http://[LB_IP_ADDRESS]:8774/v2.1/os-floating-ips 0.044s
2022-07-25 17:50:55,976 11506 DEBUG    [tempest.lib.common.rest_client] Request - Headers: {'Content-Type': '
    application/json', 'Accept': 'application/json', 'X-Auth-Token': '<omitted>'}
        Body: {"pool": null}
    Response - Headers: {'date': 'Mon, 25 Jul 2022 14:50:55 GMT', 'server': 'Apache/2.4.41 (Ubuntu)', 'content-length': '73', 'openstack-api-version': 'compute 2.1', 'x-openstack-nova-api-version': '2.1', 'vary': 'OpenStack-API-Version,X-OpenStack-Nova-API-Version', 'x-openstack-request-id': 'req-e3346ea5-262a-4806-90f1-0c60b47bf01e', 'x-compute-request-id': 'req-e3346ea5-262a-4806-90f1-0c60b47bf01e', 'connection': 'close', 'content-type': 'application/json; charset=UTF-8', 'status': '404', 'content-location': 'http://[LB_IP_ADDRESS]:8774/v2.1/os-floating-ips'}
        Body: b'{"itemNotFound": {"code": 404, "message": "Floating IP pool not found."}}'
2022-07-25 17:50:55,977 11506 DEBUG    [tempest.lib.common.validation_resources] Error while provisioning validation resources Object not found
Details: {'code': 404, 'message': 'Floating IP pool not found.'}. Trying to cleanup what we provisioned so far: {'keypair': {'private_key': '-----BEGIN RSA PRIVATE KEY-----\nMIIEpAIBAAKCAQEAtk67/bXqN7eDCXp2EiXlpV7Xq2zWNDSDODima2bHaUnO5BCK\nXASwALCPO/lAMoIXKLNywWbbVxSF60UDFUZlQBErGUIEFBoClEwQMC9gUleFdOnp\nM4NNrlaUvGhyR22QVd+z/+/iSN39McdzHdhlC4bj+AnooDXl2GbLrV6e+zwjAx73\n47AkpnYMaR2ih643tT2ZtOy+QXQCVAalxA6oLua1YsEdtwVUnXm6g3iTfQ8H3aJ1\nzHW7Kvi5id/Qq7PE7Wdf9lzdk1kcHSXkN2fYPC+phjQeKjkenWvmmLd/quwte/DX\nydlq4dTrUuJEc+KOFZGEwFte9JFC5sGkryso7wIDAQABAoIBAQCab+x1Kww1EvKg\nrusiyJPYGZYeFF8JborSr7rbNQAsw2fOb+ylsxreGrPcHHQz1VyFEC9ggx/AjxQ7\nkATimvXe5ixag0AtPzN8KUt1Zkz0tEvMFPOGve6qh5IMYXad58Tj2lQDtlU9YUDC\nULHGULCYqTapwsscHUyOm9ZjEcsgDAuW3FxweoGKvRwbkg4K1rGSGMuHWVKXq6aG\nUY8SHcw3ZJJYAcyZtnhJHuVlYnNx/toI8BjOqK9gWkzZIFNJvEr9jN6iDx/ygQdW\nQr3Gq1BdmEGHeswKyTRMJgWy3oqmc0kCIdTKaPkZNhlPv56btVmzDJTn3oD9sfa3\nK2G8HDLhAoGBAPAKYDP+sL11KGziSoL628YYkOF3LvYD/iPXAiJUSfygHnxKf0mJ\n3hzhUcz3yxz1rdxBVNsLL8l/IqA+vnDUxXoFq0rFwk6VRT9jVm53d/FyQIZ0LGBN\n/Fy6krwD5x6o1zaNZnx/gUHXon8zWdPAH3BnP4Lo+MJSVbcL1vkD8QrHAoGBAMJt\ntgQ78yMundWQ2TiOgZ5FipSpQA5E5tJ2c3WwD8ihROGVEfjKeGkHm1ncBbwB0AV+\n/CxhOdqADPcu3jdV0ky9vL71KuVOGofWo4QOYFylD46jyUEFVcgRaO602dV9Vlyn\n3dm3hwoIqRnTHP2HYDEXhrsdLC2iTU5ywqRUjoiZAoGBAOlLPErsezv3dO22VXLN\nevIiCBWJr1Odd8+/dSyGPU5RFK/5+5Iuc3ggKU+LeZXQ1UQfHuixC6XLcYzKzm58\n7Nz2S4+len7DpwS/eE5uwF0ijMHggQysXtyE3H3tUSBEOr6jWPshNTAX8q+r6d7a\nd/PX9Ss3YCYEvZfk4u8sPIYbAoGAXnQp/riZD7hv2Pa7cGxar+ccwcfPZJ84e3or\n8TqNEGy4J9bhmjnScUPOxsLKzmEbC/B61ZyOHIYkxliwf7VjqwBqF2LHagqdfOxb\nF6ZcTeWqPyN2e+35lG5QydZ2FO8E65JphoFQSyGV9QPIi6oeovrI61HqymiUoc3C\nnU6ux9ECgYBnsBscckiD6kWb/V8JyArteq9QKh29zYCF9Grc/qLz+lZBW+hWa0F1\n5q92uQp7aZTH+94ZVv+sY3nE2W7f1gtodr+e9rvHunn50l01xbkG53goMrzcZYid\nQBx96PZGPAtKkniEW+nO5aPBLAqUGXe09r1IfydPv9rcwpbqi4b8zQ==\n-----END RSA PRIVATE KEY-----\n', 'name': 'tempest-keypair-1985145674', 'public_key': 'ssh-rsa AAAAB3NzaC1yc2EAAAADAQABAAABAQC2Trv9teo3t4MJenYSJeWlXterbNY0NIM4OKZrZsdpSc7kEIpcBLAAsI87+UAyghcos3LBZttXFIXrRQMVRmVAESsZQgQUGgKUTBAwL2BSV4V06ekzg02uVpS8aHJHbZBV37P/7+JI3f0xx3Md2GULhuP4CeigNeXYZsutXp77PCMDHvfjsCSmdgxpHaKHrje1PZm07L5BdAJUBqXEDqgu5rViwR23BVSdebqDeJN9DwfdonXMdbsq+LmJ39Crs8TtZ1/2XN2TWRwdJeQ3Z9g8L6mGNB4qOR6da+aYt3+q7C178NfJ2Wrh1OtS4kRz4o4VkYTAW170kULmwaSvKyjv Generated-by-Nova', 'fingerprint': '31:64:75:f6:70:ba:2a:4b:f9:33:96:f2:ca:0e:b2:37', 'user_id': '9019a181d7c44c0a949743ab7143fc88'}}
2022-07-25 17:50:56,002 11506 INFO     [tempest.lib.common.rest_client] Request (ValidationResourcesFixture:setUp): 202 DELETE http://[LB_IP_ADDRESS]:8774/v2.1/os-keypairs/tempest-keypair-1985145674 0.023s
2022-07-25 17:50:56,002 11506 DEBUG    [tempest.lib.common.rest_client] Request - Headers: {'Content-Type': 'application/json', 'Accept': 'application/json', 'X-Auth-Token': '<omitted>'}
        Body: None
    Response - Headers: {'date': 'Mon, 25 Jul 2022 14:50:55 GMT', 'server': 'Apache/2.4.41 (Ubuntu)', 'content-length': '0', 'openstack-api-version': 'compute 2.1', 'x-openstack-nova-api-version': '2.1', 'vary': 'OpenStack-API-Version,X-OpenStack-Nova-API-Version', 'x-openstack-request-id': 'req-4141b252-7236-402b-87dc-a8c1f5676328', 'x-compute-request-id'
    : 'req-4141b252-7236-402b-87dc-a8c1f5676328', 'connection': 'close', 'content-type': 'application/json', 'status': '202', 'content-location': 'http://[LB_IP_ADDRESS]:8774/v2.1/os-keypairs/tempest-keypair-1985145674'}
        Body: b''

{0} tempest.api.compute.volumes.test_attach_volume_negative.AttachVolumeNegativeTest.test_attach_attached_volume_to_same_server [0.236931s] ... FAILED

Captured traceback:
~~~~~~~~~~~~~~~~~~~
    Traceback (most recent call last):

      File "/usr/local/lib/python3.6/site-packages/fixtures/fixture.py", line 197, in setUp
    self._setUp()

      File "/usr/local/lib/python3.6/site-packages/tempest/lib/common/validation_resources.py", line 445, in _setUp
    floating_network_name=self._floating_network_name)

      File "/usr/local/lib/python3.6/site-packages/tempest/lib/common/validation_resources.py", line 245, in create_validation_resources
    LOG.exception(msg, prov_exc, cleanup_exc)

      File "/usr/local/lib/python3.6/site-packages/oslo_utils/excutils.py", line 227, in __exit__
    self.force_reraise()

      File "/usr/local/lib/python3.6/site-packages/oslo_utils/excutils.py", line 200, in force_reraise
    raise self.value

      File "/usr/local/lib/python3.6/site-packages/tempest/lib/common/validation_resources.py", line 217, in create_validation_resources
    pool=floating_network_name))

      File "/usr/local/lib/python3.6/site-packages/tempest/lib/services/compute/floating_ips_client.py", line 66, in create_floating_ip
    resp, body = self.post(url, post_body)

      File "/usr/local/lib/python3.6/site-packages/tempest/lib/common/rest_client.py", line 299, in post
    return self.request('POST', url, extra_headers, headers, body, chunked)

      File "/usr/local/lib/python3.6/site-packages/tempest/lib/services/compute/base_compute_client.py", line 48, in request
    method, url, extra_headers, headers, body, chunked)

      File "/usr/local/lib/python3.6/site-packages/tempest/lib/common/rest_client.py", line 703, in request
    self._error_checker(resp, resp_body)

      File "/usr/local/lib/python3.6/site-packages/tempest/lib/common/rest_client.py", line 809, in _error_checker
    raise exceptions.NotFound(resp_body, resp=resp)

    tempest.lib.exceptions.NotFound: Object not found
Details: {'code': 404, 'message': 'Floating IP pool not found.'}


Captured traceback-1:
~~~~~~~~~~~~~~~~~~~~~
    Traceback (most recent call last):

      File "/usr/local/lib/python3.6/site-packages/fixtures/fixture.py", line 197, in setUp
    self._setUp()

      File "/usr/local/lib/python3.6/site-packages/tempest/lib/common/validation_resources.py", line 445, in _setUp
    floating_network_name=self._floating_network_name)

      File "/usr/local/lib/python3.6/site-packages/tempest/lib/common/validation_resources.py", line 245, in create_validation_resources
    LOG.exception(msg, prov_exc, cleanup_exc)

      File "/usr/local/lib/python3.6/site-packages/oslo_utils/excutils.py", line 227, in __exit__
    self.force_reraise()

      File "/usr/local/lib/python3.6/site-packages/oslo_utils/excutils.py", line 200, in force_reraise
    raise self.value

      File "/usr/local/lib/python3.6/site-packages/tempest/lib/common/validation_resources.py", line 217, in create_validation_resources
    pool=floating_network_name))

      File "/usr/local/lib/python3.6/site-packages/tempest/lib/services/compute/floating_ips_client.py", line 66, in create_floating_ip
    resp, body = self.post(url, post_body)

      File "/usr/local/lib/python3.6/site-packages/tempest/lib/common/rest_client.py", line 299, in post
    return self.request('POST', url, extra_headers, headers, body, chunked)

      File "/usr/local/lib/python3.6/site-packages/tempest/lib/services/compute/base_compute_client.py", line 48, in request
    method, url, extra_headers, headers, body, chunked)

      File "/usr/local/lib/python3.6/site-packages/tempest/lib/common/rest_client.py", line 703, in request
    self._error_checker(resp, resp_body)

      File "/usr/local/lib/python3.6/site-packages/tempest/lib/common/rest_client.py", line 809, in _error_checker
    raise exceptions.NotFound(resp_body, resp=resp)

    tempest.lib.exceptions.NotFound: Object not found
Details: {'code': 404, 'message': 'Floating IP pool not found.'}

    
During handling of the above exception, another exception occurred:


    Traceback (most recent call last):

      File "/usr/local/lib/python3.6/site-packages/fixtures/fixture.py", line 208, in setUp
    raise SetupError(details)

    fixtures.fixture.SetupError: {}


Captured pythonlogging:
~~~~~~~~~~~~~~~~~~~~~~~
    2022-07-25 17:50:56,011 11506 DEBUG    [tempest.lib.common.validation_resources] Requested setup of ValidationResources keypair True, floating IP True, security group False
2022-07-25 17:50:56,011 11506 DEBUG    [tempest.lib.common.validation_resources] Requested validation resources keypair True, floating IP True, security group False
2022-07-25 17:50:56,171 11506 INFO     [tempest.lib.common.rest_client] Request (ValidationResourcesFixture:setUp): 200 POST http://[LB_IP_ADDRESS]:8774/v2.1/os-keypairs 0.158s
2022-07-25 17:50:56,172 11506 DEBUG    [tempest.lib.common.rest_client] Request - Headers: {'Content-Type': 'application/json', 'Accept': 'application/json', 'X-Auth-Token': '<omitted>'}
        Body: {"keypair": {"name": "tempest-keypair-120939284"}}
    Response - Headers: {'date': 'Mon, 25 Jul 2022 14:50:56 GMT', 'server': 'Apache/2.4.41 (Ubuntu)', 'content-length': '2304', 'openstack-api-version': 'compute 2.1', 'x-openstack-nova-api-version': '2.1', 'vary': 'OpenStack-API-Version,X-OpenStack-Nova-API-Version', 'x-openstack-request-id': 'req-2bdba3ec-d74c-4d4e-a70e-ef1b20901663', 'x-compute-request-id': 'req-2bdba3ec-d74c-4d4e-a70e-ef1b20901663', 'connection': 'close', 'content-type': 'application/json', 'status': '200', 'content-location': 'http://[LB_IP_ADDRESS]:8774/v2.1/os-keypairs'}
        Body: b'{"keypair": {"private_key": "-----BEGIN RSA PRIVATE KEY-----\\nMIIEpAIBAAKCAQEAwYY6RpRytm80oBlLepXmsFzBbTOGjil92Qe5n6mi2+GGpRBy\\nxjdAfaAOflkK3ROwImpKXtFRjbQtP8Szzh7qucWR1oDw+ozU8A4/5Cb53LPmZFhq\\n2fh7cWoKHybXIo5pJZ61f3AA8Q0yX9ckFenYm16HxXqIQ1VZktGZR6MVsLoXXytH\\nBC1vjIYoG16V/2lohFzBBeoUJQSh0Ku/ka4j+7Kig8xw4Z2/r8QG16adKD+T5MFz\\n4YFS2I/+OH627jaZxGtcNmh71wjpYLWLbL4+RnnQVrEmw9vocYGKeAdCP1tKVRow\\n+ESA6mfgqQmTYDDULZTV816jZ50a2yx3KrbKnwIDAQABAoIBABO/vvK083/qmVQ9\\nQJah9YjJ7nNWbsTTNySOxUKl7RjDSxpNM2lG+i3Xx6LdM16cQ70/W5eRhOERIgz/\\n5dmDDjEnGFrrjawD8zcMPTjrQVRkh352B3F3CiHo0F+ddxbvsYtFRwBaTb5LunhN\\nXEFgO9qfKvvcJUu5ygpRmXLWEcCXD2Rj6qs1xvey5Sdk/CqguYXUXtJy8/7jZpxn\\nbWNkA+PzZil3XjPeVY9qqxrtgsL6JjGq8bApyZ6IXVGCNukDwcmb22WRJck8stfp\\nYPmqZ4cCzV2tJxE29IUdgWjw6QCuY+ASy1CopVxCMLTa1Ftt++4D4LtzJ61eUmTM\\nQ3hWGwECgYEA9cwOq6dzmi81TmHDtgPMRuO5oI1tsCHL1CLrMvuOYP2MphJgbuWM\\nDYtMVW32Cg/4kOCzGHaZLdt5dOlxy2snlXKbVUTp3IhfxV+kXMM6Cu2uC1zr46k9\\neGELjVPw76aO6b141zGMJConYMGu2aFC/nje9oxwaM5QC8BoTo+ZRosCgYEAyY6y\\nsNS/QxaB91c5+RuUZfhL+3aUpD+SAlsl1uPZqjCzr2VEhJ3iyh0cCWPZFYaihtnB\\nD6mMhDX4Errbmj1x0ZZ+/lCOHHXDA15NeUNqbrMKrujVAQXfIwwYpe19wCmp6AAa\\nLYxjALJ9P1PtW82Jua/RevzUYv/2GgJR7aK14r0CgYEA2JpnPzuEcxYw+o7K4iY8\\nqSfbGDIpvDI8JghTjg0CblRh0qOVGYTtw63CqfIKBNoIKNvq158D49ZqFO33mtQm\\nANwLKLxe/jmrdAqRlDFyf9juLBNJyMkGY4PZo0SaqQX1IOQYjkKahfAj3W8w/5XN\\nrOSlT015bdKJ1aFMChcfcnsCgYEAhqaEDcoy9BinPpvRKPAZ1X1pFVcEui2V12kZ\\nAFQ7Z40dnUEj4wyvI6MKxeMkdVL6ZOg4J8R3ESQU1D5s0r/Vt9S4hiE+rxik7S0k\\nyKwXAFkv++Wj1wkbJojANqlP5v5ueYUH+AHfaenT7midG0VWiuxAH8+j+3dP69Q8\\n82pN5GkCgYBuZVT08/+vniyYJD4AdW29oCRmiYhdYub3xAcFDSTc2OWe+BbJsFiS\\nIq+2X+Es3hhyp4jeqWkQwv4+9Z0VawIaDzaBVHVBw40eP9aM878mK6/eDz03Na6M\\nyX4dRa97a2hnO+T9HHVSLoUW9SoiaCHkLHIzcSZKr4LQO1jRzLDR8A==\\n-----END RSA PRIVATE KEY-----\\n", "name": "tempest-keypair-120939284", "public_key": "ssh-rsa AAAAB3NzaC1yc2EAAAADAQABAAABAQDBhjpGlHK2bzSgGUt6leawXMFtM4aOKX3ZB7mfqaLb4YalEHLGN0B9oA5+WQrdE7Aiakpe0VGNtC0/xLPOHuq5xZHWgPD6jNTwDj/kJvncs+ZkWGrZ+HtxagofJtcijmklnrV/cADxDTJf1yQV6dibXofFeohDVVmS0ZlHoxWwuhdfK0cELW+MhigbXpX/aWiEXMEF6hQlBKHQq7+RriP7sqKDzHDhnb+vxAbXpp0oP5PkwXPhgVLYj/44frbuNpnEa1w2aHvXCOlgtYtsvj5GedBWsSbD2+hxgYp4B0I/W0pVGjD4RIDqZ+CpCZNgMNQtlNXzXqNnnRrbLHcqtsqf Generated-by-Nova", "fingerprint": "ff:4b:f9:d3:45:81:92:58:d2:ce:fc:1f:2b:a0:0a:c6", "user_id": "9019a181d7c44c0a949743ab7143fc88"}}'
2022-07-25 17:50:56,175 11506 DEBUG    [tempest.lib.common.validation_resources] Validation resource key tempest-keypair-120939284 created
2022-07-25 17:50:56,218 11506 INFO     [tempest.lib.common.rest_client] Request (ValidationResourcesFixture:setUp): 404 POST http://[LB_IP_ADDRESS]:8774/v2.1/os-floating-ips 0.042s
2022-07-25 17:50:56,219 11506 DEBUG    [tempest.lib.common.rest_client] Request - Headers: {'Content-Type': 'app
    lication/json', 'Accept': 'application/json', 'X-Auth-Token': '<omitted>'}
        Body: {"pool": null}
    Response - Headers: {'date': 'Mon, 25 Jul 2022 14:50:56 GMT', 'server': 'Apache/2.4.41 (Ubuntu)', 'content-length': '73', 'openstack-api-version': 'compute 2.1', 'x-openstack-nova-api-version': '2.1', 'vary': 'OpenStack-API-Version,X-OpenStack-Nova-API-Version', 'x-openstack-request-id': 'req-d126dd0c-aba0-4794-8e92-d7a87f5fe9e3', 'x-compute-request-id': 'req-d126dd0c-aba0-4794-8e92-d7a87f5fe9e3', 'connection': 'close', 'content-type': 'application/json; charset=UTF-8', 'status': '404', 'content-location': 'http://[LB_IP_ADDRESS]:8774/v2.1/os-floating-ips'}
        Body: b'{"itemNotFound": {"code": 404, "message": "Floating IP pool not found."}}'
2022-07-25 17:50:56,220 11506 DEBUG    [tempest.lib.common.validation_resources] Error while provisioning validation resources Object not found
Details: {'code': 404, 'message': 'Floating IP pool not found.'}. Trying to cleanup what we provisioned so far: {'keypair': {'private_key': '-----BEGIN RSA PRIVATE KEY-----\nMIIEpAIBAAKCAQEAwYY6RpRytm80oBlLepXmsFzBbTOGjil92Qe5n6mi2+GGpRBy\nxjdAfaAOflkK3ROwImpKXtFRjbQtP8Szzh7qucWR1oDw+ozU8A4/5Cb53LPmZFhq\n2fh7cWoKHybXIo5pJZ61f3AA8Q0yX9ckFenYm16HxXqIQ1VZktGZR6MVsLoXXytH\nBC1vjIYoG16V/2lohFzBBeoUJQSh0Ku/ka4j+7Kig8xw4Z2/r8QG16adKD+T5MFz\n4YFS2I/+OH627jaZxGtcNmh71wjpYLWLbL4+RnnQVrEmw9vocYGKeAdCP1tKVRow\n+ESA6mfgqQmTYDDULZTV816jZ50a2yx3KrbKnwIDAQABAoIBABO/vvK083/qmVQ9\nQJah9YjJ7nNWbsTTNySOxUKl7RjDSxpNM2lG+i3Xx6LdM16cQ70/W5eRhOERIgz/\n5dmDDjEnGFrrjawD8zcMPTjrQVRkh352B3F3CiHo0F+ddxbvsYtFRwBaTb5LunhN\nXEFgO9qfKvvcJUu5ygpRmXLWEcCXD2Rj6qs1xvey5Sdk/CqguYXUXtJy8/7jZpxn\nbWNkA+PzZil3XjPeVY9qqxrtgsL6JjGq8bApyZ6IXVGCNukDwcmb22WRJck8stfp\nYPmqZ4cCzV2tJxE29IUdgWjw6QCuY+ASy1CopVxCMLTa1Ftt++4D4LtzJ61eUmTM\nQ3hWGwECgYEA9cwOq6dzmi81TmHDtgPMRuO5oI1tsCHL1CLrMvuOYP2MphJgbuWM\nDYtMVW32Cg/4kOCzGHaZLdt5dOlxy2snlXKbVUTp3IhfxV+kXMM6Cu2uC1zr46k9\neGELjVPw76aO6b141zGMJConYMGu2aFC/nje9oxwaM5QC8BoTo+ZRosCgYEAyY6y\nsNS/QxaB91c5+RuUZfhL+3aUpD+SAlsl1uPZqjCzr2VEhJ3iyh0cCWPZFYaihtnB\nD6mMhDX4Errbmj1x0ZZ+/lCOHHXDA15NeUNqbrMKrujVAQXfIwwYpe19wCmp6AAa\nLYxjALJ9P1PtW82Jua/RevzUYv/2GgJR7aK14r0CgYEA2JpnPzuEcxYw+o7K4iY8\nqSfbGDIpvDI8JghTjg0CblRh0qOVGYTtw63CqfIKBNoIKNvq158D49ZqFO33mtQm\nANwLKLxe/jmrdAqRlDFyf9juLBNJyMkGY4PZo0SaqQX1IOQYjkKahfAj3W8w/5XN\nrOSlT015bdKJ1aFMChcfcnsCgYEAhqaEDcoy9BinPpvRKPAZ1X1pFVcEui2V12kZ\nAFQ7Z40dnUEj4wyvI6MKxeMkdVL6ZOg4J8R3ESQU1D5s0r/Vt9S4hiE+rxik7S0k\nyKwXAFkv++Wj1wkbJojANqlP5v5ueYUH+AHfaenT7midG0VWiuxAH8+j+3dP69Q8\n82pN5GkCgYBuZVT08/+vniyYJD4AdW29oCRmiYhdYub3xAcFDSTc2OWe+BbJsFiS\nIq+2X+Es3hhyp4jeqWkQwv4+9Z0VawIaDzaBVHVBw40eP9aM878mK6/eDz03Na6M\nyX4dRa97a2hnO+T9HHVSLoUW9SoiaCHkLHIzcSZKr4LQO1jRzLDR8A==\n-----END RSA PRIVATE KEY-----\n', 'name': 'tempest-keypair-120939284', 'public_key': 'ssh-rsa AAAAB3NzaC1yc2EAAAADAQABAAABAQDBhjpGlHK2bzSgGUt6leawXMFtM4aOKX3ZB7mfqaLb4YalEHLGN0B9oA5+WQrdE7Aiakpe0VGNtC0/xLPOHuq5xZHWgPD6jNTwDj/kJvncs+ZkWGrZ+HtxagofJtcijmklnrV/cADxDTJf1yQV6dibXofFeohDVVmS0ZlHoxWwuhdfK0cELW+MhigbXpX/aWiEXMEF6hQlBKHQq7+RriP7sqKDzHDhnb+vxAbXpp0oP5PkwXPhgVLYj/44frbuNpnEa1w2aHvXCOlgtYtsvj5GedBWsSbD2+hxgYp4B0I/W0pVGjD4RIDqZ+CpCZNgMNQtlNXzXqNnnRrbLHcqtsqf Generated-by-Nova', 'fingerprint': 'ff:4b:f9:d3:45:81:92:58:d2:ce:fc:1f:2b:a0:0a:c6', 'user_id': '9019a181d7c44c0a949743ab7143fc88'}}
2022-07-25 17:50:56,245 11506 INFO     [tempest.lib.common.rest_client] Request (ValidationResourcesFixture:setUp): 202 DELETE http://[LB_IP_ADDRESS]:8774/v2.1/os-keypairs/tempest-keypair-120939284 0.024s
2022-07-25 17:50:56,245 11506 DEBUG    [tempest.lib.common.rest_client] Request - Headers: {'Content-Type': 'application/json', 'Accept': 'application/json', 'X-Auth-Token': '<omitted>'}
        Body: None
    Response - Headers: {'date': 'Mon, 25 Jul 2022 14:50:56 GMT', 'server': 'Apache/2.4.41 (Ubuntu)', 'content-length': '0', 'openstack-api-version': 'compute 2.1', 'x-openstack-nova-api-version': '2.1', 'vary': 'OpenStack-API-Version,X-OpenStack-Nova-API-Version', 'x-openstack-request-id': 'req-6e3f1993-42eb-4a75-b661-e1c16f214852', 'x-compute-request-id': 're
    q-6e3f1993-42eb-4a75-b661-e1c16f214852', 'connection': 'close', 'content-type': 'application/json', 'status': '202', 'content-location': 'http://[LB_IP_ADDRESS]:8774/v2.1/os-keypairs/tempest-keypair-120939284'}
        Body: b''

{0} tempest.api.compute.volumes.test_attach_volume_negative.AttachVolumeNegativeTest.test_delete_attached_volume [0.484488s] ... FAILED

Captured traceback:
~~~~~~~~~~~~~~~~~~~
    Traceback (most recent call last):

      File "/usr/local/lib/python3.6/site-packages/fixtures/fixture.py", line 197, in setUp
    self._setUp()

      File "/usr/local/lib/python3.6/site-packages/tempest/lib/common/validation_resources.py", line 445, in _setUp
    floating_network_name=self._floating_network_name)

      File "/usr/local/lib/python3.6/site-packages/tempest/lib/common/validation_resources.py", line 245, in create_validation_resources
    LOG.exception(msg, prov_exc, cleanup_exc)

      File "/usr/local/lib/python3.6/site-packages/oslo_utils/excutils.py", line 227, in __exit__
    self.force_reraise()

      File "/usr/local/lib/python3.6/site-packages/oslo_utils/excutils.py", line 200, in force_reraise
    raise self.value

      File "/usr/local/lib/python3.6/site-packages/tempest/lib/common/validation_resources.py", line 217, in create_validation_resources
    pool=floating_network_name))

      File "/usr/local/lib/python3.6/site-packages/tempest/lib/services/compute/floating_ips_client.py", line 66, in create_floating_ip
    resp, body = self.post(url, post_body)

      File "/usr/local/lib/python3.6/site-packages/tempest/lib/common/rest_client.py", line 299, in post
    return self.request('POST', url, extra_headers, headers, body, chunked)

      File "/usr/local/lib/python3.6/site-packages/tempest/lib/services/compute/base_compute_client.py", line 48, in request
    method, url, extra_headers, headers, body, chunked)

      File "/usr/local/lib/python3.6/site-packages/tempest/lib/common/rest_client.py", line 703, in request
    self._error_checker(resp, resp_body)

      File "/usr/local/lib/python3.6/site-packages/tempest/lib/common/rest_client.py", line 809, in _error_checker
    raise exceptions.NotFound(resp_body, resp=resp)

    tempest.lib.exceptions.NotFound: Object not found
Details: {'code': 404, 'message': 'Floating IP pool not found.'}


Captured traceback-1:
~~~~~~~~~~~~~~~~~~~~~
    Traceback (most recent call last):

      File "/usr/local/lib/python3.6/site-packages/fixtures/fixture.py", line 197, in setUp
    self._setUp()

      File "/usr/local/lib/python3.6/site-packages/tempest/lib/common/validation_resources.py", line 445, in _setUp
    floating_network_name=self._floating_network_name)

      File "/usr/local/lib/python3.6/site-packages/tempest/lib/common/validation_resources.py", line 245, in create_validation_resources
    LOG.exception(msg, prov_exc, cleanup_exc)

      File "/usr/local/lib/python3.6/site-packages/oslo_utils/excutils.py", line 227, in __exit__
    self.force_reraise()

      File "/usr/local/lib/python3.6/site-packages/oslo_utils/excutils.py", line 200, in force_reraise
    raise self.value

      File "/usr/local/lib/python3.6/site-packages/tempest/lib/common/validation_resources.py", line 217, in create_validation_resources
    pool=floating_network_name))

      File "/usr/local/lib/python3.6/site-packages/tempest/lib/services/compute/floating_ips_client.py", line 66, in create_floating_ip
    resp, body = self.post(url, post_body)

      File "/usr/local/lib/python3.6/site-packages/tempest/lib/common/rest_client.py", line 299, in post
    return self.request('POST', url, extra_headers, headers, body, chunked)

      File "/usr/local/lib/python3.6/site-packages/tempest/lib/services/compute/base_compute_client.py", line 48, in request
    method, url, extra_headers, headers, body, chunked)

      File "/usr/local/lib/python3.6/site-packages/tempest/lib/common/rest_client.py", line 703, in request
    self._error_checker(resp, resp_body)

      File "/usr/local/lib/python3.6/site-packages/tempest/lib/common/rest_client.py", line 809, in _error_checker
    raise exceptions.NotFound(resp_body, resp=resp)

    tempest.lib.exceptions.NotFound: Object not found
Details: {'code': 404, 'message': 'Floating IP pool not found.'}

    
During handling of the above exception, another exception occurred:


    Traceback (most recent call last):

      File "/usr/local/lib/python3.6/site-packages/fixtures/fixture.py", line 208, in setUp
    raise SetupError(details)

    fixtures.fixture.SetupError: {}


Captured pythonlogging:
~~~~~~~~~~~~~~~~~~~~~~~
    2022-07-25 17:50:56,252 11506 DEBUG    [tempest.lib.common.validation_resources] Requested setup of ValidationResources keypair True, floating IP True, security group False
2022-07-25 17:50:56,252 11506 DEBUG    [tempest.lib.common.validation_resources] Requested validation resources keypair True, floating IP True, security group False
2022-07-25 17:50:56,657 11506 INFO     [tempest.lib.common.rest_client] Request (ValidationResourcesFixture:setUp): 200 POST http://[LB_IP_ADDRESS]:8774/v2.1/os-keypairs 0.403s
2022-07-25 17:50:56,657 11506 DEBUG    [tempest.lib.common.rest_client] Request - Headers: {'Content-Type': 'application/json', 'Accept': 'application/json', 'X-Auth-Token': '<omitted>'}
        Body: {"keypair": {"name": "tempest-keypair-1681224027"}}
    Response - Headers: {'date': 'Mon, 25 Jul 2022 14:50:56 GMT', 'server': 'Apache/2.4.41 (Ubuntu)', 'content-length': '2305', 'openstack-api-version': 'compute 2.1', 'x-openstack-nova-api-version': '2.1', 'vary': 'OpenStack-API-Version,X-OpenStack-Nova-API-Version', 'x-openstack-request-id': 'req-6aff88d9-87bc-42c0-816f-f3816b488520', 'x-compute-request-id': 'req-6aff88d9-87bc-42c0-816f-f3816b488520', 'connection': 'close', 'content-type': 'application/json', 'status': '200', 'content-location': 'http://[LB_IP_ADDRESS]:8774/v2.1/os-keypairs'}
        Body: b'{"keypair": {"private_key": "-----BEGIN RSA PRIVATE KEY-----\\nMIIEpAIBAAKCAQEAypYgpH061L7FKem12irMjqVBwvwMfyo8jqFkOLbC73tWPbuT\\ngnK7vPxXdkednS3S/uFtriUUbqJgDLUsrst7JifoGO96Pbz2WcRq0x6eOK24fUld\\nobK338wneOS16cXHtMowAqEjfxFjVOOhC4GLxw4dpe2x5gCDeEQbaqEdDPv4ZNFZ\\nURonAqowXmgqqAPYh6JERolj7o2wMvwninmJCTRPYjus7dvCaTkaYm2ZttKuocf5\\nNhiuYse2+gBh6bIocf3W7K3NvTX1yP+xI7MdPul6u2tJrruIZ6AKpgdT82Fcexi8\\nvIB6C4AeJlGDqi5rfTmdPeUlGD5sY/0cB+9W/wIDAQABAoIBAQCQkXHZ8EP7befl\\ncRKFDeXMJcI4EwYX+VwdrK6IimOx4qI4i5NIk/fFdY40qgagFANuQBC1JWDfUqCY\\ncPHiCvNm1zOaF8t0I1Tp2nEhF8hxSgdN4P0gVxlAa7//Vbc7jBhnu6FnPvbFxvLL\\nsWVLgLbu5fPiZS1+pP8s4+1sumywxhoA/K9fx3MSbPBrpjaN3vV7HYfTbFGXioXc\\n26X0gx8tB2x+Y7OWQF/t98HM6wgXw0g6dVu0PGbkS+XPlu20wwEnu9IG8didzQB1\\nXbEBuyeE5HH10dHKsTgG5pOnFQwaXdTfgTJMEE/55iT4TMZkwKGnplnZMW3oxzFZ\\nbU0LLsyBAoGBAOXZzpO7fwgkO0f1AZLw8iuFLctXWaI7tlmJ8hMi3T2idzd7e7Hn\\n7fDOQuof0F1uPRPtAE95Te8w9SGP7TMFwIlHdiXRXjNa6gXp82fFX9WI4CkOOu+7\\n/43772CR/HPhOaVepft6Ejq+a782pKmcBTWoSugRG2hQxWSwVI1I7fArAoGBAOGi\\nRVTi/YvaffTNHpa6t5+6zAmdAzznf68TtH9XLuKnP/mnbXfcCx/peuAZB8tgQbOX\\ndBOohC7bXVg4QlESGGNKE2sGy7VF+iVIaxoqUrQ5V8Ece+Ru6HRgfMItCwhy9zMN\\nnSJm8BB6EBXm6FOcF3vZ9+VCckreIN4vVJ6NSDZ9AoGAUqWfpvU7NyU3/6a0Wy6y\\nFT38+mm9PB12cvmsBn95x+i8L0ICdzTrFLRF0UOBO6cg5SJKA0md4UzcR6Yl5zvB\\nQFtmuzBuS8776QZ3VC/fRrvBxmFshbk2qcoWB8ZWXSB2BuVij2sUVPUVbxrp2GbW\\nZLXPwWQtU7P/VjYlIOxBSiMCgYBe61bjWQJ0vRvTyh6eJjptNbX0LVtZWcH7Mvzx\\nvQl6TAW7ztVcYPNFH4GTmLQQuJOrK4Gna3MAC0R/gltTo5si2dzFX3x+68tJt+dm\\ngHt+Wcky8fqkpIuhuZ2CSlSj30li7s011bwUEmWF8Te3RKkUbyO8DHHsUPnevmaI\\ntMK2OQKBgQC1hS0VzZH3KgOxCmK1FDIo5iA4k/ol0lHMlhtPkKg0LSS+hb7UqWWf\\n5/erllZxazXk396Lgwx+r9VO9qUQJDVEucp04Zf+B+YyYzrJlm3gk7S+7jSRts0F\\ngje7f4Z7c1sx7/OagGtiZLuxHEu8so5H5q1rz7Mg/DVIwRkbUjuWew==\\n-----END RSA PRIVATE KEY-----\\n", "name": "tempest-keypair-1681224027", "public_key": "ssh-rsa AAAAB3NzaC1yc2EAAAADAQABAAABAQDKliCkfTrUvsUp6bXaKsyOpUHC/Ax/KjyOoWQ4tsLve1Y9u5OCcru8/Fd2R52dLdL+4W2uJRRuomAMtSyuy3smJ+gY73o9vPZZxGrTHp44rbh9SV2hsrffzCd45LXpxce0yjACoSN/EWNU46ELgYvHDh2l7bHmAIN4RBtqoR0M+/hk0VlRGicCqjBeaCqoA9iHokRGiWPujbAy/CeKeYkJNE9iO6zt28JpORpibZm20q6hx/k2GK5ix7b6AGHpsihx/dbsrc29NfXI/7Ejsx0+6Xq7a0muu4hnoAqmB1PzYVx7GLy8gHoLgB4mUYOqLmt9OZ095SUYPmxj/RwH71b/ Generated-by-Nova", "fingerprint": "19:3d:ea:69:f9:68:0f:48:21:55:de:a3:a5:ec:4c:86", "user_id": "9019a181d7c44c0a949743ab7143fc88"}}'
2022-07-25 17:50:56,661 11506 DEBUG    [tempest.lib.common.validation_resources] Validation resource key tempest-keypair-1681224027 created
2022-07-25 17:50:56,705 11506 INFO     [tempest.lib.common.rest_client] Request (ValidationResourcesFixture:setUp): 404 POST http://[LB_IP_ADDRESS]:8774/v2.1/os-floating-ips 0.043s
2022-07-25 17:50:56,705 11506 DEBUG    [tempest.lib.common.rest_client] Request - Headers: {'Content-Type': '
    application/json', 'Accept': 'application/json', 'X-Auth-Token': '<omitted>'}
        Body: {"pool": null}
    Response - Headers: {'date': 'Mon, 25 Jul 2022 14:50:56 GMT', 'server': 'Apache/2.4.41 (Ubuntu)', 'content-length': '73', 'openstack-api-version': 'compute 2.1', 'x-openstack-nova-api-version': '2.1', 'vary': 'OpenStack-API-Version,X-OpenStack-Nova-API-Version', 'x-openstack-request-id': 'req-096caddc-0092-449b-9214-a81c13b3484b', 'x-compute-request-id': 'req-096caddc-0092-449b-9214-a81c13b3484b', 'connection': 'close', 'content-type': 'application/json; charset=UTF-8', 'status': '404', 'content-location': 'http://[LB_IP_ADDRESS]:8774/v2.1/os-floating-ips'}
        Body: b'{"itemNotFound": {"code": 404, "message": "Floating IP pool not found."}}'
2022-07-25 17:50:56,706 11506 DEBUG    [tempest.lib.common.validation_resources] Error while provisioning validation resources Object not found
Details: {'code': 404, 'message': 'Floating IP pool not found.'}. Trying to cleanup what we provisioned so far: {'keypair': {'private_key': '-----BEGIN RSA PRIVATE KEY-----\nMIIEpAIBAAKCAQEAypYgpH061L7FKem12irMjqVBwvwMfyo8jqFkOLbC73tWPbuT\ngnK7vPxXdkednS3S/uFtriUUbqJgDLUsrst7JifoGO96Pbz2WcRq0x6eOK24fUld\nobK338wneOS16cXHtMowAqEjfxFjVOOhC4GLxw4dpe2x5gCDeEQbaqEdDPv4ZNFZ\nURonAqowXmgqqAPYh6JERolj7o2wMvwninmJCTRPYjus7dvCaTkaYm2ZttKuocf5\nNhiuYse2+gBh6bIocf3W7K3NvTX1yP+xI7MdPul6u2tJrruIZ6AKpgdT82Fcexi8\nvIB6C4AeJlGDqi5rfTmdPeUlGD5sY/0cB+9W/wIDAQABAoIBAQCQkXHZ8EP7befl\ncRKFDeXMJcI4EwYX+VwdrK6IimOx4qI4i5NIk/fFdY40qgagFANuQBC1JWDfUqCY\ncPHiCvNm1zOaF8t0I1Tp2nEhF8hxSgdN4P0gVxlAa7//Vbc7jBhnu6FnPvbFxvLL\nsWVLgLbu5fPiZS1+pP8s4+1sumywxhoA/K9fx3MSbPBrpjaN3vV7HYfTbFGXioXc\n26X0gx8tB2x+Y7OWQF/t98HM6wgXw0g6dVu0PGbkS+XPlu20wwEnu9IG8didzQB1\nXbEBuyeE5HH10dHKsTgG5pOnFQwaXdTfgTJMEE/55iT4TMZkwKGnplnZMW3oxzFZ\nbU0LLsyBAoGBAOXZzpO7fwgkO0f1AZLw8iuFLctXWaI7tlmJ8hMi3T2idzd7e7Hn\n7fDOQuof0F1uPRPtAE95Te8w9SGP7TMFwIlHdiXRXjNa6gXp82fFX9WI4CkOOu+7\n/43772CR/HPhOaVepft6Ejq+a782pKmcBTWoSugRG2hQxWSwVI1I7fArAoGBAOGi\nRVTi/YvaffTNHpa6t5+6zAmdAzznf68TtH9XLuKnP/mnbXfcCx/peuAZB8tgQbOX\ndBOohC7bXVg4QlESGGNKE2sGy7VF+iVIaxoqUrQ5V8Ece+Ru6HRgfMItCwhy9zMN\nnSJm8BB6EBXm6FOcF3vZ9+VCckreIN4vVJ6NSDZ9AoGAUqWfpvU7NyU3/6a0Wy6y\nFT38+mm9PB12cvmsBn95x+i8L0ICdzTrFLRF0UOBO6cg5SJKA0md4UzcR6Yl5zvB\nQFtmuzBuS8776QZ3VC/fRrvBxmFshbk2qcoWB8ZWXSB2BuVij2sUVPUVbxrp2GbW\nZLXPwWQtU7P/VjYlIOxBSiMCgYBe61bjWQJ0vRvTyh6eJjptNbX0LVtZWcH7Mvzx\nvQl6TAW7ztVcYPNFH4GTmLQQuJOrK4Gna3MAC0R/gltTo5si2dzFX3x+68tJt+dm\ngHt+Wcky8fqkpIuhuZ2CSlSj30li7s011bwUEmWF8Te3RKkUbyO8DHHsUPnevmaI\ntMK2OQKBgQC1hS0VzZH3KgOxCmK1FDIo5iA4k/ol0lHMlhtPkKg0LSS+hb7UqWWf\n5/erllZxazXk396Lgwx+r9VO9qUQJDVEucp04Zf+B+YyYzrJlm3gk7S+7jSRts0F\ngje7f4Z7c1sx7/OagGtiZLuxHEu8so5H5q1rz7Mg/DVIwRkbUjuWew==\n-----END RSA PRIVATE KEY-----\n', 'name': 'tempest-keypair-1681224027', 'public_key': 'ssh-rsa AAAAB3NzaC1yc2EAAAADAQABAAABAQDKliCkfTrUvsUp6bXaKsyOpUHC/Ax/KjyOoWQ4tsLve1Y9u5OCcru8/Fd2R52dLdL+4W2uJRRuomAMtSyuy3smJ+gY73o9vPZZxGrTHp44rbh9SV2hsrffzCd45LXpxce0yjACoSN/EWNU46ELgYvHDh2l7bHmAIN4RBtqoR0M+/hk0VlRGicCqjBeaCqoA9iHokRGiWPujbAy/CeKeYkJNE9iO6zt28JpORpibZm20q6hx/k2GK5ix7b6AGHpsihx/dbsrc29NfXI/7Ejsx0+6Xq7a0muu4hnoAqmB1PzYVx7GLy8gHoLgB4mUYOqLmt9OZ095SUYPmxj/RwH71b/ Generated-by-Nova', 'fingerprint': '19:3d:ea:69:f9:68:0f:48:21:55:de:a3:a5:ec:4c:86', 'user_id': '9019a181d7c44c0a949743ab7143fc88'}}
2022-07-25 17:50:56,733 11506 INFO     [tempest.lib.common.rest_client] Request (ValidationResourcesFixture:setUp): 202 DELETE http://[LB_IP_ADDRESS]:8774/v2.1/os-keypairs/tempest-keypair-1681224027 0.026s
2022-07-25 17:50:56,734 11506 DEBUG    [tempest.lib.common.rest_client] Request - Headers: {'Content-Type': 'application/json', 'Accept': 'application/json', 'X-Auth-Token': '<omitted>'}
        Body: None
    Response - Headers: {'date': 'Mon, 25 Jul 2022 14:50:56 GMT', 'server': 'Apache/2.4.41 (Ubuntu)', 'content-length': '0', 'openstack-api-version': 'compute 2.1', 'x-openstack-nova-api-version': '2.1', 'vary': 'OpenStack-API-Version,X-OpenStack-Nova-API-Version', 'x-openstack-request-id': 'req-b04c01d3-7e6f-446c-97dd-f041d2abdc2d', 'x-compute-request-id'
    : 'req-b04c01d3-7e6f-446c-97dd-f041d2abdc2d', 'connection': 'close', 'content-type': 'application/json', 'status': '202', 'content-location': 'http://[LB_IP_ADDRESS]:8774/v2.1/os-keypairs/tempest-keypair-1681224027'}
        Body: b''

{2} tempest.api.volume.admin.test_volumes_list.VolumesListAdminTestJSON.test_volume_list_param_tenant [2.727271s] ... ok
{0} tempest.api.compute.volumes.test_volumes_list.VolumesTestJSON.test_volume_list [0.072603s] ... ok
{0} tempest.api.compute.volumes.test_volumes_list.VolumesTestJSON.test_volume_list_param_limit [0.089602s] ... ok
{0} tempest.api.compute.volumes.test_volumes_list.VolumesTestJSON.test_volume_list_param_offset_and_limit [0.144588s] ... ok
{0} tempest.api.compute.volumes.test_volumes_list.VolumesTestJSON.test_volume_list_with_detail_param_limit [0.072630s] ... ok
{0} tempest.api.compute.volumes.test_volumes_list.VolumesTestJSON.test_volume_list_with_detail_param_offset_and_limit [0.150941s] ... ok
{0} tempest.api.compute.volumes.test_volumes_list.VolumesTestJSON.test_volume_list_with_details [0.069415s] ... ok
{1} tempest.api.volume.test_volumes_extend.VolumesExtendAttachedTest.test_extend_attached_volume [14.530810s] ... ok
{2} tempest.api.volume.test_extensions.ExtensionsTestJSON.test_list_extensions [0.203647s] ... ok
{0} tempest.api.volume.admin.test_encrypted_volumes_extend.EncryptedVolumesExtendAttachedTest.test_extend_attached_encrypted_volume_luksv1 ... SKIPPED: Attached encrypted volume extend is disabled.
{2} tempest.api.volume.test_volume_absolute_limits.AbsoluteLimitsTests.test_get_volume_absolute_limits [0.068791s] ... ok
{0} tempest.api.volume.admin.test_group_snapshots.GroupSnapshotsV319Test.test_reset_group_snapshot_status [9.217655s] ... ok
{1} tempest.api.volume.test_volumes_extend.VolumesExtendTest.test_volume_extend [16.783484s] ... ok
{2} tempest.api.volume.test_volume_transfers.VolumesTransfersV355Test.test_create_get_list_accept_volume_transfer [4.784176s] ... ok
{2} tempest.api.volume.test_volume_transfers.VolumesTransfersV355Test.test_create_list_delete_volume_transfer [3.864802s] ... ok
{1} tempest.api.volume.test_volumes_extend.VolumesExtendTest.test_volume_extend_when_volume_has_snapshot [5.976144s] ... ok
{0} tempest.api.volume.admin.test_groups.GroupsTest.test_group_create_show_list_delete [8.068956s] ... ok
{2} tempest.api.volume.test_volumes_actions.VolumesActionsTest.test_attach_detach_volume_to_instance [7.078847s] ... ok
{0} tempest.api.volume.admin.test_groups.GroupsTest.test_group_update [10.208613s] ... ok
{2} tempest.api.volume.test_volumes_actions.VolumesActionsTest.test_get_volume_attachment [5.890823s] ... ok
{2} tempest.api.volume.test_volumes_actions.VolumesActionsTest.test_reserve_unreserve_volume [0.237242s] ... ok
{2} tempest.api.volume.test_volumes_actions.VolumesActionsTest.test_volume_bootable [0.200107s] ... ok
{2} tempest.api.volume.test_volumes_actions.VolumesActionsTest.test_volume_readonly_update [0.213768s] ... ok
{0} tempest.api.volume.admin.test_groups.GroupsV320Test.test_reset_group_status [3.078839s] ... ok
{0} setUpClass (tempest.api.volume.admin.test_multi_backend.VolumeMultiBackendTest) ... SKIPPED: Cinder multi-backend feature disabled
{0} tempest.api.volume.admin.test_volume_hosts.VolumeHostsAdminTestsJSON.test_list_hosts [0.132647s] ... ok
{0} tempest.api.volume.admin.test_volume_hosts.VolumeHostsAdminTestsJSON.test_show_host [0.223451s] ... ok
{0} setUpClass (tempest.api.volume.admin.test_volume_manage.VolumeManageAdminTest) ... SKIPPED: Manage volume tests are disabled
{2} tempest.api.volume.test_volumes_actions.VolumesActionsTest.test_volume_upload [18.264122s] ... ok
{0} tempest.api.volume.admin.test_volume_pools.VolumePoolsAdminTestsJSON.test_get_pools_without_details [0.163889s] ... ok
{0} tempest.api.volume.admin.test_volume_quota_classes.VolumeQuotaClassesTest.test_show_default_quota [0.216613s] ... ok
{0} tempest.api.volume.admin.test_volume_quota_classes.VolumeQuotaClassesTest.test_update_default_quota [1.296114s] ... ok
{0} tempest.api.volume.admin.test_volume_quotas.VolumeQuotasAdminTestJSON.test_delete_quota [0.732187s] ... ok
{0} tempest.api.volume.admin.test_volume_quotas.VolumeQuotasAdminTestJSON.test_list_default_quotas [0.051433s] ... ok
{0} tempest.api.volume.admin.test_volume_quotas.VolumeQuotasAdminTestJSON.test_list_quotas [0.060841s] ... ok
{1} tempest.api.volume.test_volumes_snapshots.VolumesSnapshotTestJSON.test_snapshot_create_delete_with_volume_in_use [45.102842s] ... ok
{0} tempest.api.volume.admin.test_volume_quotas.VolumeQuotasAdminTestJSON.test_quota_usage [3.838240s] ... ok
{1} tempest.api.volume.test_volumes_snapshots.VolumesSnapshotTestJSON.test_snapshot_create_get_list_update_delete [3.502572s] ... ok
{0} tempest.api.volume.admin.test_volume_quotas.VolumeQuotasAdminTestJSON.test_quota_usage_after_volume_transfer [4.549624s] ... ok
{0} tempest.api.volume.admin.test_volume_quotas.VolumeQuotasAdminTestJSON.test_show_quota_usage [0.080520s] ... ok
{0} tempest.api.volume.admin.test_volume_quotas.VolumeQuotasAdminTestJSON.test_update_all_quota_resources_for_tenant [0.317900s] ... ok
{2} tempest.api.volume.test_volumes_clone.VolumesCloneTest.test_create_from_bootable_volume [20.027263s] ... ok
{0} tempest.api.volume.admin.test_volume_services.VolumesServicesTestJSON.test_get_service_by_host_name [0.035917s] ... ok
{0} tempest.api.volume.admin.test_volume_services.VolumesServicesTestJSON.test_get_service_by_service_and_host_name [0.032874s] ... ok
{0} tempest.api.volume.admin.test_volume_services.VolumesServicesTestJSON.test_get_service_by_service_binary_name [0.053487s] ... ok
{2} tempest.api.volume.test_volumes_clone.VolumesCloneTest.test_create_from_volume [5.937642s] ... ok
{0} tempest.api.volume.admin.test_volume_services.VolumesServicesTestJSON.test_get_service_by_volume_host_name [2.712296s] ... ok
{0} tempest.api.volume.admin.test_volume_services.VolumesServicesTestJSON.test_list_services [0.027995s] ... ok
{0} tempest.api.volume.admin.test_volume_services_negative.VolumeServicesNegativeTest.test_disable_log_reason_with_no_reason [0.020212s] ... ok
{0} tempest.api.volume.admin.test_volume_services_negative.VolumeServicesNegativeTest.test_disable_service_with_invalid_binary [0.027927s] ... ok
{0} tempest.api.volume.admin.test_volume_services_negative.VolumeServicesNegativeTest.test_enable_service_with_invalid_host [0.026913s] ... ok
{0} tempest.api.volume.admin.test_volume_services_negative.VolumeServicesNegativeTest.test_freeze_host_with_invalid_host [0.028815s] ... ok
{0} tempest.api.volume.admin.test_volume_services_negative.VolumeServicesNegativeTest.test_thaw_host_with_invalid_host [0.028201s] ... ok
{1} tempest.api.volume.test_volumes_snapshots.VolumesSnapshotTestJSON.test_snapshot_create_offline_delete_online [21.656287s] ... ok
{2} tempest.api.volume.test_volumes_get.VolumesGetTest.test_volume_create_get_update_delete [7.549504s] ... ok
{1} tempest.api.volume.test_volumes_snapshots.VolumesSnapshotTestJSON.test_volume_from_snapshot [7.209936s] ... ok
{0} tempest.api.volume.test_image_metadata.VolumesImageMetadata.test_update_show_delete_image_metadata [0.230411s] ... ok
{2} tempest.api.volume.test_volumes_get.VolumesGetTest.test_volume_create_get_update_delete_as_clone [10.865266s] ... ok
{1} tempest.api.volume.test_volumes_snapshots.VolumesSnapshotTestJSON.test_volume_from_snapshot_no_size [8.287527s] ... ok
{0} tempest.api.volume.test_snapshot_metadata.SnapshotMetadataTestJSON.test_crud_snapshot_metadata [0.300323s] ... ok
{0} tempest.api.volume.test_snapshot_metadata.SnapshotMetadataTestJSON.test_update_show_snapshot_metadata_item [0.280112s] ... ok
{1} tempest.api.volume.test_volumes_snapshots_negative.VolumesSnapshotNegativeTestJSON.test_create_snapshot_with_nonexistent_volume_id [0.121976s] ... ok
{1} tempest.api.volume.test_volumes_snapshots_negative.VolumesSnapshotNegativeTestJSON.test_create_snapshot_without_passing_volume_id [0.030651s] ... ok
{1} tempest.api.volume.test_volumes_snapshots_negative.VolumesSnapshotNegativeTestJSON.test_list_snapshot_invalid_param_limit [0.016807s] ... ok
{1} tempest.api.volume.test_volumes_snapshots_negative.VolumesSnapshotNegativeTestJSON.test_list_snapshots_invalid_param_marker [0.027950s] ... ok
{1} tempest.api.volume.test_volumes_snapshots_negative.VolumesSnapshotNegativeTestJSON.test_list_snapshots_invalid_param_sort [0.018214s] ... ok
{1} tempest.api.volume.test_volumes_snapshots_negative.VolumesSnapshotNegativeTestJSON.test_volume_from_snapshot_decreasing_size [4.718559s] ... ok
{2} tempest.api.volume.test_volumes_get.VolumesGetTest.test_volume_create_get_update_delete_from_image [20.213314s] ... ok
{0} tempest.api.volume.test_volume_transfers.VolumesTransfersTest.test_create_get_list_accept_volume_transfer [4.842405s] ... ok
{2} tempest.api.volume.test_volumes_get.VolumesSummaryTest.test_show_volume_summary [0.146919s] ... ok
{0} tempest.api.volume.test_volume_transfers.VolumesTransfersTest.test_create_list_delete_volume_transfer [3.772071s] ... ok
{2} tempest.api.volume.test_volumes_list.VolumesListTestJSON.test_volume_list [0.050413s] ... ok
{2} tempest.api.volume.test_volumes_list.VolumesListTestJSON.test_volume_list_by_name [0.048116s] ... ok
{2} tempest.api.volume.test_volumes_list.VolumesListTestJSON.test_volume_list_details_by_name [0.057799s] ... ok
{2} tempest.api.volume.test_volumes_list.VolumesListTestJSON.test_volume_list_details_pagination [0.255144s] ... ok
{2} tempest.api.volume.test_volumes_list.VolumesListTestJSON.test_volume_list_details_with_multiple_params [0.124179s] ... ok
{2} tempest.api.volume.test_volumes_list.VolumesListTestJSON.test_volume_list_pagination [0.191402s] ... ok
{2} tempest.api.volume.test_volumes_list.VolumesListTestJSON.test_volume_list_param_display_name_and_status [0.044258s] ... ok
{2} tempest.api.volume.test_volumes_list.VolumesListTestJSON.test_volume_list_with_detail_param_display_name_and_status [0.056447s] ... ok
{2} tempest.api.volume.test_volumes_list.VolumesListTestJSON.test_volume_list_with_detail_param_marker [0.068491s] ... ok
{2} tempest.api.volume.test_volumes_list.VolumesListTestJSON.test_volume_list_with_detail_param_metadata [0.064381s] ... ok
{2} tempest.api.volume.test_volumes_list.VolumesListTestJSON.test_volume_list_with_details [0.057668s] ... ok
{2} tempest.api.volume.test_volumes_list.VolumesListTestJSON.test_volume_list_with_param_metadata [0.046585s] ... ok
{2} tempest.api.volume.test_volumes_list.VolumesListTestJSON.test_volumes_list_by_availability_zone [0.090001s] ... ok
{2} tempest.api.volume.test_volumes_list.VolumesListTestJSON.test_volumes_list_by_bootable [0.092635s] ... ok
{2} tempest.api.volume.test_volumes_list.VolumesListTestJSON.test_volumes_list_by_status [0.088556s] ... ok
{2} tempest.api.volume.test_volumes_list.VolumesListTestJSON.test_volumes_list_details_by_availability_zone [0.060817s] ... ok
{2} tempest.api.volume.test_volumes_list.VolumesListTestJSON.test_volumes_list_details_by_bootable [0.070503s] ... ok
{2} tempest.api.volume.test_volumes_list.VolumesListTestJSON.test_volumes_list_details_by_status [0.075155s] ... ok
{0} tempest.api.volume.test_volumes_snapshots_list.VolumesSnapshotListTestJSON.test_snapshot_list_param_limit [0.038306s] ... ok
{0} tempest.api.volume.test_volumes_snapshots_list.VolumesSnapshotListTestJSON.test_snapshot_list_param_limit_equals_infinite [0.065669s] ... ok
{0} tempest.api.volume.test_volumes_snapshots_list.VolumesSnapshotListTestJSON.test_snapshot_list_param_limit_equals_zero [0.023581s] ... ok
{0} tempest.api.volume.test_volumes_snapshots_list.VolumesSnapshotListTestJSON.test_snapshot_list_param_marker [0.068341s] ... ok
{0} tempest.api.volume.test_volumes_snapshots_list.VolumesSnapshotListTestJSON.test_snapshot_list_param_offset [0.030211s] ... ok
{0} tempest.api.volume.test_volumes_snapshots_list.VolumesSnapshotListTestJSON.test_snapshot_list_param_sort_created_at_asc [0.034861s] ... ok
{0} tempest.api.volume.test_volumes_snapshots_list.VolumesSnapshotListTestJSON.test_snapshot_list_param_sort_created_at_desc [0.033004s] ... ok
{0} tempest.api.volume.test_volumes_snapshots_list.VolumesSnapshotListTestJSON.test_snapshot_list_param_sort_id_asc [0.033261s] ... ok
{0} tempest.api.volume.test_volumes_snapshots_list.VolumesSnapshotListTestJSON.test_snapshot_list_param_sort_id_desc [0.030975s] ... ok
{0} tempest.api.volume.test_volumes_snapshots_list.VolumesSnapshotListTestJSON.test_snapshot_list_param_sort_name_asc [0.038401s] ... ok
{0} tempest.api.volume.test_volumes_snapshots_list.VolumesSnapshotListTestJSON.test_snapshot_list_param_sort_name_desc [0.033190s] ... ok
{0} tempest.api.volume.test_volumes_snapshots_list.VolumesSnapshotListTestJSON.test_snapshots_list_details_with_params [0.098552s] ... ok
{0} tempest.api.volume.test_volumes_snapshots_list.VolumesSnapshotListTestJSON.test_snapshots_list_with_params [0.094331s] ... ok
{2} tempest.api.volume.test_volumes_negative.VolumesNegativeTest.test_attach_volumes_with_nonexistent_volume_id [7.235705s] ... ok
{2} tempest.api.volume.test_volumes_negative.VolumesNegativeTest.test_create_volume_from_deactivated_image [1.144097s] ... ok
{2} tempest.api.volume.test_volumes_negative.VolumesNegativeTest.test_create_volume_from_image_with_decreasing_size [0.351043s] ... ok
{2} tempest.api.volume.test_volumes_negative.VolumesNegativeTest.test_create_volume_with_invalid_size [0.016515s] ... ok
{2} tempest.api.volume.test_volumes_negative.VolumesNegativeTest.test_create_volume_with_nonexistent_snapshot_id [0.031862s] ... ok
{2} tempest.api.volume.test_volumes_negative.VolumesNegativeTest.test_create_volume_with_nonexistent_source_volid [0.035667s] ... ok
{2} tempest.api.volume.test_volumes_negative.VolumesNegativeTest.test_create_volume_with_nonexistent_volume_type [0.027798s] ... ok
{2} tempest.api.volume.test_volumes_negative.VolumesNegativeTest.test_create_volume_with_size_negative [0.015618s] ... ok
{2} tempest.api.volume.test_volumes_negative.VolumesNegativeTest.test_create_volume_with_size_zero [0.016723s] ... ok
{2} tempest.api.volume.test_volumes_negative.VolumesNegativeTest.test_create_volume_without_passing_size [0.016425s] ... ok
{2} tempest.api.volume.test_volumes_negative.VolumesNegativeTest.test_delete_invalid_volume_id [0.030370s] ... ok
{2} tempest.api.volume.test_volumes_negative.VolumesNegativeTest.test_delete_volume_without_passing_volume_id [0.013283s] ... ok
{2} tempest.api.volume.test_volumes_negative.VolumesNegativeTest.test_detach_volumes_with_invalid_volume_id [0.027971s] ... ok
{2} tempest.api.volume.test_volumes_negative.VolumesNegativeTest.test_get_invalid_volume_id [0.033612s] ... ok
{2} tempest.api.volume.test_volumes_negative.VolumesNegativeTest.test_get_volume_without_passing_volume_id [0.012856s] ... ok
{2} tempest.api.volume.test_volumes_negative.VolumesNegativeTest.test_list_volumes_detail_with_invalid_status [0.049261s] ... ok
{2} tempest.api.volume.test_volumes_negative.VolumesNegativeTest.test_list_volumes_detail_with_nonexistent_name [0.049978s] ... ok
{2} tempest.api.volume.test_volumes_negative.VolumesNegativeTest.test_list_volumes_with_invalid_status [0.034979s] ... ok
{2} tempest.api.volume.test_volumes_negative.VolumesNegativeTest.test_list_volumes_with_nonexistent_name [0.043161s] ... ok
{2} tempest.api.volume.test_volumes_negative.VolumesNegativeTest.test_reserve_volume_with_negative_volume_status [0.152975s] ... ok
{2} tempest.api.volume.test_volumes_negative.VolumesNegativeTest.test_reserve_volume_with_nonexistent_volume_id [0.027034s] ... ok
{2} tempest.api.volume.test_volumes_negative.VolumesNegativeTest.test_unreserve_volume_with_nonexistent_volume_id [0.027709s] ... ok
{2} tempest.api.volume.test_volumes_negative.VolumesNegativeTest.test_update_volume_with_empty_volume_id [0.014235s] ... ok
{2} tempest.api.volume.test_volumes_negative.VolumesNegativeTest.test_update_volume_with_invalid_volume_id [0.027267s] ... ok
{2} tempest.api.volume.test_volumes_negative.VolumesNegativeTest.test_update_volume_with_nonexistent_volume_id [0.037168s] ... ok
{2} tempest.api.volume.test_volumes_negative.VolumesNegativeTest.test_volume_delete_nonexistent_volume_id [0.029608s] ... ok
{2} tempest.api.volume.test_volumes_negative.VolumesNegativeTest.test_volume_extend_with_None_size [0.015539s] ... ok
{2} tempest.api.volume.test_volumes_negative.VolumesNegativeTest.test_volume_extend_with_non_number_size [0.014267s] ... ok
{2} tempest.api.volume.test_volumes_negative.VolumesNegativeTest.test_volume_extend_with_nonexistent_volume_id [0.030220s] ... ok
{2} tempest.api.volume.test_volumes_negative.VolumesNegativeTest.test_volume_extend_with_size_smaller_than_original_size [0.016540s] ... ok
{2} tempest.api.volume.test_volumes_negative.VolumesNegativeTest.test_volume_extend_without_passing_volume_id [0.027655s] ... ok
{2} tempest.api.volume.test_volumes_negative.VolumesNegativeTest.test_volume_get_nonexistent_volume_id [0.029296s] ... ok

==============================
Failed 3 tests - output below:
==============================

tempest.api.compute.volumes.test_attach_volume_negative.AttachVolumeNegativeTest.test_attach_attached_volume_to_different_server[id-ee37a796-2afb-11e7-bc0f-fa163e65f5ce,negative]
----------------------------------------------------------------------------------------------------------------------------------------------------------------------------------

Captured traceback:
~~~~~~~~~~~~~~~~~~~
    Traceback (most recent call last):

      File "/usr/local/lib/python3.6/site-packages/fixtures/fixture.py", line 197, in setUp
    self._setUp()

      File "/usr/local/lib/python3.6/site-packages/tempest/lib/common/validation_resources.py", line 445, in _setUp
    floating_network_name=self._floating_network_name)

      File "/usr/local/lib/python3.6/site-packages/tempest/lib/common/validation_resources.py", line 245, in create_validation_resources
    LOG.exception(msg, prov_exc, cleanup_exc)

      File "/usr/local/lib/python3.6/site-packages/oslo_utils/excutils.py", line 227, in __exit__
    self.force_reraise()

      File "/usr/local/lib/python3.6/site-packages/oslo_utils/excutils.py", line 200, in force_reraise
    raise self.value

      File "/usr/local/lib/python3.6/site-packages/tempest/lib/common/validation_resources.py", line 217, in create_validation_resources
    pool=floating_network_name))

      File "/usr/local/lib/python3.6/site-packages/tempest/lib/services/compute/floating_ips_client.py", line 66, in create_floating_ip
    resp, body = self.post(url, post_body)

      File "/usr/local/lib/python3.6/site-packages/tempest/lib/common/rest_client.py", line 299, in post
    return self.request('POST', url, extra_headers, headers, body, chunked)

      File "/usr/local/lib/python3.6/site-packages/tempest/lib/services/compute/base_compute_client.py", line 48, in request
    method, url, extra_headers, headers, body, chunked)

      File "/usr/local/lib/python3.6/site-packages/tempest/lib/common/rest_client.py", line 703, in request
    self._error_checker(resp, resp_body)

      File "/usr/local/lib/python3.6/site-packages/tempest/lib/common/rest_client.py", line 809, in _error_checker
    raise exceptions.NotFound(resp_body, resp=resp)

    tempest.lib.exceptions.NotFound: Object not found
Details: {'code': 404, 'message': 'Floating IP pool not found.'}


Captured traceback-1:
~~~~~~~~~~~~~~~~~~~~~
    Traceback (most recent call last):

      File "/usr/local/lib/python3.6/site-packages/fixtures/fixture.py", line 197, in setUp
    self._setUp()

      File "/usr/local/lib/python3.6/site-packages/tempest/lib/common/validation_resources.py", line 445, in _setUp
    floating_network_name=self._floating_network_name)

      File "/usr/local/lib/python3.6/site-packages/tempest/lib/common/validation_resources.py", line 245, in create_validation_resources
    LOG.exception(msg, prov_exc, cleanup_exc)

      File "/usr/local/lib/python3.6/site-packages/oslo_utils/excutils.py", line 227, in __exit__
    self.force_reraise()

      File "/usr/local/lib/python3.6/site-packages/oslo_utils/excutils.py", line 200, in force_reraise
    raise self.value

      File "/usr/local/lib/python3.6/site-packages/tempest/lib/common/validation_resources.py", line 217, in create_validation_resources
    pool=floating_network_name))

      File "/usr/local/lib/python3.6/site-packages/tempest/lib/services/compute/floating_ips_client.py", line 66, in create_floating_ip
    resp, body = self.post(url, post_body)

      File "/usr/local/lib/python3.6/site-packages/tempest/lib/common/rest_client.py", line 299, in post
    return self.request('POST', url, extra_headers, headers, body, chunked)

      File "/usr/local/lib/python3.6/site-packages/tempest/lib/services/compute/base_compute_client.py", line 48, in request
    method, url, extra_headers, headers, body, chunked)

      File "/usr/local/lib/python3.6/site-packages/tempest/lib/common/rest_client.py", line 703, in request
    self._error_checker(resp, resp_body)

      File "/usr/local/lib/python3.6/site-packages/tempest/lib/common/rest_client.py", line 809, in _error_checker
    raise exceptions.NotFound(resp_body, resp=resp)

    tempest.lib.exceptions.NotFound: Object not found
Details: {'code': 404, 'message': 'Floating IP pool not found.'}

    
During handling of the above exception, another exception occurred:


    Traceback (most recent call last):

      File "/usr/local/lib/python3.6/site-packages/fixtures/fixture.py", line 208, in setUp
    raise SetupError(details)

    fixtures.fixture.SetupError: {}


Captured pythonlogging:
~~~~~~~~~~~~~~~~~~~~~~~
    2022-07-25 17:50:55,614 11506 DEBUG    [tempest.lib.common.validation_resources] Requested setup of ValidationResources keypair True, floating IP True, security group False
2022-07-25 17:50:55,615 11506 DEBUG    [tempest.lib.common.validation_resources] Requested validation resources keypair True, floating IP True, security group False
2022-07-25 17:50:55,926 11506 INFO     [tempest.lib.common.rest_client] Request (ValidationResourcesFixture:setUp): 200 POST http://[LB_IP_ADDRESS]:8774/v2.1/os-keypairs 0.310s
2022-07-25 17:50:55,926 11506 DEBUG    [tempest.lib.common.rest_client] Request - Headers: {'Content-Type': 'application/json', 'Accept': 'application/json', 'X-Auth-Token': '<omitted>'}
        Body: {"keypair": {"name": "tempest-keypair-1985145674"}}
    Response - Headers: {'date': 'Mon, 25 Jul 2022 14:50:55 GMT', 'server': 'Apache/2.4.41 (Ubuntu)', 'content-length': '2305', 'openstack-api-version': 'compute 2.1', 'x-openstack-nova-api-version': '2.1', 'vary': 'OpenStack-API-Version,X-OpenStack-Nova-API-Version', 'x-openstack-request-id': 'req-002390dc-413f-4045-b244-f255fb227a73', 'x-compute-request-id': 'req-002390dc-413f-4045-b244-f255fb227a73', 'connection': 'close', 'content-type': 'application/json', 'status': '200', 'content-location': 'http://[LB_IP_ADDRESS]:8774/v2.1/os-keypairs'}
        Body: b'{"keypair": {"private_key": "-----BEGIN RSA PRIVATE KEY-----\\nMIIEpAIBAAKCAQEAtk67/bXqN7eDCXp2EiXlpV7Xq2zWNDSDODima2bHaUnO5BCK\\nXASwALCPO/lAMoIXKLNywWbbVxSF60UDFUZlQBErGUIEFBoClEwQMC9gUleFdOnp\\nM4NNrlaUvGhyR22QVd+z/+/iSN39McdzHdhlC4bj+AnooDXl2GbLrV6e+zwjAx73\\n47AkpnYMaR2ih643tT2ZtOy+QXQCVAalxA6oLua1YsEdtwVUnXm6g3iTfQ8H3aJ1\\nzHW7Kvi5id/Qq7PE7Wdf9lzdk1kcHSXkN2fYPC+phjQeKjkenWvmmLd/quwte/DX\\nydlq4dTrUuJEc+KOFZGEwFte9JFC5sGkryso7wIDAQABAoIBAQCab+x1Kww1EvKg\\nrusiyJPYGZYeFF8JborSr7rbNQAsw2fOb+ylsxreGrPcHHQz1VyFEC9ggx/AjxQ7\\nkATimvXe5ixag0AtPzN8KUt1Zkz0tEvMFPOGve6qh5IMYXad58Tj2lQDtlU9YUDC\\nULHGULCYqTapwsscHUyOm9ZjEcsgDAuW3FxweoGKvRwbkg4K1rGSGMuHWVKXq6aG\\nUY8SHcw3ZJJYAcyZtnhJHuVlYnNx/toI8BjOqK9gWkzZIFNJvEr9jN6iDx/ygQdW\\nQr3Gq1BdmEGHeswKyTRMJgWy3oqmc0kCIdTKaPkZNhlPv56btVmzDJTn3oD9sfa3\\nK2G8HDLhAoGBAPAKYDP+sL11KGziSoL628YYkOF3LvYD/iPXAiJUSfygHnxKf0mJ\\n3hzhUcz3yxz1rdxBVNsLL8l/IqA+vnDUxXoFq0rFwk6VRT9jVm53d/FyQIZ0LGBN\\n/Fy6krwD5x6o1zaNZnx/gUHXon8zWdPAH3BnP4Lo+MJSVbcL1vkD8QrHAoGBAMJt\\ntgQ78yMundWQ2TiOgZ5FipSpQA5E5tJ2c3WwD8ihROGVEfjKeGkHm1ncBbwB0AV+\\n/CxhOdqADPcu3jdV0ky9vL71KuVOGofWo4QOYFylD46jyUEFVcgRaO602dV9Vlyn\\n3dm3hwoIqRnTHP2HYDEXhrsdLC2iTU5ywqRUjoiZAoGBAOlLPErsezv3dO22VXLN\\nevIiCBWJr1Odd8+/dSyGPU5RFK/5+5Iuc3ggKU+LeZXQ1UQfHuixC6XLcYzKzm58\\n7Nz2S4+len7DpwS/eE5uwF0ijMHggQysXtyE3H3tUSBEOr6jWPshNTAX8q+r6d7a\\nd/PX9Ss3YCYEvZfk4u8sPIYbAoGAXnQp/riZD7hv2Pa7cGxar+ccwcfPZJ84e3or\\n8TqNEGy4J9bhmjnScUPOxsLKzmEbC/B61ZyOHIYkxliwf7VjqwBqF2LHagqdfOxb\\nF6ZcTeWqPyN2e+35lG5QydZ2FO8E65JphoFQSyGV9QPIi6oeovrI61HqymiUoc3C\\nnU6ux9ECgYBnsBscckiD6kWb/V8JyArteq9QKh29zYCF9Grc/qLz+lZBW+hWa0F1\\n5q92uQp7aZTH+94ZVv+sY3nE2W7f1gtodr+e9rvHunn50l01xbkG53goMrzcZYid\\nQBx96PZGPAtKkniEW+nO5aPBLAqUGXe09r1IfydPv9rcwpbqi4b8zQ==\\n-----END RSA PRIVATE KEY-----\\n", "name": "tempest-keypair-1985145674", "public_key": "ssh-rsa AAAAB3NzaC1yc2EAAAADAQABAAABAQC2Trv9teo3t4MJenYSJeWlXterbNY0NIM4OKZrZsdpSc7kEIpcBLAAsI87+UAyghcos3LBZttXFIXrRQMVRmVAESsZQgQUGgKUTBAwL2BSV4V06ekzg02uVpS8aHJHbZBV37P/7+JI3f0xx3Md2GULhuP4CeigNeXYZsutXp77PCMDHvfjsCSmdgxpHaKHrje1PZm07L5BdAJUBqXEDqgu5rViwR23BVSdebqDeJN9DwfdonXMdbsq+LmJ39Crs8TtZ1/2XN2TWRwdJeQ3Z9g8L6mGNB4qOR6da+aYt3+q7C178NfJ2Wrh1OtS4kRz4o4VkYTAW170kULmwaSvKyjv Generated-by-Nova", "fingerprint": "31:64:75:f6:70:ba:2a:4b:f9:33:96:f2:ca:0e:b2:37", "user_id": "9019a181d7c44c0a949743ab7143fc88"}}'
2022-07-25 17:50:55,930 11506 DEBUG    [tempest.lib.common.validation_resources] Validation resource key tempest-keypair-1985145674 created
2022-07-25 17:50:55,976 11506 INFO     [tempest.lib.common.rest_client] Request (ValidationResourcesFixture:setUp): 404 POST http://[LB_IP_ADDRESS]:8774/v2.1/os-floating-ips 0.044s
2022-07-25 17:50:55,976 11506 DEBUG    [tempest.lib.common.rest_client] Request - Headers: {'Content-Type': '
    application/json', 'Accept': 'application/json', 'X-Auth-Token': '<omitted>'}
        Body: {"pool": null}
    Response - Headers: {'date': 'Mon, 25 Jul 2022 14:50:55 GMT', 'server': 'Apache/2.4.41 (Ubuntu)', 'content-length': '73', 'openstack-api-version': 'compute 2.1', 'x-openstack-nova-api-version': '2.1', 'vary': 'OpenStack-API-Version,X-OpenStack-Nova-API-Version', 'x-openstack-request-id': 'req-e3346ea5-262a-4806-90f1-0c60b47bf01e', 'x-compute-request-id': 'req-e3346ea5-262a-4806-90f1-0c60b47bf01e', 'connection': 'close', 'content-type': 'application/json; charset=UTF-8', 'status': '404', 'content-location': 'http://[LB_IP_ADDRESS]:8774/v2.1/os-floating-ips'}
        Body: b'{"itemNotFound": {"code": 404, "message": "Floating IP pool not found."}}'
2022-07-25 17:50:55,977 11506 DEBUG    [tempest.lib.common.validation_resources] Error while provisioning validation resources Object not found
Details: {'code': 404, 'message': 'Floating IP pool not found.'}. Trying to cleanup what we provisioned so far: {'keypair': {'private_key': '-----BEGIN RSA PRIVATE KEY-----\nMIIEpAIBAAKCAQEAtk67/bXqN7eDCXp2EiXlpV7Xq2zWNDSDODima2bHaUnO5BCK\nXASwALCPO/lAMoIXKLNywWbbVxSF60UDFUZlQBErGUIEFBoClEwQMC9gUleFdOnp\nM4NNrlaUvGhyR22QVd+z/+/iSN39McdzHdhlC4bj+AnooDXl2GbLrV6e+zwjAx73\n47AkpnYMaR2ih643tT2ZtOy+QXQCVAalxA6oLua1YsEdtwVUnXm6g3iTfQ8H3aJ1\nzHW7Kvi5id/Qq7PE7Wdf9lzdk1kcHSXkN2fYPC+phjQeKjkenWvmmLd/quwte/DX\nydlq4dTrUuJEc+KOFZGEwFte9JFC5sGkryso7wIDAQABAoIBAQCab+x1Kww1EvKg\nrusiyJPYGZYeFF8JborSr7rbNQAsw2fOb+ylsxreGrPcHHQz1VyFEC9ggx/AjxQ7\nkATimvXe5ixag0AtPzN8KUt1Zkz0tEvMFPOGve6qh5IMYXad58Tj2lQDtlU9YUDC\nULHGULCYqTapwsscHUyOm9ZjEcsgDAuW3FxweoGKvRwbkg4K1rGSGMuHWVKXq6aG\nUY8SHcw3ZJJYAcyZtnhJHuVlYnNx/toI8BjOqK9gWkzZIFNJvEr9jN6iDx/ygQdW\nQr3Gq1BdmEGHeswKyTRMJgWy3oqmc0kCIdTKaPkZNhlPv56btVmzDJTn3oD9sfa3\nK2G8HDLhAoGBAPAKYDP+sL11KGziSoL628YYkOF3LvYD/iPXAiJUSfygHnxKf0mJ\n3hzhUcz3yxz1rdxBVNsLL8l/IqA+vnDUxXoFq0rFwk6VRT9jVm53d/FyQIZ0LGBN\n/Fy6krwD5x6o1zaNZnx/gUHXon8zWdPAH3BnP4Lo+MJSVbcL1vkD8QrHAoGBAMJt\ntgQ78yMundWQ2TiOgZ5FipSpQA5E5tJ2c3WwD8ihROGVEfjKeGkHm1ncBbwB0AV+\n/CxhOdqADPcu3jdV0ky9vL71KuVOGofWo4QOYFylD46jyUEFVcgRaO602dV9Vlyn\n3dm3hwoIqRnTHP2HYDEXhrsdLC2iTU5ywqRUjoiZAoGBAOlLPErsezv3dO22VXLN\nevIiCBWJr1Odd8+/dSyGPU5RFK/5+5Iuc3ggKU+LeZXQ1UQfHuixC6XLcYzKzm58\n7Nz2S4+len7DpwS/eE5uwF0ijMHggQysXtyE3H3tUSBEOr6jWPshNTAX8q+r6d7a\nd/PX9Ss3YCYEvZfk4u8sPIYbAoGAXnQp/riZD7hv2Pa7cGxar+ccwcfPZJ84e3or\n8TqNEGy4J9bhmjnScUPOxsLKzmEbC/B61ZyOHIYkxliwf7VjqwBqF2LHagqdfOxb\nF6ZcTeWqPyN2e+35lG5QydZ2FO8E65JphoFQSyGV9QPIi6oeovrI61HqymiUoc3C\nnU6ux9ECgYBnsBscckiD6kWb/V8JyArteq9QKh29zYCF9Grc/qLz+lZBW+hWa0F1\n5q92uQp7aZTH+94ZVv+sY3nE2W7f1gtodr+e9rvHunn50l01xbkG53goMrzcZYid\nQBx96PZGPAtKkniEW+nO5aPBLAqUGXe09r1IfydPv9rcwpbqi4b8zQ==\n-----END RSA PRIVATE KEY-----\n', 'name': 'tempest-keypair-1985145674', 'public_key': 'ssh-rsa AAAAB3NzaC1yc2EAAAADAQABAAABAQC2Trv9teo3t4MJenYSJeWlXterbNY0NIM4OKZrZsdpSc7kEIpcBLAAsI87+UAyghcos3LBZttXFIXrRQMVRmVAESsZQgQUGgKUTBAwL2BSV4V06ekzg02uVpS8aHJHbZBV37P/7+JI3f0xx3Md2GULhuP4CeigNeXYZsutXp77PCMDHvfjsCSmdgxpHaKHrje1PZm07L5BdAJUBqXEDqgu5rViwR23BVSdebqDeJN9DwfdonXMdbsq+LmJ39Crs8TtZ1/2XN2TWRwdJeQ3Z9g8L6mGNB4qOR6da+aYt3+q7C178NfJ2Wrh1OtS4kRz4o4VkYTAW170kULmwaSvKyjv Generated-by-Nova', 'fingerprint': '31:64:75:f6:70:ba:2a:4b:f9:33:96:f2:ca:0e:b2:37', 'user_id': '9019a181d7c44c0a949743ab7143fc88'}}
2022-07-25 17:50:56,002 11506 INFO     [tempest.lib.common.rest_client] Request (ValidationResourcesFixture:setUp): 202 DELETE http://[LB_IP_ADDRESS]:8774/v2.1/os-keypairs/tempest-keypair-1985145674 0.023s
2022-07-25 17:50:56,002 11506 DEBUG    [tempest.lib.common.rest_client] Request - Headers: {'Content-Type': 'application/json', 'Accept': 'application/json', 'X-Auth-Token': '<omitted>'}
        Body: None
    Response - Headers: {'date': 'Mon, 25 Jul 2022 14:50:55 GMT', 'server': 'Apache/2.4.41 (Ubuntu)', 'content-length': '0', 'openstack-api-version': 'compute 2.1', 'x-openstack-nova-api-version': '2.1', 'vary': 'OpenStack-API-Version,X-OpenStack-Nova-API-Version', 'x-openstack-request-id': 'req-4141b252-7236-402b-87dc-a8c1f5676328', 'x-compute-request-id'
    : 'req-4141b252-7236-402b-87dc-a8c1f5676328', 'connection': 'close', 'content-type': 'application/json', 'status': '202', 'content-location': 'http://[LB_IP_ADDRESS]:8774/v2.1/os-keypairs/tempest-keypair-1985145674'}
        Body: b''


tempest.api.compute.volumes.test_attach_volume_negative.AttachVolumeNegativeTest.test_attach_attached_volume_to_same_server[id-aab919e2-d992-4cbb-a4ed-745c2475398c,negative]
-----------------------------------------------------------------------------------------------------------------------------------------------------------------------------

Captured traceback:
~~~~~~~~~~~~~~~~~~~
    Traceback (most recent call last):

      File "/usr/local/lib/python3.6/site-packages/fixtures/fixture.py", line 197, in setUp
    self._setUp()

      File "/usr/local/lib/python3.6/site-packages/tempest/lib/common/validation_resources.py", line 445, in _setUp
    floating_network_name=self._floating_network_name)

      File "/usr/local/lib/python3.6/site-packages/tempest/lib/common/validation_resources.py", line 245, in create_validation_resources
    LOG.exception(msg, prov_exc, cleanup_exc)

      File "/usr/local/lib/python3.6/site-packages/oslo_utils/excutils.py", line 227, in __exit__
    self.force_reraise()

      File "/usr/local/lib/python3.6/site-packages/oslo_utils/excutils.py", line 200, in force_reraise
    raise self.value

      File "/usr/local/lib/python3.6/site-packages/tempest/lib/common/validation_resources.py", line 217, in create_validation_resources
    pool=floating_network_name))

      File "/usr/local/lib/python3.6/site-packages/tempest/lib/services/compute/floating_ips_client.py", line 66, in create_floating_ip
    resp, body = self.post(url, post_body)

      File "/usr/local/lib/python3.6/site-packages/tempest/lib/common/rest_client.py", line 299, in post
    return self.request('POST', url, extra_headers, headers, body, chunked)

      File "/usr/local/lib/python3.6/site-packages/tempest/lib/services/compute/base_compute_client.py", line 48, in request
    method, url, extra_headers, headers, body, chunked)

      File "/usr/local/lib/python3.6/site-packages/tempest/lib/common/rest_client.py", line 703, in request
    self._error_checker(resp, resp_body)

      File "/usr/local/lib/python3.6/site-packages/tempest/lib/common/rest_client.py", line 809, in _error_checker
    raise exceptions.NotFound(resp_body, resp=resp)

    tempest.lib.exceptions.NotFound: Object not found
Details: {'code': 404, 'message': 'Floating IP pool not found.'}


Captured traceback-1:
~~~~~~~~~~~~~~~~~~~~~
    Traceback (most recent call last):

      File "/usr/local/lib/python3.6/site-packages/fixtures/fixture.py", line 197, in setUp
    self._setUp()

      File "/usr/local/lib/python3.6/site-packages/tempest/lib/common/validation_resources.py", line 445, in _setUp
    floating_network_name=self._floating_network_name)

      File "/usr/local/lib/python3.6/site-packages/tempest/lib/common/validation_resources.py", line 245, in create_validation_resources
    LOG.exception(msg, prov_exc, cleanup_exc)

      File "/usr/local/lib/python3.6/site-packages/oslo_utils/excutils.py", line 227, in __exit__
    self.force_reraise()

      File "/usr/local/lib/python3.6/site-packages/oslo_utils/excutils.py", line 200, in force_reraise
    raise self.value

      File "/usr/local/lib/python3.6/site-packages/tempest/lib/common/validation_resources.py", line 217, in create_validation_resources
    pool=floating_network_name))

      File "/usr/local/lib/python3.6/site-packages/tempest/lib/services/compute/floating_ips_client.py", line 66, in create_floating_ip
    resp, body = self.post(url, post_body)

      File "/usr/local/lib/python3.6/site-packages/tempest/lib/common/rest_client.py", line 299, in post
    return self.request('POST', url, extra_headers, headers, body, chunked)

      File "/usr/local/lib/python3.6/site-packages/tempest/lib/services/compute/base_compute_client.py", line 48, in request
    method, url, extra_headers, headers, body, chunked)

      File "/usr/local/lib/python3.6/site-packages/tempest/lib/common/rest_client.py", line 703, in request
    self._error_checker(resp, resp_body)

      File "/usr/local/lib/python3.6/site-packages/tempest/lib/common/rest_client.py", line 809, in _error_checker
    raise exceptions.NotFound(resp_body, resp=resp)

    tempest.lib.exceptions.NotFound: Object not found
Details: {'code': 404, 'message': 'Floating IP pool not found.'}

    
During handling of the above exception, another exception occurred:


    Traceback (most recent call last):

      File "/usr/local/lib/python3.6/site-packages/fixtures/fixture.py", line 208, in setUp
    raise SetupError(details)

    fixtures.fixture.SetupError: {}


Captured pythonlogging:
~~~~~~~~~~~~~~~~~~~~~~~
    2022-07-25 17:50:56,011 11506 DEBUG    [tempest.lib.common.validation_resources] Requested setup of ValidationResources keypair True, floating IP True, security group False
2022-07-25 17:50:56,011 11506 DEBUG    [tempest.lib.common.validation_resources] Requested validation resources keypair True, floating IP True, security group False
2022-07-25 17:50:56,171 11506 INFO     [tempest.lib.common.rest_client] Request (ValidationResourcesFixture:setUp): 200 POST http://[LB_IP_ADDRESS]:8774/v2.1/os-keypairs 0.158s
2022-07-25 17:50:56,172 11506 DEBUG    [tempest.lib.common.rest_client] Request - Headers: {'Content-Type': 'application/json', 'Accept': 'application/json', 'X-Auth-Token': '<omitted>'}
        Body: {"keypair": {"name": "tempest-keypair-120939284"}}
    Response - Headers: {'date': 'Mon, 25 Jul 2022 14:50:56 GMT', 'server': 'Apache/2.4.41 (Ubuntu)', 'content-length': '2304', 'openstack-api-version': 'compute 2.1', 'x-openstack-nova-api-version': '2.1', 'vary': 'OpenStack-API-Version,X-OpenStack-Nova-API-Version', 'x-openstack-request-id': 'req-2bdba3ec-d74c-4d4e-a70e-ef1b20901663', 'x-compute-request-id': 'req-2bdba3ec-d74c-4d4e-a70e-ef1b20901663', 'connection': 'close', 'content-type': 'application/json', 'status': '200', 'content-location': 'http://[LB_IP_ADDRESS]:8774/v2.1/os-keypairs'}
        Body: b'{"keypair": {"private_key": "-----BEGIN RSA PRIVATE KEY-----\\nMIIEpAIBAAKCAQEAwYY6RpRytm80oBlLepXmsFzBbTOGjil92Qe5n6mi2+GGpRBy\\nxjdAfaAOflkK3ROwImpKXtFRjbQtP8Szzh7qucWR1oDw+ozU8A4/5Cb53LPmZFhq\\n2fh7cWoKHybXIo5pJZ61f3AA8Q0yX9ckFenYm16HxXqIQ1VZktGZR6MVsLoXXytH\\nBC1vjIYoG16V/2lohFzBBeoUJQSh0Ku/ka4j+7Kig8xw4Z2/r8QG16adKD+T5MFz\\n4YFS2I/+OH627jaZxGtcNmh71wjpYLWLbL4+RnnQVrEmw9vocYGKeAdCP1tKVRow\\n+ESA6mfgqQmTYDDULZTV816jZ50a2yx3KrbKnwIDAQABAoIBABO/vvK083/qmVQ9\\nQJah9YjJ7nNWbsTTNySOxUKl7RjDSxpNM2lG+i3Xx6LdM16cQ70/W5eRhOERIgz/\\n5dmDDjEnGFrrjawD8zcMPTjrQVRkh352B3F3CiHo0F+ddxbvsYtFRwBaTb5LunhN\\nXEFgO9qfKvvcJUu5ygpRmXLWEcCXD2Rj6qs1xvey5Sdk/CqguYXUXtJy8/7jZpxn\\nbWNkA+PzZil3XjPeVY9qqxrtgsL6JjGq8bApyZ6IXVGCNukDwcmb22WRJck8stfp\\nYPmqZ4cCzV2tJxE29IUdgWjw6QCuY+ASy1CopVxCMLTa1Ftt++4D4LtzJ61eUmTM\\nQ3hWGwECgYEA9cwOq6dzmi81TmHDtgPMRuO5oI1tsCHL1CLrMvuOYP2MphJgbuWM\\nDYtMVW32Cg/4kOCzGHaZLdt5dOlxy2snlXKbVUTp3IhfxV+kXMM6Cu2uC1zr46k9\\neGELjVPw76aO6b141zGMJConYMGu2aFC/nje9oxwaM5QC8BoTo+ZRosCgYEAyY6y\\nsNS/QxaB91c5+RuUZfhL+3aUpD+SAlsl1uPZqjCzr2VEhJ3iyh0cCWPZFYaihtnB\\nD6mMhDX4Errbmj1x0ZZ+/lCOHHXDA15NeUNqbrMKrujVAQXfIwwYpe19wCmp6AAa\\nLYxjALJ9P1PtW82Jua/RevzUYv/2GgJR7aK14r0CgYEA2JpnPzuEcxYw+o7K4iY8\\nqSfbGDIpvDI8JghTjg0CblRh0qOVGYTtw63CqfIKBNoIKNvq158D49ZqFO33mtQm\\nANwLKLxe/jmrdAqRlDFyf9juLBNJyMkGY4PZo0SaqQX1IOQYjkKahfAj3W8w/5XN\\nrOSlT015bdKJ1aFMChcfcnsCgYEAhqaEDcoy9BinPpvRKPAZ1X1pFVcEui2V12kZ\\nAFQ7Z40dnUEj4wyvI6MKxeMkdVL6ZOg4J8R3ESQU1D5s0r/Vt9S4hiE+rxik7S0k\\nyKwXAFkv++Wj1wkbJojANqlP5v5ueYUH+AHfaenT7midG0VWiuxAH8+j+3dP69Q8\\n82pN5GkCgYBuZVT08/+vniyYJD4AdW29oCRmiYhdYub3xAcFDSTc2OWe+BbJsFiS\\nIq+2X+Es3hhyp4jeqWkQwv4+9Z0VawIaDzaBVHVBw40eP9aM878mK6/eDz03Na6M\\nyX4dRa97a2hnO+T9HHVSLoUW9SoiaCHkLHIzcSZKr4LQO1jRzLDR8A==\\n-----END RSA PRIVATE KEY-----\\n", "name": "tempest-keypair-120939284", "public_key": "ssh-rsa AAAAB3NzaC1yc2EAAAADAQABAAABAQDBhjpGlHK2bzSgGUt6leawXMFtM4aOKX3ZB7mfqaLb4YalEHLGN0B9oA5+WQrdE7Aiakpe0VGNtC0/xLPOHuq5xZHWgPD6jNTwDj/kJvncs+ZkWGrZ+HtxagofJtcijmklnrV/cADxDTJf1yQV6dibXofFeohDVVmS0ZlHoxWwuhdfK0cELW+MhigbXpX/aWiEXMEF6hQlBKHQq7+RriP7sqKDzHDhnb+vxAbXpp0oP5PkwXPhgVLYj/44frbuNpnEa1w2aHvXCOlgtYtsvj5GedBWsSbD2+hxgYp4B0I/W0pVGjD4RIDqZ+CpCZNgMNQtlNXzXqNnnRrbLHcqtsqf Generated-by-Nova", "fingerprint": "ff:4b:f9:d3:45:81:92:58:d2:ce:fc:1f:2b:a0:0a:c6", "user_id": "9019a181d7c44c0a949743ab7143fc88"}}'
2022-07-25 17:50:56,175 11506 DEBUG    [tempest.lib.common.validation_resources] Validation resource key tempest-keypair-120939284 created
2022-07-25 17:50:56,218 11506 INFO     [tempest.lib.common.rest_client] Request (ValidationResourcesFixture:setUp): 404 POST http://[LB_IP_ADDRESS]:8774/v2.1/os-floating-ips 0.042s
2022-07-25 17:50:56,219 11506 DEBUG    [tempest.lib.common.rest_client] Request - Headers: {'Content-Type': 'app
    lication/json', 'Accept': 'application/json', 'X-Auth-Token': '<omitted>'}
        Body: {"pool": null}
    Response - Headers: {'date': 'Mon, 25 Jul 2022 14:50:56 GMT', 'server': 'Apache/2.4.41 (Ubuntu)', 'content-length': '73', 'openstack-api-version': 'compute 2.1', 'x-openstack-nova-api-version': '2.1', 'vary': 'OpenStack-API-Version,X-OpenStack-Nova-API-Version', 'x-openstack-request-id': 'req-d126dd0c-aba0-4794-8e92-d7a87f5fe9e3', 'x-compute-request-id': 'req-d126dd0c-aba0-4794-8e92-d7a87f5fe9e3', 'connection': 'close', 'content-type': 'application/json; charset=UTF-8', 'status': '404', 'content-location': 'http://[LB_IP_ADDRESS]:8774/v2.1/os-floating-ips'}
        Body: b'{"itemNotFound": {"code": 404, "message": "Floating IP pool not found."}}'
2022-07-25 17:50:56,220 11506 DEBUG    [tempest.lib.common.validation_resources] Error while provisioning validation resources Object not found
Details: {'code': 404, 'message': 'Floating IP pool not found.'}. Trying to cleanup what we provisioned so far: {'keypair': {'private_key': '-----BEGIN RSA PRIVATE KEY-----\nMIIEpAIBAAKCAQEAwYY6RpRytm80oBlLepXmsFzBbTOGjil92Qe5n6mi2+GGpRBy\nxjdAfaAOflkK3ROwImpKXtFRjbQtP8Szzh7qucWR1oDw+ozU8A4/5Cb53LPmZFhq\n2fh7cWoKHybXIo5pJZ61f3AA8Q0yX9ckFenYm16HxXqIQ1VZktGZR6MVsLoXXytH\nBC1vjIYoG16V/2lohFzBBeoUJQSh0Ku/ka4j+7Kig8xw4Z2/r8QG16adKD+T5MFz\n4YFS2I/+OH627jaZxGtcNmh71wjpYLWLbL4+RnnQVrEmw9vocYGKeAdCP1tKVRow\n+ESA6mfgqQmTYDDULZTV816jZ50a2yx3KrbKnwIDAQABAoIBABO/vvK083/qmVQ9\nQJah9YjJ7nNWbsTTNySOxUKl7RjDSxpNM2lG+i3Xx6LdM16cQ70/W5eRhOERIgz/\n5dmDDjEnGFrrjawD8zcMPTjrQVRkh352B3F3CiHo0F+ddxbvsYtFRwBaTb5LunhN\nXEFgO9qfKvvcJUu5ygpRmXLWEcCXD2Rj6qs1xvey5Sdk/CqguYXUXtJy8/7jZpxn\nbWNkA+PzZil3XjPeVY9qqxrtgsL6JjGq8bApyZ6IXVGCNukDwcmb22WRJck8stfp\nYPmqZ4cCzV2tJxE29IUdgWjw6QCuY+ASy1CopVxCMLTa1Ftt++4D4LtzJ61eUmTM\nQ3hWGwECgYEA9cwOq6dzmi81TmHDtgPMRuO5oI1tsCHL1CLrMvuOYP2MphJgbuWM\nDYtMVW32Cg/4kOCzGHaZLdt5dOlxy2snlXKbVUTp3IhfxV+kXMM6Cu2uC1zr46k9\neGELjVPw76aO6b141zGMJConYMGu2aFC/nje9oxwaM5QC8BoTo+ZRosCgYEAyY6y\nsNS/QxaB91c5+RuUZfhL+3aUpD+SAlsl1uPZqjCzr2VEhJ3iyh0cCWPZFYaihtnB\nD6mMhDX4Errbmj1x0ZZ+/lCOHHXDA15NeUNqbrMKrujVAQXfIwwYpe19wCmp6AAa\nLYxjALJ9P1PtW82Jua/RevzUYv/2GgJR7aK14r0CgYEA2JpnPzuEcxYw+o7K4iY8\nqSfbGDIpvDI8JghTjg0CblRh0qOVGYTtw63CqfIKBNoIKNvq158D49ZqFO33mtQm\nANwLKLxe/jmrdAqRlDFyf9juLBNJyMkGY4PZo0SaqQX1IOQYjkKahfAj3W8w/5XN\nrOSlT015bdKJ1aFMChcfcnsCgYEAhqaEDcoy9BinPpvRKPAZ1X1pFVcEui2V12kZ\nAFQ7Z40dnUEj4wyvI6MKxeMkdVL6ZOg4J8R3ESQU1D5s0r/Vt9S4hiE+rxik7S0k\nyKwXAFkv++Wj1wkbJojANqlP5v5ueYUH+AHfaenT7midG0VWiuxAH8+j+3dP69Q8\n82pN5GkCgYBuZVT08/+vniyYJD4AdW29oCRmiYhdYub3xAcFDSTc2OWe+BbJsFiS\nIq+2X+Es3hhyp4jeqWkQwv4+9Z0VawIaDzaBVHVBw40eP9aM878mK6/eDz03Na6M\nyX4dRa97a2hnO+T9HHVSLoUW9SoiaCHkLHIzcSZKr4LQO1jRzLDR8A==\n-----END RSA PRIVATE KEY-----\n', 'name': 'tempest-keypair-120939284', 'public_key': 'ssh-rsa AAAAB3NzaC1yc2EAAAADAQABAAABAQDBhjpGlHK2bzSgGUt6leawXMFtM4aOKX3ZB7mfqaLb4YalEHLGN0B9oA5+WQrdE7Aiakpe0VGNtC0/xLPOHuq5xZHWgPD6jNTwDj/kJvncs+ZkWGrZ+HtxagofJtcijmklnrV/cADxDTJf1yQV6dibXofFeohDVVmS0ZlHoxWwuhdfK0cELW+MhigbXpX/aWiEXMEF6hQlBKHQq7+RriP7sqKDzHDhnb+vxAbXpp0oP5PkwXPhgVLYj/44frbuNpnEa1w2aHvXCOlgtYtsvj5GedBWsSbD2+hxgYp4B0I/W0pVGjD4RIDqZ+CpCZNgMNQtlNXzXqNnnRrbLHcqtsqf Generated-by-Nova', 'fingerprint': 'ff:4b:f9:d3:45:81:92:58:d2:ce:fc:1f:2b:a0:0a:c6', 'user_id': '9019a181d7c44c0a949743ab7143fc88'}}
2022-07-25 17:50:56,245 11506 INFO     [tempest.lib.common.rest_client] Request (ValidationResourcesFixture:setUp): 202 DELETE http://[LB_IP_ADDRESS]:8774/v2.1/os-keypairs/tempest-keypair-120939284 0.024s
2022-07-25 17:50:56,245 11506 DEBUG    [tempest.lib.common.rest_client] Request - Headers: {'Content-Type': 'application/json', 'Accept': 'application/json', 'X-Auth-Token': '<omitted>'}
        Body: None
    Response - Headers: {'date': 'Mon, 25 Jul 2022 14:50:56 GMT', 'server': 'Apache/2.4.41 (Ubuntu)', 'content-length': '0', 'openstack-api-version': 'compute 2.1', 'x-openstack-nova-api-version': '2.1', 'vary': 'OpenStack-API-Version,X-OpenStack-Nova-API-Version', 'x-openstack-request-id': 'req-6e3f1993-42eb-4a75-b661-e1c16f214852', 'x-compute-request-id': 're
    q-6e3f1993-42eb-4a75-b661-e1c16f214852', 'connection': 'close', 'content-type': 'application/json', 'status': '202', 'content-location': 'http://[LB_IP_ADDRESS]:8774/v2.1/os-keypairs/tempest-keypair-120939284'}
        Body: b''


tempest.api.compute.volumes.test_attach_volume_negative.AttachVolumeNegativeTest.test_delete_attached_volume[id-a313b5cd-fbd0-49cc-94de-870e99f763c7,negative]
--------------------------------------------------------------------------------------------------------------------------------------------------------------

Captured traceback:
~~~~~~~~~~~~~~~~~~~
    Traceback (most recent call last):

      File "/usr/local/lib/python3.6/site-packages/fixtures/fixture.py", line 197, in setUp
    self._setUp()

      File "/usr/local/lib/python3.6/site-packages/tempest/lib/common/validation_resources.py", line 445, in _setUp
    floating_network_name=self._floating_network_name)

      File "/usr/local/lib/python3.6/site-packages/tempest/lib/common/validation_resources.py", line 245, in create_validation_resources
    LOG.exception(msg, prov_exc, cleanup_exc)

      File "/usr/local/lib/python3.6/site-packages/oslo_utils/excutils.py", line 227, in __exit__
    self.force_reraise()

      File "/usr/local/lib/python3.6/site-packages/oslo_utils/excutils.py", line 200, in force_reraise
    raise self.value

      File "/usr/local/lib/python3.6/site-packages/tempest/lib/common/validation_resources.py", line 217, in create_validation_resources
    pool=floating_network_name))

      File "/usr/local/lib/python3.6/site-packages/tempest/lib/services/compute/floating_ips_client.py", line 66, in create_floating_ip
    resp, body = self.post(url, post_body)

      File "/usr/local/lib/python3.6/site-packages/tempest/lib/common/rest_client.py", line 299, in post
    return self.request('POST', url, extra_headers, headers, body, chunked)

      File "/usr/local/lib/python3.6/site-packages/tempest/lib/services/compute/base_compute_client.py", line 48, in request
    method, url, extra_headers, headers, body, chunked)

      File "/usr/local/lib/python3.6/site-packages/tempest/lib/common/rest_client.py", line 703, in request
    self._error_checker(resp, resp_body)

      File "/usr/local/lib/python3.6/site-packages/tempest/lib/common/rest_client.py", line 809, in _error_checker
    raise exceptions.NotFound(resp_body, resp=resp)

    tempest.lib.exceptions.NotFound: Object not found
Details: {'code': 404, 'message': 'Floating IP pool not found.'}


Captured traceback-1:
~~~~~~~~~~~~~~~~~~~~~
    Traceback (most recent call last):

      File "/usr/local/lib/python3.6/site-packages/fixtures/fixture.py", line 197, in setUp
    self._setUp()

      File "/usr/local/lib/python3.6/site-packages/tempest/lib/common/validation_resources.py", line 445, in _setUp
    floating_network_name=self._floating_network_name)

      File "/usr/local/lib/python3.6/site-packages/tempest/lib/common/validation_resources.py", line 245, in create_validation_resources
    LOG.exception(msg, prov_exc, cleanup_exc)

      File "/usr/local/lib/python3.6/site-packages/oslo_utils/excutils.py", line 227, in __exit__
    self.force_reraise()

      File "/usr/local/lib/python3.6/site-packages/oslo_utils/excutils.py", line 200, in force_reraise
    raise self.value

      File "/usr/local/lib/python3.6/site-packages/tempest/lib/common/validation_resources.py", line 217, in create_validation_resources
    pool=floating_network_name))

      File "/usr/local/lib/python3.6/site-packages/tempest/lib/services/compute/floating_ips_client.py", line 66, in create_floating_ip
    resp, body = self.post(url, post_body)

      File "/usr/local/lib/python3.6/site-packages/tempest/lib/common/rest_client.py", line 299, in post
    return self.request('POST', url, extra_headers, headers, body, chunked)

      File "/usr/local/lib/python3.6/site-packages/tempest/lib/services/compute/base_compute_client.py", line 48, in request
    method, url, extra_headers, headers, body, chunked)

      File "/usr/local/lib/python3.6/site-packages/tempest/lib/common/rest_client.py", line 703, in request
    self._error_checker(resp, resp_body)

      File "/usr/local/lib/python3.6/site-packages/tempest/lib/common/rest_client.py", line 809, in _error_checker
    raise exceptions.NotFound(resp_body, resp=resp)

    tempest.lib.exceptions.NotFound: Object not found
Details: {'code': 404, 'message': 'Floating IP pool not found.'}

    
During handling of the above exception, another exception occurred:


    Traceback (most recent call last):

      File "/usr/local/lib/python3.6/site-packages/fixtures/fixture.py", line 208, in setUp
    raise SetupError(details)

    fixtures.fixture.SetupError: {}


Captured pythonlogging:
~~~~~~~~~~~~~~~~~~~~~~~
    2022-07-25 17:50:56,252 11506 DEBUG    [tempest.lib.common.validation_resources] Requested setup of ValidationResources keypair True, floating IP True, security group False
2022-07-25 17:50:56,252 11506 DEBUG    [tempest.lib.common.validation_resources] Requested validation resources keypair True, floating IP True, security group False
2022-07-25 17:50:56,657 11506 INFO     [tempest.lib.common.rest_client] Request (ValidationResourcesFixture:setUp): 200 POST http://[LB_IP_ADDRESS]:8774/v2.1/os-keypairs 0.403s
2022-07-25 17:50:56,657 11506 DEBUG    [tempest.lib.common.rest_client] Request - Headers: {'Content-Type': 'application/json', 'Accept': 'application/json', 'X-Auth-Token': '<omitted>'}
        Body: {"keypair": {"name": "tempest-keypair-1681224027"}}
    Response - Headers: {'date': 'Mon, 25 Jul 2022 14:50:56 GMT', 'server': 'Apache/2.4.41 (Ubuntu)', 'content-length': '2305', 'openstack-api-version': 'compute 2.1', 'x-openstack-nova-api-version': '2.1', 'vary': 'OpenStack-API-Version,X-OpenStack-Nova-API-Version', 'x-openstack-request-id': 'req-6aff88d9-87bc-42c0-816f-f3816b488520', 'x-compute-request-id': 'req-6aff88d9-87bc-42c0-816f-f3816b488520', 'connection': 'close', 'content-type': 'application/json', 'status': '200', 'content-location': 'http://[LB_IP_ADDRESS]:8774/v2.1/os-keypairs'}
        Body: b'{"keypair": {"private_key": "-----BEGIN RSA PRIVATE KEY-----\\nMIIEpAIBAAKCAQEAypYgpH061L7FKem12irMjqVBwvwMfyo8jqFkOLbC73tWPbuT\\ngnK7vPxXdkednS3S/uFtriUUbqJgDLUsrst7JifoGO96Pbz2WcRq0x6eOK24fUld\\nobK338wneOS16cXHtMowAqEjfxFjVOOhC4GLxw4dpe2x5gCDeEQbaqEdDPv4ZNFZ\\nURonAqowXmgqqAPYh6JERolj7o2wMvwninmJCTRPYjus7dvCaTkaYm2ZttKuocf5\\nNhiuYse2+gBh6bIocf3W7K3NvTX1yP+xI7MdPul6u2tJrruIZ6AKpgdT82Fcexi8\\nvIB6C4AeJlGDqi5rfTmdPeUlGD5sY/0cB+9W/wIDAQABAoIBAQCQkXHZ8EP7befl\\ncRKFDeXMJcI4EwYX+VwdrK6IimOx4qI4i5NIk/fFdY40qgagFANuQBC1JWDfUqCY\\ncPHiCvNm1zOaF8t0I1Tp2nEhF8hxSgdN4P0gVxlAa7//Vbc7jBhnu6FnPvbFxvLL\\nsWVLgLbu5fPiZS1+pP8s4+1sumywxhoA/K9fx3MSbPBrpjaN3vV7HYfTbFGXioXc\\n26X0gx8tB2x+Y7OWQF/t98HM6wgXw0g6dVu0PGbkS+XPlu20wwEnu9IG8didzQB1\\nXbEBuyeE5HH10dHKsTgG5pOnFQwaXdTfgTJMEE/55iT4TMZkwKGnplnZMW3oxzFZ\\nbU0LLsyBAoGBAOXZzpO7fwgkO0f1AZLw8iuFLctXWaI7tlmJ8hMi3T2idzd7e7Hn\\n7fDOQuof0F1uPRPtAE95Te8w9SGP7TMFwIlHdiXRXjNa6gXp82fFX9WI4CkOOu+7\\n/43772CR/HPhOaVepft6Ejq+a782pKmcBTWoSugRG2hQxWSwVI1I7fArAoGBAOGi\\nRVTi/YvaffTNHpa6t5+6zAmdAzznf68TtH9XLuKnP/mnbXfcCx/peuAZB8tgQbOX\\ndBOohC7bXVg4QlESGGNKE2sGy7VF+iVIaxoqUrQ5V8Ece+Ru6HRgfMItCwhy9zMN\\nnSJm8BB6EBXm6FOcF3vZ9+VCckreIN4vVJ6NSDZ9AoGAUqWfpvU7NyU3/6a0Wy6y\\nFT38+mm9PB12cvmsBn95x+i8L0ICdzTrFLRF0UOBO6cg5SJKA0md4UzcR6Yl5zvB\\nQFtmuzBuS8776QZ3VC/fRrvBxmFshbk2qcoWB8ZWXSB2BuVij2sUVPUVbxrp2GbW\\nZLXPwWQtU7P/VjYlIOxBSiMCgYBe61bjWQJ0vRvTyh6eJjptNbX0LVtZWcH7Mvzx\\nvQl6TAW7ztVcYPNFH4GTmLQQuJOrK4Gna3MAC0R/gltTo5si2dzFX3x+68tJt+dm\\ngHt+Wcky8fqkpIuhuZ2CSlSj30li7s011bwUEmWF8Te3RKkUbyO8DHHsUPnevmaI\\ntMK2OQKBgQC1hS0VzZH3KgOxCmK1FDIo5iA4k/ol0lHMlhtPkKg0LSS+hb7UqWWf\\n5/erllZxazXk396Lgwx+r9VO9qUQJDVEucp04Zf+B+YyYzrJlm3gk7S+7jSRts0F\\ngje7f4Z7c1sx7/OagGtiZLuxHEu8so5H5q1rz7Mg/DVIwRkbUjuWew==\\n-----END RSA PRIVATE KEY-----\\n", "name": "tempest-keypair-1681224027", "public_key": "ssh-rsa AAAAB3NzaC1yc2EAAAADAQABAAABAQDKliCkfTrUvsUp6bXaKsyOpUHC/Ax/KjyOoWQ4tsLve1Y9u5OCcru8/Fd2R52dLdL+4W2uJRRuomAMtSyuy3smJ+gY73o9vPZZxGrTHp44rbh9SV2hsrffzCd45LXpxce0yjACoSN/EWNU46ELgYvHDh2l7bHmAIN4RBtqoR0M+/hk0VlRGicCqjBeaCqoA9iHokRGiWPujbAy/CeKeYkJNE9iO6zt28JpORpibZm20q6hx/k2GK5ix7b6AGHpsihx/dbsrc29NfXI/7Ejsx0+6Xq7a0muu4hnoAqmB1PzYVx7GLy8gHoLgB4mUYOqLmt9OZ095SUYPmxj/RwH71b/ Generated-by-Nova", "fingerprint": "19:3d:ea:69:f9:68:0f:48:21:55:de:a3:a5:ec:4c:86", "user_id": "9019a181d7c44c0a949743ab7143fc88"}}'
2022-07-25 17:50:56,661 11506 DEBUG    [tempest.lib.common.validation_resources] Validation resource key tempest-keypair-1681224027 created
2022-07-25 17:50:56,705 11506 INFO     [tempest.lib.common.rest_client] Request (ValidationResourcesFixture:setUp): 404 POST http://[LB_IP_ADDRESS]:8774/v2.1/os-floating-ips 0.043s
2022-07-25 17:50:56,705 11506 DEBUG    [tempest.lib.common.rest_client] Request - Headers: {'Content-Type': '
    application/json', 'Accept': 'application/json', 'X-Auth-Token': '<omitted>'}
        Body: {"pool": null}
    Response - Headers: {'date': 'Mon, 25 Jul 2022 14:50:56 GMT', 'server': 'Apache/2.4.41 (Ubuntu)', 'content-length': '73', 'openstack-api-version': 'compute 2.1', 'x-openstack-nova-api-version': '2.1', 'vary': 'OpenStack-API-Version,X-OpenStack-Nova-API-Version', 'x-openstack-request-id': 'req-096caddc-0092-449b-9214-a81c13b3484b', 'x-compute-request-id': 'req-096caddc-0092-449b-9214-a81c13b3484b', 'connection': 'close', 'content-type': 'application/json; charset=UTF-8', 'status': '404', 'content-location': 'http://[LB_IP_ADDRESS]:8774/v2.1/os-floating-ips'}
        Body: b'{"itemNotFound": {"code": 404, "message": "Floating IP pool not found."}}'
2022-07-25 17:50:56,706 11506 DEBUG    [tempest.lib.common.validation_resources] Error while provisioning validation resources Object not found
Details: {'code': 404, 'message': 'Floating IP pool not found.'}. Trying to cleanup what we provisioned so far: {'keypair': {'private_key': '-----BEGIN RSA PRIVATE KEY-----\nMIIEpAIBAAKCAQEAypYgpH061L7FKem12irMjqVBwvwMfyo8jqFkOLbC73tWPbuT\ngnK7vPxXdkednS3S/uFtriUUbqJgDLUsrst7JifoGO96Pbz2WcRq0x6eOK24fUld\nobK338wneOS16cXHtMowAqEjfxFjVOOhC4GLxw4dpe2x5gCDeEQbaqEdDPv4ZNFZ\nURonAqowXmgqqAPYh6JERolj7o2wMvwninmJCTRPYjus7dvCaTkaYm2ZttKuocf5\nNhiuYse2+gBh6bIocf3W7K3NvTX1yP+xI7MdPul6u2tJrruIZ6AKpgdT82Fcexi8\nvIB6C4AeJlGDqi5rfTmdPeUlGD5sY/0cB+9W/wIDAQABAoIBAQCQkXHZ8EP7befl\ncRKFDeXMJcI4EwYX+VwdrK6IimOx4qI4i5NIk/fFdY40qgagFANuQBC1JWDfUqCY\ncPHiCvNm1zOaF8t0I1Tp2nEhF8hxSgdN4P0gVxlAa7//Vbc7jBhnu6FnPvbFxvLL\nsWVLgLbu5fPiZS1+pP8s4+1sumywxhoA/K9fx3MSbPBrpjaN3vV7HYfTbFGXioXc\n26X0gx8tB2x+Y7OWQF/t98HM6wgXw0g6dVu0PGbkS+XPlu20wwEnu9IG8didzQB1\nXbEBuyeE5HH10dHKsTgG5pOnFQwaXdTfgTJMEE/55iT4TMZkwKGnplnZMW3oxzFZ\nbU0LLsyBAoGBAOXZzpO7fwgkO0f1AZLw8iuFLctXWaI7tlmJ8hMi3T2idzd7e7Hn\n7fDOQuof0F1uPRPtAE95Te8w9SGP7TMFwIlHdiXRXjNa6gXp82fFX9WI4CkOOu+7\n/43772CR/HPhOaVepft6Ejq+a782pKmcBTWoSugRG2hQxWSwVI1I7fArAoGBAOGi\nRVTi/YvaffTNHpa6t5+6zAmdAzznf68TtH9XLuKnP/mnbXfcCx/peuAZB8tgQbOX\ndBOohC7bXVg4QlESGGNKE2sGy7VF+iVIaxoqUrQ5V8Ece+Ru6HRgfMItCwhy9zMN\nnSJm8BB6EBXm6FOcF3vZ9+VCckreIN4vVJ6NSDZ9AoGAUqWfpvU7NyU3/6a0Wy6y\nFT38+mm9PB12cvmsBn95x+i8L0ICdzTrFLRF0UOBO6cg5SJKA0md4UzcR6Yl5zvB\nQFtmuzBuS8776QZ3VC/fRrvBxmFshbk2qcoWB8ZWXSB2BuVij2sUVPUVbxrp2GbW\nZLXPwWQtU7P/VjYlIOxBSiMCgYBe61bjWQJ0vRvTyh6eJjptNbX0LVtZWcH7Mvzx\nvQl6TAW7ztVcYPNFH4GTmLQQuJOrK4Gna3MAC0R/gltTo5si2dzFX3x+68tJt+dm\ngHt+Wcky8fqkpIuhuZ2CSlSj30li7s011bwUEmWF8Te3RKkUbyO8DHHsUPnevmaI\ntMK2OQKBgQC1hS0VzZH3KgOxCmK1FDIo5iA4k/ol0lHMlhtPkKg0LSS+hb7UqWWf\n5/erllZxazXk396Lgwx+r9VO9qUQJDVEucp04Zf+B+YyYzrJlm3gk7S+7jSRts0F\ngje7f4Z7c1sx7/OagGtiZLuxHEu8so5H5q1rz7Mg/DVIwRkbUjuWew==\n-----END RSA PRIVATE KEY-----\n', 'name': 'tempest-keypair-1681224027', 'public_key': 'ssh-rsa AAAAB3NzaC1yc2EAAAADAQABAAABAQDKliCkfTrUvsUp6bXaKsyOpUHC/Ax/KjyOoWQ4tsLve1Y9u5OCcru8/Fd2R52dLdL+4W2uJRRuomAMtSyuy3smJ+gY73o9vPZZxGrTHp44rbh9SV2hsrffzCd45LXpxce0yjACoSN/EWNU46ELgYvHDh2l7bHmAIN4RBtqoR0M+/hk0VlRGicCqjBeaCqoA9iHokRGiWPujbAy/CeKeYkJNE9iO6zt28JpORpibZm20q6hx/k2GK5ix7b6AGHpsihx/dbsrc29NfXI/7Ejsx0+6Xq7a0muu4hnoAqmB1PzYVx7GLy8gHoLgB4mUYOqLmt9OZ095SUYPmxj/RwH71b/ Generated-by-Nova', 'fingerprint': '19:3d:ea:69:f9:68:0f:48:21:55:de:a3:a5:ec:4c:86', 'user_id': '9019a181d7c44c0a949743ab7143fc88'}}
2022-07-25 17:50:56,733 11506 INFO     [tempest.lib.common.rest_client] Request (ValidationResourcesFixture:setUp): 202 DELETE http://[LB_IP_ADDRESS]:8774/v2.1/os-keypairs/tempest-keypair-1681224027 0.026s
2022-07-25 17:50:56,734 11506 DEBUG    [tempest.lib.common.rest_client] Request - Headers: {'Content-Type': 'application/json', 'Accept': 'application/json', 'X-Auth-Token': '<omitted>'}
        Body: None
    Response - Headers: {'date': 'Mon, 25 Jul 2022 14:50:56 GMT', 'server': 'Apache/2.4.41 (Ubuntu)', 'content-length': '0', 'openstack-api-version': 'compute 2.1', 'x-openstack-nova-api-version': '2.1', 'vary': 'OpenStack-API-Version,X-OpenStack-Nova-API-Version', 'x-openstack-request-id': 'req-b04c01d3-7e6f-446c-97dd-f041d2abdc2d', 'x-compute-request-id'
    : 'req-b04c01d3-7e6f-446c-97dd-f041d2abdc2d', 'connection': 'close', 'content-type': 'application/json', 'status': '202', 'content-location': 'http://[LB_IP_ADDRESS]:8774/v2.1/os-keypairs/tempest-keypair-1681224027'}
        Body: b''



======
Totals
======
Ran: 222 tests in 328.2423 sec.
 - Passed: 213
 - Skipped: 6
 - Expected Fail: 0
 - Unexpected Success: 0
 - Failed: 3
Sum of execute time for each test: 564.5253 sec.

==============
Worker Balance
==============
 - Worker 0 (60 tests) => 0:05:11.590832
 - Worker 1 (63 tests) => 0:04:48.994421
 - Worker 2 (99 tests) => 0:05:26.363978
