Build Started 18_07_2023_09_29_54
2023-07-18 09:30:13.220 6 INFO oslo_service.service [None req-d2088991-2ee1-4d67-95a4-f46df096adc6 - - - - - -] Caught SIGTERM, stopping children
2023-07-18 09:30:13.223 6 INFO oslo_service.service [None req-d2088991-2ee1-4d67-95a4-f46df096adc6 - - - - - -] Waiting on 1 children to exit
2023-07-18 09:30:13.587 22 WARNING amqp [None req-d2088991-2ee1-4d67-95a4-f46df096adc6 - - - - - -] Received method (60, 30) during closing channel 1. This method will be ignored
2023-07-18 09:30:13.601 22 WARNING amqp [None req-d2088991-2ee1-4d67-95a4-f46df096adc6 - - - - - -] Received method (60, 30) during closing channel 1. This method will be ignored
2023-07-18 09:30:13.634 6 INFO oslo_service.service [None req-d2088991-2ee1-4d67-95a4-f46df096adc6 - - - - - -] Child 22 exited with status 0
2023-07-18 09:30:19.127 7 INFO cinder.rpc [None req-08381662-6adc-42ad-932a-7e0cd8574d7e - - - - - -] Automatically selected cinder-scheduler objects version 1.39 as minimum service version.
2023-07-18 09:30:19.132 7 INFO cinder.rpc [None req-08381662-6adc-42ad-932a-7e0cd8574d7e - - - - - -] Automatically selected cinder-scheduler RPC version 3.12 as minimum service version.
2023-07-18 09:30:19.132 7 WARNING oslo_messaging.rpc.client [None req-08381662-6adc-42ad-932a-7e0cd8574d7e - - - - - -] Using RPCClient manually to instantiate client. Please use get_rpc_client to obtain an RPC client instance.
2023-07-18 09:30:19.255 7 INFO cinder.volume.manager [None req-08381662-6adc-42ad-932a-7e0cd8574d7e - - - - - -] Determined volume DB was empty at startup.
2023-07-18 09:30:19.280 7 INFO cinder.volume.manager [None req-08381662-6adc-42ad-932a-7e0cd8574d7e - - - - - -] Image-volume cache disabled for host rack02-server70@LIGHTOSiptkjp.
2023-07-18 09:30:19.296 7 INFO oslo_service.service [None req-08381662-6adc-42ad-932a-7e0cd8574d7e - - - - - -] Starting 1 workers
2023-07-18 09:30:19.307 23 INFO cinder.service [-] Starting cinder-volume node (version 22.0.1)
2023-07-18 09:30:19.329 23 INFO cinder.volume.manager [None req-abf45b8b-4d17-40ba-9600-c884ed220442 - - - - - -] Starting volume driver LightOSVolumeDriver (2.3.12)
2023-07-18 09:30:19.330 23 INFO cinder.volume.drivers.lightos [None req-abf45b8b-4d17-40ba-9600-c884ed220442 - - - - - -] Invoking get_cluster_info using GET url: /api/v2/clusterinfo             request.body: {} ssl_verify: False
2023-07-18 09:30:19.440 23 INFO cinder.volume.drivers.lightos [None req-abf45b8b-4d17-40ba-9600-c884ed220442 - - - - - -] Connected to LightOS cluster d0812848-8940-4c4a-8386-09050ef37378 subsysnqn nqn.2016-01.com.lightbitslabs:uuid:d80bc890-e343-4f04-be0b-0dfa1fc8dc2b
2023-07-18 09:30:19.440 23 INFO cinder.volume.drivers.lightos [None req-abf45b8b-4d17-40ba-9600-c884ed220442 - - - - - -] Invoking get_nodes using GET url: /api/v2/nodes             request.body: {} ssl_verify: False
2023-07-18 09:30:19.547 23 INFO cinder.keymgr.migration [None req-e4152652-792e-4e96-8c54-d0baaf663153 - - - - - -] Not migrating encryption keys because the ConfKeyManager's fixed_key is not in use.
2023-07-18 09:30:19.559 23 INFO cinder.volume.manager [None req-abf45b8b-4d17-40ba-9600-c884ed220442 - - - - - -] Driver initialization completed successfully.
2023-07-18 09:30:19.559 23 INFO cinder.manager [None req-abf45b8b-4d17-40ba-9600-c884ed220442 - - - - - -] Initiating service 4 cleanup
2023-07-18 09:30:19.568 23 INFO cinder.manager [None req-abf45b8b-4d17-40ba-9600-c884ed220442 - - - - - -] Service 4 cleanup completed.
2023-07-18 09:30:19.616 23 INFO cinder.volume.manager [None req-abf45b8b-4d17-40ba-9600-c884ed220442 - - - - - -] Initializing RPC dependent components of volume driver LightOSVolumeDriver (2.3.12)
2023-07-18 09:30:19.626 23 INFO cinder.volume.manager [None req-abf45b8b-4d17-40ba-9600-c884ed220442 - - - - - -] Driver post RPC initialization completed successfully.
2023-07-18 09:31:56.582 23 INFO cinder.volume.flows.manager.create_volume [req-4df846b0-d5e3-4150-9a62-43e932f015f1 req-d14beb03-9017-4fcb-b67f-ecec125b9f59 bcabcf496e364d27a2aaf306cddeb9e4 5553b1846fee409185be35817e345c44 - - - -] Volume 75dadcb1-be94-4254-8c1b-e9af845863ae: being created as raw with specification: {'status': 'creating', 'volume_name': 'vol_75dadcb1-be94-4254-8c1b-e9af845863ae', 'volume_size': 1}
2023-07-18 09:31:56.582 23 INFO cinder.volume.drivers.lightos [req-4df846b0-d5e3-4150-9a62-43e932f015f1 req-d14beb03-9017-4fcb-b67f-ecec125b9f59 bcabcf496e364d27a2aaf306cddeb9e4 5553b1846fee409185be35817e345c44 - - - -] Invoking get_volume_by_name using GET url: /api/v2/projects/default/volumes/?name=vol_75dadcb1-be94-4254-8c1b-e9af845863ae             request.body: {} ssl_verify: False
2023-07-18 09:31:56.610 23 INFO cinder.volume.drivers.lightos [req-4df846b0-d5e3-4150-9a62-43e932f015f1 req-d14beb03-9017-4fcb-b67f-ecec125b9f59 bcabcf496e364d27a2aaf306cddeb9e4 5553b1846fee409185be35817e345c44 - - - -] Invoking create_volume using POST url: /api/v2/projects/default/volumes             request.body: {'name': 'vol_75dadcb1-be94-4254-8c1b-e9af845863ae', 'size': '1 gib', 'replicaCount': '3', 'compression': 'False', 'acl': {'values': ['ALLOW_NONE']}, 'sourceSnapshotUUID': None, 'sourceSnapshotName': None} ssl_verify: False
2023-07-18 09:31:56.648 23 INFO cinder.volume.drivers.lightos [req-4df846b0-d5e3-4150-9a62-43e932f015f1 req-d14beb03-9017-4fcb-b67f-ecec125b9f59 bcabcf496e364d27a2aaf306cddeb9e4 5553b1846fee409185be35817e345c44 - - - -] Invoking get_volume using GET url: /api/v2/projects/default/volumes/86395401-fe4b-4579-8745-ec57ec81cb1e             request.body: {} ssl_verify: False
2023-07-18 09:31:57.712 23 INFO cinder.volume.drivers.lightos [req-4df846b0-d5e3-4150-9a62-43e932f015f1 req-d14beb03-9017-4fcb-b67f-ecec125b9f59 bcabcf496e364d27a2aaf306cddeb9e4 5553b1846fee409185be35817e345c44 - - - -] Invoking get_volume using GET url: /api/v2/projects/default/volumes/86395401-fe4b-4579-8745-ec57ec81cb1e             request.body: {} ssl_verify: False
2023-07-18 09:31:57.749 23 INFO cinder.volume.flows.manager.create_volume [req-4df846b0-d5e3-4150-9a62-43e932f015f1 req-d14beb03-9017-4fcb-b67f-ecec125b9f59 bcabcf496e364d27a2aaf306cddeb9e4 5553b1846fee409185be35817e345c44 - - - -] Volume vol_75dadcb1-be94-4254-8c1b-e9af845863ae (75dadcb1-be94-4254-8c1b-e9af845863ae): created successfully
2023-07-18 09:31:57.761 23 INFO cinder.volume.manager [req-4df846b0-d5e3-4150-9a62-43e932f015f1 req-d14beb03-9017-4fcb-b67f-ecec125b9f59 bcabcf496e364d27a2aaf306cddeb9e4 5553b1846fee409185be35817e345c44 - - - -] Created volume successfully.
2023-07-18 09:31:58.032 23 INFO cinder.volume.drivers.lightos [req-7f94b4d8-5696-4397-9350-b4aea0d0cdb9 req-c9e42f52-d6c0-45fe-b448-976108dc8a65 bcabcf496e364d27a2aaf306cddeb9e4 5553b1846fee409185be35817e345c44 - - - -] Invoking get_volume_by_name using GET url: /api/v2/projects/default/volumes/?name=vol_75dadcb1-be94-4254-8c1b-e9af845863ae             request.body: {} ssl_verify: False
2023-07-18 09:31:58.052 23 INFO cinder.volume.drivers.lightos [req-7f94b4d8-5696-4397-9350-b4aea0d0cdb9 req-c9e42f52-d6c0-45fe-b448-976108dc8a65 bcabcf496e364d27a2aaf306cddeb9e4 5553b1846fee409185be35817e345c44 - - - -] Invoking delete_volume using DELETE url: /api/v2/projects/default/volumes/86395401-fe4b-4579-8745-ec57ec81cb1e?             request.body:  ssl_verify: False
2023-07-18 09:31:58.088 23 INFO cinder.volume.drivers.lightos [req-7f94b4d8-5696-4397-9350-b4aea0d0cdb9 req-c9e42f52-d6c0-45fe-b448-976108dc8a65 bcabcf496e364d27a2aaf306cddeb9e4 5553b1846fee409185be35817e345c44 - - - -] Invoking get_volume using GET url: /api/v2/projects/default/volumes/86395401-fe4b-4579-8745-ec57ec81cb1e             request.body: {} ssl_verify: False
2023-07-18 09:31:58.237 23 WARNING cinder.quota [req-7f94b4d8-5696-4397-9350-b4aea0d0cdb9 req-c9e42f52-d6c0-45fe-b448-976108dc8a65 bcabcf496e364d27a2aaf306cddeb9e4 5553b1846fee409185be35817e345c44 - - - -] Deprecated: Default quota for resource: volumes___DEFAULT__ is set by the default quota flag: quota_volumes___DEFAULT__, it is now deprecated. Please use the default quota class for default quota.
2023-07-18 09:31:58.237 23 WARNING cinder.quota [req-7f94b4d8-5696-4397-9350-b4aea0d0cdb9 req-c9e42f52-d6c0-45fe-b448-976108dc8a65 bcabcf496e364d27a2aaf306cddeb9e4 5553b1846fee409185be35817e345c44 - - - -] Deprecated: Default quota for resource: gigabytes___DEFAULT__ is set by the default quota flag: quota_gigabytes___DEFAULT__, it is now deprecated. Please use the default quota class for default quota.
2023-07-18 09:31:58.306 23 INFO cinder.volume.manager [req-7f94b4d8-5696-4397-9350-b4aea0d0cdb9 req-c9e42f52-d6c0-45fe-b448-976108dc8a65 bcabcf496e364d27a2aaf306cddeb9e4 5553b1846fee409185be35817e345c44 - - - -] Deleted volume successfully.
2023-07-18 09:31:58.949 23 INFO cinder.volume.flows.manager.create_volume [req-017d90aa-eb8e-441d-b091-2e910839f479 req-c3b462b5-ecc0-44ae-bd92-7c260baa85e3 8914b33c2e644e2ba92e777d90c59f95 2640906cd32e44d49f4f7e9694c995e0 - - - -] Volume 83df9367-97e8-475c-8797-488e2daa1dbe: being created as raw with specification: {'status': 'creating', 'volume_name': 'vol_83df9367-97e8-475c-8797-488e2daa1dbe', 'volume_size': 1}
2023-07-18 09:31:58.950 23 INFO cinder.volume.drivers.lightos [req-017d90aa-eb8e-441d-b091-2e910839f479 req-c3b462b5-ecc0-44ae-bd92-7c260baa85e3 8914b33c2e644e2ba92e777d90c59f95 2640906cd32e44d49f4f7e9694c995e0 - - - -] Invoking get_volume_by_name using GET url: /api/v2/projects/default/volumes/?name=vol_83df9367-97e8-475c-8797-488e2daa1dbe             request.body: {} ssl_verify: False
2023-07-18 09:31:58.971 23 INFO cinder.volume.drivers.lightos [req-017d90aa-eb8e-441d-b091-2e910839f479 req-c3b462b5-ecc0-44ae-bd92-7c260baa85e3 8914b33c2e644e2ba92e777d90c59f95 2640906cd32e44d49f4f7e9694c995e0 - - - -] Invoking create_volume using POST url: /api/v2/projects/default/volumes             request.body: {'name': 'vol_83df9367-97e8-475c-8797-488e2daa1dbe', 'size': '1 gib', 'replicaCount': '3', 'compression': 'False', 'acl': {'values': ['ALLOW_NONE']}, 'sourceSnapshotUUID': None, 'sourceSnapshotName': None} ssl_verify: False
2023-07-18 09:31:59.005 23 INFO cinder.volume.drivers.lightos [req-017d90aa-eb8e-441d-b091-2e910839f479 req-c3b462b5-ecc0-44ae-bd92-7c260baa85e3 8914b33c2e644e2ba92e777d90c59f95 2640906cd32e44d49f4f7e9694c995e0 - - - -] Invoking get_volume using GET url: /api/v2/projects/default/volumes/9c85081e-18ca-4c53-b714-a7ee027d9432             request.body: {} ssl_verify: False
2023-07-18 09:31:59.093 23 INFO cinder.volume.flows.manager.create_volume [req-017d90aa-eb8e-441d-b091-2e910839f479 req-c3b462b5-ecc0-44ae-bd92-7c260baa85e3 8914b33c2e644e2ba92e777d90c59f95 2640906cd32e44d49f4f7e9694c995e0 - - - -] Volume vol_83df9367-97e8-475c-8797-488e2daa1dbe (83df9367-97e8-475c-8797-488e2daa1dbe): created successfully
2023-07-18 09:31:59.105 23 INFO cinder.volume.manager [req-017d90aa-eb8e-441d-b091-2e910839f479 req-c3b462b5-ecc0-44ae-bd92-7c260baa85e3 8914b33c2e644e2ba92e777d90c59f95 2640906cd32e44d49f4f7e9694c995e0 - - - -] Created volume successfully.
2023-07-18 09:32:00.207 23 INFO cinder.volume.drivers.lightos [req-09513792-2cd2-4a7e-b1d7-657ddd06548c req-c1e6dcbd-7b95-45f3-bd6d-83014553615c 8914b33c2e644e2ba92e777d90c59f95 2640906cd32e44d49f4f7e9694c995e0 - - - -] Invoking get_snapshot_by_name using GET url: /api/v2/projects/default/snapshots/?Name=snapshot-3f8af41b-5806-44a7-b9de-a2b20c2fad69             request.body: {} ssl_verify: False
2023-07-18 09:32:00.226 23 INFO cinder.volume.drivers.lightos [req-09513792-2cd2-4a7e-b1d7-657ddd06548c req-c1e6dcbd-7b95-45f3-bd6d-83014553615c 8914b33c2e644e2ba92e777d90c59f95 2640906cd32e44d49f4f7e9694c995e0 - - - -] Invoking create_snapshot using POST url: /api/v2/projects/default/snapshots             request.body: {'name': 'snapshot-3f8af41b-5806-44a7-b9de-a2b20c2fad69', 'sourceVolumeUUID': None, 'sourceVolumeName': 'vol_83df9367-97e8-475c-8797-488e2daa1dbe'} ssl_verify: False
2023-07-18 09:32:00.265 23 INFO cinder.volume.drivers.lightos [req-09513792-2cd2-4a7e-b1d7-657ddd06548c req-c1e6dcbd-7b95-45f3-bd6d-83014553615c 8914b33c2e644e2ba92e777d90c59f95 2640906cd32e44d49f4f7e9694c995e0 - - - -] Invoking get_snapshot_by_name using GET url: /api/v2/projects/default/snapshots/?Name=snapshot-3f8af41b-5806-44a7-b9de-a2b20c2fad69             request.body: {} ssl_verify: False
2023-07-18 09:32:01.406 23 INFO cinder.volume.drivers.lightos [req-09513792-2cd2-4a7e-b1d7-657ddd06548c req-c1e6dcbd-7b95-45f3-bd6d-83014553615c 8914b33c2e644e2ba92e777d90c59f95 2640906cd32e44d49f4f7e9694c995e0 - - - -] Invoking get_snapshot_by_name using GET url: /api/v2/projects/default/snapshots/?Name=snapshot-3f8af41b-5806-44a7-b9de-a2b20c2fad69             request.body: {} ssl_verify: False
2023-07-18 09:32:01.452 23 INFO cinder.volume.manager [req-09513792-2cd2-4a7e-b1d7-657ddd06548c req-c1e6dcbd-7b95-45f3-bd6d-83014553615c 8914b33c2e644e2ba92e777d90c59f95 2640906cd32e44d49f4f7e9694c995e0 - - - -] Create snapshot completed successfully
2023-07-18 09:32:02.358 23 INFO cinder.volume.flows.manager.create_volume [None req-7d871ec3-1deb-43f0-bc98-474b4a39f232 2b3b78cfe81e460b849f2cc97fa0f947 d3a87ecb89314a2da9f282fff981f6e3 - - - -] Volume 5e7aea0e-6e7c-4aee-a1b5-823f88b44960: being created as raw with specification: {'status': 'creating', 'volume_name': 'vol_5e7aea0e-6e7c-4aee-a1b5-823f88b44960', 'volume_size': 1}
2023-07-18 09:32:02.359 23 INFO cinder.volume.drivers.lightos [None req-7d871ec3-1deb-43f0-bc98-474b4a39f232 2b3b78cfe81e460b849f2cc97fa0f947 d3a87ecb89314a2da9f282fff981f6e3 - - - -] Invoking get_volume_by_name using GET url: /api/v2/projects/default/volumes/?name=vol_5e7aea0e-6e7c-4aee-a1b5-823f88b44960             request.body: {} ssl_verify: False
2023-07-18 09:32:02.380 23 INFO cinder.volume.drivers.lightos [None req-7d871ec3-1deb-43f0-bc98-474b4a39f232 2b3b78cfe81e460b849f2cc97fa0f947 d3a87ecb89314a2da9f282fff981f6e3 - - - -] Invoking create_volume using POST url: /api/v2/projects/default/volumes             request.body: {'name': 'vol_5e7aea0e-6e7c-4aee-a1b5-823f88b44960', 'size': '1 gib', 'replicaCount': '3', 'compression': 'False', 'acl': {'values': ['ALLOW_NONE']}, 'sourceSnapshotUUID': None, 'sourceSnapshotName': None} ssl_verify: False
2023-07-18 09:32:02.413 23 INFO cinder.volume.drivers.lightos [req-26bb3154-4f89-46a2-a93c-6e1e8fcdda99 req-427d9569-12d8-4c71-b8f6-33c26176a43b 8914b33c2e644e2ba92e777d90c59f95 2640906cd32e44d49f4f7e9694c995e0 - - - -] Invoking get_snapshot_by_name using GET url: /api/v2/projects/default/snapshots/?Name=snapshot-3f8af41b-5806-44a7-b9de-a2b20c2fad69             request.body: {} ssl_verify: False
2023-07-18 09:32:02.422 23 INFO cinder.volume.drivers.lightos [None req-7d871ec3-1deb-43f0-bc98-474b4a39f232 2b3b78cfe81e460b849f2cc97fa0f947 d3a87ecb89314a2da9f282fff981f6e3 - - - -] Invoking get_volume using GET url: /api/v2/projects/default/volumes/0d41fa09-5d45-45a8-a816-65ec7b319bd0             request.body: {} ssl_verify: False
2023-07-18 09:32:02.493 23 INFO cinder.volume.drivers.lightos [req-26bb3154-4f89-46a2-a93c-6e1e8fcdda99 req-427d9569-12d8-4c71-b8f6-33c26176a43b 8914b33c2e644e2ba92e777d90c59f95 2640906cd32e44d49f4f7e9694c995e0 - - - -] Invoking delete_snapshot using DELETE url: /api/v2/projects/default/snapshots/63a47ed6-0a05-400d-8e98-0ceaa32927e1?             request.body:  ssl_verify: False
2023-07-18 09:32:02.499 23 INFO cinder.volume.flows.manager.create_volume [None req-7d871ec3-1deb-43f0-bc98-474b4a39f232 2b3b78cfe81e460b849f2cc97fa0f947 d3a87ecb89314a2da9f282fff981f6e3 - - - -] Volume vol_5e7aea0e-6e7c-4aee-a1b5-823f88b44960 (5e7aea0e-6e7c-4aee-a1b5-823f88b44960): created successfully
2023-07-18 09:32:02.512 23 INFO cinder.volume.manager [None req-7d871ec3-1deb-43f0-bc98-474b4a39f232 2b3b78cfe81e460b849f2cc97fa0f947 d3a87ecb89314a2da9f282fff981f6e3 - - - -] Created volume successfully.
2023-07-18 09:32:02.536 23 INFO cinder.volume.drivers.lightos [req-26bb3154-4f89-46a2-a93c-6e1e8fcdda99 req-427d9569-12d8-4c71-b8f6-33c26176a43b 8914b33c2e644e2ba92e777d90c59f95 2640906cd32e44d49f4f7e9694c995e0 - - - -] Invoking get_snapshot using GET url: /api/v2/projects/default/snapshots/63a47ed6-0a05-400d-8e98-0ceaa32927e1             request.body: {} ssl_verify: False
2023-07-18 09:32:02.646 23 WARNING cinder.quota [req-26bb3154-4f89-46a2-a93c-6e1e8fcdda99 req-427d9569-12d8-4c71-b8f6-33c26176a43b 8914b33c2e644e2ba92e777d90c59f95 2640906cd32e44d49f4f7e9694c995e0 - - - -] Deprecated: Default quota for resource: snapshots___DEFAULT__ is set by the default quota flag: quota_snapshots___DEFAULT__, it is now deprecated. Please use the default quota class for default quota.
2023-07-18 09:32:02.688 23 INFO cinder.volume.manager [req-26bb3154-4f89-46a2-a93c-6e1e8fcdda99 req-427d9569-12d8-4c71-b8f6-33c26176a43b 8914b33c2e644e2ba92e777d90c59f95 2640906cd32e44d49f4f7e9694c995e0 - - - -] Delete snapshot completed successfully.
2023-07-18 09:32:03.569 23 INFO cinder.volume.drivers.lightos [req-32d82187-c253-4704-96c1-bf085929b1de req-0af4ca68-f248-4d1e-b964-808a1bbf6caf 8914b33c2e644e2ba92e777d90c59f95 2640906cd32e44d49f4f7e9694c995e0 - - - -] Invoking get_volume_by_name using GET url: /api/v2/projects/default/volumes/?name=vol_83df9367-97e8-475c-8797-488e2daa1dbe             request.body: {} ssl_verify: False
2023-07-18 09:32:03.591 23 INFO cinder.volume.drivers.lightos [req-32d82187-c253-4704-96c1-bf085929b1de req-0af4ca68-f248-4d1e-b964-808a1bbf6caf 8914b33c2e644e2ba92e777d90c59f95 2640906cd32e44d49f4f7e9694c995e0 - - - -] Invoking delete_volume using DELETE url: /api/v2/projects/default/volumes/9c85081e-18ca-4c53-b714-a7ee027d9432?             request.body:  ssl_verify: False
2023-07-18 09:32:03.649 23 INFO cinder.volume.drivers.lightos [req-32d82187-c253-4704-96c1-bf085929b1de req-0af4ca68-f248-4d1e-b964-808a1bbf6caf 8914b33c2e644e2ba92e777d90c59f95 2640906cd32e44d49f4f7e9694c995e0 - - - -] Invoking get_volume using GET url: /api/v2/projects/default/volumes/9c85081e-18ca-4c53-b714-a7ee027d9432             request.body: {} ssl_verify: False
2023-07-18 09:32:03.818 23 INFO cinder.volume.flows.manager.create_volume [None req-b41b18b1-2442-4f4a-a810-b96e2e47be18 2b3b78cfe81e460b849f2cc97fa0f947 d3a87ecb89314a2da9f282fff981f6e3 - - - -] Volume d30417f1-0d4a-4805-b60d-b07c792fe0bc: being created as raw with specification: {'status': 'creating', 'volume_name': 'vol_d30417f1-0d4a-4805-b60d-b07c792fe0bc', 'volume_size': 1}
2023-07-18 09:32:03.818 23 INFO cinder.volume.drivers.lightos [None req-b41b18b1-2442-4f4a-a810-b96e2e47be18 2b3b78cfe81e460b849f2cc97fa0f947 d3a87ecb89314a2da9f282fff981f6e3 - - - -] Invoking get_volume_by_name using GET url: /api/v2/projects/default/volumes/?name=vol_d30417f1-0d4a-4805-b60d-b07c792fe0bc             request.body: {} ssl_verify: False
2023-07-18 09:32:03.840 23 INFO cinder.volume.drivers.lightos [None req-b41b18b1-2442-4f4a-a810-b96e2e47be18 2b3b78cfe81e460b849f2cc97fa0f947 d3a87ecb89314a2da9f282fff981f6e3 - - - -] Invoking create_volume using POST url: /api/v2/projects/default/volumes             request.body: {'name': 'vol_d30417f1-0d4a-4805-b60d-b07c792fe0bc', 'size': '1 gib', 'replicaCount': '3', 'compression': 'False', 'acl': {'values': ['ALLOW_NONE']}, 'sourceSnapshotUUID': None, 'sourceSnapshotName': None} ssl_verify: False
2023-07-18 09:32:03.861 23 INFO cinder.volume.manager [req-32d82187-c253-4704-96c1-bf085929b1de req-0af4ca68-f248-4d1e-b964-808a1bbf6caf 8914b33c2e644e2ba92e777d90c59f95 2640906cd32e44d49f4f7e9694c995e0 - - - -] Deleted volume successfully.
2023-07-18 09:32:03.877 23 INFO cinder.volume.drivers.lightos [None req-b41b18b1-2442-4f4a-a810-b96e2e47be18 2b3b78cfe81e460b849f2cc97fa0f947 d3a87ecb89314a2da9f282fff981f6e3 - - - -] Invoking get_volume using GET url: /api/v2/projects/default/volumes/977c3b20-3d9e-4918-bf53-4be7ce86bf31             request.body: {} ssl_verify: False
2023-07-18 09:32:03.992 23 INFO cinder.volume.flows.manager.create_volume [None req-b41b18b1-2442-4f4a-a810-b96e2e47be18 2b3b78cfe81e460b849f2cc97fa0f947 d3a87ecb89314a2da9f282fff981f6e3 - - - -] Volume vol_d30417f1-0d4a-4805-b60d-b07c792fe0bc (d30417f1-0d4a-4805-b60d-b07c792fe0bc): created successfully
2023-07-18 09:32:04.003 23 INFO cinder.volume.manager [None req-b41b18b1-2442-4f4a-a810-b96e2e47be18 2b3b78cfe81e460b849f2cc97fa0f947 d3a87ecb89314a2da9f282fff981f6e3 - - - -] Created volume successfully.
2023-07-18 09:32:05.240 23 INFO cinder.volume.flows.manager.create_volume [None req-09ea5488-67b9-42d1-a8a2-18d39156360c 2b3b78cfe81e460b849f2cc97fa0f947 d3a87ecb89314a2da9f282fff981f6e3 - - - -] Volume b3409b4a-783a-4af1-9988-784486e2f5b6: being created as raw with specification: {'status': 'creating', 'volume_name': 'vol_b3409b4a-783a-4af1-9988-784486e2f5b6', 'volume_size': 1}
2023-07-18 09:32:05.241 23 INFO cinder.volume.drivers.lightos [None req-09ea5488-67b9-42d1-a8a2-18d39156360c 2b3b78cfe81e460b849f2cc97fa0f947 d3a87ecb89314a2da9f282fff981f6e3 - - - -] Invoking get_volume_by_name using GET url: /api/v2/projects/default/volumes/?name=vol_b3409b4a-783a-4af1-9988-784486e2f5b6             request.body: {} ssl_verify: False
2023-07-18 09:32:05.261 23 INFO cinder.volume.drivers.lightos [None req-09ea5488-67b9-42d1-a8a2-18d39156360c 2b3b78cfe81e460b849f2cc97fa0f947 d3a87ecb89314a2da9f282fff981f6e3 - - - -] Invoking create_volume using POST url: /api/v2/projects/default/volumes             request.body: {'name': 'vol_b3409b4a-783a-4af1-9988-784486e2f5b6', 'size': '1 gib', 'replicaCount': '3', 'compression': 'False', 'acl': {'values': ['ALLOW_NONE']}, 'sourceSnapshotUUID': None, 'sourceSnapshotName': None} ssl_verify: False
2023-07-18 09:32:05.296 23 INFO cinder.volume.drivers.lightos [None req-09ea5488-67b9-42d1-a8a2-18d39156360c 2b3b78cfe81e460b849f2cc97fa0f947 d3a87ecb89314a2da9f282fff981f6e3 - - - -] Invoking get_volume using GET url: /api/v2/projects/default/volumes/3e52eeb3-61e9-4b03-94f0-aceb737b98b1             request.body: {} ssl_verify: False
2023-07-18 09:32:06.317 23 INFO cinder.volume.drivers.lightos [None req-09ea5488-67b9-42d1-a8a2-18d39156360c 2b3b78cfe81e460b849f2cc97fa0f947 d3a87ecb89314a2da9f282fff981f6e3 - - - -] Invoking get_volume using GET url: /api/v2/projects/default/volumes/3e52eeb3-61e9-4b03-94f0-aceb737b98b1             request.body: {} ssl_verify: False
2023-07-18 09:32:06.355 23 INFO cinder.volume.flows.manager.create_volume [None req-09ea5488-67b9-42d1-a8a2-18d39156360c 2b3b78cfe81e460b849f2cc97fa0f947 d3a87ecb89314a2da9f282fff981f6e3 - - - -] Volume vol_b3409b4a-783a-4af1-9988-784486e2f5b6 (b3409b4a-783a-4af1-9988-784486e2f5b6): created successfully
2023-07-18 09:32:06.366 23 INFO cinder.volume.manager [None req-09ea5488-67b9-42d1-a8a2-18d39156360c 2b3b78cfe81e460b849f2cc97fa0f947 d3a87ecb89314a2da9f282fff981f6e3 - - - -] Created volume successfully.
2023-07-18 09:32:07.845 23 INFO cinder.volume.drivers.lightos [None req-dd525886-8986-49aa-a2d6-a01ecef99519 2b3b78cfe81e460b849f2cc97fa0f947 d3a87ecb89314a2da9f282fff981f6e3 - - - -] Invoking get_volume_by_name using GET url: /api/v2/projects/default/volumes/?name=vol_b3409b4a-783a-4af1-9988-784486e2f5b6             request.body: {} ssl_verify: False
2023-07-18 09:32:07.872 23 INFO cinder.volume.drivers.lightos [None req-dd525886-8986-49aa-a2d6-a01ecef99519 2b3b78cfe81e460b849f2cc97fa0f947 d3a87ecb89314a2da9f282fff981f6e3 - - - -] Invoking delete_volume using DELETE url: /api/v2/projects/default/volumes/3e52eeb3-61e9-4b03-94f0-aceb737b98b1?             request.body:  ssl_verify: False
2023-07-18 09:32:07.934 23 INFO cinder.volume.drivers.lightos [None req-dd525886-8986-49aa-a2d6-a01ecef99519 2b3b78cfe81e460b849f2cc97fa0f947 d3a87ecb89314a2da9f282fff981f6e3 - - - -] Invoking get_volume using GET url: /api/v2/projects/default/volumes/3e52eeb3-61e9-4b03-94f0-aceb737b98b1             request.body: {} ssl_verify: False
2023-07-18 09:32:08.098 23 INFO cinder.volume.manager [None req-dd525886-8986-49aa-a2d6-a01ecef99519 2b3b78cfe81e460b849f2cc97fa0f947 d3a87ecb89314a2da9f282fff981f6e3 - - - -] Deleted volume successfully.
2023-07-18 09:32:08.960 23 INFO cinder.volume.drivers.lightos [None req-a1d6e47c-c3cc-4ff8-acf9-416cda53c50d 2b3b78cfe81e460b849f2cc97fa0f947 d3a87ecb89314a2da9f282fff981f6e3 - - - -] Invoking get_volume_by_name using GET url: /api/v2/projects/default/volumes/?name=vol_d30417f1-0d4a-4805-b60d-b07c792fe0bc             request.body: {} ssl_verify: False
2023-07-18 09:32:08.979 23 INFO cinder.volume.drivers.lightos [None req-a1d6e47c-c3cc-4ff8-acf9-416cda53c50d 2b3b78cfe81e460b849f2cc97fa0f947 d3a87ecb89314a2da9f282fff981f6e3 - - - -] Invoking delete_volume using DELETE url: /api/v2/projects/default/volumes/977c3b20-3d9e-4918-bf53-4be7ce86bf31?             request.body:  ssl_verify: False
2023-07-18 09:32:09.014 23 INFO cinder.volume.drivers.lightos [None req-a1d6e47c-c3cc-4ff8-acf9-416cda53c50d 2b3b78cfe81e460b849f2cc97fa0f947 d3a87ecb89314a2da9f282fff981f6e3 - - - -] Invoking get_volume using GET url: /api/v2/projects/default/volumes/977c3b20-3d9e-4918-bf53-4be7ce86bf31             request.body: {} ssl_verify: False
2023-07-18 09:32:09.183 23 INFO cinder.volume.manager [None req-a1d6e47c-c3cc-4ff8-acf9-416cda53c50d 2b3b78cfe81e460b849f2cc97fa0f947 d3a87ecb89314a2da9f282fff981f6e3 - - - -] Deleted volume successfully.
2023-07-18 09:32:09.859 23 INFO cinder.volume.manager [None req-93af0062-6abc-4f63-a695-49a1b0bf2a18 4e363b99bc4a4a4b9f3200f556a47350 8002acb7d6e84767a329420cec106c97 - - - -] Group tempest-GroupSnapshotsV319Test-Group-1384367184: creating
2023-07-18 09:32:10.047 23 INFO cinder.volume.manager [None req-93af0062-6abc-4f63-a695-49a1b0bf2a18 4e363b99bc4a4a4b9f3200f556a47350 8002acb7d6e84767a329420cec106c97 - - - -] Group tempest-GroupSnapshotsV319Test-Group-1384367184: created successfully
2023-07-18 09:32:10.073 23 INFO cinder.volume.manager [None req-93af0062-6abc-4f63-a695-49a1b0bf2a18 4e363b99bc4a4a4b9f3200f556a47350 8002acb7d6e84767a329420cec106c97 - - - -] Create group completed successfully.
2023-07-18 09:32:10.081 23 INFO cinder.volume.drivers.lightos [None req-f6db48a4-ce67-40ad-8c9a-928eb8c2cce8 2b3b78cfe81e460b849f2cc97fa0f947 d3a87ecb89314a2da9f282fff981f6e3 - - - -] Invoking get_volume_by_name using GET url: /api/v2/projects/default/volumes/?name=vol_5e7aea0e-6e7c-4aee-a1b5-823f88b44960             request.body: {} ssl_verify: False
2023-07-18 09:32:10.102 23 INFO cinder.volume.drivers.lightos [None req-f6db48a4-ce67-40ad-8c9a-928eb8c2cce8 2b3b78cfe81e460b849f2cc97fa0f947 d3a87ecb89314a2da9f282fff981f6e3 - - - -] Invoking delete_volume using DELETE url: /api/v2/projects/default/volumes/0d41fa09-5d45-45a8-a816-65ec7b319bd0?             request.body:  ssl_verify: False
2023-07-18 09:32:10.154 23 INFO cinder.volume.drivers.lightos [None req-f6db48a4-ce67-40ad-8c9a-928eb8c2cce8 2b3b78cfe81e460b849f2cc97fa0f947 d3a87ecb89314a2da9f282fff981f6e3 - - - -] Invoking get_volume using GET url: /api/v2/projects/default/volumes/0d41fa09-5d45-45a8-a816-65ec7b319bd0             request.body: {} ssl_verify: False
2023-07-18 09:32:10.296 23 INFO cinder.volume.manager [None req-f6db48a4-ce67-40ad-8c9a-928eb8c2cce8 2b3b78cfe81e460b849f2cc97fa0f947 d3a87ecb89314a2da9f282fff981f6e3 - - - -] Deleted volume successfully.
2023-07-18 09:32:10.736 23 INFO cinder.volume.flows.manager.create_volume [None req-9dd4cfaf-fa0e-49f5-99b5-3f119a7b9cd8 d59285bc79574b84ba8c16ef57386d89 05d60d96773c42a985f4221a971aac78 - - - -] Volume 2477ff0b-3140-41ac-a903-48fb15dc33e6: being created as raw with specification: {'status': 'creating', 'volume_name': 'vol_2477ff0b-3140-41ac-a903-48fb15dc33e6', 'volume_size': 1}
2023-07-18 09:32:10.737 23 INFO cinder.volume.drivers.lightos [None req-9dd4cfaf-fa0e-49f5-99b5-3f119a7b9cd8 d59285bc79574b84ba8c16ef57386d89 05d60d96773c42a985f4221a971aac78 - - - -] Invoking get_volume_by_name using GET url: /api/v2/projects/default/volumes/?name=vol_2477ff0b-3140-41ac-a903-48fb15dc33e6             request.body: {} ssl_verify: False
2023-07-18 09:32:10.754 23 INFO cinder.volume.drivers.lightos [None req-9dd4cfaf-fa0e-49f5-99b5-3f119a7b9cd8 d59285bc79574b84ba8c16ef57386d89 05d60d96773c42a985f4221a971aac78 - - - -] Invoking create_volume using POST url: /api/v2/projects/default/volumes             request.body: {'name': 'vol_2477ff0b-3140-41ac-a903-48fb15dc33e6', 'size': '1 gib', 'replicaCount': '3', 'compression': 'False', 'acl': {'values': ['ALLOW_NONE']}, 'sourceSnapshotUUID': None, 'sourceSnapshotName': None} ssl_verify: False
2023-07-18 09:32:10.847 23 INFO cinder.volume.drivers.lightos [None req-9dd4cfaf-fa0e-49f5-99b5-3f119a7b9cd8 d59285bc79574b84ba8c16ef57386d89 05d60d96773c42a985f4221a971aac78 - - - -] Invoking get_volume using GET url: /api/v2/projects/default/volumes/9361b6d1-6399-44b4-964d-6d5f33391bd9             request.body: {} ssl_verify: False
2023-07-18 09:32:10.882 23 INFO cinder.volume.flows.manager.create_volume [None req-9dd4cfaf-fa0e-49f5-99b5-3f119a7b9cd8 d59285bc79574b84ba8c16ef57386d89 05d60d96773c42a985f4221a971aac78 - - - -] Volume vol_2477ff0b-3140-41ac-a903-48fb15dc33e6 (2477ff0b-3140-41ac-a903-48fb15dc33e6): created successfully
2023-07-18 09:32:10.893 23 INFO cinder.volume.manager [None req-9dd4cfaf-fa0e-49f5-99b5-3f119a7b9cd8 d59285bc79574b84ba8c16ef57386d89 05d60d96773c42a985f4221a971aac78 - - - -] Created volume successfully.
2023-07-18 09:32:12.056 23 INFO cinder.volume.drivers.lightos [None req-8cf5dc1e-7903-455b-80d5-34881f452e00 d59285bc79574b84ba8c16ef57386d89 05d60d96773c42a985f4221a971aac78 - - - -] Invoking get_snapshot_by_name using GET url: /api/v2/projects/default/snapshots/?Name=snapshot-28205a36-92f9-426d-a6a3-be64a815629c             request.body: {} ssl_verify: False
2023-07-18 09:32:12.076 23 INFO cinder.volume.drivers.lightos [None req-8cf5dc1e-7903-455b-80d5-34881f452e00 d59285bc79574b84ba8c16ef57386d89 05d60d96773c42a985f4221a971aac78 - - - -] Invoking create_snapshot using POST url: /api/v2/projects/default/snapshots             request.body: {'name': 'snapshot-28205a36-92f9-426d-a6a3-be64a815629c', 'sourceVolumeUUID': None, 'sourceVolumeName': 'vol_2477ff0b-3140-41ac-a903-48fb15dc33e6'} ssl_verify: False
2023-07-18 09:32:12.117 23 INFO cinder.volume.drivers.lightos [None req-8cf5dc1e-7903-455b-80d5-34881f452e00 d59285bc79574b84ba8c16ef57386d89 05d60d96773c42a985f4221a971aac78 - - - -] Invoking get_snapshot_by_name using GET url: /api/v2/projects/default/snapshots/?Name=snapshot-28205a36-92f9-426d-a6a3-be64a815629c             request.body: {} ssl_verify: False
2023-07-18 09:32:13.191 23 INFO cinder.volume.drivers.lightos [None req-8cf5dc1e-7903-455b-80d5-34881f452e00 d59285bc79574b84ba8c16ef57386d89 05d60d96773c42a985f4221a971aac78 - - - -] Invoking get_snapshot_by_name using GET url: /api/v2/projects/default/snapshots/?Name=snapshot-28205a36-92f9-426d-a6a3-be64a815629c             request.body: {} ssl_verify: False
2023-07-18 09:32:13.230 23 INFO cinder.volume.manager [None req-8cf5dc1e-7903-455b-80d5-34881f452e00 d59285bc79574b84ba8c16ef57386d89 05d60d96773c42a985f4221a971aac78 - - - -] Create snapshot completed successfully
2023-07-18 09:32:14.473 23 INFO cinder.volume.drivers.lightos [None req-5a67e537-4a17-4419-9134-37f61615b797 d59285bc79574b84ba8c16ef57386d89 05d60d96773c42a985f4221a971aac78 - - - -] Invoking get_snapshot_by_name using GET url: /api/v2/projects/default/snapshots/?Name=snapshot-918b2df3-fdd8-4e5a-b8f3-a15513e38bc0             request.body: {} ssl_verify: False
2023-07-18 09:32:14.493 23 INFO cinder.volume.drivers.lightos [None req-5a67e537-4a17-4419-9134-37f61615b797 d59285bc79574b84ba8c16ef57386d89 05d60d96773c42a985f4221a971aac78 - - - -] Invoking create_snapshot using POST url: /api/v2/projects/default/snapshots             request.body: {'name': 'snapshot-918b2df3-fdd8-4e5a-b8f3-a15513e38bc0', 'sourceVolumeUUID': None, 'sourceVolumeName': 'vol_2477ff0b-3140-41ac-a903-48fb15dc33e6'} ssl_verify: False
2023-07-18 09:32:14.533 23 INFO cinder.volume.drivers.lightos [None req-5a67e537-4a17-4419-9134-37f61615b797 d59285bc79574b84ba8c16ef57386d89 05d60d96773c42a985f4221a971aac78 - - - -] Invoking get_snapshot_by_name using GET url: /api/v2/projects/default/snapshots/?Name=snapshot-918b2df3-fdd8-4e5a-b8f3-a15513e38bc0             request.body: {} ssl_verify: False
2023-07-18 09:32:15.669 23 INFO cinder.volume.drivers.lightos [None req-5a67e537-4a17-4419-9134-37f61615b797 d59285bc79574b84ba8c16ef57386d89 05d60d96773c42a985f4221a971aac78 - - - -] Invoking get_snapshot_by_name using GET url: /api/v2/projects/default/snapshots/?Name=snapshot-918b2df3-fdd8-4e5a-b8f3-a15513e38bc0             request.body: {} ssl_verify: False
2023-07-18 09:32:15.709 23 INFO cinder.volume.manager [None req-5a67e537-4a17-4419-9134-37f61615b797 d59285bc79574b84ba8c16ef57386d89 05d60d96773c42a985f4221a971aac78 - - - -] Create snapshot completed successfully
2023-07-18 09:32:15.966 23 INFO cinder.volume.manager [None req-461a39ef-285f-4e39-82d2-454ffe06b8ba dc3f6f62017b4ce98ad7bef30c63d43c 391dee8292154357a571b5d26a049738 - - - -] Group tempest-GroupSnapshotsTest-Group-53067510: creating
2023-07-18 09:32:16.622 23 INFO cinder.volume.manager [None req-461a39ef-285f-4e39-82d2-454ffe06b8ba dc3f6f62017b4ce98ad7bef30c63d43c 391dee8292154357a571b5d26a049738 - - - -] Group tempest-GroupSnapshotsTest-Group-53067510: created successfully
2023-07-18 09:32:16.631 23 INFO cinder.volume.drivers.lightos [None req-0a8d1a15-d742-4c79-bc2a-5e9d24957ee7 83059a15feb64edcb4b75e7e22d24216 50c0c2c7d6564bdaa26c80c75b971ee7 - - - -] Invoking get_snapshot_by_name using GET url: /api/v2/projects/default/snapshots/?Name=snapshot-918b2df3-fdd8-4e5a-b8f3-a15513e38bc0             request.body: {} ssl_verify: False
2023-07-18 09:32:16.643 23 INFO cinder.volume.manager [None req-461a39ef-285f-4e39-82d2-454ffe06b8ba dc3f6f62017b4ce98ad7bef30c63d43c 391dee8292154357a571b5d26a049738 - - - -] Create group completed successfully.
2023-07-18 09:32:16.653 23 INFO cinder.volume.drivers.lightos [None req-0a8d1a15-d742-4c79-bc2a-5e9d24957ee7 83059a15feb64edcb4b75e7e22d24216 50c0c2c7d6564bdaa26c80c75b971ee7 - - - -] Invoking delete_snapshot using DELETE url: /api/v2/projects/default/snapshots/265a2c54-207c-4184-b876-a7fe232334be?             request.body:  ssl_verify: False
2023-07-18 09:32:16.690 23 INFO cinder.volume.drivers.lightos [None req-0a8d1a15-d742-4c79-bc2a-5e9d24957ee7 83059a15feb64edcb4b75e7e22d24216 50c0c2c7d6564bdaa26c80c75b971ee7 - - - -] Invoking get_snapshot using GET url: /api/v2/projects/default/snapshots/265a2c54-207c-4184-b876-a7fe232334be             request.body: {} ssl_verify: False
2023-07-18 09:32:16.866 23 INFO cinder.volume.manager [None req-0a8d1a15-d742-4c79-bc2a-5e9d24957ee7 83059a15feb64edcb4b75e7e22d24216 50c0c2c7d6564bdaa26c80c75b971ee7 - - - -] Delete snapshot completed successfully.
2023-07-18 09:37:09.943 23 INFO cinder.volume.manager [None req-d9f1c501-036f-478d-ae61-9bf2ad6c8685 4e363b99bc4a4a4b9f3200f556a47350 8002acb7d6e84767a329420cec106c97 - - - -] Delete group completed successfully.
2023-07-18 09:37:16.291 23 WARNING oslo.service.loopingcall [None req-836f61d1-fb7c-4de3-bd1f-7de2c3a6208f - - - - - -] Function 'cinder.service.Service.report_state' run outlasted interval by 286.63 sec
2023-07-18 09:37:16.302 23 INFO cinder.volume.drivers.lightos [None req-f7ffe2a9-c6df-4c69-ac89-8a72795ad5fd d59285bc79574b84ba8c16ef57386d89 05d60d96773c42a985f4221a971aac78 - - - -] Invoking get_snapshot_by_name using GET url: /api/v2/projects/default/snapshots/?Name=snapshot-79583bda-2fcd-4812-a9d3-1211e59d7370             request.body: {} ssl_verify: False
2023-07-18 09:37:16.326 23 INFO cinder.volume.drivers.lightos [None req-f7ffe2a9-c6df-4c69-ac89-8a72795ad5fd d59285bc79574b84ba8c16ef57386d89 05d60d96773c42a985f4221a971aac78 - - - -] Invoking create_snapshot using POST url: /api/v2/projects/default/snapshots             request.body: {'name': 'snapshot-79583bda-2fcd-4812-a9d3-1211e59d7370', 'sourceVolumeUUID': None, 'sourceVolumeName': 'vol_2477ff0b-3140-41ac-a903-48fb15dc33e6'} ssl_verify: False
2023-07-18 09:37:16.350 23 INFO cinder.volume.manager [None req-c8caa1d0-2fed-4c58-b668-abbd2b0d662a dc3f6f62017b4ce98ad7bef30c63d43c 391dee8292154357a571b5d26a049738 - - - -] Delete group completed successfully.
2023-07-18 09:37:16.362 23 INFO cinder.volume.drivers.lightos [None req-f7ffe2a9-c6df-4c69-ac89-8a72795ad5fd d59285bc79574b84ba8c16ef57386d89 05d60d96773c42a985f4221a971aac78 - - - -] Invoking get_snapshot_by_name using GET url: /api/v2/projects/default/snapshots/?Name=snapshot-79583bda-2fcd-4812-a9d3-1211e59d7370             request.body: {} ssl_verify: False
2023-07-18 09:37:17.444 23 INFO cinder.volume.drivers.lightos [None req-f7ffe2a9-c6df-4c69-ac89-8a72795ad5fd d59285bc79574b84ba8c16ef57386d89 05d60d96773c42a985f4221a971aac78 - - - -] Invoking get_snapshot_by_name using GET url: /api/v2/projects/default/snapshots/?Name=snapshot-79583bda-2fcd-4812-a9d3-1211e59d7370             request.body: {} ssl_verify: False
2023-07-18 09:37:17.485 23 INFO cinder.volume.manager [None req-f7ffe2a9-c6df-4c69-ac89-8a72795ad5fd d59285bc79574b84ba8c16ef57386d89 05d60d96773c42a985f4221a971aac78 - - - -] Create snapshot completed successfully
2023-07-18 09:37:17.720 23 INFO cinder.volume.manager [None req-ddc61e89-7dc6-4e54-94ca-a63abecb8e91 dc3f6f62017b4ce98ad7bef30c63d43c 391dee8292154357a571b5d26a049738 - - - -] Group tempest-GroupSnapshotsTest-Group-351726785: creating
2023-07-18 09:37:18.229 23 INFO cinder.volume.manager [None req-ddc61e89-7dc6-4e54-94ca-a63abecb8e91 dc3f6f62017b4ce98ad7bef30c63d43c 391dee8292154357a571b5d26a049738 - - - -] Group tempest-GroupSnapshotsTest-Group-351726785: created successfully
2023-07-18 09:37:18.241 23 INFO cinder.volume.manager [None req-ddc61e89-7dc6-4e54-94ca-a63abecb8e91 dc3f6f62017b4ce98ad7bef30c63d43c 391dee8292154357a571b5d26a049738 - - - -] Create group completed successfully.
2023-07-18 09:37:21.502 23 INFO cinder.volume.manager [None req-96bd849d-3152-4097-9a4a-2e8f41f9f20d e1d0d4d81fcd41d39804d45bfd613420 9d95499f218a41dc8d2c22e995e63c55 - - - -] Group tempest-Group1-688932103: creating
2023-07-18 09:37:22.012 23 INFO cinder.volume.manager [None req-96bd849d-3152-4097-9a4a-2e8f41f9f20d e1d0d4d81fcd41d39804d45bfd613420 9d95499f218a41dc8d2c22e995e63c55 - - - -] Group tempest-Group1-688932103: created successfully
2023-07-18 09:37:22.024 23 INFO cinder.volume.manager [None req-96bd849d-3152-4097-9a4a-2e8f41f9f20d e1d0d4d81fcd41d39804d45bfd613420 9d95499f218a41dc8d2c22e995e63c55 - - - -] Create group completed successfully.
2023-07-18 09:38:06.342 23 INFO cinder.volume.drivers.lightos [None req-e1b981e6-1470-4a17-acde-5eccdf8f0619 d59285bc79574b84ba8c16ef57386d89 05d60d96773c42a985f4221a971aac78 - - - -] Invoking get_snapshot_by_name using GET url: /api/v2/projects/default/snapshots/?Name=snapshot-b69b19fa-3226-4d61-90d1-57eb16541332             request.body: {} ssl_verify: False
2023-07-18 09:38:06.363 23 INFO cinder.volume.drivers.lightos [None req-e1b981e6-1470-4a17-acde-5eccdf8f0619 d59285bc79574b84ba8c16ef57386d89 05d60d96773c42a985f4221a971aac78 - - - -] Invoking create_snapshot using POST url: /api/v2/projects/default/snapshots             request.body: {'name': 'snapshot-b69b19fa-3226-4d61-90d1-57eb16541332', 'sourceVolumeUUID': None, 'sourceVolumeName': 'vol_2477ff0b-3140-41ac-a903-48fb15dc33e6'} ssl_verify: False
2023-07-18 09:38:06.403 23 INFO cinder.volume.drivers.lightos [None req-e1b981e6-1470-4a17-acde-5eccdf8f0619 d59285bc79574b84ba8c16ef57386d89 05d60d96773c42a985f4221a971aac78 - - - -] Invoking get_snapshot_by_name using GET url: /api/v2/projects/default/snapshots/?Name=snapshot-b69b19fa-3226-4d61-90d1-57eb16541332             request.body: {} ssl_verify: False
2023-07-18 09:38:07.485 23 INFO cinder.volume.drivers.lightos [None req-e1b981e6-1470-4a17-acde-5eccdf8f0619 d59285bc79574b84ba8c16ef57386d89 05d60d96773c42a985f4221a971aac78 - - - -] Invoking get_snapshot_by_name using GET url: /api/v2/projects/default/snapshots/?Name=snapshot-b69b19fa-3226-4d61-90d1-57eb16541332             request.body: {} ssl_verify: False
2023-07-18 09:38:07.536 23 INFO cinder.volume.manager [None req-e1b981e6-1470-4a17-acde-5eccdf8f0619 d59285bc79574b84ba8c16ef57386d89 05d60d96773c42a985f4221a971aac78 - - - -] Create snapshot completed successfully
2023-07-18 09:38:07.892 23 INFO cinder.volume.drivers.lightos [None req-b01c0660-38dc-43d8-9b34-65fd1c23c5e2 83059a15feb64edcb4b75e7e22d24216 50c0c2c7d6564bdaa26c80c75b971ee7 - - - -] Invoking get_snapshot_by_name using GET url: /api/v2/projects/default/snapshots/?Name=snapshot-b69b19fa-3226-4d61-90d1-57eb16541332             request.body: {} ssl_verify: False
2023-07-18 09:38:07.914 23 INFO cinder.volume.drivers.lightos [None req-b01c0660-38dc-43d8-9b34-65fd1c23c5e2 83059a15feb64edcb4b75e7e22d24216 50c0c2c7d6564bdaa26c80c75b971ee7 - - - -] Invoking delete_snapshot using DELETE url: /api/v2/projects/default/snapshots/6ea71556-082e-48ec-a110-2d5d5d9f5257?             request.body:  ssl_verify: False
2023-07-18 09:38:07.946 23 INFO cinder.volume.drivers.lightos [None req-b01c0660-38dc-43d8-9b34-65fd1c23c5e2 83059a15feb64edcb4b75e7e22d24216 50c0c2c7d6564bdaa26c80c75b971ee7 - - - -] Invoking get_snapshot using GET url: /api/v2/projects/default/snapshots/6ea71556-082e-48ec-a110-2d5d5d9f5257             request.body: {} ssl_verify: False
2023-07-18 09:38:08.112 23 INFO cinder.volume.manager [None req-b01c0660-38dc-43d8-9b34-65fd1c23c5e2 83059a15feb64edcb4b75e7e22d24216 50c0c2c7d6564bdaa26c80c75b971ee7 - - - -] Delete snapshot completed successfully.
2023-07-18 09:38:10.581 23 INFO cinder.volume.drivers.lightos [None req-21231221-82ec-40dc-9559-5e796d3034c6 d59285bc79574b84ba8c16ef57386d89 05d60d96773c42a985f4221a971aac78 - - - -] Invoking get_snapshot_by_name using GET url: /api/v2/projects/default/snapshots/?Name=snapshot-bfcc02f4-5b51-44ee-b527-46e5dccccb40             request.body: {} ssl_verify: False
2023-07-18 09:38:10.603 23 WARNING cinder.volume.drivers.lightos [None req-21231221-82ec-40dc-9559-5e796d3034c6 d59285bc79574b84ba8c16ef57386d89 05d60d96773c42a985f4221a971aac78 - - - -] Unable to find lightos snapshot snapshot-bfcc02f4-5b51-44ee-b527-46e5dccccb40 project default for deletion
2023-07-18 09:38:10.724 23 INFO cinder.volume.manager [None req-21231221-82ec-40dc-9559-5e796d3034c6 d59285bc79574b84ba8c16ef57386d89 05d60d96773c42a985f4221a971aac78 - - - -] Delete snapshot completed successfully.
2023-07-18 09:38:11.694 23 INFO cinder.volume.drivers.lightos [None req-59267221-92c5-4829-91a6-f0ed2e605433 d59285bc79574b84ba8c16ef57386d89 05d60d96773c42a985f4221a971aac78 - - - -] Invoking get_snapshot_by_name using GET url: /api/v2/projects/default/snapshots/?Name=snapshot-79583bda-2fcd-4812-a9d3-1211e59d7370             request.body: {} ssl_verify: False
2023-07-18 09:38:11.717 23 INFO cinder.volume.drivers.lightos [None req-59267221-92c5-4829-91a6-f0ed2e605433 d59285bc79574b84ba8c16ef57386d89 05d60d96773c42a985f4221a971aac78 - - - -] Invoking delete_snapshot using DELETE url: /api/v2/projects/default/snapshots/2e398aba-531b-483d-89da-adb9b2d793a2?             request.body:  ssl_verify: False
2023-07-18 09:38:11.751 23 INFO cinder.volume.drivers.lightos [None req-59267221-92c5-4829-91a6-f0ed2e605433 d59285bc79574b84ba8c16ef57386d89 05d60d96773c42a985f4221a971aac78 - - - -] Invoking get_snapshot using GET url: /api/v2/projects/default/snapshots/2e398aba-531b-483d-89da-adb9b2d793a2             request.body: {} ssl_verify: False
2023-07-18 09:38:11.913 23 INFO cinder.volume.manager [None req-59267221-92c5-4829-91a6-f0ed2e605433 d59285bc79574b84ba8c16ef57386d89 05d60d96773c42a985f4221a971aac78 - - - -] Delete snapshot completed successfully.
2023-07-18 09:38:12.807 23 INFO cinder.volume.drivers.lightos [None req-fec32093-470c-4c81-8c28-85a4864f3172 d59285bc79574b84ba8c16ef57386d89 05d60d96773c42a985f4221a971aac78 - - - -] Invoking get_snapshot_by_name using GET url: /api/v2/projects/default/snapshots/?Name=snapshot-28205a36-92f9-426d-a6a3-be64a815629c             request.body: {} ssl_verify: False
2023-07-18 09:38:12.829 23 INFO cinder.volume.drivers.lightos [None req-fec32093-470c-4c81-8c28-85a4864f3172 d59285bc79574b84ba8c16ef57386d89 05d60d96773c42a985f4221a971aac78 - - - -] Invoking delete_snapshot using DELETE url: /api/v2/projects/default/snapshots/53b32d64-0a49-444e-a004-1166ae72accb?             request.body:  ssl_verify: False
2023-07-18 09:38:12.862 23 INFO cinder.volume.drivers.lightos [None req-fec32093-470c-4c81-8c28-85a4864f3172 d59285bc79574b84ba8c16ef57386d89 05d60d96773c42a985f4221a971aac78 - - - -] Invoking get_snapshot using GET url: /api/v2/projects/default/snapshots/53b32d64-0a49-444e-a004-1166ae72accb             request.body: {} ssl_verify: False
2023-07-18 09:38:13.021 23 INFO cinder.volume.manager [None req-fec32093-470c-4c81-8c28-85a4864f3172 d59285bc79574b84ba8c16ef57386d89 05d60d96773c42a985f4221a971aac78 - - - -] Delete snapshot completed successfully.
2023-07-18 09:38:57.351 23 INFO cinder.volume.drivers.lightos [None req-d062216b-6a87-43e2-ab62-b43b2ec7ed4e d59285bc79574b84ba8c16ef57386d89 05d60d96773c42a985f4221a971aac78 - - - -] Invoking get_volume_by_name using GET url: /api/v2/projects/default/volumes/?name=vol_2477ff0b-3140-41ac-a903-48fb15dc33e6             request.body: {} ssl_verify: False
2023-07-18 09:38:57.389 23 INFO cinder.volume.drivers.lightos [None req-d062216b-6a87-43e2-ab62-b43b2ec7ed4e d59285bc79574b84ba8c16ef57386d89 05d60d96773c42a985f4221a971aac78 - - - -] Invoking delete_volume using DELETE url: /api/v2/projects/default/volumes/9361b6d1-6399-44b4-964d-6d5f33391bd9?             request.body:  ssl_verify: False
2023-07-18 09:38:57.455 23 INFO cinder.volume.drivers.lightos [None req-d062216b-6a87-43e2-ab62-b43b2ec7ed4e d59285bc79574b84ba8c16ef57386d89 05d60d96773c42a985f4221a971aac78 - - - -] Invoking get_volume using GET url: /api/v2/projects/default/volumes/9361b6d1-6399-44b4-964d-6d5f33391bd9             request.body: {} ssl_verify: False
2023-07-18 09:38:57.634 23 INFO cinder.volume.manager [None req-d062216b-6a87-43e2-ab62-b43b2ec7ed4e d59285bc79574b84ba8c16ef57386d89 05d60d96773c42a985f4221a971aac78 - - - -] Deleted volume successfully.
2023-07-18 09:41:53.661 23 WARNING oslo.service.loopingcall [None req-836f61d1-fb7c-4de3-bd1f-7de2c3a6208f - - - - - -] Function 'cinder.service.Service.report_state' run outlasted interval by 267.37 sec
2023-07-18 09:42:17.641 23 INFO cinder.volume.manager [None req-368b9a63-9775-43fc-815c-0fc81f9bc3d3 dc3f6f62017b4ce98ad7bef30c63d43c 391dee8292154357a571b5d26a049738 - - - -] Delete group completed successfully.
2023-07-18 09:42:19.013 23 INFO cinder.volume.manager [None req-9c51a172-cb91-4076-b73c-f8f2cfa70531 dc3f6f62017b4ce98ad7bef30c63d43c 391dee8292154357a571b5d26a049738 - - - -] Group tempest-GroupSnapshotsTest-Group-1418038632: creating
2023-07-18 09:42:19.523 23 INFO cinder.volume.manager [None req-9c51a172-cb91-4076-b73c-f8f2cfa70531 dc3f6f62017b4ce98ad7bef30c63d43c 391dee8292154357a571b5d26a049738 - - - -] Group tempest-GroupSnapshotsTest-Group-1418038632: created successfully
2023-07-18 09:42:19.536 23 INFO cinder.volume.manager [None req-9c51a172-cb91-4076-b73c-f8f2cfa70531 dc3f6f62017b4ce98ad7bef30c63d43c 391dee8292154357a571b5d26a049738 - - - -] Create group completed successfully.
2023-07-18 09:43:08.801 23 INFO cinder.volume.manager [None req-35bd51c6-7730-41bb-81d4-a60168c642cb e1d0d4d81fcd41d39804d45bfd613420 9d95499f218a41dc8d2c22e995e63c55 - - - -] Delete group completed successfully.
2023-07-18 09:43:10.142 23 INFO cinder.volume.manager [None req-fcc3c3ed-904c-4b09-9da4-43608176b229 e1d0d4d81fcd41d39804d45bfd613420 9d95499f218a41dc8d2c22e995e63c55 - - - -] Group tempest-GroupsTest-Group-1728438404: creating
2023-07-18 09:43:10.652 23 INFO cinder.volume.manager [None req-fcc3c3ed-904c-4b09-9da4-43608176b229 e1d0d4d81fcd41d39804d45bfd613420 9d95499f218a41dc8d2c22e995e63c55 - - - -] Group tempest-GroupsTest-Group-1728438404: created successfully
2023-07-18 09:43:10.665 23 INFO cinder.volume.manager [None req-fcc3c3ed-904c-4b09-9da4-43608176b229 e1d0d4d81fcd41d39804d45bfd613420 9d95499f218a41dc8d2c22e995e63c55 - - - -] Create group completed successfully.
2023-07-18 09:47:20.219 23 INFO cinder.volume.manager [None req-5e25360a-829f-4304-8c65-ffbe3d641016 dc3f6f62017b4ce98ad7bef30c63d43c 391dee8292154357a571b5d26a049738 - - - -] Delete group completed successfully.
2023-07-18 09:47:31.721 23 INFO cinder.volume.manager [None req-c925f63b-d5d9-4df1-b059-a7fc6d099a1e cd159568e6c6416a823c01e74804ab0c 91b6ffd128624d239c45a87fc8dd5095 - - - -] Group tempest-GroupsV314Test-Group-1094809717: creating
2023-07-18 09:47:32.231 23 INFO cinder.volume.manager [None req-c925f63b-d5d9-4df1-b059-a7fc6d099a1e cd159568e6c6416a823c01e74804ab0c 91b6ffd128624d239c45a87fc8dd5095 - - - -] Group tempest-GroupsV314Test-Group-1094809717: created successfully
2023-07-18 09:47:32.243 23 INFO cinder.volume.manager [None req-c925f63b-d5d9-4df1-b059-a7fc6d099a1e cd159568e6c6416a823c01e74804ab0c 91b6ffd128624d239c45a87fc8dd5095 - - - -] Create group completed successfully.
2023-07-18 09:48:10.917 23 INFO cinder.volume.manager [None req-a94cfb4e-a0cf-4b0c-bc28-3252d78518b6 e1d0d4d81fcd41d39804d45bfd613420 9d95499f218a41dc8d2c22e995e63c55 - - - -] Delete group completed successfully.
2023-07-18 09:48:44.251 23 INFO cinder.volume.flows.manager.create_volume [None req-b07ea1c8-313c-441e-b4bf-d53b083b4822 d419e6d305c94255a1d86b9f24d841e6 a6b963bcf7fc4bcbb097331355720d12 - - - -] Volume 6fb787b2-e2f3-4541-a94d-264ca0823239: being created as raw with specification: {'status': 'creating', 'volume_name': 'vol_6fb787b2-e2f3-4541-a94d-264ca0823239', 'volume_size': 1}
2023-07-18 09:48:44.252 23 INFO cinder.volume.drivers.lightos [None req-b07ea1c8-313c-441e-b4bf-d53b083b4822 d419e6d305c94255a1d86b9f24d841e6 a6b963bcf7fc4bcbb097331355720d12 - - - -] Invoking get_volume_by_name using GET url: /api/v2/projects/default/volumes/?name=vol_6fb787b2-e2f3-4541-a94d-264ca0823239             request.body: {} ssl_verify: False
2023-07-18 09:48:44.290 23 INFO cinder.volume.drivers.lightos [None req-b07ea1c8-313c-441e-b4bf-d53b083b4822 d419e6d305c94255a1d86b9f24d841e6 a6b963bcf7fc4bcbb097331355720d12 - - - -] Invoking create_volume using POST url: /api/v2/projects/default/volumes             request.body: {'name': 'vol_6fb787b2-e2f3-4541-a94d-264ca0823239', 'size': '1 gib', 'replicaCount': '3', 'compression': 'False', 'acl': {'values': ['ALLOW_NONE']}, 'sourceSnapshotUUID': None, 'sourceSnapshotName': None} ssl_verify: False
2023-07-18 09:48:44.331 23 INFO cinder.volume.drivers.lightos [None req-b07ea1c8-313c-441e-b4bf-d53b083b4822 d419e6d305c94255a1d86b9f24d841e6 a6b963bcf7fc4bcbb097331355720d12 - - - -] Invoking get_volume using GET url: /api/v2/projects/default/volumes/c2b59bf4-ad44-4945-898d-91101533ce2f             request.body: {} ssl_verify: False
2023-07-18 09:48:45.372 23 INFO cinder.volume.drivers.lightos [None req-b07ea1c8-313c-441e-b4bf-d53b083b4822 d419e6d305c94255a1d86b9f24d841e6 a6b963bcf7fc4bcbb097331355720d12 - - - -] Invoking get_volume using GET url: /api/v2/projects/default/volumes/c2b59bf4-ad44-4945-898d-91101533ce2f             request.body: {} ssl_verify: False
2023-07-18 09:48:45.410 23 INFO cinder.volume.flows.manager.create_volume [None req-b07ea1c8-313c-441e-b4bf-d53b083b4822 d419e6d305c94255a1d86b9f24d841e6 a6b963bcf7fc4bcbb097331355720d12 - - - -] Volume vol_6fb787b2-e2f3-4541-a94d-264ca0823239 (6fb787b2-e2f3-4541-a94d-264ca0823239): created successfully
2023-07-18 09:48:45.422 23 INFO cinder.volume.manager [None req-b07ea1c8-313c-441e-b4bf-d53b083b4822 d419e6d305c94255a1d86b9f24d841e6 a6b963bcf7fc4bcbb097331355720d12 - - - -] Created volume successfully.
2023-07-18 09:48:46.670 23 INFO cinder.volume.manager [None req-665d6b64-0215-4dc9-a9b4-5987235f46a7 d419e6d305c94255a1d86b9f24d841e6 a6b963bcf7fc4bcbb097331355720d12 - - - -] Retype volume completed successfully.
2023-07-18 09:52:31.957 23 INFO cinder.volume.manager [None req-30c5bdef-47d1-450d-82c7-651ac6f82da1 cd159568e6c6416a823c01e74804ab0c 91b6ffd128624d239c45a87fc8dd5095 - - - -] Delete group completed successfully.
2023-07-18 09:54:00.650 23 ERROR oslo_db.api [None req-c1dbc3e7-afe6-4651-a72b-3c076e677667 d419e6d305c94255a1d86b9f24d841e6 a6b963bcf7fc4bcbb097331355720d12 - - - -] DB exceeded retry limit.: oslo_db.exception.DBDeadlock: (pymysql.err.OperationalError) (1205, 'Lock wait timeout exceeded; try restarting transaction')
[SQL: UPDATE workers SET updated_at=%(updated_at)s, status=%(status)s, service_id=%(service_id)s, race_preventer=%(race_preventer)s WHERE workers.deleted = false AND workers.resource_type != %(resource_type_1)s AND workers.id = %(id_1)s AND workers.status = %(status_1)s AND workers.race_preventer = %(race_preventer_1)s AND workers.updated_at = %(updated_at_1)s]
[parameters: {'updated_at': datetime.datetime(2023, 7, 18, 9, 53, 10, 643975), 'status': 'deleting', 'service_id': 4, 'race_preventer': 3, 'resource_type_1': 'SENTINEL', 'id_1': 55103, 'status_1': 'deleting', 'race_preventer_1': 2, 'updated_at_1': datetime.datetime(2023, 7, 18, 9, 48, 47, 790924)}]
(Background on this error at: https://sqlalche.me/e/14/e3q8)
2023-07-18 09:54:00.650 23 ERROR oslo_db.api Traceback (most recent call last):
2023-07-18 09:54:00.650 23 ERROR oslo_db.api   File "/var/lib/kolla/venv/lib/python3.10/site-packages/sqlalchemy/engine/base.py", line 1900, in _execute_context
2023-07-18 09:54:00.650 23 ERROR oslo_db.api     self.dialect.do_execute(
2023-07-18 09:54:00.650 23 ERROR oslo_db.api   File "/var/lib/kolla/venv/lib/python3.10/site-packages/sqlalchemy/engine/default.py", line 736, in do_execute
2023-07-18 09:54:00.650 23 ERROR oslo_db.api     cursor.execute(statement, parameters)
2023-07-18 09:54:00.650 23 ERROR oslo_db.api   File "/var/lib/kolla/venv/lib/python3.10/site-packages/pymysql/cursors.py", line 148, in execute
2023-07-18 09:54:00.650 23 ERROR oslo_db.api     result = self._query(query)
2023-07-18 09:54:00.650 23 ERROR oslo_db.api   File "/var/lib/kolla/venv/lib/python3.10/site-packages/pymysql/cursors.py", line 310, in _query
2023-07-18 09:54:00.650 23 ERROR oslo_db.api     conn.query(q)
2023-07-18 09:54:00.650 23 ERROR oslo_db.api   File "/var/lib/kolla/venv/lib/python3.10/site-packages/pymysql/connections.py", line 548, in query
2023-07-18 09:54:00.650 23 ERROR oslo_db.api     self._affected_rows = self._read_query_result(unbuffered=unbuffered)
2023-07-18 09:54:00.650 23 ERROR oslo_db.api   File "/var/lib/kolla/venv/lib/python3.10/site-packages/pymysql/connections.py", line 775, in _read_query_result
2023-07-18 09:54:00.650 23 ERROR oslo_db.api     result.read()
2023-07-18 09:54:00.650 23 ERROR oslo_db.api   File "/var/lib/kolla/venv/lib/python3.10/site-packages/pymysql/connections.py", line 1156, in read
2023-07-18 09:54:00.650 23 ERROR oslo_db.api     first_packet = self.connection._read_packet()
2023-07-18 09:54:00.650 23 ERROR oslo_db.api   File "/var/lib/kolla/venv/lib/python3.10/site-packages/pymysql/connections.py", line 725, in _read_packet
2023-07-18 09:54:00.650 23 ERROR oslo_db.api     packet.raise_for_error()
2023-07-18 09:54:00.650 23 ERROR oslo_db.api   File "/var/lib/kolla/venv/lib/python3.10/site-packages/pymysql/protocol.py", line 221, in raise_for_error
2023-07-18 09:54:00.650 23 ERROR oslo_db.api     err.raise_mysql_exception(self._data)
2023-07-18 09:54:00.650 23 ERROR oslo_db.api   File "/var/lib/kolla/venv/lib/python3.10/site-packages/pymysql/err.py", line 143, in raise_mysql_exception
2023-07-18 09:54:00.650 23 ERROR oslo_db.api     raise errorclass(errno, errval)
2023-07-18 09:54:00.650 23 ERROR oslo_db.api pymysql.err.OperationalError: (1205, 'Lock wait timeout exceeded; try restarting transaction')
2023-07-18 09:54:00.650 23 ERROR oslo_db.api 
2023-07-18 09:54:00.650 23 ERROR oslo_db.api The above exception was the direct cause of the following exception:
2023-07-18 09:54:00.650 23 ERROR oslo_db.api 
2023-07-18 09:54:00.650 23 ERROR oslo_db.api Traceback (most recent call last):
2023-07-18 09:54:00.650 23 ERROR oslo_db.api   File "/var/lib/kolla/venv/lib/python3.10/site-packages/oslo_db/api.py", line 142, in wrapper
2023-07-18 09:54:00.650 23 ERROR oslo_db.api     return f(*args, **kwargs)
2023-07-18 09:54:00.650 23 ERROR oslo_db.api   File "/var/lib/kolla/venv/lib/python3.10/site-packages/cinder/db/sqlalchemy/api.py", line 8276, in worker_update
2023-07-18 09:54:00.650 23 ERROR oslo_db.api     result = query.update(values)
2023-07-18 09:54:00.650 23 ERROR oslo_db.api   File "/var/lib/kolla/venv/lib/python3.10/site-packages/sqlalchemy/orm/query.py", line 3297, in update
2023-07-18 09:54:00.650 23 ERROR oslo_db.api     result = self.session.execute(
2023-07-18 09:54:00.650 23 ERROR oslo_db.api   File "/var/lib/kolla/venv/lib/python3.10/site-packages/sqlalchemy/orm/session.py", line 1712, in execute
2023-07-18 09:54:00.650 23 ERROR oslo_db.api     result = conn._execute_20(statement, params or {}, execution_options)
2023-07-18 09:54:00.650 23 ERROR oslo_db.api   File "/var/lib/kolla/venv/lib/python3.10/site-packages/sqlalchemy/engine/base.py", line 1705, in _execute_20
2023-07-18 09:54:00.650 23 ERROR oslo_db.api     return meth(self, args_10style, kwargs_10style, execution_options)
2023-07-18 09:54:00.650 23 ERROR oslo_db.api   File "/var/lib/kolla/venv/lib/python3.10/site-packages/sqlalchemy/sql/elements.py", line 333, in _execute_on_connection
2023-07-18 09:54:00.650 23 ERROR oslo_db.api     return connection._execute_clauseelement(
2023-07-18 09:54:00.650 23 ERROR oslo_db.api   File "/var/lib/kolla/venv/lib/python3.10/site-packages/sqlalchemy/engine/base.py", line 1572, in _execute_clauseelement
2023-07-18 09:54:00.650 23 ERROR oslo_db.api     ret = self._execute_context(
2023-07-18 09:54:00.650 23 ERROR oslo_db.api   File "/var/lib/kolla/venv/lib/python3.10/site-packages/sqlalchemy/engine/base.py", line 1943, in _execute_context
2023-07-18 09:54:00.650 23 ERROR oslo_db.api     self._handle_dbapi_exception(
2023-07-18 09:54:00.650 23 ERROR oslo_db.api   File "/var/lib/kolla/venv/lib/python3.10/site-packages/sqlalchemy/engine/base.py", line 2122, in _handle_dbapi_exception
2023-07-18 09:54:00.650 23 ERROR oslo_db.api     util.raise_(newraise, with_traceback=exc_info[2], from_=e)
2023-07-18 09:54:00.650 23 ERROR oslo_db.api   File "/var/lib/kolla/venv/lib/python3.10/site-packages/sqlalchemy/util/compat.py", line 208, in raise_
2023-07-18 09:54:00.650 23 ERROR oslo_db.api     raise exception
2023-07-18 09:54:00.650 23 ERROR oslo_db.api   File "/var/lib/kolla/venv/lib/python3.10/site-packages/sqlalchemy/engine/base.py", line 1900, in _execute_context
2023-07-18 09:54:00.650 23 ERROR oslo_db.api     self.dialect.do_execute(
2023-07-18 09:54:00.650 23 ERROR oslo_db.api   File "/var/lib/kolla/venv/lib/python3.10/site-packages/sqlalchemy/engine/default.py", line 736, in do_execute
2023-07-18 09:54:00.650 23 ERROR oslo_db.api     cursor.execute(statement, parameters)
2023-07-18 09:54:00.650 23 ERROR oslo_db.api   File "/var/lib/kolla/venv/lib/python3.10/site-packages/pymysql/cursors.py", line 148, in execute
2023-07-18 09:54:00.650 23 ERROR oslo_db.api     result = self._query(query)
2023-07-18 09:54:00.650 23 ERROR oslo_db.api   File "/var/lib/kolla/venv/lib/python3.10/site-packages/pymysql/cursors.py", line 310, in _query
2023-07-18 09:54:00.650 23 ERROR oslo_db.api     conn.query(q)
2023-07-18 09:54:00.650 23 ERROR oslo_db.api   File "/var/lib/kolla/venv/lib/python3.10/site-packages/pymysql/connections.py", line 548, in query
2023-07-18 09:54:00.650 23 ERROR oslo_db.api     self._affected_rows = self._read_query_result(unbuffered=unbuffered)
2023-07-18 09:54:00.650 23 ERROR oslo_db.api   File "/var/lib/kolla/venv/lib/python3.10/site-packages/pymysql/connections.py", line 775, in _read_query_result
2023-07-18 09:54:00.650 23 ERROR oslo_db.api     result.read()
2023-07-18 09:54:00.650 23 ERROR oslo_db.api   File "/var/lib/kolla/venv/lib/python3.10/site-packages/pymysql/connections.py", line 1156, in read
2023-07-18 09:54:00.650 23 ERROR oslo_db.api     first_packet = self.connection._read_packet()
2023-07-18 09:54:00.650 23 ERROR oslo_db.api   File "/var/lib/kolla/venv/lib/python3.10/site-packages/pymysql/connections.py", line 725, in _read_packet
2023-07-18 09:54:00.650 23 ERROR oslo_db.api     packet.raise_for_error()
2023-07-18 09:54:00.650 23 ERROR oslo_db.api   File "/var/lib/kolla/venv/lib/python3.10/site-packages/pymysql/protocol.py", line 221, in raise_for_error
2023-07-18 09:54:00.650 23 ERROR oslo_db.api     err.raise_mysql_exception(self._data)
2023-07-18 09:54:00.650 23 ERROR oslo_db.api   File "/var/lib/kolla/venv/lib/python3.10/site-packages/pymysql/err.py", line 143, in raise_mysql_exception
2023-07-18 09:54:00.650 23 ERROR oslo_db.api     raise errorclass(errno, errval)
2023-07-18 09:54:00.650 23 ERROR oslo_db.api oslo_db.exception.DBDeadlock: (pymysql.err.OperationalError) (1205, 'Lock wait timeout exceeded; try restarting transaction')
2023-07-18 09:54:00.650 23 ERROR oslo_db.api [SQL: UPDATE workers SET updated_at=%(updated_at)s, status=%(status)s, service_id=%(service_id)s, race_preventer=%(race_preventer)s WHERE workers.deleted = false AND workers.resource_type != %(resource_type_1)s AND workers.id = %(id_1)s AND workers.status = %(status_1)s AND workers.race_preventer = %(race_preventer_1)s AND workers.updated_at = %(updated_at_1)s]
2023-07-18 09:54:00.650 23 ERROR oslo_db.api [parameters: {'updated_at': datetime.datetime(2023, 7, 18, 9, 53, 10, 643975), 'status': 'deleting', 'service_id': 4, 'race_preventer': 3, 'resource_type_1': 'SENTINEL', 'id_1': 55103, 'status_1': 'deleting', 'race_preventer_1': 2, 'updated_at_1': datetime.datetime(2023, 7, 18, 9, 48, 47, 790924)}]
2023-07-18 09:54:00.650 23 ERROR oslo_db.api (Background on this error at: https://sqlalche.me/e/14/e3q8)
2023-07-18 09:54:00.650 23 ERROR oslo_db.api 
2023-07-18 09:54:00.662 23 ERROR oslo_messaging.rpc.server [None req-c1dbc3e7-afe6-4651-a72b-3c076e677667 d419e6d305c94255a1d86b9f24d841e6 a6b963bcf7fc4bcbb097331355720d12 - - - -] Exception during message handling: oslo_db.exception.DBDeadlock: (pymysql.err.OperationalError) (1205, 'Lock wait timeout exceeded; try restarting transaction')
[SQL: UPDATE workers SET updated_at=%(updated_at)s, status=%(status)s, service_id=%(service_id)s, race_preventer=%(race_preventer)s WHERE workers.deleted = false AND workers.resource_type != %(resource_type_1)s AND workers.id = %(id_1)s AND workers.status = %(status_1)s AND workers.race_preventer = %(race_preventer_1)s AND workers.updated_at = %(updated_at_1)s]
[parameters: {'updated_at': datetime.datetime(2023, 7, 18, 9, 53, 10, 643975), 'status': 'deleting', 'service_id': 4, 'race_preventer': 3, 'resource_type_1': 'SENTINEL', 'id_1': 55103, 'status_1': 'deleting', 'race_preventer_1': 2, 'updated_at_1': datetime.datetime(2023, 7, 18, 9, 48, 47, 790924)}]
(Background on this error at: https://sqlalche.me/e/14/e3q8)
2023-07-18 09:54:00.662 23 ERROR oslo_messaging.rpc.server Traceback (most recent call last):
2023-07-18 09:54:00.662 23 ERROR oslo_messaging.rpc.server   File "/var/lib/kolla/venv/lib/python3.10/site-packages/sqlalchemy/engine/base.py", line 1900, in _execute_context
2023-07-18 09:54:00.662 23 ERROR oslo_messaging.rpc.server     self.dialect.do_execute(
2023-07-18 09:54:00.662 23 ERROR oslo_messaging.rpc.server   File "/var/lib/kolla/venv/lib/python3.10/site-packages/sqlalchemy/engine/default.py", line 736, in do_execute
2023-07-18 09:54:00.662 23 ERROR oslo_messaging.rpc.server     cursor.execute(statement, parameters)
2023-07-18 09:54:00.662 23 ERROR oslo_messaging.rpc.server   File "/var/lib/kolla/venv/lib/python3.10/site-packages/pymysql/cursors.py", line 148, in execute
2023-07-18 09:54:00.662 23 ERROR oslo_messaging.rpc.server     result = self._query(query)
2023-07-18 09:54:00.662 23 ERROR oslo_messaging.rpc.server   File "/var/lib/kolla/venv/lib/python3.10/site-packages/pymysql/cursors.py", line 310, in _query
2023-07-18 09:54:00.662 23 ERROR oslo_messaging.rpc.server     conn.query(q)
2023-07-18 09:54:00.662 23 ERROR oslo_messaging.rpc.server   File "/var/lib/kolla/venv/lib/python3.10/site-packages/pymysql/connections.py", line 548, in query
2023-07-18 09:54:00.662 23 ERROR oslo_messaging.rpc.server     self._affected_rows = self._read_query_result(unbuffered=unbuffered)
2023-07-18 09:54:00.662 23 ERROR oslo_messaging.rpc.server   File "/var/lib/kolla/venv/lib/python3.10/site-packages/pymysql/connections.py", line 775, in _read_query_result
2023-07-18 09:54:00.662 23 ERROR oslo_messaging.rpc.server     result.read()
2023-07-18 09:54:00.662 23 ERROR oslo_messaging.rpc.server   File "/var/lib/kolla/venv/lib/python3.10/site-packages/pymysql/connections.py", line 1156, in read
2023-07-18 09:54:00.662 23 ERROR oslo_messaging.rpc.server     first_packet = self.connection._read_packet()
2023-07-18 09:54:00.662 23 ERROR oslo_messaging.rpc.server   File "/var/lib/kolla/venv/lib/python3.10/site-packages/pymysql/connections.py", line 725, in _read_packet
2023-07-18 09:54:00.662 23 ERROR oslo_messaging.rpc.server     packet.raise_for_error()
2023-07-18 09:54:00.662 23 ERROR oslo_messaging.rpc.server   File "/var/lib/kolla/venv/lib/python3.10/site-packages/pymysql/protocol.py", line 221, in raise_for_error
2023-07-18 09:54:00.662 23 ERROR oslo_messaging.rpc.server     err.raise_mysql_exception(self._data)
2023-07-18 09:54:00.662 23 ERROR oslo_messaging.rpc.server   File "/var/lib/kolla/venv/lib/python3.10/site-packages/pymysql/err.py", line 143, in raise_mysql_exception
2023-07-18 09:54:00.662 23 ERROR oslo_messaging.rpc.server     raise errorclass(errno, errval)
2023-07-18 09:54:00.662 23 ERROR oslo_messaging.rpc.server pymysql.err.OperationalError: (1205, 'Lock wait timeout exceeded; try restarting transaction')
2023-07-18 09:54:00.662 23 ERROR oslo_messaging.rpc.server 
2023-07-18 09:54:00.662 23 ERROR oslo_messaging.rpc.server The above exception was the direct cause of the following exception:
2023-07-18 09:54:00.662 23 ERROR oslo_messaging.rpc.server 
2023-07-18 09:54:00.662 23 ERROR oslo_messaging.rpc.server Traceback (most recent call last):
2023-07-18 09:54:00.662 23 ERROR oslo_messaging.rpc.server   File "/var/lib/kolla/venv/lib/python3.10/site-packages/oslo_messaging/rpc/server.py", line 165, in _process_incoming
2023-07-18 09:54:00.662 23 ERROR oslo_messaging.rpc.server     res = self.dispatcher.dispatch(message)
2023-07-18 09:54:00.662 23 ERROR oslo_messaging.rpc.server   File "/var/lib/kolla/venv/lib/python3.10/site-packages/oslo_messaging/rpc/dispatcher.py", line 309, in dispatch
2023-07-18 09:54:00.662 23 ERROR oslo_messaging.rpc.server     return self._do_dispatch(endpoint, method, ctxt, args)
2023-07-18 09:54:00.662 23 ERROR oslo_messaging.rpc.server   File "/var/lib/kolla/venv/lib/python3.10/site-packages/oslo_messaging/rpc/dispatcher.py", line 229, in _do_dispatch
2023-07-18 09:54:00.662 23 ERROR oslo_messaging.rpc.server     result = func(ctxt, **new_args)
2023-07-18 09:54:00.662 23 ERROR oslo_messaging.rpc.server   File "/var/lib/kolla/venv/lib/python3.10/site-packages/cinder/volume/manager.py", line 203, in wrapper
2023-07-18 09:54:00.662 23 ERROR oslo_messaging.rpc.server     skip_clean = func(self, context, volume, *args, **kwargs)
2023-07-18 09:54:00.662 23 ERROR oslo_messaging.rpc.server   File "/var/lib/kolla/venv/lib/python3.10/site-packages/decorator.py", line 232, in fun
2023-07-18 09:54:00.662 23 ERROR oslo_messaging.rpc.server     return caller(func, *(extras + args), **kw)
2023-07-18 09:54:00.662 23 ERROR oslo_messaging.rpc.server   File "/var/lib/kolla/venv/lib/python3.10/site-packages/cinder/coordination.py", line 191, in _synchronized
2023-07-18 09:54:00.662 23 ERROR oslo_messaging.rpc.server     return f(*a, **k)
2023-07-18 09:54:00.662 23 ERROR oslo_messaging.rpc.server   File "/var/lib/kolla/venv/lib/python3.10/site-packages/decorator.py", line 232, in fun
2023-07-18 09:54:00.662 23 ERROR oslo_messaging.rpc.server     return caller(func, *(extras + args), **kw)
2023-07-18 09:54:00.662 23 ERROR oslo_messaging.rpc.server   File "/var/lib/kolla/venv/lib/python3.10/site-packages/cinder/objects/cleanable.py", line 205, in wrapper
2023-07-18 09:54:00.662 23 ERROR oslo_messaging.rpc.server     cleanable.set_worker()
2023-07-18 09:54:00.662 23 ERROR oslo_messaging.rpc.server   File "/var/lib/kolla/venv/lib/python3.10/site-packages/cinder/objects/cleanable.py", line 157, in set_worker
2023-07-18 09:54:00.662 23 ERROR oslo_messaging.rpc.server     db.worker_update(
2023-07-18 09:54:00.662 23 ERROR oslo_messaging.rpc.server   File "/var/lib/kolla/venv/lib/python3.10/site-packages/cinder/db/api.py", line 1910, in worker_update
2023-07-18 09:54:00.662 23 ERROR oslo_messaging.rpc.server     return IMPL.worker_update(context, id, filters=filters,
2023-07-18 09:54:00.662 23 ERROR oslo_messaging.rpc.server   File "/var/lib/kolla/venv/lib/python3.10/site-packages/oslo_db/api.py", line 144, in wrapper
2023-07-18 09:54:00.662 23 ERROR oslo_messaging.rpc.server     with excutils.save_and_reraise_exception() as ectxt:
2023-07-18 09:54:00.662 23 ERROR oslo_messaging.rpc.server   File "/var/lib/kolla/venv/lib/python3.10/site-packages/oslo_utils/excutils.py", line 227, in __exit__
2023-07-18 09:54:00.662 23 ERROR oslo_messaging.rpc.server     self.force_reraise()
2023-07-18 09:54:00.662 23 ERROR oslo_messaging.rpc.server   File "/var/lib/kolla/venv/lib/python3.10/site-packages/oslo_utils/excutils.py", line 200, in force_reraise
2023-07-18 09:54:00.662 23 ERROR oslo_messaging.rpc.server     raise self.value
2023-07-18 09:54:00.662 23 ERROR oslo_messaging.rpc.server   File "/var/lib/kolla/venv/lib/python3.10/site-packages/oslo_db/api.py", line 142, in wrapper
2023-07-18 09:54:00.662 23 ERROR oslo_messaging.rpc.server     return f(*args, **kwargs)
2023-07-18 09:54:00.662 23 ERROR oslo_messaging.rpc.server   File "/var/lib/kolla/venv/lib/python3.10/site-packages/cinder/db/sqlalchemy/api.py", line 8276, in worker_update
2023-07-18 09:54:00.662 23 ERROR oslo_messaging.rpc.server     result = query.update(values)
2023-07-18 09:54:00.662 23 ERROR oslo_messaging.rpc.server   File "/var/lib/kolla/venv/lib/python3.10/site-packages/sqlalchemy/orm/query.py", line 3297, in update
2023-07-18 09:54:00.662 23 ERROR oslo_messaging.rpc.server     result = self.session.execute(
2023-07-18 09:54:00.662 23 ERROR oslo_messaging.rpc.server   File "/var/lib/kolla/venv/lib/python3.10/site-packages/sqlalchemy/orm/session.py", line 1712, in execute
2023-07-18 09:54:00.662 23 ERROR oslo_messaging.rpc.server     result = conn._execute_20(statement, params or {}, execution_options)
2023-07-18 09:54:00.662 23 ERROR oslo_messaging.rpc.server   File "/var/lib/kolla/venv/lib/python3.10/site-packages/sqlalchemy/engine/base.py", line 1705, in _execute_20
2023-07-18 09:54:00.662 23 ERROR oslo_messaging.rpc.server     return meth(self, args_10style, kwargs_10style, execution_options)
2023-07-18 09:54:00.662 23 ERROR oslo_messaging.rpc.server   File "/var/lib/kolla/venv/lib/python3.10/site-packages/sqlalchemy/sql/elements.py", line 333, in _execute_on_connection
2023-07-18 09:54:00.662 23 ERROR oslo_messaging.rpc.server     return connection._execute_clauseelement(
2023-07-18 09:54:00.662 23 ERROR oslo_messaging.rpc.server   File "/var/lib/kolla/venv/lib/python3.10/site-packages/sqlalchemy/engine/base.py", line 1572, in _execute_clauseelement
2023-07-18 09:54:00.662 23 ERROR oslo_messaging.rpc.server     ret = self._execute_context(
2023-07-18 09:54:00.662 23 ERROR oslo_messaging.rpc.server   File "/var/lib/kolla/venv/lib/python3.10/site-packages/sqlalchemy/engine/base.py", line 1943, in _execute_context
2023-07-18 09:54:00.662 23 ERROR oslo_messaging.rpc.server     self._handle_dbapi_exception(
2023-07-18 09:54:00.662 23 ERROR oslo_messaging.rpc.server   File "/var/lib/kolla/venv/lib/python3.10/site-packages/sqlalchemy/engine/base.py", line 2122, in _handle_dbapi_exception
2023-07-18 09:54:00.662 23 ERROR oslo_messaging.rpc.server     util.raise_(newraise, with_traceback=exc_info[2], from_=e)
2023-07-18 09:54:00.662 23 ERROR oslo_messaging.rpc.server   File "/var/lib/kolla/venv/lib/python3.10/site-packages/sqlalchemy/util/compat.py", line 208, in raise_
2023-07-18 09:54:00.662 23 ERROR oslo_messaging.rpc.server     raise exception
2023-07-18 09:54:00.662 23 ERROR oslo_messaging.rpc.server   File "/var/lib/kolla/venv/lib/python3.10/site-packages/sqlalchemy/engine/base.py", line 1900, in _execute_context
2023-07-18 09:54:00.662 23 ERROR oslo_messaging.rpc.server     self.dialect.do_execute(
2023-07-18 09:54:00.662 23 ERROR oslo_messaging.rpc.server   File "/var/lib/kolla/venv/lib/python3.10/site-packages/sqlalchemy/engine/default.py", line 736, in do_execute
2023-07-18 09:54:00.662 23 ERROR oslo_messaging.rpc.server     cursor.execute(statement, parameters)
2023-07-18 09:54:00.662 23 ERROR oslo_messaging.rpc.server   File "/var/lib/kolla/venv/lib/python3.10/site-packages/pymysql/cursors.py", line 148, in execute
2023-07-18 09:54:00.662 23 ERROR oslo_messaging.rpc.server     result = self._query(query)
2023-07-18 09:54:00.662 23 ERROR oslo_messaging.rpc.server   File "/var/lib/kolla/venv/lib/python3.10/site-packages/pymysql/cursors.py", line 310, in _query
2023-07-18 09:54:00.662 23 ERROR oslo_messaging.rpc.server     conn.query(q)
2023-07-18 09:54:00.662 23 ERROR oslo_messaging.rpc.server   File "/var/lib/kolla/venv/lib/python3.10/site-packages/pymysql/connections.py", line 548, in query
2023-07-18 09:54:00.662 23 ERROR oslo_messaging.rpc.server     self._affected_rows = self._read_query_result(unbuffered=unbuffered)
2023-07-18 09:54:00.662 23 ERROR oslo_messaging.rpc.server   File "/var/lib/kolla/venv/lib/python3.10/site-packages/pymysql/connections.py", line 775, in _read_query_result
2023-07-18 09:54:00.662 23 ERROR oslo_messaging.rpc.server     result.read()
2023-07-18 09:54:00.662 23 ERROR oslo_messaging.rpc.server   File "/var/lib/kolla/venv/lib/python3.10/site-packages/pymysql/connections.py", line 1156, in read
2023-07-18 09:54:00.662 23 ERROR oslo_messaging.rpc.server     first_packet = self.connection._read_packet()
2023-07-18 09:54:00.662 23 ERROR oslo_messaging.rpc.server   File "/var/lib/kolla/venv/lib/python3.10/site-packages/pymysql/connections.py", line 725, in _read_packet
2023-07-18 09:54:00.662 23 ERROR oslo_messaging.rpc.server     packet.raise_for_error()
2023-07-18 09:54:00.662 23 ERROR oslo_messaging.rpc.server   File "/var/lib/kolla/venv/lib/python3.10/site-packages/pymysql/protocol.py", line 221, in raise_for_error
2023-07-18 09:54:00.662 23 ERROR oslo_messaging.rpc.server     err.raise_mysql_exception(self._data)
2023-07-18 09:54:00.662 23 ERROR oslo_messaging.rpc.server   File "/var/lib/kolla/venv/lib/python3.10/site-packages/pymysql/err.py", line 143, in raise_mysql_exception
2023-07-18 09:54:00.662 23 ERROR oslo_messaging.rpc.server     raise errorclass(errno, errval)
2023-07-18 09:54:00.662 23 ERROR oslo_messaging.rpc.server oslo_db.exception.DBDeadlock: (pymysql.err.OperationalError) (1205, 'Lock wait timeout exceeded; try restarting transaction')
2023-07-18 09:54:00.662 23 ERROR oslo_messaging.rpc.server [SQL: UPDATE workers SET updated_at=%(updated_at)s, status=%(status)s, service_id=%(service_id)s, race_preventer=%(race_preventer)s WHERE workers.deleted = false AND workers.resource_type != %(resource_type_1)s AND workers.id = %(id_1)s AND workers.status = %(status_1)s AND workers.race_preventer = %(race_preventer_1)s AND workers.updated_at = %(updated_at_1)s]
2023-07-18 09:54:00.662 23 ERROR oslo_messaging.rpc.server [parameters: {'updated_at': datetime.datetime(2023, 7, 18, 9, 53, 10, 643975), 'status': 'deleting', 'service_id': 4, 'race_preventer': 3, 'resource_type_1': 'SENTINEL', 'id_1': 55103, 'status_1': 'deleting', 'race_preventer_1': 2, 'updated_at_1': datetime.datetime(2023, 7, 18, 9, 48, 47, 790924)}]
2023-07-18 09:54:00.662 23 ERROR oslo_messaging.rpc.server (Background on this error at: https://sqlalche.me/e/14/e3q8)
2023-07-18 09:54:00.662 23 ERROR oslo_messaging.rpc.server 
2023-07-18 09:54:23.708 23 ERROR oslo_db.api [None req-836f61d1-fb7c-4de3-bd1f-7de2c3a6208f - - - - - -] DB exceeded retry limit.: oslo_db.exception.DBDeadlock: (pymysql.err.OperationalError) (1205, 'Lock wait timeout exceeded; try restarting transaction')
[SQL: UPDATE services SET updated_at=%(updated_at)s, report_count=%(report_count)s WHERE services.deleted = false AND services.id = %(id_1)s]
[parameters: {'updated_at': datetime.datetime(2023, 7, 18, 9, 53, 33, 706583), 'report_count': 565115, 'id_1': 4}]
(Background on this error at: https://sqlalche.me/e/14/e3q8)
2023-07-18 09:54:23.708 23 ERROR oslo_db.api Traceback (most recent call last):
2023-07-18 09:54:23.708 23 ERROR oslo_db.api   File "/var/lib/kolla/venv/lib/python3.10/site-packages/sqlalchemy/engine/base.py", line 1900, in _execute_context
2023-07-18 09:54:23.708 23 ERROR oslo_db.api     self.dialect.do_execute(
2023-07-18 09:54:23.708 23 ERROR oslo_db.api   File "/var/lib/kolla/venv/lib/python3.10/site-packages/sqlalchemy/engine/default.py", line 736, in do_execute
2023-07-18 09:54:23.708 23 ERROR oslo_db.api     cursor.execute(statement, parameters)
2023-07-18 09:54:23.708 23 ERROR oslo_db.api   File "/var/lib/kolla/venv/lib/python3.10/site-packages/pymysql/cursors.py", line 148, in execute
2023-07-18 09:54:23.708 23 ERROR oslo_db.api     result = self._query(query)
2023-07-18 09:54:23.708 23 ERROR oslo_db.api   File "/var/lib/kolla/venv/lib/python3.10/site-packages/pymysql/cursors.py", line 310, in _query
2023-07-18 09:54:23.708 23 ERROR oslo_db.api     conn.query(q)
2023-07-18 09:54:23.708 23 ERROR oslo_db.api   File "/var/lib/kolla/venv/lib/python3.10/site-packages/pymysql/connections.py", line 548, in query
2023-07-18 09:54:23.708 23 ERROR oslo_db.api     self._affected_rows = self._read_query_result(unbuffered=unbuffered)
2023-07-18 09:54:23.708 23 ERROR oslo_db.api   File "/var/lib/kolla/venv/lib/python3.10/site-packages/pymysql/connections.py", line 775, in _read_query_result
2023-07-18 09:54:23.708 23 ERROR oslo_db.api     result.read()
2023-07-18 09:54:23.708 23 ERROR oslo_db.api   File "/var/lib/kolla/venv/lib/python3.10/site-packages/pymysql/connections.py", line 1156, in read
2023-07-18 09:54:23.708 23 ERROR oslo_db.api     first_packet = self.connection._read_packet()
2023-07-18 09:54:23.708 23 ERROR oslo_db.api   File "/var/lib/kolla/venv/lib/python3.10/site-packages/pymysql/connections.py", line 725, in _read_packet
2023-07-18 09:54:23.708 23 ERROR oslo_db.api     packet.raise_for_error()
2023-07-18 09:54:23.708 23 ERROR oslo_db.api   File "/var/lib/kolla/venv/lib/python3.10/site-packages/pymysql/protocol.py", line 221, in raise_for_error
2023-07-18 09:54:23.708 23 ERROR oslo_db.api     err.raise_mysql_exception(self._data)
2023-07-18 09:54:23.708 23 ERROR oslo_db.api   File "/var/lib/kolla/venv/lib/python3.10/site-packages/pymysql/err.py", line 143, in raise_mysql_exception
2023-07-18 09:54:23.708 23 ERROR oslo_db.api     raise errorclass(errno, errval)
2023-07-18 09:54:23.708 23 ERROR oslo_db.api pymysql.err.OperationalError: (1205, 'Lock wait timeout exceeded; try restarting transaction')
2023-07-18 09:54:23.708 23 ERROR oslo_db.api 
2023-07-18 09:54:23.708 23 ERROR oslo_db.api The above exception was the direct cause of the following exception:
2023-07-18 09:54:23.708 23 ERROR oslo_db.api 
2023-07-18 09:54:23.708 23 ERROR oslo_db.api Traceback (most recent call last):
2023-07-18 09:54:23.708 23 ERROR oslo_db.api   File "/var/lib/kolla/venv/lib/python3.10/site-packages/oslo_db/api.py", line 142, in wrapper
2023-07-18 09:54:23.708 23 ERROR oslo_db.api     return f(*args, **kwargs)
2023-07-18 09:54:23.708 23 ERROR oslo_db.api   File "/var/lib/kolla/venv/lib/python3.10/site-packages/oslo_db/sqlalchemy/enginefacade.py", line 1022, in wrapper
2023-07-18 09:54:23.708 23 ERROR oslo_db.api     return fn(*args, **kwargs)
2023-07-18 09:54:23.708 23 ERROR oslo_db.api   File "/var/lib/kolla/venv/lib/python3.10/site-packages/cinder/db/sqlalchemy/api.py", line 877, in service_update
2023-07-18 09:54:23.708 23 ERROR oslo_db.api     result = query.update(values)
2023-07-18 09:54:23.708 23 ERROR oslo_db.api   File "/var/lib/kolla/venv/lib/python3.10/site-packages/sqlalchemy/orm/query.py", line 3297, in update
2023-07-18 09:54:23.708 23 ERROR oslo_db.api     result = self.session.execute(
2023-07-18 09:54:23.708 23 ERROR oslo_db.api   File "/var/lib/kolla/venv/lib/python3.10/site-packages/sqlalchemy/orm/session.py", line 1712, in execute
2023-07-18 09:54:23.708 23 ERROR oslo_db.api     result = conn._execute_20(statement, params or {}, execution_options)
2023-07-18 09:54:23.708 23 ERROR oslo_db.api   File "/var/lib/kolla/venv/lib/python3.10/site-packages/sqlalchemy/engine/base.py", line 1705, in _execute_20
2023-07-18 09:54:23.708 23 ERROR oslo_db.api     return meth(self, args_10style, kwargs_10style, execution_options)
2023-07-18 09:54:23.708 23 ERROR oslo_db.api   File "/var/lib/kolla/venv/lib/python3.10/site-packages/sqlalchemy/sql/elements.py", line 333, in _execute_on_connection
2023-07-18 09:54:23.708 23 ERROR oslo_db.api     return connection._execute_clauseelement(
2023-07-18 09:54:23.708 23 ERROR oslo_db.api   File "/var/lib/kolla/venv/lib/python3.10/site-packages/sqlalchemy/engine/base.py", line 1572, in _execute_clauseelement
2023-07-18 09:54:23.708 23 ERROR oslo_db.api     ret = self._execute_context(
2023-07-18 09:54:23.708 23 ERROR oslo_db.api   File "/var/lib/kolla/venv/lib/python3.10/site-packages/sqlalchemy/engine/base.py", line 1943, in _execute_context
2023-07-18 09:54:23.708 23 ERROR oslo_db.api     self._handle_dbapi_exception(
2023-07-18 09:54:23.708 23 ERROR oslo_db.api   File "/var/lib/kolla/venv/lib/python3.10/site-packages/sqlalchemy/engine/base.py", line 2122, in _handle_dbapi_exception
2023-07-18 09:54:23.708 23 ERROR oslo_db.api     util.raise_(newraise, with_traceback=exc_info[2], from_=e)
2023-07-18 09:54:23.708 23 ERROR oslo_db.api   File "/var/lib/kolla/venv/lib/python3.10/site-packages/sqlalchemy/util/compat.py", line 208, in raise_
2023-07-18 09:54:23.708 23 ERROR oslo_db.api     raise exception
2023-07-18 09:54:23.708 23 ERROR oslo_db.api   File "/var/lib/kolla/venv/lib/python3.10/site-packages/sqlalchemy/engine/base.py", line 1900, in _execute_context
2023-07-18 09:54:23.708 23 ERROR oslo_db.api     self.dialect.do_execute(
2023-07-18 09:54:23.708 23 ERROR oslo_db.api   File "/var/lib/kolla/venv/lib/python3.10/site-packages/sqlalchemy/engine/default.py", line 736, in do_execute
2023-07-18 09:54:23.708 23 ERROR oslo_db.api     cursor.execute(statement, parameters)
2023-07-18 09:54:23.708 23 ERROR oslo_db.api   File "/var/lib/kolla/venv/lib/python3.10/site-packages/pymysql/cursors.py", line 148, in execute
2023-07-18 09:54:23.708 23 ERROR oslo_db.api     result = self._query(query)
2023-07-18 09:54:23.708 23 ERROR oslo_db.api   File "/var/lib/kolla/venv/lib/python3.10/site-packages/pymysql/cursors.py", line 310, in _query
2023-07-18 09:54:23.708 23 ERROR oslo_db.api     conn.query(q)
2023-07-18 09:54:23.708 23 ERROR oslo_db.api   File "/var/lib/kolla/venv/lib/python3.10/site-packages/pymysql/connections.py", line 548, in query
2023-07-18 09:54:23.708 23 ERROR oslo_db.api     self._affected_rows = self._read_query_result(unbuffered=unbuffered)
2023-07-18 09:54:23.708 23 ERROR oslo_db.api   File "/var/lib/kolla/venv/lib/python3.10/site-packages/pymysql/connections.py", line 775, in _read_query_result
2023-07-18 09:54:23.708 23 ERROR oslo_db.api     result.read()
2023-07-18 09:54:23.708 23 ERROR oslo_db.api   File "/var/lib/kolla/venv/lib/python3.10/site-packages/pymysql/connections.py", line 1156, in read
2023-07-18 09:54:23.708 23 ERROR oslo_db.api     first_packet = self.connection._read_packet()
2023-07-18 09:54:23.708 23 ERROR oslo_db.api   File "/var/lib/kolla/venv/lib/python3.10/site-packages/pymysql/connections.py", line 725, in _read_packet
2023-07-18 09:54:23.708 23 ERROR oslo_db.api     packet.raise_for_error()
2023-07-18 09:54:23.708 23 ERROR oslo_db.api   File "/var/lib/kolla/venv/lib/python3.10/site-packages/pymysql/protocol.py", line 221, in raise_for_error
2023-07-18 09:54:23.708 23 ERROR oslo_db.api     err.raise_mysql_exception(self._data)
2023-07-18 09:54:23.708 23 ERROR oslo_db.api   File "/var/lib/kolla/venv/lib/python3.10/site-packages/pymysql/err.py", line 143, in raise_mysql_exception
2023-07-18 09:54:23.708 23 ERROR oslo_db.api     raise errorclass(errno, errval)
2023-07-18 09:54:23.708 23 ERROR oslo_db.api oslo_db.exception.DBDeadlock: (pymysql.err.OperationalError) (1205, 'Lock wait timeout exceeded; try restarting transaction')
2023-07-18 09:54:23.708 23 ERROR oslo_db.api [SQL: UPDATE services SET updated_at=%(updated_at)s, report_count=%(report_count)s WHERE services.deleted = false AND services.id = %(id_1)s]
2023-07-18 09:54:23.708 23 ERROR oslo_db.api [parameters: {'updated_at': datetime.datetime(2023, 7, 18, 9, 53, 33, 706583), 'report_count': 565115, 'id_1': 4}]
2023-07-18 09:54:23.708 23 ERROR oslo_db.api (Background on this error at: https://sqlalche.me/e/14/e3q8)
2023-07-18 09:54:23.708 23 ERROR oslo_db.api 
2023-07-18 09:54:23.711 23 ERROR cinder.service [None req-836f61d1-fb7c-4de3-bd1f-7de2c3a6208f - - - - - -] DBError encountered: : oslo_db.exception.DBDeadlock: (pymysql.err.OperationalError) (1205, 'Lock wait timeout exceeded; try restarting transaction')
[SQL: UPDATE services SET updated_at=%(updated_at)s, report_count=%(report_count)s WHERE services.deleted = false AND services.id = %(id_1)s]
[parameters: {'updated_at': datetime.datetime(2023, 7, 18, 9, 53, 33, 706583), 'report_count': 565115, 'id_1': 4}]
(Background on this error at: https://sqlalche.me/e/14/e3q8)
2023-07-18 09:54:23.711 23 ERROR cinder.service Traceback (most recent call last):
2023-07-18 09:54:23.711 23 ERROR cinder.service   File "/var/lib/kolla/venv/lib/python3.10/site-packages/sqlalchemy/engine/base.py", line 1900, in _execute_context
2023-07-18 09:54:23.711 23 ERROR cinder.service     self.dialect.do_execute(
2023-07-18 09:54:23.711 23 ERROR cinder.service   File "/var/lib/kolla/venv/lib/python3.10/site-packages/sqlalchemy/engine/default.py", line 736, in do_execute
2023-07-18 09:54:23.711 23 ERROR cinder.service     cursor.execute(statement, parameters)
2023-07-18 09:54:23.711 23 ERROR cinder.service   File "/var/lib/kolla/venv/lib/python3.10/site-packages/pymysql/cursors.py", line 148, in execute
2023-07-18 09:54:23.711 23 ERROR cinder.service     result = self._query(query)
2023-07-18 09:54:23.711 23 ERROR cinder.service   File "/var/lib/kolla/venv/lib/python3.10/site-packages/pymysql/cursors.py", line 310, in _query
2023-07-18 09:54:23.711 23 ERROR cinder.service     conn.query(q)
2023-07-18 09:54:23.711 23 ERROR cinder.service   File "/var/lib/kolla/venv/lib/python3.10/site-packages/pymysql/connections.py", line 548, in query
2023-07-18 09:54:23.711 23 ERROR cinder.service     self._affected_rows = self._read_query_result(unbuffered=unbuffered)
2023-07-18 09:54:23.711 23 ERROR cinder.service   File "/var/lib/kolla/venv/lib/python3.10/site-packages/pymysql/connections.py", line 775, in _read_query_result
2023-07-18 09:54:23.711 23 ERROR cinder.service     result.read()
2023-07-18 09:54:23.711 23 ERROR cinder.service   File "/var/lib/kolla/venv/lib/python3.10/site-packages/pymysql/connections.py", line 1156, in read
2023-07-18 09:54:23.711 23 ERROR cinder.service     first_packet = self.connection._read_packet()
2023-07-18 09:54:23.711 23 ERROR cinder.service   File "/var/lib/kolla/venv/lib/python3.10/site-packages/pymysql/connections.py", line 725, in _read_packet
2023-07-18 09:54:23.711 23 ERROR cinder.service     packet.raise_for_error()
2023-07-18 09:54:23.711 23 ERROR cinder.service   File "/var/lib/kolla/venv/lib/python3.10/site-packages/pymysql/protocol.py", line 221, in raise_for_error
2023-07-18 09:54:23.711 23 ERROR cinder.service     err.raise_mysql_exception(self._data)
2023-07-18 09:54:23.711 23 ERROR cinder.service   File "/var/lib/kolla/venv/lib/python3.10/site-packages/pymysql/err.py", line 143, in raise_mysql_exception
2023-07-18 09:54:23.711 23 ERROR cinder.service     raise errorclass(errno, errval)
2023-07-18 09:54:23.711 23 ERROR cinder.service pymysql.err.OperationalError: (1205, 'Lock wait timeout exceeded; try restarting transaction')
2023-07-18 09:54:23.711 23 ERROR cinder.service 
2023-07-18 09:54:23.711 23 ERROR cinder.service The above exception was the direct cause of the following exception:
2023-07-18 09:54:23.711 23 ERROR cinder.service 
2023-07-18 09:54:23.711 23 ERROR cinder.service Traceback (most recent call last):
2023-07-18 09:54:23.711 23 ERROR cinder.service   File "/var/lib/kolla/venv/lib/python3.10/site-packages/cinder/service.py", line 465, in report_state
2023-07-18 09:54:23.711 23 ERROR cinder.service     service_ref.save()
2023-07-18 09:54:23.711 23 ERROR cinder.service   File "/var/lib/kolla/venv/lib/python3.10/site-packages/cinder/objects/service.py", line 162, in save
2023-07-18 09:54:23.711 23 ERROR cinder.service     db.service_update(self._context, self.id, updates)
2023-07-18 09:54:23.711 23 ERROR cinder.service   File "/var/lib/kolla/venv/lib/python3.10/site-packages/cinder/db/api.py", line 299, in service_update
2023-07-18 09:54:23.711 23 ERROR cinder.service     return IMPL.service_update(context, service_id, values)
2023-07-18 09:54:23.711 23 ERROR cinder.service   File "/var/lib/kolla/venv/lib/python3.10/site-packages/cinder/db/sqlalchemy/api.py", line 166, in wrapper
2023-07-18 09:54:23.711 23 ERROR cinder.service     return f(*args, **kwargs)
2023-07-18 09:54:23.711 23 ERROR cinder.service   File "/var/lib/kolla/venv/lib/python3.10/site-packages/oslo_db/api.py", line 144, in wrapper
2023-07-18 09:54:23.711 23 ERROR cinder.service     with excutils.save_and_reraise_exception() as ectxt:
2023-07-18 09:54:23.711 23 ERROR cinder.service   File "/var/lib/kolla/venv/lib/python3.10/site-packages/oslo_utils/excutils.py", line 227, in __exit__
2023-07-18 09:54:23.711 23 ERROR cinder.service     self.force_reraise()
2023-07-18 09:54:23.711 23 ERROR cinder.service   File "/var/lib/kolla/venv/lib/python3.10/site-packages/oslo_utils/excutils.py", line 200, in force_reraise
2023-07-18 09:54:23.711 23 ERROR cinder.service     raise self.value
2023-07-18 09:54:23.711 23 ERROR cinder.service   File "/var/lib/kolla/venv/lib/python3.10/site-packages/oslo_db/api.py", line 142, in wrapper
2023-07-18 09:54:23.711 23 ERROR cinder.service     return f(*args, **kwargs)
2023-07-18 09:54:23.711 23 ERROR cinder.service   File "/var/lib/kolla/venv/lib/python3.10/site-packages/oslo_db/sqlalchemy/enginefacade.py", line 1022, in wrapper
2023-07-18 09:54:23.711 23 ERROR cinder.service     return fn(*args, **kwargs)
2023-07-18 09:54:23.711 23 ERROR cinder.service   File "/var/lib/kolla/venv/lib/python3.10/site-packages/cinder/db/sqlalchemy/api.py", line 877, in service_update
2023-07-18 09:54:23.711 23 ERROR cinder.service     result = query.update(values)
2023-07-18 09:54:23.711 23 ERROR cinder.service   File "/var/lib/kolla/venv/lib/python3.10/site-packages/sqlalchemy/orm/query.py", line 3297, in update
2023-07-18 09:54:23.711 23 ERROR cinder.service     result = self.session.execute(
2023-07-18 09:54:23.711 23 ERROR cinder.service   File "/var/lib/kolla/venv/lib/python3.10/site-packages/sqlalchemy/orm/session.py", line 1712, in execute
2023-07-18 09:54:23.711 23 ERROR cinder.service     result = conn._execute_20(statement, params or {}, execution_options)
2023-07-18 09:54:23.711 23 ERROR cinder.service   File "/var/lib/kolla/venv/lib/python3.10/site-packages/sqlalchemy/engine/base.py", line 1705, in _execute_20
2023-07-18 09:54:23.711 23 ERROR cinder.service     return meth(self, args_10style, kwargs_10style, execution_options)
2023-07-18 09:54:23.711 23 ERROR cinder.service   File "/var/lib/kolla/venv/lib/python3.10/site-packages/sqlalchemy/sql/elements.py", line 333, in _execute_on_connection
2023-07-18 09:54:23.711 23 ERROR cinder.service     return connection._execute_clauseelement(
2023-07-18 09:54:23.711 23 ERROR cinder.service   File "/var/lib/kolla/venv/lib/python3.10/site-packages/sqlalchemy/engine/base.py", line 1572, in _execute_clauseelement
2023-07-18 09:54:23.711 23 ERROR cinder.service     ret = self._execute_context(
2023-07-18 09:54:23.711 23 ERROR cinder.service   File "/var/lib/kolla/venv/lib/python3.10/site-packages/sqlalchemy/engine/base.py", line 1943, in _execute_context
2023-07-18 09:54:23.711 23 ERROR cinder.service     self._handle_dbapi_exception(
2023-07-18 09:54:23.711 23 ERROR cinder.service   File "/var/lib/kolla/venv/lib/python3.10/site-packages/sqlalchemy/engine/base.py", line 2122, in _handle_dbapi_exception
2023-07-18 09:54:23.711 23 ERROR cinder.service     util.raise_(newraise, with_traceback=exc_info[2], from_=e)
2023-07-18 09:54:23.711 23 ERROR cinder.service   File "/var/lib/kolla/venv/lib/python3.10/site-packages/sqlalchemy/util/compat.py", line 208, in raise_
2023-07-18 09:54:23.711 23 ERROR cinder.service     raise exception
2023-07-18 09:54:23.711 23 ERROR cinder.service   File "/var/lib/kolla/venv/lib/python3.10/site-packages/sqlalchemy/engine/base.py", line 1900, in _execute_context
2023-07-18 09:54:23.711 23 ERROR cinder.service     self.dialect.do_execute(
2023-07-18 09:54:23.711 23 ERROR cinder.service   File "/var/lib/kolla/venv/lib/python3.10/site-packages/sqlalchemy/engine/default.py", line 736, in do_execute
2023-07-18 09:54:23.711 23 ERROR cinder.service     cursor.execute(statement, parameters)
2023-07-18 09:54:23.711 23 ERROR cinder.service   File "/var/lib/kolla/venv/lib/python3.10/site-packages/pymysql/cursors.py", line 148, in execute
2023-07-18 09:54:23.711 23 ERROR cinder.service     result = self._query(query)
2023-07-18 09:54:23.711 23 ERROR cinder.service   File "/var/lib/kolla/venv/lib/python3.10/site-packages/pymysql/cursors.py", line 310, in _query
2023-07-18 09:54:23.711 23 ERROR cinder.service     conn.query(q)
2023-07-18 09:54:23.711 23 ERROR cinder.service   File "/var/lib/kolla/venv/lib/python3.10/site-packages/pymysql/connections.py", line 548, in query
2023-07-18 09:54:23.711 23 ERROR cinder.service     self._affected_rows = self._read_query_result(unbuffered=unbuffered)
2023-07-18 09:54:23.711 23 ERROR cinder.service   File "/var/lib/kolla/venv/lib/python3.10/site-packages/pymysql/connections.py", line 775, in _read_query_result
2023-07-18 09:54:23.711 23 ERROR cinder.service     result.read()
2023-07-18 09:54:23.711 23 ERROR cinder.service   File "/var/lib/kolla/venv/lib/python3.10/site-packages/pymysql/connections.py", line 1156, in read
2023-07-18 09:54:23.711 23 ERROR cinder.service     first_packet = self.connection._read_packet()
2023-07-18 09:54:23.711 23 ERROR cinder.service   File "/var/lib/kolla/venv/lib/python3.10/site-packages/pymysql/connections.py", line 725, in _read_packet
2023-07-18 09:54:23.711 23 ERROR cinder.service     packet.raise_for_error()
2023-07-18 09:54:23.711 23 ERROR cinder.service   File "/var/lib/kolla/venv/lib/python3.10/site-packages/pymysql/protocol.py", line 221, in raise_for_error
2023-07-18 09:54:23.711 23 ERROR cinder.service     err.raise_mysql_exception(self._data)
2023-07-18 09:54:23.711 23 ERROR cinder.service   File "/var/lib/kolla/venv/lib/python3.10/site-packages/pymysql/err.py", line 143, in raise_mysql_exception
2023-07-18 09:54:23.711 23 ERROR cinder.service     raise errorclass(errno, errval)
2023-07-18 09:54:23.711 23 ERROR cinder.service oslo_db.exception.DBDeadlock: (pymysql.err.OperationalError) (1205, 'Lock wait timeout exceeded; try restarting transaction')
2023-07-18 09:54:23.711 23 ERROR cinder.service [SQL: UPDATE services SET updated_at=%(updated_at)s, report_count=%(report_count)s WHERE services.deleted = false AND services.id = %(id_1)s]
2023-07-18 09:54:23.711 23 ERROR cinder.service [parameters: {'updated_at': datetime.datetime(2023, 7, 18, 9, 53, 33, 706583), 'report_count': 565115, 'id_1': 4}]
2023-07-18 09:54:23.711 23 ERROR cinder.service (Background on this error at: https://sqlalche.me/e/14/e3q8)
2023-07-18 09:54:23.711 23 ERROR cinder.service 
2023-07-18 09:54:23.714 23 WARNING oslo.service.loopingcall [None req-836f61d1-fb7c-4de3-bd1f-7de2c3a6208f - - - - - -] Function 'cinder.service.Service.report_state' run outlasted interval by 309.89 sec
