{2} tempest.api.compute.volumes.test_volumes_get.VolumesGetTestJSON.test_volume_create_get_delete [3.249948s] ... ok
{0} tempest.api.compute.volumes.test_volumes_list.VolumesTestJSON.test_volume_list [0.108108s] ... ok
{2} tempest.api.volume.admin.test_encrypted_volumes_extend.EncryptedVolumesExtendAttachedTest.test_extend_attached_encrypted_volume_luksv1 ... SKIPPED: Attached encrypted volume extend is disabled.
{0} tempest.api.compute.volumes.test_volumes_list.VolumesTestJSON.test_volume_list_param_limit [0.089057s] ... ok
{0} tempest.api.compute.volumes.test_volumes_list.VolumesTestJSON.test_volume_list_param_offset_and_limit [0.193848s] ... ok
{0} tempest.api.compute.volumes.test_volumes_list.VolumesTestJSON.test_volume_list_with_detail_param_limit [0.095097s] ... ok
{0} tempest.api.compute.volumes.test_volumes_list.VolumesTestJSON.test_volume_list_with_detail_param_offset_and_limit [0.176636s] ... ok
{0} tempest.api.compute.volumes.test_volumes_list.VolumesTestJSON.test_volume_list_with_details [0.088730s] ... ok
{0} tempest.api.volume.admin.test_backends_capabilities.BackendsCapabilitiesAdminTestsJSON.test_compare_volume_stats_values [0.092092s] ... ok
{0} tempest.api.volume.admin.test_backends_capabilities.BackendsCapabilitiesAdminTestsJSON.test_get_capabilities_backend [0.044519s] ... ok
{1} tempest.api.compute.volumes.test_attach_volume.AttachVolumeMultiAttachTest.test_boot_from_multiattach_volume [22.106531s] ... ok
{2} tempest.api.volume.admin.test_group_snapshots.GroupSnapshotsTest.test_create_group_from_group_snapshot [12.583210s] ... ok
{0} tempest.api.volume.admin.test_groups.GroupsTest.test_group_create_show_list_delete [8.490680s] ... ok
{0} tempest.api.volume.admin.test_groups.GroupsTest.test_group_update [10.545598s] ... ok
{2} tempest.api.volume.admin.test_group_snapshots.GroupSnapshotsTest.test_delete_group_snapshots_following_updated_volumes [17.599401s] ... ok
{0} tempest.api.volume.admin.test_groups.GroupsV320Test.test_reset_group_status [3.256115s] ... ok
{0} setUpClass (tempest.api.volume.admin.test_volume_manage.VolumeManageAdminTest) ... SKIPPED: Manage volume tests are disabled
{2} tempest.api.volume.admin.test_group_snapshots.GroupSnapshotsTest.test_group_snapshot_create_show_list_delete [9.106120s] ... ok
{0} tempest.api.volume.admin.test_volume_pools.VolumePoolsAdminTestsJSON.test_get_pools_without_details [0.250525s] ... ok
{2} tempest.api.volume.admin.test_group_snapshots.GroupSnapshotsV319Test.test_reset_group_snapshot_status ... SKIPPED: Skipped until bug: https://launchpad.net/bugs/1770179 is resolved.
{0} tempest.api.volume.admin.test_volume_quotas_negative.VolumeQuotasNegativeTestJSON.test_quota_volume_gigabytes [0.488300s] ... ok
{2} tempest.api.volume.admin.test_group_types.GroupTypesTest.test_group_type_create_list_update_show [0.329126s] ... ok
{0} tempest.api.volume.admin.test_volume_quotas_negative.VolumeQuotasNegativeTestJSON.test_quota_volumes [0.471550s] ... ok
{0} tempest.api.volume.admin.test_volume_quotas_negative.VolumeQuotasNegativeTestJSON.test_volume_extend_gigabytes_quota_deviation [0.411552s] ... ok
{0} setUpClass (tempest.api.volume.admin.test_volume_retype.VolumeRetypeWithMigrationTest) ... SKIPPED: Cinder multi-backend feature disabled
{2} tempest.api.volume.admin.test_qos.QosSpecsTestJSON.test_associate_disassociate_qos [0.457534s] ... ok
{2} tempest.api.volume.admin.test_qos.QosSpecsTestJSON.test_create_delete_qos_with_back_end_consumer [0.137121s] ... ok
{2} tempest.api.volume.admin.test_qos.QosSpecsTestJSON.test_create_delete_qos_with_both_consumer [0.136420s] ... ok
{2} tempest.api.volume.admin.test_qos.QosSpecsTestJSON.test_create_delete_qos_with_front_end_consumer [0.144745s] ... ok
{2} tempest.api.volume.admin.test_qos.QosSpecsTestJSON.test_get_qos [0.026184s] ... ok
{2} tempest.api.volume.admin.test_qos.QosSpecsTestJSON.test_list_qos [0.028297s] ... ok
{2} tempest.api.volume.admin.test_qos.QosSpecsTestJSON.test_set_unset_qos_key [0.158510s] ... ok
{2} setUpClass (tempest.api.volume.admin.test_snapshot_manage.SnapshotManageAdminTest) ... SKIPPED: Manage snapshot tests are disabled
{0} tempest.api.volume.admin.test_volume_retype.VolumeRetypeWithoutMigrationTest.test_available_volume_retype [4.429596s] ... ok
{2} tempest.api.volume.admin.test_snapshots_actions.SnapshotsActionsTest.test_reset_snapshot_status [0.383359s] ... ok
{0} tempest.api.volume.admin.test_volume_services.VolumesServicesTestJSON.test_get_service_by_host_name [0.032103s] ... ok
{0} tempest.api.volume.admin.test_volume_services.VolumesServicesTestJSON.test_get_service_by_service_and_host_name [0.032747s] ... ok
{0} tempest.api.volume.admin.test_volume_services.VolumesServicesTestJSON.test_get_service_by_service_binary_name [0.032615s] ... ok
{2} tempest.api.volume.admin.test_snapshots_actions.SnapshotsActionsTest.test_snapshot_force_delete_when_snapshot_is_creating [3.585256s] ... ok
{0} tempest.api.volume.admin.test_volume_services.VolumesServicesTestJSON.test_get_service_by_volume_host_name [1.776390s] ... ok
{0} tempest.api.volume.admin.test_volume_services.VolumesServicesTestJSON.test_list_services [0.024484s] ... ok
{2} tempest.api.volume.admin.test_snapshots_actions.SnapshotsActionsTest.test_snapshot_force_delete_when_snapshot_is_deleting [3.609478s] ... ok
{2} tempest.api.volume.admin.test_snapshots_actions.SnapshotsActionsTest.test_snapshot_force_delete_when_snapshot_is_error [3.590941s] ... ok
{2} tempest.api.volume.admin.test_snapshots_actions.SnapshotsActionsTest.test_snapshot_force_delete_when_snapshot_is_error_deleting [3.615557s] ... ok
{2} tempest.api.volume.admin.test_snapshots_actions.SnapshotsActionsTest.test_update_snapshot_status [0.263847s] ... ok
{0} tempest.api.volume.admin.test_volume_snapshot_quotas_negative.VolumeSnapshotQuotasNegativeTestJSON.test_quota_volume_gigabytes_snapshots [0.623821s] ... ok
{0} tempest.api.volume.admin.test_volume_snapshot_quotas_negative.VolumeSnapshotQuotasNegativeTestJSON.test_quota_volume_snapshots [0.116071s] ... ok
{2} tempest.api.volume.admin.test_volume_hosts.VolumeHostsAdminTestsJSON.test_list_hosts [0.167723s] ... ok
{2} tempest.api.volume.admin.test_volume_hosts.VolumeHostsAdminTestsJSON.test_show_host [0.330481s] ... ok
{0} tempest.api.volume.admin.test_volume_type_access.VolumeTypesAccessTest.test_volume_type_access_list [0.356691s] ... ok
{1} tempest.api.compute.volumes.test_attach_volume.AttachVolumeMultiAttachTest.test_list_get_volume_attachments_multiattach [80.434190s] ... ok
{1} tempest.api.compute.volumes.test_attach_volume.AttachVolumeMultiAttachTest.test_resize_server_with_multiattached_volume ... SKIPPED: Resize not available.
{2} tempest.api.volume.admin.test_volume_quotas.VolumeQuotasAdminTestJSON.test_delete_quota [0.869089s] ... ok
{2} tempest.api.volume.admin.test_volume_quotas.VolumeQuotasAdminTestJSON.test_list_default_quotas [0.134240s] ... ok
{2} tempest.api.volume.admin.test_volume_quotas.VolumeQuotasAdminTestJSON.test_list_quotas [0.151346s] ... ok
{0} tempest.api.volume.admin.test_volume_types_extra_specs_negative.ExtraSpecsNegativeTest.test_create_invalid_body [0.026335s] ... ok
{0} tempest.api.volume.admin.test_volume_types_extra_specs_negative.ExtraSpecsNegativeTest.test_create_none_body [0.025053s] ... ok
{0} tempest.api.volume.admin.test_volume_types_extra_specs_negative.ExtraSpecsNegativeTest.test_create_nonexistent_type_id [0.056076s] ... ok
{0} tempest.api.volume.admin.test_volume_types_extra_specs_negative.ExtraSpecsNegativeTest.test_delete_nonexistent_volume_type_id [0.025778s] ... ok
{0} tempest.api.volume.admin.test_volume_types_extra_specs_negative.ExtraSpecsNegativeTest.test_get_nonexistent_extra_spec_name [0.033036s] ... ok
{0} tempest.api.volume.admin.test_volume_types_extra_specs_negative.ExtraSpecsNegativeTest.test_get_nonexistent_volume_type_id [0.027840s] ... ok
{0} tempest.api.volume.admin.test_volume_types_extra_specs_negative.ExtraSpecsNegativeTest.test_list_nonexistent_volume_type_id [0.024378s] ... ok
{0} tempest.api.volume.admin.test_volume_types_extra_specs_negative.ExtraSpecsNegativeTest.test_update_multiple_extra_spec [0.019965s] ... ok
{0} tempest.api.volume.admin.test_volume_types_extra_specs_negative.ExtraSpecsNegativeTest.test_update_no_body [0.017198s] ... ok
{0} tempest.api.volume.admin.test_volume_types_extra_specs_negative.ExtraSpecsNegativeTest.test_update_none_extra_spec_id [0.061150s] ... ok
{0} tempest.api.volume.admin.test_volume_types_extra_specs_negative.ExtraSpecsNegativeTest.test_update_nonexistent_extra_spec_id [0.060481s] ... ok
{0} tempest.api.volume.admin.test_volume_types_extra_specs_negative.ExtraSpecsNegativeTest.test_update_nonexistent_type_id [0.055641s] ... ok
{2} tempest.api.volume.admin.test_volume_quotas.VolumeQuotasAdminTestJSON.test_quota_usage [4.169689s] ... ok
{0} tempest.api.volume.test_volume_absolute_limits.AbsoluteLimitsTests.test_get_volume_absolute_limits [0.162254s] ... ok
{2} tempest.api.volume.admin.test_volume_quotas.VolumeQuotasAdminTestJSON.test_quota_usage_after_volume_transfer [5.966886s] ... ok
{2} tempest.api.volume.admin.test_volume_quotas.VolumeQuotasAdminTestJSON.test_show_quota_usage [0.150423s] ... ok
{2} tempest.api.volume.admin.test_volume_quotas.VolumeQuotasAdminTestJSON.test_update_all_quota_resources_for_tenant [0.680110s] ... ok
{0} tempest.api.volume.test_volume_metadata.VolumesMetadataTest.test_crud_volume_metadata [0.341209s] ... ok
{0} tempest.api.volume.test_volume_metadata.VolumesMetadataTest.test_update_show_volume_metadata_item [0.229366s] ... ok
{2} tempest.api.volume.admin.test_volume_types.VolumeTypesTest.test_volume_type_create_get_delete [0.241970s] ... ok
{2} tempest.api.volume.admin.test_volume_types.VolumeTypesTest.test_volume_type_encryption_create_get_update_delete [0.464535s] ... ok
{2} tempest.api.volume.admin.test_volume_types.VolumeTypesTest.test_volume_type_list [0.054142s] ... ok
{2} tempest.api.volume.admin.test_volume_types.VolumeTypesTest.test_volume_type_update [0.331969s] ... ok
{1} tempest.api.compute.volumes.test_attach_volume.AttachVolumeMultiAttachTest.test_snapshot_volume_backed_multiattach [24.293378s] ... ok
{2} tempest.api.volume.admin.test_volume_types_negative.VolumeTypesNegativeTest.test_create_volume_type_encryption_nonexistent_type_id [0.255615s] ... ok
{2} tempest.api.volume.admin.test_volume_types_negative.VolumeTypesNegativeTest.test_create_with_empty_name [0.019481s] ... ok
{2} tempest.api.volume.admin.test_volume_types_negative.VolumeTypesNegativeTest.test_create_with_repeated_name [0.085375s] ... ok
{2} tempest.api.volume.admin.test_volume_types_negative.VolumeTypesNegativeTest.test_delete_nonexistent_type_id [0.021175s] ... ok
{2} tempest.api.volume.admin.test_volume_types_negative.VolumeTypesNegativeTest.test_get_nonexistent_type_id [0.022361s] ... ok
{0} tempest.api.volume.test_volume_transfers.VolumesTransfersV355Test.test_create_get_list_accept_volume_transfer [5.398401s] ... ok
{0} tempest.api.volume.test_volume_transfers.VolumesTransfersV355Test.test_create_list_delete_volume_transfer [3.931041s] ... ok
{2} tempest.api.volume.admin.test_volumes_actions.VolumesActionsTest.test_force_detach_volume [9.325515s] ... ok
{1} tempest.api.compute.volumes.test_volume_snapshots.VolumesSnapshotsTestJSON.test_volume_snapshot_create_get_list_delete [6.675700s] ... ok
{2} tempest.api.volume.admin.test_volumes_actions.VolumesActionsTest.test_volume_force_delete_when_volume_is_attaching [3.778504s] ... ok
{1} tempest.api.compute.volumes.test_volumes_negative.VolumesNegativeTest.test_create_volume_with_invalid_size [0.159413s] ... ok
{1} tempest.api.compute.volumes.test_volumes_negative.VolumesNegativeTest.test_create_volume_with_size_zero [0.022115s] ... ok
{1} tempest.api.compute.volumes.test_volumes_negative.VolumesNegativeTest.test_create_volume_without_passing_size [0.016094s] ... ok
{1} tempest.api.compute.volumes.test_volumes_negative.VolumesNegativeTest.test_delete_invalid_volume_id [0.049181s] ... ok
{1} tempest.api.compute.volumes.test_volumes_negative.VolumesNegativeTest.test_delete_volume_without_passing_volume_id [0.012820s] ... ok
{1} tempest.api.compute.volumes.test_volumes_negative.VolumesNegativeTest.test_get_volume_without_passing_volume_id [0.011729s] ... ok
{1} tempest.api.compute.volumes.test_volumes_negative.VolumesNegativeTest.test_volume_delete_nonexistent_volume_id [0.045479s] ... ok
{1} tempest.api.compute.volumes.test_volumes_negative.VolumesNegativeTest.test_volume_get_nonexistent_volume_id [0.049061s] ... ok
{2} tempest.api.volume.admin.test_volumes_actions.VolumesActionsTest.test_volume_force_delete_when_volume_is_creating [3.752211s] ... ok
{1} tempest.api.volume.admin.test_group_type_specs.GroupTypeSpecsTest.test_group_type_specs_create_show_update_list_delete [0.495202s] ... ok
{2} tempest.api.volume.admin.test_volumes_actions.VolumesActionsTest.test_volume_force_delete_when_volume_is_error [3.806838s] ... ok
{0} tempest.api.volume.test_volumes_extend.VolumesExtendAttachedTest.test_extend_attached_volume [14.708125s] ... ok
{2} tempest.api.volume.admin.test_volumes_actions.VolumesActionsTest.test_volume_force_delete_when_volume_is_maintenance [3.750824s] ... ok
{2} tempest.api.volume.admin.test_volumes_actions.VolumesActionsTest.test_volume_reset_status [2.976524s] ... ok
{2} tempest.api.volume.test_extensions.ExtensionsTestJSON.test_list_extensions [0.166818s] ... ok
{1} tempest.api.volume.admin.test_groups.GroupsV314Test.test_create_group_from_group [10.937565s] ... ok
{0} tempest.api.volume.test_volumes_negative.VolumesNegativeTest.test_attach_volumes_with_nonexistent_volume_id [6.447338s] ... ok
{0} tempest.api.volume.test_volumes_negative.VolumesNegativeTest.test_create_volume_from_deactivated_image [0.533877s] ... ok
{1} setUpClass (tempest.api.volume.admin.test_multi_backend.VolumeMultiBackendTest) ... SKIPPED: Cinder multi-backend feature disabled
{0} tempest.api.volume.test_volumes_negative.VolumesNegativeTest.test_create_volume_from_image_with_decreasing_size [0.364575s] ... ok
{0} tempest.api.volume.test_volumes_negative.VolumesNegativeTest.test_create_volume_with_invalid_size [0.016805s] ... ok
{0} tempest.api.volume.test_volumes_negative.VolumesNegativeTest.test_create_volume_with_nonexistent_snapshot_id [0.028366s] ... ok
{0} tempest.api.volume.test_volumes_negative.VolumesNegativeTest.test_create_volume_with_nonexistent_source_volid [0.026780s] ... ok
{0} tempest.api.volume.test_volumes_negative.VolumesNegativeTest.test_create_volume_with_nonexistent_volume_type [0.032135s] ... ok
{0} tempest.api.volume.test_volumes_negative.VolumesNegativeTest.test_create_volume_with_size_negative [0.017251s] ... ok
{0} tempest.api.volume.test_volumes_negative.VolumesNegativeTest.test_create_volume_with_size_zero [0.017273s] ... ok
{0} tempest.api.volume.test_volumes_negative.VolumesNegativeTest.test_create_volume_without_passing_size [0.016699s] ... ok
{0} tempest.api.volume.test_volumes_negative.VolumesNegativeTest.test_delete_invalid_volume_id [0.025232s] ... ok
{0} tempest.api.volume.test_volumes_negative.VolumesNegativeTest.test_delete_volume_without_passing_volume_id [0.013010s] ... ok
{0} tempest.api.volume.test_volumes_negative.VolumesNegativeTest.test_detach_volumes_with_invalid_volume_id [0.028224s] ... ok
{0} tempest.api.volume.test_volumes_negative.VolumesNegativeTest.test_get_invalid_volume_id [0.026670s] ... ok
{0} tempest.api.volume.test_volumes_negative.VolumesNegativeTest.test_get_volume_without_passing_volume_id [0.014683s] ... ok
{0} tempest.api.volume.test_volumes_negative.VolumesNegativeTest.test_list_volumes_detail_with_invalid_status [0.069560s] ... ok
{0} tempest.api.volume.test_volumes_negative.VolumesNegativeTest.test_list_volumes_detail_with_nonexistent_name [0.064206s] ... ok
{0} tempest.api.volume.test_volumes_negative.VolumesNegativeTest.test_list_volumes_with_invalid_status [0.055474s] ... ok
{0} tempest.api.volume.test_volumes_negative.VolumesNegativeTest.test_list_volumes_with_nonexistent_name [0.059247s] ... ok
{0} tempest.api.volume.test_volumes_negative.VolumesNegativeTest.test_reserve_volume_with_negative_volume_status [0.135741s] ... ok
{0} tempest.api.volume.test_volumes_negative.VolumesNegativeTest.test_reserve_volume_with_nonexistent_volume_id [0.026459s] ... ok
{0} tempest.api.volume.test_volumes_negative.VolumesNegativeTest.test_unreserve_volume_with_nonexistent_volume_id [0.028977s] ... ok
{0} tempest.api.volume.test_volumes_negative.VolumesNegativeTest.test_update_volume_with_empty_volume_id [0.011889s] ... ok
{0} tempest.api.volume.test_volumes_negative.VolumesNegativeTest.test_update_volume_with_invalid_volume_id [0.029124s] ... ok
{0} tempest.api.volume.test_volumes_negative.VolumesNegativeTest.test_update_volume_with_nonexistent_volume_id [0.028304s] ... ok
{0} tempest.api.volume.test_volumes_negative.VolumesNegativeTest.test_volume_delete_nonexistent_volume_id [0.026838s] ... ok
{0} tempest.api.volume.test_volumes_negative.VolumesNegativeTest.test_volume_extend_with_None_size [0.017292s] ... ok
{0} tempest.api.volume.test_volumes_negative.VolumesNegativeTest.test_volume_extend_with_non_number_size [0.017093s] ... ok
{0} tempest.api.volume.test_volumes_negative.VolumesNegativeTest.test_volume_extend_with_nonexistent_volume_id [0.054504s] ... ok
{0} tempest.api.volume.test_volumes_negative.VolumesNegativeTest.test_volume_extend_with_size_smaller_than_original_size [0.014600s] ... ok
{0} tempest.api.volume.test_volumes_negative.VolumesNegativeTest.test_volume_extend_without_passing_volume_id [0.029245s] ... ok
{0} tempest.api.volume.test_volumes_negative.VolumesNegativeTest.test_volume_get_nonexistent_volume_id [0.027060s] ... ok
{2} tempest.api.volume.test_snapshot_metadata.SnapshotMetadataTestJSON.test_crud_snapshot_metadata [0.326200s] ... ok
{2} tempest.api.volume.test_snapshot_metadata.SnapshotMetadataTestJSON.test_update_show_snapshot_metadata_item [0.246319s] ... ok
{1} tempest.api.volume.admin.test_user_messages.UserMessagesTest.test_delete_message [2.144894s] ... ok
{1} tempest.api.volume.admin.test_user_messages.UserMessagesTest.test_list_show_messages [2.063177s] ... ok
{1} tempest.api.volume.admin.test_volume_quota_classes.VolumeQuotaClassesTest.test_show_default_quota [0.381089s] ... ok
{1} tempest.api.volume.admin.test_volume_quota_classes.VolumeQuotaClassesTest.test_update_default_quota [1.571166s] ... ok
{2} tempest.api.volume.test_volume_transfers.VolumesTransfersTest.test_create_get_list_accept_volume_transfer [5.362742s] ... ok
{1} tempest.api.volume.admin.test_volume_services_negative.VolumeServicesNegativeTest.test_disable_log_reason_with_no_reason [0.024217s] ... ok
{1} tempest.api.volume.admin.test_volume_services_negative.VolumeServicesNegativeTest.test_disable_service_with_invalid_binary [0.026989s] ... ok
{1} tempest.api.volume.admin.test_volume_services_negative.VolumeServicesNegativeTest.test_enable_service_with_invalid_host [0.045022s] ... ok
{1} tempest.api.volume.admin.test_volume_services_negative.VolumeServicesNegativeTest.test_freeze_host_with_invalid_host [0.047445s] ... ok
{1} tempest.api.volume.admin.test_volume_services_negative.VolumeServicesNegativeTest.test_thaw_host_with_invalid_host [0.029989s] ... ok
{2} tempest.api.volume.test_volume_transfers.VolumesTransfersTest.test_create_list_delete_volume_transfer [4.353415s] ... ok
{1} tempest.api.volume.admin.test_volume_types_extra_specs.VolumeTypesExtraSpecsTest.test_volume_type_extra_spec_create_get_delete [0.213384s] ... ok
{1} tempest.api.volume.admin.test_volume_types_extra_specs.VolumeTypesExtraSpecsTest.test_volume_type_extra_specs_list [0.110561s] ... ok
{1} tempest.api.volume.admin.test_volume_types_extra_specs.VolumeTypesExtraSpecsTest.test_volume_type_extra_specs_update [0.291360s] ... ok
{2} tempest.api.volume.test_volumes_actions.VolumesActionsTest.test_attach_detach_volume_to_instance [7.929828s] ... ok
{2} tempest.api.volume.test_volumes_actions.VolumesActionsTest.test_get_volume_attachment [5.827540s] ... ok
{1} tempest.api.volume.admin.test_volumes_list.VolumesListAdminTestJSON.test_volume_list_param_tenant [2.810079s] ... ok
{2} tempest.api.volume.test_volumes_actions.VolumesActionsTest.test_reserve_unreserve_volume [0.200649s] ... ok
{2} tempest.api.volume.test_volumes_actions.VolumesActionsTest.test_volume_bootable [0.185993s] ... ok
{0} tempest.api.volume.test_volumes_snapshots.VolumesSnapshotTestJSON.test_snapshot_create_delete_with_volume_in_use [33.904746s] ... ok
{2} tempest.api.volume.test_volumes_actions.VolumesActionsTest.test_volume_readonly_update [0.198801s] ... ok
{0} tempest.api.volume.test_volumes_snapshots.VolumesSnapshotTestJSON.test_snapshot_create_get_list_update_delete [3.598904s] ... ok
{1} tempest.api.volume.test_availability_zone.AvailabilityZoneTestJSON.test_get_availability_zone_list [0.171520s] ... ok
{2} tempest.api.volume.test_volumes_actions.VolumesActionsTest.test_volume_upload [15.999936s] ... ok
{1} tempest.api.volume.test_image_metadata.VolumesImageMetadata.test_update_show_delete_image_metadata [0.250931s] ... ok
{2} tempest.api.volume.test_volumes_clone_negative.VolumesCloneNegativeTest.test_create_from_volume_decreasing_size [2.825383s] ... ok
{1} tempest.api.volume.test_versions.VersionsTest.test_list_versions [0.014506s] ... ok
{1} tempest.api.volume.test_versions.VersionsTest.test_show_version [0.161174s] ... ok
{1} tempest.api.volume.test_volume_delete_cascade.VolumesDeleteCascade.test_volume_delete_cascade [8.704267s] ... ok
{2} tempest.api.volume.test_volumes_extend.VolumesExtendTest.test_volume_extend [13.882305s] ... ok
{1} tempest.api.volume.test_volume_delete_cascade.VolumesDeleteCascade.test_volume_from_snapshot_cascade_delete [8.705063s] ... ok
{2} tempest.api.volume.test_volumes_extend.VolumesExtendTest.test_volume_extend_when_volume_has_snapshot [6.244188s] ... ok
{2} tempest.api.volume.test_volumes_get.VolumesGetTest.test_volume_create_get_update_delete [7.823681s] ... ok
{0} tempest.api.volume.test_volumes_snapshots.VolumesSnapshotTestJSON.test_snapshot_create_offline_delete_online [62.945497s] ... FAILED

Captured traceback:
~~~~~~~~~~~~~~~~~~~
    Traceback (most recent call last):

      File "/usr/local/lib/python3.6/site-packages/urllib3/connectionpool.py", line 445, in _make_request
    six.raise_from(e, None)

      File "<string>", line 3, in raise_from

      File "/usr/local/lib/python3.6/site-packages/urllib3/connectionpool.py", line 440, in _make_request
    httplib_response = conn.getresponse()

      File "/usr/lib64/python3.6/http/client.py", line 1346, in getresponse
    response.begin()

      File "/usr/lib64/python3.6/http/client.py", line 307, in begin
    version, status, reason = self._read_status()

      File "/usr/lib64/python3.6/http/client.py", line 268, in _read_status
    line = str(self.fp.readline(_MAXLINE + 1), "iso-8859-1")

      File "/usr/lib64/python3.6/socket.py", line 586, in readinto
    return self._sock.recv_into(b)

    socket.timeout: timed out

    
During handling of the above exception, another exception occurred:


    Traceback (most recent call last):

      File "/usr/local/lib/python3.6/site-packages/tempest/common/utils/__init__.py", line 70, in wrapper
    return f(*func_args, **func_kwargs)

      File "/usr/local/lib/python3.6/site-packages/tempest/api/volume/test_volumes_snapshots.py", line 83, in test_snapshot_create_offline_delete_online
    server = self.create_server()

      File "/usr/local/lib/python3.6/site-packages/tempest/api/volume/base.py", line 212, in create_server
    **kwargs)

      File "/usr/local/lib/python3.6/site-packages/tempest/common/compute.py", line 199, in create_test_server
    **kwargs)

      File "/usr/local/lib/python3.6/site-packages/tempest/lib/services/compute/servers_client.py", line 105, in create_server
    resp, body = self.post('servers', post_body)

      File "/usr/local/lib/python3.6/site-packages/tempest/lib/common/rest_client.py", line 299, in post
    return self.request('POST', url, extra_headers, headers, body, chunked)

      File "/usr/local/lib/python3.6/site-packages/tempest/lib/services/compute/base_compute_client.py", line 48, in request
    method, url, extra_headers, headers, body, chunked)

      File "/usr/local/lib/python3.6/site-packages/tempest/lib/common/rest_client.py", line 688, in request
    body=body, chunked=chunked)

      File "/usr/local/lib/python3.6/site-packages/tempest/lib/common/rest_client.py", line 568, in _request
    chunked=chunked

      File "/usr/local/lib/python3.6/site-packages/tempest/lib/common/rest_client.py", line 608, in raw_request
    body=body, chunked=chunked)

      File "/usr/local/lib/python3.6/site-packages/tempest/lib/common/http.py", line 111, in request
    *args, **new_kwargs)

      File "/usr/local/lib/python3.6/site-packages/urllib3/request.py", line 79, in request
    method, url, fields=fields, headers=headers, **urlopen_kw

      File "/usr/local/lib/python3.6/site-packages/urllib3/request.py", line 170, in request_encode_body
    return self.urlopen(method, url, **extra_kw)

      File "/usr/local/lib/python3.6/site-packages/urllib3/poolmanager.py", line 375, in urlopen
    response = conn.urlopen(method, u.request_uri, **kw)

      File "/usr/local/lib/python3.6/site-packages/urllib3/connectionpool.py", line 756, in urlopen
    method, url, error=e, _pool=self, _stacktrace=sys.exc_info()[2]

      File "/usr/local/lib/python3.6/site-packages/urllib3/util/retry.py", line 532, in increment
    raise six.reraise(type(error), error, _stacktrace)

      File "/usr/local/lib/python3.6/site-packages/urllib3/packages/six.py", line 770, in reraise
    raise value

      File "/usr/local/lib/python3.6/site-packages/urllib3/connectionpool.py", line 706, in urlopen
    chunked=chunked,

      File "/usr/local/lib/python3.6/site-packages/urllib3/connectionpool.py", line 447, in _make_request
    self._raise_timeout(err=e, url=url, timeout_value=read_timeout)

      File "/usr/local/lib/python3.6/site-packages/urllib3/connectionpool.py", line 337, in _raise_timeout
    self, url, "Read timed out. (read timeout=%s)" % timeout_value

    urllib3.exceptions.ReadTimeoutError: HTTPConnectionPool(host='[LB_IP_ADDRESS]', port=8774): Read timed out. (read timeout=60)


Captured pythonlogging:
~~~~~~~~~~~~~~~~~~~~~~~
    2022-11-18 15:56:21,800 1164 INFO     [tempest.lib.common.rest_client] Request (VolumesSnapshotTestJSON:test_snapshot_create_offline_delete_online): 202 POST http://[LB_IP_ADDRESS]:8776/v3/a3b9ddfb2beb41bb9267f593ae2cdbbf/snapshots 0.205s
2022-11-18 15:56:21,800 1164 DEBUG    [tempest.lib.common.rest_client] Request - Headers: {'Content-Type': 'application/json', 'Accept': 'application/json', 'X-Auth-Token': '<omitted>'}
        Body: {"snapshot": {"volume_id": "0bcc53d6-2416-44c7-b8ce-116acde6d794", "name": "tempest-VolumesSnapshotTestJSON-Snapshot-1320918943"}}
    Response - Headers: {'date': 'Fri, 18 Nov 2022 15:56:21 GMT', 'server': 'Apache/2.4.52 (Ubuntu)', 'content-length': '310', 'x-compute-request-id': 'req-7e23e8a8-b0e4-4fcd-a915-75d561c21057', 'openstack-api-version': 'volume 3.0', 'vary': 'OpenStack-API-Version', 'x-openstack-request-id': 'req-7e23e8a8-b0e4-4fcd-a915-75d561c21057', 'connection': 'close', 'content-type': 'application/json', 'status': '202', 'content-location': 'http://[LB_IP_ADDRESS]:8776/v3/a3b9ddfb2beb41bb9267f593ae2cdbbf/snapshots'}
        Body: b'{"snapshot": {"id": "1cedc5d5-36ee-4ac2-8554-0bdce3d4a483", "created_at": "2022-11-18T15:56:21.740671", "updated_at": null, "name": "tempest-VolumesSnapshotTestJSON-Snapshot-1320918943", "description": null, "volume_id": "0bcc53d6-2416-44c7-b8ce-116acde6d794", "status": "creating", "size": 1, "metadata": {}}}'
2022-11-18 15:56:21,848 1164 INFO     [tempest.lib.common.rest_client] Request (VolumesSnapshotTestJSON:test_snapshot_create_offline_delete_online): 200 GET http://[LB_IP_ADDRESS]:8776/v3/a3b9ddfb2beb41bb9267f593ae2cdbbf/snapshots/1cedc5d5-36ee-4ac2-8554-0bdce3d4a483 0.044s
2022-11-18 15:56:21,848 1164 DEBUG    [tempest.lib.common.rest_client] Request - Headers: {'Content-Type': 'application/json', 'Accept': 'application/json', 'X-Auth-Token': '<omitted>'}
        Body: None
    Response - Headers: {'date': 'Fri, 18 Nov 2022 15:56:21 GMT', 'server': 'Apache/2.4.52 (Ubuntu)', 'content-length': '442', 'x-compute-request-id': 'req-a16ce48c-3702-4d41-ade5-4ca1f116238f', 'openstack-api-version': 'volume 3.0', 'vary': 'OpenStack-API-Version', 'x-openstack-request-id': 'req-a16ce48c-3702-4d41-ade5-4ca1f116238f', 'connection': 'close', 'content-type': 'application/json', 'status': '200', 'content-location': 'http://[LB_IP_ADDRESS]:8776/v3/a3b9ddfb2beb41bb9267f593ae2cdbbf/snapshots/1cedc5d5-36ee-4ac2-8554-0bdce3d4a483'}
        Body: b'{"snapshot": {"id": "1cedc5d5-36ee-4ac2-8554-0bdce3d4a483", "created_at": "2022-11-18T15:56:21.000000", "updated_at": null, "name": "tempest-VolumesSnapshotTestJSON-Snapshot-1320918943", "description": null, "volume_id": "0bcc53d6-2416-44c7-b8ce-116acde6d794", "status": "creating", "size": 1, "metadata": {}, "os-extended-snapshot-attributes:project_id": "a3b9ddfb2beb41bb9267f593ae2cdbbf", "os-extended-snapshot-attributes:progress": "0%"}}'
2022-11-18 15:56:22,897 1164 INFO     [tempest.lib.common.rest_client] Request (VolumesSnapshotTestJSON:test_snapshot_create_offline_delete_online): 200 GET http://[LB_IP_ADDRESS]:8776/v3/a3b9ddfb2beb41bb9267f593ae2cdbbf/snapshots/1cedc5d5-36ee-4ac2-8554-0bdce3d4a483 0.044s
2022-11-18 15:56:22,898 1164 DEBUG    [tempest.lib.common.rest_client] Request - Headers: {'Content-Type': 'application/json', 'Accept': 'application/json', 'X-Auth-Token': '<omitted>'}
        Body: None
    Response - Headers: {'date': 'Fri, 18 Nov 2022 15:56:22 GMT', 'server': 'Apache/2.4.52 (Ubuntu)', 'content-length': '442', 'x-compute-request-id': 'req-7ebcd964-2122-48e6-90cd-011a820ce644', 'openstack-api-version': 'volume 3.0', 'vary': 'OpenStack-API-Version', 'x-openstack-request-id': 'req-7ebcd964-2122-48e6-90cd-011a820ce644', 'connection': 'close', 'content-type': 'application/json', 'status': '200', 'content-location': 'http://[LB_IP_ADDRESS]:8776/v3/a3b9ddfb2beb41bb9267f593ae2cdbbf/snapshots/1cedc5d5-36ee-4ac2-8554-0bdce3d4a483'}
        Body: b'{"snapshot": {"id": "1cedc5d5-36ee-4ac2-8554-0bdce3d4a483", "created_at": "2022-11-18T15:56:21.000000", "updated_at": null, "name": "tempest-VolumesSnapshotTestJSON-Snaps
    hot-1320918943", "description": null, "volume_id": "0bcc53d6-2416-44c7-b8ce-116acde6d794", "status": "creating", "size": 1, "metadata": {}, "os-extended-snapshot-attributes:project_id": "a3b9ddfb2beb41bb9267f593ae2cdbbf", "os-extended-snapshot-attributes:progress": "0%"}}'
2022-11-18 15:56:23,943 1164 INFO     [tempest.lib.common.rest_client] Request (VolumesSnapshotTestJSON:test_snapshot_create_offline_delete_online): 200 GET http://[LB_IP_ADDRESS]:8776/v3/a3b9ddfb2beb41bb9267f593ae2cdbbf/snapshots/1cedc5d5-36ee-4ac2-8554-0bdce3d4a483 0.040s
2022-11-18 15:56:23,943 1164 DEBUG    [tempest.lib.common.rest_client] Request - Headers: {'Content-Type': 'application/json', 'Accept': 'application/json', 'X-Auth-Token': '<omitted>'}
        Body: None
    Response - Headers: {'date': 'Fri, 18 Nov 2022 15:56:23 GMT', 'server': 'Apache/2.4.52 (Ubuntu)', 'content-length': '469', 'x-compute-request-id': 'req-1d8e8907-71bb-4416-abbb-d3d3b8f6cd4b', 'openstack-api-version': 'volume 3.0', 'vary': 'OpenStack-API-Version', 'x-openstack-request-id': 'req-1d8e8907-71bb-4416-abbb-d3d3b8f6cd4b', 'connection': 'close', 'content-type': 'application/json', 'status': '200', 'content-location': 'http://[LB_IP_ADDRESS]:8776/v3/a3b9ddfb2beb41bb9267f593ae2cdbbf/snapshots/1cedc5d5-36ee-4ac2-8554-0bdce3d4a483'}
        Body: b'{"snapshot": {"id": "1cedc5d5-36ee-4ac2-8554-0bdce3d4a483", "created_at": "2022-11-18T15:56:21.000000", "updated_at": "2022-11-18T15:56:23.000000", "name": "tempest-VolumesSnapshotTestJSON-Snapshot-1320918943", "description": null, "volume_id": "0bcc53d6-2416-44c7-b8ce-116acde6d794", "status": "available", "size": 1, "metadata": {}, "os-extended-snapshot-attributes:project_id": "a3b9ddfb2beb41bb9267f593ae2cdbbf", "os-extended-snapshot-attributes:progress": "100%"}}'
2022-11-18 15:56:23,947 1164 INFO     [tempest.common.waiters] snapshot 1cedc5d5-36ee-4ac2-8554-0bdce3d4a483 reached available after waiting for 2.947239 seconds
2022-11-18 15:56:24,457 1164 INFO     [tempest.lib.common.rest_client] Request (VolumesSnapshotTestJSON:test_snapshot_create_offline_delete_online): 201 POST http://controller:5000/v3/auth/tokens 0.502s
2022-11-18 15:56:24,458 1164 DEBUG    [tempest.lib.common.rest_client] Request - Headers: {'Content-Type': 'application/json', 'Accept': 'application/json'}
        Body: <omitted>
    Response - Headers: {'date': 'Fri, 18 Nov 2022 15:56:23 GMT', 'server': 'Apache', 'content-length': '3880', 'x-subject-token': '<omitted>', 'vary': 'X-Auth-Token', 'x-openstack-request-id': 'req-d28eac0e-1522-4c32-abed-004188e32b70', 'connection': 'close', 'content-type': 'application/json', 'status': '201', 'content-location': 'http://controller:5000/v3/auth/tokens'}
        Body: b'{"token": {"methods": ["password"], "user": {"domain": {"id": "default", "name": "Default"}, "id": "8c78099666ac423386658d25ff2bf586", "name": "tempest-VolumesSnapshotTestJSON-285921589-project", "password_expires_at": null}, "audit_ids": ["YH8OULg9Taiz4kb1xlqlPw"], "expires_at": "2022-11-19T15:56:24.000000Z", "issued_at": "2022-11-18T15:56:24.000000Z", "project": {"domain": {"id": "default", "name": "Default"}, "id": "a3b9ddfb2beb41bb9267f593ae2cdbbf", "name": "tempest-VolumesSnapshotTestJSON-285921589"}, "is_domain": false, "roles": [{"id": "ef7eda39c3fd4a07b99d06b4093b5fa0", "name": "admin"}, {"id": "8088f4efb67a48c5badf0cfa2826f1be", "name": "member"}, {"id": "b79cb700a02d4552aa1ac74bbc23dd4e", "name": "reader"}], "catalog": [{"endpoints": [{"id": "05381026695b401188084ac161ef6c9f", "interface": "internal", "region_id": "RegionOne", "url": "http://[LB_IP_ADDRESS]:8774/v2/a3b9ddfb2beb41bb9267f593ae2cdbbf", "region": "RegionOne"}, {"id": "633154a1b8ac4a69a006d4bc9f2b9744", "interface": "public", "region_id": "RegionOne", "url": "http://[LB_IP_ADDRESS]:8774/v2/a3b9ddfb2beb41bb9267f593ae2cdbbf", "region": "RegionOne"}], "id": "003e347339344e5e8d02e79b4c7c9943", "type": "compute_legacy", "name": "nova_legacy"}, {"endpoints": [{"id": "5d32bd702e1543a18b5fb22fc28ed190", "interface": "internal", "region_id": "RegionOne", "url": "http://[LB_IP_ADDRESS]:8774/v2.1",
     "region": "RegionOne"}, {"id": "7e40cec238f24ca49915400354dc3443", "interface": "public", "region_id": "RegionOne", "url": "http://[LB_IP_ADDRESS]:8774/v2.1", "region": "RegionOne"}], "id": "3b778777687f4d8082d6af48bccc7946", "type": "compute", "name": "nova"}, {"endpoints": [{"id": "35fb6ceb4fc7426eab7da2be00d09d33", "interface": "internal", "region_id": "RegionOne", "url": "http://[LB_IP_ADDRESS]:8776/v3/a3b9ddfb2beb41bb9267f593ae2cdbbf", "region": "RegionOne"}, {"id": "e08a34baff1445f4be4ebfdc646a1654", "interface": "public", "region_id": "RegionOne", "url": "http://[LB_IP_ADDRESS]:8776/v3/a3b9ddfb2beb41bb9267f593ae2cdbbf", "region": "RegionOne"}], "id": "917bc176ccd9433eb2add47cdfbac9da", "type": "volumev3", "name": "cinderv3"}, {"endpoints": [{"id": "315bafe4bc2c49f2865a6a833edab548", "interface": "public", "region_id": "RegionOne", "url": "http://[LB_IP_ADDRESS]:9292", "region": "RegionOne"}, {"id": "c02f3bb439504d81857cec9b56c5b866", "interface": "internal", "region_id": "RegionOne", "url": "http://[LB_IP_ADDRESS]:9292", "region": "RegionOne"}], "id": "c858212f9950463ab507e47874ed5b4b", "type": "image", "name": "glance"}, {"endpoints": [{"id": "966ecc48699a4492aefdc51eb11e5da8", "interface": "internal", "region_id": "RegionOne", "url": "http://[LB_IP_ADDRESS]:9696", "region": "RegionOne"}, {"id": "bee7bbfa9ad14883b171920f49b1f317", "interface": "public", "region_id": "RegionOne", "url": "http://[LB_IP_ADDRESS]:9696", "region": "RegionOne"}], "id": "cd1df07e351e45b78f0e5f487945e88e", "type": "network", "name": "neutron"}, {"endpoints": [{"id": "0e53185c6c6342cb824f9c7da91c1ccc", "interface": "internal", "region_id": "RegionOne", "url": "http://[LB_IP_ADDRESS]:8780", "region": "RegionOne"}, {"id": "af0dc0c29fe44c5e9795f9ba1f2f04f6", "interface": "public", "region_id": "RegionOne", "url": "http://[LB_IP_ADDRESS]:8780", "region": "RegionOne"}], "id": "d6b558b5d4e44089b7da877d9ca9228d", "type": "placement", "name": "placement"}, {"endpoints": [{"id": "013093c042694cf4bb1aa279f0e511c7", "interface": "public", "region_id": "RegionOne", "url": "http://[LB_IP_ADDRESS]:5000", "region": "RegionOne"}, {"id": "7ff7ed7a0cbc4b778741c25de35fa11e", "interface": "internal", "region_id": "RegionOne", "url": "http://[LB_IP_ADDRESS]:5000", "region": "RegionOne"}, {"id": "e1947c724f014fb7bf7b6821584bbff6", "interface": "admin", "region_id": "RegionOne", "url": "http://[LB_IP_ADDRESS]:5000", "region": "RegionOne"}], "id": "f05149bf993946c59fa49c1a4e774efd", "type": "identity", "name": "keystone"}]}}'
2022-11-18 15:56:24,465 1164 INFO     [tempest.lib.common.fixed_network] (VolumesSnapshotTestJSON:test_snapshot_create_offline_delete_online) Found network None available for tenant

{1} tempest.api.volume.test_volumes_clone.VolumesCloneTest.test_create_from_bootable_volume [17.205943s] ... ok
{2} tempest.api.volume.test_volumes_get.VolumesGetTest.test_volume_create_get_update_delete_as_clone [11.091915s] ... ok
{1} tempest.api.volume.test_volumes_clone.VolumesCloneTest.test_create_from_volume [5.144039s] ... ok
{0} tempest.api.volume.test_volumes_snapshots.VolumesSnapshotTestJSON.test_volume_from_snapshot [7.506779s] ... ok
{0} tempest.api.volume.test_volumes_snapshots.VolumesSnapshotTestJSON.test_volume_from_snapshot_no_size [8.609025s] ... ok
{1} tempest.api.volume.test_volumes_list.VolumesListTestJSON.test_volume_list [0.063696s] ... ok
{1} tempest.api.volume.test_volumes_list.VolumesListTestJSON.test_volume_list_by_name [0.060681s] ... ok
{1} tempest.api.volume.test_volumes_list.VolumesListTestJSON.test_volume_list_details_by_name [0.074781s] ... ok
{1} tempest.api.volume.test_volumes_list.VolumesListTestJSON.test_volume_list_details_pagination [0.350087s] ... ok
{1} tempest.api.volume.test_volumes_list.VolumesListTestJSON.test_volume_list_details_with_multiple_params [0.156937s] ... ok
{1} tempest.api.volume.test_volumes_list.VolumesListTestJSON.test_volume_list_pagination [0.272346s] ... ok
{1} tempest.api.volume.test_volumes_list.VolumesListTestJSON.test_volume_list_param_display_name_and_status [0.065486s] ... ok
{1} tempest.api.volume.test_volumes_list.VolumesListTestJSON.test_volume_list_with_detail_param_display_name_and_status [0.074169s] ... ok
{1} tempest.api.volume.test_volumes_list.VolumesListTestJSON.test_volume_list_with_detail_param_marker [0.080648s] ... ok
{1} tempest.api.volume.test_volumes_list.VolumesListTestJSON.test_volume_list_with_detail_param_metadata [0.084796s] ... ok
{1} tempest.api.volume.test_volumes_list.VolumesListTestJSON.test_volume_list_with_details [0.073840s] ... ok
{1} tempest.api.volume.test_volumes_list.VolumesListTestJSON.test_volume_list_with_param_metadata [0.066787s] ... ok
{1} tempest.api.volume.test_volumes_list.VolumesListTestJSON.test_volumes_list_by_availability_zone [0.122490s] ... ok
{1} tempest.api.volume.test_volumes_list.VolumesListTestJSON.test_volumes_list_by_bootable [0.123431s] ... ok
{1} tempest.api.volume.test_volumes_list.VolumesListTestJSON.test_volumes_list_by_status [0.122785s] ... ok
{1} tempest.api.volume.test_volumes_list.VolumesListTestJSON.test_volumes_list_details_by_availability_zone [0.080750s] ... ok
{1} tempest.api.volume.test_volumes_list.VolumesListTestJSON.test_volumes_list_details_by_bootable [0.077240s] ... ok
{1} tempest.api.volume.test_volumes_list.VolumesListTestJSON.test_volumes_list_details_by_status [0.078510s] ... ok
{2} tempest.api.volume.test_volumes_get.VolumesGetTest.test_volume_create_get_update_delete_from_image [18.385528s] ... ok
{2} tempest.api.volume.test_volumes_get.VolumesSummaryTest.test_show_volume_summary [0.196689s] ... ok
{2} tempest.api.volume.test_volumes_snapshots_negative.VolumesSnapshotNegativeTestJSON.test_create_snapshot_with_nonexistent_volume_id [0.132477s] ... ok
{2} tempest.api.volume.test_volumes_snapshots_negative.VolumesSnapshotNegativeTestJSON.test_create_snapshot_without_passing_volume_id [0.030569s] ... ok
{2} tempest.api.volume.test_volumes_snapshots_negative.VolumesSnapshotNegativeTestJSON.test_list_snapshot_invalid_param_limit [0.017028s] ... ok
{2} tempest.api.volume.test_volumes_snapshots_negative.VolumesSnapshotNegativeTestJSON.test_list_snapshots_invalid_param_marker [0.027306s] ... ok
{2} tempest.api.volume.test_volumes_snapshots_negative.VolumesSnapshotNegativeTestJSON.test_list_snapshots_invalid_param_sort [0.018224s] ... ok
{2} tempest.api.volume.test_volumes_snapshots_negative.VolumesSnapshotNegativeTestJSON.test_volume_from_snapshot_decreasing_size [5.024571s] ... ok
{1} tempest.api.volume.test_volumes_snapshots_list.VolumesSnapshotListTestJSON.test_snapshot_list_param_limit [0.043074s] ... ok
{1} tempest.api.volume.test_volumes_snapshots_list.VolumesSnapshotListTestJSON.test_snapshot_list_param_limit_equals_infinite [0.082584s] ... ok
{1} tempest.api.volume.test_volumes_snapshots_list.VolumesSnapshotListTestJSON.test_snapshot_list_param_limit_equals_zero [0.026962s] ... ok
{1} tempest.api.volume.test_volumes_snapshots_list.VolumesSnapshotListTestJSON.test_snapshot_list_param_marker [0.088264s] ... ok
{1} tempest.api.volume.test_volumes_snapshots_list.VolumesSnapshotListTestJSON.test_snapshot_list_param_offset [0.036280s] ... ok
{1} tempest.api.volume.test_volumes_snapshots_list.VolumesSnapshotListTestJSON.test_snapshot_list_param_sort_created_at_asc [0.040382s] ... ok
{1} tempest.api.volume.test_volumes_snapshots_list.VolumesSnapshotListTestJSON.test_snapshot_list_param_sort_created_at_desc [0.037682s] ... ok
{1} tempest.api.volume.test_volumes_snapshots_list.VolumesSnapshotListTestJSON.test_snapshot_list_param_sort_id_asc [0.039603s] ... ok
{1} tempest.api.volume.test_volumes_snapshots_list.VolumesSnapshotListTestJSON.test_snapshot_list_param_sort_id_desc [0.041197s] ... ok
{1} tempest.api.volume.test_volumes_snapshots_list.VolumesSnapshotListTestJSON.test_snapshot_list_param_sort_name_asc [0.039931s] ... ok
{1} tempest.api.volume.test_volumes_snapshots_list.VolumesSnapshotListTestJSON.test_snapshot_list_param_sort_name_desc [0.040093s] ... ok
{1} tempest.api.volume.test_volumes_snapshots_list.VolumesSnapshotListTestJSON.test_snapshots_list_details_with_params [0.115407s] ... ok
{1} tempest.api.volume.test_volumes_snapshots_list.VolumesSnapshotListTestJSON.test_snapshots_list_with_params [0.113469s] ... ok

==============================
Failed 1 tests - output below:
==============================

tempest.api.volume.test_volumes_snapshots.VolumesSnapshotTestJSON.test_snapshot_create_offline_delete_online[compute,id-5210a1de-85a0-11e6-bb21-641c676a5d61]
-------------------------------------------------------------------------------------------------------------------------------------------------------------

Captured traceback:
~~~~~~~~~~~~~~~~~~~
    Traceback (most recent call last):

      File "/usr/local/lib/python3.6/site-packages/urllib3/connectionpool.py", line 445, in _make_request
    six.raise_from(e, None)

      File "<string>", line 3, in raise_from

      File "/usr/local/lib/python3.6/site-packages/urllib3/connectionpool.py", line 440, in _make_request
    httplib_response = conn.getresponse()

      File "/usr/lib64/python3.6/http/client.py", line 1346, in getresponse
    response.begin()

      File "/usr/lib64/python3.6/http/client.py", line 307, in begin
    version, status, reason = self._read_status()

      File "/usr/lib64/python3.6/http/client.py", line 268, in _read_status
    line = str(self.fp.readline(_MAXLINE + 1), "iso-8859-1")

      File "/usr/lib64/python3.6/socket.py", line 586, in readinto
    return self._sock.recv_into(b)

    socket.timeout: timed out

    
During handling of the above exception, another exception occurred:


    Traceback (most recent call last):

      File "/usr/local/lib/python3.6/site-packages/tempest/common/utils/__init__.py", line 70, in wrapper
    return f(*func_args, **func_kwargs)

      File "/usr/local/lib/python3.6/site-packages/tempest/api/volume/test_volumes_snapshots.py", line 83, in test_snapshot_create_offline_delete_online
    server = self.create_server()

      File "/usr/local/lib/python3.6/site-packages/tempest/api/volume/base.py", line 212, in create_server
    **kwargs)

      File "/usr/local/lib/python3.6/site-packages/tempest/common/compute.py", line 199, in create_test_server
    **kwargs)

      File "/usr/local/lib/python3.6/site-packages/tempest/lib/services/compute/servers_client.py", line 105, in create_server
    resp, body = self.post('servers', post_body)

      File "/usr/local/lib/python3.6/site-packages/tempest/lib/common/rest_client.py", line 299, in post
    return self.request('POST', url, extra_headers, headers, body, chunked)

      File "/usr/local/lib/python3.6/site-packages/tempest/lib/services/compute/base_compute_client.py", line 48, in request
    method, url, extra_headers, headers, body, chunked)

      File "/usr/local/lib/python3.6/site-packages/tempest/lib/common/rest_client.py", line 688, in request
    body=body, chunked=chunked)

      File "/usr/local/lib/python3.6/site-packages/tempest/lib/common/rest_client.py", line 568, in _request
    chunked=chunked

      File "/usr/local/lib/python3.6/site-packages/tempest/lib/common/rest_client.py", line 608, in raw_request
    body=body, chunked=chunked)

      File "/usr/local/lib/python3.6/site-packages/tempest/lib/common/http.py", line 111, in request
    *args, **new_kwargs)

      File "/usr/local/lib/python3.6/site-packages/urllib3/request.py", line 79, in request
    method, url, fields=fields, headers=headers, **urlopen_kw

      File "/usr/local/lib/python3.6/site-packages/urllib3/request.py", line 170, in request_encode_body
    return self.urlopen(method, url, **extra_kw)

      File "/usr/local/lib/python3.6/site-packages/urllib3/poolmanager.py", line 375, in urlopen
    response = conn.urlopen(method, u.request_uri, **kw)

      File "/usr/local/lib/python3.6/site-packages/urllib3/connectionpool.py", line 756, in urlopen
    method, url, error=e, _pool=self, _stacktrace=sys.exc_info()[2]

      File "/usr/local/lib/python3.6/site-packages/urllib3/util/retry.py", line 532, in increment
    raise six.reraise(type(error), error, _stacktrace)

      File "/usr/local/lib/python3.6/site-packages/urllib3/packages/six.py", line 770, in reraise
    raise value

      File "/usr/local/lib/python3.6/site-packages/urllib3/connectionpool.py", line 706, in urlopen
    chunked=chunked,

      File "/usr/local/lib/python3.6/site-packages/urllib3/connectionpool.py", line 447, in _make_request
    self._raise_timeout(err=e, url=url, timeout_value=read_timeout)

      File "/usr/local/lib/python3.6/site-packages/urllib3/connectionpool.py", line 337, in _raise_timeout
    self, url, "Read timed out. (read timeout=%s)" % timeout_value

    urllib3.exceptions.ReadTimeoutError: HTTPConnectionPool(host='[LB_IP_ADDRESS]', port=8774): Read timed out. (read timeout=60)


Captured pythonlogging:
~~~~~~~~~~~~~~~~~~~~~~~
    2022-11-18 15:56:21,800 1164 INFO     [tempest.lib.common.rest_client] Request (VolumesSnapshotTestJSON:test_snapshot_create_offline_delete_online): 202 POST http://[LB_IP_ADDRESS]:8776/v3/a3b9ddfb2beb41bb9267f593ae2cdbbf/snapshots 0.205s
2022-11-18 15:56:21,800 1164 DEBUG    [tempest.lib.common.rest_client] Request - Headers: {'Content-Type': 'application/json', 'Accept': 'application/json', 'X-Auth-Token': '<omitted>'}
        Body: {"snapshot": {"volume_id": "0bcc53d6-2416-44c7-b8ce-116acde6d794", "name": "tempest-VolumesSnapshotTestJSON-Snapshot-1320918943"}}
    Response - Headers: {'date': 'Fri, 18 Nov 2022 15:56:21 GMT', 'server': 'Apache/2.4.52 (Ubuntu)', 'content-length': '310', 'x-compute-request-id': 'req-7e23e8a8-b0e4-4fcd-a915-75d561c21057', 'openstack-api-version': 'volume 3.0', 'vary': 'OpenStack-API-Version', 'x-openstack-request-id': 'req-7e23e8a8-b0e4-4fcd-a915-75d561c21057', 'connection': 'close', 'content-type': 'application/json', 'status': '202', 'content-location': 'http://[LB_IP_ADDRESS]:8776/v3/a3b9ddfb2beb41bb9267f593ae2cdbbf/snapshots'}
        Body: b'{"snapshot": {"id": "1cedc5d5-36ee-4ac2-8554-0bdce3d4a483", "created_at": "2022-11-18T15:56:21.740671", "updated_at": null, "name": "tempest-VolumesSnapshotTestJSON-Snapshot-1320918943", "description": null, "volume_id": "0bcc53d6-2416-44c7-b8ce-116acde6d794", "status": "creating", "size": 1, "metadata": {}}}'
2022-11-18 15:56:21,848 1164 INFO     [tempest.lib.common.rest_client] Request (VolumesSnapshotTestJSON:test_snapshot_create_offline_delete_online): 200 GET http://[LB_IP_ADDRESS]:8776/v3/a3b9ddfb2beb41bb9267f593ae2cdbbf/snapshots/1cedc5d5-36ee-4ac2-8554-0bdce3d4a483 0.044s
2022-11-18 15:56:21,848 1164 DEBUG    [tempest.lib.common.rest_client] Request - Headers: {'Content-Type': 'application/json', 'Accept': 'application/json', 'X-Auth-Token': '<omitted>'}
        Body: None
    Response - Headers: {'date': 'Fri, 18 Nov 2022 15:56:21 GMT', 'server': 'Apache/2.4.52 (Ubuntu)', 'content-length': '442', 'x-compute-request-id': 'req-a16ce48c-3702-4d41-ade5-4ca1f116238f', 'openstack-api-version': 'volume 3.0', 'vary': 'OpenStack-API-Version', 'x-openstack-request-id': 'req-a16ce48c-3702-4d41-ade5-4ca1f116238f', 'connection': 'close', 'content-type': 'application/json', 'status': '200', 'content-location': 'http://[LB_IP_ADDRESS]:8776/v3/a3b9ddfb2beb41bb9267f593ae2cdbbf/snapshots/1cedc5d5-36ee-4ac2-8554-0bdce3d4a483'}
        Body: b'{"snapshot": {"id": "1cedc5d5-36ee-4ac2-8554-0bdce3d4a483", "created_at": "2022-11-18T15:56:21.000000", "updated_at": null, "name": "tempest-VolumesSnapshotTestJSON-Snapshot-1320918943", "description": null, "volume_id": "0bcc53d6-2416-44c7-b8ce-116acde6d794", "status": "creating", "size": 1, "metadata": {}, "os-extended-snapshot-attributes:project_id": "a3b9ddfb2beb41bb9267f593ae2cdbbf", "os-extended-snapshot-attributes:progress": "0%"}}'
2022-11-18 15:56:22,897 1164 INFO     [tempest.lib.common.rest_client] Request (VolumesSnapshotTestJSON:test_snapshot_create_offline_delete_online): 200 GET http://[LB_IP_ADDRESS]:8776/v3/a3b9ddfb2beb41bb9267f593ae2cdbbf/snapshots/1cedc5d5-36ee-4ac2-8554-0bdce3d4a483 0.044s
2022-11-18 15:56:22,898 1164 DEBUG    [tempest.lib.common.rest_client] Request - Headers: {'Content-Type': 'application/json', 'Accept': 'application/json', 'X-Auth-Token': '<omitted>'}
        Body: None
    Response - Headers: {'date': 'Fri, 18 Nov 2022 15:56:22 GMT', 'server': 'Apache/2.4.52 (Ubuntu)', 'content-length': '442', 'x-compute-request-id': 'req-7ebcd964-2122-48e6-90cd-011a820ce644', 'openstack-api-version': 'volume 3.0', 'vary': 'OpenStack-API-Version', 'x-openstack-request-id': 'req-7ebcd964-2122-48e6-90cd-011a820ce644', 'connection': 'close', 'content-type': 'application/json', 'status': '200', 'content-location': 'http://[LB_IP_ADDRESS]:8776/v3/a3b9ddfb2beb41bb9267f593ae2cdbbf/snapshots/1cedc5d5-36ee-4ac2-8554-0bdce3d4a483'}
        Body: b'{"snapshot": {"id": "1cedc5d5-36ee-4ac2-8554-0bdce3d4a483", "created_at": "2022-11-18T15:56:21.000000", "updated_at": null, "name": "tempest-VolumesSnapshotTestJSON-Snaps
    hot-1320918943", "description": null, "volume_id": "0bcc53d6-2416-44c7-b8ce-116acde6d794", "status": "creating", "size": 1, "metadata": {}, "os-extended-snapshot-attributes:project_id": "a3b9ddfb2beb41bb9267f593ae2cdbbf", "os-extended-snapshot-attributes:progress": "0%"}}'
2022-11-18 15:56:23,943 1164 INFO     [tempest.lib.common.rest_client] Request (VolumesSnapshotTestJSON:test_snapshot_create_offline_delete_online): 200 GET http://[LB_IP_ADDRESS]:8776/v3/a3b9ddfb2beb41bb9267f593ae2cdbbf/snapshots/1cedc5d5-36ee-4ac2-8554-0bdce3d4a483 0.040s
2022-11-18 15:56:23,943 1164 DEBUG    [tempest.lib.common.rest_client] Request - Headers: {'Content-Type': 'application/json', 'Accept': 'application/json', 'X-Auth-Token': '<omitted>'}
        Body: None
    Response - Headers: {'date': 'Fri, 18 Nov 2022 15:56:23 GMT', 'server': 'Apache/2.4.52 (Ubuntu)', 'content-length': '469', 'x-compute-request-id': 'req-1d8e8907-71bb-4416-abbb-d3d3b8f6cd4b', 'openstack-api-version': 'volume 3.0', 'vary': 'OpenStack-API-Version', 'x-openstack-request-id': 'req-1d8e8907-71bb-4416-abbb-d3d3b8f6cd4b', 'connection': 'close', 'content-type': 'application/json', 'status': '200', 'content-location': 'http://[LB_IP_ADDRESS]:8776/v3/a3b9ddfb2beb41bb9267f593ae2cdbbf/snapshots/1cedc5d5-36ee-4ac2-8554-0bdce3d4a483'}
        Body: b'{"snapshot": {"id": "1cedc5d5-36ee-4ac2-8554-0bdce3d4a483", "created_at": "2022-11-18T15:56:21.000000", "updated_at": "2022-11-18T15:56:23.000000", "name": "tempest-VolumesSnapshotTestJSON-Snapshot-1320918943", "description": null, "volume_id": "0bcc53d6-2416-44c7-b8ce-116acde6d794", "status": "available", "size": 1, "metadata": {}, "os-extended-snapshot-attributes:project_id": "a3b9ddfb2beb41bb9267f593ae2cdbbf", "os-extended-snapshot-attributes:progress": "100%"}}'
2022-11-18 15:56:23,947 1164 INFO     [tempest.common.waiters] snapshot 1cedc5d5-36ee-4ac2-8554-0bdce3d4a483 reached available after waiting for 2.947239 seconds
2022-11-18 15:56:24,457 1164 INFO     [tempest.lib.common.rest_client] Request (VolumesSnapshotTestJSON:test_snapshot_create_offline_delete_online): 201 POST http://controller:5000/v3/auth/tokens 0.502s
2022-11-18 15:56:24,458 1164 DEBUG    [tempest.lib.common.rest_client] Request - Headers: {'Content-Type': 'application/json', 'Accept': 'application/json'}
        Body: <omitted>
    Response - Headers: {'date': 'Fri, 18 Nov 2022 15:56:23 GMT', 'server': 'Apache', 'content-length': '3880', 'x-subject-token': '<omitted>', 'vary': 'X-Auth-Token', 'x-openstack-request-id': 'req-d28eac0e-1522-4c32-abed-004188e32b70', 'connection': 'close', 'content-type': 'application/json', 'status': '201', 'content-location': 'http://controller:5000/v3/auth/tokens'}
        Body: b'{"token": {"methods": ["password"], "user": {"domain": {"id": "default", "name": "Default"}, "id": "8c78099666ac423386658d25ff2bf586", "name": "tempest-VolumesSnapshotTestJSON-285921589-project", "password_expires_at": null}, "audit_ids": ["YH8OULg9Taiz4kb1xlqlPw"], "expires_at": "2022-11-19T15:56:24.000000Z", "issued_at": "2022-11-18T15:56:24.000000Z", "project": {"domain": {"id": "default", "name": "Default"}, "id": "a3b9ddfb2beb41bb9267f593ae2cdbbf", "name": "tempest-VolumesSnapshotTestJSON-285921589"}, "is_domain": false, "roles": [{"id": "ef7eda39c3fd4a07b99d06b4093b5fa0", "name": "admin"}, {"id": "8088f4efb67a48c5badf0cfa2826f1be", "name": "member"}, {"id": "b79cb700a02d4552aa1ac74bbc23dd4e", "name": "reader"}], "catalog": [{"endpoints": [{"id": "05381026695b401188084ac161ef6c9f", "interface": "internal", "region_id": "RegionOne", "url": "http://[LB_IP_ADDRESS]:8774/v2/a3b9ddfb2beb41bb9267f593ae2cdbbf", "region": "RegionOne"}, {"id": "633154a1b8ac4a69a006d4bc9f2b9744", "interface": "public", "region_id": "RegionOne", "url": "http://[LB_IP_ADDRESS]:8774/v2/a3b9ddfb2beb41bb9267f593ae2cdbbf", "region": "RegionOne"}], "id": "003e347339344e5e8d02e79b4c7c9943", "type": "compute_legacy", "name": "nova_legacy"}, {"endpoints": [{"id": "5d32bd702e1543a18b5fb22fc28ed190", "interface": "internal", "region_id": "RegionOne", "url": "http://[LB_IP_ADDRESS]:8774/v2.1",
     "region": "RegionOne"}, {"id": "7e40cec238f24ca49915400354dc3443", "interface": "public", "region_id": "RegionOne", "url": "http://[LB_IP_ADDRESS]:8774/v2.1", "region": "RegionOne"}], "id": "3b778777687f4d8082d6af48bccc7946", "type": "compute", "name": "nova"}, {"endpoints": [{"id": "35fb6ceb4fc7426eab7da2be00d09d33", "interface": "internal", "region_id": "RegionOne", "url": "http://[LB_IP_ADDRESS]:8776/v3/a3b9ddfb2beb41bb9267f593ae2cdbbf", "region": "RegionOne"}, {"id": "e08a34baff1445f4be4ebfdc646a1654", "interface": "public", "region_id": "RegionOne", "url": "http://[LB_IP_ADDRESS]:8776/v3/a3b9ddfb2beb41bb9267f593ae2cdbbf", "region": "RegionOne"}], "id": "917bc176ccd9433eb2add47cdfbac9da", "type": "volumev3", "name": "cinderv3"}, {"endpoints": [{"id": "315bafe4bc2c49f2865a6a833edab548", "interface": "public", "region_id": "RegionOne", "url": "http://[LB_IP_ADDRESS]:9292", "region": "RegionOne"}, {"id": "c02f3bb439504d81857cec9b56c5b866", "interface": "internal", "region_id": "RegionOne", "url": "http://[LB_IP_ADDRESS]:9292", "region": "RegionOne"}], "id": "c858212f9950463ab507e47874ed5b4b", "type": "image", "name": "glance"}, {"endpoints": [{"id": "966ecc48699a4492aefdc51eb11e5da8", "interface": "internal", "region_id": "RegionOne", "url": "http://[LB_IP_ADDRESS]:9696", "region": "RegionOne"}, {"id": "bee7bbfa9ad14883b171920f49b1f317", "interface": "public", "region_id": "RegionOne", "url": "http://[LB_IP_ADDRESS]:9696", "region": "RegionOne"}], "id": "cd1df07e351e45b78f0e5f487945e88e", "type": "network", "name": "neutron"}, {"endpoints": [{"id": "0e53185c6c6342cb824f9c7da91c1ccc", "interface": "internal", "region_id": "RegionOne", "url": "http://[LB_IP_ADDRESS]:8780", "region": "RegionOne"}, {"id": "af0dc0c29fe44c5e9795f9ba1f2f04f6", "interface": "public", "region_id": "RegionOne", "url": "http://[LB_IP_ADDRESS]:8780", "region": "RegionOne"}], "id": "d6b558b5d4e44089b7da877d9ca9228d", "type": "placement", "name": "placement"}, {"endpoints": [{"id": "013093c042694cf4bb1aa279f0e511c7", "interface": "public", "region_id": "RegionOne", "url": "http://[LB_IP_ADDRESS]:5000", "region": "RegionOne"}, {"id": "7ff7ed7a0cbc4b778741c25de35fa11e", "interface": "internal", "region_id": "RegionOne", "url": "http://[LB_IP_ADDRESS]:5000", "region": "RegionOne"}, {"id": "e1947c724f014fb7bf7b6821584bbff6", "interface": "admin", "region_id": "RegionOne", "url": "http://[LB_IP_ADDRESS]:5000", "region": "RegionOne"}], "id": "f05149bf993946c59fa49c1a4e774efd", "type": "identity", "name": "keystone"}]}}'
2022-11-18 15:56:24,465 1164 INFO     [tempest.lib.common.fixed_network] (VolumesSnapshotTestJSON:test_snapshot_create_offline_delete_online) Found network None available for tenant



======
Totals
======
Ran: 218 tests in 315.3700 sec.
 - Passed: 210
 - Skipped: 7
 - Expected Fail: 0
 - Unexpected Success: 0
 - Failed: 1
Sum of execute time for each test: 587.5108 sec.

==============
Worker Balance
==============
 - Worker 0 (81 tests) => 0:04:43.449853
 - Worker 1 (68 tests) => 0:05:15.311395
 - Worker 2 (69 tests) => 0:05:10.615187
