{2} setUpClass (tempest.api.compute.volumes.test_attach_volume.AttachVolumeMultiAttachTest) ... SKIPPED: Neutron is not available
{1} setUpClass (tempest.api.volume.admin.test_encrypted_volumes_extend.EncryptedVolumesExtendAttachedTest) ... SKIPPED: EncryptedVolumesExtendAttachedTest skipped as Neutron is not available
{1} tempest.api.volume.admin.test_group_types.GroupTypesTest.test_group_type_create_list_update_show_delete [0.359970s] ... ok
{1} tempest.api.volume.admin.test_group_types.GroupTypesTest.test_group_type_list_by_optional_params [0.277292s] ... ok
{0} tempest.api.volume.admin.test_backends_capabilities.BackendsCapabilitiesAdminTestsJSON.test_compare_volume_stats_values [1.075294s] ... ok
{0} tempest.api.volume.admin.test_backends_capabilities.BackendsCapabilitiesAdminTestsJSON.test_get_capabilities_backend [0.546061s] ... ok
{2} tempest.api.compute.volumes.test_volume_snapshots.VolumesSnapshotsTestJSON.test_volume_snapshot_create_get_list_delete [5.863747s] ... ok
{1} tempest.api.volume.admin.test_groups.GroupsV320Test.test_reset_group_status [3.174575s] ... ok
{2} tempest.api.compute.volumes.test_volumes_get.VolumesGetTestJSON.test_volume_create_get_delete [2.694050s] ... ok
{1} tempest.api.volume.admin.test_snapshots_actions.SnapshotsActionsTest.test_reset_snapshot_status [0.285114s] ... ok
{0} tempest.api.volume.admin.test_group_snapshots.GroupSnapshotsTest.test_create_group_from_group_snapshot [12.375811s] ... ok
{1} tempest.api.volume.admin.test_snapshots_actions.SnapshotsActionsTest.test_snapshot_force_delete_when_snapshot_is_creating [3.509728s] ... ok
{2} tempest.api.compute.volumes.test_volumes_list.VolumesTestJSON.test_volume_list [0.068878s] ... ok
{2} tempest.api.compute.volumes.test_volumes_list.VolumesTestJSON.test_volume_list_param_limit [0.085778s] ... ok
{2} tempest.api.compute.volumes.test_volumes_list.VolumesTestJSON.test_volume_list_param_offset_and_limit [0.152617s] ... ok
{2} tempest.api.compute.volumes.test_volumes_list.VolumesTestJSON.test_volume_list_with_detail_param_limit [0.087167s] ... ok
{2} tempest.api.compute.volumes.test_volumes_list.VolumesTestJSON.test_volume_list_with_detail_param_offset_and_limit [0.141346s] ... ok
{2} tempest.api.compute.volumes.test_volumes_list.VolumesTestJSON.test_volume_list_with_details [0.077460s] ... ok
{1} tempest.api.volume.admin.test_snapshots_actions.SnapshotsActionsTest.test_snapshot_force_delete_when_snapshot_is_deleting [3.538716s] ... ok
{2} tempest.api.compute.volumes.test_volumes_negative.VolumesNegativeTest.test_create_volume_with_invalid_size [0.149510s] ... ok
{2} tempest.api.compute.volumes.test_volumes_negative.VolumesNegativeTest.test_create_volume_with_size_zero [0.019219s] ... ok
{2} tempest.api.compute.volumes.test_volumes_negative.VolumesNegativeTest.test_create_volume_without_passing_size [0.019431s] ... ok
{2} tempest.api.compute.volumes.test_volumes_negative.VolumesNegativeTest.test_delete_invalid_volume_id [0.046131s] ... ok
{2} tempest.api.compute.volumes.test_volumes_negative.VolumesNegativeTest.test_delete_volume_without_passing_volume_id [0.015880s] ... ok
{2} tempest.api.compute.volumes.test_volumes_negative.VolumesNegativeTest.test_get_volume_without_passing_volume_id [0.013027s] ... ok
{2} tempest.api.compute.volumes.test_volumes_negative.VolumesNegativeTest.test_volume_delete_nonexistent_volume_id [0.048203s] ... ok
{2} tempest.api.compute.volumes.test_volumes_negative.VolumesNegativeTest.test_volume_get_nonexistent_volume_id [0.055143s] ... ok
{2} setUpClass (tempest.api.volume.admin.test_multi_backend.VolumeMultiBackendTest) ... SKIPPED: Cinder multi-backend feature disabled
{1} tempest.api.volume.admin.test_snapshots_actions.SnapshotsActionsTest.test_snapshot_force_delete_when_snapshot_is_error [3.479291s] ... ok
{1} tempest.api.volume.admin.test_snapshots_actions.SnapshotsActionsTest.test_snapshot_force_delete_when_snapshot_is_error_deleting [3.473267s] ... ok
{2} tempest.api.volume.admin.test_volume_quota_classes.VolumeQuotaClassesTest.test_show_default_quota [0.202079s] ... ok
{1} tempest.api.volume.admin.test_snapshots_actions.SnapshotsActionsTest.test_update_snapshot_status [0.199596s] ... ok
{2} tempest.api.volume.admin.test_volume_quota_classes.VolumeQuotaClassesTest.test_update_default_quota [0.800627s] ... ok
{0} tempest.api.volume.admin.test_group_snapshots.GroupSnapshotsTest.test_delete_group_snapshots_following_updated_volumes [16.886164s] ... ok
{1} tempest.api.volume.admin.test_volume_hosts.VolumeHostsAdminTestsJSON.test_list_hosts [0.073432s] ... ok
{1} tempest.api.volume.admin.test_volume_hosts.VolumeHostsAdminTestsJSON.test_show_host [0.126076s] ... ok
{2} tempest.api.volume.admin.test_volume_quotas.VolumeQuotasAdminTestJSON.test_delete_quota [0.416573s] ... ok
{2} tempest.api.volume.admin.test_volume_quotas.VolumeQuotasAdminTestJSON.test_list_default_quotas [0.047648s] ... ok
{2} tempest.api.volume.admin.test_volume_quotas.VolumeQuotasAdminTestJSON.test_list_quotas [0.058700s] ... ok
{1} setUpClass (tempest.api.volume.admin.test_volume_manage.VolumeManageAdminTest) ... SKIPPED: Manage volume tests are disabled
{2} tempest.api.volume.admin.test_volume_quotas.VolumeQuotasAdminTestJSON.test_quota_usage [3.832858s] ... ok
{0} tempest.api.volume.admin.test_group_snapshots.GroupSnapshotsTest.test_group_snapshot_create_show_list_delete [8.772202s] ... ok
{2} tempest.api.volume.admin.test_volume_quotas.VolumeQuotasAdminTestJSON.test_quota_usage_after_volume_transfer [4.896271s] ... ok
{2} tempest.api.volume.admin.test_volume_quotas.VolumeQuotasAdminTestJSON.test_show_quota_usage [0.071317s] ... ok
{1} tempest.api.volume.admin.test_volume_retype.VolumeRetypeWithoutMigrationTest.test_available_volume_retype [5.129621s] ... ok
{2} tempest.api.volume.admin.test_volume_quotas.VolumeQuotasAdminTestJSON.test_update_all_quota_resources_for_tenant [0.605366s] ... ok
{2} tempest.api.volume.admin.test_volume_quotas_negative.VolumeQuotasNegativeTestJSON.test_quota_volume_gigabytes [0.206946s] ... ok
{2} tempest.api.volume.admin.test_volume_quotas_negative.VolumeQuotasNegativeTestJSON.test_quota_volumes [0.203917s] ... ok
{2} tempest.api.volume.admin.test_volume_quotas_negative.VolumeQuotasNegativeTestJSON.test_volume_extend_gigabytes_quota_deviation [0.163530s] ... ok
{1} tempest.api.volume.admin.test_volume_snapshot_quotas_negative.VolumeSnapshotQuotasNegativeTestJSON.test_quota_volume_gigabytes_snapshots [0.283758s] ... ok
{1} tempest.api.volume.admin.test_volume_snapshot_quotas_negative.VolumeSnapshotQuotasNegativeTestJSON.test_quota_volume_snapshots [0.058901s] ... ok
{2} setUpClass (tempest.api.volume.admin.test_volume_retype.VolumeRetypeWithMigrationTest) ... SKIPPED: Cinder multi-backend feature disabled
{0} tempest.api.volume.admin.test_group_snapshots.GroupSnapshotsV319Test.test_reset_group_snapshot_status [8.966071s] ... ok
{2} tempest.api.volume.test_extensions.ExtensionsTestJSON.test_list_extensions [0.169386s] ... ok
{2} tempest.api.volume.test_versions.VersionsTest.test_list_versions [0.015819s] ... ok
{2} tempest.api.volume.test_versions.VersionsTest.test_show_version [0.173063s] ... ok
{0} tempest.api.volume.admin.test_group_type_specs.GroupTypeSpecsTest.test_group_type_specs_create_show_update_list_delete [0.529311s] ... ok
{1} tempest.api.volume.admin.test_volume_type_access.VolumeTypesAccessTest.test_volume_type_access_list [0.344902s] ... ok
{1} tempest.api.volume.admin.test_volume_types.VolumeTypesTest.test_volume_type_create_get_delete [0.312089s] ... ok
{1} tempest.api.volume.admin.test_volume_types.VolumeTypesTest.test_volume_type_encryption_create_get_update_delete [0.426901s] ... ok
{1} tempest.api.volume.admin.test_volume_types.VolumeTypesTest.test_volume_type_list [0.046835s] ... ok
{1} tempest.api.volume.admin.test_volume_types.VolumeTypesTest.test_volume_type_update [0.253168s] ... ok
{2} tempest.api.volume.test_volume_delete_cascade.VolumesDeleteCascade.test_volume_delete_cascade [8.303079s] ... ok
{0} tempest.api.volume.admin.test_groups.GroupsTest.test_group_create_show_list_delete [8.003829s] ... ok
{2} tempest.api.volume.test_volume_delete_cascade.VolumesDeleteCascade.test_volume_from_snapshot_cascade_delete [9.577971s] ... ok
{1} tempest.api.volume.admin.test_volumes_list.VolumesListAdminTestJSON.test_volume_list_param_tenant [2.585212s] ... ok
{0} tempest.api.volume.admin.test_groups.GroupsTest.test_group_update [10.148109s] ... ok
{2} tempest.api.volume.test_volume_metadata.VolumesMetadataTest.test_crud_volume_metadata [0.267179s] ... ok
{2} tempest.api.volume.test_volume_metadata.VolumesMetadataTest.test_update_show_volume_metadata_item [0.166808s] ... ok
{1} tempest.api.volume.test_availability_zone.AvailabilityZoneTestJSON.test_get_availability_zone_list [0.126469s] ... ok
{1} tempest.api.volume.test_snapshot_metadata.SnapshotMetadataTestJSON.test_crud_snapshot_metadata [0.263269s] ... ok
{1} tempest.api.volume.test_snapshot_metadata.SnapshotMetadataTestJSON.test_update_show_snapshot_metadata_item [0.229538s] ... ok
{2} tempest.api.volume.test_volume_transfers.VolumesTransfersTest.test_create_get_list_accept_volume_transfer [5.086551s] ... ok
{0} tempest.api.volume.admin.test_groups.GroupsV314Test.test_create_group_from_group [10.867272s] ... ok
{2} tempest.api.volume.test_volume_transfers.VolumesTransfersTest.test_create_list_delete_volume_transfer [3.842997s] ... ok
{0} tempest.api.volume.admin.test_qos.QosSpecsTestJSON.test_associate_disassociate_qos [0.594977s] ... ok
{0} tempest.api.volume.admin.test_qos.QosSpecsTestJSON.test_create_delete_qos_with_back_end_consumer [0.164982s] ... ok
{0} tempest.api.volume.admin.test_qos.QosSpecsTestJSON.test_create_delete_qos_with_both_consumer [0.166104s] ... ok
{0} tempest.api.volume.admin.test_qos.QosSpecsTestJSON.test_create_delete_qos_with_front_end_consumer [0.162373s] ... ok
{0} tempest.api.volume.admin.test_qos.QosSpecsTestJSON.test_get_qos [0.027885s] ... ok
{0} tempest.api.volume.admin.test_qos.QosSpecsTestJSON.test_list_qos [0.019994s] ... ok
{0} tempest.api.volume.admin.test_qos.QosSpecsTestJSON.test_set_unset_qos_key [0.154110s] ... ok
{0} setUpClass (tempest.api.volume.admin.test_snapshot_manage.SnapshotManageAdminTest) ... SKIPPED: SnapshotManageAdminTest skipped as Neutron is not available
{1} tempest.api.volume.test_volume_transfers.VolumesTransfersV355Test.test_create_get_list_accept_volume_transfer [5.132299s] ... ok
{0} tempest.api.volume.admin.test_user_messages.UserMessagesTest.test_delete_message [2.113894s] ... ok
{0} tempest.api.volume.admin.test_user_messages.UserMessagesTest.test_list_show_messages [1.649125s] ... ok
{1} tempest.api.volume.test_volume_transfers.VolumesTransfersV355Test.test_create_list_delete_volume_transfer [3.797303s] ... ok
{1} setUpClass (tempest.api.volume.test_volumes_actions.VolumesActionsTest) ... SKIPPED: VolumesActionsTest skipped as Neutron is not available
{0} tempest.api.volume.admin.test_volume_pools.VolumePoolsAdminTestsJSON.test_get_pools_without_details [0.569533s] ... ok
{0} tempest.api.volume.admin.test_volume_services.VolumesServicesTestJSON.test_get_service_by_host_name [0.034662s] ... ok
{0} tempest.api.volume.admin.test_volume_services.VolumesServicesTestJSON.test_get_service_by_service_and_host_name [0.039102s] ... ok
{0} tempest.api.volume.admin.test_volume_services.VolumesServicesTestJSON.test_get_service_by_service_binary_name [0.026662s] ... ok
{2} tempest.api.volume.test_volumes_clone.VolumesCloneTest.test_create_from_bootable_volume [17.040248s] ... ok
{1} tempest.api.volume.test_volumes_get.VolumesGetTest.test_volume_create_get_update_delete [7.432430s] ... ok
{0} tempest.api.volume.admin.test_volume_services.VolumesServicesTestJSON.test_get_service_by_volume_host_name [3.741592s] ... ok
{0} tempest.api.volume.admin.test_volume_services.VolumesServicesTestJSON.test_list_services [0.022529s] ... ok
{0} tempest.api.volume.admin.test_volume_services_negative.VolumeServicesNegativeTest.test_disable_log_reason_with_no_reason [0.014860s] ... ok
{0} tempest.api.volume.admin.test_volume_services_negative.VolumeServicesNegativeTest.test_disable_service_with_invalid_binary [0.041228s] ... ok
{0} tempest.api.volume.admin.test_volume_services_negative.VolumeServicesNegativeTest.test_enable_service_with_invalid_host [0.027868s] ... ok
{0} tempest.api.volume.admin.test_volume_services_negative.VolumeServicesNegativeTest.test_freeze_host_with_invalid_host [0.021026s] ... ok
{0} tempest.api.volume.admin.test_volume_services_negative.VolumeServicesNegativeTest.test_thaw_host_with_invalid_host [0.030230s] ... ok
{2} tempest.api.volume.test_volumes_clone.VolumesCloneTest.test_create_from_volume [8.228728s] ... ok
{0} tempest.api.volume.admin.test_volume_types_extra_specs.VolumeTypesExtraSpecsTest.test_volume_type_extra_spec_create_get_delete [0.151659s] ... ok
{0} tempest.api.volume.admin.test_volume_types_extra_specs.VolumeTypesExtraSpecsTest.test_volume_type_extra_specs_list [0.087874s] ... ok
{0} tempest.api.volume.admin.test_volume_types_extra_specs.VolumeTypesExtraSpecsTest.test_volume_type_extra_specs_update [0.190367s] ... ok
{1} tempest.api.volume.test_volumes_get.VolumesGetTest.test_volume_create_get_update_delete_as_clone [11.803927s] ... ok
{0} tempest.api.volume.admin.test_volume_types_extra_specs_negative.ExtraSpecsNegativeTest.test_create_invalid_body [0.019151s] ... ok
{0} tempest.api.volume.admin.test_volume_types_extra_specs_negative.ExtraSpecsNegativeTest.test_create_none_body [0.021814s] ... ok
{2} tempest.api.volume.test_volumes_clone_negative.VolumesCloneNegativeTest.test_create_from_volume_decreasing_size [3.707759s] ... ok
{0} tempest.api.volume.admin.test_volume_types_extra_specs_negative.ExtraSpecsNegativeTest.test_create_nonexistent_type_id [0.036640s] ... ok
{0} tempest.api.volume.admin.test_volume_types_extra_specs_negative.ExtraSpecsNegativeTest.test_delete_nonexistent_volume_type_id [0.016742s] ... ok
{0} tempest.api.volume.admin.test_volume_types_extra_specs_negative.ExtraSpecsNegativeTest.test_get_nonexistent_extra_spec_name [0.030061s] ... ok
{0} tempest.api.volume.admin.test_volume_types_extra_specs_negative.ExtraSpecsNegativeTest.test_get_nonexistent_volume_type_id [0.027089s] ... ok
{0} tempest.api.volume.admin.test_volume_types_extra_specs_negative.ExtraSpecsNegativeTest.test_list_nonexistent_volume_type_id [0.030902s] ... ok
{0} tempest.api.volume.admin.test_volume_types_extra_specs_negative.ExtraSpecsNegativeTest.test_update_multiple_extra_spec [0.021734s] ... ok
{0} tempest.api.volume.admin.test_volume_types_extra_specs_negative.ExtraSpecsNegativeTest.test_update_no_body [0.019348s] ... ok
{0} tempest.api.volume.admin.test_volume_types_extra_specs_negative.ExtraSpecsNegativeTest.test_update_none_extra_spec_id [0.034378s] ... ok
{0} tempest.api.volume.admin.test_volume_types_extra_specs_negative.ExtraSpecsNegativeTest.test_update_nonexistent_extra_spec_id [0.040556s] ... ok
{0} tempest.api.volume.admin.test_volume_types_extra_specs_negative.ExtraSpecsNegativeTest.test_update_nonexistent_type_id [0.038272s] ... ok
{0} tempest.api.volume.admin.test_volume_types_negative.VolumeTypesNegativeTest.test_create_volume_type_encryption_nonexistent_type_id [0.149839s] ... ok
{0} tempest.api.volume.admin.test_volume_types_negative.VolumeTypesNegativeTest.test_create_with_empty_name [0.024219s] ... ok
{0} tempest.api.volume.admin.test_volume_types_negative.VolumeTypesNegativeTest.test_create_with_repeated_name [0.176479s] ... ok
{0} tempest.api.volume.admin.test_volume_types_negative.VolumeTypesNegativeTest.test_delete_nonexistent_type_id [0.267520s] ... ok
{0} tempest.api.volume.admin.test_volume_types_negative.VolumeTypesNegativeTest.test_get_nonexistent_type_id [0.025395s] ... ok
{0} setUpClass (tempest.api.volume.admin.test_volumes_actions.VolumesActionsTest) ... SKIPPED: VolumesActionsTest skipped as Neutron is not available
{1} tempest.api.volume.test_volumes_get.VolumesGetTest.test_volume_create_get_update_delete_from_image [13.647563s] ... ok
{2} tempest.api.volume.test_volumes_extend.VolumesExtendTest.test_volume_extend [11.458275s] ... ok
{1} tempest.api.volume.test_volumes_get.VolumesSummaryTest.test_show_volume_summary [0.135755s] ... ok
{0} tempest.api.volume.test_image_metadata.VolumesImageMetadata.test_update_show_delete_image_metadata [0.199782s] ... ok
{2} tempest.api.volume.test_volumes_extend.VolumesExtendTest.test_volume_extend_when_volume_has_snapshot [8.190931s] ... ok
{0} tempest.api.volume.test_volume_absolute_limits.AbsoluteLimitsTests.test_get_volume_absolute_limits [0.062025s] ... ok
{2} tempest.api.volume.test_volumes_list.VolumesListTestJSON.test_volume_list [0.041765s] ... ok
{2} tempest.api.volume.test_volumes_list.VolumesListTestJSON.test_volume_list_by_name [0.047649s] ... ok
{2} tempest.api.volume.test_volumes_list.VolumesListTestJSON.test_volume_list_details_by_name [0.053308s] ... ok
{2} tempest.api.volume.test_volumes_list.VolumesListTestJSON.test_volume_list_details_pagination [0.240304s] ... ok
{2} tempest.api.volume.test_volumes_list.VolumesListTestJSON.test_volume_list_details_with_multiple_params [0.113264s] ... ok
{2} tempest.api.volume.test_volumes_list.VolumesListTestJSON.test_volume_list_pagination [0.175747s] ... ok
{2} tempest.api.volume.test_volumes_list.VolumesListTestJSON.test_volume_list_param_display_name_and_status [0.029847s] ... ok
{2} tempest.api.volume.test_volumes_list.VolumesListTestJSON.test_volume_list_with_detail_param_display_name_and_status [0.064878s] ... ok
{2} tempest.api.volume.test_volumes_list.VolumesListTestJSON.test_volume_list_with_detail_param_marker [0.066586s] ... ok
{2} tempest.api.volume.test_volumes_list.VolumesListTestJSON.test_volume_list_with_detail_param_metadata [0.061264s] ... ok
{2} tempest.api.volume.test_volumes_list.VolumesListTestJSON.test_volume_list_with_details [0.058507s] ... ok
{2} tempest.api.volume.test_volumes_list.VolumesListTestJSON.test_volume_list_with_param_metadata [0.041876s] ... ok
{2} tempest.api.volume.test_volumes_list.VolumesListTestJSON.test_volumes_list_by_availability_zone [0.078414s] ... ok
{2} tempest.api.volume.test_volumes_list.VolumesListTestJSON.test_volumes_list_by_bootable [0.077753s] ... ok
{2} tempest.api.volume.test_volumes_list.VolumesListTestJSON.test_volumes_list_by_status [0.079405s] ... ok
{2} tempest.api.volume.test_volumes_list.VolumesListTestJSON.test_volumes_list_details_by_availability_zone [0.054515s] ... ok
{2} tempest.api.volume.test_volumes_list.VolumesListTestJSON.test_volumes_list_details_by_bootable [0.056141s] ... ok
{2} tempest.api.volume.test_volumes_list.VolumesListTestJSON.test_volumes_list_details_by_status [0.058036s] ... ok
{0} tempest.api.volume.test_volume_transfers.VolumesTransfersV357Test.test_create_get_list_accept_volume_transfer [5.039816s] ... ok
{0} tempest.api.volume.test_volume_transfers.VolumesTransfersV357Test.test_create_list_delete_volume_transfer [3.902037s] ... ok
{1} tempest.api.volume.test_volumes_negative.VolumesNegativeTest.test_attach_volumes_with_nonexistent_volume_id [17.338781s] ... FAILED

Captured traceback:
~~~~~~~~~~~~~~~~~~~
    Traceback (most recent call last):

      File "/usr/local/lib/python3.10/dist-packages/tempest/common/utils/__init__.py", line 65, in wrapper
    return f(*func_args, **func_kwargs)

      File "/usr/local/lib/python3.10/dist-packages/tempest/api/volume/test_volumes_negative.py", line 188, in test_attach_volumes_with_nonexistent_volume_id
    server = self.create_server()

      File "/usr/local/lib/python3.10/dist-packages/tempest/api/volume/base.py", line 270, in create_server
    body, _ = compute.create_test_server(

      File "/usr/local/lib/python3.10/dist-packages/tempest/common/compute.py", line 340, in create_test_server
    with excutils.save_and_reraise_exception():

      File "/usr/local/lib/python3.10/dist-packages/oslo_utils/excutils.py", line 227, in __exit__
    self.force_reraise()

      File "/usr/local/lib/python3.10/dist-packages/oslo_utils/excutils.py", line 200, in force_reraise
    raise self.value

      File "/usr/local/lib/python3.10/dist-packages/tempest/common/compute.py", line 323, in create_test_server
    server = waiters.wait_for_server_status(

      File "/usr/local/lib/python3.10/dist-packages/tempest/common/waiters.py", line 80, in wait_for_server_status
    raise exceptions.BuildErrorException(details, server_id=server_id)

    tempest.exceptions.BuildErrorException: Server 980d25b7-38e2-4667-aae9-96e11f6ae627 failed to build and is in ERROR status
Details: Fault: {'code': 500, 'created': '2025-01-31T14:44:52Z', 'message': 'Build of instance 980d25b7-38e2-4667-aae9-96e11f6ae627 aborted: Image b80cfd70-6556-4c17-aed0-61058bd55e62 is unacceptable: Image not in a supported format', 'details': 'Traceback (most recent call last):\n  File "/var/lib/kolla/venv/lib/python3.10/site-packages/nova/virt/images.py", line 185, in do_image_deep_inspection\n    inspector = get_image_format(path)\n  File "/var/lib/kolla/venv/lib/python3.10/site-packages/nova/virt/images.py", line 151, in get_image_format\n    if wrapper.formats:\nAttributeError: \'InspectWrapper\' object has no attribute \'formats\'\n\nDuring handling of the above exception, another exception occurred:\n\nTraceback (most recent call last):\n  File "/var/lib/kolla/venv/lib/python3.10/site-packages/nova/compute/manager.py", line 2648, in _build_and_run_instance\n    self.driver.spawn(context, instance, image_meta,\n  File "/var/lib/kolla/venv/lib/python3.10/site-packages/nova/virt/libvirt/driver.py", line 4791, in spawn\n    created_instance_dir, created_disks = self._create_image(\n  File "/var/lib/kolla/venv/lib/python3.10/site-packages/nova/virt/libvirt/driver.py", line 5202, in _create_image\n    created_disks = self._create_and_inject_local_root(\n  File "/var/lib/kolla/venv/lib/python3.10/site-packages/nova/virt/libvirt/driver.py", line 5331, in _create_and_inject_local_root\n    self._try_fetch_image_cache(backend, fetch_func, context,\n  File "/var/lib/kolla/venv/lib/python3.10/site-packages/nova/virt/libvirt/driver.py", line 11597, in _try_fetch_image_cache\n    image.cache(fetch_func=fetch_func,\n  File "/var/lib/kolla/venv/lib/python3.10/site-packages/nova/virt/libvirt/imagebackend.py", line 304, in cache\n    self.create_image(\n  File "/var/lib/kolla/venv/lib/python3.10/site-packages/nova/virt/libvirt/imagebackend.py", line 682, in create_image\n    prepare_template(target=base, *args, **kwargs)\n  File "/var/lib/kolla/venv/lib/python3.10/site-packages/oslo_concurrency/lockutils.py", line 412, in inner\n    return f(*args, **kwargs)\n  File "/var/lib/kolla/venv/lib/python3.10/site-packages/nova/virt/libvirt/imagebackend.py", line 301, in fetch_func_sync\n    fetch_func(target=target, *args, **kwargs)\n  File "/var/lib/kolla/venv/lib/python3.10/site-packages/nova/virt/libvirt/utils.py", line 495, in fetch_image\n    images.fetch_to_raw(context, image_id, target, trusted_certs)\n  File "/var/lib/kolla/venv/lib/python3.10/site-packages/nova/virt/images.py", line 235, in fetch_to_raw\n    force_format = do_image_deep_inspection(img, image_href, path_tmp)\n  File "/var/lib/kolla/venv/lib/python3.10/site-packages/nova/virt/images.py", line 216, in do_image_deep_inspection\n    raise exception.ImageUnacceptable(\nnova.exception.ImageUnacceptable: Image b80cfd70-6556-4c17-aed0-61058bd55e62 is unacceptable: Image not in a supported format\n\nDuring handling of the above exception, another exception occurred:\n\nTraceback (most recent call last):\n  File "/var/lib/kolla/venv/lib/python3.10/site-packages/nova/compute/manager.py", line 2463, in _do_build_and_run_instance\n    self._build_and_run_instance(context, instance, image,\n  File "/var/lib/kolla/venv/lib/python3.10/site-packages/nova/compute/manager.py", line 2733, in _build_and_run_instance\n    raise exception.BuildAbortException(instance_uuid=instance.uuid,\nnova.exception.BuildAbortException: Build of instance 980d25b7-38e2-4667-aae9-96e11f6ae627 aborted: Image b80cfd70-6556-4c17-aed0-61058bd55e62 is unacceptable: Image not in a supported format\n'}. Request ID of server operation performed before checking the server status req-ead487b2-cb7c-4d8a-858e-311d491c72b7.


Captured pythonlogging:
~~~~~~~~~~~~~~~~~~~~~~~
    2025-01-31 14:44:37,189 21294 INFO     [tempest.lib.common.rest_client] Request (VolumesNegativeTest:test_attach_volumes_with_nonexistent_volume_id): 201 POST http://controller:5000/v3/auth/tokens 0.512s
2025-01-31 14:44:37,189 21294 DEBUG    [tempest.lib.common.rest_client] Request - Headers: {'Content-Type': 'application/json', 'Accept': 'application/json'}
        Body: <omitted>
    Response - Headers: {'date': 'Fri, 31 Jan 2025 14:44:36 GMT', 'server': 'Apache', 'content-length': '3307', 'x-subject-token': '<omitted>', 'vary': 'X-Auth-Token', 'x-openstack-request-id': 'req-23db37ab-ed8a-4347-bec3-8a21ff5c2e1e', 'connection': 'close', 'content-type': 'application/json', 'status': '201', 'content-location': 'http://controller:5000/v3/auth/tokens'}
        Body: b'{"token": {"methods": ["password"], "user": {"domain": {"id": "default", "name": "Default"}, "id": "e1b18ed7e870443981800c7e99d9a72f", "name": "tempest-VolumesNegativeTest-1928065261-project-member", "password_expires_at": null}, "audit_ids": ["mUaoNjbYTdy0kXOCGaOGGQ"], "expires_at": "2025-02-01T14:44:37.000000Z", "issued_at": "2025-01-31T14:44:37.000000Z", "project": {"domain": {"id": "default", "name": "Default"}, "id": "e9da9d1226474d58b3e2ca906f3ee4e4", "name": "tempest-VolumesNegativeTest-1928065261"}, "is_domain": false, "roles": [{"id": "9b5414f302fc4fa5967a33a4a0a7af5f", "name": "reader"}, {"id": "b4b43a54a6b84614aa0118dc7f2219ff", "name": "admin"}, {"id": "b03f5fd51d9941bd9cdd7bd39e2a7c04", "name": "manager"}, {"id": "d41a38c9832048abb6a9dfd4dbc74cfb", "name": "member"}], "catalog": [{"endpoints": [{"id": "2d84316125d94cfd8146d5b0a63e5a09", "interface": "internal", "region_id": "RegionOne", "url": "http://[LB_IP_ADDRESS]:8774/v2.1", "region": "RegionOne"}, {"id": "9013fb75082548db9f7f93fb240e4eb5", "interface": "public", "region_id": "RegionOne", "url": "http://[LB_IP_ADDRESS]:8774/v2.1", "region": "RegionOne"}], "id": "13d3e8ca59fa4239b3c1d89ae5d18d46", "type": "compute", "name": "nova"}, {"endpoints": [{"id": "77c8e2017f43470b88628c80f150af2b", "interface": "internal", "region_id": "RegionOne", "url": "http://[LB_IP_ADDRESS]:9292", "region": "RegionOne"}, {"id": "e94bf45a1fc54e4cb799150fec3c553b", "interface": "public", "region_id": "RegionOne", "url": "http://[LB_IP_ADDRESS]:9292", "region": "RegionOne"}], "id": "90b803829c864609a11a3c5d7f5ca4eb", "type": "image", "name": "glance"}, {"endpoints": [{"id": "8b71863b3909475da0399630a257e299", "interface": "internal", "region_id": "RegionOne", "url": "http://[LB_IP_ADDRESS]:9696", "region": "RegionOne"}, {"id": "eb4192e695634cefa076525cad0faf40", "interface": "public", "region_id": "RegionOne", "url": "http://[LB_IP_ADDRESS]:9696", "region": "RegionOne"}], "id": "bf4bf859a64d4edca2a8af930c8d4870", "type": "network", "name": "neutron"}, {"endpoints": [{"id": "5b0d15dd76004491bfc44d0f148a605a", "interface": "internal", "region_id": "RegionOne", "url": "http://[LB_IP_ADDRESS]:8776/v3/e9da9d1226474d58b3e2ca906f3ee4e4", "region": "RegionOne"}, {"id": "6b764d1b63e94e0b8f2a952fd9d43b4b", "interface": "public", "region_id": "RegionOne", "url": "http://[LB_IP_ADDRESS]:8776/v3/e9da9d1226474d58b3e2ca906f3ee4e4", "region": "RegionOne"}], "id": "c7ce27009e2f497a8865aab4450f3a0c", "type": "volumev3", "name": "cinderv3"}, {"endpoints": [{"id": "21b3252d38cb4d2ca55bf8a344d9a093", "interface": "internal", "region_id": "RegionOne", "url": "http://[LB_IP_ADDRESS]:8780", "region": "RegionOne"}, {"id": "d9a25e3380c044b1b62ea881654ae1da", "interface": "public", "region_id": "RegionOne", "url": "http://[LB_IP_ADDRESS]:8780", "region": "RegionOne"}], "id": "e25e12f5148340b8a259bebfaaef5308", "type": "placement", "name": "placement"}, {"endpoints": [{"id": "14144c8e6cf74e2384f9070a5dae2ccc", "interface": "internal", "region_id": "RegionOne", "url": "http://[LB_IP_ADDRESS]:5000", "region": "RegionOne"}, {"id": "5d7337de6ab24e04a0c315fe8d9aa663", "interface": "public", "region_id": "RegionOne", "url": "http://[LB_IP_ADDRESS]:5000", "region": "RegionOne"}], "id": "fa7fafa7b3194e9caacbd6e67b6aaa0f", "type": "identity", "name": "keystone"}]}}'
2025-01-31
     14:44:37,190 21294 DEBUG    [tempest.lib.common.dynamic_creds] Creating new dynamic creds for scope: None and credential_type: admin
2025-01-31 14:44:37,259 21294 INFO     [tempest.lib.common.rest_client] Request (VolumesNegativeTest:test_attach_volumes_with_nonexistent_volume_id): 201 POST http://[LB_IP_ADDRESS]:5000/v3/projects 0.068s
2025-01-31 14:44:37,259 21294 DEBUG    [tempest.lib.common.rest_client] Request - Headers: {'Content-Type': 'application/json', 'Accept': 'application/json', 'X-Auth-Token': '<omitted>'}
        Body: {"project": {"description": "tempest-VolumesNegativeTest-1505862329-desc", "domain_id": "default", "name": "tempest-VolumesNegativeTest-1505862329"}}
    Response - Headers: {'date': 'Fri, 31 Jan 2025 14:44:37 GMT', 'server': 'Apache', 'content-length': '373', 'vary': 'X-Auth-Token', 'x-openstack-request-id': 'req-8052743a-b5e5-45e8-8f90-aaf2d20a7556', 'connection': 'close', 'content-type': 'application/json', 'status': '201', 'content-location': 'http://[LB_IP_ADDRESS]:5000/v3/projects'}
        Body: b'{"project": {"id": "e256e550ed53468e9545b49af534d75f", "name": "tempest-VolumesNegativeTest-1505862329", "domain_id": "default", "description": "tempest-VolumesNegativeTest-1505862329-desc", "enabled": true, "parent_id": "default", "is_domain": false, "tags": [], "options": {}, "links": {"self": "http://[LB_IP_ADDRESS]:5000/v3/projects/e256e550ed53468e9545b49af534d75f"}}}\n'
2025-01-31 14:44:37,619 21294 INFO     [tempest.lib.common.rest_client] Request (VolumesNegativeTest:test_attach_volumes_with_nonexistent_volume_id): 201 POST http://[LB_IP_ADDRESS]:5000/v3/users 0.359s
2025-01-31 14:44:37,620 21294 DEBUG    [tempest.lib.common.rest_client] Request - Headers: {'Content-Type': 'application/json', 'Accept': 'application/json', 'X-Auth-Token': '<omitted>'}
        Body: {"user": {"name": "tempest-VolumesNegativeTest-1505862329-project-admin", "password": "W4_MIK6d4MVnREE", "domain_id": "default"}}
    Response - Headers: {'date': 'Fri, 31 Jan 2025 14:44:37 GMT', 'server': 'Apache', 'content-length': '292', 'vary': 'X-Auth-Token', 'x-openstack-request-id': 'req-a2db31a5-ff9e-4bbc-b8fa-796c99009dad', 'connection': 'close', 'content-type': 'application/json', 'status': '201', 'content-location': 'http://[LB_IP_ADDRESS]:5000/v3/users'}
        Body: b'{"user": {"id": "6a014cb9e2e04ff1a13f8afda9b810ff", "name": "tempest-VolumesNegativeTest-1505862329-project-admin", "domain_id": "default", "enabled": true, "password_expires_at": null, "options": {}, "links": {"self": "http://[LB_IP_ADDRESS]:5000/v3/users/6a014cb9e2e04ff1a13f8afda9b810ff"}}}\n'
2025-01-31 14:44:37,645 21294 INFO     [tempest.lib.common.rest_client] Request (VolumesNegativeTest:test_attach_volumes_with_nonexistent_volume_id): 200 GET http://[LB_IP_ADDRESS]:5000/v3/roles 0.024s
2025-01-31 14:44:37,645 21294 DEBUG    [tempest.lib.common.rest_client] Request - Headers: {'Content-Type': 'application/json', 'Accept': 'application/json', 'X-Auth-Token': '<omitted>'}
        Body: None
    Response - Headers: {'date': 'Fri, 31 Jan 2025 14:44:37 GMT', 'server': 'Apache', 'content-length': '1222', 'vary': 'X-Auth-Token', 'x-openstack-request-id': 'req-63095fff-c848-43af-88f2-2da867b90c61', 'connection': 'close', 'content-type': 'application/json', 'status': '200', 'content-location': 'http://[LB_IP_ADDRESS]:5000/v3/roles'}
        Body: b'{"roles": [{"id": "9b5414f302fc4fa5967a33a4a0a7af5f", "name": "reader", "domain_id": null, "description": null, "options": {"immutable": true}, "links": {"self": "http://[LB_IP_ADDRESS]:5000/v3/roles/9b5414f302fc4fa5967a33a4a0a7af5f"}}, {"id": "a862e0b380b14de0b58f51b66b64eda5", "name": "service", "domain_id": null, "description": null, "options": {"immutable": true}, "links": {"self": "http://[LB_IP_ADDRESS]:5000/v3/roles/a862e0b380b14de0b58f51b66b64eda5"}}, {"id": "b03f5fd51d9941bd9cdd7bd39e2a7c04", "name": "manager", "domain_id": null, "description": null, "options": {"immutable": true}, "links": {"self": "http://[LB_IP_ADDRESS]:5000/v3/roles/b03f5fd51d9941bd9cdd7bd39e2a7c04"}}, {"id": "b4b43a54a6b84614aa0118dc7f2219ff", "
    name": "admin", "domain_id": null, "description": null, "options": {"immutable": true}, "links": {"self": "http://[LB_IP_ADDRESS]:5000/v3/roles/b4b43a54a6b84614aa0118dc7f2219ff"}}, {"id": "d41a38c9832048abb6a9dfd4dbc74cfb", "name": "member", "domain_id": null, "description": null, "options": {"immutable": true}, "links": {"self": "http://[LB_IP_ADDRESS]:5000/v3/roles/d41a38c9832048abb6a9dfd4dbc74cfb"}}], "links": {"next": null, "self": "http://[LB_IP_ADDRESS]:5000/v3/roles", "previous": null}}\n'
2025-01-31 14:44:37,681 21294 INFO     [tempest.lib.common.rest_client] Request (VolumesNegativeTest:test_attach_volumes_with_nonexistent_volume_id): 204 PUT http://[LB_IP_ADDRESS]:5000/v3/projects/e256e550ed53468e9545b49af534d75f/users/6a014cb9e2e04ff1a13f8afda9b810ff/roles/b4b43a54a6b84614aa0118dc7f2219ff 0.035s
2025-01-31 14:44:37,681 21294 DEBUG    [tempest.lib.common.rest_client] Request - Headers: {'Content-Type': 'application/json', 'Accept': 'application/json', 'X-Auth-Token': '<omitted>'}
        Body: None
    Response - Headers: {'date': 'Fri, 31 Jan 2025 14:44:37 GMT', 'server': 'Apache', 'vary': 'X-Auth-Token', 'x-openstack-request-id': 'req-423ce4ac-d698-482c-b9c8-18df45a8549f', 'connection': 'close', 'status': '204', 'content-location': 'http://[LB_IP_ADDRESS]:5000/v3/projects/e256e550ed53468e9545b49af534d75f/users/6a014cb9e2e04ff1a13f8afda9b810ff/roles/b4b43a54a6b84614aa0118dc7f2219ff'}
        Body: b''
2025-01-31 14:44:37,739 21294 INFO     [tempest.lib.common.rest_client] Request (VolumesNegativeTest:test_attach_volumes_with_nonexistent_volume_id): 200 GET http://[LB_IP_ADDRESS]:5000/v3/roles 0.057s
2025-01-31 14:44:37,739 21294 DEBUG    [tempest.lib.common.rest_client] Request - Headers: {'Content-Type': 'application/json', 'Accept': 'application/json', 'X-Auth-Token': '<omitted>'}
        Body: None
    Response - Headers: {'date': 'Fri, 31 Jan 2025 14:44:37 GMT', 'server': 'Apache', 'content-length': '1222', 'vary': 'X-Auth-Token', 'x-openstack-request-id': 'req-39480ddf-dfd2-4094-8a6a-f1b9b0c54e27', 'connection': 'close', 'content-type': 'application/json', 'status': '200', 'content-location': 'http://[LB_IP_ADDRESS]:5000/v3/roles'}
        Body: b'{"roles": [{"id": "9b5414f302fc4fa5967a33a4a0a7af5f", "name": "reader", "domain_id": null, "description": null, "options": {"immutable": true}, "links": {"self": "http://[LB_IP_ADDRESS]:5000/v3/roles/9b5414f302fc4fa5967a33a4a0a7af5f"}}, {"id": "a862e0b380b14de0b58f51b66b64eda5", "name": "service", "domain_id": null, "description": null, "options": {"immutable": true}, "links": {"self": "http://[LB_IP_ADDRESS]:5000/v3/roles/a862e0b380b14de0b58f51b66b64eda5"}}, {"id": "b03f5fd51d9941bd9cdd7bd39e2a7c04", "name": "manager", "domain_id": null, "description": null, "options": {"immutable": true}, "links": {"self": "http://[LB_IP_ADDRESS]:5000/v3/roles/b03f5fd51d9941bd9cdd7bd39e2a7c04"}}, {"id": "b4b43a54a6b84614aa0118dc7f2219ff", "name": "admin", "domain_id": null, "description": null, "options": {"immutable": true}, "links": {"self": "http://[LB_IP_ADDRESS]:5000/v3/roles/b4b43a54a6b84614aa0118dc7f2219ff"}}, {"id": "d41a38c9832048abb6a9dfd4dbc74cfb", "name": "member", "domain_id": null, "description": null, "options": {"immutable": true}, "links": {"self": "http://[LB_IP_ADDRESS]:5000/v3/roles/d41a38c9832048abb6a9dfd4dbc74cfb"}}], "links": {"next": null, "self": "http://[LB_IP_ADDRESS]:5000/v3/roles", "previous": null}}\n'
2025-01-31 14:44:37,759 21294 INFO     [tempest.lib.common.rest_client] Request (VolumesNegativeTest:test_attach_volumes_with_nonexistent_volume_id): 204 PUT http://[LB_IP_ADDRESS]:5000/v3/domains/default/users/6a014cb9e2e04ff1a13f8afda9b810ff/roles/b4b43a54a6b84614aa0118dc7f2219ff 0.019s
2025-01-31 14:44:37,760 21294 DEBUG    [tempest.lib.common.rest_client] Request - Headers: {'Content-Type': 'application/json', 'Accept': 'application/json', 'X-Auth-Token': '<omitted>'}
        Body: None
    Response - Headers: {'date': 'Fri, 31 Jan 2025 14:44:37 GMT', 'server': 'Apache', 'vary': 'X-Auth-Token', 'x-openstack-request-id': 'req-6c3f14e4-336b-48d3-b9bc-744b732cbb80', 'connecti
    on': 'close', 'status': '204', 'content-location': 'http://[LB_IP_ADDRESS]:5000/v3/domains/default/users/6a014cb9e2e04ff1a13f8afda9b810ff/roles/b4b43a54a6b84614aa0118dc7f2219ff'}
        Body: b''
2025-01-31 14:44:37,818 21294 INFO     [tempest.lib.common.rest_client] Request (VolumesNegativeTest:test_attach_volumes_with_nonexistent_volume_id): 200 GET http://[LB_IP_ADDRESS]:5000/v3/roles 0.057s
2025-01-31 14:44:37,818 21294 DEBUG    [tempest.lib.common.rest_client] Request - Headers: {'Content-Type': 'application/json', 'Accept': 'application/json', 'X-Auth-Token': '<omitted>'}
        Body: None
    Response - Headers: {'date': 'Fri, 31 Jan 2025 14:44:37 GMT', 'server': 'Apache', 'content-length': '1222', 'vary': 'X-Auth-Token', 'x-openstack-request-id': 'req-c407cd61-9291-4b84-8f50-5b2fbd0dbd3f', 'connection': 'close', 'content-type': 'application/json', 'status': '200', 'content-location': 'http://[LB_IP_ADDRESS]:5000/v3/roles'}
        Body: b'{"roles": [{"id": "9b5414f302fc4fa5967a33a4a0a7af5f", "name": "reader", "domain_id": null, "description": null, "options": {"immutable": true}, "links": {"self": "http://[LB_IP_ADDRESS]:5000/v3/roles/9b5414f302fc4fa5967a33a4a0a7af5f"}}, {"id": "a862e0b380b14de0b58f51b66b64eda5", "name": "service", "domain_id": null, "description": null, "options": {"immutable": true}, "links": {"self": "http://[LB_IP_ADDRESS]:5000/v3/roles/a862e0b380b14de0b58f51b66b64eda5"}}, {"id": "b03f5fd51d9941bd9cdd7bd39e2a7c04", "name": "manager", "domain_id": null, "description": null, "options": {"immutable": true}, "links": {"self": "http://[LB_IP_ADDRESS]:5000/v3/roles/b03f5fd51d9941bd9cdd7bd39e2a7c04"}}, {"id": "b4b43a54a6b84614aa0118dc7f2219ff", "name": "admin", "domain_id": null, "description": null, "options": {"immutable": true}, "links": {"self": "http://[LB_IP_ADDRESS]:5000/v3/roles/b4b43a54a6b84614aa0118dc7f2219ff"}}, {"id": "d41a38c9832048abb6a9dfd4dbc74cfb", "name": "member", "domain_id": null, "description": null, "options": {"immutable": true}, "links": {"self": "http://[LB_IP_ADDRESS]:5000/v3/roles/d41a38c9832048abb6a9dfd4dbc74cfb"}}], "links": {"next": null, "self": "http://[LB_IP_ADDRESS]:5000/v3/roles", "previous": null}}\n'
2025-01-31 14:44:37,841 21294 INFO     [tempest.lib.common.rest_client] Request (VolumesNegativeTest:test_attach_volumes_with_nonexistent_volume_id): 204 PUT http://[LB_IP_ADDRESS]:5000/v3/projects/e256e550ed53468e9545b49af534d75f/users/6a014cb9e2e04ff1a13f8afda9b810ff/roles/b4b43a54a6b84614aa0118dc7f2219ff 0.021s
2025-01-31 14:44:37,841 21294 DEBUG    [tempest.lib.common.rest_client] Request - Headers: {'Content-Type': 'application/json', 'Accept': 'application/json', 'X-Auth-Token': '<omitted>'}
        Body: None
    Response - Headers: {'date': 'Fri, 31 Jan 2025 14:44:37 GMT', 'server': 'Apache', 'vary': 'X-Auth-Token', 'x-openstack-request-id': 'req-69a19b81-c3f0-47be-ba39-d851e8bb5e7e', 'connection': 'close', 'status': '204', 'content-location': 'http://[LB_IP_ADDRESS]:5000/v3/projects/e256e550ed53468e9545b49af534d75f/users/6a014cb9e2e04ff1a13f8afda9b810ff/roles/b4b43a54a6b84614aa0118dc7f2219ff'}
        Body: b''
2025-01-31 14:44:37,910 21294 INFO     [tempest.lib.common.rest_client] Request (VolumesNegativeTest:test_attach_volumes_with_nonexistent_volume_id): 200 GET http://[LB_IP_ADDRESS]:5000/v3/roles 0.068s
2025-01-31 14:44:37,910 21294 DEBUG    [tempest.lib.common.rest_client] Request - Headers: {'Content-Type': 'application/json', 'Accept': 'application/json', 'X-Auth-Token': '<omitted>'}
        Body: None
    Response - Headers: {'date': 'Fri, 31 Jan 2025 14:44:37 GMT', 'server': 'Apache', 'content-length': '1222', 'vary': 'X-Auth-Token', 'x-openstack-request-id': 'req-681a2d46-3b47-4b7d-8d6f-74094695e617', 'connection': 'close', 'content-type': 'application/json', 'status': '200', 'content-location': 'http://[LB_IP_ADDRESS]:5000/v3/roles'}
        Body: b'{"roles": [{"id": "9b5414f302fc4fa5967a33a4a0a7af5f", "name": "reader", "domain_id": null, "description": null, "options": {"immutable": true}, "links": {"self": "http://[LB_IP_ADDRESS]:5000/v3/roles/9b5414f302fc4fa5967a33a4
    a0a7af5f"}}, {"id": "a862e0b380b14de0b58f51b66b64eda5", "name": "service", "domain_id": null, "description": null, "options": {"immutable": true}, "links": {"self": "http://[LB_IP_ADDRESS]:5000/v3/roles/a862e0b380b14de0b58f51b66b64eda5"}}, {"id": "b03f5fd51d9941bd9cdd7bd39e2a7c04", "name": "manager", "domain_id": null, "description": null, "options": {"immutable": true}, "links": {"self": "http://[LB_IP_ADDRESS]:5000/v3/roles/b03f5fd51d9941bd9cdd7bd39e2a7c04"}}, {"id": "b4b43a54a6b84614aa0118dc7f2219ff", "name": "admin", "domain_id": null, "description": null, "options": {"immutable": true}, "links": {"self": "http://[LB_IP_ADDRESS]:5000/v3/roles/b4b43a54a6b84614aa0118dc7f2219ff"}}, {"id": "d41a38c9832048abb6a9dfd4dbc74cfb", "name": "member", "domain_id": null, "description": null, "options": {"immutable": true}, "links": {"self": "http://[LB_IP_ADDRESS]:5000/v3/roles/d41a38c9832048abb6a9dfd4dbc74cfb"}}], "links": {"next": null, "self": "http://[LB_IP_ADDRESS]:5000/v3/roles", "previous": null}}\n'
2025-01-31 14:44:37,938 21294 INFO     [tempest.lib.common.rest_client] Request (VolumesNegativeTest:test_attach_volumes_with_nonexistent_volume_id): 204 PUT http://[LB_IP_ADDRESS]:5000/v3/projects/e256e550ed53468e9545b49af534d75f/users/6a014cb9e2e04ff1a13f8afda9b810ff/roles/b4b43a54a6b84614aa0118dc7f2219ff 0.027s
2025-01-31 14:44:37,939 21294 DEBUG    [tempest.lib.common.rest_client] Request - Headers: {'Content-Type': 'application/json', 'Accept': 'application/json', 'X-Auth-Token': '<omitted>'}
        Body: None
    Response - Headers: {'date': 'Fri, 31 Jan 2025 14:44:37 GMT', 'server': 'Apache', 'vary': 'X-Auth-Token', 'x-openstack-request-id': 'req-95e8c073-8a27-419a-8a92-90c714e36ccc', 'connection': 'close', 'status': '204', 'content-location': 'http://[LB_IP_ADDRESS]:5000/v3/projects/e256e550ed53468e9545b49af534d75f/users/6a014cb9e2e04ff1a13f8afda9b810ff/roles/b4b43a54a6b84614aa0118dc7f2219ff'}
        Body: b''
2025-01-31 14:44:37,939 21294 INFO     [tempest.lib.common.dynamic_creds] Dynamic test user 6a014cb9e2e04ff1a13f8afda9b810ff is created with scope project and roles: ['admin', 'admin']
2025-01-31 14:44:37,939 21294 INFO     [tempest.lib.common.dynamic_creds] Acquired dynamic creds:
 credentials: Credentials: {'domain_id': 'default', 'domain_name': 'Default', 'username': 'tempest-VolumesNegativeTest-1505862329-project-admin', 'project_domain_id': 'default', 'project_domain_name': 'Default', 'project_id': 'e256e550ed53468e9545b49af534d75f', 'project_name': 'tempest-VolumesNegativeTest-1505862329', 'tenant_id': 'e256e550ed53468e9545b49af534d75f', 'tenant_name': 'tempest-VolumesNegativeTest-1505862329', 'user_domain_id': 'default', 'user_domain_name': 'Default', 'user_id': '6a014cb9e2e04ff1a13f8afda9b810ff', 'system': None}, Network: None, Subnet: None, Router: None
2025-01-31 14:44:37,946 21294 INFO     [tempest.lib.common.fixed_network] (VolumesNegativeTest:test_attach_volumes_with_nonexistent_volume_id) Found network None available for tenant
2025-01-31 14:44:38,137 21294 INFO     [tempest.lib.common.rest_client] Request (VolumesNegativeTest:test_attach_volumes_with_nonexistent_volume_id): 202 POST http://[LB_IP_ADDRESS]:8774/v2.1/servers 0.189s
2025-01-31 14:44:38,137 21294 DEBUG    [tempest.lib.common.rest_client] Request - Headers: {'Content-Type': 'application/json', 'Accept': 'application/json', 'X-Auth-Token': '<omitted>'}
        Body: {"server": {"name": "tempest-VolumesNegativeTest-instance-975324355", "imageRef": "b80cfd70-6556-4c17-aed0-61058bd55e62", "flavorRef": "0"}}
    Response - Headers: {'date': 'Fri, 31 Jan 2025 14:44:37 GMT', 'server': 'Apache/2.4.52 (Ubuntu)', 'content-length': '378', 'location': 'http://[LB_IP_ADDRESS]:8774/v2.1/servers/980d25b7-38e2-4667-aae9-96e11f6ae627', 'openstack-api-version': 'compute 2.1', 'x-openstack-nova-api-version': '2.1', 'vary': 'OpenStack-API-Version,X-OpenStack-Nova-API-Version', 'x-openstack-request-id': 'req-ead487b2-cb7c-4d8a-858e-311d491c72b7', 'x-compute-request-id': 'req-ead487b2-cb7c-4d8a-858e-311d491c72b7', 'connection': 'close', 'content-type': 'application/json', 's
    tatus': '202', 'content-location': 'http://[LB_IP_ADDRESS]:8774/v2.1/servers'}
        Body: b'{"server": {"id": "980d25b7-38e2-4667-aae9-96e11f6ae627", "links": [{"rel": "self", "href": "http://[LB_IP_ADDRESS]:8774/v2.1/servers/980d25b7-38e2-4667-aae9-96e11f6ae627"}, {"rel": "bookmark", "href": "http://[LB_IP_ADDRESS]:8774/servers/980d25b7-38e2-4667-aae9-96e11f6ae627"}], "OS-DCF:diskConfig": "MANUAL", "security_groups": [{"name": "default"}], "adminPass": "jC8xAUsPVGPN"}}'
2025-01-31 14:44:38,201 21294 INFO     [tempest.lib.common.rest_client] Request (VolumesNegativeTest:test_attach_volumes_with_nonexistent_volume_id): 200 GET http://[LB_IP_ADDRESS]:8774/v2.1/servers/980d25b7-38e2-4667-aae9-96e11f6ae627 0.060s
2025-01-31 14:44:38,201 21294 DEBUG    [tempest.lib.common.rest_client] Request - Headers: {'Content-Type': 'application/json', 'Accept': 'application/json', 'X-Auth-Token': '<omitted>'}
        Body: None
    Response - Headers: {'date': 'Fri, 31 Jan 2025 14:44:38 GMT', 'server': 'Apache/2.4.52 (Ubuntu)', 'content-length': '1318', 'openstack-api-version': 'compute 2.1', 'x-openstack-nova-api-version': '2.1', 'vary': 'OpenStack-API-Version,X-OpenStack-Nova-API-Version', 'x-openstack-request-id': 'req-69c6b338-e110-4a34-80d5-0f9089aa5ea6', 'x-compute-request-id': 'req-69c6b338-e110-4a34-80d5-0f9089aa5ea6', 'connection': 'close', 'content-type': 'application/json', 'status': '200', 'content-location': 'http://[LB_IP_ADDRESS]:8774/v2.1/servers/980d25b7-38e2-4667-aae9-96e11f6ae627'}
        Body: b'{"server": {"id": "980d25b7-38e2-4667-aae9-96e11f6ae627", "name": "tempest-VolumesNegativeTest-instance-975324355", "status": "BUILD", "tenant_id": "e9da9d1226474d58b3e2ca906f3ee4e4", "user_id": "e1b18ed7e870443981800c7e99d9a72f", "metadata": {}, "hostId": "", "image": {"id": "b80cfd70-6556-4c17-aed0-61058bd55e62", "links": [{"rel": "bookmark", "href": "http://[LB_IP_ADDRESS]:8774/images/b80cfd70-6556-4c17-aed0-61058bd55e62"}]}, "flavor": {"id": "0", "links": [{"rel": "bookmark", "href": "http://[LB_IP_ADDRESS]:8774/flavors/0"}]}, "created": "2025-01-31T14:44:38Z", "updated": "2025-01-31T14:44:38Z", "addresses": {}, "accessIPv4": "", "accessIPv6": "", "links": [{"rel": "self", "href": "http://[LB_IP_ADDRESS]:8774/v2.1/servers/980d25b7-38e2-4667-aae9-96e11f6ae627"}, {"rel": "bookmark", "href": "http://[LB_IP_ADDRESS]:8774/servers/980d25b7-38e2-4667-aae9-96e11f6ae627"}], "OS-DCF:diskConfig": "MANUAL", "progress": 0, "OS-EXT-AZ:availability_zone": "", "config_drive": "", "key_name": null, "OS-SRV-USG:launched_at": null, "OS-SRV-USG:terminated_at": null, "OS-EXT-SRV-ATTR:host": null, "OS-EXT-SRV-ATTR:instance_name": "", "OS-EXT-SRV-ATTR:hypervisor_hostname": null, "OS-EXT-STS:task_state": "scheduling", "OS-EXT-STS:vm_state": "building", "OS-EXT-STS:power_state": 0, "os-extended-volumes:volumes_attached": []}}'
2025-01-31 14:44:39,287 21294 INFO     [tempest.lib.common.rest_client] Request (VolumesNegativeTest:test_attach_volumes_with_nonexistent_volume_id): 200 GET http://[LB_IP_ADDRESS]:8774/v2.1/servers/980d25b7-38e2-4667-aae9-96e11f6ae627 0.066s
2025-01-31 14:44:39,287 21294 DEBUG    [tempest.lib.common.rest_client] Request - Headers: {'Content-Type': 'application/json', 'Accept': 'application/json', 'X-Auth-Token': '<omitted>'}
        Body: None
    Response - Headers: {'date': 'Fri, 31 Jan 2025 14:44:39 GMT', 'server': 'Apache/2.4.52 (Ubuntu)', 'content-length': '1339', 'openstack-api-version': 'compute 2.1', 'x-openstack-nova-api-version': '2.1', 'vary': 'OpenStack-API-Version,X-OpenStack-Nova-API-Version', 'x-openstack-request-id': 'req-e0ac8a73-7838-4ed8-a53f-dcc3d260b2a1', 'x-compute-request-id': 'req-e0ac8a73-7838-4ed8-a53f-dcc3d260b2a1', 'connection': 'close', 'content-type': 'application/json', 'status': '200', 'content-location': 'http://[LB_IP_ADDRESS]:8774/v2.1/servers/980d25b7-38e2-4667-aae9-96e11f6ae627'}
        Body: b'{"server": {"id": "980d25b7-38e2-4667-aae9-96e11f6ae627", "name": "tempest-VolumesNegativeTest-instance-975324355", "status": "BUILD", "tenant_id": "e9da9d1226474d58b3e2ca906f3ee4e4", "user_id": "e1b18ed7e87044398
    1800c7e99d9a72f", "metadata": {}, "hostId": "", "image": {"id": "b80cfd70-6556-4c17-aed0-61058bd55e62", "links": [{"rel": "bookmark", "href": "http://[LB_IP_ADDRESS]:8774/images/b80cfd70-6556-4c17-aed0-61058bd55e62"}]}, "flavor": {"id": "0", "links": [{"rel": "bookmark", "href": "http://[LB_IP_ADDRESS]:8774/flavors/0"}]}, "created": "2025-01-31T14:44:38Z", "updated": "2025-01-31T14:44:39Z", "addresses": {}, "accessIPv4": "", "accessIPv6": "", "links": [{"rel": "self", "href": "http://[LB_IP_ADDRESS]:8774/v2.1/servers/980d25b7-38e2-4667-aae9-96e11f6ae627"}, {"rel": "bookmark", "href": "http://[LB_IP_ADDRESS]:8774/servers/980d25b7-38e2-4667-aae9-96e11f6ae627"}], "OS-DCF:diskConfig": "MANUAL", "progress": 0, "OS-EXT-AZ:availability_zone": "nova", "config_drive": "", "key_name": null, "OS-SRV-USG:launched_at": null, "OS-SRV-USG:terminated_at": null, "OS-EXT-SRV-ATTR:host": null, "OS-EXT-SRV-ATTR:instance_name": "instance-00000031", "OS-EXT-SRV-ATTR:hypervisor_hostname": null, "OS-EXT-STS:task_state": "scheduling", "OS-EXT-STS:vm_state": "building", "OS-EXT-STS:power_state": 0, "os-extended-volumes:volumes_attached": []}}'
2025-01-31 14:44:40,373 21294 INFO     [tempest.lib.common.rest_client] Request (VolumesNegativeTest:test_attach_volumes_with_nonexistent_volume_id): 200 GET http://[LB_IP_ADDRESS]:8774/v2.1/servers/980d25b7-38e2-4667-aae9-96e11f6ae627 0.067s
2025-01-31 14:44:40,373 21294 DEBUG    [tempest.lib.common.rest_client] Request - Headers: {'Content-Type': 'application/json', 'Accept': 'application/json', 'X-Auth-Token': '<omitted>'}
        Body: None
    Response - Headers: {'date': 'Fri, 31 Jan 2025 14:44:40 GMT', 'server': 'Apache/2.4.52 (Ubuntu)', 'content-length': '1413', 'openstack-api-version': 'compute 2.1', 'x-openstack-nova-api-version': '2.1', 'vary': 'OpenStack-API-Version,X-OpenStack-Nova-API-Version', 'x-openstack-request-id': 'req-9e6a3beb-d252-4aa0-b0ed-ae5c918ae980', 'x-compute-request-id': 'req-9e6a3beb-d252-4aa0-b0ed-ae5c918ae980', 'connection': 'close', 'content-type': 'application/json', 'status': '200', 'content-location': 'http://[LB_IP_ADDRESS]:8774/v2.1/servers/980d25b7-38e2-4667-aae9-96e11f6ae627'}
        Body: b'{"server": {"id": "980d25b7-38e2-4667-aae9-96e11f6ae627", "name": "tempest-VolumesNegativeTest-instance-975324355", "status": "BUILD", "tenant_id": "e9da9d1226474d58b3e2ca906f3ee4e4", "user_id": "e1b18ed7e870443981800c7e99d9a72f", "metadata": {}, "hostId": "0dff69d366af8aeaab92af9cff4cca244b29abf6ffdf7717bf5357e4", "image": {"id": "b80cfd70-6556-4c17-aed0-61058bd55e62", "links": [{"rel": "bookmark", "href": "http://[LB_IP_ADDRESS]:8774/images/b80cfd70-6556-4c17-aed0-61058bd55e62"}]}, "flavor": {"id": "0", "links": [{"rel": "bookmark", "href": "http://[LB_IP_ADDRESS]:8774/flavors/0"}]}, "created": "2025-01-31T14:44:38Z", "updated": "2025-01-31T14:44:39Z", "addresses": {}, "accessIPv4": "", "accessIPv6": "", "links": [{"rel": "self", "href": "http://[LB_IP_ADDRESS]:8774/v2.1/servers/980d25b7-38e2-4667-aae9-96e11f6ae627"}, {"rel": "bookmark", "href": "http://[LB_IP_ADDRESS]:8774/servers/980d25b7-38e2-4667-aae9-96e11f6ae627"}], "OS-DCF:diskConfig": "MANUAL", "progress": 0, "OS-EXT-AZ:availability_zone": "nova", "config_drive": "", "key_name": null, "OS-SRV-USG:launched_at": null, "OS-SRV-USG:terminated_at": null, "OS-EXT-SRV-ATTR:host": "rack04-server60", "OS-EXT-SRV-ATTR:instance_name": "instance-00000031", "OS-EXT-SRV-ATTR:hypervisor_hostname": "rack04-server60", "OS-EXT-STS:task_state": null, "OS-EXT-STS:vm_state": "building", "OS-EXT-STS:power_state": 0, "os-extended-volumes:volumes_attached": []}}'
2025-01-31 14:44:40,390 21294 INFO     [tempest.common.waiters] State transition "BUILD/scheduling" ==> "BUILD/None" after 2 second wait
2025-01-31 14:44:41,477 21294 INFO     [tempest.lib.common.rest_client] Request (VolumesNegativeTest:test_attach_volumes_with_nonexistent_volume_id): 200 GET http://[LB_IP_ADDRESS]:8774/v2.1/servers/980d25b7-38e2-4667-aae9-96e11f6ae627 0.085s
2025-01-31 14:44:41,477 21294 DEBUG    [tempest.lib.common.rest_client] Request - Headers: {'Content-Type': 'application/json', 'A
    ccept': 'application/json', 'X-Auth-Token': '<omitted>'}
        Body: None
    Response - Headers: {'date': 'Fri, 31 Jan 2025 14:44:41 GMT', 'server': 'Apache/2.4.52 (Ubuntu)', 'content-length': '1413', 'openstack-api-version': 'compute 2.1', 'x-openstack-nova-api-version': '2.1', 'vary': 'OpenStack-API-Version,X-OpenStack-Nova-API-Version', 'x-openstack-request-id': 'req-105ac430-1592-49b4-83df-7513cafcc855', 'x-compute-request-id': 'req-105ac430-1592-49b4-83df-7513cafcc855', 'connection': 'close', 'content-type': 'application/json', 'status': '200', 'content-location': 'http://[LB_IP_ADDRESS]:8774/v2.1/servers/980d25b7-38e2-4667-aae9-96e11f6ae627'}
        Body: b'{"server": {"id": "980d25b7-38e2-4667-aae9-96e11f6ae627", "name": "tempest-VolumesNegativeTest-instance-975324355", "status": "BUILD", "tenant_id": "e9da9d1226474d58b3e2ca906f3ee4e4", "user_id": "e1b18ed7e870443981800c7e99d9a72f", "metadata": {}, "hostId": "0dff69d366af8aeaab92af9cff4cca244b29abf6ffdf7717bf5357e4", "image": {"id": "b80cfd70-6556-4c17-aed0-61058bd55e62", "links": [{"rel": "bookmark", "href": "http://[LB_IP_ADDRESS]:8774/images/b80cfd70-6556-4c17-aed0-61058bd55e62"}]}, "flavor": {"id": "0", "links": [{"rel": "bookmark", "href": "http://[LB_IP_ADDRESS]:8774/flavors/0"}]}, "created": "2025-01-31T14:44:38Z", "updated": "2025-01-31T14:44:39Z", "addresses": {}, "accessIPv4": "", "accessIPv6": "", "links": [{"rel": "self", "href": "http://[LB_IP_ADDRESS]:8774/v2.1/servers/980d25b7-38e2-4667-aae9-96e11f6ae627"}, {"rel": "bookmark", "href": "http://[LB_IP_ADDRESS]:8774/servers/980d25b7-38e2-4667-aae9-96e11f6ae627"}], "OS-DCF:diskConfig": "MANUAL", "progress": 0, "OS-EXT-AZ:availability_zone": "nova", "config_drive": "", "key_name": null, "OS-SRV-USG:launched_at": null, "OS-SRV-USG:terminated_at": null, "OS-EXT-SRV-ATTR:host": "rack04-server60", "OS-EXT-SRV-ATTR:instance_name": "instance-00000031", "OS-EXT-SRV-ATTR:hypervisor_hostname": "rack04-server60", "OS-EXT-STS:task_state": null, "OS-EXT-STS:vm_state": "building", "OS-EXT-STS:power_state": 0, "os-extended-volumes:volumes_attached": []}}'
2025-01-31 14:44:42,577 21294 INFO     [tempest.lib.common.rest_client] Request (VolumesNegativeTest:test_attach_volumes_with_nonexistent_volume_id): 200 GET http://[LB_IP_ADDRESS]:8774/v2.1/servers/980d25b7-38e2-4667-aae9-96e11f6ae627 0.082s
2025-01-31 14:44:42,578 21294 DEBUG    [tempest.lib.common.rest_client] Request - Headers: {'Content-Type': 'application/json', 'Accept': 'application/json', 'X-Auth-Token': '<omitted>'}
        Body: None
    Response - Headers: {'date': 'Fri, 31 Jan 2025 14:44:42 GMT', 'server': 'Apache/2.4.52 (Ubuntu)', 'content-length': '1421', 'openstack-api-version': 'compute 2.1', 'x-openstack-nova-api-version': '2.1', 'vary': 'OpenStack-API-Version,X-OpenStack-Nova-API-Version', 'x-openstack-request-id': 'req-80359027-8385-424a-9ee4-8dabf00e13dd', 'x-compute-request-id': 'req-80359027-8385-424a-9ee4-8dabf00e13dd', 'connection': 'close', 'content-type': 'application/json', 'status': '200', 'content-location': 'http://[LB_IP_ADDRESS]:8774/v2.1/servers/980d25b7-38e2-4667-aae9-96e11f6ae627'}
        Body: b'{"server": {"id": "980d25b7-38e2-4667-aae9-96e11f6ae627", "name": "tempest-VolumesNegativeTest-instance-975324355", "status": "BUILD", "tenant_id": "e9da9d1226474d58b3e2ca906f3ee4e4", "user_id": "e1b18ed7e870443981800c7e99d9a72f", "metadata": {}, "hostId": "0dff69d366af8aeaab92af9cff4cca244b29abf6ffdf7717bf5357e4", "image": {"id": "b80cfd70-6556-4c17-aed0-61058bd55e62", "links": [{"rel": "bookmark", "href": "http://[LB_IP_ADDRESS]:8774/images/b80cfd70-6556-4c17-aed0-61058bd55e62"}]}, "flavor": {"id": "0", "links": [{"rel": "bookmark", "href": "http://[LB_IP_ADDRESS]:8774/flavors/0"}]}, "created": "2025-01-31T14:44:38Z", "updated": "2025-01-31T14:44:41Z", "addresses": {}, "accessIPv4": "", "accessIPv6": "", "links": [{"rel": "self", "href": "http://[LB_IP_ADDRESS]:8774/v2.1/servers/980d25b7-38e2-4667-aae9-96e11f6ae627"}, {"rel": "bookmark", "href": "http://[LB_IP_ADDRESS]:8774/servers/980d25b7-38e2-4667-aae9-96e11f6ae627"}], "OS-DCF:diskConfig": "MANUAL", "
    progress": 0, "OS-EXT-AZ:availability_zone": "nova", "config_drive": "", "key_name": null, "OS-SRV-USG:launched_at": null, "OS-SRV-USG:terminated_at": null, "OS-EXT-SRV-ATTR:host": "rack04-server60", "OS-EXT-SRV-ATTR:instance_name": "instance-00000031", "OS-EXT-SRV-ATTR:hypervisor_hostname": "rack04-server60", "OS-EXT-STS:task_state": "networking", "OS-EXT-STS:vm_state": "building", "OS-EXT-STS:power_state": 0, "os-extended-volumes:volumes_attached": []}}'
2025-01-31 14:44:42,595 21294 INFO     [tempest.common.waiters] State transition "BUILD/None" ==> "BUILD/networking" after 4 second wait
2025-01-31 14:44:43,676 21294 INFO     [tempest.lib.common.rest_client] Request (VolumesNegativeTest:test_attach_volumes_with_nonexistent_volume_id): 200 GET http://[LB_IP_ADDRESS]:8774/v2.1/servers/980d25b7-38e2-4667-aae9-96e11f6ae627 0.079s
2025-01-31 14:44:43,676 21294 DEBUG    [tempest.lib.common.rest_client] Request - Headers: {'Content-Type': 'application/json', 'Accept': 'application/json', 'X-Auth-Token': '<omitted>'}
        Body: None
    Response - Headers: {'date': 'Fri, 31 Jan 2025 14:44:43 GMT', 'server': 'Apache/2.4.52 (Ubuntu)', 'content-length': '1431', 'openstack-api-version': 'compute 2.1', 'x-openstack-nova-api-version': '2.1', 'vary': 'OpenStack-API-Version,X-OpenStack-Nova-API-Version', 'x-openstack-request-id': 'req-96419330-9d87-4cdf-8b90-dc5544c54757', 'x-compute-request-id': 'req-96419330-9d87-4cdf-8b90-dc5544c54757', 'connection': 'close', 'content-type': 'application/json', 'status': '200', 'content-location': 'http://[LB_IP_ADDRESS]:8774/v2.1/servers/980d25b7-38e2-4667-aae9-96e11f6ae627'}
        Body: b'{"server": {"id": "980d25b7-38e2-4667-aae9-96e11f6ae627", "name": "tempest-VolumesNegativeTest-instance-975324355", "status": "BUILD", "tenant_id": "e9da9d1226474d58b3e2ca906f3ee4e4", "user_id": "e1b18ed7e870443981800c7e99d9a72f", "metadata": {}, "hostId": "0dff69d366af8aeaab92af9cff4cca244b29abf6ffdf7717bf5357e4", "image": {"id": "b80cfd70-6556-4c17-aed0-61058bd55e62", "links": [{"rel": "bookmark", "href": "http://[LB_IP_ADDRESS]:8774/images/b80cfd70-6556-4c17-aed0-61058bd55e62"}]}, "flavor": {"id": "0", "links": [{"rel": "bookmark", "href": "http://[LB_IP_ADDRESS]:8774/flavors/0"}]}, "created": "2025-01-31T14:44:38Z", "updated": "2025-01-31T14:44:43Z", "addresses": {}, "accessIPv4": "", "accessIPv6": "", "links": [{"rel": "self", "href": "http://[LB_IP_ADDRESS]:8774/v2.1/servers/980d25b7-38e2-4667-aae9-96e11f6ae627"}, {"rel": "bookmark", "href": "http://[LB_IP_ADDRESS]:8774/servers/980d25b7-38e2-4667-aae9-96e11f6ae627"}], "OS-DCF:diskConfig": "MANUAL", "progress": 0, "OS-EXT-AZ:availability_zone": "nova", "config_drive": "", "key_name": null, "OS-SRV-USG:launched_at": null, "OS-SRV-USG:terminated_at": null, "OS-EXT-SRV-ATTR:host": "rack04-server60", "OS-EXT-SRV-ATTR:instance_name": "instance-00000031", "OS-EXT-SRV-ATTR:hypervisor_hostname": "rack04-server60", "OS-EXT-STS:task_state": "block_device_mapping", "OS-EXT-STS:vm_state": "building", "OS-EXT-STS:power_state": 0, "os-extended-volumes:volumes_attached": []}}'
2025-01-31 14:44:43,693 21294 INFO     [tempest.common.waiters] State transition "BUILD/networking" ==> "BUILD/block_device_mapping" after 5 second wait
2025-01-31 14:44:44,773 21294 INFO     [tempest.lib.common.rest_client] Request (VolumesNegativeTest:test_attach_volumes_with_nonexistent_volume_id): 200 GET http://[LB_IP_ADDRESS]:8774/v2.1/servers/980d25b7-38e2-4667-aae9-96e11f6ae627 0.078s
2025-01-31 14:44:44,773 21294 DEBUG    [tempest.lib.common.rest_client] Request - Headers: {'Content-Type': 'application/json', 'Accept': 'application/json', 'X-Auth-Token': '<omitted>'}
        Body: None
    Response - Headers: {'date': 'Fri, 31 Jan 2025 14:44:44 GMT', 'server': 'Apache/2.4.52 (Ubuntu)', 'content-length': '1419', 'openstack-api-version': 'compute 2.1', 'x-openstack-nova-api-version': '2.1', 'vary': 'OpenStack-API-Version,X-OpenStack-Nova-API-Version', 'x-openstack-request-id': 'req-0abcd4d7-9414-4688-b13d-3976d3ed916a', 'x-compute-request-id': 'req-0abcd4d7-9414-4688-b13d-3976d3ed916a', 'connection':
     'close', 'content-type': 'application/json', 'status': '200', 'content-location': 'http://[LB_IP_ADDRESS]:8774/v2.1/servers/980d25b7-38e2-4667-aae9-96e11f6ae627'}
        Body: b'{"server": {"id": "980d25b7-38e2-4667-aae9-96e11f6ae627", "name": "tempest-VolumesNegativeTest-instance-975324355", "status": "BUILD", "tenant_id": "e9da9d1226474d58b3e2ca906f3ee4e4", "user_id": "e1b18ed7e870443981800c7e99d9a72f", "metadata": {}, "hostId": "0dff69d366af8aeaab92af9cff4cca244b29abf6ffdf7717bf5357e4", "image": {"id": "b80cfd70-6556-4c17-aed0-61058bd55e62", "links": [{"rel": "bookmark", "href": "http://[LB_IP_ADDRESS]:8774/images/b80cfd70-6556-4c17-aed0-61058bd55e62"}]}, "flavor": {"id": "0", "links": [{"rel": "bookmark", "href": "http://[LB_IP_ADDRESS]:8774/flavors/0"}]}, "created": "2025-01-31T14:44:38Z", "updated": "2025-01-31T14:44:44Z", "addresses": {}, "accessIPv4": "", "accessIPv6": "", "links": [{"rel": "self", "href": "http://[LB_IP_ADDRESS]:8774/v2.1/servers/980d25b7-38e2-4667-aae9-96e11f6ae627"}, {"rel": "bookmark", "href": "http://[LB_IP_ADDRESS]:8774/servers/980d25b7-38e2-4667-aae9-96e11f6ae627"}], "OS-DCF:diskConfig": "MANUAL", "progress": 0, "OS-EXT-AZ:availability_zone": "nova", "config_drive": "", "key_name": null, "OS-SRV-USG:launched_at": null, "OS-SRV-USG:terminated_at": null, "OS-EXT-SRV-ATTR:host": "rack04-server60", "OS-EXT-SRV-ATTR:instance_name": "instance-00000031", "OS-EXT-SRV-ATTR:hypervisor_hostname": "rack04-server60", "OS-EXT-STS:task_state": "spawning", "OS-EXT-STS:vm_state": "building", "OS-EXT-STS:power_state": 0, "os-extended-volumes:volumes_attached": []}}'
2025-01-31 14:44:44,790 21294 INFO     [tempest.common.waiters] State transition "BUILD/block_device_mapping" ==> "BUILD/spawning" after 6 second wait
2025-01-31 14:44:45,870 21294 INFO     [tempest.lib.common.rest_client] Request (VolumesNegativeTest:test_attach_volumes_with_nonexistent_volume_id): 200 GET http://[LB_IP_ADDRESS]:8774/v2.1/servers/980d25b7-38e2-4667-aae9-96e11f6ae627 0.078s
2025-01-31 14:44:45,870 21294 DEBUG    [tempest.lib.common.rest_client] Request - Headers: {'Content-Type': 'application/json', 'Accept': 'application/json', 'X-Auth-Token': '<omitted>'}
        Body: None
    Response - Headers: {'date': 'Fri, 31 Jan 2025 14:44:45 GMT', 'server': 'Apache/2.4.52 (Ubuntu)', 'content-length': '1419', 'openstack-api-version': 'compute 2.1', 'x-openstack-nova-api-version': '2.1', 'vary': 'OpenStack-API-Version,X-OpenStack-Nova-API-Version', 'x-openstack-request-id': 'req-2400fe62-6987-4819-a487-f96e1ea8d55a', 'x-compute-request-id': 'req-2400fe62-6987-4819-a487-f96e1ea8d55a', 'connection': 'close', 'content-type': 'application/json', 'status': '200', 'content-location': 'http://[LB_IP_ADDRESS]:8774/v2.1/servers/980d25b7-38e2-4667-aae9-96e11f6ae627'}
        Body: b'{"server": {"id": "980d25b7-38e2-4667-aae9-96e11f6ae627", "name": "tempest-VolumesNegativeTest-instance-975324355", "status": "BUILD", "tenant_id": "e9da9d1226474d58b3e2ca906f3ee4e4", "user_id": "e1b18ed7e870443981800c7e99d9a72f", "metadata": {}, "hostId": "0dff69d366af8aeaab92af9cff4cca244b29abf6ffdf7717bf5357e4", "image": {"id": "b80cfd70-6556-4c17-aed0-61058bd55e62", "links": [{"rel": "bookmark", "href": "http://[LB_IP_ADDRESS]:8774/images/b80cfd70-6556-4c17-aed0-61058bd55e62"}]}, "flavor": {"id": "0", "links": [{"rel": "bookmark", "href": "http://[LB_IP_ADDRESS]:8774/flavors/0"}]}, "created": "2025-01-31T14:44:38Z", "updated": "2025-01-31T14:44:44Z", "addresses": {}, "accessIPv4": "", "accessIPv6": "", "links": [{"rel": "self", "href": "http://[LB_IP_ADDRESS]:8774/v2.1/servers/980d25b7-38e2-4667-aae9-96e11f6ae627"}, {"rel": "bookmark", "href": "http://[LB_IP_ADDRESS]:8774/servers/980d25b7-38e2-4667-aae9-96e11f6ae627"}], "OS-DCF:diskConfig": "MANUAL", "progress": 0, "OS-EXT-AZ:availability_zone": "nova", "config_drive": "", "key_name": null, "OS-SRV-USG:launched_at": null, "OS-SRV-USG:terminated_at": null, "OS-EXT-SRV-ATTR:host": "rack04-server60", "OS-EXT-SRV-ATTR:instance_name": "instance-00000031", "OS-EXT-SRV-ATTR:hypervisor_hostname": "rack04-server60", "OS-EXT-STS:task_state": "s
    pawning", "OS-EXT-STS:vm_state": "building", "OS-EXT-STS:power_state": 0, "os-extended-volumes:volumes_attached": []}}'
2025-01-31 14:44:46,969 21294 INFO     [tempest.lib.common.rest_client] Request (VolumesNegativeTest:test_attach_volumes_with_nonexistent_volume_id): 200 GET http://[LB_IP_ADDRESS]:8774/v2.1/servers/980d25b7-38e2-4667-aae9-96e11f6ae627 0.080s
2025-01-31 14:44:46,969 21294 DEBUG    [tempest.lib.common.rest_client] Request - Headers: {'Content-Type': 'application/json', 'Accept': 'application/json', 'X-Auth-Token': '<omitted>'}
        Body: None
    Response - Headers: {'date': 'Fri, 31 Jan 2025 14:44:46 GMT', 'server': 'Apache/2.4.52 (Ubuntu)', 'content-length': '1419', 'openstack-api-version': 'compute 2.1', 'x-openstack-nova-api-version': '2.1', 'vary': 'OpenStack-API-Version,X-OpenStack-Nova-API-Version', 'x-openstack-request-id': 'req-1b665db1-b359-445a-a9e9-499819a0b994', 'x-compute-request-id': 'req-1b665db1-b359-445a-a9e9-499819a0b994', 'connection': 'close', 'content-type': 'application/json', 'status': '200', 'content-location': 'http://[LB_IP_ADDRESS]:8774/v2.1/servers/980d25b7-38e2-4667-aae9-96e11f6ae627'}
        Body: b'{"server": {"id": "980d25b7-38e2-4667-aae9-96e11f6ae627", "name": "tempest-VolumesNegativeTest-instance-975324355", "status": "BUILD", "tenant_id": "e9da9d1226474d58b3e2ca906f3ee4e4", "user_id": "e1b18ed7e870443981800c7e99d9a72f", "metadata": {}, "hostId": "0dff69d366af8aeaab92af9cff4cca244b29abf6ffdf7717bf5357e4", "image": {"id": "b80cfd70-6556-4c17-aed0-61058bd55e62", "links": [{"rel": "bookmark", "href": "http://[LB_IP_ADDRESS]:8774/images/b80cfd70-6556-4c17-aed0-61058bd55e62"}]}, "flavor": {"id": "0", "links": [{"rel": "bookmark", "href": "http://[LB_IP_ADDRESS]:8774/flavors/0"}]}, "created": "2025-01-31T14:44:38Z", "updated": "2025-01-31T14:44:46Z", "addresses": {}, "accessIPv4": "", "accessIPv6": "", "links": [{"rel": "self", "href": "http://[LB_IP_ADDRESS]:8774/v2.1/servers/980d25b7-38e2-4667-aae9-96e11f6ae627"}, {"rel": "bookmark", "href": "http://[LB_IP_ADDRESS]:8774/servers/980d25b7-38e2-4667-aae9-96e11f6ae627"}], "OS-DCF:diskConfig": "MANUAL", "progress": 0, "OS-EXT-AZ:availability_zone": "nova", "config_drive": "", "key_name": null, "OS-SRV-USG:launched_at": null, "OS-SRV-USG:terminated_at": null, "OS-EXT-SRV-ATTR:host": "rack04-server60", "OS-EXT-SRV-ATTR:instance_name": "instance-00000031", "OS-EXT-SRV-ATTR:hypervisor_hostname": "rack04-server60", "OS-EXT-STS:task_state": "spawning", "OS-EXT-STS:vm_state": "building", "OS-EXT-STS:power_state": 0, "os-extended-volumes:volumes_attached": []}}'
2025-01-31 14:44:48,066 21294 INFO     [tempest.lib.common.rest_client] Request (VolumesNegativeTest:test_attach_volumes_with_nonexistent_volume_id): 200 GET http://[LB_IP_ADDRESS]:8774/v2.1/servers/980d25b7-38e2-4667-aae9-96e11f6ae627 0.078s
2025-01-31 14:44:48,066 21294 DEBUG    [tempest.lib.common.rest_client] Request - Headers: {'Content-Type': 'application/json', 'Accept': 'application/json', 'X-Auth-Token': '<omitted>'}
        Body: None
    Response - Headers: {'date': 'Fri, 31 Jan 2025 14:44:47 GMT', 'server': 'Apache/2.4.52 (Ubuntu)', 'content-length': '1419', 'openstack-api-version': 'compute 2.1', 'x-openstack-nova-api-version': '2.1', 'vary': 'OpenStack-API-Version,X-OpenStack-Nova-API-Version', 'x-openstack-request-id': 'req-0c80c948-ea23-4d7f-8dc5-ff5308c72961', 'x-compute-request-id': 'req-0c80c948-ea23-4d7f-8dc5-ff5308c72961', 'connection': 'close', 'content-type': 'application/json', 'status': '200', 'content-location': 'http://[LB_IP_ADDRESS]:8774/v2.1/servers/980d25b7-38e2-4667-aae9-96e11f6ae627'}
        Body: b'{"server": {"id": "980d25b7-38e2-4667-aae9-96e11f6ae627", "name": "tempest-VolumesNegativeTest-instance-975324355", "status": "BUILD", "tenant_id": "e9da9d1226474d58b3e2ca906f3ee4e4", "user_id": "e1b18ed7e870443981800c7e99d9a72f", "metadata": {}, "hostId": "0dff69d366af8aeaab92af9cff4cca244b29abf6ffdf7717bf5357e4", "image": {"id": "b80cfd70-6556-4c17-aed0-61058bd55e62", "links": [{"rel": "bookmark", "href": "http://[LB_IP_ADDRESS]:8774/images/b80cfd70-6556-4c17-a
    ed0-61058bd55e62"}]}, "flavor": {"id": "0", "links": [{"rel": "bookmark", "href": "http://[LB_IP_ADDRESS]:8774/flavors/0"}]}, "created": "2025-01-31T14:44:38Z", "updated": "2025-01-31T14:44:46Z", "addresses": {}, "accessIPv4": "", "accessIPv6": "", "links": [{"rel": "self", "href": "http://[LB_IP_ADDRESS]:8774/v2.1/servers/980d25b7-38e2-4667-aae9-96e11f6ae627"}, {"rel": "bookmark", "href": "http://[LB_IP_ADDRESS]:8774/servers/980d25b7-38e2-4667-aae9-96e11f6ae627"}], "OS-DCF:diskConfig": "MANUAL", "progress": 0, "OS-EXT-AZ:availability_zone": "nova", "config_drive": "", "key_name": null, "OS-SRV-USG:launched_at": null, "OS-SRV-USG:terminated_at": null, "OS-EXT-SRV-ATTR:host": "rack04-server60", "OS-EXT-SRV-ATTR:instance_name": "instance-00000031", "OS-EXT-SRV-ATTR:hypervisor_hostname": "rack04-server60", "OS-EXT-STS:task_state": "spawning", "OS-EXT-STS:vm_state": "building", "OS-EXT-STS:power_state": 0, "os-extended-volumes:volumes_attached": []}}'
2025-01-31 14:44:49,183 21294 INFO     [tempest.lib.common.rest_client] Request (VolumesNegativeTest:test_attach_volumes_with_nonexistent_volume_id): 200 GET http://[LB_IP_ADDRESS]:8774/v2.1/servers/980d25b7-38e2-4667-aae9-96e11f6ae627 0.098s
2025-01-31 14:44:49,184 21294 DEBUG    [tempest.lib.common.rest_client] Request - Headers: {'Content-Type': 'application/json', 'Accept': 'application/json', 'X-Auth-Token': '<omitted>'}
        Body: None
    Response - Headers: {'date': 'Fri, 31 Jan 2025 14:44:49 GMT', 'server': 'Apache/2.4.52 (Ubuntu)', 'content-length': '1337', 'openstack-api-version': 'compute 2.1', 'x-openstack-nova-api-version': '2.1', 'vary': 'OpenStack-API-Version,X-OpenStack-Nova-API-Version', 'x-openstack-request-id': 'req-a35d6b9a-f1d0-45dd-841f-02dac411e590', 'x-compute-request-id': 'req-a35d6b9a-f1d0-45dd-841f-02dac411e590', 'connection': 'close', 'content-type': 'application/json', 'status': '200', 'content-location': 'http://[LB_IP_ADDRESS]:8774/v2.1/servers/980d25b7-38e2-4667-aae9-96e11f6ae627'}
        Body: b'{"server": {"id": "980d25b7-38e2-4667-aae9-96e11f6ae627", "name": "tempest-VolumesNegativeTest-instance-975324355", "status": "BUILD", "tenant_id": "e9da9d1226474d58b3e2ca906f3ee4e4", "user_id": "e1b18ed7e870443981800c7e99d9a72f", "metadata": {}, "hostId": "", "image": {"id": "b80cfd70-6556-4c17-aed0-61058bd55e62", "links": [{"rel": "bookmark", "href": "http://[LB_IP_ADDRESS]:8774/images/b80cfd70-6556-4c17-aed0-61058bd55e62"}]}, "flavor": {"id": "0", "links": [{"rel": "bookmark", "href": "http://[LB_IP_ADDRESS]:8774/flavors/0"}]}, "created": "2025-01-31T14:44:38Z", "updated": "2025-01-31T14:44:48Z", "addresses": {}, "accessIPv4": "", "accessIPv6": "", "links": [{"rel": "self", "href": "http://[LB_IP_ADDRESS]:8774/v2.1/servers/980d25b7-38e2-4667-aae9-96e11f6ae627"}, {"rel": "bookmark", "href": "http://[LB_IP_ADDRESS]:8774/servers/980d25b7-38e2-4667-aae9-96e11f6ae627"}], "OS-DCF:diskConfig": "MANUAL", "progress": 0, "OS-EXT-AZ:availability_zone": "nova", "config_drive": "", "key_name": null, "OS-SRV-USG:launched_at": null, "OS-SRV-USG:terminated_at": null, "OS-EXT-SRV-ATTR:host": null, "OS-EXT-SRV-ATTR:instance_name": "instance-00000031", "OS-EXT-SRV-ATTR:hypervisor_hostname": null, "OS-EXT-STS:task_state": "spawning", "OS-EXT-STS:vm_state": "building", "OS-EXT-STS:power_state": 0, "os-extended-volumes:volumes_attached": []}}'
2025-01-31 14:44:50,275 21294 INFO     [tempest.lib.common.rest_client] Request (VolumesNegativeTest:test_attach_volumes_with_nonexistent_volume_id): 200 GET http://[LB_IP_ADDRESS]:8774/v2.1/servers/980d25b7-38e2-4667-aae9-96e11f6ae627 0.073s
2025-01-31 14:44:50,276 21294 DEBUG    [tempest.lib.common.rest_client] Request - Headers: {'Content-Type': 'application/json', 'Accept': 'application/json', 'X-Auth-Token': '<omitted>'}
        Body: None
    Response - Headers: {'date': 'Fri, 31 Jan 2025 14:44:50 GMT', 'server': 'Apache/2.4.52 (Ubuntu)', 'content-length': '1337', 'openstack-api-version': 'compute 2.1', 'x-openstack-nova-api-version': '2.1', 'vary': 'OpenStack-API-Version,X-OpenStack-Nova-API-Version', 'x-openstack-request-id': 'req-824de541-
    6772-4dfc-80f1-1545d8075c08', 'x-compute-request-id': 'req-824de541-6772-4dfc-80f1-1545d8075c08', 'connection': 'close', 'content-type': 'application/json', 'status': '200', 'content-location': 'http://[LB_IP_ADDRESS]:8774/v2.1/servers/980d25b7-38e2-4667-aae9-96e11f6ae627'}
        Body: b'{"server": {"id": "980d25b7-38e2-4667-aae9-96e11f6ae627", "name": "tempest-VolumesNegativeTest-instance-975324355", "status": "BUILD", "tenant_id": "e9da9d1226474d58b3e2ca906f3ee4e4", "user_id": "e1b18ed7e870443981800c7e99d9a72f", "metadata": {}, "hostId": "", "image": {"id": "b80cfd70-6556-4c17-aed0-61058bd55e62", "links": [{"rel": "bookmark", "href": "http://[LB_IP_ADDRESS]:8774/images/b80cfd70-6556-4c17-aed0-61058bd55e62"}]}, "flavor": {"id": "0", "links": [{"rel": "bookmark", "href": "http://[LB_IP_ADDRESS]:8774/flavors/0"}]}, "created": "2025-01-31T14:44:38Z", "updated": "2025-01-31T14:44:48Z", "addresses": {}, "accessIPv4": "", "accessIPv6": "", "links": [{"rel": "self", "href": "http://[LB_IP_ADDRESS]:8774/v2.1/servers/980d25b7-38e2-4667-aae9-96e11f6ae627"}, {"rel": "bookmark", "href": "http://[LB_IP_ADDRESS]:8774/servers/980d25b7-38e2-4667-aae9-96e11f6ae627"}], "OS-DCF:diskConfig": "MANUAL", "progress": 0, "OS-EXT-AZ:availability_zone": "nova", "config_drive": "", "key_name": null, "OS-SRV-USG:launched_at": null, "OS-SRV-USG:terminated_at": null, "OS-EXT-SRV-ATTR:host": null, "OS-EXT-SRV-ATTR:instance_name": "instance-00000031", "OS-EXT-SRV-ATTR:hypervisor_hostname": null, "OS-EXT-STS:task_state": "spawning", "OS-EXT-STS:vm_state": "building", "OS-EXT-STS:power_state": 0, "os-extended-volumes:volumes_attached": []}}'
2025-01-31 14:44:51,386 21294 INFO     [tempest.lib.common.rest_client] Request (VolumesNegativeTest:test_attach_volumes_with_nonexistent_volume_id): 200 GET http://[LB_IP_ADDRESS]:8774/v2.1/servers/980d25b7-38e2-4667-aae9-96e11f6ae627 0.091s
2025-01-31 14:44:51,386 21294 DEBUG    [tempest.lib.common.rest_client] Request - Headers: {'Content-Type': 'application/json', 'Accept': 'application/json', 'X-Auth-Token': '<omitted>'}
        Body: None
    Response - Headers: {'date': 'Fri, 31 Jan 2025 14:44:51 GMT', 'server': 'Apache/2.4.52 (Ubuntu)', 'content-length': '1337', 'openstack-api-version': 'compute 2.1', 'x-openstack-nova-api-version': '2.1', 'vary': 'OpenStack-API-Version,X-OpenStack-Nova-API-Version', 'x-openstack-request-id': 'req-83d8f3ba-1693-471a-9aad-9aac705bc1c7', 'x-compute-request-id': 'req-83d8f3ba-1693-471a-9aad-9aac705bc1c7', 'connection': 'close', 'content-type': 'application/json', 'status': '200', 'content-location': 'http://[LB_IP_ADDRESS]:8774/v2.1/servers/980d25b7-38e2-4667-aae9-96e11f6ae627'}
        Body: b'{"server": {"id": "980d25b7-38e2-4667-aae9-96e11f6ae627", "name": "tempest-VolumesNegativeTest-instance-975324355", "status": "BUILD", "tenant_id": "e9da9d1226474d58b3e2ca906f3ee4e4", "user_id": "e1b18ed7e870443981800c7e99d9a72f", "metadata": {}, "hostId": "", "image": {"id": "b80cfd70-6556-4c17-aed0-61058bd55e62", "links": [{"rel": "bookmark", "href": "http://[LB_IP_ADDRESS]:8774/images/b80cfd70-6556-4c17-aed0-61058bd55e62"}]}, "flavor": {"id": "0", "links": [{"rel": "bookmark", "href": "http://[LB_IP_ADDRESS]:8774/flavors/0"}]}, "created": "2025-01-31T14:44:38Z", "updated": "2025-01-31T14:44:48Z", "addresses": {}, "accessIPv4": "", "accessIPv6": "", "links": [{"rel": "self", "href": "http://[LB_IP_ADDRESS]:8774/v2.1/servers/980d25b7-38e2-4667-aae9-96e11f6ae627"}, {"rel": "bookmark", "href": "http://[LB_IP_ADDRESS]:8774/servers/980d25b7-38e2-4667-aae9-96e11f6ae627"}], "OS-DCF:diskConfig": "MANUAL", "progress": 0, "OS-EXT-AZ:availability_zone": "nova", "config_drive": "", "key_name": null, "OS-SRV-USG:launched_at": null, "OS-SRV-USG:terminated_at": null, "OS-EXT-SRV-ATTR:host": null, "OS-EXT-SRV-ATTR:instance_name": "instance-00000031", "OS-EXT-SRV-ATTR:hypervisor_hostname": null, "OS-EXT-STS:task_state": "spawning", "OS-EXT-STS:vm_state": "building", "OS-EXT-STS:power_state": 0, "os-extended-volumes:volumes_attached": []}}'
2025-01-31 14:44:52,481 21294 INFO     [tempest.lib.common.rest_client] Request (Vol
    umesNegativeTest:test_attach_volumes_with_nonexistent_volume_id): 200 GET http://[LB_IP_ADDRESS]:8774/v2.1/servers/980d25b7-38e2-4667-aae9-96e11f6ae627 0.077s
2025-01-31 14:44:52,482 21294 DEBUG    [tempest.lib.common.rest_client] Request - Headers: {'Content-Type': 'application/json', 'Accept': 'application/json', 'X-Auth-Token': '<omitted>'}
        Body: None
    Response - Headers: {'date': 'Fri, 31 Jan 2025 14:44:52 GMT', 'server': 'Apache/2.4.52 (Ubuntu)', 'content-length': '1337', 'openstack-api-version': 'compute 2.1', 'x-openstack-nova-api-version': '2.1', 'vary': 'OpenStack-API-Version,X-OpenStack-Nova-API-Version', 'x-openstack-request-id': 'req-076a131c-55da-45bf-8d97-11825644a407', 'x-compute-request-id': 'req-076a131c-55da-45bf-8d97-11825644a407', 'connection': 'close', 'content-type': 'application/json', 'status': '200', 'content-location': 'http://[LB_IP_ADDRESS]:8774/v2.1/servers/980d25b7-38e2-4667-aae9-96e11f6ae627'}
        Body: b'{"server": {"id": "980d25b7-38e2-4667-aae9-96e11f6ae627", "name": "tempest-VolumesNegativeTest-instance-975324355", "status": "BUILD", "tenant_id": "e9da9d1226474d58b3e2ca906f3ee4e4", "user_id": "e1b18ed7e870443981800c7e99d9a72f", "metadata": {}, "hostId": "", "image": {"id": "b80cfd70-6556-4c17-aed0-61058bd55e62", "links": [{"rel": "bookmark", "href": "http://[LB_IP_ADDRESS]:8774/images/b80cfd70-6556-4c17-aed0-61058bd55e62"}]}, "flavor": {"id": "0", "links": [{"rel": "bookmark", "href": "http://[LB_IP_ADDRESS]:8774/flavors/0"}]}, "created": "2025-01-31T14:44:38Z", "updated": "2025-01-31T14:44:52Z", "addresses": {}, "accessIPv4": "", "accessIPv6": "", "links": [{"rel": "self", "href": "http://[LB_IP_ADDRESS]:8774/v2.1/servers/980d25b7-38e2-4667-aae9-96e11f6ae627"}, {"rel": "bookmark", "href": "http://[LB_IP_ADDRESS]:8774/servers/980d25b7-38e2-4667-aae9-96e11f6ae627"}], "OS-DCF:diskConfig": "MANUAL", "progress": 0, "OS-EXT-AZ:availability_zone": "nova", "config_drive": "", "key_name": null, "OS-SRV-USG:launched_at": null, "OS-SRV-USG:terminated_at": null, "OS-EXT-SRV-ATTR:host": null, "OS-EXT-SRV-ATTR:instance_name": "instance-00000031", "OS-EXT-SRV-ATTR:hypervisor_hostname": null, "OS-EXT-STS:task_state": "spawning", "OS-EXT-STS:vm_state": "building", "OS-EXT-STS:power_state": 0, "os-extended-volumes:volumes_attached": []}}'
2025-01-31 14:44:53,601 21294 INFO     [tempest.lib.common.rest_client] Request (VolumesNegativeTest:test_attach_volumes_with_nonexistent_volume_id): 200 GET http://[LB_IP_ADDRESS]:8774/v2.1/servers/980d25b7-38e2-4667-aae9-96e11f6ae627 0.101s
2025-01-31 14:44:53,601 21294 DEBUG    [tempest.lib.common.rest_client] Request - Headers: {'Content-Type': 'application/json', 'Accept': 'application/json', 'X-Auth-Token': '<omitted>'}
        Body: None
    Response - Headers: {'date': 'Fri, 31 Jan 2025 14:44:53 GMT', 'server': 'Apache/2.4.52 (Ubuntu)', 'content-length': '4913', 'openstack-api-version': 'compute 2.1', 'x-openstack-nova-api-version': '2.1', 'vary': 'OpenStack-API-Version,X-OpenStack-Nova-API-Version', 'x-openstack-request-id': 'req-7aa53afd-c22a-4757-a2c1-d384cc1d14cd', 'x-compute-request-id': 'req-7aa53afd-c22a-4757-a2c1-d384cc1d14cd', 'connection': 'close', 'content-type': 'application/json', 'status': '200', 'content-location': 'http://[LB_IP_ADDRESS]:8774/v2.1/servers/980d25b7-38e2-4667-aae9-96e11f6ae627'}
        Body: b'{"server": {"id": "980d25b7-38e2-4667-aae9-96e11f6ae627", "name": "tempest-VolumesNegativeTest-instance-975324355", "status": "ERROR", "tenant_id": "e9da9d1226474d58b3e2ca906f3ee4e4", "user_id": "e1b18ed7e870443981800c7e99d9a72f", "metadata": {}, "hostId": "", "image": {"id": "b80cfd70-6556-4c17-aed0-61058bd55e62", "links": [{"rel": "bookmark", "href": "http://[LB_IP_ADDRESS]:8774/images/b80cfd70-6556-4c17-aed0-61058bd55e62"}]}, "flavor": {"id": "0", "links": [{"rel": "bookmark", "href": "http://[LB_IP_ADDRESS]:8774/flavors/0"}]}, "created": "2025-01-31T14:44:38Z", "updated": "2025-01-31T14:44:53Z", "addresses": {}, "accessIPv4": "", "accessIPv6": "", "links": [{"rel": "self", "href": "http://[LB_IP_ADDRESS]:8774/v2.1/servers/980d25b7-38e2-4667-aa
    e9-96e11f6ae627"}, {"rel": "bookmark", "href": "http://[LB_IP_ADDRESS]:8774/servers/980d25b7-38e2-4667-aae9-96e11f6ae627"}], "OS-DCF:diskConfig": "MANUAL", "fault": {"code": 500, "created": "2025-01-31T14:44:52Z", "message": "Build of instance 980d25b7-38e2-4667-aae9-96e11f6ae627 aborted: Image b80cfd70-6556-4c17-aed0-61058bd55e62 is unacceptable: Image not in a supported format", "details": "Traceback (most recent call last):\\n  File \\"/var/lib/kolla/venv/lib/python3.10/site-packages/nova/virt/images.py\\", line 185, in do_image_deep_inspection\\n    inspector = get_image_format(path)\\n  File \\"/var/lib/kolla/venv/lib/python3.10/site-packages/nova/virt/images.py\\", line 151, in get_image_format\\n    if wrapper.formats:\\nAttributeError: \'InspectWrapper\' object has no attribute \'formats\'\\n\\nDuring handling of the above exception, another exception occurred:\\n\\nTraceback (most recent call last):\\n  File \\"/var/lib/kolla/venv/lib/python3.10/site-packages/nova/compute/manager.py\\", line 2648, in _build_and_run_instance\\n    self.driver.spawn(context, instance, image_meta,\\n  File \\"/var/lib/kolla/venv/lib/python3.10/site-packages/nova/virt/libvirt/driver.py\\", line 4791, in spawn\\n    created_instance_dir, created_disks = self._create_image(\\n  File \\"/var/lib/kolla/venv/lib/python3.10/site-packages/nova/virt/libvirt/driver.py\\", line 5202, in _create_image\\n    created_disks = self._create_and_inject_local_root(\\n  File \\"/var/lib/kolla/venv/lib/python3.10/site-packages/nova/virt/libvirt/driver.py\\", line 5331, in _create_and_inject_local_root\\n    self._try_fetch_image_cache(backend, fetch_func, context,\\n  File \\"/var/lib/kolla/venv/lib/python3.10/site-packages/nova/virt/libvirt/driver.py\\", line 11597, in _try_fetch_image_cache\\n    image.cache(fetch_func=fetch_func,\\n  File \\"/var/lib/kolla/venv/lib/python3.10/site-packages/nova/virt/libvirt/imagebackend.py\\", line 304, in cache\\n    self.create_image(\\n  File \\"/var/lib/kolla/venv/lib/python3.10/site-packages/nova/virt/libvirt/imagebackend.py\\", line 682, in create_image\\n    prepare_template(target=base, *args, **kwargs)\\n  File \\"/var/lib/kolla/venv/lib/python3.10/site-packages/oslo_concurrency/lockutils.py\\", line 412, in inner\\n    return f(*args, **kwargs)\\n  File \\"/var/lib/kolla/venv/lib/python3.10/site-packages/nova/virt/libvirt/imagebackend.py\\", line 301, in fetch_func_sync\\n    fetch_func(target=target, *args, **kwargs)\\n  File \\"/var/lib/kolla/venv/lib/python3.10/site-packages/nova/virt/libvirt/utils.py\\", line 495, in fetch_image\\n    images.fetch_to_raw(context, image_id, target, trusted_certs)\\n  File \\"/var/lib/kolla/venv/lib/python3.10/site-packages/nova/virt/images.py\\", line 235, in fetch_to_raw\\n    force_format = do_image_deep_inspection(img, image_href, path_tmp)\\n  File \\"/var/lib/kolla/venv/lib/python3.10/site-packages/nova/virt/images.py\\", line 216, in do_image_deep_inspection\\n    raise exception.ImageUnacceptable(\\nnova.exception.ImageUnacceptable: Image b80cfd70-6556-4c17-aed0-61058bd55e62 is unacceptable: Image not in a supported format\\n\\nDuring handling of the above exception, another exception occurred:\\n\\nTraceback (most recent call last):\\n  File \\"/var/lib/kolla/venv/lib/python3.10/site-packages/nova/compute/manager.py\\", line 
2025-01-31 14:44:53,618 21294 INFO     [tempest.common.waiters] State transition "BUILD/spawning" ==> "ERROR/None" after 15 second wait
2025-01-31 14:44:53,975 21294 INFO     [tempest.lib.common.rest_client] Request (VolumesNegativeTest:test_attach_volumes_with_nonexistent_volume_id): 204 DELETE http://[LB_IP_ADDRESS]:8774/v2.1/servers/980d25b7-38e2-4667-aae9-96e11f6ae627 0.356s
2025-01-31 14:44:53,976 21294 DEBUG    [tempest.lib.common.rest_client] Request - Headers: {'Content-Type': 'application/json', 'Accept': 'application/json', 'X-Auth-Token': '<omitted>'}
        Body: None
    Response - Headers: {'date': 'Fri, 31 Jan 2025 14:44:53 GMT', 'server': 'Apache/2.4.52 (Ubuntu)', 'openstack-api-version': 'compute 2.1', 'x-openstack-nova-api-ve
    rsion': '2.1', 'vary': 'OpenStack-API-Version,X-OpenStack-Nova-API-Version', 'x-openstack-request-id': 'req-685d968e-03d0-4dc7-a3a7-aa50fbbf10b4', 'x-compute-request-id': 'req-685d968e-03d0-4dc7-a3a7-aa50fbbf10b4', 'connection': 'close', 'status': '204', 'content-location': 'http://[LB_IP_ADDRESS]:8774/v2.1/servers/980d25b7-38e2-4667-aae9-96e11f6ae627'}
        Body: b''
2025-01-31 14:44:54,007 21294 INFO     [tempest.lib.common.rest_client] Request (VolumesNegativeTest:test_attach_volumes_with_nonexistent_volume_id): 404 GET http://[LB_IP_ADDRESS]:8774/v2.1/servers/980d25b7-38e2-4667-aae9-96e11f6ae627 0.031s
2025-01-31 14:44:54,008 21294 DEBUG    [tempest.lib.common.rest_client] Request - Headers: {'Content-Type': 'application/json', 'Accept': 'application/json', 'X-Auth-Token': '<omitted>'}
        Body: None
    Response - Headers: {'date': 'Fri, 31 Jan 2025 14:44:53 GMT', 'server': 'Apache/2.4.52 (Ubuntu)', 'content-length': '111', 'openstack-api-version': 'compute 2.1', 'x-openstack-nova-api-version': '2.1', 'vary': 'OpenStack-API-Version,X-OpenStack-Nova-API-Version', 'x-openstack-request-id': 'req-bdca3f73-e9f7-444b-a3f1-29e102f75ba5', 'x-compute-request-id': 'req-bdca3f73-e9f7-444b-a3f1-29e102f75ba5', 'connection': 'close', 'content-type': 'application/json; charset=UTF-8', 'status': '404', 'content-location': 'http://[LB_IP_ADDRESS]:8774/v2.1/servers/980d25b7-38e2-4667-aae9-96e11f6ae627'}
        Body: b'{"itemNotFound": {"code": 404, "message": "Instance 980d25b7-38e2-4667-aae9-96e11f6ae627 could not be found."}}'

{1} tempest.api.volume.test_volumes_negative.VolumesNegativeTest.test_create_volume_from_deactivated_image [0.440621s] ... ok
{0} setUpClass (tempest.api.volume.test_volumes_extend.VolumesExtendAttachedTest) ... SKIPPED: VolumesExtendAttachedTest skipped as Neutron is not available
{0} setUpClass (tempest.api.volume.test_volumes_snapshots.VolumesSnapshotTestJSON) ... SKIPPED: VolumesSnapshotTestJSON skipped as Neutron is not available
{1} tempest.api.volume.test_volumes_negative.VolumesNegativeTest.test_create_volume_from_image_with_decreasing_size [0.267148s] ... ok
{1} tempest.api.volume.test_volumes_negative.VolumesNegativeTest.test_create_volume_with_invalid_size [0.024281s] ... ok
{1} tempest.api.volume.test_volumes_negative.VolumesNegativeTest.test_create_volume_with_nonexistent_snapshot_id [0.031320s] ... ok
{1} tempest.api.volume.test_volumes_negative.VolumesNegativeTest.test_create_volume_with_nonexistent_source_volid [0.026995s] ... ok
{1} tempest.api.volume.test_volumes_negative.VolumesNegativeTest.test_create_volume_with_nonexistent_volume_type [0.029797s] ... ok
{1} tempest.api.volume.test_volumes_negative.VolumesNegativeTest.test_create_volume_with_size_negative [0.018383s] ... ok
{1} tempest.api.volume.test_volumes_negative.VolumesNegativeTest.test_create_volume_with_size_zero [0.021328s] ... ok
{1} tempest.api.volume.test_volumes_negative.VolumesNegativeTest.test_create_volume_without_passing_size [0.018213s] ... ok
{1} tempest.api.volume.test_volumes_negative.VolumesNegativeTest.test_delete_invalid_volume_id [0.026899s] ... ok
{1} tempest.api.volume.test_volumes_negative.VolumesNegativeTest.test_delete_volume_without_passing_volume_id [0.014176s] ... ok
{1} tempest.api.volume.test_volumes_negative.VolumesNegativeTest.test_detach_volumes_with_invalid_volume_id [0.025583s] ... ok
{1} tempest.api.volume.test_volumes_negative.VolumesNegativeTest.test_get_invalid_volume_id [0.030700s] ... ok
{1} tempest.api.volume.test_volumes_negative.VolumesNegativeTest.test_get_volume_without_passing_volume_id [0.015000s] ... ok
{1} tempest.api.volume.test_volumes_negative.VolumesNegativeTest.test_list_volumes_detail_with_invalid_status [0.044170s] ... ok
{1} tempest.api.volume.test_volumes_negative.VolumesNegativeTest.test_list_volumes_detail_with_nonexistent_name [0.049096s] ... ok
{1} tempest.api.volume.test_volumes_negative.VolumesNegativeTest.test_list_volumes_with_invalid_status [0.021643s] ... ok
{1} tempest.api.volume.test_volumes_negative.VolumesNegativeTest.test_list_volumes_with_nonexistent_name [0.043918s] ... ok
{1} tempest.api.volume.test_volumes_negative.VolumesNegativeTest.test_reserve_volume_with_negative_volume_status [0.133123s] ... ok
{1} tempest.api.volume.test_volumes_negative.VolumesNegativeTest.test_reserve_volume_with_nonexistent_volume_id [0.024178s] ... ok
{1} tempest.api.volume.test_volumes_negative.VolumesNegativeTest.test_unreserve_volume_with_nonexistent_volume_id [0.033257s] ... ok
{1} tempest.api.volume.test_volumes_negative.VolumesNegativeTest.test_update_volume_with_empty_volume_id [0.016896s] ... ok
{1} tempest.api.volume.test_volumes_negative.VolumesNegativeTest.test_update_volume_with_invalid_volume_id [0.030642s] ... ok
{1} tempest.api.volume.test_volumes_negative.VolumesNegativeTest.test_update_volume_with_nonexistent_volume_id [0.029625s] ... ok
{1} tempest.api.volume.test_volumes_negative.VolumesNegativeTest.test_volume_delete_nonexistent_volume_id [0.024992s] ... ok
{1} tempest.api.volume.test_volumes_negative.VolumesNegativeTest.test_volume_extend_with_None_size [0.021576s] ... ok
{1} tempest.api.volume.test_volumes_negative.VolumesNegativeTest.test_volume_extend_with_non_number_size [0.019375s] ... ok
{1} tempest.api.volume.test_volumes_negative.VolumesNegativeTest.test_volume_extend_with_nonexistent_volume_id [0.028338s] ... ok
{1} tempest.api.volume.test_volumes_negative.VolumesNegativeTest.test_volume_extend_with_size_smaller_than_original_size [0.017312s] ... ok
{1} tempest.api.volume.test_volumes_negative.VolumesNegativeTest.test_volume_extend_without_passing_volume_id [0.025017s] ... ok
{1} tempest.api.volume.test_volumes_negative.VolumesNegativeTest.test_volume_get_nonexistent_volume_id [0.033128s] ... ok
{1} tempest.api.volume.test_volumes_snapshots_negative.VolumesSnapshotNegativeTestJSON.test_create_snapshot_with_nonexistent_volume_id [0.188975s] ... ok
{1} tempest.api.volume.test_volumes_snapshots_negative.VolumesSnapshotNegativeTestJSON.test_create_snapshot_without_passing_volume_id [0.028848s] ... ok
{1} tempest.api.volume.test_volumes_snapshots_negative.VolumesSnapshotNegativeTestJSON.test_list_snapshot_invalid_param_limit [0.015601s] ... ok
{1} tempest.api.volume.test_volumes_snapshots_negative.VolumesSnapshotNegativeTestJSON.test_list_snapshots_invalid_param_marker [0.028350s] ... ok
{1} tempest.api.volume.test_volumes_snapshots_negative.VolumesSnapshotNegativeTestJSON.test_list_snapshots_invalid_param_sort [0.019442s] ... ok
{2} tempest.api.volume.test_volumes_snapshots_list.VolumesSnapshotListTestJSON.test_snapshot_list_param_limit [0.032303s] ... ok
{2} tempest.api.volume.test_volumes_snapshots_list.VolumesSnapshotListTestJSON.test_snapshot_list_param_limit_equals_infinite [0.063515s] ... ok
{2} tempest.api.volume.test_volumes_snapshots_list.VolumesSnapshotListTestJSON.test_snapshot_list_param_limit_equals_zero [0.035301s] ... ok
{2} tempest.api.volume.test_volumes_snapshots_list.VolumesSnapshotListTestJSON.test_snapshot_list_param_marker [0.068083s] ... ok
{2} tempest.api.volume.test_volumes_snapshots_list.VolumesSnapshotListTestJSON.test_snapshot_list_param_offset [0.031079s] ... ok
{2} tempest.api.volume.test_volumes_snapshots_list.VolumesSnapshotListTestJSON.test_snapshot_list_param_sort_created_at_asc [0.030395s] ... ok
{2} tempest.api.volume.test_volumes_snapshots_list.VolumesSnapshotListTestJSON.test_snapshot_list_param_sort_created_at_desc [0.033555s] ... ok
{2} tempest.api.volume.test_volumes_snapshots_list.VolumesSnapshotListTestJSON.test_snapshot_list_param_sort_id_asc [0.022658s] ... ok
{2} tempest.api.volume.test_volumes_snapshots_list.VolumesSnapshotListTestJSON.test_snapshot_list_param_sort_id_desc [0.030572s] ... ok
{2} tempest.api.volume.test_volumes_snapshots_list.VolumesSnapshotListTestJSON.test_snapshot_list_param_sort_name_asc [0.029772s] ... ok
{2} tempest.api.volume.test_volumes_snapshots_list.VolumesSnapshotListTestJSON.test_snapshot_list_param_sort_name_desc [0.027066s] ... ok
{2} tempest.api.volume.test_volumes_snapshots_list.VolumesSnapshotListTestJSON.test_snapshots_list_details_with_params [0.095930s] ... ok
{2} tempest.api.volume.test_volumes_snapshots_list.VolumesSnapshotListTestJSON.test_snapshots_list_with_params [0.099009s] ... ok
{1} tempest.api.volume.test_volumes_snapshots_negative.VolumesSnapshotNegativeTestJSON.test_volume_from_snapshot_decreasing_size [7.016252s] ... ok

==============================
Failed 1 tests - output below:
==============================

tempest.api.volume.test_volumes_negative.VolumesNegativeTest.test_attach_volumes_with_nonexistent_volume_id[compute,id-f5e56b0a-5d02-43c1-a2a7-c9b792c2e3f6,negative]
---------------------------------------------------------------------------------------------------------------------------------------------------------------------

Captured traceback:
~~~~~~~~~~~~~~~~~~~
    Traceback (most recent call last):

      File "/usr/local/lib/python3.10/dist-packages/tempest/common/utils/__init__.py", line 65, in wrapper
    return f(*func_args, **func_kwargs)

      File "/usr/local/lib/python3.10/dist-packages/tempest/api/volume/test_volumes_negative.py", line 188, in test_attach_volumes_with_nonexistent_volume_id
    server = self.create_server()

      File "/usr/local/lib/python3.10/dist-packages/tempest/api/volume/base.py", line 270, in create_server
    body, _ = compute.create_test_server(

      File "/usr/local/lib/python3.10/dist-packages/tempest/common/compute.py", line 340, in create_test_server
    with excutils.save_and_reraise_exception():

      File "/usr/local/lib/python3.10/dist-packages/oslo_utils/excutils.py", line 227, in __exit__
    self.force_reraise()

      File "/usr/local/lib/python3.10/dist-packages/oslo_utils/excutils.py", line 200, in force_reraise
    raise self.value

      File "/usr/local/lib/python3.10/dist-packages/tempest/common/compute.py", line 323, in create_test_server
    server = waiters.wait_for_server_status(

      File "/usr/local/lib/python3.10/dist-packages/tempest/common/waiters.py", line 80, in wait_for_server_status
    raise exceptions.BuildErrorException(details, server_id=server_id)

    tempest.exceptions.BuildErrorException: Server 980d25b7-38e2-4667-aae9-96e11f6ae627 failed to build and is in ERROR status
Details: Fault: {'code': 500, 'created': '2025-01-31T14:44:52Z', 'message': 'Build of instance 980d25b7-38e2-4667-aae9-96e11f6ae627 aborted: Image b80cfd70-6556-4c17-aed0-61058bd55e62 is unacceptable: Image not in a supported format', 'details': 'Traceback (most recent call last):\n  File "/var/lib/kolla/venv/lib/python3.10/site-packages/nova/virt/images.py", line 185, in do_image_deep_inspection\n    inspector = get_image_format(path)\n  File "/var/lib/kolla/venv/lib/python3.10/site-packages/nova/virt/images.py", line 151, in get_image_format\n    if wrapper.formats:\nAttributeError: \'InspectWrapper\' object has no attribute \'formats\'\n\nDuring handling of the above exception, another exception occurred:\n\nTraceback (most recent call last):\n  File "/var/lib/kolla/venv/lib/python3.10/site-packages/nova/compute/manager.py", line 2648, in _build_and_run_instance\n    self.driver.spawn(context, instance, image_meta,\n  File "/var/lib/kolla/venv/lib/python3.10/site-packages/nova/virt/libvirt/driver.py", line 4791, in spawn\n    created_instance_dir, created_disks = self._create_image(\n  File "/var/lib/kolla/venv/lib/python3.10/site-packages/nova/virt/libvirt/driver.py", line 5202, in _create_image\n    created_disks = self._create_and_inject_local_root(\n  File "/var/lib/kolla/venv/lib/python3.10/site-packages/nova/virt/libvirt/driver.py", line 5331, in _create_and_inject_local_root\n    self._try_fetch_image_cache(backend, fetch_func, context,\n  File "/var/lib/kolla/venv/lib/python3.10/site-packages/nova/virt/libvirt/driver.py", line 11597, in _try_fetch_image_cache\n    image.cache(fetch_func=fetch_func,\n  File "/var/lib/kolla/venv/lib/python3.10/site-packages/nova/virt/libvirt/imagebackend.py", line 304, in cache\n    self.create_image(\n  File "/var/lib/kolla/venv/lib/python3.10/site-packages/nova/virt/libvirt/imagebackend.py", line 682, in create_image\n    prepare_template(target=base, *args, **kwargs)\n  File "/var/lib/kolla/venv/lib/python3.10/site-packages/oslo_concurrency/lockutils.py", line 412, in inner\n    return f(*args, **kwargs)\n  File "/var/lib/kolla/venv/lib/python3.10/site-packages/nova/virt/libvirt/imagebackend.py", line 301, in fetch_func_sync\n    fetch_func(target=target, *args, **kwargs)\n  File "/var/lib/kolla/venv/lib/python3.10/site-packages/nova/virt/libvirt/utils.py", line 495, in fetch_image\n    images.fetch_to_raw(context, image_id, target, trusted_certs)\n  File "/var/lib/kolla/venv/lib/python3.10/site-packages/nova/virt/images.py", line 235, in fetch_to_raw\n    force_format = do_image_deep_inspection(img, image_href, path_tmp)\n  File "/var/lib/kolla/venv/lib/python3.10/site-packages/nova/virt/images.py", line 216, in do_image_deep_inspection\n    raise exception.ImageUnacceptable(\nnova.exception.ImageUnacceptable: Image b80cfd70-6556-4c17-aed0-61058bd55e62 is unacceptable: Image not in a supported format\n\nDuring handling of the above exception, another exception occurred:\n\nTraceback (most recent call last):\n  File "/var/lib/kolla/venv/lib/python3.10/site-packages/nova/compute/manager.py", line 2463, in _do_build_and_run_instance\n    self._build_and_run_instance(context, instance, image,\n  File "/var/lib/kolla/venv/lib/python3.10/site-packages/nova/compute/manager.py", line 2733, in _build_and_run_instance\n    raise exception.BuildAbortException(instance_uuid=instance.uuid,\nnova.exception.BuildAbortException: Build of instance 980d25b7-38e2-4667-aae9-96e11f6ae627 aborted: Image b80cfd70-6556-4c17-aed0-61058bd55e62 is unacceptable: Image not in a supported format\n'}. Request ID of server operation performed before checking the server status req-ead487b2-cb7c-4d8a-858e-311d491c72b7.


Captured pythonlogging:
~~~~~~~~~~~~~~~~~~~~~~~
    2025-01-31 14:44:37,189 21294 INFO     [tempest.lib.common.rest_client] Request (VolumesNegativeTest:test_attach_volumes_with_nonexistent_volume_id): 201 POST http://controller:5000/v3/auth/tokens 0.512s
2025-01-31 14:44:37,189 21294 DEBUG    [tempest.lib.common.rest_client] Request - Headers: {'Content-Type': 'application/json', 'Accept': 'application/json'}
        Body: <omitted>
    Response - Headers: {'date': 'Fri, 31 Jan 2025 14:44:36 GMT', 'server': 'Apache', 'content-length': '3307', 'x-subject-token': '<omitted>', 'vary': 'X-Auth-Token', 'x-openstack-request-id': 'req-23db37ab-ed8a-4347-bec3-8a21ff5c2e1e', 'connection': 'close', 'content-type': 'application/json', 'status': '201', 'content-location': 'http://controller:5000/v3/auth/tokens'}
        Body: b'{"token": {"methods": ["password"], "user": {"domain": {"id": "default", "name": "Default"}, "id": "e1b18ed7e870443981800c7e99d9a72f", "name": "tempest-VolumesNegativeTest-1928065261-project-member", "password_expires_at": null}, "audit_ids": ["mUaoNjbYTdy0kXOCGaOGGQ"], "expires_at": "2025-02-01T14:44:37.000000Z", "issued_at": "2025-01-31T14:44:37.000000Z", "project": {"domain": {"id": "default", "name": "Default"}, "id": "e9da9d1226474d58b3e2ca906f3ee4e4", "name": "tempest-VolumesNegativeTest-1928065261"}, "is_domain": false, "roles": [{"id": "9b5414f302fc4fa5967a33a4a0a7af5f", "name": "reader"}, {"id": "b4b43a54a6b84614aa0118dc7f2219ff", "name": "admin"}, {"id": "b03f5fd51d9941bd9cdd7bd39e2a7c04", "name": "manager"}, {"id": "d41a38c9832048abb6a9dfd4dbc74cfb", "name": "member"}], "catalog": [{"endpoints": [{"id": "2d84316125d94cfd8146d5b0a63e5a09", "interface": "internal", "region_id": "RegionOne", "url": "http://[LB_IP_ADDRESS]:8774/v2.1", "region": "RegionOne"}, {"id": "9013fb75082548db9f7f93fb240e4eb5", "interface": "public", "region_id": "RegionOne", "url": "http://[LB_IP_ADDRESS]:8774/v2.1", "region": "RegionOne"}], "id": "13d3e8ca59fa4239b3c1d89ae5d18d46", "type": "compute", "name": "nova"}, {"endpoints": [{"id": "77c8e2017f43470b88628c80f150af2b", "interface": "internal", "region_id": "RegionOne", "url": "http://[LB_IP_ADDRESS]:9292", "region": "RegionOne"}, {"id": "e94bf45a1fc54e4cb799150fec3c553b", "interface": "public", "region_id": "RegionOne", "url": "http://[LB_IP_ADDRESS]:9292", "region": "RegionOne"}], "id": "90b803829c864609a11a3c5d7f5ca4eb", "type": "image", "name": "glance"}, {"endpoints": [{"id": "8b71863b3909475da0399630a257e299", "interface": "internal", "region_id": "RegionOne", "url": "http://[LB_IP_ADDRESS]:9696", "region": "RegionOne"}, {"id": "eb4192e695634cefa076525cad0faf40", "interface": "public", "region_id": "RegionOne", "url": "http://[LB_IP_ADDRESS]:9696", "region": "RegionOne"}], "id": "bf4bf859a64d4edca2a8af930c8d4870", "type": "network", "name": "neutron"}, {"endpoints": [{"id": "5b0d15dd76004491bfc44d0f148a605a", "interface": "internal", "region_id": "RegionOne", "url": "http://[LB_IP_ADDRESS]:8776/v3/e9da9d1226474d58b3e2ca906f3ee4e4", "region": "RegionOne"}, {"id": "6b764d1b63e94e0b8f2a952fd9d43b4b", "interface": "public", "region_id": "RegionOne", "url": "http://[LB_IP_ADDRESS]:8776/v3/e9da9d1226474d58b3e2ca906f3ee4e4", "region": "RegionOne"}], "id": "c7ce27009e2f497a8865aab4450f3a0c", "type": "volumev3", "name": "cinderv3"}, {"endpoints": [{"id": "21b3252d38cb4d2ca55bf8a344d9a093", "interface": "internal", "region_id": "RegionOne", "url": "http://[LB_IP_ADDRESS]:8780", "region": "RegionOne"}, {"id": "d9a25e3380c044b1b62ea881654ae1da", "interface": "public", "region_id": "RegionOne", "url": "http://[LB_IP_ADDRESS]:8780", "region": "RegionOne"}], "id": "e25e12f5148340b8a259bebfaaef5308", "type": "placement", "name": "placement"}, {"endpoints": [{"id": "14144c8e6cf74e2384f9070a5dae2ccc", "interface": "internal", "region_id": "RegionOne", "url": "http://[LB_IP_ADDRESS]:5000", "region": "RegionOne"}, {"id": "5d7337de6ab24e04a0c315fe8d9aa663", "interface": "public", "region_id": "RegionOne", "url": "http://[LB_IP_ADDRESS]:5000", "region": "RegionOne"}], "id": "fa7fafa7b3194e9caacbd6e67b6aaa0f", "type": "identity", "name": "keystone"}]}}'
2025-01-31
     14:44:37,190 21294 DEBUG    [tempest.lib.common.dynamic_creds] Creating new dynamic creds for scope: None and credential_type: admin
2025-01-31 14:44:37,259 21294 INFO     [tempest.lib.common.rest_client] Request (VolumesNegativeTest:test_attach_volumes_with_nonexistent_volume_id): 201 POST http://[LB_IP_ADDRESS]:5000/v3/projects 0.068s
2025-01-31 14:44:37,259 21294 DEBUG    [tempest.lib.common.rest_client] Request - Headers: {'Content-Type': 'application/json', 'Accept': 'application/json', 'X-Auth-Token': '<omitted>'}
        Body: {"project": {"description": "tempest-VolumesNegativeTest-1505862329-desc", "domain_id": "default", "name": "tempest-VolumesNegativeTest-1505862329"}}
    Response - Headers: {'date': 'Fri, 31 Jan 2025 14:44:37 GMT', 'server': 'Apache', 'content-length': '373', 'vary': 'X-Auth-Token', 'x-openstack-request-id': 'req-8052743a-b5e5-45e8-8f90-aaf2d20a7556', 'connection': 'close', 'content-type': 'application/json', 'status': '201', 'content-location': 'http://[LB_IP_ADDRESS]:5000/v3/projects'}
        Body: b'{"project": {"id": "e256e550ed53468e9545b49af534d75f", "name": "tempest-VolumesNegativeTest-1505862329", "domain_id": "default", "description": "tempest-VolumesNegativeTest-1505862329-desc", "enabled": true, "parent_id": "default", "is_domain": false, "tags": [], "options": {}, "links": {"self": "http://[LB_IP_ADDRESS]:5000/v3/projects/e256e550ed53468e9545b49af534d75f"}}}\n'
2025-01-31 14:44:37,619 21294 INFO     [tempest.lib.common.rest_client] Request (VolumesNegativeTest:test_attach_volumes_with_nonexistent_volume_id): 201 POST http://[LB_IP_ADDRESS]:5000/v3/users 0.359s
2025-01-31 14:44:37,620 21294 DEBUG    [tempest.lib.common.rest_client] Request - Headers: {'Content-Type': 'application/json', 'Accept': 'application/json', 'X-Auth-Token': '<omitted>'}
        Body: {"user": {"name": "tempest-VolumesNegativeTest-1505862329-project-admin", "password": "W4_MIK6d4MVnREE", "domain_id": "default"}}
    Response - Headers: {'date': 'Fri, 31 Jan 2025 14:44:37 GMT', 'server': 'Apache', 'content-length': '292', 'vary': 'X-Auth-Token', 'x-openstack-request-id': 'req-a2db31a5-ff9e-4bbc-b8fa-796c99009dad', 'connection': 'close', 'content-type': 'application/json', 'status': '201', 'content-location': 'http://[LB_IP_ADDRESS]:5000/v3/users'}
        Body: b'{"user": {"id": "6a014cb9e2e04ff1a13f8afda9b810ff", "name": "tempest-VolumesNegativeTest-1505862329-project-admin", "domain_id": "default", "enabled": true, "password_expires_at": null, "options": {}, "links": {"self": "http://[LB_IP_ADDRESS]:5000/v3/users/6a014cb9e2e04ff1a13f8afda9b810ff"}}}\n'
2025-01-31 14:44:37,645 21294 INFO     [tempest.lib.common.rest_client] Request (VolumesNegativeTest:test_attach_volumes_with_nonexistent_volume_id): 200 GET http://[LB_IP_ADDRESS]:5000/v3/roles 0.024s
2025-01-31 14:44:37,645 21294 DEBUG    [tempest.lib.common.rest_client] Request - Headers: {'Content-Type': 'application/json', 'Accept': 'application/json', 'X-Auth-Token': '<omitted>'}
        Body: None
    Response - Headers: {'date': 'Fri, 31 Jan 2025 14:44:37 GMT', 'server': 'Apache', 'content-length': '1222', 'vary': 'X-Auth-Token', 'x-openstack-request-id': 'req-63095fff-c848-43af-88f2-2da867b90c61', 'connection': 'close', 'content-type': 'application/json', 'status': '200', 'content-location': 'http://[LB_IP_ADDRESS]:5000/v3/roles'}
        Body: b'{"roles": [{"id": "9b5414f302fc4fa5967a33a4a0a7af5f", "name": "reader", "domain_id": null, "description": null, "options": {"immutable": true}, "links": {"self": "http://[LB_IP_ADDRESS]:5000/v3/roles/9b5414f302fc4fa5967a33a4a0a7af5f"}}, {"id": "a862e0b380b14de0b58f51b66b64eda5", "name": "service", "domain_id": null, "description": null, "options": {"immutable": true}, "links": {"self": "http://[LB_IP_ADDRESS]:5000/v3/roles/a862e0b380b14de0b58f51b66b64eda5"}}, {"id": "b03f5fd51d9941bd9cdd7bd39e2a7c04", "name": "manager", "domain_id": null, "description": null, "options": {"immutable": true}, "links": {"self": "http://[LB_IP_ADDRESS]:5000/v3/roles/b03f5fd51d9941bd9cdd7bd39e2a7c04"}}, {"id": "b4b43a54a6b84614aa0118dc7f2219ff", "
    name": "admin", "domain_id": null, "description": null, "options": {"immutable": true}, "links": {"self": "http://[LB_IP_ADDRESS]:5000/v3/roles/b4b43a54a6b84614aa0118dc7f2219ff"}}, {"id": "d41a38c9832048abb6a9dfd4dbc74cfb", "name": "member", "domain_id": null, "description": null, "options": {"immutable": true}, "links": {"self": "http://[LB_IP_ADDRESS]:5000/v3/roles/d41a38c9832048abb6a9dfd4dbc74cfb"}}], "links": {"next": null, "self": "http://[LB_IP_ADDRESS]:5000/v3/roles", "previous": null}}\n'
2025-01-31 14:44:37,681 21294 INFO     [tempest.lib.common.rest_client] Request (VolumesNegativeTest:test_attach_volumes_with_nonexistent_volume_id): 204 PUT http://[LB_IP_ADDRESS]:5000/v3/projects/e256e550ed53468e9545b49af534d75f/users/6a014cb9e2e04ff1a13f8afda9b810ff/roles/b4b43a54a6b84614aa0118dc7f2219ff 0.035s
2025-01-31 14:44:37,681 21294 DEBUG    [tempest.lib.common.rest_client] Request - Headers: {'Content-Type': 'application/json', 'Accept': 'application/json', 'X-Auth-Token': '<omitted>'}
        Body: None
    Response - Headers: {'date': 'Fri, 31 Jan 2025 14:44:37 GMT', 'server': 'Apache', 'vary': 'X-Auth-Token', 'x-openstack-request-id': 'req-423ce4ac-d698-482c-b9c8-18df45a8549f', 'connection': 'close', 'status': '204', 'content-location': 'http://[LB_IP_ADDRESS]:5000/v3/projects/e256e550ed53468e9545b49af534d75f/users/6a014cb9e2e04ff1a13f8afda9b810ff/roles/b4b43a54a6b84614aa0118dc7f2219ff'}
        Body: b''
2025-01-31 14:44:37,739 21294 INFO     [tempest.lib.common.rest_client] Request (VolumesNegativeTest:test_attach_volumes_with_nonexistent_volume_id): 200 GET http://[LB_IP_ADDRESS]:5000/v3/roles 0.057s
2025-01-31 14:44:37,739 21294 DEBUG    [tempest.lib.common.rest_client] Request - Headers: {'Content-Type': 'application/json', 'Accept': 'application/json', 'X-Auth-Token': '<omitted>'}
        Body: None
    Response - Headers: {'date': 'Fri, 31 Jan 2025 14:44:37 GMT', 'server': 'Apache', 'content-length': '1222', 'vary': 'X-Auth-Token', 'x-openstack-request-id': 'req-39480ddf-dfd2-4094-8a6a-f1b9b0c54e27', 'connection': 'close', 'content-type': 'application/json', 'status': '200', 'content-location': 'http://[LB_IP_ADDRESS]:5000/v3/roles'}
        Body: b'{"roles": [{"id": "9b5414f302fc4fa5967a33a4a0a7af5f", "name": "reader", "domain_id": null, "description": null, "options": {"immutable": true}, "links": {"self": "http://[LB_IP_ADDRESS]:5000/v3/roles/9b5414f302fc4fa5967a33a4a0a7af5f"}}, {"id": "a862e0b380b14de0b58f51b66b64eda5", "name": "service", "domain_id": null, "description": null, "options": {"immutable": true}, "links": {"self": "http://[LB_IP_ADDRESS]:5000/v3/roles/a862e0b380b14de0b58f51b66b64eda5"}}, {"id": "b03f5fd51d9941bd9cdd7bd39e2a7c04", "name": "manager", "domain_id": null, "description": null, "options": {"immutable": true}, "links": {"self": "http://[LB_IP_ADDRESS]:5000/v3/roles/b03f5fd51d9941bd9cdd7bd39e2a7c04"}}, {"id": "b4b43a54a6b84614aa0118dc7f2219ff", "name": "admin", "domain_id": null, "description": null, "options": {"immutable": true}, "links": {"self": "http://[LB_IP_ADDRESS]:5000/v3/roles/b4b43a54a6b84614aa0118dc7f2219ff"}}, {"id": "d41a38c9832048abb6a9dfd4dbc74cfb", "name": "member", "domain_id": null, "description": null, "options": {"immutable": true}, "links": {"self": "http://[LB_IP_ADDRESS]:5000/v3/roles/d41a38c9832048abb6a9dfd4dbc74cfb"}}], "links": {"next": null, "self": "http://[LB_IP_ADDRESS]:5000/v3/roles", "previous": null}}\n'
2025-01-31 14:44:37,759 21294 INFO     [tempest.lib.common.rest_client] Request (VolumesNegativeTest:test_attach_volumes_with_nonexistent_volume_id): 204 PUT http://[LB_IP_ADDRESS]:5000/v3/domains/default/users/6a014cb9e2e04ff1a13f8afda9b810ff/roles/b4b43a54a6b84614aa0118dc7f2219ff 0.019s
2025-01-31 14:44:37,760 21294 DEBUG    [tempest.lib.common.rest_client] Request - Headers: {'Content-Type': 'application/json', 'Accept': 'application/json', 'X-Auth-Token': '<omitted>'}
        Body: None
    Response - Headers: {'date': 'Fri, 31 Jan 2025 14:44:37 GMT', 'server': 'Apache', 'vary': 'X-Auth-Token', 'x-openstack-request-id': 'req-6c3f14e4-336b-48d3-b9bc-744b732cbb80', 'connecti
    on': 'close', 'status': '204', 'content-location': 'http://[LB_IP_ADDRESS]:5000/v3/domains/default/users/6a014cb9e2e04ff1a13f8afda9b810ff/roles/b4b43a54a6b84614aa0118dc7f2219ff'}
        Body: b''
2025-01-31 14:44:37,818 21294 INFO     [tempest.lib.common.rest_client] Request (VolumesNegativeTest:test_attach_volumes_with_nonexistent_volume_id): 200 GET http://[LB_IP_ADDRESS]:5000/v3/roles 0.057s
2025-01-31 14:44:37,818 21294 DEBUG    [tempest.lib.common.rest_client] Request - Headers: {'Content-Type': 'application/json', 'Accept': 'application/json', 'X-Auth-Token': '<omitted>'}
        Body: None
    Response - Headers: {'date': 'Fri, 31 Jan 2025 14:44:37 GMT', 'server': 'Apache', 'content-length': '1222', 'vary': 'X-Auth-Token', 'x-openstack-request-id': 'req-c407cd61-9291-4b84-8f50-5b2fbd0dbd3f', 'connection': 'close', 'content-type': 'application/json', 'status': '200', 'content-location': 'http://[LB_IP_ADDRESS]:5000/v3/roles'}
        Body: b'{"roles": [{"id": "9b5414f302fc4fa5967a33a4a0a7af5f", "name": "reader", "domain_id": null, "description": null, "options": {"immutable": true}, "links": {"self": "http://[LB_IP_ADDRESS]:5000/v3/roles/9b5414f302fc4fa5967a33a4a0a7af5f"}}, {"id": "a862e0b380b14de0b58f51b66b64eda5", "name": "service", "domain_id": null, "description": null, "options": {"immutable": true}, "links": {"self": "http://[LB_IP_ADDRESS]:5000/v3/roles/a862e0b380b14de0b58f51b66b64eda5"}}, {"id": "b03f5fd51d9941bd9cdd7bd39e2a7c04", "name": "manager", "domain_id": null, "description": null, "options": {"immutable": true}, "links": {"self": "http://[LB_IP_ADDRESS]:5000/v3/roles/b03f5fd51d9941bd9cdd7bd39e2a7c04"}}, {"id": "b4b43a54a6b84614aa0118dc7f2219ff", "name": "admin", "domain_id": null, "description": null, "options": {"immutable": true}, "links": {"self": "http://[LB_IP_ADDRESS]:5000/v3/roles/b4b43a54a6b84614aa0118dc7f2219ff"}}, {"id": "d41a38c9832048abb6a9dfd4dbc74cfb", "name": "member", "domain_id": null, "description": null, "options": {"immutable": true}, "links": {"self": "http://[LB_IP_ADDRESS]:5000/v3/roles/d41a38c9832048abb6a9dfd4dbc74cfb"}}], "links": {"next": null, "self": "http://[LB_IP_ADDRESS]:5000/v3/roles", "previous": null}}\n'
2025-01-31 14:44:37,841 21294 INFO     [tempest.lib.common.rest_client] Request (VolumesNegativeTest:test_attach_volumes_with_nonexistent_volume_id): 204 PUT http://[LB_IP_ADDRESS]:5000/v3/projects/e256e550ed53468e9545b49af534d75f/users/6a014cb9e2e04ff1a13f8afda9b810ff/roles/b4b43a54a6b84614aa0118dc7f2219ff 0.021s
2025-01-31 14:44:37,841 21294 DEBUG    [tempest.lib.common.rest_client] Request - Headers: {'Content-Type': 'application/json', 'Accept': 'application/json', 'X-Auth-Token': '<omitted>'}
        Body: None
    Response - Headers: {'date': 'Fri, 31 Jan 2025 14:44:37 GMT', 'server': 'Apache', 'vary': 'X-Auth-Token', 'x-openstack-request-id': 'req-69a19b81-c3f0-47be-ba39-d851e8bb5e7e', 'connection': 'close', 'status': '204', 'content-location': 'http://[LB_IP_ADDRESS]:5000/v3/projects/e256e550ed53468e9545b49af534d75f/users/6a014cb9e2e04ff1a13f8afda9b810ff/roles/b4b43a54a6b84614aa0118dc7f2219ff'}
        Body: b''
2025-01-31 14:44:37,910 21294 INFO     [tempest.lib.common.rest_client] Request (VolumesNegativeTest:test_attach_volumes_with_nonexistent_volume_id): 200 GET http://[LB_IP_ADDRESS]:5000/v3/roles 0.068s
2025-01-31 14:44:37,910 21294 DEBUG    [tempest.lib.common.rest_client] Request - Headers: {'Content-Type': 'application/json', 'Accept': 'application/json', 'X-Auth-Token': '<omitted>'}
        Body: None
    Response - Headers: {'date': 'Fri, 31 Jan 2025 14:44:37 GMT', 'server': 'Apache', 'content-length': '1222', 'vary': 'X-Auth-Token', 'x-openstack-request-id': 'req-681a2d46-3b47-4b7d-8d6f-74094695e617', 'connection': 'close', 'content-type': 'application/json', 'status': '200', 'content-location': 'http://[LB_IP_ADDRESS]:5000/v3/roles'}
        Body: b'{"roles": [{"id": "9b5414f302fc4fa5967a33a4a0a7af5f", "name": "reader", "domain_id": null, "description": null, "options": {"immutable": true}, "links": {"self": "http://[LB_IP_ADDRESS]:5000/v3/roles/9b5414f302fc4fa5967a33a4
    a0a7af5f"}}, {"id": "a862e0b380b14de0b58f51b66b64eda5", "name": "service", "domain_id": null, "description": null, "options": {"immutable": true}, "links": {"self": "http://[LB_IP_ADDRESS]:5000/v3/roles/a862e0b380b14de0b58f51b66b64eda5"}}, {"id": "b03f5fd51d9941bd9cdd7bd39e2a7c04", "name": "manager", "domain_id": null, "description": null, "options": {"immutable": true}, "links": {"self": "http://[LB_IP_ADDRESS]:5000/v3/roles/b03f5fd51d9941bd9cdd7bd39e2a7c04"}}, {"id": "b4b43a54a6b84614aa0118dc7f2219ff", "name": "admin", "domain_id": null, "description": null, "options": {"immutable": true}, "links": {"self": "http://[LB_IP_ADDRESS]:5000/v3/roles/b4b43a54a6b84614aa0118dc7f2219ff"}}, {"id": "d41a38c9832048abb6a9dfd4dbc74cfb", "name": "member", "domain_id": null, "description": null, "options": {"immutable": true}, "links": {"self": "http://[LB_IP_ADDRESS]:5000/v3/roles/d41a38c9832048abb6a9dfd4dbc74cfb"}}], "links": {"next": null, "self": "http://[LB_IP_ADDRESS]:5000/v3/roles", "previous": null}}\n'
2025-01-31 14:44:37,938 21294 INFO     [tempest.lib.common.rest_client] Request (VolumesNegativeTest:test_attach_volumes_with_nonexistent_volume_id): 204 PUT http://[LB_IP_ADDRESS]:5000/v3/projects/e256e550ed53468e9545b49af534d75f/users/6a014cb9e2e04ff1a13f8afda9b810ff/roles/b4b43a54a6b84614aa0118dc7f2219ff 0.027s
2025-01-31 14:44:37,939 21294 DEBUG    [tempest.lib.common.rest_client] Request - Headers: {'Content-Type': 'application/json', 'Accept': 'application/json', 'X-Auth-Token': '<omitted>'}
        Body: None
    Response - Headers: {'date': 'Fri, 31 Jan 2025 14:44:37 GMT', 'server': 'Apache', 'vary': 'X-Auth-Token', 'x-openstack-request-id': 'req-95e8c073-8a27-419a-8a92-90c714e36ccc', 'connection': 'close', 'status': '204', 'content-location': 'http://[LB_IP_ADDRESS]:5000/v3/projects/e256e550ed53468e9545b49af534d75f/users/6a014cb9e2e04ff1a13f8afda9b810ff/roles/b4b43a54a6b84614aa0118dc7f2219ff'}
        Body: b''
2025-01-31 14:44:37,939 21294 INFO     [tempest.lib.common.dynamic_creds] Dynamic test user 6a014cb9e2e04ff1a13f8afda9b810ff is created with scope project and roles: ['admin', 'admin']
2025-01-31 14:44:37,939 21294 INFO     [tempest.lib.common.dynamic_creds] Acquired dynamic creds:
 credentials: Credentials: {'domain_id': 'default', 'domain_name': 'Default', 'username': 'tempest-VolumesNegativeTest-1505862329-project-admin', 'project_domain_id': 'default', 'project_domain_name': 'Default', 'project_id': 'e256e550ed53468e9545b49af534d75f', 'project_name': 'tempest-VolumesNegativeTest-1505862329', 'tenant_id': 'e256e550ed53468e9545b49af534d75f', 'tenant_name': 'tempest-VolumesNegativeTest-1505862329', 'user_domain_id': 'default', 'user_domain_name': 'Default', 'user_id': '6a014cb9e2e04ff1a13f8afda9b810ff', 'system': None}, Network: None, Subnet: None, Router: None
2025-01-31 14:44:37,946 21294 INFO     [tempest.lib.common.fixed_network] (VolumesNegativeTest:test_attach_volumes_with_nonexistent_volume_id) Found network None available for tenant
2025-01-31 14:44:38,137 21294 INFO     [tempest.lib.common.rest_client] Request (VolumesNegativeTest:test_attach_volumes_with_nonexistent_volume_id): 202 POST http://[LB_IP_ADDRESS]:8774/v2.1/servers 0.189s
2025-01-31 14:44:38,137 21294 DEBUG    [tempest.lib.common.rest_client] Request - Headers: {'Content-Type': 'application/json', 'Accept': 'application/json', 'X-Auth-Token': '<omitted>'}
        Body: {"server": {"name": "tempest-VolumesNegativeTest-instance-975324355", "imageRef": "b80cfd70-6556-4c17-aed0-61058bd55e62", "flavorRef": "0"}}
    Response - Headers: {'date': 'Fri, 31 Jan 2025 14:44:37 GMT', 'server': 'Apache/2.4.52 (Ubuntu)', 'content-length': '378', 'location': 'http://[LB_IP_ADDRESS]:8774/v2.1/servers/980d25b7-38e2-4667-aae9-96e11f6ae627', 'openstack-api-version': 'compute 2.1', 'x-openstack-nova-api-version': '2.1', 'vary': 'OpenStack-API-Version,X-OpenStack-Nova-API-Version', 'x-openstack-request-id': 'req-ead487b2-cb7c-4d8a-858e-311d491c72b7', 'x-compute-request-id': 'req-ead487b2-cb7c-4d8a-858e-311d491c72b7', 'connection': 'close', 'content-type': 'application/json', 's
    tatus': '202', 'content-location': 'http://[LB_IP_ADDRESS]:8774/v2.1/servers'}
        Body: b'{"server": {"id": "980d25b7-38e2-4667-aae9-96e11f6ae627", "links": [{"rel": "self", "href": "http://[LB_IP_ADDRESS]:8774/v2.1/servers/980d25b7-38e2-4667-aae9-96e11f6ae627"}, {"rel": "bookmark", "href": "http://[LB_IP_ADDRESS]:8774/servers/980d25b7-38e2-4667-aae9-96e11f6ae627"}], "OS-DCF:diskConfig": "MANUAL", "security_groups": [{"name": "default"}], "adminPass": "jC8xAUsPVGPN"}}'
2025-01-31 14:44:38,201 21294 INFO     [tempest.lib.common.rest_client] Request (VolumesNegativeTest:test_attach_volumes_with_nonexistent_volume_id): 200 GET http://[LB_IP_ADDRESS]:8774/v2.1/servers/980d25b7-38e2-4667-aae9-96e11f6ae627 0.060s
2025-01-31 14:44:38,201 21294 DEBUG    [tempest.lib.common.rest_client] Request - Headers: {'Content-Type': 'application/json', 'Accept': 'application/json', 'X-Auth-Token': '<omitted>'}
        Body: None
    Response - Headers: {'date': 'Fri, 31 Jan 2025 14:44:38 GMT', 'server': 'Apache/2.4.52 (Ubuntu)', 'content-length': '1318', 'openstack-api-version': 'compute 2.1', 'x-openstack-nova-api-version': '2.1', 'vary': 'OpenStack-API-Version,X-OpenStack-Nova-API-Version', 'x-openstack-request-id': 'req-69c6b338-e110-4a34-80d5-0f9089aa5ea6', 'x-compute-request-id': 'req-69c6b338-e110-4a34-80d5-0f9089aa5ea6', 'connection': 'close', 'content-type': 'application/json', 'status': '200', 'content-location': 'http://[LB_IP_ADDRESS]:8774/v2.1/servers/980d25b7-38e2-4667-aae9-96e11f6ae627'}
        Body: b'{"server": {"id": "980d25b7-38e2-4667-aae9-96e11f6ae627", "name": "tempest-VolumesNegativeTest-instance-975324355", "status": "BUILD", "tenant_id": "e9da9d1226474d58b3e2ca906f3ee4e4", "user_id": "e1b18ed7e870443981800c7e99d9a72f", "metadata": {}, "hostId": "", "image": {"id": "b80cfd70-6556-4c17-aed0-61058bd55e62", "links": [{"rel": "bookmark", "href": "http://[LB_IP_ADDRESS]:8774/images/b80cfd70-6556-4c17-aed0-61058bd55e62"}]}, "flavor": {"id": "0", "links": [{"rel": "bookmark", "href": "http://[LB_IP_ADDRESS]:8774/flavors/0"}]}, "created": "2025-01-31T14:44:38Z", "updated": "2025-01-31T14:44:38Z", "addresses": {}, "accessIPv4": "", "accessIPv6": "", "links": [{"rel": "self", "href": "http://[LB_IP_ADDRESS]:8774/v2.1/servers/980d25b7-38e2-4667-aae9-96e11f6ae627"}, {"rel": "bookmark", "href": "http://[LB_IP_ADDRESS]:8774/servers/980d25b7-38e2-4667-aae9-96e11f6ae627"}], "OS-DCF:diskConfig": "MANUAL", "progress": 0, "OS-EXT-AZ:availability_zone": "", "config_drive": "", "key_name": null, "OS-SRV-USG:launched_at": null, "OS-SRV-USG:terminated_at": null, "OS-EXT-SRV-ATTR:host": null, "OS-EXT-SRV-ATTR:instance_name": "", "OS-EXT-SRV-ATTR:hypervisor_hostname": null, "OS-EXT-STS:task_state": "scheduling", "OS-EXT-STS:vm_state": "building", "OS-EXT-STS:power_state": 0, "os-extended-volumes:volumes_attached": []}}'
2025-01-31 14:44:39,287 21294 INFO     [tempest.lib.common.rest_client] Request (VolumesNegativeTest:test_attach_volumes_with_nonexistent_volume_id): 200 GET http://[LB_IP_ADDRESS]:8774/v2.1/servers/980d25b7-38e2-4667-aae9-96e11f6ae627 0.066s
2025-01-31 14:44:39,287 21294 DEBUG    [tempest.lib.common.rest_client] Request - Headers: {'Content-Type': 'application/json', 'Accept': 'application/json', 'X-Auth-Token': '<omitted>'}
        Body: None
    Response - Headers: {'date': 'Fri, 31 Jan 2025 14:44:39 GMT', 'server': 'Apache/2.4.52 (Ubuntu)', 'content-length': '1339', 'openstack-api-version': 'compute 2.1', 'x-openstack-nova-api-version': '2.1', 'vary': 'OpenStack-API-Version,X-OpenStack-Nova-API-Version', 'x-openstack-request-id': 'req-e0ac8a73-7838-4ed8-a53f-dcc3d260b2a1', 'x-compute-request-id': 'req-e0ac8a73-7838-4ed8-a53f-dcc3d260b2a1', 'connection': 'close', 'content-type': 'application/json', 'status': '200', 'content-location': 'http://[LB_IP_ADDRESS]:8774/v2.1/servers/980d25b7-38e2-4667-aae9-96e11f6ae627'}
        Body: b'{"server": {"id": "980d25b7-38e2-4667-aae9-96e11f6ae627", "name": "tempest-VolumesNegativeTest-instance-975324355", "status": "BUILD", "tenant_id": "e9da9d1226474d58b3e2ca906f3ee4e4", "user_id": "e1b18ed7e87044398
    1800c7e99d9a72f", "metadata": {}, "hostId": "", "image": {"id": "b80cfd70-6556-4c17-aed0-61058bd55e62", "links": [{"rel": "bookmark", "href": "http://[LB_IP_ADDRESS]:8774/images/b80cfd70-6556-4c17-aed0-61058bd55e62"}]}, "flavor": {"id": "0", "links": [{"rel": "bookmark", "href": "http://[LB_IP_ADDRESS]:8774/flavors/0"}]}, "created": "2025-01-31T14:44:38Z", "updated": "2025-01-31T14:44:39Z", "addresses": {}, "accessIPv4": "", "accessIPv6": "", "links": [{"rel": "self", "href": "http://[LB_IP_ADDRESS]:8774/v2.1/servers/980d25b7-38e2-4667-aae9-96e11f6ae627"}, {"rel": "bookmark", "href": "http://[LB_IP_ADDRESS]:8774/servers/980d25b7-38e2-4667-aae9-96e11f6ae627"}], "OS-DCF:diskConfig": "MANUAL", "progress": 0, "OS-EXT-AZ:availability_zone": "nova", "config_drive": "", "key_name": null, "OS-SRV-USG:launched_at": null, "OS-SRV-USG:terminated_at": null, "OS-EXT-SRV-ATTR:host": null, "OS-EXT-SRV-ATTR:instance_name": "instance-00000031", "OS-EXT-SRV-ATTR:hypervisor_hostname": null, "OS-EXT-STS:task_state": "scheduling", "OS-EXT-STS:vm_state": "building", "OS-EXT-STS:power_state": 0, "os-extended-volumes:volumes_attached": []}}'
2025-01-31 14:44:40,373 21294 INFO     [tempest.lib.common.rest_client] Request (VolumesNegativeTest:test_attach_volumes_with_nonexistent_volume_id): 200 GET http://[LB_IP_ADDRESS]:8774/v2.1/servers/980d25b7-38e2-4667-aae9-96e11f6ae627 0.067s
2025-01-31 14:44:40,373 21294 DEBUG    [tempest.lib.common.rest_client] Request - Headers: {'Content-Type': 'application/json', 'Accept': 'application/json', 'X-Auth-Token': '<omitted>'}
        Body: None
    Response - Headers: {'date': 'Fri, 31 Jan 2025 14:44:40 GMT', 'server': 'Apache/2.4.52 (Ubuntu)', 'content-length': '1413', 'openstack-api-version': 'compute 2.1', 'x-openstack-nova-api-version': '2.1', 'vary': 'OpenStack-API-Version,X-OpenStack-Nova-API-Version', 'x-openstack-request-id': 'req-9e6a3beb-d252-4aa0-b0ed-ae5c918ae980', 'x-compute-request-id': 'req-9e6a3beb-d252-4aa0-b0ed-ae5c918ae980', 'connection': 'close', 'content-type': 'application/json', 'status': '200', 'content-location': 'http://[LB_IP_ADDRESS]:8774/v2.1/servers/980d25b7-38e2-4667-aae9-96e11f6ae627'}
        Body: b'{"server": {"id": "980d25b7-38e2-4667-aae9-96e11f6ae627", "name": "tempest-VolumesNegativeTest-instance-975324355", "status": "BUILD", "tenant_id": "e9da9d1226474d58b3e2ca906f3ee4e4", "user_id": "e1b18ed7e870443981800c7e99d9a72f", "metadata": {}, "hostId": "0dff69d366af8aeaab92af9cff4cca244b29abf6ffdf7717bf5357e4", "image": {"id": "b80cfd70-6556-4c17-aed0-61058bd55e62", "links": [{"rel": "bookmark", "href": "http://[LB_IP_ADDRESS]:8774/images/b80cfd70-6556-4c17-aed0-61058bd55e62"}]}, "flavor": {"id": "0", "links": [{"rel": "bookmark", "href": "http://[LB_IP_ADDRESS]:8774/flavors/0"}]}, "created": "2025-01-31T14:44:38Z", "updated": "2025-01-31T14:44:39Z", "addresses": {}, "accessIPv4": "", "accessIPv6": "", "links": [{"rel": "self", "href": "http://[LB_IP_ADDRESS]:8774/v2.1/servers/980d25b7-38e2-4667-aae9-96e11f6ae627"}, {"rel": "bookmark", "href": "http://[LB_IP_ADDRESS]:8774/servers/980d25b7-38e2-4667-aae9-96e11f6ae627"}], "OS-DCF:diskConfig": "MANUAL", "progress": 0, "OS-EXT-AZ:availability_zone": "nova", "config_drive": "", "key_name": null, "OS-SRV-USG:launched_at": null, "OS-SRV-USG:terminated_at": null, "OS-EXT-SRV-ATTR:host": "rack04-server60", "OS-EXT-SRV-ATTR:instance_name": "instance-00000031", "OS-EXT-SRV-ATTR:hypervisor_hostname": "rack04-server60", "OS-EXT-STS:task_state": null, "OS-EXT-STS:vm_state": "building", "OS-EXT-STS:power_state": 0, "os-extended-volumes:volumes_attached": []}}'
2025-01-31 14:44:40,390 21294 INFO     [tempest.common.waiters] State transition "BUILD/scheduling" ==> "BUILD/None" after 2 second wait
2025-01-31 14:44:41,477 21294 INFO     [tempest.lib.common.rest_client] Request (VolumesNegativeTest:test_attach_volumes_with_nonexistent_volume_id): 200 GET http://[LB_IP_ADDRESS]:8774/v2.1/servers/980d25b7-38e2-4667-aae9-96e11f6ae627 0.085s
2025-01-31 14:44:41,477 21294 DEBUG    [tempest.lib.common.rest_client] Request - Headers: {'Content-Type': 'application/json', 'A
    ccept': 'application/json', 'X-Auth-Token': '<omitted>'}
        Body: None
    Response - Headers: {'date': 'Fri, 31 Jan 2025 14:44:41 GMT', 'server': 'Apache/2.4.52 (Ubuntu)', 'content-length': '1413', 'openstack-api-version': 'compute 2.1', 'x-openstack-nova-api-version': '2.1', 'vary': 'OpenStack-API-Version,X-OpenStack-Nova-API-Version', 'x-openstack-request-id': 'req-105ac430-1592-49b4-83df-7513cafcc855', 'x-compute-request-id': 'req-105ac430-1592-49b4-83df-7513cafcc855', 'connection': 'close', 'content-type': 'application/json', 'status': '200', 'content-location': 'http://[LB_IP_ADDRESS]:8774/v2.1/servers/980d25b7-38e2-4667-aae9-96e11f6ae627'}
        Body: b'{"server": {"id": "980d25b7-38e2-4667-aae9-96e11f6ae627", "name": "tempest-VolumesNegativeTest-instance-975324355", "status": "BUILD", "tenant_id": "e9da9d1226474d58b3e2ca906f3ee4e4", "user_id": "e1b18ed7e870443981800c7e99d9a72f", "metadata": {}, "hostId": "0dff69d366af8aeaab92af9cff4cca244b29abf6ffdf7717bf5357e4", "image": {"id": "b80cfd70-6556-4c17-aed0-61058bd55e62", "links": [{"rel": "bookmark", "href": "http://[LB_IP_ADDRESS]:8774/images/b80cfd70-6556-4c17-aed0-61058bd55e62"}]}, "flavor": {"id": "0", "links": [{"rel": "bookmark", "href": "http://[LB_IP_ADDRESS]:8774/flavors/0"}]}, "created": "2025-01-31T14:44:38Z", "updated": "2025-01-31T14:44:39Z", "addresses": {}, "accessIPv4": "", "accessIPv6": "", "links": [{"rel": "self", "href": "http://[LB_IP_ADDRESS]:8774/v2.1/servers/980d25b7-38e2-4667-aae9-96e11f6ae627"}, {"rel": "bookmark", "href": "http://[LB_IP_ADDRESS]:8774/servers/980d25b7-38e2-4667-aae9-96e11f6ae627"}], "OS-DCF:diskConfig": "MANUAL", "progress": 0, "OS-EXT-AZ:availability_zone": "nova", "config_drive": "", "key_name": null, "OS-SRV-USG:launched_at": null, "OS-SRV-USG:terminated_at": null, "OS-EXT-SRV-ATTR:host": "rack04-server60", "OS-EXT-SRV-ATTR:instance_name": "instance-00000031", "OS-EXT-SRV-ATTR:hypervisor_hostname": "rack04-server60", "OS-EXT-STS:task_state": null, "OS-EXT-STS:vm_state": "building", "OS-EXT-STS:power_state": 0, "os-extended-volumes:volumes_attached": []}}'
2025-01-31 14:44:42,577 21294 INFO     [tempest.lib.common.rest_client] Request (VolumesNegativeTest:test_attach_volumes_with_nonexistent_volume_id): 200 GET http://[LB_IP_ADDRESS]:8774/v2.1/servers/980d25b7-38e2-4667-aae9-96e11f6ae627 0.082s
2025-01-31 14:44:42,578 21294 DEBUG    [tempest.lib.common.rest_client] Request - Headers: {'Content-Type': 'application/json', 'Accept': 'application/json', 'X-Auth-Token': '<omitted>'}
        Body: None
    Response - Headers: {'date': 'Fri, 31 Jan 2025 14:44:42 GMT', 'server': 'Apache/2.4.52 (Ubuntu)', 'content-length': '1421', 'openstack-api-version': 'compute 2.1', 'x-openstack-nova-api-version': '2.1', 'vary': 'OpenStack-API-Version,X-OpenStack-Nova-API-Version', 'x-openstack-request-id': 'req-80359027-8385-424a-9ee4-8dabf00e13dd', 'x-compute-request-id': 'req-80359027-8385-424a-9ee4-8dabf00e13dd', 'connection': 'close', 'content-type': 'application/json', 'status': '200', 'content-location': 'http://[LB_IP_ADDRESS]:8774/v2.1/servers/980d25b7-38e2-4667-aae9-96e11f6ae627'}
        Body: b'{"server": {"id": "980d25b7-38e2-4667-aae9-96e11f6ae627", "name": "tempest-VolumesNegativeTest-instance-975324355", "status": "BUILD", "tenant_id": "e9da9d1226474d58b3e2ca906f3ee4e4", "user_id": "e1b18ed7e870443981800c7e99d9a72f", "metadata": {}, "hostId": "0dff69d366af8aeaab92af9cff4cca244b29abf6ffdf7717bf5357e4", "image": {"id": "b80cfd70-6556-4c17-aed0-61058bd55e62", "links": [{"rel": "bookmark", "href": "http://[LB_IP_ADDRESS]:8774/images/b80cfd70-6556-4c17-aed0-61058bd55e62"}]}, "flavor": {"id": "0", "links": [{"rel": "bookmark", "href": "http://[LB_IP_ADDRESS]:8774/flavors/0"}]}, "created": "2025-01-31T14:44:38Z", "updated": "2025-01-31T14:44:41Z", "addresses": {}, "accessIPv4": "", "accessIPv6": "", "links": [{"rel": "self", "href": "http://[LB_IP_ADDRESS]:8774/v2.1/servers/980d25b7-38e2-4667-aae9-96e11f6ae627"}, {"rel": "bookmark", "href": "http://[LB_IP_ADDRESS]:8774/servers/980d25b7-38e2-4667-aae9-96e11f6ae627"}], "OS-DCF:diskConfig": "MANUAL", "
    progress": 0, "OS-EXT-AZ:availability_zone": "nova", "config_drive": "", "key_name": null, "OS-SRV-USG:launched_at": null, "OS-SRV-USG:terminated_at": null, "OS-EXT-SRV-ATTR:host": "rack04-server60", "OS-EXT-SRV-ATTR:instance_name": "instance-00000031", "OS-EXT-SRV-ATTR:hypervisor_hostname": "rack04-server60", "OS-EXT-STS:task_state": "networking", "OS-EXT-STS:vm_state": "building", "OS-EXT-STS:power_state": 0, "os-extended-volumes:volumes_attached": []}}'
2025-01-31 14:44:42,595 21294 INFO     [tempest.common.waiters] State transition "BUILD/None" ==> "BUILD/networking" after 4 second wait
2025-01-31 14:44:43,676 21294 INFO     [tempest.lib.common.rest_client] Request (VolumesNegativeTest:test_attach_volumes_with_nonexistent_volume_id): 200 GET http://[LB_IP_ADDRESS]:8774/v2.1/servers/980d25b7-38e2-4667-aae9-96e11f6ae627 0.079s
2025-01-31 14:44:43,676 21294 DEBUG    [tempest.lib.common.rest_client] Request - Headers: {'Content-Type': 'application/json', 'Accept': 'application/json', 'X-Auth-Token': '<omitted>'}
        Body: None
    Response - Headers: {'date': 'Fri, 31 Jan 2025 14:44:43 GMT', 'server': 'Apache/2.4.52 (Ubuntu)', 'content-length': '1431', 'openstack-api-version': 'compute 2.1', 'x-openstack-nova-api-version': '2.1', 'vary': 'OpenStack-API-Version,X-OpenStack-Nova-API-Version', 'x-openstack-request-id': 'req-96419330-9d87-4cdf-8b90-dc5544c54757', 'x-compute-request-id': 'req-96419330-9d87-4cdf-8b90-dc5544c54757', 'connection': 'close', 'content-type': 'application/json', 'status': '200', 'content-location': 'http://[LB_IP_ADDRESS]:8774/v2.1/servers/980d25b7-38e2-4667-aae9-96e11f6ae627'}
        Body: b'{"server": {"id": "980d25b7-38e2-4667-aae9-96e11f6ae627", "name": "tempest-VolumesNegativeTest-instance-975324355", "status": "BUILD", "tenant_id": "e9da9d1226474d58b3e2ca906f3ee4e4", "user_id": "e1b18ed7e870443981800c7e99d9a72f", "metadata": {}, "hostId": "0dff69d366af8aeaab92af9cff4cca244b29abf6ffdf7717bf5357e4", "image": {"id": "b80cfd70-6556-4c17-aed0-61058bd55e62", "links": [{"rel": "bookmark", "href": "http://[LB_IP_ADDRESS]:8774/images/b80cfd70-6556-4c17-aed0-61058bd55e62"}]}, "flavor": {"id": "0", "links": [{"rel": "bookmark", "href": "http://[LB_IP_ADDRESS]:8774/flavors/0"}]}, "created": "2025-01-31T14:44:38Z", "updated": "2025-01-31T14:44:43Z", "addresses": {}, "accessIPv4": "", "accessIPv6": "", "links": [{"rel": "self", "href": "http://[LB_IP_ADDRESS]:8774/v2.1/servers/980d25b7-38e2-4667-aae9-96e11f6ae627"}, {"rel": "bookmark", "href": "http://[LB_IP_ADDRESS]:8774/servers/980d25b7-38e2-4667-aae9-96e11f6ae627"}], "OS-DCF:diskConfig": "MANUAL", "progress": 0, "OS-EXT-AZ:availability_zone": "nova", "config_drive": "", "key_name": null, "OS-SRV-USG:launched_at": null, "OS-SRV-USG:terminated_at": null, "OS-EXT-SRV-ATTR:host": "rack04-server60", "OS-EXT-SRV-ATTR:instance_name": "instance-00000031", "OS-EXT-SRV-ATTR:hypervisor_hostname": "rack04-server60", "OS-EXT-STS:task_state": "block_device_mapping", "OS-EXT-STS:vm_state": "building", "OS-EXT-STS:power_state": 0, "os-extended-volumes:volumes_attached": []}}'
2025-01-31 14:44:43,693 21294 INFO     [tempest.common.waiters] State transition "BUILD/networking" ==> "BUILD/block_device_mapping" after 5 second wait
2025-01-31 14:44:44,773 21294 INFO     [tempest.lib.common.rest_client] Request (VolumesNegativeTest:test_attach_volumes_with_nonexistent_volume_id): 200 GET http://[LB_IP_ADDRESS]:8774/v2.1/servers/980d25b7-38e2-4667-aae9-96e11f6ae627 0.078s
2025-01-31 14:44:44,773 21294 DEBUG    [tempest.lib.common.rest_client] Request - Headers: {'Content-Type': 'application/json', 'Accept': 'application/json', 'X-Auth-Token': '<omitted>'}
        Body: None
    Response - Headers: {'date': 'Fri, 31 Jan 2025 14:44:44 GMT', 'server': 'Apache/2.4.52 (Ubuntu)', 'content-length': '1419', 'openstack-api-version': 'compute 2.1', 'x-openstack-nova-api-version': '2.1', 'vary': 'OpenStack-API-Version,X-OpenStack-Nova-API-Version', 'x-openstack-request-id': 'req-0abcd4d7-9414-4688-b13d-3976d3ed916a', 'x-compute-request-id': 'req-0abcd4d7-9414-4688-b13d-3976d3ed916a', 'connection':
     'close', 'content-type': 'application/json', 'status': '200', 'content-location': 'http://[LB_IP_ADDRESS]:8774/v2.1/servers/980d25b7-38e2-4667-aae9-96e11f6ae627'}
        Body: b'{"server": {"id": "980d25b7-38e2-4667-aae9-96e11f6ae627", "name": "tempest-VolumesNegativeTest-instance-975324355", "status": "BUILD", "tenant_id": "e9da9d1226474d58b3e2ca906f3ee4e4", "user_id": "e1b18ed7e870443981800c7e99d9a72f", "metadata": {}, "hostId": "0dff69d366af8aeaab92af9cff4cca244b29abf6ffdf7717bf5357e4", "image": {"id": "b80cfd70-6556-4c17-aed0-61058bd55e62", "links": [{"rel": "bookmark", "href": "http://[LB_IP_ADDRESS]:8774/images/b80cfd70-6556-4c17-aed0-61058bd55e62"}]}, "flavor": {"id": "0", "links": [{"rel": "bookmark", "href": "http://[LB_IP_ADDRESS]:8774/flavors/0"}]}, "created": "2025-01-31T14:44:38Z", "updated": "2025-01-31T14:44:44Z", "addresses": {}, "accessIPv4": "", "accessIPv6": "", "links": [{"rel": "self", "href": "http://[LB_IP_ADDRESS]:8774/v2.1/servers/980d25b7-38e2-4667-aae9-96e11f6ae627"}, {"rel": "bookmark", "href": "http://[LB_IP_ADDRESS]:8774/servers/980d25b7-38e2-4667-aae9-96e11f6ae627"}], "OS-DCF:diskConfig": "MANUAL", "progress": 0, "OS-EXT-AZ:availability_zone": "nova", "config_drive": "", "key_name": null, "OS-SRV-USG:launched_at": null, "OS-SRV-USG:terminated_at": null, "OS-EXT-SRV-ATTR:host": "rack04-server60", "OS-EXT-SRV-ATTR:instance_name": "instance-00000031", "OS-EXT-SRV-ATTR:hypervisor_hostname": "rack04-server60", "OS-EXT-STS:task_state": "spawning", "OS-EXT-STS:vm_state": "building", "OS-EXT-STS:power_state": 0, "os-extended-volumes:volumes_attached": []}}'
2025-01-31 14:44:44,790 21294 INFO     [tempest.common.waiters] State transition "BUILD/block_device_mapping" ==> "BUILD/spawning" after 6 second wait
2025-01-31 14:44:45,870 21294 INFO     [tempest.lib.common.rest_client] Request (VolumesNegativeTest:test_attach_volumes_with_nonexistent_volume_id): 200 GET http://[LB_IP_ADDRESS]:8774/v2.1/servers/980d25b7-38e2-4667-aae9-96e11f6ae627 0.078s
2025-01-31 14:44:45,870 21294 DEBUG    [tempest.lib.common.rest_client] Request - Headers: {'Content-Type': 'application/json', 'Accept': 'application/json', 'X-Auth-Token': '<omitted>'}
        Body: None
    Response - Headers: {'date': 'Fri, 31 Jan 2025 14:44:45 GMT', 'server': 'Apache/2.4.52 (Ubuntu)', 'content-length': '1419', 'openstack-api-version': 'compute 2.1', 'x-openstack-nova-api-version': '2.1', 'vary': 'OpenStack-API-Version,X-OpenStack-Nova-API-Version', 'x-openstack-request-id': 'req-2400fe62-6987-4819-a487-f96e1ea8d55a', 'x-compute-request-id': 'req-2400fe62-6987-4819-a487-f96e1ea8d55a', 'connection': 'close', 'content-type': 'application/json', 'status': '200', 'content-location': 'http://[LB_IP_ADDRESS]:8774/v2.1/servers/980d25b7-38e2-4667-aae9-96e11f6ae627'}
        Body: b'{"server": {"id": "980d25b7-38e2-4667-aae9-96e11f6ae627", "name": "tempest-VolumesNegativeTest-instance-975324355", "status": "BUILD", "tenant_id": "e9da9d1226474d58b3e2ca906f3ee4e4", "user_id": "e1b18ed7e870443981800c7e99d9a72f", "metadata": {}, "hostId": "0dff69d366af8aeaab92af9cff4cca244b29abf6ffdf7717bf5357e4", "image": {"id": "b80cfd70-6556-4c17-aed0-61058bd55e62", "links": [{"rel": "bookmark", "href": "http://[LB_IP_ADDRESS]:8774/images/b80cfd70-6556-4c17-aed0-61058bd55e62"}]}, "flavor": {"id": "0", "links": [{"rel": "bookmark", "href": "http://[LB_IP_ADDRESS]:8774/flavors/0"}]}, "created": "2025-01-31T14:44:38Z", "updated": "2025-01-31T14:44:44Z", "addresses": {}, "accessIPv4": "", "accessIPv6": "", "links": [{"rel": "self", "href": "http://[LB_IP_ADDRESS]:8774/v2.1/servers/980d25b7-38e2-4667-aae9-96e11f6ae627"}, {"rel": "bookmark", "href": "http://[LB_IP_ADDRESS]:8774/servers/980d25b7-38e2-4667-aae9-96e11f6ae627"}], "OS-DCF:diskConfig": "MANUAL", "progress": 0, "OS-EXT-AZ:availability_zone": "nova", "config_drive": "", "key_name": null, "OS-SRV-USG:launched_at": null, "OS-SRV-USG:terminated_at": null, "OS-EXT-SRV-ATTR:host": "rack04-server60", "OS-EXT-SRV-ATTR:instance_name": "instance-00000031", "OS-EXT-SRV-ATTR:hypervisor_hostname": "rack04-server60", "OS-EXT-STS:task_state": "s
    pawning", "OS-EXT-STS:vm_state": "building", "OS-EXT-STS:power_state": 0, "os-extended-volumes:volumes_attached": []}}'
2025-01-31 14:44:46,969 21294 INFO     [tempest.lib.common.rest_client] Request (VolumesNegativeTest:test_attach_volumes_with_nonexistent_volume_id): 200 GET http://[LB_IP_ADDRESS]:8774/v2.1/servers/980d25b7-38e2-4667-aae9-96e11f6ae627 0.080s
2025-01-31 14:44:46,969 21294 DEBUG    [tempest.lib.common.rest_client] Request - Headers: {'Content-Type': 'application/json', 'Accept': 'application/json', 'X-Auth-Token': '<omitted>'}
        Body: None
    Response - Headers: {'date': 'Fri, 31 Jan 2025 14:44:46 GMT', 'server': 'Apache/2.4.52 (Ubuntu)', 'content-length': '1419', 'openstack-api-version': 'compute 2.1', 'x-openstack-nova-api-version': '2.1', 'vary': 'OpenStack-API-Version,X-OpenStack-Nova-API-Version', 'x-openstack-request-id': 'req-1b665db1-b359-445a-a9e9-499819a0b994', 'x-compute-request-id': 'req-1b665db1-b359-445a-a9e9-499819a0b994', 'connection': 'close', 'content-type': 'application/json', 'status': '200', 'content-location': 'http://[LB_IP_ADDRESS]:8774/v2.1/servers/980d25b7-38e2-4667-aae9-96e11f6ae627'}
        Body: b'{"server": {"id": "980d25b7-38e2-4667-aae9-96e11f6ae627", "name": "tempest-VolumesNegativeTest-instance-975324355", "status": "BUILD", "tenant_id": "e9da9d1226474d58b3e2ca906f3ee4e4", "user_id": "e1b18ed7e870443981800c7e99d9a72f", "metadata": {}, "hostId": "0dff69d366af8aeaab92af9cff4cca244b29abf6ffdf7717bf5357e4", "image": {"id": "b80cfd70-6556-4c17-aed0-61058bd55e62", "links": [{"rel": "bookmark", "href": "http://[LB_IP_ADDRESS]:8774/images/b80cfd70-6556-4c17-aed0-61058bd55e62"}]}, "flavor": {"id": "0", "links": [{"rel": "bookmark", "href": "http://[LB_IP_ADDRESS]:8774/flavors/0"}]}, "created": "2025-01-31T14:44:38Z", "updated": "2025-01-31T14:44:46Z", "addresses": {}, "accessIPv4": "", "accessIPv6": "", "links": [{"rel": "self", "href": "http://[LB_IP_ADDRESS]:8774/v2.1/servers/980d25b7-38e2-4667-aae9-96e11f6ae627"}, {"rel": "bookmark", "href": "http://[LB_IP_ADDRESS]:8774/servers/980d25b7-38e2-4667-aae9-96e11f6ae627"}], "OS-DCF:diskConfig": "MANUAL", "progress": 0, "OS-EXT-AZ:availability_zone": "nova", "config_drive": "", "key_name": null, "OS-SRV-USG:launched_at": null, "OS-SRV-USG:terminated_at": null, "OS-EXT-SRV-ATTR:host": "rack04-server60", "OS-EXT-SRV-ATTR:instance_name": "instance-00000031", "OS-EXT-SRV-ATTR:hypervisor_hostname": "rack04-server60", "OS-EXT-STS:task_state": "spawning", "OS-EXT-STS:vm_state": "building", "OS-EXT-STS:power_state": 0, "os-extended-volumes:volumes_attached": []}}'
2025-01-31 14:44:48,066 21294 INFO     [tempest.lib.common.rest_client] Request (VolumesNegativeTest:test_attach_volumes_with_nonexistent_volume_id): 200 GET http://[LB_IP_ADDRESS]:8774/v2.1/servers/980d25b7-38e2-4667-aae9-96e11f6ae627 0.078s
2025-01-31 14:44:48,066 21294 DEBUG    [tempest.lib.common.rest_client] Request - Headers: {'Content-Type': 'application/json', 'Accept': 'application/json', 'X-Auth-Token': '<omitted>'}
        Body: None
    Response - Headers: {'date': 'Fri, 31 Jan 2025 14:44:47 GMT', 'server': 'Apache/2.4.52 (Ubuntu)', 'content-length': '1419', 'openstack-api-version': 'compute 2.1', 'x-openstack-nova-api-version': '2.1', 'vary': 'OpenStack-API-Version,X-OpenStack-Nova-API-Version', 'x-openstack-request-id': 'req-0c80c948-ea23-4d7f-8dc5-ff5308c72961', 'x-compute-request-id': 'req-0c80c948-ea23-4d7f-8dc5-ff5308c72961', 'connection': 'close', 'content-type': 'application/json', 'status': '200', 'content-location': 'http://[LB_IP_ADDRESS]:8774/v2.1/servers/980d25b7-38e2-4667-aae9-96e11f6ae627'}
        Body: b'{"server": {"id": "980d25b7-38e2-4667-aae9-96e11f6ae627", "name": "tempest-VolumesNegativeTest-instance-975324355", "status": "BUILD", "tenant_id": "e9da9d1226474d58b3e2ca906f3ee4e4", "user_id": "e1b18ed7e870443981800c7e99d9a72f", "metadata": {}, "hostId": "0dff69d366af8aeaab92af9cff4cca244b29abf6ffdf7717bf5357e4", "image": {"id": "b80cfd70-6556-4c17-aed0-61058bd55e62", "links": [{"rel": "bookmark", "href": "http://[LB_IP_ADDRESS]:8774/images/b80cfd70-6556-4c17-a
    ed0-61058bd55e62"}]}, "flavor": {"id": "0", "links": [{"rel": "bookmark", "href": "http://[LB_IP_ADDRESS]:8774/flavors/0"}]}, "created": "2025-01-31T14:44:38Z", "updated": "2025-01-31T14:44:46Z", "addresses": {}, "accessIPv4": "", "accessIPv6": "", "links": [{"rel": "self", "href": "http://[LB_IP_ADDRESS]:8774/v2.1/servers/980d25b7-38e2-4667-aae9-96e11f6ae627"}, {"rel": "bookmark", "href": "http://[LB_IP_ADDRESS]:8774/servers/980d25b7-38e2-4667-aae9-96e11f6ae627"}], "OS-DCF:diskConfig": "MANUAL", "progress": 0, "OS-EXT-AZ:availability_zone": "nova", "config_drive": "", "key_name": null, "OS-SRV-USG:launched_at": null, "OS-SRV-USG:terminated_at": null, "OS-EXT-SRV-ATTR:host": "rack04-server60", "OS-EXT-SRV-ATTR:instance_name": "instance-00000031", "OS-EXT-SRV-ATTR:hypervisor_hostname": "rack04-server60", "OS-EXT-STS:task_state": "spawning", "OS-EXT-STS:vm_state": "building", "OS-EXT-STS:power_state": 0, "os-extended-volumes:volumes_attached": []}}'
2025-01-31 14:44:49,183 21294 INFO     [tempest.lib.common.rest_client] Request (VolumesNegativeTest:test_attach_volumes_with_nonexistent_volume_id): 200 GET http://[LB_IP_ADDRESS]:8774/v2.1/servers/980d25b7-38e2-4667-aae9-96e11f6ae627 0.098s
2025-01-31 14:44:49,184 21294 DEBUG    [tempest.lib.common.rest_client] Request - Headers: {'Content-Type': 'application/json', 'Accept': 'application/json', 'X-Auth-Token': '<omitted>'}
        Body: None
    Response - Headers: {'date': 'Fri, 31 Jan 2025 14:44:49 GMT', 'server': 'Apache/2.4.52 (Ubuntu)', 'content-length': '1337', 'openstack-api-version': 'compute 2.1', 'x-openstack-nova-api-version': '2.1', 'vary': 'OpenStack-API-Version,X-OpenStack-Nova-API-Version', 'x-openstack-request-id': 'req-a35d6b9a-f1d0-45dd-841f-02dac411e590', 'x-compute-request-id': 'req-a35d6b9a-f1d0-45dd-841f-02dac411e590', 'connection': 'close', 'content-type': 'application/json', 'status': '200', 'content-location': 'http://[LB_IP_ADDRESS]:8774/v2.1/servers/980d25b7-38e2-4667-aae9-96e11f6ae627'}
        Body: b'{"server": {"id": "980d25b7-38e2-4667-aae9-96e11f6ae627", "name": "tempest-VolumesNegativeTest-instance-975324355", "status": "BUILD", "tenant_id": "e9da9d1226474d58b3e2ca906f3ee4e4", "user_id": "e1b18ed7e870443981800c7e99d9a72f", "metadata": {}, "hostId": "", "image": {"id": "b80cfd70-6556-4c17-aed0-61058bd55e62", "links": [{"rel": "bookmark", "href": "http://[LB_IP_ADDRESS]:8774/images/b80cfd70-6556-4c17-aed0-61058bd55e62"}]}, "flavor": {"id": "0", "links": [{"rel": "bookmark", "href": "http://[LB_IP_ADDRESS]:8774/flavors/0"}]}, "created": "2025-01-31T14:44:38Z", "updated": "2025-01-31T14:44:48Z", "addresses": {}, "accessIPv4": "", "accessIPv6": "", "links": [{"rel": "self", "href": "http://[LB_IP_ADDRESS]:8774/v2.1/servers/980d25b7-38e2-4667-aae9-96e11f6ae627"}, {"rel": "bookmark", "href": "http://[LB_IP_ADDRESS]:8774/servers/980d25b7-38e2-4667-aae9-96e11f6ae627"}], "OS-DCF:diskConfig": "MANUAL", "progress": 0, "OS-EXT-AZ:availability_zone": "nova", "config_drive": "", "key_name": null, "OS-SRV-USG:launched_at": null, "OS-SRV-USG:terminated_at": null, "OS-EXT-SRV-ATTR:host": null, "OS-EXT-SRV-ATTR:instance_name": "instance-00000031", "OS-EXT-SRV-ATTR:hypervisor_hostname": null, "OS-EXT-STS:task_state": "spawning", "OS-EXT-STS:vm_state": "building", "OS-EXT-STS:power_state": 0, "os-extended-volumes:volumes_attached": []}}'
2025-01-31 14:44:50,275 21294 INFO     [tempest.lib.common.rest_client] Request (VolumesNegativeTest:test_attach_volumes_with_nonexistent_volume_id): 200 GET http://[LB_IP_ADDRESS]:8774/v2.1/servers/980d25b7-38e2-4667-aae9-96e11f6ae627 0.073s
2025-01-31 14:44:50,276 21294 DEBUG    [tempest.lib.common.rest_client] Request - Headers: {'Content-Type': 'application/json', 'Accept': 'application/json', 'X-Auth-Token': '<omitted>'}
        Body: None
    Response - Headers: {'date': 'Fri, 31 Jan 2025 14:44:50 GMT', 'server': 'Apache/2.4.52 (Ubuntu)', 'content-length': '1337', 'openstack-api-version': 'compute 2.1', 'x-openstack-nova-api-version': '2.1', 'vary': 'OpenStack-API-Version,X-OpenStack-Nova-API-Version', 'x-openstack-request-id': 'req-824de541-
    6772-4dfc-80f1-1545d8075c08', 'x-compute-request-id': 'req-824de541-6772-4dfc-80f1-1545d8075c08', 'connection': 'close', 'content-type': 'application/json', 'status': '200', 'content-location': 'http://[LB_IP_ADDRESS]:8774/v2.1/servers/980d25b7-38e2-4667-aae9-96e11f6ae627'}
        Body: b'{"server": {"id": "980d25b7-38e2-4667-aae9-96e11f6ae627", "name": "tempest-VolumesNegativeTest-instance-975324355", "status": "BUILD", "tenant_id": "e9da9d1226474d58b3e2ca906f3ee4e4", "user_id": "e1b18ed7e870443981800c7e99d9a72f", "metadata": {}, "hostId": "", "image": {"id": "b80cfd70-6556-4c17-aed0-61058bd55e62", "links": [{"rel": "bookmark", "href": "http://[LB_IP_ADDRESS]:8774/images/b80cfd70-6556-4c17-aed0-61058bd55e62"}]}, "flavor": {"id": "0", "links": [{"rel": "bookmark", "href": "http://[LB_IP_ADDRESS]:8774/flavors/0"}]}, "created": "2025-01-31T14:44:38Z", "updated": "2025-01-31T14:44:48Z", "addresses": {}, "accessIPv4": "", "accessIPv6": "", "links": [{"rel": "self", "href": "http://[LB_IP_ADDRESS]:8774/v2.1/servers/980d25b7-38e2-4667-aae9-96e11f6ae627"}, {"rel": "bookmark", "href": "http://[LB_IP_ADDRESS]:8774/servers/980d25b7-38e2-4667-aae9-96e11f6ae627"}], "OS-DCF:diskConfig": "MANUAL", "progress": 0, "OS-EXT-AZ:availability_zone": "nova", "config_drive": "", "key_name": null, "OS-SRV-USG:launched_at": null, "OS-SRV-USG:terminated_at": null, "OS-EXT-SRV-ATTR:host": null, "OS-EXT-SRV-ATTR:instance_name": "instance-00000031", "OS-EXT-SRV-ATTR:hypervisor_hostname": null, "OS-EXT-STS:task_state": "spawning", "OS-EXT-STS:vm_state": "building", "OS-EXT-STS:power_state": 0, "os-extended-volumes:volumes_attached": []}}'
2025-01-31 14:44:51,386 21294 INFO     [tempest.lib.common.rest_client] Request (VolumesNegativeTest:test_attach_volumes_with_nonexistent_volume_id): 200 GET http://[LB_IP_ADDRESS]:8774/v2.1/servers/980d25b7-38e2-4667-aae9-96e11f6ae627 0.091s
2025-01-31 14:44:51,386 21294 DEBUG    [tempest.lib.common.rest_client] Request - Headers: {'Content-Type': 'application/json', 'Accept': 'application/json', 'X-Auth-Token': '<omitted>'}
        Body: None
    Response - Headers: {'date': 'Fri, 31 Jan 2025 14:44:51 GMT', 'server': 'Apache/2.4.52 (Ubuntu)', 'content-length': '1337', 'openstack-api-version': 'compute 2.1', 'x-openstack-nova-api-version': '2.1', 'vary': 'OpenStack-API-Version,X-OpenStack-Nova-API-Version', 'x-openstack-request-id': 'req-83d8f3ba-1693-471a-9aad-9aac705bc1c7', 'x-compute-request-id': 'req-83d8f3ba-1693-471a-9aad-9aac705bc1c7', 'connection': 'close', 'content-type': 'application/json', 'status': '200', 'content-location': 'http://[LB_IP_ADDRESS]:8774/v2.1/servers/980d25b7-38e2-4667-aae9-96e11f6ae627'}
        Body: b'{"server": {"id": "980d25b7-38e2-4667-aae9-96e11f6ae627", "name": "tempest-VolumesNegativeTest-instance-975324355", "status": "BUILD", "tenant_id": "e9da9d1226474d58b3e2ca906f3ee4e4", "user_id": "e1b18ed7e870443981800c7e99d9a72f", "metadata": {}, "hostId": "", "image": {"id": "b80cfd70-6556-4c17-aed0-61058bd55e62", "links": [{"rel": "bookmark", "href": "http://[LB_IP_ADDRESS]:8774/images/b80cfd70-6556-4c17-aed0-61058bd55e62"}]}, "flavor": {"id": "0", "links": [{"rel": "bookmark", "href": "http://[LB_IP_ADDRESS]:8774/flavors/0"}]}, "created": "2025-01-31T14:44:38Z", "updated": "2025-01-31T14:44:48Z", "addresses": {}, "accessIPv4": "", "accessIPv6": "", "links": [{"rel": "self", "href": "http://[LB_IP_ADDRESS]:8774/v2.1/servers/980d25b7-38e2-4667-aae9-96e11f6ae627"}, {"rel": "bookmark", "href": "http://[LB_IP_ADDRESS]:8774/servers/980d25b7-38e2-4667-aae9-96e11f6ae627"}], "OS-DCF:diskConfig": "MANUAL", "progress": 0, "OS-EXT-AZ:availability_zone": "nova", "config_drive": "", "key_name": null, "OS-SRV-USG:launched_at": null, "OS-SRV-USG:terminated_at": null, "OS-EXT-SRV-ATTR:host": null, "OS-EXT-SRV-ATTR:instance_name": "instance-00000031", "OS-EXT-SRV-ATTR:hypervisor_hostname": null, "OS-EXT-STS:task_state": "spawning", "OS-EXT-STS:vm_state": "building", "OS-EXT-STS:power_state": 0, "os-extended-volumes:volumes_attached": []}}'
2025-01-31 14:44:52,481 21294 INFO     [tempest.lib.common.rest_client] Request (Vol
    umesNegativeTest:test_attach_volumes_with_nonexistent_volume_id): 200 GET http://[LB_IP_ADDRESS]:8774/v2.1/servers/980d25b7-38e2-4667-aae9-96e11f6ae627 0.077s
2025-01-31 14:44:52,482 21294 DEBUG    [tempest.lib.common.rest_client] Request - Headers: {'Content-Type': 'application/json', 'Accept': 'application/json', 'X-Auth-Token': '<omitted>'}
        Body: None
    Response - Headers: {'date': 'Fri, 31 Jan 2025 14:44:52 GMT', 'server': 'Apache/2.4.52 (Ubuntu)', 'content-length': '1337', 'openstack-api-version': 'compute 2.1', 'x-openstack-nova-api-version': '2.1', 'vary': 'OpenStack-API-Version,X-OpenStack-Nova-API-Version', 'x-openstack-request-id': 'req-076a131c-55da-45bf-8d97-11825644a407', 'x-compute-request-id': 'req-076a131c-55da-45bf-8d97-11825644a407', 'connection': 'close', 'content-type': 'application/json', 'status': '200', 'content-location': 'http://[LB_IP_ADDRESS]:8774/v2.1/servers/980d25b7-38e2-4667-aae9-96e11f6ae627'}
        Body: b'{"server": {"id": "980d25b7-38e2-4667-aae9-96e11f6ae627", "name": "tempest-VolumesNegativeTest-instance-975324355", "status": "BUILD", "tenant_id": "e9da9d1226474d58b3e2ca906f3ee4e4", "user_id": "e1b18ed7e870443981800c7e99d9a72f", "metadata": {}, "hostId": "", "image": {"id": "b80cfd70-6556-4c17-aed0-61058bd55e62", "links": [{"rel": "bookmark", "href": "http://[LB_IP_ADDRESS]:8774/images/b80cfd70-6556-4c17-aed0-61058bd55e62"}]}, "flavor": {"id": "0", "links": [{"rel": "bookmark", "href": "http://[LB_IP_ADDRESS]:8774/flavors/0"}]}, "created": "2025-01-31T14:44:38Z", "updated": "2025-01-31T14:44:52Z", "addresses": {}, "accessIPv4": "", "accessIPv6": "", "links": [{"rel": "self", "href": "http://[LB_IP_ADDRESS]:8774/v2.1/servers/980d25b7-38e2-4667-aae9-96e11f6ae627"}, {"rel": "bookmark", "href": "http://[LB_IP_ADDRESS]:8774/servers/980d25b7-38e2-4667-aae9-96e11f6ae627"}], "OS-DCF:diskConfig": "MANUAL", "progress": 0, "OS-EXT-AZ:availability_zone": "nova", "config_drive": "", "key_name": null, "OS-SRV-USG:launched_at": null, "OS-SRV-USG:terminated_at": null, "OS-EXT-SRV-ATTR:host": null, "OS-EXT-SRV-ATTR:instance_name": "instance-00000031", "OS-EXT-SRV-ATTR:hypervisor_hostname": null, "OS-EXT-STS:task_state": "spawning", "OS-EXT-STS:vm_state": "building", "OS-EXT-STS:power_state": 0, "os-extended-volumes:volumes_attached": []}}'
2025-01-31 14:44:53,601 21294 INFO     [tempest.lib.common.rest_client] Request (VolumesNegativeTest:test_attach_volumes_with_nonexistent_volume_id): 200 GET http://[LB_IP_ADDRESS]:8774/v2.1/servers/980d25b7-38e2-4667-aae9-96e11f6ae627 0.101s
2025-01-31 14:44:53,601 21294 DEBUG    [tempest.lib.common.rest_client] Request - Headers: {'Content-Type': 'application/json', 'Accept': 'application/json', 'X-Auth-Token': '<omitted>'}
        Body: None
    Response - Headers: {'date': 'Fri, 31 Jan 2025 14:44:53 GMT', 'server': 'Apache/2.4.52 (Ubuntu)', 'content-length': '4913', 'openstack-api-version': 'compute 2.1', 'x-openstack-nova-api-version': '2.1', 'vary': 'OpenStack-API-Version,X-OpenStack-Nova-API-Version', 'x-openstack-request-id': 'req-7aa53afd-c22a-4757-a2c1-d384cc1d14cd', 'x-compute-request-id': 'req-7aa53afd-c22a-4757-a2c1-d384cc1d14cd', 'connection': 'close', 'content-type': 'application/json', 'status': '200', 'content-location': 'http://[LB_IP_ADDRESS]:8774/v2.1/servers/980d25b7-38e2-4667-aae9-96e11f6ae627'}
        Body: b'{"server": {"id": "980d25b7-38e2-4667-aae9-96e11f6ae627", "name": "tempest-VolumesNegativeTest-instance-975324355", "status": "ERROR", "tenant_id": "e9da9d1226474d58b3e2ca906f3ee4e4", "user_id": "e1b18ed7e870443981800c7e99d9a72f", "metadata": {}, "hostId": "", "image": {"id": "b80cfd70-6556-4c17-aed0-61058bd55e62", "links": [{"rel": "bookmark", "href": "http://[LB_IP_ADDRESS]:8774/images/b80cfd70-6556-4c17-aed0-61058bd55e62"}]}, "flavor": {"id": "0", "links": [{"rel": "bookmark", "href": "http://[LB_IP_ADDRESS]:8774/flavors/0"}]}, "created": "2025-01-31T14:44:38Z", "updated": "2025-01-31T14:44:53Z", "addresses": {}, "accessIPv4": "", "accessIPv6": "", "links": [{"rel": "self", "href": "http://[LB_IP_ADDRESS]:8774/v2.1/servers/980d25b7-38e2-4667-aa
    e9-96e11f6ae627"}, {"rel": "bookmark", "href": "http://[LB_IP_ADDRESS]:8774/servers/980d25b7-38e2-4667-aae9-96e11f6ae627"}], "OS-DCF:diskConfig": "MANUAL", "fault": {"code": 500, "created": "2025-01-31T14:44:52Z", "message": "Build of instance 980d25b7-38e2-4667-aae9-96e11f6ae627 aborted: Image b80cfd70-6556-4c17-aed0-61058bd55e62 is unacceptable: Image not in a supported format", "details": "Traceback (most recent call last):\\n  File \\"/var/lib/kolla/venv/lib/python3.10/site-packages/nova/virt/images.py\\", line 185, in do_image_deep_inspection\\n    inspector = get_image_format(path)\\n  File \\"/var/lib/kolla/venv/lib/python3.10/site-packages/nova/virt/images.py\\", line 151, in get_image_format\\n    if wrapper.formats:\\nAttributeError: \'InspectWrapper\' object has no attribute \'formats\'\\n\\nDuring handling of the above exception, another exception occurred:\\n\\nTraceback (most recent call last):\\n  File \\"/var/lib/kolla/venv/lib/python3.10/site-packages/nova/compute/manager.py\\", line 2648, in _build_and_run_instance\\n    self.driver.spawn(context, instance, image_meta,\\n  File \\"/var/lib/kolla/venv/lib/python3.10/site-packages/nova/virt/libvirt/driver.py\\", line 4791, in spawn\\n    created_instance_dir, created_disks = self._create_image(\\n  File \\"/var/lib/kolla/venv/lib/python3.10/site-packages/nova/virt/libvirt/driver.py\\", line 5202, in _create_image\\n    created_disks = self._create_and_inject_local_root(\\n  File \\"/var/lib/kolla/venv/lib/python3.10/site-packages/nova/virt/libvirt/driver.py\\", line 5331, in _create_and_inject_local_root\\n    self._try_fetch_image_cache(backend, fetch_func, context,\\n  File \\"/var/lib/kolla/venv/lib/python3.10/site-packages/nova/virt/libvirt/driver.py\\", line 11597, in _try_fetch_image_cache\\n    image.cache(fetch_func=fetch_func,\\n  File \\"/var/lib/kolla/venv/lib/python3.10/site-packages/nova/virt/libvirt/imagebackend.py\\", line 304, in cache\\n    self.create_image(\\n  File \\"/var/lib/kolla/venv/lib/python3.10/site-packages/nova/virt/libvirt/imagebackend.py\\", line 682, in create_image\\n    prepare_template(target=base, *args, **kwargs)\\n  File \\"/var/lib/kolla/venv/lib/python3.10/site-packages/oslo_concurrency/lockutils.py\\", line 412, in inner\\n    return f(*args, **kwargs)\\n  File \\"/var/lib/kolla/venv/lib/python3.10/site-packages/nova/virt/libvirt/imagebackend.py\\", line 301, in fetch_func_sync\\n    fetch_func(target=target, *args, **kwargs)\\n  File \\"/var/lib/kolla/venv/lib/python3.10/site-packages/nova/virt/libvirt/utils.py\\", line 495, in fetch_image\\n    images.fetch_to_raw(context, image_id, target, trusted_certs)\\n  File \\"/var/lib/kolla/venv/lib/python3.10/site-packages/nova/virt/images.py\\", line 235, in fetch_to_raw\\n    force_format = do_image_deep_inspection(img, image_href, path_tmp)\\n  File \\"/var/lib/kolla/venv/lib/python3.10/site-packages/nova/virt/images.py\\", line 216, in do_image_deep_inspection\\n    raise exception.ImageUnacceptable(\\nnova.exception.ImageUnacceptable: Image b80cfd70-6556-4c17-aed0-61058bd55e62 is unacceptable: Image not in a supported format\\n\\nDuring handling of the above exception, another exception occurred:\\n\\nTraceback (most recent call last):\\n  File \\"/var/lib/kolla/venv/lib/python3.10/site-packages/nova/compute/manager.py\\", line 
2025-01-31 14:44:53,618 21294 INFO     [tempest.common.waiters] State transition "BUILD/spawning" ==> "ERROR/None" after 15 second wait
2025-01-31 14:44:53,975 21294 INFO     [tempest.lib.common.rest_client] Request (VolumesNegativeTest:test_attach_volumes_with_nonexistent_volume_id): 204 DELETE http://[LB_IP_ADDRESS]:8774/v2.1/servers/980d25b7-38e2-4667-aae9-96e11f6ae627 0.356s
2025-01-31 14:44:53,976 21294 DEBUG    [tempest.lib.common.rest_client] Request - Headers: {'Content-Type': 'application/json', 'Accept': 'application/json', 'X-Auth-Token': '<omitted>'}
        Body: None
    Response - Headers: {'date': 'Fri, 31 Jan 2025 14:44:53 GMT', 'server': 'Apache/2.4.52 (Ubuntu)', 'openstack-api-version': 'compute 2.1', 'x-openstack-nova-api-ve
    rsion': '2.1', 'vary': 'OpenStack-API-Version,X-OpenStack-Nova-API-Version', 'x-openstack-request-id': 'req-685d968e-03d0-4dc7-a3a7-aa50fbbf10b4', 'x-compute-request-id': 'req-685d968e-03d0-4dc7-a3a7-aa50fbbf10b4', 'connection': 'close', 'status': '204', 'content-location': 'http://[LB_IP_ADDRESS]:8774/v2.1/servers/980d25b7-38e2-4667-aae9-96e11f6ae627'}
        Body: b''
2025-01-31 14:44:54,007 21294 INFO     [tempest.lib.common.rest_client] Request (VolumesNegativeTest:test_attach_volumes_with_nonexistent_volume_id): 404 GET http://[LB_IP_ADDRESS]:8774/v2.1/servers/980d25b7-38e2-4667-aae9-96e11f6ae627 0.031s
2025-01-31 14:44:54,008 21294 DEBUG    [tempest.lib.common.rest_client] Request - Headers: {'Content-Type': 'application/json', 'Accept': 'application/json', 'X-Auth-Token': '<omitted>'}
        Body: None
    Response - Headers: {'date': 'Fri, 31 Jan 2025 14:44:53 GMT', 'server': 'Apache/2.4.52 (Ubuntu)', 'content-length': '111', 'openstack-api-version': 'compute 2.1', 'x-openstack-nova-api-version': '2.1', 'vary': 'OpenStack-API-Version,X-OpenStack-Nova-API-Version', 'x-openstack-request-id': 'req-bdca3f73-e9f7-444b-a3f1-29e102f75ba5', 'x-compute-request-id': 'req-bdca3f73-e9f7-444b-a3f1-29e102f75ba5', 'connection': 'close', 'content-type': 'application/json; charset=UTF-8', 'status': '404', 'content-location': 'http://[LB_IP_ADDRESS]:8774/v2.1/servers/980d25b7-38e2-4667-aae9-96e11f6ae627'}
        Body: b'{"itemNotFound": {"code": 404, "message": "Instance 980d25b7-38e2-4667-aae9-96e11f6ae627 could not be found."}}'



======
Totals
======
Ran: 204 tests in 187.8015 sec.
 - Passed: 193
 - Skipped: 10
 - Expected Fail: 0
 - Unexpected Success: 0
 - Failed: 1
Sum of execute time for each test: 294.4072 sec.

==============
Worker Balance
==============
 - Worker 0 (58 tests) => 0:02:51.953218
 - Worker 1 (70 tests) => 0:03:07.801540
 - Worker 2 (76 tests) => 0:03:06.923848
